            pdb_name        expmean_best             sp_best          sp_default             sp_diff                nres
              132L_A               6.000              -0.571              -0.562               0.009                 124
              13PK_A               5.800              -0.583              -0.571               0.012                 415
              1A26_A               4.200              -0.696              -0.685               0.010                 351
              1A2T_A              23.000              -0.720              -0.680               0.040                 134
              1A4L_A               4.000              -0.574              -0.560               0.014                 348
              1A65_A               4.000              -0.747              -0.737               0.010                 504
              1A8H_A               5.200              -0.692              -0.678               0.014                 500
              1A8S_A              48.600              -0.611              -0.602               0.008                 273
              1AF7_A               6.800              -0.814              -0.801               0.014                 274
              1AGM_A               5.000              -0.771              -0.769               0.003                 470
              1AGY_A              28.000              -0.831              -0.817               0.014                 197
              1AH7_A               5.800              -0.853              -0.851               0.003                 245
              1AJ0_A               5.000              -0.600              -0.604              -0.005                 282
              1AK0_A               8.000              -0.703              -0.695               0.009                 264
              1AKO_A               5.400              -0.822              -0.813               0.010                 268
              1AMY_A               8.400              -0.578              -0.579              -0.001                 403
              1AQ2_A               4.800              -0.792              -0.782               0.011                 534
              1AQL_A               5.600              -0.554              -0.550               0.004                 532
              1AST_A               6.400              -0.487              -0.479               0.009                 200
              1B04_A               4.200              -0.581              -0.573               0.008                 310
              1B2R_A               3.800              -0.779              -0.768               0.011                 295
              1BBS_A               6.200              -0.494              -0.480               0.013                 330
              1BF2_A               9.400              -0.836              -0.841              -0.005                 750
              1BG0_A              13.600              -0.769              -0.742               0.027                 356
              1BH2_A               5.200              -0.711              -0.714              -0.003                 315
              1BOL_A               6.600              -0.651              -0.638               0.013                 222
              1BP2_A               5.200              -0.652              -0.644               0.008                 123
              1BQC_A              42.600              -0.778              -0.741               0.037                 302
              1BS0_A               3.000              -0.553              -0.524               0.029                 383
              1BS4_A              14.400              -0.737              -0.732               0.004                 168
              1BS9_A               2.800              -0.786              -0.755               0.031                 207
              1BT1_A               4.600              -0.674              -0.674               0.000                 336
              1BU7_A               4.600              -0.625              -0.612               0.013                 455
              1BVV_A               5.400              -0.800              -0.791               0.009                 185
              1BVZ_A               9.200              -0.675              -0.667               0.008                 585
              1BWL_A               5.200              -0.658              -0.648               0.009                 399
              1BWZ_A               2.000              -0.512              -0.391               0.121                 274
              1BYA_A               3.800              -0.607              -0.593               0.014                 491
              1BZC_A               4.400              -0.669              -0.657               0.013                 297
              1C82_A              12.200              -0.803              -0.785               0.018                 719
              1CA2_A              49.400              -0.864              -0.839               0.025                 256
              1CB8_A              11.600              -0.819              -0.801               0.018                 674
              1CBX_A              36.200              -0.419              -0.409               0.009                 307
              1CDG_A               5.600              -0.694              -0.694               0.000                 686
              1CEL_A               6.000              -0.685              -0.677               0.008                 433
              1CHD_A               3.800              -0.764              -0.755               0.009                 198
              1CHK_B               5.400              -0.415              -0.411               0.003                 238
              1CM0_A               9.600              -0.815              -0.816              -0.002                 162
              1CNS_A               4.400              -0.755              -0.752               0.003                 243
              1COY_A               3.800              -0.746              -0.743               0.003                 501
              1CQQ_A               2.600              -0.636              -0.623               0.012                 180
              1CVR_A               5.600              -0.881              -0.879               0.002                 432
              1CWY_A               4.400              -0.748              -0.724               0.024                 500
              1CZ1_A               4.800              -0.864              -0.858               0.007                 394
              1CZF_A               7.400              -0.715              -0.707               0.008                 335
              1D1Q_A               6.000              -0.751              -0.745               0.006                 159
              1D4C_A              12.600              -0.761              -0.743               0.018                 570
              1D6O_A               2.800              -0.646              -0.628               0.018                 107
              1DDJ_A               5.600              -0.640              -0.633               0.007                 247
              1DGK_N               6.800              -0.775              -0.740               0.035                 898
              1DGS_A               7.400              -0.534              -0.521               0.012                 581
              1DIN_A              27.400              -0.705              -0.694               0.011                 232
              1DNP_A              10.400              -0.745              -0.742               0.003                 469
              1DVE_A              27.200              -0.518              -0.477               0.041                 214
              1E0C_A               4.600              -0.669              -0.662               0.007                 270
              1E1A_A               3.600              -0.866              -0.863               0.002                 312
              1E6E_A               4.000              -0.695              -0.661               0.033                 457
              1EB6_A              18.800              -0.778              -0.747               0.032                 177
              1EH5_A              49.200              -0.812              -0.770               0.042                 279
              1EUG_A               5.000              -0.641              -0.634               0.007                 225
              1EUU_A               4.000              -0.515              -0.458               0.057                 601
              1EX1_A               3.600              -0.703              -0.669               0.034                 602
              1EXN_A               2.200              -0.373              -0.303               0.070                 267
              1EXP_A              19.200              -0.723              -0.705               0.018                 312
              1EYP_A               2.400              -0.457              -0.435               0.022                 212
              1FF3_A               5.000              -0.656              -0.641               0.015                 210
              1FGH_A               6.600              -0.834              -0.840              -0.006                 753
              1FHL_A               8.200              -0.521              -0.518               0.004                 334
              1FOA_A               5.800              -0.670              -0.669               0.001                 342
              1G24_A              11.600              -0.594              -0.567               0.027                 210
              1G6T_A              12.400              -0.751              -0.716               0.035                 427
              1G8O_A               3.400              -0.629              -0.616               0.013                 287
              1GA8_A              20.600              -0.804              -0.756               0.048                 271
              1GAL_A              35.200              -0.746              -0.713               0.033                 581
              1GCU_A               9.600              -0.814              -0.798               0.016                 292
              1GOG_A               6.600              -0.736              -0.739              -0.003                 639
              1GP5_A               6.000              -0.775              -0.782              -0.007                 346
              1GQ8_A               3.800              -0.777              -0.765               0.012                 318
              1H19_A               4.400              -0.688              -0.674               0.014                 610
              1H3I_A               3.800              -0.598              -0.567               0.031                 293
              1HKA_A               8.600              -0.645              -0.639               0.007                 158
              1HPL_A              12.200              -0.814              -0.778               0.036                 449
              1HPM_A              13.000              -0.828              -0.814               0.014                 378
              1HQC_A               6.600              -0.366              -0.372              -0.006                 314
              1I1E_A               4.200              -0.711              -0.619               0.092                1287
              1I1I_P               5.800              -0.682              -0.677               0.005                 665
              1I9A_A               2.400              -0.314              -0.297               0.017                 175
              1IDJ_A               6.200              -0.738              -0.731               0.007                 359
              1IG8_A               3.800              -0.627              -0.601               0.026                 469
              1IM5_A               4.800              -0.699              -0.683               0.016                 179
              1INP_A               9.800              -0.809              -0.814              -0.005                 400
              1IU4_A               5.200              -0.687              -0.683               0.004                 331
              1J00_A              45.600              -0.580              -0.544               0.035                 176
              1J09_A               7.800              -0.596              -0.591               0.005                 468
              1JH6_A               3.400              -0.546              -0.544               0.003                 181
              1JMS_A               4.600              -0.660              -0.658               0.002                 360
              1JOA_A              41.600              -0.443              -0.395               0.049                 446
              1JS4_A               5.000              -0.633              -0.616               0.017                 605
              1K30_A               4.800              -0.716              -0.719              -0.003                 363
              1KL7_A              12.000              -0.582              -0.576               0.006                 503
              1KNP_A              48.200              -0.653              -0.627               0.026                 529
              1L1D_A               3.600              -0.777              -0.774               0.003                 142
              1L1L_A               4.400              -0.694              -0.698              -0.004                 717
              1L6P_A               5.200              -0.633              -0.621               0.012                 121
              1L7N_A               2.600              -0.552              -0.500               0.053                 207
              1L7Q_A               8.400              -0.740              -0.737               0.003                 571
              1L8T_A               6.800              -0.636              -0.631               0.005                 263
              1L9X_A               3.800              -0.756              -0.751               0.005                 288
              1LBA_A              31.600              -0.675              -0.669               0.006                 146
              1LDM_A              49.000              -0.681              -0.667               0.014                 329
              1LJL_A               8.800              -0.770              -0.741               0.029                 130
              1LVH_A               8.600              -0.755              -0.743               0.012                 220
              1M53_A               4.600              -0.570              -0.559               0.010                 556
              1MBB_A               5.800              -0.734              -0.733               0.001                 340
              1MJ9_A              10.600              -0.798              -0.764               0.035                 273
              1MLA_A              10.000              -0.680              -0.681               0.000                 305
              1MRQ_A               3.000              -0.670              -0.660               0.009                 323
              1MUD_A               2.800              -0.472              -0.405               0.066                 225
              1MUG_A              11.200              -0.401              -0.390               0.012                 165
              1NDH_A               6.000              -0.625              -0.610               0.015                 270
              1NDI_A               6.200              -0.536              -0.543              -0.007                 596
              1NLU_A               6.000              -0.784              -0.778               0.006                 368
              1O8A_A               7.800              -0.621              -0.618               0.003                 574
              1O98_A               4.000              -0.661              -0.660               0.002                 509
              1OG1_A               3.600              -0.579              -0.560               0.018                 223
              1OGO_X               6.800              -0.747              -0.738               0.009                 572
              1OJ4_A               4.000              -0.771              -0.765               0.006                 277
              1ONR_A              30.800              -0.741              -0.710               0.031                 316
              1OPM_A               4.800              -0.669              -0.665               0.004                 310
              1OXA_A               7.800              -0.808              -0.807               0.001                 403
              1OYG_A               1.800              -0.572              -0.470               0.102                 440
              1P1X_A               7.600              -0.798              -0.784               0.014                 250
              1P3D_A               9.000              -0.512              -0.503               0.009                 449
              1P5D_X               3.000              -0.669              -0.613               0.057                 454
              1PA9_A               5.000              -0.862              -0.862               0.000                 279
              1PII_A               4.400              -0.550              -0.540               0.010                 452
              1PKN_A              36.000              -0.244              -0.227               0.017                 514
              1PMI_A               5.000              -0.716              -0.695               0.021                 440
              1PP4_A               4.400              -0.782              -0.778               0.004                 233
              1PS9_A              10.600              -0.759              -0.736               0.022                 671
              1PTD_A              10.600              -0.697              -0.688               0.009                 296
              1PUD_A               2.600              -0.495              -0.428               0.067                 372
              1PYL_A               6.600              -0.800              -0.802              -0.002                  95
              1Q91_A              25.000              -0.729              -0.691               0.037                 194
              1QAM_A               5.600              -0.726              -0.730              -0.004                 235
              1QAZ_A               4.000              -0.811              -0.808               0.003                 351
              1QBA_A               5.800              -0.771              -0.777              -0.006                 858
              1QFM_A               4.000              -0.781              -0.750               0.031                 705
              1QGX_A               7.000              -0.844              -0.843               0.002                 354
              1QJE_A               4.400              -0.709              -0.698               0.010                 327
              1QK2_A               4.800              -0.713              -0.707               0.006                 363
              1QWN_A               6.400              -0.903              -0.908              -0.005                1014
              1R1J_A               8.600              -0.743              -0.764              -0.021                 696
              1R44_A               7.600              -0.748              -0.745               0.003                 202
              1R4Z_A               2.800              -0.695              -0.682               0.012                 179
              1RBN_A               7.200              -0.780              -0.762               0.018                 124
              1RDD_A              34.400              -0.479              -0.457               0.022                 155
              1RU4_A               8.200              -0.800              -0.785               0.014                 400
              1S3I_A              13.600              -0.714              -0.668               0.046                 307
              1S95_A               3.600              -0.251              -0.238               0.013                 324
              1SCA_A               5.200              -0.693              -0.686               0.007                 274
              1SLL_A               5.400              -0.758              -0.742               0.016                 679
              1SML_A              49.600              -0.690              -0.668               0.021                 266
              1SNZ_A               5.200              -0.705              -0.703               0.002                 344
              1TAH_B               8.600              -0.335              -0.336              -0.001                 318
              1TLP_E               4.600              -0.550              -0.545               0.005                 316
              1U3F_A              34.200              -0.700              -0.622               0.078                 164
              1U5U_A              49.600              -0.618              -0.623              -0.005                 366
              1UAS_A               8.200              -0.816              -0.810               0.006                 362
              1UN1_A               5.800              -0.760              -0.758               0.002                 267
              1VID_A              23.200              -0.694              -0.667               0.028                 213
              1VLB_A               7.000              -0.838              -0.842              -0.003                 907
              1VNC_A               9.200              -0.664              -0.668              -0.004                 576
              1VQ1_A               5.400              -0.266              -0.249               0.017                 263
              1W0H_A               2.800              -0.461              -0.428               0.033                 194
              1XQW_A              14.600              -0.795              -0.783               0.013                 290
              1Y9M_A               6.000              -0.714              -0.711               0.003                 517
              1YON_A               4.800              -0.510              -0.487               0.023                 292
              1YSC_A               2.000              -0.445              -0.404               0.042                 421
              1ZE1_A              49.600              -0.348              -0.338               0.010                 308
              1ZIO_A               4.400              -0.686              -0.685               0.001                 217
              206L_A               7.600              -0.458              -0.438               0.020                 162
              2A0N_A               2.400              -0.386              -0.345               0.041                 251
              2ABK_A              10.000              -0.588              -0.581               0.007                 211
              2ACY_A               5.200              -0.592              -0.561               0.030                  98
              2AYH_A               9.800              -0.720              -0.707               0.013                 214
              2CPO_A               6.400              -0.828              -0.831              -0.003                 298
              2CPU_A               6.800              -0.553              -0.555              -0.002                 495
              2DLN_A              38.600              -0.812              -0.746               0.065                 306
              2EBN_A               5.600              -0.819              -0.822              -0.003                 285
              2ENG_A               4.000              -0.825              -0.816               0.009                 205
              2F61_A               3.600              -0.443              -0.427               0.016                 497
              2F9R_A               3.400              -0.743              -0.733               0.010                 285
              2NLR_A              28.200              -0.765              -0.729               0.036                 222
              2NMT_A              44.600              -0.468              -0.437               0.031                 422
              2PEC_A               3.800              -0.768              -0.767               0.001                 352
              2PIA_A               6.200              -0.629              -0.639              -0.010                 321
              2PTH_A               6.200              -0.850              -0.843               0.008                 193
              2SQC_A              49.400              -0.752              -0.726               0.026                 623
              2THI_A               4.000              -0.640              -0.625               0.016                 362
              2TPS_A               4.200              -0.757              -0.752               0.005                 226
              5EAT_A               6.800              -0.646              -0.654              -0.007                 532
              7ATJ_A              15.200              -0.611              -0.596               0.015                 305
