                 pdb     free_param_best         sp_cor_best                nres
              132L_A               4.000              -0.595                 124
              13PK_A              13.000              -0.593                 415
              1A26_A               3.800              -0.583                 351
              1A2T_A               2.400              -0.549                 134
              1A4L_A               3.000              -0.619                 348
              1A65_A               3.400              -0.548                 504
              1A8H_A               4.400              -0.321                 500
              1A8S_A               2.200              -0.444                 273
              1AF7_A               6.200              -0.662                 274
              1AGM_A               1.800              -0.407                 470
              1AGY_A               1.600              -0.557                 197
              1AH7_A               3.000              -0.492                 245
              1AJ0_A              24.000              -0.567                 282
              1AK0_A               3.200              -0.642                 264
              1AKO_A               3.200              -0.478                 268
              1AMY_A               4.800              -0.481                 403
              1AQ2_A              10.200              -0.644                 534
              1AQL_A               2.600              -0.532                 532
              1AST_A               4.600              -0.613                 200
              1B04_A               2.600              -0.470                 310
              1B2R_A               6.000              -0.491                 295
              1BBS_A               2.800              -0.644                 331
              1BF2_A              15.600              -0.433                 750
              1BG0_A               4.600              -0.610                 356
              1BH2_A              10.400              -0.616                 315
              1BOL_A               2.400              -0.533                 222
              1BP2_A               4.600              -0.652                 123
              1BQC_A              12.800              -0.552                 302
              1BS0_A               2.800              -0.500                 383
              1BS4_A               1.800              -0.561                 168
              1BS9_A               3.000              -0.449                 207
              1BT1_A               3.000              -0.544                 336
              1BU7_A               2.800              -0.401                 455
              1BVV_A               4.200              -0.449                 185
              1BVZ_A               3.400              -0.526                 585
              1BWL_A               3.800              -0.490                 399
              1BWZ_A              17.600              -0.613                 274
              1BYA_A               2.400              -0.566                 491
              1BZC_A               6.000              -0.656                 297
              1C82_A               2.600              -0.480                 719
              1CA2_A               2.400              -0.696                 256
              1CB8_A               2.800              -0.569                 674
              1CBX_A               1.600              -0.573                 307
              1CDG_A               2.800              -0.364                 686
              1CEL_A               2.600              -0.617                 433
              1CHD_A               1.800              -0.539                 198
              1CHK_B               3.600              -0.466                 238
              1CM0_A              15.000              -0.446                 162
              1CNS_A               2.200              -0.616                 243
              1COY_A               3.800              -0.498                 501
              1CQQ_A              29.600              -0.425                 180
              1CVR_A               3.200              -0.400                 432
              1CWY_A               5.800              -0.637                 500
              1CZ1_A               3.800              -0.614                 394
              1CZF_A               1.800              -0.528                 335
              1D1Q_A               2.800              -0.591                 159
              1D4C_A               2.400              -0.505                 570
              1D6O_A               2.800              -0.504                 107
              1DDJ_A               3.400              -0.665                 247
              1DGK_N               3.400              -0.574                 898
              1DGS_A               4.200              -0.463                 581
              1DIN_A               2.000              -0.568                 232
              1DNP_A               3.800              -0.614                 469
              1DVE_A               4.200              -0.590                 214
              1E0C_A               2.000              -0.550                 270
              1E1A_A              14.200              -0.382                 312
              1E6E_A               7.200              -0.681                 457
              1EB6_A               3.400              -0.514                 177
              1EH5_A               3.600              -0.575                 279
              1EUG_A               3.000              -0.677                 225
              1EUU_A               2.000              -0.215                 601
              1EX1_A               3.800              -0.486                 602
              1EXN_A               6.200              -0.358                 267
              1EXP_A              10.800              -0.603                 312
              1EYP_A               5.000              -0.307                 212
              1FF3_A               2.600              -0.504                 210
              1FGH_A               6.400              -0.671                 753
              1FHL_A               6.400              -0.534                 334
              1FOA_A               6.200              -0.662                 342
              1G24_A               9.600              -0.447                 210
              1G6T_A               5.800              -0.663                 427
              1G8O_A               2.200              -0.547                 287
              1GA8_A              49.200              -0.607                 271
              1GAL_A               4.400              -0.496                 581
              1GCU_A               3.000              -0.416                 292
              1GOG_A               2.000              -0.418                 639
              1GP5_A               1.800              -0.546                 346
              1GQ8_A               2.200              -0.586                 318
              1H19_A               3.200              -0.659                 610
              1H3I_A               3.400              -0.288                 293
              1HKA_A              49.600              -0.523                 158
              1HPL_A               2.000              -0.651                 449
              1HPM_A              34.200              -0.610                 378
              1HQC_A               7.800              -0.404                 314
              1I1E_A               2.200              -0.394                1287
              1I1I_P              49.800              -0.439                 665
              1I9A_A               4.200              -0.595                 175
              1IDJ_A               2.600              -0.584                 359
              1IG8_A               6.200              -0.637                 469
              1IM5_A               2.200              -0.658                 179
              1INP_A              45.200              -0.463                 400
              1IU4_A               2.200              -0.349                 331
              1J00_A              48.200              -0.549                 176
              1J09_A               8.800              -0.566                 468
              1JH6_A               2.400              -0.502                 181
              1JMS_A               5.000              -0.544                 360
              1JOA_A               4.400              -0.498                 446
              1JS4_A               3.000              -0.604                 605
              1K30_A              49.200              -0.502                 363
              1KL7_A              42.000              -0.709                 503
              1KNP_A               2.600              -0.606                 529
              1L1D_A               2.200              -0.630                 142
              1L1L_A               8.600              -0.511                 717
              1L6P_A               3.000              -0.501                 121
              1L7N_A               1.600              -0.626                 207
              1L7Q_A               2.200              -0.337                 571
              1L8T_A               7.200              -0.584                 263
              1L9X_A              16.200              -0.614                 288
              1LBA_A              11.000              -0.631                 146
              1LDM_A              11.800              -0.538                 329
              1LJL_A               1.400              -0.641                 130
              1LVH_A               5.800              -0.634                 220
              1M53_A               3.600              -0.617                 556
              1MBB_A               7.800              -0.693                 340
              1MJ9_A              21.000              -0.616                 273
              1MLA_A               5.000              -0.616                 305
              1MRQ_A               3.400              -0.514                 323
              1MUD_A               7.800              -0.543                 225
              1MUG_A               2.600              -0.561                 165
              1NDH_A               5.000              -0.505                 270
              1NDI_A               2.600              -0.604                 596
              1NLU_A               4.200              -0.584                 368
              1O8A_A               2.200              -0.560                 574
              1O98_A              14.200              -0.701                 509
              1OG1_A               1.600              -0.581                 223
              1OGO_X               9.000              -0.123                 572
              1OJ4_A               4.000              -0.704                 277
              1ONR_A              12.200              -0.792                 316
              1OPM_A               2.600              -0.434                 310
              1OXA_A               2.600              -0.336                 403
              1OYG_A               5.400              -0.490                 440
              1P1X_A              21.400              -0.617                 250
              1P3D_A               3.600              -0.639                 449
              1P5D_X               5.000              -0.633                 454
              1PA9_A              13.600              -0.559                 279
              1PII_A               2.800              -0.695                 452
              1PKN_A              12.000              -0.517                 514
              1PMI_A              15.400              -0.638                 440
              1PP4_A               2.200              -0.500                 233
              1PS9_A               4.000              -0.619                 671
              1PTD_A               8.400              -0.621                 296
              1PUD_A               4.200              -0.531                 372
              1PYL_A               2.200              -0.480                  95
              1Q91_A              10.000              -0.499                 194
              1QAM_A               7.000              -0.423                 235
              1QAZ_A               0.800              -0.113                 351
              1QBA_A               3.200              -0.500                 858
              1QFM_A               2.200              -0.576                 705
              1QGX_A               7.600              -0.571                 354
              1QJE_A               2.600              -0.353                 327
              1QK2_A               6.600              -0.565                 363
              1QWN_A               4.000              -0.542                1014
              1R1J_A               2.200              -0.529                 696
              1R44_A               3.600              -0.688                 202
              1R4Z_A               3.800              -0.573                 179
              1RBN_A               2.200              -0.632                 124
              1RDD_A               1.600              -0.511                 155
              1RU4_A               2.200              -0.377                 400
              1S3I_A              12.800              -0.521                 307
              1S95_A               3.800              -0.633                 324
              1SCA_A               2.400              -0.712                 274
              1SLL_A               1.600              -0.278                 679
              1SML_A               2.400              -0.406                 266
              1SNZ_A               2.200              -0.562                 344
              1TAH_B               4.600              -0.529                 318
              1TLP_E               5.000              -0.598                 316
              1U3F_A               8.200              -0.534                 164
              1U5U_A              46.600              -0.120                 366
              1UAS_A               7.800              -0.604                 362
              1UN1_A               2.400              -0.540                 267
              1VID_A               2.600              -0.498                 213
              1VLB_A               1.400              -0.397                 907
              1VNC_A               2.600              -0.281                 576
              1VQ1_A               5.600              -0.663                 263
              1W0H_A               3.600              -0.592                 194
              1XQW_A               2.200              -0.503                 290
              1Y9M_A               7.600              -0.604                 517
              1YON_A               5.400              -0.555                 292
              1YSC_A               3.000              -0.627                 421
              1ZE1_A               8.000              -0.489                 308
              1ZIO_A               2.800              -0.661                 217
              206L_A               3.600              -0.490                 162
              2A0N_A              46.400              -0.604                 251
              2ABK_A              10.600              -0.561                 211
              2ACY_A               2.400              -0.481                  98
              2AYH_A               3.800              -0.501                 214
              2CPO_A               3.000              -0.206                 298
              2CPU_A               3.000              -0.588                 495
              2DLN_A               8.600              -0.698                 306
              2EBN_A              50.000              -0.425                 285
              2ENG_A               2.200              -0.535                 205
              2F61_A               3.800              -0.509                 497
              2F9R_A              49.800              -0.398                 285
              2NLR_A               4.600              -0.345                 222
              2NMT_A               3.400              -0.513                 422
              2PEC_A               4.400              -0.457                 352
              2PIA_A               2.800              -0.647                 321
              2PTH_A               6.400              -0.482                 193
              2SQC_A               2.000              -0.559                 623
              2THI_A               1.800              -0.189                 362
              2TPS_A              49.800              -0.656                 226
              5EAT_A               1.400              -0.383                 532
              7ATJ_A               2.400              -0.686                 305
