                 pdb     free_param_best         sp_cor_best                nres
              132L_A              -2.100              -0.531                 124
              13PK_A              -0.700              -0.565                 415
              1A26_A              -2.500              -0.499                 351
              1A2T_A              -2.800              -0.399                 134
              1A4L_A              -1.800              -0.496                 348
              1A65_A              -2.600              -0.493                 504
              1A8H_A              -2.500              -0.256                 500
              1A8S_A              -2.300              -0.422                 273
              1AF7_A              -1.900              -0.612                 274
              1AGM_A              -3.200              -0.284                 470
              1AGY_A              -3.400              -0.478                 197
              1AH7_A              -2.300              -0.450                 245
              1AJ0_A              -1.000              -0.492                 282
              1AK0_A              -2.400              -0.541                 264
              1AKO_A              -2.600              -0.434                 268
              1AMY_A              -2.300              -0.422                 403
              1AQ2_A              -0.900              -0.596                 534
              1AQL_A              -2.500              -0.474                 532
              1AST_A              -2.400              -0.527                 200
              1B04_A              -2.700              -0.418                 310
              1B2R_A              -1.600              -0.441                 295
              1BBS_A              -2.700              -0.553                 331
              1BF2_A              -1.600              -0.410                 750
              1BG0_A              -2.600              -0.593                 356
              1BH2_A              -0.200              -0.558                 315
              1BOL_A              -2.300              -0.386                 222
              1BP2_A              -1.900              -0.540                 123
              1BQC_A              -1.300              -0.505                 302
              1BS0_A              -2.800              -0.460                 383
              1BS4_A              -0.600              -0.539                 168
              1BS9_A              -2.400              -0.402                 207
              1BT1_A              -1.900              -0.437                 336
              1BU7_A              -2.900              -0.302                 455
              1BVV_A              30.000               0.360                 185
              1BVZ_A              -2.500              -0.455                 585
              1BWL_A              -2.400              -0.460                 399
              1BWZ_A              -0.200              -0.559                 274
              1BYA_A              -2.500              -0.428                 491
              1BZC_A              -1.000              -0.609                 297
              1C82_A              -3.000              -0.437                 719
              1CA2_A              -1.300              -0.552                 256
              1CB8_A              -2.700              -0.515                 674
              1CBX_A              -3.000              -0.494                 307
              1CDG_A              -3.500              -0.295                 686
              1CEL_A              -3.100              -0.535                 433
              1CHD_A              -3.400              -0.418                 198
              1CHK_B              -2.400              -0.333                 238
              1CM0_A               0.600               0.347                 162
              1CNS_A              -3.100              -0.504                 243
              1COY_A              -2.400              -0.462                 501
              1CQQ_A              30.000               0.370                 180
              1CVR_A              -3.000              -0.374                 432
              1CWY_A              -1.900              -0.574                 500
              1CZ1_A              -1.100              -0.566                 394
              1CZF_A              -3.100              -0.374                 335
              1D1Q_A              -1.400              -0.534                 159
              1D4C_A              -3.300              -0.449                 570
              1D6O_A              -1.700              -0.301                 107
              1DDJ_A              -2.300              -0.621                 247
              1DGK_N              -2.700              -0.471                 898
              1DGS_A              -1.800              -0.385                 581
              1DIN_A              -2.300              -0.551                 232
              1DNP_A              -2.500              -0.544                 469
              1DVE_A              -2.200              -0.487                 214
              1E0C_A              -3.100              -0.482                 270
              1E1A_A              -1.100              -0.333                 312
              1E6E_A              -1.700              -0.647                 457
              1EB6_A              -1.300              -0.375                 177
              1EH5_A              -2.300              -0.540                 279
              1EUG_A              -2.300              -0.607                 225
              1EUU_A              -3.500              -0.120                 601
              1EX1_A              -3.200              -0.454                 602
              1EXN_A              -1.300              -0.310                 267
              1EXP_A              -0.600              -0.516                 312
              1EYP_A              30.000               0.250                 212
              1FF3_A              -2.400              -0.458                 210
              1FGH_A              -1.400              -0.633                 753
              1FHL_A              -0.800              -0.468                 334
              1FOA_A              -1.200              -0.571                 342
              1G24_A              -0.900              -0.434                 210
              1G6T_A              -1.700              -0.579                 427
              1G8O_A              -2.400              -0.414                 287
              1GA8_A               5.900               0.560                 271
              1GAL_A              -2.500              -0.474                 581
              1GCU_A              -2.900              -0.382                 292
              1GOG_A              -3.400              -0.318                 639
              1GP5_A              -2.500              -0.423                 346
              1GQ8_A              -3.200              -0.470                 318
              1H19_A              -1.800              -0.597                 610
              1H3I_A              -1.200              -0.198                 293
              1HKA_A              12.200               0.459                 158
              1HPL_A              -2.800              -0.569                 449
              1HPM_A               0.300               0.591                 378
              1HQC_A              29.600               0.355                 314
              1I1E_A              -3.500              -0.343                1287
              1I1I_P               3.000               0.407                 665
              1I9A_A              -1.500              -0.502                 175
              1IDJ_A              -3.100              -0.546                 359
              1IG8_A              -1.500              -0.563                 469
              1IM5_A              -2.400              -0.513                 179
              1INP_A               1.200               0.431                 400
              1IU4_A              -2.800              -0.275                 331
              1J00_A               6.100               0.434                 176
              1J09_A              -1.300              -0.495                 468
              1JH6_A              -1.600              -0.418                 181
              1JMS_A              -1.900              -0.492                 360
              1JOA_A              -2.000              -0.443                 446
              1JS4_A              -2.300              -0.556                 605
              1K30_A               9.400               0.487                 363
              1KL7_A              -0.900              -0.665                 503
              1KNP_A              -2.300              -0.547                 529
              1L1D_A              -2.700              -0.564                 142
              1L1L_A              -1.000              -0.465                 717
              1L6P_A              -0.800              -0.306                 121
              1L7N_A              -3.000              -0.535                 207
              1L7Q_A              -3.600              -0.284                 571
              1L8T_A              -0.800              -0.556                 263
              1L9X_A              -1.300              -0.585                 288
              1LBA_A              -0.700              -0.561                 146
              1LDM_A              -1.100              -0.488                 329
              1LJL_A              -1.000              -0.545                 130
              1LVH_A              -1.400              -0.602                 220
              1M53_A              -2.700              -0.589                 556
              1MBB_A              -0.500              -0.633                 340
              1MJ9_A               0.400               0.599                 273
              1MLA_A              -2.100              -0.525                 305
              1MRQ_A              -2.300              -0.463                 323
              1MUD_A              -0.900              -0.451                 225
              1MUG_A               0.300               0.488                 165
              1NDH_A              27.300               0.424                 270
              1NDI_A              -3.000              -0.518                 596
              1NLU_A               0.100               0.551                 368
              1O8A_A              -2.400              -0.431                 574
              1O98_A              -0.500              -0.654                 509
              1OG1_A              -1.400              -0.467                 223
              1OGO_X              -1.100              -0.088                 572
              1OJ4_A              -1.900              -0.626                 277
              1ONR_A              -0.100              -0.733                 316
              1OPM_A              -2.700              -0.372                 310
              1OXA_A              -3.900              -0.321                 403
              1OYG_A              -1.800              -0.456                 440
              1P1X_A              -0.200              -0.551                 250
              1P3D_A              -1.800              -0.564                 449
              1P5D_X              -1.400              -0.586                 454
              1PA9_A              -0.300              -0.536                 279
              1PII_A              -2.900              -0.560                 452
              1PKN_A               3.700               0.474                 514
              1PMI_A              -0.100              -0.597                 440
              1PP4_A              -1.500              -0.412                 233
              1PS9_A              -2.400              -0.572                 671
              1PTD_A              -0.800              -0.571                 296
              1PUD_A              -1.900              -0.447                 372
              1PYL_A              20.100               0.284                  95
              1Q91_A              -1.000              -0.452                 194
              1QAM_A              -1.800              -0.366                 235
              1QAZ_A              30.000              -0.149                 351
              1QBA_A              -2.800              -0.460                 858
              1QFM_A              -2.800              -0.460                 705
              1QGX_A              -1.900              -0.515                 354
              1QJE_A              -2.100              -0.279                 327
              1QK2_A               4.800               0.509                 363
              1QWN_A              -2.500              -0.501                1014
              1R1J_A              -2.700              -0.393                 696
              1R44_A              -1.500              -0.570                 202
              1R4Z_A              -1.800              -0.469                 179
              1RBN_A              -2.100              -0.481                 124
              1RDD_A              -2.700              -0.365                 155
              1RU4_A              -3.700              -0.349                 400
              1S3I_A               0.100               0.480                 307
              1S95_A              -2.300              -0.555                 324
              1SCA_A              -2.300              -0.621                 274
              1SLL_A              -3.700              -0.193                 679
              1SML_A              -1.600              -0.337                 266
              1SNZ_A              -2.500              -0.364                 344
              1TAH_B              -2.000              -0.499                 318
              1TLP_E              -2.800              -0.536                 316
              1U3F_A              -0.700              -0.481                 164
              1U5U_A              11.500               0.138                 366
              1UAS_A              -1.700              -0.550                 362
              1UN1_A              -2.800              -0.458                 267
              1VID_A              -1.600              -0.436                 213
              1VLB_A              -3.600              -0.309                 907
              1VNC_A              -2.500              -0.250                 576
              1VQ1_A              -1.000              -0.590                 263
              1W0H_A              -2.100              -0.530                 194
              1XQW_A              -2.800              -0.452                 290
              1Y9M_A              -1.300              -0.561                 517
              1YON_A              -2.000              -0.454                 292
              1YSC_A              -2.600              -0.577                 421
              1ZE1_A              -1.200              -0.435                 308
              1ZIO_A              -2.100              -0.528                 217
              206L_A              -2.200              -0.384                 162
              2A0N_A              13.000               0.608                 251
              2ABK_A              -0.700              -0.493                 211
              2ACY_A              -2.100              -0.296                  98
              2AYH_A              -2.700              -0.394                 214
              2CPO_A              -1.900              -0.117                 298
              2CPU_A              -2.500              -0.512                 495
              2DLN_A              -1.900              -0.650                 306
              2EBN_A               3.300               0.396                 285
              2ENG_A              -2.800              -0.462                 205
              2F61_A              -2.400              -0.474                 497
              2F9R_A              29.900               0.447                 285
              2NLR_A              -2.000              -0.288                 222
              2NMT_A              -2.400              -0.434                 422
              2PEC_A              -2.300              -0.423                 352
              2PIA_A              -2.600              -0.541                 321
              2PTH_A              27.600               0.419                 193
              2SQC_A              -3.100              -0.498                 623
              2THI_A              -3.400              -0.135                 362
              2TPS_A              24.800               0.592                 226
              5EAT_A              -3.400              -0.239                 532
              7ATJ_A              -2.600              -0.553                 305
