                 pdb     free_param_best         sp_cor_best                nres
              132L_A               9.500              -0.593                 124
              13PK_A              25.000              -0.582                 415
              1A26_A              15.400              -0.577                 351
              1A2T_A              12.400              -0.535                 134
              1A4L_A              10.600              -0.625                 348
              1A65_A              11.700              -0.546                 504
              1A8H_A              12.500              -0.316                 500
              1A8S_A              11.000              -0.444                 273
              1AF7_A              17.900              -0.661                 274
              1AGM_A               8.400              -0.395                 470
              1AGY_A               7.900              -0.576                 197
              1AH7_A              11.100              -0.502                 245
              1AJ0_A              23.400              -0.565                 282
              1AK0_A              15.100              -0.633                 264
              1AKO_A              10.800              -0.494                 268
              1AMY_A              16.800              -0.473                 403
              1AQ2_A              24.900              -0.633                 534
              1AQL_A               9.800              -0.526                 532
              1AST_A              14.800              -0.627                 200
              1B04_A               9.100              -0.476                 310
              1B2R_A               9.500              -0.495                 295
              1BBS_A              10.900              -0.621                 331
              1BF2_A              37.600              -0.408                 750
              1BG0_A              13.900              -0.598                 356
              1BH2_A              27.300              -0.607                 315
              1BOL_A               9.300              -0.505                 222
              1BP2_A              13.100              -0.652                 123
              1BQC_A              13.400              -0.556                 302
              1BS0_A               9.100              -0.501                 383
              1BS4_A              22.000              -0.554                 168
              1BS9_A              11.700              -0.463                 207
              1BT1_A              11.100              -0.529                 336
              1BU7_A               9.900              -0.428                 455
              1BVV_A              30.000              -0.463                 185
              1BVZ_A              13.800              -0.523                 585
              1BWL_A              12.400              -0.490                 399
              1BWZ_A              23.600              -0.602                 274
              1BYA_A              10.100              -0.559                 491
              1BZC_A              14.200              -0.659                 297
              1C82_A              10.400              -0.476                 719
              1CA2_A               8.700              -0.681                 256
              1CB8_A              11.300              -0.563                 674
              1CBX_A               9.200              -0.543                 307
              1CDG_A               8.800              -0.354                 686
              1CEL_A               9.200              -0.583                 433
              1CHD_A               8.000              -0.545                 198
              1CHK_B               9.000              -0.497                 238
              1CM0_A               8.700              -0.457                 162
              1CNS_A               8.500              -0.620                 243
              1COY_A              10.000              -0.507                 501
              1CQQ_A              35.400              -0.458                 180
              1CVR_A              10.700              -0.401                 432
              1CWY_A              17.100              -0.610                 500
              1CZ1_A              13.600              -0.610                 394
              1CZF_A               8.200              -0.490                 335
              1D1Q_A               8.900              -0.591                 159
              1D4C_A               9.900              -0.520                 570
              1D6O_A               7.500              -0.567                 107
              1DDJ_A              10.500              -0.660                 247
              1DGK_N              14.100              -0.566                 898
              1DGS_A               9.300              -0.454                 581
              1DIN_A               8.800              -0.552                 232
              1DNP_A              15.900              -0.614                 469
              1DVE_A              12.000              -0.585                 214
              1E0C_A               8.700              -0.558                 270
              1E1A_A              20.900              -0.395                 312
              1E6E_A              18.500              -0.657                 457
              1EB6_A               9.300              -0.515                 177
              1EH5_A              20.400              -0.569                 279
              1EUG_A              10.000              -0.671                 225
              1EUU_A               6.300              -0.230                 601
              1EX1_A              10.000              -0.492                 602
              1EXN_A              12.800              -0.355                 267
              1EXP_A              18.600              -0.606                 312
              1EYP_A              12.400              -0.334                 212
              1FF3_A              13.300              -0.501                 210
              1FGH_A              23.700              -0.659                 753
              1FHL_A              17.900              -0.537                 334
              1FOA_A              14.400              -0.660                 342
              1G24_A              19.300              -0.451                 210
              1G6T_A              23.400              -0.648                 427
              1G8O_A              10.000              -0.564                 287
              1GA8_A              30.600              -0.611                 271
              1GAL_A              12.500              -0.490                 581
              1GCU_A               9.000              -0.423                 292
              1GOG_A               6.200              -0.423                 639
              1GP5_A               8.800              -0.531                 346
              1GQ8_A               8.600              -0.583                 318
              1H19_A              12.600              -0.650                 610
              1H3I_A              12.200              -0.303                 293
              1HKA_A              21.800              -0.530                 158
              1HPL_A              11.000              -0.633                 449
              1HPM_A              28.300              -0.624                 378
              1HQC_A              18.400              -0.395                 314
              1I1E_A               6.900              -0.395                1287
              1I1I_P              44.500              -0.460                 665
              1I9A_A              16.300              -0.601                 175
              1IDJ_A              10.500              -0.574                 359
              1IG8_A              16.200              -0.619                 469
              1IM5_A               9.300              -0.674                 179
              1INP_A              32.000              -0.458                 400
              1IU4_A               8.900              -0.370                 331
              1J00_A              27.800              -0.553                 176
              1J09_A              20.900              -0.544                 468
              1JH6_A              10.200              -0.496                 181
              1JMS_A              14.100              -0.542                 360
              1JOA_A              14.700              -0.495                 446
              1JS4_A               9.300              -0.589                 605
              1K30_A              46.500              -0.509                 363
              1KL7_A              41.100              -0.706                 503
              1KNP_A              13.000              -0.607                 529
              1L1D_A               7.500              -0.624                 142
              1L1L_A              23.000              -0.504                 717
              1L6P_A              10.900              -0.501                 121
              1L7N_A               9.900              -0.638                 207
              1L7Q_A              10.600              -0.341                 571
              1L8T_A              15.300              -0.578                 263
              1L9X_A              24.500              -0.616                 288
              1LBA_A              20.000              -0.634                 146
              1LDM_A               9.700              -0.533                 329
              1LJL_A               9.300              -0.630                 130
              1LVH_A              17.400              -0.637                 220
              1M53_A              10.000              -0.615                 556
              1MBB_A              21.400              -0.683                 340
              1MJ9_A              29.800              -0.617                 273
              1MLA_A              14.200              -0.605                 305
              1MRQ_A              15.000              -0.522                 323
              1MUD_A              14.600              -0.528                 225
              1MUG_A              19.800              -0.568                 165
              1NDH_A              12.400              -0.503                 270
              1NDI_A              11.800              -0.609                 596
              1NLU_A              18.200              -0.582                 368
              1O8A_A              11.100              -0.541                 574
              1O98_A              29.200              -0.692                 509
              1OG1_A              11.300              -0.561                 223
              1OGO_X              24.200              -0.132                 572
              1OJ4_A              15.100              -0.688                 277
              1ONR_A              26.900              -0.779                 316
              1OPM_A               9.000              -0.435                 310
              1OXA_A               8.800              -0.365                 403
              1OYG_A              16.500              -0.491                 440
              1P1X_A              17.900              -0.613                 250
              1P3D_A              15.900              -0.625                 449
              1P5D_X              14.400              -0.616                 454
              1PA9_A              17.800              -0.564                 279
              1PII_A              10.500              -0.686                 452
              1PKN_A              34.000              -0.501                 514
              1PMI_A              28.200              -0.619                 440
              1PP4_A               8.100              -0.470                 233
              1PS9_A              18.000              -0.609                 671
              1PTD_A              14.700              -0.628                 296
              1PUD_A              15.100              -0.526                 372
              1PYL_A               9.900              -0.464                  95
              1Q91_A              24.500              -0.502                 194
              1QAM_A              16.100              -0.420                 235
              1QAZ_A               4.900              -0.133                 351
              1QBA_A              11.500              -0.484                 858
              1QFM_A              10.100              -0.554                 705
              1QGX_A              18.100              -0.564                 354
              1QJE_A              12.800              -0.357                 327
              1QK2_A              29.800              -0.566                 363
              1QWN_A              14.600              -0.538                1014
              1R1J_A              10.900              -0.518                 696
              1R44_A              11.100              -0.698                 202
              1R4Z_A              10.100              -0.578                 179
              1RBN_A               7.600              -0.622                 124
              1RDD_A               7.900              -0.555                 155
              1RU4_A               8.200              -0.364                 400
              1S3I_A              29.000              -0.488                 307
              1S95_A              15.100              -0.625                 324
              1SCA_A              10.400              -0.702                 274
              1SLL_A               6.200              -0.268                 679
              1SML_A              16.600              -0.398                 266
              1SNZ_A               8.700              -0.566                 344
              1TAH_B              11.800              -0.522                 318
              1TLP_E              15.400              -0.576                 316
              1U3F_A              16.600              -0.558                 164
              1U5U_A              45.300              -0.154                 366
              1UAS_A              22.100              -0.597                 362
              1UN1_A               7.700              -0.512                 267
              1VID_A               9.800              -0.507                 213
              1VLB_A               6.900              -0.371                 907
              1VNC_A               8.800              -0.288                 576
              1VQ1_A              10.900              -0.646                 263
              1W0H_A              12.200              -0.588                 194
              1XQW_A               9.200              -0.505                 290
              1Y9M_A              21.300              -0.598                 517
              1YON_A              15.900              -0.561                 292
              1YSC_A              13.900              -0.610                 421
              1ZE1_A              19.900              -0.472                 308
              1ZIO_A              10.000              -0.655                 217
              206L_A              14.700              -0.499                 162
              2A0N_A              37.200              -0.660                 251
              2ABK_A              23.300              -0.549                 211
              2ACY_A               9.900              -0.533                  98
              2AYH_A              12.200              -0.496                 214
              2CPO_A               7.900              -0.206                 298
              2CPU_A              11.600              -0.577                 495
              2DLN_A              23.200              -0.694                 306
              2EBN_A              34.300              -0.432                 285
              2ENG_A              10.800              -0.536                 205
              2F61_A              17.300              -0.502                 497
              2F9R_A              39.000              -0.483                 285
              2NLR_A              12.000              -0.350                 222
              2NMT_A              15.100              -0.507                 422
              2PEC_A              14.400              -0.453                 352
              2PIA_A               9.400              -0.663                 321
              2PTH_A               9.700              -0.501                 193
              2SQC_A              10.300              -0.541                 623
              2THI_A               7.700              -0.206                 362
              2TPS_A              18.400              -0.656                 226
              5EAT_A               8.600              -0.379                 532
              7ATJ_A               9.200              -0.675                 305
