                 pdb     free_param_best         sp_cor_best                nres
              132L_A               7.800              -0.543                 124
              13PK_A              24.000              -0.560                 415
              1A26_A               9.600              -0.519                 351
              1A2T_A               7.000              -0.408                 134
              1A4L_A              11.400              -0.504                 348
              1A65_A               9.000              -0.502                 504
              1A8H_A               8.000              -0.264                 500
              1A8S_A               9.400              -0.421                 273
              1AF7_A              11.200              -0.620                 274
              1AGM_A               6.200              -0.281                 470
              1AGY_A               6.200              -0.499                 197
              1AH7_A               7.000              -0.447                 245
              1AJ0_A              31.200              -0.486                 282
              1AK0_A              10.600              -0.543                 264
              1AKO_A               6.800              -0.445                 268
              1AMY_A              10.200              -0.415                 403
              1AQ2_A              26.000              -0.592                 534
              1AQL_A               8.000              -0.485                 532
              1AST_A               8.400              -0.560                 200
              1B04_A               6.400              -0.410                 310
              1B2R_A              12.200              -0.442                 295
              1BBS_A               7.400              -0.562                 331
              1BF2_A              36.400              -0.398                 750
              1BG0_A              10.400              -0.580                 356
              1BH2_A              25.000              -0.561                 315
              1BOL_A               8.000              -0.406                 222
              1BP2_A               7.800              -0.562                 123
              1BQC_A              12.200              -0.511                 302
              1BS0_A               8.000              -0.443                 383
              1BS4_A              18.200              -0.537                 168
              1BS9_A               7.800              -0.416                 207
              1BT1_A               9.600              -0.451                 336
              1BU7_A               8.400              -0.330                 455
              1BVV_A              10.200              -0.350                 185
              1BVZ_A              10.200              -0.466                 585
              1BWL_A               8.200              -0.471                 399
              1BWZ_A              20.400              -0.554                 274
              1BYA_A               8.800              -0.439                 491
              1BZC_A              13.800              -0.615                 297
              1C82_A               7.200              -0.463                 719
              1CA2_A              11.600              -0.550                 256
              1CB8_A               8.400              -0.531                 674
              1CBX_A               6.600              -0.515                 307
              1CDG_A               7.000              -0.294                 686
              1CEL_A               8.000              -0.520                 433
              1CHD_A               5.800              -0.437                 198
              1CHK_B               7.600              -0.357                 238
              1CM0_A              24.800              -0.349                 162
              1CNS_A               6.400              -0.523                 243
              1COY_A               8.200              -0.458                 501
              1CQQ_A              49.600              -0.336                 180
              1CVR_A               7.800              -0.383                 432
              1CWY_A              24.600              -0.552                 500
              1CZ1_A              11.200              -0.564                 394
              1CZF_A               7.400              -0.388                 335
              1D1Q_A               7.800              -0.544                 159
              1D4C_A               7.400              -0.478                 570
              1D6O_A               7.400              -0.305                 107
              1DDJ_A               9.400              -0.620                 247
              1DGK_N              10.200              -0.504                 898
              1DGS_A              11.800              -0.372                 581
              1DIN_A               7.800              -0.553                 232
              1DNP_A               9.800              -0.583                 469
              1DVE_A               8.800              -0.488                 214
              1E0C_A               7.000              -0.518                 270
              1E1A_A              14.000              -0.335                 312
              1E6E_A              17.600              -0.623                 457
              1EB6_A              10.600              -0.395                 177
              1EH5_A               7.400              -0.526                 279
              1EUG_A               7.800              -0.618                 225
              1EUU_A               7.400              -0.144                 601
              1EX1_A              11.000              -0.454                 602
              1EXN_A              15.200              -0.300                 267
              1EXP_A              19.400              -0.516                 312
              1EYP_A               7.600              -0.267                 212
              1FF3_A               8.800              -0.466                 210
              1FGH_A              19.400              -0.630                 753
              1FHL_A              16.800              -0.465                 334
              1FOA_A              16.600              -0.572                 342
              1G24_A              17.800              -0.433                 210
              1G6T_A              14.800              -0.570                 427
              1G8O_A               7.400              -0.455                 287
              1GA8_A              49.200              -0.550                 271
              1GAL_A               7.400              -0.461                 581
              1GCU_A               8.600              -0.421                 292
              1GOG_A               7.800              -0.352                 639
              1GP5_A               8.600              -0.447                 346
              1GQ8_A               6.400              -0.500                 318
              1H19_A              14.200              -0.590                 610
              1H3I_A              11.000              -0.208                 293
              1HKA_A              43.800              -0.458                 158
              1HPL_A               7.400              -0.571                 449
              1HPM_A              29.200              -0.597                 378
              1HQC_A              17.200              -0.335                 314
              1I1E_A               6.600              -0.368                1287
              1I1I_P              50.000              -0.401                 665
              1I9A_A               9.000              -0.501                 175
              1IDJ_A               6.400              -0.566                 359
              1IG8_A              19.400              -0.555                 469
              1IM5_A               7.400              -0.528                 179
              1INP_A              41.800              -0.431                 400
              1IU4_A               7.800              -0.290                 331
              1J00_A              46.800              -0.425                 176
              1J09_A              21.600              -0.499                 468
              1JH6_A               9.600              -0.421                 181
              1JMS_A               9.000              -0.495                 360
              1JOA_A              12.200              -0.453                 446
              1JS4_A              11.800              -0.550                 605
              1K30_A              50.000              -0.464                 363
              1KL7_A              49.400              -0.662                 503
              1KNP_A               8.400              -0.561                 529
              1L1D_A               6.600              -0.573                 142
              1L1L_A              17.600              -0.468                 717
              1L6P_A              13.800              -0.323                 121
              1L7N_A               6.800              -0.558                 207
              1L7Q_A               6.800              -0.302                 571
              1L8T_A              13.800              -0.555                 263
              1L9X_A              15.000              -0.582                 288
              1LBA_A              21.000              -0.560                 146
              1LDM_A              20.800              -0.481                 329
              1LJL_A              10.200              -0.559                 130
              1LVH_A              12.400              -0.603                 220
              1M53_A               9.000              -0.592                 556
              1MBB_A              19.600              -0.628                 340
              1MJ9_A              27.000              -0.597                 273
              1MLA_A              12.600              -0.514                 305
              1MRQ_A               9.200              -0.482                 323
              1MUD_A              16.000              -0.448                 225
              1MUG_A              16.000              -0.491                 165
              1NDH_A              21.200              -0.417                 270
              1NDI_A               7.600              -0.550                 596
              1NLU_A              16.600              -0.551                 368
              1O8A_A               8.800              -0.441                 574
              1O98_A              28.800              -0.650                 509
              1OG1_A              12.000              -0.462                 223
              1OGO_X              23.800              -0.093                 572
              1OJ4_A              11.000              -0.625                 277
              1ONR_A              33.400              -0.732                 316
              1OPM_A               6.200              -0.391                 310
              1OXA_A               6.800              -0.314                 403
              1OYG_A              13.200              -0.464                 440
              1P1X_A              28.800              -0.551                 250
              1P3D_A              12.800              -0.556                 449
              1P5D_X              14.600              -0.571                 454
              1PA9_A              16.600              -0.539                 279
              1PII_A               8.000              -0.588                 452
              1PKN_A              49.800              -0.473                 514
              1PMI_A              31.400              -0.592                 440
              1PP4_A              10.400              -0.423                 233
              1PS9_A              12.200              -0.579                 671
              1PTD_A              12.000              -0.577                 296
              1PUD_A              11.400              -0.445                 372
              1PYL_A               8.600              -0.271                  95
              1Q91_A              19.400              -0.450                 194
              1QAM_A              11.800              -0.369                 235
              1QAZ_A               1.000               0.088                 351
              1QBA_A               8.000              -0.443                 858
              1QFM_A               7.400              -0.476                 705
              1QGX_A              19.000              -0.510                 354
              1QJE_A               8.600              -0.311                 327
              1QK2_A              49.800              -0.506                 363
              1QWN_A               8.400              -0.493                1014
              1R1J_A               7.600              -0.421                 696
              1R44_A               9.400              -0.589                 202
              1R4Z_A               7.800              -0.479                 179
              1RBN_A               7.000              -0.509                 124
              1RDD_A               9.400              -0.355                 155
              1RU4_A               5.400              -0.360                 400
              1S3I_A              29.200              -0.476                 307
              1S95_A               7.800              -0.557                 324
              1SCA_A               8.000              -0.611                 274
              1SLL_A               6.600              -0.202                 679
              1SML_A              10.000              -0.340                 266
              1SNZ_A               7.400              -0.398                 344
              1TAH_B               9.600              -0.497                 318
              1TLP_E               6.200              -0.502                 316
              1U3F_A              15.400              -0.493                 164
              1U5U_A               4.400              -0.137                 366
              1UAS_A              16.200              -0.544                 362
              1UN1_A               7.800              -0.447                 267
              1VID_A               8.400              -0.435                 213
              1VLB_A               6.000              -0.313                 907
              1VNC_A               6.800              -0.248                 576
              1VQ1_A              13.600              -0.578                 263
              1W0H_A               8.200              -0.540                 194
              1XQW_A               8.000              -0.473                 290
              1Y9M_A              18.000              -0.563                 517
              1YON_A              10.600              -0.463                 292
              1YSC_A               7.600              -0.576                 421
              1ZE1_A              21.600              -0.431                 308
              1ZIO_A               8.800              -0.543                 217
              206L_A              10.200              -0.399                 162
              2A0N_A              48.600              -0.572                 251
              2ABK_A              17.000              -0.486                 211
              2ACY_A               7.400              -0.363                  98
              2AYH_A               7.000              -0.386                 214
              2CPO_A               9.600              -0.129                 298
              2CPU_A               8.400              -0.512                 495
              2DLN_A              18.600              -0.637                 306
              2EBN_A              47.200              -0.395                 285
              2ENG_A               5.000              -0.457                 205
              2F61_A               9.600              -0.472                 497
              2F9R_A              49.600              -0.382                 285
              2NLR_A              13.000              -0.289                 222
              2NMT_A               9.800              -0.447                 422
              2PEC_A               9.000              -0.422                 352
              2PIA_A               8.400              -0.571                 321
              2PTH_A              27.800              -0.418                 193
              2SQC_A               7.000              -0.496                 623
              2THI_A               6.800              -0.153                 362
              2TPS_A              49.800              -0.586                 226
              5EAT_A               7.000              -0.288                 532
              7ATJ_A               8.800              -0.584                 305
