                 pdb     free_param_best         sp_cor_best                nres
              132L_A               3.600              -0.539                 124
              13PK_A              16.200              -0.563                 415
              1A26_A               3.600              -0.513                 351
              1A2T_A               3.000              -0.405                 134
              1A4L_A               4.400              -0.501                 348
              1A65_A               3.600              -0.499                 504
              1A8H_A               4.200              -0.263                 500
              1A8S_A               4.000              -0.420                 273
              1AF7_A               5.000              -0.617                 274
              1AGM_A               2.600              -0.278                 470
              1AGY_A               2.400              -0.488                 197
              1AH7_A               3.600              -0.449                 245
              1AJ0_A              11.800              -0.489                 282
              1AK0_A               4.000              -0.544                 264
              1AKO_A               2.800              -0.443                 268
              1AMY_A               4.800              -0.420                 403
              1AQ2_A              14.200              -0.594                 534
              1AQL_A               3.600              -0.483                 532
              1AST_A               3.400              -0.546                 200
              1B04_A               3.000              -0.413                 310
              1B2R_A               5.600              -0.444                 295
              1BBS_A               3.400              -0.560                 331
              1BF2_A              22.000              -0.402                 750
              1BG0_A               4.000              -0.586                 356
              1BH2_A              18.000              -0.559                 315
              1BOL_A               3.400              -0.397                 222
              1BP2_A               4.800              -0.550                 123
              1BQC_A               7.000              -0.507                 302
              1BS0_A               3.600              -0.448                 383
              1BS4_A              14.000              -0.539                 168
              1BS9_A               3.200              -0.409                 207
              1BT1_A               4.400              -0.445                 336
              1BU7_A               3.400              -0.322                 455
              1BVV_A               5.200              -0.348                 185
              1BVZ_A               4.000              -0.463                 585
              1BWL_A               3.800              -0.469                 399
              1BWZ_A              18.800              -0.557                 274
              1BYA_A               3.800              -0.439                 491
              1BZC_A               6.600              -0.612                 297
              1C82_A               3.000              -0.454                 719
              1CA2_A               6.200              -0.553                 256
              1CB8_A               3.800              -0.528                 674
              1CBX_A               3.200              -0.501                 307
              1CDG_A               2.800              -0.297                 686
              1CEL_A               3.000              -0.526                 433
              1CHD_A               2.200              -0.431                 198
              1CHK_B               3.800              -0.353                 238
              1CM0_A              42.400              -0.349                 162
              1CNS_A               2.600              -0.516                 243
              1COY_A               3.400              -0.462                 501
              1CQQ_A              49.800              -0.334                 180
              1CVR_A               3.200              -0.383                 432
              1CWY_A               6.600              -0.565                 500
              1CZ1_A               9.000              -0.566                 394
              1CZF_A               2.800              -0.382                 335
              1D1Q_A               3.200              -0.541                 159
              1D4C_A               2.800              -0.470                 570
              1D6O_A               3.600              -0.301                 107
              1DDJ_A               4.200              -0.619                 247
              1DGK_N               4.400              -0.498                 898
              1DGS_A               5.600              -0.377                 581
              1DIN_A               3.400              -0.555                 232
              1DNP_A               4.200              -0.571                 469
              1DVE_A               4.400              -0.491                 214
              1E0C_A               2.800              -0.506                 270
              1E1A_A               6.000              -0.334                 312
              1E6E_A               6.800              -0.634                 457
              1EB6_A               4.200              -0.389                 177
              1EH5_A               4.200              -0.531                 279
              1EUG_A               3.400              -0.615                 225
              1EUU_A               2.800              -0.138                 601
              1EX1_A               3.600              -0.455                 602
              1EXN_A               8.800              -0.305                 267
              1EXP_A              13.200              -0.515                 312
              1EYP_A               3.800              -0.259                 212
              1FF3_A               4.200              -0.462                 210
              1FGH_A               8.800              -0.632                 753
              1FHL_A               8.800              -0.467                 334
              1FOA_A               8.800              -0.572                 342
              1G24_A              12.000              -0.432                 210
              1G6T_A               6.800              -0.573                 427
              1G8O_A               3.200              -0.441                 287
              1GA8_A              46.200              -0.543                 271
              1GAL_A               4.200              -0.468                 581
              1GCU_A               3.200              -0.408                 292
              1GOG_A               3.000              -0.342                 639
              1GP5_A               3.400              -0.438                 346
              1GQ8_A               2.400              -0.491                 318
              1H19_A               6.600              -0.594                 610
              1H3I_A               5.000              -0.205                 293
              1HKA_A              43.600              -0.455                 158
              1HPL_A               2.800              -0.569                 449
              1HPM_A              35.800              -0.592                 378
              1HQC_A               9.600              -0.331                 314
              1I1E_A               2.400              -0.363                1287
              1I1I_P              49.800              -0.398                 665
              1I9A_A               4.400              -0.505                 175
              1IDJ_A               2.400              -0.563                 359
              1IG8_A              11.200              -0.560                 469
              1IM5_A               3.600              -0.520                 179
              1INP_A              49.000              -0.430                 400
              1IU4_A               3.200              -0.286                 331
              1J00_A              48.200              -0.423                 176
              1J09_A              11.400              -0.499                 468
              1JH6_A               4.000              -0.421                 181
              1JMS_A               4.600              -0.495                 360
              1JOA_A               5.000              -0.453                 446
              1JS4_A               5.000              -0.553                 605
              1K30_A              49.800              -0.457                 363
              1KL7_A              39.600              -0.662                 503
              1KNP_A               3.600              -0.557                 529
              1L1D_A               2.600              -0.568                 142
              1L1L_A              10.400              -0.468                 717
              1L6P_A               8.000              -0.315                 121
              1L7N_A               2.600              -0.552                 207
              1L7Q_A               2.600              -0.295                 571
              1L8T_A               9.000              -0.556                 263
              1L9X_A               9.800              -0.584                 288
              1LBA_A              25.800              -0.560                 146
              1LDM_A              17.600              -0.484                 329
              1LJL_A               6.400              -0.552                 130
              1LVH_A               6.600              -0.604                 220
              1M53_A               3.600              -0.594                 556
              1MBB_A              14.200              -0.632                 340
              1MJ9_A              40.000              -0.599                 273
              1MLA_A               5.200              -0.521                 305
              1MRQ_A               3.600              -0.476                 323
              1MUD_A               8.800              -0.451                 225
              1MUG_A              21.800              -0.489                 165
              1NDH_A              19.000              -0.421                 270
              1NDI_A               3.200              -0.541                 596
              1NLU_A              15.200              -0.552                 368
              1O8A_A               3.800              -0.437                 574
              1O98_A              20.800              -0.652                 509
              1OG1_A               8.000              -0.464                 223
              1OGO_X              12.200              -0.090                 572
              1OJ4_A               4.600              -0.628                 277
              1ONR_A              31.000              -0.732                 316
              1OPM_A               2.400              -0.382                 310
              1OXA_A               2.200              -0.317                 403
              1OYG_A               5.800              -0.462                 440
              1P1X_A              37.000              -0.550                 250
              1P3D_A               5.800              -0.562                 449
              1P5D_X               7.000              -0.579                 454
              1PA9_A              10.200              -0.538                 279
              1PII_A               3.200              -0.582                 452
              1PKN_A              47.000              -0.472                 514
              1PMI_A              24.400              -0.595                 440
              1PP4_A               5.400              -0.419                 233
              1PS9_A               5.400              -0.579                 671
              1PTD_A               7.400              -0.575                 296
              1PUD_A               5.600              -0.446                 372
              1PYL_A              11.800              -0.263                  95
              1Q91_A               8.200              -0.452                 194
              1QAM_A               5.800              -0.367                 235
              1QAZ_A               0.200               0.082                 351
              1QBA_A               3.400              -0.451                 858
              1QFM_A               3.200              -0.471                 705
              1QGX_A               8.000              -0.511                 354
              1QJE_A               4.600              -0.297                 327
              1QK2_A              44.000              -0.503                 363
              1QWN_A               3.800              -0.499                1014
              1R1J_A               3.200              -0.410                 696
              1R44_A               5.000              -0.581                 202
              1R4Z_A               4.800              -0.476                 179
              1RBN_A               3.200              -0.496                 124
              1RDD_A               4.400              -0.355                 155
              1RU4_A               1.800              -0.358                 400
              1S3I_A              31.000              -0.480                 307
              1S95_A               3.800              -0.555                 324
              1SCA_A               3.600              -0.616                 274
              1SLL_A               2.200              -0.203                 679
              1SML_A               4.400              -0.338                 266
              1SNZ_A               3.000              -0.388                 344
              1TAH_B               4.000              -0.500                 318
              1TLP_E               2.600              -0.514                 316
              1U3F_A               9.600              -0.488                 164
              1U5U_A               1.400              -0.136                 366
              1UAS_A               7.600              -0.547                 362
              1UN1_A               3.400              -0.450                 267
              1VID_A               4.400              -0.435                 213
              1VLB_A               2.200              -0.316                 907
              1VNC_A               3.200              -0.247                 576
              1VQ1_A               9.000              -0.585                 263
              1W0H_A               3.600              -0.537                 194
              1XQW_A               3.600              -0.467                 290
              1Y9M_A               9.000              -0.563                 517
              1YON_A               5.200              -0.461                 292
              1YSC_A               3.200              -0.580                 421
              1ZE1_A              12.400              -0.434                 308
              1ZIO_A               3.800              -0.540                 217
              206L_A               3.800              -0.396                 162
              2A0N_A              50.000              -0.559                 251
              2ABK_A              10.600              -0.490                 211
              2ACY_A               3.200              -0.327                  98
              2AYH_A               3.000              -0.393                 214
              2CPO_A               4.800              -0.125                 298
              2CPU_A               3.800              -0.514                 495
              2DLN_A               6.200              -0.642                 306
              2EBN_A              47.200              -0.392                 285
              2ENG_A               1.800              -0.457                 205
              2F61_A               4.600              -0.475                 497
              2F9R_A              49.800              -0.360                 285
              2NLR_A               6.400              -0.288                 222
              2NMT_A               4.000              -0.443                 422
              2PEC_A               3.400              -0.426                 352
              2PIA_A               4.000              -0.564                 321
              2PTH_A              34.200              -0.416                 193
              2SQC_A               2.800              -0.498                 623
              2THI_A               2.600              -0.148                 362
              2TPS_A              31.800              -0.582                 226
              5EAT_A               2.600              -0.274                 532
              7ATJ_A               3.800              -0.578                 305
