                 pdb     free_param_best         sp_cor_best                nres
              132L_A               2.000              -0.744                 124
              13PK_A               2.000              -0.777                 415
              1A26_A               2.400              -0.779                 351
              1A2T_A               1.800              -0.820                 134
              1A4L_A               2.200              -0.774                 348
              1A65_A               2.400              -0.784                 504
              1A8H_A               2.400              -0.779                 500
              1A8S_A               2.200              -0.750                 273
              1AF7_A               2.000              -0.793                 274
              1AGM_A               1.800              -0.762                 470
              1AGY_A               1.800              -0.773                 197
              1AH7_A               2.600              -0.774                 245
              1AJ0_A               2.000              -0.752                 282
              1AK0_A               2.000              -0.772                 264
              1AKO_A               2.800              -0.829                 268
              1AMY_A               2.000              -0.764                 403
              1AQ2_A               2.000              -0.764                 534
              1AQL_A               2.000              -0.817                 532
              1AST_A               2.000              -0.795                 200
              1B04_A               2.200              -0.793                 310
              1B2R_A               2.400              -0.756                 295
              1BBS_A               2.000              -0.729                 331
              1BF2_A               2.200              -0.731                 750
              1BG0_A               2.400              -0.774                 356
              1BH2_A               1.800              -0.779                 315
              1BOL_A               2.000              -0.769                 222
              1BP2_A               1.600              -0.867                 123
              1BQC_A               2.000              -0.745                 302
              1BS0_A               2.200              -0.745                 383
              1BS4_A               1.800              -0.814                 168
              1BS9_A               1.800              -0.772                 207
              1BT1_A               2.600              -0.812                 336
              1BU7_A               2.200              -0.802                 455
              1BVV_A               2.200              -0.776                 185
              1BVZ_A               2.200              -0.783                 585
              1BWL_A               2.000              -0.789                 399
              1BWZ_A               1.800              -0.782                 274
              1BYA_A               1.800              -0.759                 491
              1BZC_A               2.800              -0.841                 297
              1C82_A               2.200              -0.801                 719
              1CA2_A               2.400              -0.823                 256
              1CB8_A               2.000              -0.783                 674
              1CBX_A               2.000              -0.724                 307
              1CDG_A               2.200              -0.725                 686
              1CEL_A               2.200              -0.788                 433
              1CHD_A               2.800              -0.819                 198
              1CHK_B               2.200              -0.755                 238
              1CM0_A               2.400              -0.795                 162
              1CNS_A               2.000              -0.767                 243
              1COY_A               1.800              -0.736                 501
              1CQQ_A               3.000              -0.792                 180
              1CVR_A               2.600              -0.784                 432
              1CWY_A               2.000              -0.779                 500
              1CZ1_A               2.200              -0.789                 394
              1CZF_A               1.800              -0.788                 335
              1D1Q_A               2.800              -0.791                 159
              1D4C_A               1.800              -0.765                 570
              1D6O_A               2.400              -0.800                 107
              1DDJ_A               2.200              -0.822                 247
              1DGK_N               2.200              -0.767                 898
              1DGS_A               2.000              -0.772                 581
              1DIN_A               2.400              -0.794                 232
              1DNP_A               2.000              -0.813                 469
              1DVE_A               2.200              -0.811                 214
              1E0C_A               2.600              -0.817                 270
              1E1A_A               2.200              -0.796                 312
              1E6E_A               2.000              -0.799                 457
              1EB6_A               1.600              -0.744                 177
              1EH5_A               2.000              -0.800                 279
              1EUG_A               2.400              -0.808                 225
              1EUU_A               2.200              -0.791                 601
              1EX1_A               1.800              -0.762                 602
              1EXN_A               2.000              -0.794                 267
              1EXP_A               2.000              -0.772                 312
              1EYP_A               2.400              -0.772                 212
              1FF3_A               2.600              -0.805                 210
              1FGH_A               1.800              -0.725                 753
              1FHL_A               2.200              -0.776                 334
              1FOA_A               2.400              -0.834                 342
              1G24_A               1.800              -0.787                 210
              1G6T_A               1.600              -0.737                 427
              1G8O_A               2.200              -0.825                 287
              1GA8_A               2.400              -0.800                 271
              1GAL_A               1.800              -0.747                 581
              1GCU_A               2.400              -0.798                 292
              1GOG_A               2.200              -0.750                 639
              1GP5_A               2.000              -0.818                 346
              1GQ8_A               2.600              -0.780                 318
              1H19_A               2.000              -0.758                 610
              1H3I_A               2.200              -0.814                 293
              1HKA_A               2.000              -0.796                 158
              1HPL_A               2.000              -0.798                 449
              1HPM_A               1.600              -0.742                 378
              1HQC_A               2.400              -0.789                 314
              1I1E_A               2.200              -0.811                1287
              1I1I_P               2.200              -0.768                 665
              1I9A_A               2.400              -0.798                 175
              1IDJ_A               2.000              -0.781                 359
              1IG8_A               2.200              -0.761                 469
              1IM5_A               2.200              -0.766                 179
              1INP_A               2.400              -0.804                 400
              1IU4_A               2.400              -0.815                 331
              1J00_A               2.600              -0.768                 176
              1J09_A               2.200              -0.764                 468
              1JH6_A               2.000              -0.833                 181
              1JMS_A               2.400              -0.787                 360
              1JOA_A               2.000              -0.798                 446
              1JS4_A               2.000              -0.769                 605
              1K30_A               2.200              -0.823                 363
              1KL7_A               2.200              -0.759                 503
              1KNP_A               2.000              -0.767                 529
              1L1D_A               2.400              -0.825                 142
              1L1L_A               2.000              -0.763                 717
              1L6P_A               2.600              -0.846                 121
              1L7N_A               2.000              -0.775                 207
              1L7Q_A               2.200              -0.757                 571
              1L8T_A               2.000              -0.757                 263
              1L9X_A               2.400              -0.814                 288
              1LBA_A               2.200              -0.759                 146
              1LDM_A               2.400              -0.785                 329
              1LJL_A               4.000              -0.751                 130
              1LVH_A               2.400              -0.817                 220
              1M53_A               2.200              -0.754                 556
              1MBB_A               2.000              -0.811                 340
              1MJ9_A               2.000              -0.819                 273
              1MLA_A               1.800              -0.711                 305
              1MRQ_A               2.000              -0.781                 323
              1MUD_A               2.000              -0.773                 225
              1MUG_A               2.200              -0.805                 165
              1NDH_A               2.200              -0.775                 270
              1NDI_A               2.000              -0.809                 596
              1NLU_A               2.000              -0.792                 368
              1O8A_A               2.000              -0.781                 574
              1O98_A               2.000              -0.756                 509
              1OG1_A               1.800              -0.816                 223
              1OGO_X               2.400              -0.775                 572
              1OJ4_A               1.800              -0.810                 277
              1ONR_A               1.800              -0.767                 316
              1OPM_A               1.800              -0.834                 310
              1OXA_A               2.200              -0.772                 403
              1OYG_A               2.200              -0.775                 440
              1P1X_A               2.200              -0.765                 250
              1P3D_A               2.000              -0.710                 449
              1P5D_X               2.000              -0.762                 454
              1PA9_A               2.000              -0.790                 279
              1PII_A               2.000              -0.744                 452
              1PKN_A               2.000              -0.811                 514
              1PMI_A               2.200              -0.804                 440
              1PP4_A               1.800              -0.754                 233
              1PS9_A               1.800              -0.754                 671
              1PTD_A               3.000              -0.806                 296
              1PUD_A               1.800              -0.770                 372
              1PYL_A               2.200              -0.792                  95
              1Q91_A               2.200              -0.820                 194
              1QAM_A               2.000              -0.836                 235
              1QAZ_A               2.000              -0.783                 351
              1QBA_A               2.200              -0.759                 858
              1QFM_A               2.200              -0.760                 705
              1QGX_A               2.000              -0.822                 354
              1QJE_A               2.000              -0.769                 327
              1QK2_A               2.000              -0.796                 363
              1QWN_A               2.000              -0.776                1014
              1R1J_A               2.000              -0.808                 696
              1R44_A               1.800              -0.802                 202
              1R4Z_A               2.800              -0.798                 179
              1RBN_A               2.200              -0.780                 124
              1RDD_A               2.400              -0.790                 155
              1RU4_A               2.200              -0.794                 400
              1S3I_A               2.400              -0.771                 307
              1S95_A               2.400              -0.821                 324
              1SCA_A               1.800              -0.765                 274
              1SLL_A               2.200              -0.778                 679
              1SML_A               2.200              -0.842                 266
              1SNZ_A               2.400              -0.737                 344
              1TAH_B               2.200              -0.768                 318
              1TLP_E               2.000              -0.713                 316
              1U3F_A               2.200              -0.816                 164
              1U5U_A               2.000              -0.793                 366
              1UAS_A               2.400              -0.749                 362
              1UN1_A               2.600              -0.782                 267
              1VID_A               2.200              -0.800                 213
              1VLB_A               1.600              -0.762                 907
              1VNC_A               2.000              -0.779                 576
              1VQ1_A               2.400              -0.800                 263
              1W0H_A               2.200              -0.744                 194
              1XQW_A               2.000              -0.820                 290
              1Y9M_A               2.200              -0.769                 517
              1YON_A               2.000              -0.821                 292
              1YSC_A               2.000              -0.810                 421
              1ZE1_A               2.800              -0.795                 308
              1ZIO_A               2.600              -0.732                 217
              206L_A               2.600              -0.732                 162
              2A0N_A               2.000              -0.800                 251
              2ABK_A               1.800              -0.787                 211
              2ACY_A               3.600              -0.854                  98
              2AYH_A               2.600              -0.732                 214
              2CPO_A               2.200              -0.808                 298
              2CPU_A               2.200              -0.750                 495
              2DLN_A               2.000              -0.763                 306
              2EBN_A               2.400              -0.797                 285
              2ENG_A               1.800              -0.813                 205
              2F61_A               2.200              -0.799                 497
              2F9R_A               2.000              -0.778                 285
              2NLR_A               1.800              -0.748                 222
              2NMT_A               2.400              -0.794                 422
              2PEC_A               1.800              -0.798                 352
              2PIA_A               2.400              -0.729                 321
              2PTH_A               2.200              -0.783                 193
              2SQC_A               1.800              -0.777                 623
              2THI_A               2.000              -0.825                 362
              2TPS_A               1.800              -0.780                 226
              5EAT_A               2.000              -0.775                 532
              7ATJ_A               1.800              -0.814                 305
