                 pdb     free_param_best         sp_cor_best                nres
              132L_A               7.200              -0.576                 124
              13PK_A               6.600              -0.718                 415
              1A26_A               6.800              -0.674                 351
              1A2T_A               6.200              -0.706                 134
              1A4L_A               7.000              -0.693                 348
              1A65_A               7.400              -0.685                 504
              1A8H_A               7.200              -0.699                 500
              1A8S_A               7.200              -0.688                 273
              1AF7_A               7.000              -0.716                 274
              1AGM_A               6.200              -0.646                 470
              1AGY_A               6.400              -0.706                 197
              1AH7_A               7.000              -0.693                 245
              1AJ0_A               6.400              -0.650                 282
              1AK0_A               7.000              -0.642                 264
              1AKO_A               7.800              -0.747                 268
              1AMY_A               7.000              -0.661                 403
              1AQ2_A               6.800              -0.695                 534
              1AQL_A               6.400              -0.700                 532
              1AST_A               7.200              -0.624                 200
              1B04_A               6.400              -0.687                 310
              1B2R_A               7.400              -0.659                 295
              1BBS_A               6.200              -0.626                 331
              1BF2_A               6.800              -0.622                 750
              1BG0_A               7.200              -0.661                 356
              1BH2_A               6.600              -0.666                 315
              1BOL_A               6.800              -0.571                 222
              1BP2_A               6.000              -0.703                 123
              1BQC_A               6.200              -0.652                 302
              1BS0_A               6.400              -0.690                 383
              1BS4_A               8.200              -0.649                 168
              1BS9_A               5.600              -0.633                 207
              1BT1_A               7.200              -0.701                 336
              1BU7_A               6.800              -0.715                 455
              1BVV_A               8.000              -0.616                 185
              1BVZ_A               7.200              -0.682                 585
              1BWL_A               6.800              -0.681                 399
              1BWZ_A               6.200              -0.655                 274
              1BYA_A               7.000              -0.641                 491
              1BZC_A               7.000              -0.789                 297
              1C82_A               7.200              -0.722                 719
              1CA2_A               7.400              -0.704                 256
              1CB8_A               7.000              -0.685                 674
              1CBX_A               7.400              -0.621                 307
              1CDG_A               7.000              -0.611                 686
              1CEL_A               6.800              -0.675                 433
              1CHD_A               7.200              -0.721                 198
              1CHK_B               7.400              -0.632                 238
              1CM0_A               7.600              -0.695                 162
              1CNS_A               6.600              -0.638                 243
              1COY_A               6.400              -0.619                 501
              1CQQ_A               7.600              -0.711                 180
              1CVR_A               7.200              -0.704                 432
              1CWY_A               7.000              -0.670                 500
              1CZ1_A               7.400              -0.695                 394
              1CZF_A               6.400              -0.582                 335
              1D1Q_A               6.800              -0.694                 159
              1D4C_A               6.800              -0.674                 570
              1D6O_A               6.400              -0.641                 107
              1DDJ_A               7.000              -0.752                 247
              1DGK_N               7.200              -0.659                 898
              1DGS_A               6.600              -0.657                 581
              1DIN_A               7.800              -0.717                 232
              1DNP_A               7.000              -0.689                 469
              1DVE_A               7.600              -0.671                 214
              1E0C_A               7.000              -0.733                 270
              1E1A_A               7.000              -0.713                 312
              1E6E_A               7.200              -0.677                 457
              1EB6_A               6.400              -0.555                 177
              1EH5_A               6.800              -0.705                 279
              1EUG_A               7.400              -0.697                 225
              1EUU_A               6.800              -0.653                 601
              1EX1_A               6.400              -0.659                 602
              1EXN_A               6.600              -0.711                 267
              1EXP_A               7.200              -0.626                 312
              1EYP_A               6.800              -0.711                 212
              1FF3_A               7.800              -0.710                 210
              1FGH_A               6.400              -0.640                 753
              1FHL_A               7.800              -0.659                 334
              1FOA_A               7.800              -0.747                 342
              1G24_A               7.200              -0.639                 210
              1G6T_A               6.200              -0.636                 427
              1G8O_A               7.400              -0.693                 287
              1GA8_A               7.600              -0.717                 271
              1GAL_A               6.600              -0.650                 581
              1GCU_A               7.400              -0.727                 292
              1GOG_A               6.800              -0.660                 639
              1GP5_A               7.400              -0.710                 346
              1GQ8_A               6.800              -0.649                 318
              1H19_A               6.800              -0.643                 610
              1H3I_A               7.200              -0.690                 293
              1HKA_A               6.200              -0.677                 158
              1HPL_A               6.400              -0.669                 449
              1HPM_A               6.600              -0.599                 378
              1HQC_A               7.400              -0.699                 314
              1I1E_A               7.200              -0.725                1287
              1I1I_P               7.200              -0.648                 665
              1I9A_A               7.400              -0.710                 175
              1IDJ_A               6.400              -0.622                 359
              1IG8_A               6.800              -0.646                 469
              1IM5_A               7.400              -0.658                 179
              1INP_A               6.600              -0.728                 400
              1IU4_A               6.800              -0.735                 331
              1J00_A               7.800              -0.634                 176
              1J09_A               7.200              -0.640                 468
              1JH6_A               8.200              -0.713                 181
              1JMS_A               7.200              -0.653                 360
              1JOA_A               6.600              -0.695                 446
              1JS4_A               6.400              -0.661                 605
              1K30_A               6.600              -0.734                 363
              1KL7_A               6.800              -0.699                 503
              1KNP_A               6.600              -0.687                 529
              1L1D_A               6.600              -0.745                 142
              1L1L_A               6.600              -0.673                 717
              1L6P_A               8.600              -0.656                 121
              1L7N_A               6.200              -0.661                 207
              1L7Q_A               6.600              -0.664                 571
              1L8T_A               6.600              -0.651                 263
              1L9X_A               8.400              -0.711                 288
              1LBA_A               8.000              -0.642                 146
              1LDM_A               7.200              -0.711                 329
              1LJL_A               7.600              -0.670                 130
              1LVH_A               6.600              -0.724                 220
              1M53_A               6.600              -0.662                 556
              1MBB_A               6.400              -0.691                 340
              1MJ9_A               7.400              -0.704                 273
              1MLA_A               6.600              -0.583                 305
              1MRQ_A               7.200              -0.660                 323
              1MUD_A               7.600              -0.629                 225
              1MUG_A               6.800              -0.727                 165
              1NDH_A               7.200              -0.667                 270
              1NDI_A               6.600              -0.734                 596
              1NLU_A               7.000              -0.694                 368
              1O8A_A               7.200              -0.669                 574
              1O98_A               7.000              -0.657                 509
              1OG1_A               6.600              -0.667                 223
              1OGO_X               8.000              -0.673                 572
              1OJ4_A               6.200              -0.707                 277
              1ONR_A               6.000              -0.706                 316
              1OPM_A               6.000              -0.705                 310
              1OXA_A               7.200              -0.655                 403
              1OYG_A               6.800              -0.678                 440
              1P1X_A               7.000              -0.671                 250
              1P3D_A               6.600              -0.647                 449
              1P5D_X               7.000              -0.671                 454
              1PA9_A               7.200              -0.682                 279
              1PII_A               7.000              -0.641                 452
              1PKN_A               6.400              -0.726                 514
              1PMI_A               6.800              -0.715                 440
              1PP4_A               7.200              -0.611                 233
              1PS9_A               6.800              -0.667                 671
              1PTD_A               8.200              -0.707                 296
              1PUD_A               6.600              -0.672                 372
              1PYL_A               7.000              -0.642                  95
              1Q91_A               6.400              -0.711                 194
              1QAM_A               7.200              -0.692                 235
              1QAZ_A               7.200              -0.642                 351
              1QBA_A               6.600              -0.666                 858
              1QFM_A               6.800              -0.659                 705
              1QGX_A               5.600              -0.755                 354
              1QJE_A               7.000              -0.636                 327
              1QK2_A               6.600              -0.719                 363
              1QWN_A               6.800              -0.666                1014
              1R1J_A               7.400              -0.663                 696
              1R44_A               7.400              -0.628                 202
              1R4Z_A               6.600              -0.710                 179
              1RBN_A               6.000              -0.711                 124
              1RDD_A               6.200              -0.674                 155
              1RU4_A               6.000              -0.683                 400
              1S3I_A               6.200              -0.676                 307
              1S95_A               7.400              -0.723                 324
              1SCA_A               6.200              -0.683                 274
              1SLL_A               7.200              -0.665                 679
              1SML_A               6.800              -0.754                 266
              1SNZ_A               6.200              -0.646                 344
              1TAH_B               7.000              -0.699                 318
              1TLP_E               5.600              -0.618                 316
              1U3F_A               8.000              -0.700                 164
              1U5U_A               6.800              -0.688                 366
              1UAS_A               7.200              -0.654                 362
              1UN1_A               7.000              -0.658                 267
              1VID_A               6.800              -0.697                 213
              1VLB_A               6.400              -0.651                 907
              1VNC_A               7.400              -0.699                 576
              1VQ1_A               7.800              -0.646                 263
              1W0H_A               7.200              -0.582                 194
              1XQW_A               7.400              -0.714                 290
              1Y9M_A               7.000              -0.655                 517
              1YON_A               6.800              -0.718                 292
              1YSC_A               6.600              -0.736                 421
              1ZE1_A               8.800              -0.676                 308
              1ZIO_A               6.600              -0.668                 217
              206L_A              10.200              -0.583                 162
              2A0N_A               7.200              -0.682                 251
              2ABK_A               7.400              -0.644                 211
              2ACY_A               7.000              -0.709                  98
              2AYH_A               7.200              -0.587                 214
              2CPO_A               8.000              -0.704                 298
              2CPU_A               6.800              -0.650                 495
              2DLN_A               6.600              -0.676                 306
              2EBN_A               6.800              -0.682                 285
              2ENG_A               5.800              -0.706                 205
              2F61_A               7.000              -0.722                 497
              2F9R_A               7.000              -0.662                 285
              2NLR_A               6.200              -0.603                 222
              2NMT_A               7.200              -0.721                 422
              2PEC_A               6.400              -0.610                 352
              2PIA_A               6.600              -0.668                 321
              2PTH_A               6.800              -0.631                 193
              2SQC_A               6.200              -0.689                 623
              2THI_A               6.800              -0.699                 362
              2TPS_A               6.400              -0.704                 226
              5EAT_A               7.000              -0.652                 532
              7ATJ_A               6.600              -0.659                 305
