                 pdb     free_param_best         sp_cor_best                nres
              132L_A              -2.200              -0.565                 124
              13PK_A              -3.200              -0.703                 415
              1A26_A              -3.200              -0.645                 351
              1A2T_A              -3.000              -0.693                 134
              1A4L_A              -3.000              -0.668                 348
              1A65_A              -2.800              -0.655                 504
              1A8H_A              -3.200              -0.641                 500
              1A8S_A              -2.900              -0.684                 273
              1AF7_A              -3.100              -0.678                 274
              1AGM_A              -3.100              -0.640                 470
              1AGY_A              -3.200              -0.693                 197
              1AH7_A              -2.800              -0.681                 245
              1AJ0_A              -3.000              -0.623                 282
              1AK0_A              -2.900              -0.619                 264
              1AKO_A              -2.300              -0.737                 268
              1AMY_A              -2.900              -0.651                 403
              1AQ2_A              -3.400              -0.669                 534
              1AQL_A              -3.400              -0.678                 532
              1AST_A              -2.700              -0.597                 200
              1B04_A              -3.000              -0.656                 310
              1B2R_A              -2.700              -0.637                 295
              1BBS_A              -3.000              -0.587                 331
              1BF2_A              -3.200              -0.620                 750
              1BG0_A              -3.100              -0.634                 356
              1BH2_A              -3.300              -0.612                 315
              1BOL_A              -2.600              -0.548                 222
              1BP2_A              -3.900              -0.664                 123
              1BQC_A              -3.000              -0.645                 302
              1BS0_A              -3.300              -0.663                 383
              1BS4_A              -2.200              -0.623                 168
              1BS9_A              -3.300              -0.627                 207
              1BT1_A              -2.300              -0.683                 336
              1BU7_A              -3.200              -0.659                 455
              1BVV_A              -2.100              -0.605                 185
              1BVZ_A              -3.300              -0.647                 585
              1BWL_A              -2.900              -0.655                 399
              1BWZ_A              -3.300              -0.648                 274
              1BYA_A              -2.900              -0.605                 491
              1BZC_A              -2.900              -0.774                 297
              1C82_A              -3.400              -0.686                 719
              1CA2_A              -2.900              -0.713                 256
              1CB8_A              -3.300              -0.646                 674
              1CBX_A              -3.000              -0.608                 307
              1CDG_A              -3.300              -0.575                 686
              1CEL_A              -3.200              -0.658                 433
              1CHD_A              -2.500              -0.716                 198
              1CHK_B              -3.000              -0.594                 238
              1CM0_A              -2.000              -0.675                 162
              1CNS_A              -2.900              -0.610                 243
              1COY_A              -3.200              -0.589                 501
              1CQQ_A              -1.900              -0.708                 180
              1CVR_A              -3.000              -0.684                 432
              1CWY_A              -3.200              -0.635                 500
              1CZ1_A              -2.600              -0.677                 394
              1CZF_A              -3.600              -0.556                 335
              1D1Q_A              -2.800              -0.689                 159
              1D4C_A              -3.100              -0.647                 570
              1D6O_A              -2.900              -0.651                 107
              1DDJ_A              -2.600              -0.742                 247
              1DGK_N              -3.200              -0.623                 898
              1DGS_A              -3.300              -0.602                 581
              1DIN_A              -2.600              -0.694                 232
              1DNP_A              -3.200              -0.632                 469
              1DVE_A              -2.300              -0.622                 214
              1E0C_A              -3.000              -0.723                 270
              1E1A_A              -2.900              -0.707                 312
              1E6E_A              -3.000              -0.647                 457
              1EB6_A              -2.300              -0.518                 177
              1EH5_A              -2.700              -0.686                 279
              1EUG_A              -2.500              -0.667                 225
              1EUU_A              -3.400              -0.638                 601
              1EX1_A              -3.400              -0.647                 602
              1EXN_A              -3.300              -0.678                 267
              1EXP_A              -2.600              -0.587                 312
              1EYP_A              -2.700              -0.678                 212
              1FF3_A              -2.600              -0.698                 210
              1FGH_A              -3.400              -0.614                 753
              1FHL_A              -2.500              -0.645                 334
              1FOA_A              -2.800              -0.730                 342
              1G24_A              -2.800              -0.586                 210
              1G6T_A              -3.400              -0.613                 427
              1G8O_A              -2.500              -0.660                 287
              1GA8_A              -2.600              -0.692                 271
              1GAL_A              -3.300              -0.621                 581
              1GCU_A              -3.100              -0.698                 292
              1GOG_A              -3.300              -0.654                 639
              1GP5_A              -3.000              -0.678                 346
              1GQ8_A              -3.000              -0.623                 318
              1H19_A              -3.300              -0.591                 610
              1H3I_A              -2.700              -0.687                 293
              1HKA_A              -3.200              -0.663                 158
              1HPL_A              -3.100              -0.649                 449
              1HPM_A              -3.300              -0.552                 378
              1HQC_A              -2.900              -0.670                 314
              1I1E_A              -3.400              -0.681                1287
              1I1I_P              -3.300              -0.585                 665
              1I9A_A              -2.200              -0.704                 175
              1IDJ_A              -3.600              -0.617                 359
              1IG8_A              -3.500              -0.604                 469
              1IM5_A              -2.600              -0.651                 179
              1INP_A              -3.000              -0.712                 400
              1IU4_A              -3.200              -0.716                 331
              1J00_A              -2.300              -0.622                 176
              1J09_A              -3.100              -0.600                 468
              1JH6_A              -2.100              -0.695                 181
              1JMS_A              -3.200              -0.603                 360
              1JOA_A              -3.100              -0.649                 446
              1JS4_A              -3.400              -0.646                 605
              1K30_A              -3.400              -0.705                 363
              1KL7_A              -3.200              -0.668                 503
              1KNP_A              -3.200              -0.655                 529
              1L1D_A              -2.700              -0.744                 142
              1L1L_A              -3.500              -0.643                 717
              1L6P_A              -2.100              -0.642                 121
              1L7N_A              -3.000              -0.646                 207
              1L7Q_A              -3.300              -0.651                 571
              1L8T_A              -3.100              -0.616                 263
              1L9X_A              -2.100              -0.704                 288
              1LBA_A              -2.300              -0.640                 146
              1LDM_A              -3.000              -0.688                 329
              1LJL_A              -1.900              -0.657                 130
              1LVH_A              -3.100              -0.692                 220
              1M53_A              -3.300              -0.651                 556
              1MBB_A              -3.200              -0.628                 340
              1MJ9_A              -2.700              -0.676                 273
              1MLA_A              -3.300              -0.566                 305
              1MRQ_A              -2.700              -0.633                 323
              1MUD_A              -2.500              -0.610                 225
              1MUG_A              -2.400              -0.708                 165
              1NDH_A              -2.900              -0.633                 270
              1NDI_A              -3.400              -0.689                 596
              1NLU_A              -2.900              -0.690                 368
              1O8A_A              -3.000              -0.619                 574
              1O98_A              -3.500              -0.642                 509
              1OG1_A              -3.200              -0.660                 223
              1OGO_X              -3.000              -0.665                 572
              1OJ4_A              -3.500              -0.690                 277
              1ONR_A              -3.500              -0.680                 316
              1OPM_A              -3.500              -0.686                 310
              1OXA_A              -2.900              -0.609                 403
              1OYG_A              -3.100              -0.664                 440
              1P1X_A              -2.900              -0.656                 250
              1P3D_A              -3.500              -0.601                 449
              1P5D_X              -3.300              -0.656                 454
              1PA9_A              -2.800              -0.652                 279
              1PII_A              -3.200              -0.600                 452
              1PKN_A              -3.300              -0.692                 514
              1PMI_A              -3.100              -0.686                 440
              1PP4_A              -2.400              -0.597                 233
              1PS9_A              -3.500              -0.624                 671
              1PTD_A              -2.200              -0.689                 296
              1PUD_A              -3.000              -0.656                 372
              1PYL_A              -2.600              -0.630                  95
              1Q91_A              -2.900              -0.674                 194
              1QAM_A              -2.900              -0.645                 235
              1QAZ_A              -2.800              -0.612                 351
              1QBA_A              -3.400              -0.650                 858
              1QFM_A              -3.400              -0.635                 705
              1QGX_A              -3.700              -0.754                 354
              1QJE_A              -3.000              -0.590                 327
              1QK2_A              -2.900              -0.691                 363
              1QWN_A              -3.500              -0.643                1014
              1R1J_A              -3.300              -0.605                 696
              1R44_A              -2.400              -0.588                 202
              1R4Z_A              -2.300              -0.703                 179
              1RBN_A              -2.900              -0.696                 124
              1RDD_A              -2.900              -0.680                 155
              1RU4_A              -3.500              -0.667                 400
              1S3I_A              -3.200              -0.648                 307
              1S95_A              -2.800              -0.711                 324
              1SCA_A              -2.900              -0.682                 274
              1SLL_A              -3.200              -0.641                 679
              1SML_A              -2.800              -0.735                 266
              1SNZ_A              -3.000              -0.609                 344
              1TAH_B              -3.000              -0.697                 318
              1TLP_E              -3.500              -0.606                 316
              1U3F_A              -2.500              -0.704                 164
              1U5U_A              -3.100              -0.672                 366
              1UAS_A              -2.700              -0.629                 362
              1UN1_A              -2.600              -0.648                 267
              1VID_A              -2.800              -0.673                 213
              1VLB_A              -3.500              -0.646                 907
              1VNC_A              -2.800              -0.684                 576
              1VQ1_A              -2.600              -0.610                 263
              1W0H_A              -2.300              -0.569                 194
              1XQW_A              -2.800              -0.707                 290
              1Y9M_A              -3.100              -0.646                 517
              1YON_A              -2.900              -0.677                 292
              1YSC_A              -3.200              -0.723                 421
              1ZE1_A              -2.800              -0.631                 308
              1ZIO_A              -3.000              -0.628                 217
              206L_A              -2.100              -0.532                 162
              2A0N_A              -2.700              -0.648                 251
              2ABK_A              -2.500              -0.601                 211
              2ACY_A              -2.200              -0.695                  98
              2AYH_A              -2.300              -0.580                 214
              2CPO_A              -2.400              -0.673                 298
              2CPU_A              -3.200              -0.639                 495
              2DLN_A              -2.900              -0.649                 306
              2EBN_A              -3.000              -0.652                 285
              2ENG_A              -3.300              -0.681                 205
              2F61_A              -3.200              -0.699                 497
              2F9R_A              -2.800              -0.655                 285
              2NLR_A              -3.100              -0.598                 222
              2NMT_A              -3.200              -0.698                 422
              2PEC_A              -3.100              -0.599                 352
              2PIA_A              -3.300              -0.638                 321
              2PTH_A              -2.600              -0.614                 193
              2SQC_A              -3.500              -0.676                 623
              2THI_A              -3.100              -0.672                 362
              2TPS_A              -2.800              -0.687                 226
              5EAT_A              -3.200              -0.603                 532
              7ATJ_A              -2.800              -0.624                 305
