                 pdb     free_param_best         sp_cor_best                nres
              132L_A               3.000              -0.574                 124
              13PK_A               2.400              -0.717                 415
              1A26_A               2.800              -0.666                 351
              1A2T_A               2.400              -0.702                 134
              1A4L_A               2.800              -0.685                 348
              1A65_A               3.000              -0.676                 504
              1A8H_A               2.800              -0.680                 500
              1A8S_A               2.800              -0.685                 273
              1AF7_A               3.000              -0.703                 274
              1AGM_A               2.400              -0.642                 470
              1AGY_A               2.400              -0.700                 197
              1AH7_A               2.800              -0.689                 245
              1AJ0_A               2.800              -0.635                 282
              1AK0_A               2.600              -0.632                 264
              1AKO_A               3.400              -0.745                 268
              1AMY_A               3.000              -0.663                 403
              1AQ2_A               2.400              -0.690                 534
              1AQL_A               2.600              -0.694                 532
              1AST_A               3.000              -0.611                 200
              1B04_A               2.600              -0.677                 310
              1B2R_A               3.000              -0.653                 295
              1BBS_A               2.400              -0.616                 331
              1BF2_A               2.600              -0.625                 750
              1BG0_A               2.800              -0.648                 356
              1BH2_A               2.400              -0.648                 315
              1BOL_A               2.800              -0.562                 222
              1BP2_A               2.400              -0.687                 123
              1BQC_A               2.400              -0.647                 302
              1BS0_A               2.400              -0.686                 383
              1BS4_A               3.800              -0.637                 168
              1BS9_A               2.200              -0.631                 207
              1BT1_A               3.600              -0.692                 336
              1BU7_A               2.800              -0.694                 455
              1BVV_A               3.600              -0.611                 185
              1BVZ_A               2.600              -0.675                 585
              1BWL_A               2.800              -0.674                 399
              1BWZ_A               2.400              -0.656                 274
              1BYA_A               2.800              -0.629                 491
              1BZC_A               2.600              -0.783                 297
              1C82_A               2.800              -0.713                 719
              1CA2_A               3.200              -0.705                 256
              1CB8_A               2.800              -0.676                 674
              1CBX_A               3.000              -0.615                 307
              1CDG_A               2.600              -0.603                 686
              1CEL_A               2.400              -0.672                 433
              1CHD_A               2.800              -0.721                 198
              1CHK_B               3.000              -0.620                 238
              1CM0_A               3.800              -0.683                 162
              1CNS_A               2.800              -0.628                 243
              1COY_A               2.400              -0.609                 501
              1CQQ_A               4.000              -0.711                 180
              1CVR_A               2.800              -0.697                 432
              1CWY_A               2.800              -0.659                 500
              1CZ1_A               3.200              -0.688                 394
              1CZF_A               2.200              -0.574                 335
              1D1Q_A               3.000              -0.691                 159
              1D4C_A               2.800              -0.666                 570
              1D6O_A               2.400              -0.648                 107
              1DDJ_A               3.000              -0.747                 247
              1DGK_N               2.800              -0.648                 898
              1DGS_A               2.600              -0.641                 581
              1DIN_A               3.200              -0.710                 232
              1DNP_A               2.800              -0.671                 469
              1DVE_A               3.400              -0.650                 214
              1E0C_A               2.800              -0.733                 270
              1E1A_A               2.800              -0.712                 312
              1E6E_A               2.800              -0.670                 457
              1EB6_A               2.600              -0.541                 177
              1EH5_A               2.600              -0.699                 279
              1EUG_A               3.400              -0.684                 225
              1EUU_A               2.400              -0.653                 601
              1EX1_A               2.400              -0.660                 602
              1EXN_A               2.400              -0.700                 267
              1EXP_A               2.800              -0.610                 312
              1EYP_A               2.800              -0.699                 212
              1FF3_A               3.200              -0.707                 210
              1FGH_A               2.400              -0.633                 753
              1FHL_A               3.000              -0.654                 334
              1FOA_A               3.200              -0.743                 342
              1G24_A               2.600              -0.620                 210
              1G6T_A               2.400              -0.630                 427
              1G8O_A               3.200              -0.680                 287
              1GA8_A               3.000              -0.709                 271
              1GAL_A               2.600              -0.642                 581
              1GCU_A               2.600              -0.717                 292
              1GOG_A               2.600              -0.661                 639
              1GP5_A               3.000              -0.697                 346
              1GQ8_A               2.800              -0.643                 318
              1H19_A               2.600              -0.628                 610
              1H3I_A               3.000              -0.692                 293
              1HKA_A               2.400              -0.670                 158
              1HPL_A               2.400              -0.664                 449
              1HPM_A               2.400              -0.583                 378
              1HQC_A               3.000              -0.693                 314
              1I1E_A               2.800              -0.714                1287
              1I1I_P               2.800              -0.627                 665
              1I9A_A               3.400              -0.711                 175
              1IDJ_A               2.400              -0.623                 359
              1IG8_A               2.600              -0.633                 469
              1IM5_A               3.200              -0.653                 179
              1INP_A               2.600              -0.725                 400
              1IU4_A               2.600              -0.731                 331
              1J00_A               3.800              -0.630                 176
              1J09_A               3.200              -0.626                 468
              1JH6_A               3.400              -0.706                 181
              1JMS_A               2.600              -0.637                 360
              1JOA_A               2.600              -0.684                 446
              1JS4_A               2.600              -0.656                 605
              1K30_A               2.600              -0.724                 363
              1KL7_A               2.600              -0.691                 503
              1KNP_A               2.600              -0.678                 529
              1L1D_A               2.600              -0.745                 142
              1L1L_A               2.400              -0.666                 717
              1L6P_A               3.800              -0.657                 121
              1L7N_A               2.400              -0.657                 207
              1L7Q_A               2.600              -0.661                 571
              1L8T_A               2.600              -0.636                 263
              1L9X_A               3.600              -0.709                 288
              1LBA_A               3.200              -0.643                 146
              1LDM_A               2.800              -0.705                 329
              1LJL_A               4.000              -0.667                 130
              1LVH_A               2.800              -0.717                 220
              1M53_A               2.600              -0.663                 556
              1MBB_A               2.600              -0.672                 340
              1MJ9_A               3.400              -0.695                 273
              1MLA_A               2.600              -0.574                 305
              1MRQ_A               3.000              -0.649                 323
              1MUD_A               4.000              -0.618                 225
              1MUG_A               3.200              -0.719                 165
              1NDH_A               2.800              -0.657                 270
              1NDI_A               2.600              -0.722                 596
              1NLU_A               3.000              -0.694                 368
              1O8A_A               2.800              -0.652                 574
              1O98_A               2.400              -0.655                 509
              1OG1_A               2.400              -0.665                 223
              1OGO_X               3.200              -0.671                 572
              1OJ4_A               2.400              -0.703                 277
              1ONR_A               2.200              -0.696                 316
              1OPM_A               2.200              -0.701                 310
              1OXA_A               3.000              -0.638                 403
              1OYG_A               2.600              -0.674                 440
              1P1X_A               3.000              -0.662                 250
              1P3D_A               2.400              -0.636                 449
              1P5D_X               2.600              -0.666                 454
              1PA9_A               3.000              -0.671                 279
              1PII_A               2.800              -0.628                 452
              1PKN_A               2.600              -0.717                 514
              1PMI_A               2.800              -0.708                 440
              1PP4_A               2.800              -0.606                 233
              1PS9_A               2.600              -0.656                 671
              1PTD_A               3.400              -0.701                 296
              1PUD_A               2.600              -0.669                 372
              1PYL_A               2.600              -0.631                  95
              1Q91_A               2.600              -0.699                 194
              1QAM_A               3.200              -0.678                 235
              1QAZ_A               3.000              -0.631                 351
              1QBA_A               2.600              -0.665                 858
              1QFM_A               2.600              -0.655                 705
              1QGX_A               2.000              -0.754                 354
              1QJE_A               2.800              -0.617                 327
              1QK2_A               2.600              -0.712                 363
              1QWN_A               2.600              -0.661                1014
              1R1J_A               2.800              -0.646                 696
              1R44_A               3.000              -0.609                 202
              1R4Z_A               3.400              -0.706                 179
              1RBN_A               2.200              -0.703                 124
              1RDD_A               2.400              -0.678                 155
              1RU4_A               2.200              -0.679                 400
              1S3I_A               2.600              -0.669                 307
              1S95_A               2.800              -0.721                 324
              1SCA_A               2.600              -0.684                 274
              1SLL_A               2.800              -0.660                 679
              1SML_A               2.800              -0.748                 266
              1SNZ_A               2.400              -0.640                 344
              1TAH_B               2.600              -0.701                 318
              1TLP_E               2.000              -0.616                 316
              1U3F_A               3.200              -0.703                 164
              1U5U_A               2.800              -0.682                 366
              1UAS_A               3.200              -0.646                 362
              1UN1_A               3.000              -0.656                 267
              1VID_A               2.800              -0.690                 213
              1VLB_A               2.400              -0.653                 907
              1VNC_A               3.000              -0.693                 576
              1VQ1_A               3.200              -0.636                 263
              1W0H_A               3.200              -0.577                 194
              1XQW_A               3.400              -0.713                 290
              1Y9M_A               2.800              -0.653                 517
              1YON_A               2.600              -0.708                 292
              1YSC_A               2.400              -0.734                 421
              1ZE1_A               3.200              -0.665                 308
              1ZIO_A               2.600              -0.653                 217
              206L_A               4.200              -0.563                 162
              2A0N_A               2.800              -0.666                 251
              2ABK_A               3.200              -0.628                 211
              2ACY_A               3.000              -0.701                  98
              2AYH_A               3.000              -0.587                 214
              2CPO_A               3.200              -0.693                 298
              2CPU_A               2.600              -0.647                 495
              2DLN_A               2.800              -0.667                 306
              2EBN_A               2.800              -0.672                 285
              2ENG_A               2.200              -0.699                 205
              2F61_A               2.800              -0.717                 497
              2F9R_A               3.000              -0.658                 285
              2NLR_A               2.600              -0.599                 222
              2NMT_A               2.800              -0.715                 422
              2PEC_A               2.400              -0.608                 352
              2PIA_A               2.400              -0.660                 321
              2PTH_A               2.800              -0.623                 193
              2SQC_A               2.400              -0.686                 623
              2THI_A               2.600              -0.690                 362
              2TPS_A               2.600              -0.696                 226
              5EAT_A               2.600              -0.636                 532
              7ATJ_A               3.000              -0.649                 305
