                 pdb     free_param_best         sp_cor_best                nres
              132L_A               4.200              -0.728                 124
              13PK_A               5.200              -0.779                 415
              1A26_A               6.200              -0.789                 351
              1A2T_A               5.000              -0.826                 134
              1A4L_A               5.200              -0.780                 348
              1A65_A               6.200              -0.788                 504
              1A8H_A               6.000              -0.782                 500
              1A8S_A               5.400              -0.756                 273
              1AF7_A               5.200              -0.802                 274
              1AGM_A               5.000              -0.761                 470
              1AGY_A               5.200              -0.772                 197
              1AH7_A               5.600              -0.784                 245
              1AJ0_A               5.200              -0.763                 282
              1AK0_A               5.400              -0.768                 264
              1AKO_A               6.600              -0.831                 268
              1AMY_A               5.000              -0.765                 403
              1AQ2_A               5.400              -0.773                 534
              1AQL_A               5.000              -0.814                 532
              1AST_A               5.200              -0.789                 200
              1B04_A               5.600              -0.801                 310
              1B2R_A               5.800              -0.760                 295
              1BBS_A               5.200              -0.732                 331
              1BF2_A               5.600              -0.733                 750
              1BG0_A               5.800              -0.780                 356
              1BH2_A               5.400              -0.789                 315
              1BOL_A               5.000              -0.767                 222
              1BP2_A               4.200              -0.849                 123
              1BQC_A               4.800              -0.740                 302
              1BS0_A               5.400              -0.751                 383
              1BS4_A               4.800              -0.820                 168
              1BS9_A               4.600              -0.767                 207
              1BT1_A               6.200              -0.814                 336
              1BU7_A               5.800              -0.817                 455
              1BVV_A               5.000              -0.777                 185
              1BVZ_A               5.800              -0.793                 585
              1BWL_A               5.400              -0.794                 399
              1BWZ_A               4.600              -0.787                 274
              1BYA_A               5.000              -0.767                 491
              1BZC_A               7.000              -0.844                 297
              1C82_A               5.600              -0.808                 719
              1CA2_A               5.600              -0.826                 256
              1CB8_A               5.200              -0.790                 674
              1CBX_A               4.800              -0.722                 307
              1CDG_A               5.400              -0.734                 686
              1CEL_A               5.600              -0.790                 433
              1CHD_A               5.800              -0.823                 198
              1CHK_B               5.200              -0.761                 238
              1CM0_A               5.800              -0.797                 162
              1CNS_A               5.800              -0.765                 243
              1COY_A               5.000              -0.744                 501
              1CQQ_A               6.600              -0.793                 180
              1CVR_A               6.000              -0.786                 432
              1CWY_A               5.400              -0.786                 500
              1CZ1_A               5.600              -0.795                 394
              1CZF_A               4.600              -0.793                 335
              1D1Q_A               5.600              -0.796                 159
              1D4C_A               4.800              -0.772                 570
              1D6O_A               6.000              -0.805                 107
              1DDJ_A               5.200              -0.815                 247
              1DGK_N               5.600              -0.775                 898
              1DGS_A               5.600              -0.783                 581
              1DIN_A               5.800              -0.796                 232
              1DNP_A               5.200              -0.818                 469
              1DVE_A               5.200              -0.817                 214
              1E0C_A               5.800              -0.822                 270
              1E1A_A               5.400              -0.801                 312
              1E6E_A               5.200              -0.808                 457
              1EB6_A               4.400              -0.738                 177
              1EH5_A               5.000              -0.799                 279
              1EUG_A               6.200              -0.812                 225
              1EUU_A               5.800              -0.797                 601
              1EX1_A               4.800              -0.766                 602
              1EXN_A               5.400              -0.803                 267
              1EXP_A               5.000              -0.774                 312
              1EYP_A               5.800              -0.782                 212
              1FF3_A               5.800              -0.804                 210
              1FGH_A               4.800              -0.732                 753
              1FHL_A               5.400              -0.779                 334
              1FOA_A               5.800              -0.838                 342
              1G24_A               4.800              -0.792                 210
              1G6T_A               4.600              -0.745                 427
              1G8O_A               5.600              -0.829                 287
              1GA8_A               5.800              -0.806                 271
              1GAL_A               4.800              -0.751                 581
              1GCU_A               6.200              -0.808                 292
              1GOG_A               5.600              -0.761                 639
              1GP5_A               5.400              -0.823                 346
              1GQ8_A               5.800              -0.782                 318
              1H19_A               5.200              -0.773                 610
              1H3I_A               5.600              -0.816                 293
              1HKA_A               4.800              -0.802                 158
              1HPL_A               5.000              -0.796                 449
              1HPM_A               4.600              -0.752                 378
              1HQC_A               6.000              -0.796                 314
              1I1E_A               5.600              -0.818                1287
              1I1I_P               5.400              -0.779                 665
              1I9A_A               5.600              -0.796                 175
              1IDJ_A               5.200              -0.784                 359
              1IG8_A               5.800              -0.774                 469
              1IM5_A               5.000              -0.765                 179
              1INP_A               6.000              -0.808                 400
              1IU4_A               5.800              -0.823                 331
              1J00_A               5.800              -0.775                 176
              1J09_A               5.600              -0.770                 468
              1JH6_A               5.400              -0.836                 181
              1JMS_A               5.800              -0.797                 360
              1JOA_A               5.400              -0.808                 446
              1JS4_A               5.400              -0.774                 605
              1K30_A               5.200              -0.833                 363
              1KL7_A               5.600              -0.776                 503
              1KNP_A               5.200              -0.774                 529
              1L1D_A               6.200              -0.831                 142
              1L1L_A               5.400              -0.769                 717
              1L6P_A               6.000              -0.845                 121
              1L7N_A               5.000              -0.788                 207
              1L7Q_A               5.200              -0.762                 571
              1L8T_A               5.400              -0.770                 263
              1L9X_A               5.600              -0.813                 288
              1LBA_A               5.000              -0.764                 146
              1LDM_A               6.200              -0.792                 329
              1LJL_A               8.600              -0.757                 130
              1LVH_A               6.200              -0.832                 220
              1M53_A               5.200              -0.765                 556
              1MBB_A               5.000              -0.819                 340
              1MJ9_A               5.400              -0.828                 273
              1MLA_A               4.800              -0.712                 305
              1MRQ_A               5.000              -0.792                 323
              1MUD_A               5.200              -0.774                 225
              1MUG_A               5.400              -0.809                 165
              1NDH_A               5.400              -0.787                 270
              1NDI_A               5.200              -0.819                 596
              1NLU_A               5.400              -0.789                 368
              1O8A_A               5.600              -0.791                 574
              1O98_A               5.200              -0.766                 509
              1OG1_A               4.400              -0.820                 223
              1OGO_X               5.800              -0.780                 572
              1OJ4_A               4.800              -0.815                 277
              1ONR_A               4.800              -0.776                 316
              1OPM_A               4.800              -0.831                 310
              1OXA_A               5.800              -0.782                 403
              1OYG_A               5.800              -0.784                 440
              1P1X_A               5.800              -0.766                 250
              1P3D_A               5.400              -0.729                 449
              1P5D_X               5.400              -0.771                 454
              1PA9_A               5.000              -0.793                 279
              1PII_A               5.000              -0.749                 452
              1PKN_A               5.200              -0.818                 514
              1PMI_A               5.400              -0.815                 440
              1PP4_A               4.600              -0.754                 233
              1PS9_A               5.000              -0.763                 671
              1PTD_A               5.800              -0.808                 296
              1PUD_A               5.000              -0.777                 372
              1PYL_A               5.400              -0.787                  95
              1Q91_A               5.400              -0.830                 194
              1QAM_A               4.800              -0.837                 235
              1QAZ_A               4.800              -0.788                 351
              1QBA_A               5.800              -0.765                 858
              1QFM_A               5.600              -0.770                 705
              1QGX_A               5.400              -0.825                 354
              1QJE_A               5.400              -0.777                 327
              1QK2_A               5.200              -0.798                 363
              1QWN_A               5.200              -0.780                1014
              1R1J_A               5.200              -0.812                 696
              1R44_A               4.800              -0.804                 202
              1R4Z_A               6.200              -0.797                 179
              1RBN_A               5.400              -0.776                 124
              1RDD_A               6.000              -0.792                 155
              1RU4_A               5.800              -0.798                 400
              1S3I_A               5.800              -0.773                 307
              1S95_A               5.600              -0.824                 324
              1SCA_A               4.800              -0.763                 274
              1SLL_A               5.400              -0.782                 679
              1SML_A               5.600              -0.843                 266
              1SNZ_A               5.600              -0.751                 344
              1TAH_B               6.000              -0.767                 318
              1TLP_E               4.800              -0.719                 316
              1U3F_A               5.400              -0.820                 164
              1U5U_A               5.400              -0.800                 366
              1UAS_A               6.200              -0.755                 362
              1UN1_A               6.400              -0.784                 267
              1VID_A               5.200              -0.801                 213
              1VLB_A               4.400              -0.765                 907
              1VNC_A               5.400              -0.778                 576
              1VQ1_A               5.800              -0.804                 263
              1W0H_A               5.400              -0.750                 194
              1XQW_A               5.200              -0.819                 290
              1Y9M_A               5.400              -0.768                 517
              1YON_A               4.800              -0.826                 292
              1YSC_A               5.400              -0.807                 421
              1ZE1_A               6.800              -0.800                 308
              1ZIO_A               6.200              -0.744                 217
              206L_A               6.200              -0.736                 162
              2A0N_A               4.800              -0.807                 251
              2ABK_A               5.000              -0.786                 211
              2ACY_A               7.200              -0.851                  98
              2AYH_A               6.200              -0.734                 214
              2CPO_A               5.800              -0.804                 298
              2CPU_A               5.800              -0.754                 495
              2DLN_A               5.400              -0.767                 306
              2EBN_A               6.200              -0.801                 285
              2ENG_A               5.200              -0.809                 205
              2F61_A               5.400              -0.803                 497
              2F9R_A               5.200              -0.780                 285
              2NLR_A               4.800              -0.746                 222
              2NMT_A               6.000              -0.805                 422
              2PEC_A               5.000              -0.801                 352
              2PIA_A               6.200              -0.742                 321
              2PTH_A               5.600              -0.789                 193
              2SQC_A               5.000              -0.785                 623
              2THI_A               5.200              -0.829                 362
              2TPS_A               4.800              -0.786                 226
              5EAT_A               5.200              -0.786                 532
              7ATJ_A               4.800              -0.814                 305
