missing side chain in residue:  16 GLY in PDB: 1RD8_X
missing side chain in residue:  49 GLY in PDB: 1RD8_X
missing side chain in residue:  55 GLY in PDB: 1RD8_X
missing side chain in residue:  62 GLY in PDB: 1RD8_X
missing side chain in residue:  68 GLY in PDB: 1RD8_X
missing side chain in residue:  72 GLY in PDB: 1RD8_X
missing side chain in residue:  96 GLY in PDB: 1RD8_X
missing side chain in residue:  100 GLY in PDB: 1RD8_X
missing side chain in residue:  134 GLY in PDB: 1RD8_X
missing side chain in residue:  143 GLY in PDB: 1RD8_X
missing side chain in residue:  158 GLY in PDB: 1RD8_X
missing side chain in residue:  173 GLY in PDB: 1RD8_X
missing side chain in residue:  181 GLY in PDB: 1RD8_X
missing side chain in residue:  188 GLY in PDB: 1RD8_X
missing side chain in residue:  205 GLY in PDB: 1RD8_X
missing side chain in residue:  228 GLY in PDB: 1RD8_X
missing side chain in residue:  240 GLY in PDB: 1RD8_X
missing side chain in residue:  249 GLY in PDB: 1RD8_X
missing side chain in residue:  263 GLY in PDB: 1RD8_X
missing side chain in residue:  264 GLY in PDB: 1RD8_X
missing side chain in residue:  266 GLY in PDB: 1RD8_X
missing side chain in residue:  286 GLY in PDB: 1RD8_X
missing side chain in residue:  303 GLY in PDB: 1RD8_X
missing side chain in residue:  319 GLY in PDB: 1RD8_X
missing side chain in residue:  330 GLY in PDB: 1RD8_X
missing side chain in residue:  333 GLY in PDB: 1RD8_X
missing side chain in residue:  337 GLY in PDB: 1RD8_X
missing side chain in residue:  341 GLY in PDB: 1RD8_X
missing side chain in residue:  342 GLY in PDB: 1RD8_X
missing side chain in residue:  345 GLY in PDB: 1RD8_X
missing side chain in residue:  349 GLY in PDB: 1RD8_X
missing side chain in residue:  352 GLY in PDB: 1RD8_X
missing side chain in residue:  360 GLY in PDB: 1RD8_X
missing side chain in residue:  362 GLY in PDB: 1RD8_X
missing side chain in residue:  376 GLY in PDB: 1RD8_X
missing side chain in residue:  396 GLY in PDB: 1RD8_X
missing side chain in residue:  416 GLY in PDB: 1RD8_X
missing side chain in residue:  463 GLY in PDB: 1RD8_X
missing side chain in residue:  465 GLY in PDB: 1RD8_X
missing side chain in residue:  484 GLY in PDB: 1RD8_X
Negative Voronoi free volume detected! 1RD8_X TYR 17 -4.931
Negative Voronoi free volume detected! 1RD8_X LYS 53 -28.701
Negative Voronoi free volume detected! 1RD8_X TRP 84 -33.991
Negative Voronoi free volume detected! 1RD8_X TYR 86 -10.344
Negative Voronoi free volume detected! 1RD8_X LYS 156 -17.633
Negative Voronoi free volume detected! 1RD8_X TYR 161 -4.968
Negative Voronoi free volume detected! 1RD8_X TRP 180 -1.141
Negative Voronoi free volume detected! 1RD8_X TYR 195 -30.334
Negative Voronoi free volume detected! 1RD8_X TRP 255 -31.015
Negative Voronoi free volume detected! 1RD8_X TYR 256 -9.167
Negative Voronoi free volume detected! 1RD8_X PHE 294 -5.727
Negative Voronoi free volume detected! 1RD8_X TYR 308 -4.174
Negative Voronoi free volume detected! 1RD8_X PHE 332 -21.116
Negative Voronoi free volume detected! 1RD8_X TRP 350 -9.753
Negative Voronoi free volume detected! 1RD8_X TYR 351 -16.568
Negative Voronoi free volume detected! 1RD8_X TYR 353 -5.505
Negative Voronoi free volume detected! 1RD8_X TYR 86 -8.041
Negative Voronoi free volume detected! 1RD8_X TYR 98 -8.363
Negative Voronoi free volume detected! 1RD8_X TRP 127 -9.334
Negative Voronoi free volume detected! 1RD8_X TYR 148 -3.2
Negative Voronoi free volume detected! 1RD8_X TRP 350 -6.276
Negative Voronoi free volume detected! 1RD8_X LYS 53 -1.645
Negative Voronoi free volume detected! 1RD8_X TRP 84 -12.223
Negative Voronoi free volume detected! 1RD8_X TYR 195 -1.047
crdCA rm crdCA crdCA.vol
crdSC rm crdSC crdSC.vol
crdAA rm crdAA crdAA.vol
../../structures_asap/1RD8_X.pdb
missing side chain in residue:  3 GLY in PDB: 2FP7_B
missing side chain in residue:  14 GLY in PDB: 2FP7_B
missing side chain in residue:  16 GLY in PDB: 2FP7_B
missing side chain in residue:  21 GLY in PDB: 2FP7_B
missing side chain in residue:  32 GLY in PDB: 2FP7_B
missing side chain in residue:  38 GLY in PDB: 2FP7_B
missing side chain in residue:  40 GLY in PDB: 2FP7_B
missing side chain in residue:  47 GLY in PDB: 2FP7_B
missing side chain in residue:  57 GLY in PDB: 2FP7_B
missing side chain in residue:  58 GLY in PDB: 2FP7_B
missing side chain in residue:  68 GLY in PDB: 2FP7_B
missing side chain in residue:  80 GLY in PDB: 2FP7_B
missing side chain in residue:  91 GLY in PDB: 2FP7_B
missing side chain in residue:  98 GLY in PDB: 2FP7_B
missing side chain in residue:  101 GLY in PDB: 2FP7_B
missing side chain in residue:  110 GLY in PDB: 2FP7_B
missing side chain in residue:  113 GLY in PDB: 2FP7_B
missing side chain in residue:  121 GLY in PDB: 2FP7_B
missing side chain in residue:  125 GLY in PDB: 2FP7_B
missing side chain in residue:  128 GLY in PDB: 2FP7_B
missing side chain in residue:  130 GLY in PDB: 2FP7_B
missing side chain in residue:  136 GLY in PDB: 2FP7_B
missing side chain in residue:  145 GLY in PDB: 2FP7_B
Negative Voronoi free volume detected! 2FP7_B TRP 27 -51.818
Negative Voronoi free volume detected! 2FP7_B LEU 54 -9.04
Negative Voronoi free volume detected! 2FP7_B TYR 56 -28.073
Negative Voronoi free volume detected! 2FP7_B ILE 116 -2.074
Negative Voronoi free volume detected! 2FP7_B ILE 124 -9.097
Negative Voronoi free volume detected! 2FP7_B LEU 126 -8.4
Negative Voronoi free volume detected! 2FP7_B TRP 66 -9.109
crdCA rm crdCA crdCA.vol
crdSC rm crdSC crdSC.vol
crdAA rm crdAA crdAA.vol
../../structures_asap/2FP7_B.pdb
missing side chain in residue:  168 GLY in PDB: 2JLY_A
missing side chain in residue:  172 GLY in PDB: 2JLY_A
missing side chain in residue:  196 GLY in PDB: 2JLY_A
missing side chain in residue:  198 GLY in PDB: 2JLY_A
missing side chain in residue:  237 GLY in PDB: 2JLY_A
missing side chain in residue:  253 GLY in PDB: 2JLY_A
missing side chain in residue:  298 GLY in PDB: 2JLY_A
missing side chain in residue:  307 GLY in PDB: 2JLY_A
missing side chain in residue:  320 GLY in PDB: 2JLY_A
missing side chain in residue:  347 GLY in PDB: 2JLY_A
missing side chain in residue:  356 GLY in PDB: 2JLY_A
missing side chain in residue:  368 GLY in PDB: 2JLY_A
missing side chain in residue:  379 GLY in PDB: 2JLY_A
missing side chain in residue:  414 GLY in PDB: 2JLY_A
missing side chain in residue:  420 GLY in PDB: 2JLY_A
missing side chain in residue:  437 GLY in PDB: 2JLY_A
missing side chain in residue:  445 GLY in PDB: 2JLY_A
missing side chain in residue:  459 GLY in PDB: 2JLY_A
missing side chain in residue:  462 GLY in PDB: 2JLY_A
missing side chain in residue:  476 GLY in PDB: 2JLY_A
missing side chain in residue:  503 GLY in PDB: 2JLY_A
missing side chain in residue:  510 GLY in PDB: 2JLY_A
missing side chain in residue:  521 GLY in PDB: 2JLY_A
missing side chain in residue:  527 GLY in PDB: 2JLY_A
missing side chain in residue:  540 GLY in PDB: 2JLY_A
missing side chain in residue:  554 GLY in PDB: 2JLY_A
missing side chain in residue:  566 GLY in PDB: 2JLY_A
missing side chain in residue:  586 GLY in PDB: 2JLY_A
missing side chain in residue:  616 GLY in PDB: 2JLY_A
Negative Voronoi free volume detected! 2JLY_A ARG 202 -19.141
Negative Voronoi free volume detected! 2JLY_A VAL 304 -8.294
Negative Voronoi free volume detected! 2JLY_A ARG 421 -9.712
Negative Voronoi free volume detected! 2JLY_A ARG 457 -5.021
Negative Voronoi free volume detected! 2JLY_A ARG 463 -0.805
Negative Voronoi free volume detected! 2JLY_A TYR 472 -16.389
Negative Voronoi free volume detected! 2JLY_A LEU 495 -5.513
Negative Voronoi free volume detected! 2JLY_A PHE 533 -13.105
Negative Voronoi free volume detected! 2JLY_A ARG 592 -40.771
Negative Voronoi free volume detected! 2JLY_A ARG 297 -3.365
Negative Voronoi free volume detected! 2JLY_A THR 317 -1.4431
Negative Voronoi free volume detected! 2JLY_A TRP 360 -3.159
Negative Voronoi free volume detected! 2JLY_A TYR 394 -8.262
Negative Voronoi free volume detected! 2JLY_A ARG 421 -1.935
Negative Voronoi free volume detected! 2JLY_A ARG 426 -13.162
Negative Voronoi free volume detected! 2JLY_A ARG 457 -18.144
Negative Voronoi free volume detected! 2JLY_A ARG 458 -3.765
Negative Voronoi free volume detected! 2JLY_A ARG 421 -8.376
Negative Voronoi free volume detected! 2JLY_A ARG 426 -2.1
crdCA rm crdCA crdCA.vol
crdSC rm crdSC crdSC.vol
crdAA rm crdAA crdAA.vol
../../structures_asap/2JLY_A.pdb
missing side chain in residue:  197 GLY in PDB: 2Z83_A
missing side chain in residue:  199 GLY in PDB: 2Z83_A
missing side chain in residue:  238 GLY in PDB: 2Z83_A
missing side chain in residue:  254 GLY in PDB: 2Z83_A
missing side chain in residue:  299 GLY in PDB: 2Z83_A
missing side chain in residue:  308 GLY in PDB: 2Z83_A
missing side chain in residue:  321 GLY in PDB: 2Z83_A
missing side chain in residue:  348 GLY in PDB: 2Z83_A
missing side chain in residue:  357 GLY in PDB: 2Z83_A
missing side chain in residue:  369 GLY in PDB: 2Z83_A
missing side chain in residue:  380 GLY in PDB: 2Z83_A
missing side chain in residue:  401 GLY in PDB: 2Z83_A
missing side chain in residue:  419 GLY in PDB: 2Z83_A
missing side chain in residue:  438 GLY in PDB: 2Z83_A
missing side chain in residue:  440 GLY in PDB: 2Z83_A
missing side chain in residue:  445 GLY in PDB: 2Z83_A
missing side chain in residue:  460 GLY in PDB: 2Z83_A
missing side chain in residue:  463 GLY in PDB: 2Z83_A
missing side chain in residue:  470 GLY in PDB: 2Z83_A
missing side chain in residue:  476 GLY in PDB: 2Z83_A
missing side chain in residue:  477 GLY in PDB: 2Z83_A
missing side chain in residue:  504 GLY in PDB: 2Z83_A
missing side chain in residue:  511 GLY in PDB: 2Z83_A
missing side chain in residue:  522 GLY in PDB: 2Z83_A
missing side chain in residue:  528 GLY in PDB: 2Z83_A
missing side chain in residue:  555 GLY in PDB: 2Z83_A
missing side chain in residue:  567 GLY in PDB: 2Z83_A
missing side chain in residue:  587 GLY in PDB: 2Z83_A
missing side chain in residue:  617 GLY in PDB: 2Z83_A
Negative Voronoi free volume detected! 2Z83_A LEU 222 -0.65
Negative Voronoi free volume detected! 2Z83_A LEU 281 -0.073
Negative Voronoi free volume detected! 2Z83_A VAL 305 -8.2849
Negative Voronoi free volume detected! 2Z83_A TRP 361 -6.86
Negative Voronoi free volume detected! 2Z83_A ILE 407 -0.599
Negative Voronoi free volume detected! 2Z83_A ARG 422 -5.75
Negative Voronoi free volume detected! 2Z83_A ARG 427 -5.779
Negative Voronoi free volume detected! 2Z83_A TYR 473 -17.66
Negative Voronoi free volume detected! 2Z83_A PHE 534 -9.331
Negative Voronoi free volume detected! 2Z83_A LYS 593 -33.513
Negative Voronoi free volume detected! 2Z83_A TRP 361 -9.975
Negative Voronoi free volume detected! 2Z83_A ARG 422 -5.641
Negative Voronoi free volume detected! 2Z83_A ARG 427 -23.454
Negative Voronoi free volume detected! 2Z83_A ARG 458 -5.017
Negative Voronoi free volume detected! 2Z83_A ARG 459 -4.673
Negative Voronoi free volume detected! 2Z83_A TRP 403 -10.362
Negative Voronoi free volume detected! 2Z83_A ARG 422 -11.925
Negative Voronoi free volume detected! 2Z83_A ARG 427 -13.873
crdCA rm crdCA crdCA.vol
crdSC rm crdSC crdSC.vol
crdAA rm crdAA crdAA.vol
../../structures_asap/2Z83_A.pdb
missing side chain in residue:  8 GLY in PDB: 3GOL_A
missing side chain in residue:  102 GLY in PDB: 3GOL_A
missing side chain in residue:  104 GLY in PDB: 3GOL_A
missing side chain in residue:  153 GLY in PDB: 3GOL_A
missing side chain in residue:  166 GLY in PDB: 3GOL_A
missing side chain in residue:  188 GLY in PDB: 3GOL_A
missing side chain in residue:  192 GLY in PDB: 3GOL_A
missing side chain in residue:  216 GLY in PDB: 3GOL_A
missing side chain in residue:  263 GLY in PDB: 3GOL_A
missing side chain in residue:  264 GLY in PDB: 3GOL_A
missing side chain in residue:  271 GLY in PDB: 3GOL_A
missing side chain in residue:  275 GLY in PDB: 3GOL_A
missing side chain in residue:  283 GLY in PDB: 3GOL_A
missing side chain in residue:  290 GLY in PDB: 3GOL_A
missing side chain in residue:  317 GLY in PDB: 3GOL_A
missing side chain in residue:  328 GLY in PDB: 3GOL_A
missing side chain in residue:  351 GLY in PDB: 3GOL_A
missing side chain in residue:  378 GLY in PDB: 3GOL_A
missing side chain in residue:  410 GLY in PDB: 3GOL_A
missing side chain in residue:  449 GLY in PDB: 3GOL_A
missing side chain in residue:  468 GLY in PDB: 3GOL_A
missing side chain in residue:  480 GLY in PDB: 3GOL_A
missing side chain in residue:  493 GLY in PDB: 3GOL_A
missing side chain in residue:  515 GLY in PDB: 3GOL_A
missing side chain in residue:  516 GLY in PDB: 3GOL_A
missing side chain in residue:  522 GLY in PDB: 3GOL_A
missing side chain in residue:  549 GLY in PDB: 3GOL_A
missing side chain in residue:  554 GLY in PDB: 3GOL_A
missing side chain in residue:  557 GLY in PDB: 3GOL_A
missing side chain in residue:  558 GLY in PDB: 3GOL_A
Negative Voronoi free volume detected! 3GOL_A ILE 119 -0.166
Negative Voronoi free volume detected! 3GOL_A ARG 168 -1.665
Negative Voronoi free volume detected! 3GOL_A LYS 172 -7.036
Negative Voronoi free volume detected! 3GOL_A TYR 191 -3.249
Negative Voronoi free volume detected! 3GOL_A TRP 208 -15.986
Negative Voronoi free volume detected! 3GOL_A ARG 259 -29.604
Negative Voronoi free volume detected! 3GOL_A PHE 339 -6.143
Negative Voronoi free volume detected! 3GOL_A TRP 397 -1.203
Negative Voronoi free volume detected! 3GOL_A TRP 408 -17.56
Negative Voronoi free volume detected! 3GOL_A TRP 500 -25.246
Negative Voronoi free volume detected! 3GOL_A ARG 508 -21.962
Negative Voronoi free volume detected! 3GOL_A TYR 561 -26.169
Negative Voronoi free volume detected! 3GOL_A TYR 103 -25.544
Negative Voronoi free volume detected! 3GOL_A PHE 193 -6.866
Negative Voronoi free volume detected! 3GOL_A PHE 224 -2.983
Negative Voronoi free volume detected! 3GOL_A ARG 277 -15.116
Negative Voronoi free volume detected! 3GOL_A ARG 280 -15.353
Negative Voronoi free volume detected! 3GOL_A PHE 339 -0.499
Negative Voronoi free volume detected! 3GOL_A TRP 408 -6.314
Negative Voronoi free volume detected! 3GOL_A TRP 420 -21.346
Negative Voronoi free volume detected! 3GOL_A TRP 500 -11.324
Negative Voronoi free volume detected! 3GOL_A TYR 555 -5.425
Negative Voronoi free volume detected! 3GOL_A TYR 103 -16.08
Negative Voronoi free volume detected! 3GOL_A ARG 259 -1.094
Negative Voronoi free volume detected! 3GOL_A ARG 277 -2.705
Negative Voronoi free volume detected! 3GOL_A ARG 280 -0.813
Negative Voronoi free volume detected! 3GOL_A MET 343 -3.105
Negative Voronoi free volume detected! 3GOL_A TRP 500 -16.684
crdCA rm crdCA crdCA.vol
crdSC rm crdSC crdSC.vol
crdAA rm crdAA crdAA.vol
../../structures_asap/3GOL_A.pdb
missing side chain in residue:  8 GLY in PDB: 3GSZ_A
missing side chain in residue:  15 GLY in PDB: 3GSZ_A
missing side chain in residue:  102 GLY in PDB: 3GSZ_A
missing side chain in residue:  104 GLY in PDB: 3GSZ_A
missing side chain in residue:  166 GLY in PDB: 3GSZ_A
missing side chain in residue:  188 GLY in PDB: 3GSZ_A
missing side chain in residue:  192 GLY in PDB: 3GSZ_A
missing side chain in residue:  209 GLY in PDB: 3GSZ_A
missing side chain in residue:  216 GLY in PDB: 3GSZ_A
missing side chain in residue:  263 GLY in PDB: 3GSZ_A
missing side chain in residue:  264 GLY in PDB: 3GSZ_A
missing side chain in residue:  271 GLY in PDB: 3GSZ_A
missing side chain in residue:  275 GLY in PDB: 3GSZ_A
missing side chain in residue:  283 GLY in PDB: 3GSZ_A
missing side chain in residue:  290 GLY in PDB: 3GSZ_A
missing side chain in residue:  307 GLY in PDB: 3GSZ_A
missing side chain in residue:  317 GLY in PDB: 3GSZ_A
missing side chain in residue:  328 GLY in PDB: 3GSZ_A
missing side chain in residue:  351 GLY in PDB: 3GSZ_A
missing side chain in residue:  378 GLY in PDB: 3GSZ_A
missing side chain in residue:  410 GLY in PDB: 3GSZ_A
missing side chain in residue:  449 GLY in PDB: 3GSZ_A
missing side chain in residue:  468 GLY in PDB: 3GSZ_A
missing side chain in residue:  493 GLY in PDB: 3GSZ_A
missing side chain in residue:  515 GLY in PDB: 3GSZ_A
missing side chain in residue:  522 GLY in PDB: 3GSZ_A
missing side chain in residue:  549 GLY in PDB: 3GSZ_A
missing side chain in residue:  554 GLY in PDB: 3GSZ_A
missing side chain in residue:  556 GLY in PDB: 3GSZ_A
missing side chain in residue:  557 GLY in PDB: 3GSZ_A
missing side chain in residue:  558 GLY in PDB: 3GSZ_A
Negative Voronoi free volume detected! 3GSZ_A MET 31 -3.639
Negative Voronoi free volume detected! 3GSZ_A TYR 191 -2.666
Negative Voronoi free volume detected! 3GSZ_A TRP 208 -7.96
Negative Voronoi free volume detected! 3GSZ_A ARG 259 -31.937
Negative Voronoi free volume detected! 3GSZ_A ARG 280 -1.786
Negative Voronoi free volume detected! 3GSZ_A PHE 339 -7.53
Negative Voronoi free volume detected! 3GSZ_A TRP 408 -11.582
Negative Voronoi free volume detected! 3GSZ_A PHE 445 -19.789
Negative Voronoi free volume detected! 3GSZ_A TRP 500 -20.846
Negative Voronoi free volume detected! 3GSZ_A ARG 508 -22.636
Negative Voronoi free volume detected! 3GSZ_A PHE 551 -1.38
Negative Voronoi free volume detected! 3GSZ_A TYR 561 -24.523
Negative Voronoi free volume detected! 3GSZ_A PHE 103 -13.382
Negative Voronoi free volume detected! 3GSZ_A ARG 277 -16.899
Negative Voronoi free volume detected! 3GSZ_A ARG 280 -17.693
Negative Voronoi free volume detected! 3GSZ_A PHE 339 -0.996
Negative Voronoi free volume detected! 3GSZ_A TRP 420 -15.864
Negative Voronoi free volume detected! 3GSZ_A TRP 500 -14.384
Negative Voronoi free volume detected! 3GSZ_A PHE 103 -10.105
Negative Voronoi free volume detected! 3GSZ_A ARG 277 -1.275
Negative Voronoi free volume detected! 3GSZ_A ARG 280 -1.704
Negative Voronoi free volume detected! 3GSZ_A MET 343 -1.723
Negative Voronoi free volume detected! 3GSZ_A TRP 500 -15.716
crdCA rm crdCA crdCA.vol
crdSC rm crdSC crdSC.vol
crdAA rm crdAA crdAA.vol
../../structures_asap/3GSZ_A.pdb
missing side chain in residue:  8 GLY in PDB: 3I5K_A
missing side chain in residue:  102 GLY in PDB: 3I5K_A
missing side chain in residue:  104 GLY in PDB: 3I5K_A
missing side chain in residue:  113 GLY in PDB: 3I5K_A
missing side chain in residue:  152 GLY in PDB: 3I5K_A
missing side chain in residue:  153 GLY in PDB: 3I5K_A
missing side chain in residue:  166 GLY in PDB: 3I5K_A
missing side chain in residue:  188 GLY in PDB: 3I5K_A
missing side chain in residue:  192 GLY in PDB: 3I5K_A
missing side chain in residue:  216 GLY in PDB: 3I5K_A
missing side chain in residue:  263 GLY in PDB: 3I5K_A
missing side chain in residue:  264 GLY in PDB: 3I5K_A
missing side chain in residue:  271 GLY in PDB: 3I5K_A
missing side chain in residue:  275 GLY in PDB: 3I5K_A
missing side chain in residue:  283 GLY in PDB: 3I5K_A
missing side chain in residue:  290 GLY in PDB: 3I5K_A
missing side chain in residue:  307 GLY in PDB: 3I5K_A
missing side chain in residue:  317 GLY in PDB: 3I5K_A
missing side chain in residue:  328 GLY in PDB: 3I5K_A
missing side chain in residue:  351 GLY in PDB: 3I5K_A
missing side chain in residue:  375 GLY in PDB: 3I5K_A
missing side chain in residue:  378 GLY in PDB: 3I5K_A
missing side chain in residue:  410 GLY in PDB: 3I5K_A
missing side chain in residue:  449 GLY in PDB: 3I5K_A
missing side chain in residue:  468 GLY in PDB: 3I5K_A
missing side chain in residue:  493 GLY in PDB: 3I5K_A
missing side chain in residue:  515 GLY in PDB: 3I5K_A
missing side chain in residue:  516 GLY in PDB: 3I5K_A
missing side chain in residue:  522 GLY in PDB: 3I5K_A
missing side chain in residue:  554 GLY in PDB: 3I5K_A
missing side chain in residue:  556 GLY in PDB: 3I5K_A
missing side chain in residue:  557 GLY in PDB: 3I5K_A
missing side chain in residue:  558 GLY in PDB: 3I5K_A
Negative Voronoi free volume detected! 3I5K_A LEU 31 -1.68
Negative Voronoi free volume detected! 3I5K_A LYS 172 -4.901
Negative Voronoi free volume detected! 3I5K_A TRP 208 -7.082
Negative Voronoi free volume detected! 3I5K_A ARG 259 -30.938
Negative Voronoi free volume detected! 3I5K_A MET 266 -0.056
Negative Voronoi free volume detected! 3I5K_A PHE 267 -14.208
Negative Voronoi free volume detected! 3I5K_A ARG 280 -5.552
Negative Voronoi free volume detected! 3I5K_A PHE 339 -7.36
Negative Voronoi free volume detected! 3I5K_A ARG 394 -1.329
Negative Voronoi free volume detected! 3I5K_A TRP 408 -5.609
Negative Voronoi free volume detected! 3I5K_A PHE 445 -28.472
Negative Voronoi free volume detected! 3I5K_A TRP 500 -26.214
Negative Voronoi free volume detected! 3I5K_A ARG 508 -25.578
Negative Voronoi free volume detected! 3I5K_A PHE 561 -16.489
Negative Voronoi free volume detected! 3I5K_A PHE 103 -10.239
Negative Voronoi free volume detected! 3I5K_A PHE 224 -4.277
Negative Voronoi free volume detected! 3I5K_A ARG 277 -16.258
Negative Voronoi free volume detected! 3I5K_A ARG 280 -19.888
Negative Voronoi free volume detected! 3I5K_A PHE 339 -2.727
Negative Voronoi free volume detected! 3I5K_A TRP 408 -2.918
Negative Voronoi free volume detected! 3I5K_A TRP 420 -19.646
Negative Voronoi free volume detected! 3I5K_A TRP 500 -9.104
Negative Voronoi free volume detected! 3I5K_A PHE 103 -12.146
Negative Voronoi free volume detected! 3I5K_A ARG 277 -4.742
Negative Voronoi free volume detected! 3I5K_A ARG 280 -6.849
Negative Voronoi free volume detected! 3I5K_A MET 343 -2.355
Negative Voronoi free volume detected! 3I5K_A TRP 500 -11.153
crdCA rm crdCA crdCA.vol
crdSC rm crdSC crdSC.vol
crdAA rm crdAA crdAA.vol
../../structures_asap/3I5K_A.pdb
missing side chain in residue:  32 GLY in PDB: 3LYF_A
missing side chain in residue:  46 GLY in PDB: 3LYF_A
missing side chain in residue:  47 GLY in PDB: 3LYF_A
missing side chain in residue:  65 GLY in PDB: 3LYF_A
missing side chain in residue:  79 GLY in PDB: 3LYF_A
missing side chain in residue:  95 GLY in PDB: 3LYF_A
missing side chain in residue:  113 GLY in PDB: 3LYF_A
missing side chain in residue:  130 GLY in PDB: 3LYF_A
missing side chain in residue:  135 GLY in PDB: 3LYF_A
missing side chain in residue:  151 GLY in PDB: 3LYF_A
missing side chain in residue:  159 GLY in PDB: 3LYF_A
missing side chain in residue:  186 GLY in PDB: 3LYF_A
missing side chain in residue:  222 GLY in PDB: 3LYF_A
missing side chain in residue:  228 GLY in PDB: 3LYF_A
Negative Voronoi free volume detected! 3LYF_A TRP 24 -1.11
Negative Voronoi free volume detected! 3LYF_A TRP 50 -48.232
Negative Voronoi free volume detected! 3LYF_A ILE 58 -5.122
Negative Voronoi free volume detected! 3LYF_A MET 75 -1.82
Negative Voronoi free volume detected! 3LYF_A ARG 178 -15.149
Negative Voronoi free volume detected! 3LYF_A ARG 214 -33.141
Negative Voronoi free volume detected! 3LYF_A TYR 241 -12.324
Negative Voronoi free volume detected! 3LYF_A TYR 140 -1.353
Negative Voronoi free volume detected! 3LYF_A PHE 196 -1.182
Negative Voronoi free volume detected! 3LYF_A TYR 140 -4.223
crdCA rm crdCA crdCA.vol
crdSC rm crdSC crdSC.vol
crdAA rm crdAA crdAA.vol
../../structures_asap/3LYF_A.pdb
missing side chain in residue:  23 GLY in PDB: 4AQF_B
missing side chain in residue:  25 GLY in PDB: 4AQF_B
missing side chain in residue:  87 GLY in PDB: 4AQF_B
missing side chain in residue:  92 GLY in PDB: 4AQF_B
missing side chain in residue:  101 GLY in PDB: 4AQF_B
missing side chain in residue:  125 GLY in PDB: 4AQF_B
missing side chain in residue:  138 GLY in PDB: 4AQF_B
missing side chain in residue:  160 GLY in PDB: 4AQF_B
missing side chain in residue:  184 GLY in PDB: 4AQF_B
missing side chain in residue:  185 GLY in PDB: 4AQF_B
missing side chain in residue:  191 GLY in PDB: 4AQF_B
missing side chain in residue:  207 GLY in PDB: 4AQF_B
missing side chain in residue:  218 GLY in PDB: 4AQF_B
missing side chain in residue:  224 GLY in PDB: 4AQF_B
missing side chain in residue:  227 GLY in PDB: 4AQF_B
missing side chain in residue:  234 GLY in PDB: 4AQF_B
missing side chain in residue:  243 GLY in PDB: 4AQF_B
missing side chain in residue:  245 GLY in PDB: 4AQF_B
missing side chain in residue:  259 GLY in PDB: 4AQF_B
missing side chain in residue:  318 GLY in PDB: 4AQF_B
missing side chain in residue:  335 GLY in PDB: 4AQF_B
missing side chain in residue:  340 GLY in PDB: 4AQF_B
missing side chain in residue:  356 GLY in PDB: 4AQF_B
missing side chain in residue:  383 GLY in PDB: 4AQF_B
missing side chain in residue:  389 GLY in PDB: 4AQF_B
missing side chain in residue:  393 GLY in PDB: 4AQF_B
missing side chain in residue:  406 GLY in PDB: 4AQF_B
missing side chain in residue:  408 GLY in PDB: 4AQF_B
missing side chain in residue:  440 GLY in PDB: 4AQF_B
missing side chain in residue:  461 GLY in PDB: 4AQF_B
missing side chain in residue:  474 GLY in PDB: 4AQF_B
Negative Voronoi free volume detected! 4AQF_B MET 50 -10.969
Negative Voronoi free volume detected! 4AQF_B LYS 59 -2.371
Negative Voronoi free volume detected! 4AQF_B LYS 72 -4.83
Negative Voronoi free volume detected! 4AQF_B TRP 106 -14.226
Negative Voronoi free volume detected! 4AQF_B TYR 291 -16.751
Negative Voronoi free volume detected! 4AQF_B ARG 298 -7.207
Negative Voronoi free volume detected! 4AQF_B TRP 313 -1.854
Negative Voronoi free volume detected! 4AQF_B PHE 332 -26.008
Negative Voronoi free volume detected! 4AQF_B TRP 355 -24.082
Negative Voronoi free volume detected! 4AQF_B LEU 416 -7.888
Negative Voronoi free volume detected! 4AQF_B ARG 417 -12.648
Negative Voronoi free volume detected! 4AQF_B PHE 46 -1.15
Negative Voronoi free volume detected! 4AQF_B TRP 95 -0.965
Negative Voronoi free volume detected! 4AQF_B TRP 106 -0.417
Negative Voronoi free volume detected! 4AQF_B TYR 126 -15.978
Negative Voronoi free volume detected! 4AQF_B TRP 133 -1.125
Negative Voronoi free volume detected! 4AQF_B PHE 324 -0.398
Negative Voronoi free volume detected! 4AQF_B PHE 332 -0.594
Negative Voronoi free volume detected! 4AQF_B TRP 355 -24.295
Negative Voronoi free volume detected! 4AQF_B HIS 376 -0.37
Negative Voronoi free volume detected! 4AQF_B PHE 392 -5.668
Negative Voronoi free volume detected! 4AQF_B TRP 133 -4.423
crdCA rm crdCA crdCA.vol
crdSC rm crdSC crdSC.vol
crdAA rm crdAA crdAA.vol
../../structures_asap/4AQF_B.pdb
missing side chain in residue:  223 GLY in PDB: 4GHA_A
missing side chain in residue:  243 GLY in PDB: 4GHA_A
missing side chain in residue:  246 GLY in PDB: 4GHA_A
missing side chain in residue:  259 GLY in PDB: 4GHA_A
missing side chain in residue:  278 GLY in PDB: 4GHA_A
missing side chain in residue:  312 GLY in PDB: 4GHA_A
missing side chain in residue:  322 GLY in PDB: 4GHA_A
Negative Voronoi free volume detected! 4GHA_A TYR 240 -5.607
Negative Voronoi free volume detected! 4GHA_A TRP 313 -33.399
Negative Voronoi free volume detected! 4GHA_A PHE 276 -0.579
crdCA rm crdCA crdCA.vol
crdSC rm crdSC crdSC.vol
crdAA rm crdAA crdAA.vol
../../structures_asap/4GHA_A.pdb
missing side chain in residue:  30 GLY in PDB: 4IRY_A
missing side chain in residue:  35 GLY in PDB: 4IRY_A
missing side chain in residue:  37 GLY in PDB: 4IRY_A
missing side chain in residue:  54 GLY in PDB: 4IRY_A
missing side chain in residue:  93 GLY in PDB: 4IRY_A
missing side chain in residue:  94 GLY in PDB: 4IRY_A
missing side chain in residue:  102 GLY in PDB: 4IRY_A
missing side chain in residue:  126 GLY in PDB: 4IRY_A
missing side chain in residue:  132 GLY in PDB: 4IRY_A
missing side chain in residue:  158 GLY in PDB: 4IRY_A
missing side chain in residue:  169 GLY in PDB: 4IRY_A
missing side chain in residue:  177 GLY in PDB: 4IRY_A
missing side chain in residue:  180 GLY in PDB: 4IRY_A
missing side chain in residue:  185 GLY in PDB: 4IRY_A
missing side chain in residue:  187 GLY in PDB: 4IRY_A
missing side chain in residue:  200 GLY in PDB: 4IRY_A
missing side chain in residue:  228 GLY in PDB: 4IRY_A
missing side chain in residue:  249 GLY in PDB: 4IRY_A
missing side chain in residue:  268 GLY in PDB: 4IRY_A
missing side chain in residue:  282 GLY in PDB: 4IRY_A
missing side chain in residue:  288 GLY in PDB: 4IRY_A
missing side chain in residue:  295 GLY in PDB: 4IRY_A
missing side chain in residue:  300 GLY in PDB: 4IRY_A
missing side chain in residue:  349 GLY in PDB: 4IRY_A
missing side chain in residue:  356 GLY in PDB: 4IRY_A
missing side chain in residue:  362 GLY in PDB: 4IRY_A
missing side chain in residue:  460 GLY in PDB: 4IRY_A
missing side chain in residue:  462 GLY in PDB: 4IRY_A
missing side chain in residue:  485 GLY in PDB: 4IRY_A
missing side chain in residue:  490 GLY in PDB: 4IRY_A
Negative Voronoi free volume detected! 4IRY_A ARG 26 -4.093
Negative Voronoi free volume detected! 4IRY_A PHE 39 -15.8
Negative Voronoi free volume detected! 4IRY_A TYR 40 -5.114
Negative Voronoi free volume detected! 4IRY_A ARG 55 -9.116
Negative Voronoi free volume detected! 4IRY_A LEU 56 -0.102
Negative Voronoi free volume detected! 4IRY_A TRP 104 -13.171
Negative Voronoi free volume detected! 4IRY_A TRP 120 -10.931
Negative Voronoi free volume detected! 4IRY_A ARG 121 -5.573
Negative Voronoi free volume detected! 4IRY_A TRP 139 -47.122
Negative Voronoi free volume detected! 4IRY_A LYS 184 -8.499
Negative Voronoi free volume detected! 4IRY_A LYS 227 -1.545
Negative Voronoi free volume detected! 4IRY_A LYS 229 -3.235
Negative Voronoi free volume detected! 4IRY_A TYR 313 -1.562
Negative Voronoi free volume detected! 4IRY_A TRP 330 -14.57
Negative Voronoi free volume detected! 4IRY_A TYR 385 -3.739
Negative Voronoi free volume detected! 4IRY_A TRP 386 -8.042
Negative Voronoi free volume detected! 4IRY_A TYR 487 -3.68
Negative Voronoi free volume detected! 4IRY_A TRP 120 -17.187
Negative Voronoi free volume detected! 4IRY_A MET 159 -3.328
Negative Voronoi free volume detected! 4IRY_A LEU 172 -14.206
Negative Voronoi free volume detected! 4IRY_A TRP 139 -0.111
Negative Voronoi free volume detected! 4IRY_A MET 159 -4.049
Negative Voronoi free volume detected! 4IRY_A TRP 386 -6.066
Negative Voronoi free volume detected! 4IRY_A PHE 464 -6.858
crdCA rm crdCA crdCA.vol
crdSC rm crdSC crdSC.vol
crdAA rm crdAA crdAA.vol
../../structures_asap/4IRY_A.pdb
