../dssp_out/132L_A.dssp
../dssp_out/13PK_A.dssp
../dssp_out/1A26_A.dssp
../dssp_out/1A2T_A.dssp
../dssp_out/1A4L_A.dssp
../dssp_out/1A65_A.dssp
../dssp_out/1A8H_A.dssp
../dssp_out/1A8S_A.dssp
../dssp_out/1AF7_A.dssp
../dssp_out/1AGM_A.dssp
../dssp_out/1AGY_A.dssp
../dssp_out/1AH7_A.dssp
../dssp_out/1AJ0_A.dssp
../dssp_out/1AK0_A.dssp
../dssp_out/1AKO_A.dssp
../dssp_out/1AMY_A.dssp
../dssp_out/1AQ2_A.dssp
../dssp_out/1AQL_A.dssp
../dssp_out/1AST_A.dssp
../dssp_out/1B04_A.dssp
../dssp_out/1B2R_A.dssp
../dssp_out/1BBS_A.dssp
../dssp_out/1BF2_A.dssp
../dssp_out/1BG0_A.dssp
../dssp_out/1BH2_A.dssp
../dssp_out/1BOL_A.dssp
../dssp_out/1BP2_A.dssp
../dssp_out/1BQC_A.dssp
../dssp_out/1BS0_A.dssp
../dssp_out/1BS4_A.dssp
../dssp_out/1BS9_A.dssp
../dssp_out/1BT1_A.dssp
../dssp_out/1BU7_A.dssp
../dssp_out/1BVV_A.dssp
../dssp_out/1BVZ_A.dssp
../dssp_out/1BWL_A.dssp
../dssp_out/1BWZ_A.dssp
../dssp_out/1BYA_A.dssp
../dssp_out/1BZC_A.dssp
../dssp_out/1C82_A.dssp
../dssp_out/1CA2_A.dssp
../dssp_out/1CB8_A.dssp
../dssp_out/1CBX_A.dssp
../dssp_out/1CDG_A.dssp
../dssp_out/1CEL_A.dssp
../dssp_out/1CHD_A.dssp
../dssp_out/1CHK_B.dssp
../dssp_out/1CM0_A.dssp
../dssp_out/1CNS_A.dssp
../dssp_out/1COY_A.dssp
../dssp_out/1CQQ_A.dssp
../dssp_out/1CVR_A.dssp
../dssp_out/1CWY_A.dssp
../dssp_out/1CZ1_A.dssp
../dssp_out/1CZF_A.dssp
../dssp_out/1D1Q_A.dssp
../dssp_out/1D4C_A.dssp
../dssp_out/1D6O_A.dssp
../dssp_out/1DDJ_A.dssp
../dssp_out/1DGK_N.dssp
../dssp_out/1DGS_A.dssp
../dssp_out/1DIN_A.dssp
../dssp_out/1DNP_A.dssp
../dssp_out/1DVE_A.dssp
../dssp_out/1E0C_A.dssp
../dssp_out/1E1A_A.dssp
../dssp_out/1E6E_A.dssp
../dssp_out/1EB6_A.dssp
../dssp_out/1EH5_A.dssp
../dssp_out/1EUG_A.dssp
../dssp_out/1EUU_A.dssp
../dssp_out/1EX1_A.dssp
../dssp_out/1EXN_A.dssp
../dssp_out/1EXP_A.dssp
../dssp_out/1EYP_A.dssp
../dssp_out/1FF3_A.dssp
../dssp_out/1FGH_A.dssp
../dssp_out/1FHL_A.dssp
../dssp_out/1FOA_A.dssp
../dssp_out/1G24_A.dssp
../dssp_out/1G6T_A.dssp
../dssp_out/1G8O_A.dssp
../dssp_out/1GA8_A.dssp
../dssp_out/1GAL_A.dssp
../dssp_out/1GCU_A.dssp
../dssp_out/1GOG_A.dssp
../dssp_out/1GP5_A.dssp
../dssp_out/1GQ8_A.dssp
../dssp_out/1H19_A.dssp
../dssp_out/1H3I_A.dssp
../dssp_out/1HKA_A.dssp
../dssp_out/1HPL_A.dssp
../dssp_out/1HPM_A.dssp
../dssp_out/1HQC_A.dssp
../dssp_out/1I1E_A.dssp
../dssp_out/1I1I_P.dssp
../dssp_out/1I9A_A.dssp
../dssp_out/1IDJ_A.dssp
../dssp_out/1IG8_A.dssp
../dssp_out/1IM5_A.dssp
../dssp_out/1INP_A.dssp
../dssp_out/1IU4_A.dssp
../dssp_out/1J00_A.dssp
../dssp_out/1J09_A.dssp
../dssp_out/1JH6_A.dssp
../dssp_out/1JMS_A.dssp
../dssp_out/1JOA_A.dssp
../dssp_out/1JS4_A.dssp
../dssp_out/1K30_A.dssp
../dssp_out/1KL7_A.dssp
../dssp_out/1KNP_A.dssp
../dssp_out/1L1D_A.dssp
../dssp_out/1L1L_A.dssp
../dssp_out/1L6P_A.dssp
../dssp_out/1L7N_A.dssp
../dssp_out/1L7Q_A.dssp
../dssp_out/1L8T_A.dssp
../dssp_out/1L9X_A.dssp
../dssp_out/1LBA_A.dssp
../dssp_out/1LDM_A.dssp
../dssp_out/1LJL_A.dssp
../dssp_out/1LVH_A.dssp
../dssp_out/1M53_A.dssp
../dssp_out/1MBB_A.dssp
../dssp_out/1MJ9_A.dssp
../dssp_out/1MLA_A.dssp
../dssp_out/1MRQ_A.dssp
../dssp_out/1MUD_A.dssp
../dssp_out/1MUG_A.dssp
../dssp_out/1NDH_A.dssp
../dssp_out/1NDI_A.dssp
../dssp_out/1NLU_A.dssp
../dssp_out/1O8A_A.dssp
../dssp_out/1O98_A.dssp
../dssp_out/1OG1_A.dssp
../dssp_out/1OGO_X.dssp
../dssp_out/1OJ4_A.dssp
../dssp_out/1ONR_A.dssp
../dssp_out/1OPM_A.dssp
../dssp_out/1OXA_A.dssp
../dssp_out/1OYG_A.dssp
../dssp_out/1P1X_A.dssp
../dssp_out/1P3D_A.dssp
../dssp_out/1P5D_X.dssp
../dssp_out/1PA9_A.dssp
../dssp_out/1PII_A.dssp
../dssp_out/1PKN_A.dssp
../dssp_out/1PMI_A.dssp
../dssp_out/1PP4_A.dssp
../dssp_out/1PS9_A.dssp
../dssp_out/1PTD_A.dssp
../dssp_out/1PUD_A.dssp
../dssp_out/1PYL_A.dssp
../dssp_out/1Q91_A.dssp
../dssp_out/1QAM_A.dssp
../dssp_out/1QAZ_A.dssp
../dssp_out/1QBA_A.dssp
../dssp_out/1QFM_A.dssp
../dssp_out/1QGX_A.dssp
../dssp_out/1QJE_A.dssp
../dssp_out/1QK2_A.dssp
../dssp_out/1QWN_A.dssp
../dssp_out/1R1J_A.dssp
../dssp_out/1R44_A.dssp
../dssp_out/1R4Z_A.dssp
../dssp_out/1RBN_A.dssp
../dssp_out/1RDD_A.dssp
../dssp_out/1RU4_A.dssp
../dssp_out/1S3I_A.dssp
../dssp_out/1S95_A.dssp
../dssp_out/1SCA_A.dssp
../dssp_out/1SLL_A.dssp
../dssp_out/1SML_A.dssp
../dssp_out/1SNZ_A.dssp
../dssp_out/1TAH_B.dssp
../dssp_out/1TLP_E.dssp
../dssp_out/1U3F_A.dssp
../dssp_out/1U5U_A.dssp
../dssp_out/1UAS_A.dssp
../dssp_out/1UN1_A.dssp
../dssp_out/1VID_A.dssp
../dssp_out/1VLB_A.dssp
../dssp_out/1VNC_A.dssp
../dssp_out/1VQ1_A.dssp
../dssp_out/1W0H_A.dssp
../dssp_out/1XQW_A.dssp
../dssp_out/1Y9M_A.dssp
../dssp_out/1YON_A.dssp
../dssp_out/1YSC_A.dssp
../dssp_out/1ZE1_A.dssp
../dssp_out/1ZIO_A.dssp
../dssp_out/206L_A.dssp
../dssp_out/2A0N_A.dssp
../dssp_out/2ABK_A.dssp
../dssp_out/2ACY_A.dssp
../dssp_out/2AYH_A.dssp
../dssp_out/2CPO_A.dssp
../dssp_out/2CPU_A.dssp
../dssp_out/2DLN_A.dssp
../dssp_out/2EBN_A.dssp
../dssp_out/2ENG_A.dssp
../dssp_out/2F61_A.dssp
../dssp_out/2F9R_A.dssp
../dssp_out/2NLR_A.dssp
../dssp_out/2NMT_A.dssp
../dssp_out/2PEC_A.dssp
../dssp_out/2PIA_A.dssp
../dssp_out/2PTH_A.dssp
../dssp_out/2SQC_A.dssp
../dssp_out/2THI_A.dssp
../dssp_out/2TPS_A.dssp
../dssp_out/5EAT_A.dssp
../dssp_out/7ATJ_A.dssp
