 
 pdb name: 132L_A
 natoms:      956
   nres:      124
../../structures/RepairPDB_132L_A.pdb
 
 pdb name: 13PK_A
 natoms:     3127
   nres:      415
../../structures/RepairPDB_13PK_A.pdb
 
 pdb name: 1A26_A
 natoms:     2770
   nres:      351
../../structures/RepairPDB_1A26_A.pdb
 
 pdb name: 1A2T_A
 natoms:     1076
   nres:      134
../../structures/RepairPDB_1A2T_A.pdb
 
 pdb name: 1A4L_A
 natoms:     2782
   nres:      348
../../structures/RepairPDB_1A4L_A.pdb
 
 pdb name: 1A65_A
 natoms:     3853
   nres:      504
../../structures/RepairPDB_1A65_A.pdb
 
 pdb name: 1A8H_A
 natoms:     4101
   nres:      500
../../structures/RepairPDB_1A8H_A.pdb
 
 pdb name: 1A8S_A
 natoms:     2085
   nres:      273
../../structures/RepairPDB_1A8S_A.pdb
 
 pdb name: 1AF7_A
 natoms:     2224
   nres:      274
../../structures/RepairPDB_1AF7_A.pdb
 
 pdb name: 1AGM_A
 natoms:     3562
   nres:      470
../../structures/RepairPDB_1AGM_A.pdb
 
 pdb name: 1AGY_A
 natoms:     1446
   nres:      197
../../structures/RepairPDB_1AGY_A.pdb
 
 pdb name: 1AH7_A
 natoms:     2013
   nres:      245
../../structures/RepairPDB_1AH7_A.pdb
 
 pdb name: 1AJ0_A
 natoms:     2147
   nres:      282
../../structures/RepairPDB_1AJ0_A.pdb
 
 pdb name: 1AK0_A
 natoms:     2022
   nres:      264
../../structures/RepairPDB_1AK0_A.pdb
 
 pdb name: 1AKO_A
 natoms:     2183
   nres:      268
../../structures/RepairPDB_1AKO_A.pdb
 
 pdb name: 1AMY_A
 natoms:     3184
   nres:      403
../../structures/RepairPDB_1AMY_A.pdb
 
 pdb name: 1AQ2_A
 natoms:     4156
   nres:      534
../../structures/RepairPDB_1AQ2_A.pdb
 
 pdb name: 1AQL_A
 natoms:     4166
   nres:      532
../../structures/RepairPDB_1AQL_A.pdb
 
 pdb name: 1AST_A
 natoms:     1591
   nres:      200
../../structures/RepairPDB_1AST_A.pdb
 
 pdb name: 1B04_A
 natoms:     2465
   nres:      310
../../structures/RepairPDB_1B04_A.pdb
 
 pdb name: 1B2R_A
 natoms:     2334
   nres:      295
../../structures/RepairPDB_1B2R_A.pdb
 
 pdb name: 1BBS_A
 WARNING: Duplicate Amino Acid found in structure!         279 SER
 natoms:     2557
   nres:      331
../../structures/RepairPDB_1BBS_A.pdb
 
 pdb name: 1BF2_A
 natoms:     5735
   nres:      750
../../structures/RepairPDB_1BF2_A.pdb
 
 pdb name: 1BG0_A
 natoms:     2817
   nres:      356
../../structures/RepairPDB_1BG0_A.pdb
 
 pdb name: 1BH2_A
 natoms:     2537
   nres:      315
../../structures/RepairPDB_1BH2_A.pdb
 
 pdb name: 1BOL_A
 natoms:     1688
   nres:      222
../../structures/RepairPDB_1BOL_A.pdb
 
 pdb name: 1BP2_A
 natoms:      957
   nres:      123
../../structures/RepairPDB_1BP2_A.pdb
 
 pdb name: 1BQC_A
 natoms:     2339
   nres:      302
../../structures/RepairPDB_1BQC_A.pdb
 
 pdb name: 1BS0_A
 natoms:     2919
   nres:      383
../../structures/RepairPDB_1BS0_A.pdb
 
 pdb name: 1BS4_A
 natoms:     1346
   nres:      168
../../structures/RepairPDB_1BS4_A.pdb
 
 pdb name: 1BS9_A
 natoms:     1442
   nres:      207
../../structures/RepairPDB_1BS9_A.pdb
 
 pdb name: 1BT1_A
 natoms:     2667
   nres:      336
../../structures/RepairPDB_1BT1_A.pdb
 
 pdb name: 1BU7_A
 natoms:     3671
   nres:      455
../../structures/RepairPDB_1BU7_A.pdb
 
 pdb name: 1BVV_A
 natoms:     1448
   nres:      185
../../structures/RepairPDB_1BVV_A.pdb
 
 pdb name: 1BVZ_A
 natoms:     4776
   nres:      585
../../structures/RepairPDB_1BVZ_A.pdb
 
 pdb name: 1BWL_A
 natoms:     3175
   nres:      399
../../structures/RepairPDB_1BWL_A.pdb
 
 pdb name: 1BWZ_A
 natoms:     2122
   nres:      274
../../structures/RepairPDB_1BWZ_A.pdb
 
 pdb name: 1BYA_A
 natoms:     3929
   nres:      491
../../structures/RepairPDB_1BYA_A.pdb
 
 pdb name: 1BZC_A
 natoms:     2427
   nres:      297
../../structures/RepairPDB_1BZC_A.pdb
 
 pdb name: 1C82_A
 natoms:     5776
   nres:      719
../../structures/RepairPDB_1C82_A.pdb
 
 pdb name: 1CA2_A
 natoms:     2040
   nres:      256
../../structures/RepairPDB_1CA2_A.pdb
 
 pdb name: 1CB8_A
 natoms:     5429
   nres:      674
../../structures/RepairPDB_1CB8_A.pdb
 
 pdb name: 1CBX_A
 natoms:     2437
   nres:      307
../../structures/RepairPDB_1CBX_A.pdb
 
 pdb name: 1CDG_A
 natoms:     5264
   nres:      686
../../structures/RepairPDB_1CDG_A.pdb
 
 pdb name: 1CEL_A
 natoms:     3212
   nres:      433
../../structures/RepairPDB_1CEL_A.pdb
 
 pdb name: 1CHD_A
 natoms:     1469
   nres:      198
../../structures/RepairPDB_1CHD_A.pdb
 
 pdb name: 1CHK_B
 natoms:     1820
   nres:      238
../../structures/RepairPDB_1CHK_B.pdb
 
 pdb name: 1CM0_A
 natoms:     1321
   nres:      162
../../structures/RepairPDB_1CM0_A.pdb
 
 pdb name: 1CNS_A
 natoms:     1837
   nres:      243
../../structures/RepairPDB_1CNS_A.pdb
 
 pdb name: 1COY_A
 natoms:     3827
   nres:      501
../../structures/RepairPDB_1COY_A.pdb
 
 pdb name: 1CQQ_A
 natoms:     1405
   nres:      180
../../structures/RepairPDB_1CQQ_A.pdb
 
 pdb name: 1CVR_A
 natoms:     3346
   nres:      432
../../structures/RepairPDB_1CVR_A.pdb
 
 pdb name: 1CWY_A
 natoms:     4064
   nres:      500
../../structures/RepairPDB_1CWY_A.pdb
 
 pdb name: 1CZ1_A
 natoms:     3214
   nres:      394
../../structures/RepairPDB_1CZ1_A.pdb
 
 pdb name: 1CZF_A
 natoms:     2453
   nres:      335
../../structures/RepairPDB_1CZF_A.pdb
 
 pdb name: 1D1Q_A
 natoms:     1300
   nres:      159
../../structures/RepairPDB_1D1Q_A.pdb
 
 pdb name: 1D4C_A
 natoms:     4192
   nres:      570
../../structures/RepairPDB_1D4C_A.pdb
 
 pdb name: 1D6O_A
 natoms:      832
   nres:      107
../../structures/RepairPDB_1D6O_A.pdb
 
 pdb name: 1DDJ_A
 natoms:     1900
   nres:      247
../../structures/RepairPDB_1DDJ_A.pdb
 
 pdb name: 1DGK_N
 natoms:     7020
   nres:      898
../../structures/RepairPDB_1DGK_N.pdb
 
 pdb name: 1DGS_A
 natoms:     4694
   nres:      581
../../structures/RepairPDB_1DGS_A.pdb
 
 pdb name: 1DIN_A
 natoms:     1770
   nres:      232
../../structures/RepairPDB_1DIN_A.pdb
 
 pdb name: 1DNP_A
 natoms:     3769
   nres:      469
../../structures/RepairPDB_1DNP_A.pdb
 
 pdb name: 1DVE_A
 natoms:     1743
   nres:      214
../../structures/RepairPDB_1DVE_A.pdb
 
 pdb name: 1E0C_A
 natoms:     2092
   nres:      270
../../structures/RepairPDB_1E0C_A.pdb
 
 pdb name: 1E1A_A
 natoms:     2451
   nres:      312
../../structures/RepairPDB_1E1A_A.pdb
 
 pdb name: 1E6E_A
 natoms:     3523
   nres:      457
../../structures/RepairPDB_1E6E_A.pdb
 
 pdb name: 1EB6_A
 natoms:     1335
   nres:      177
../../structures/RepairPDB_1EB6_A.pdb
 
 pdb name: 1EH5_A
 natoms:     2210
   nres:      279
../../structures/RepairPDB_1EH5_A.pdb
 
 pdb name: 1EUG_A
 natoms:     1790
   nres:      225
../../structures/RepairPDB_1EUG_A.pdb
 
 pdb name: 1EUU_A
 natoms:     4535
   nres:      601
../../structures/RepairPDB_1EUU_A.pdb
 
 pdb name: 1EX1_A
 natoms:     4567
   nres:      602
../../structures/RepairPDB_1EX1_A.pdb
 
 pdb name: 1EXN_A
 natoms:     2163
   nres:      267
../../structures/RepairPDB_1EXN_A.pdb
 
 pdb name: 1EXP_A
 natoms:     2400
   nres:      312
../../structures/RepairPDB_1EXP_A.pdb
 
 pdb name: 1EYP_A
 natoms:     1611
   nres:      212
../../structures/RepairPDB_1EYP_A.pdb
 
 pdb name: 1FF3_A
 natoms:     1628
   nres:      210
../../structures/RepairPDB_1FF3_A.pdb
 
 pdb name: 1FGH_A
 natoms:     5812
   nres:      753
../../structures/RepairPDB_1FGH_A.pdb
 
 pdb name: 1FHL_A
 natoms:     2598
   nres:      334
../../structures/RepairPDB_1FHL_A.pdb
 
 pdb name: 1FOA_A
 natoms:     2811
   nres:      342
../../structures/RepairPDB_1FOA_A.pdb
 
 pdb name: 1G24_A
 natoms:     1648
   nres:      210
../../structures/RepairPDB_1G24_A.pdb
 
 pdb name: 1G6T_A
 natoms:     3232
   nres:      427
../../structures/RepairPDB_1G6T_A.pdb
 
 pdb name: 1G8O_A
 natoms:     2392
   nres:      287
../../structures/RepairPDB_1G8O_A.pdb
 
 pdb name: 1GA8_A
 natoms:     2166
   nres:      271
../../structures/RepairPDB_1GA8_A.pdb
 
 pdb name: 1GAL_A
 natoms:     4452
   nres:      581
../../structures/RepairPDB_1GAL_A.pdb
 
 pdb name: 1GCU_A
 natoms:     2336
   nres:      292
../../structures/RepairPDB_1GCU_A.pdb
 
 pdb name: 1GOG_A
 natoms:     4830
   nres:      639
../../structures/RepairPDB_1GOG_A.pdb
 
 pdb name: 1GP5_A
 natoms:     2762
   nres:      346
../../structures/RepairPDB_1GP5_A.pdb
 
 pdb name: 1GQ8_A
 natoms:     2407
   nres:      318
../../structures/RepairPDB_1GQ8_A.pdb
 
 pdb name: 1H19_A
 natoms:     4877
   nres:      610
../../structures/RepairPDB_1H19_A.pdb
 
 pdb name: 1H3I_A
 natoms:     2294
   nres:      293
../../structures/RepairPDB_1H3I_A.pdb
 
 pdb name: 1HKA_A
 natoms:     1267
   nres:      158
../../structures/RepairPDB_1HKA_A.pdb
 
 pdb name: 1HPL_A
 natoms:     3501
   nres:      449
../../structures/RepairPDB_1HPL_A.pdb
 
 pdb name: 1HPM_A
 natoms:     2929
   nres:      378
../../structures/RepairPDB_1HPM_A.pdb
 
 pdb name: 1HQC_A
 natoms:     2462
   nres:      314
../../structures/RepairPDB_1HQC_A.pdb
 
 pdb name: 1I1E_A
 natoms:    10624
   nres:     1287
../../structures/RepairPDB_1I1E_A.pdb
 
 pdb name: 1I1I_P
 natoms:     5349
   nres:      665
../../structures/RepairPDB_1I1I_P.pdb
 
 pdb name: 1I9A_A
 natoms:     1387
   nres:      175
../../structures/RepairPDB_1I9A_A.pdb
 
 pdb name: 1IDJ_A
 natoms:     2671
   nres:      359
../../structures/RepairPDB_1IDJ_A.pdb
 
 pdb name: 1IG8_A
 natoms:     3671
   nres:      469
../../structures/RepairPDB_1IG8_A.pdb
 
 pdb name: 1IM5_A
 natoms:     1413
   nres:      179
../../structures/RepairPDB_1IM5_A.pdb
 
 pdb name: 1INP_A
 natoms:     3088
   nres:      400
../../structures/RepairPDB_1INP_A.pdb
 
 pdb name: 1IU4_A
 natoms:     2678
   nres:      331
../../structures/RepairPDB_1IU4_A.pdb
 
 pdb name: 1J00_A
 natoms:     1397
   nres:      176
../../structures/RepairPDB_1J00_A.pdb
 
 pdb name: 1J09_A
 natoms:     3814
   nres:      468
../../structures/RepairPDB_1J09_A.pdb
 
 pdb name: 1JH6_A
 natoms:     1438
   nres:      181
../../structures/RepairPDB_1JH6_A.pdb
 
 pdb name: 1JMS_A
 natoms:     2921
   nres:      360
../../structures/RepairPDB_1JMS_A.pdb
 
 pdb name: 1JOA_A
 natoms:     3484
   nres:      446
../../structures/RepairPDB_1JOA_A.pdb
 
 pdb name: 1JS4_A
 natoms:     4757
   nres:      605
../../structures/RepairPDB_1JS4_A.pdb
 
 pdb name: 1K30_A
 natoms:     2847
   nres:      363
../../structures/RepairPDB_1K30_A.pdb
 
 pdb name: 1KL7_A
 natoms:     3969
   nres:      503
../../structures/RepairPDB_1KL7_A.pdb
 
 pdb name: 1KNP_A
 natoms:     4152
   nres:      529
../../structures/RepairPDB_1KNP_A.pdb
 
 pdb name: 1L1D_A
 natoms:     1122
   nres:      142
../../structures/RepairPDB_1L1D_A.pdb
 
 pdb name: 1L1L_A
 natoms:     5613
   nres:      717
../../structures/RepairPDB_1L1L_A.pdb
 
 pdb name: 1L6P_A
 natoms:      969
   nres:      121
../../structures/RepairPDB_1L6P_A.pdb
 
 pdb name: 1L7N_A
 natoms:     1623
   nres:      207
../../structures/RepairPDB_1L7N_A.pdb
 
 pdb name: 1L7Q_A
 natoms:     4359
   nres:      571
../../structures/RepairPDB_1L7Q_A.pdb
 
 pdb name: 1L8T_A
 natoms:     2170
   nres:      263
../../structures/RepairPDB_1L8T_A.pdb
 
 pdb name: 1L9X_A
 natoms:     2332
   nres:      288
../../structures/RepairPDB_1L9X_A.pdb
 
 pdb name: 1LBA_A
 natoms:     1150
   nres:      146
../../structures/RepairPDB_1LBA_A.pdb
 
 pdb name: 1LDM_A
 natoms:     2543
   nres:      329
../../structures/RepairPDB_1LDM_A.pdb
 
 pdb name: 1LJL_A
 natoms:     1031
   nres:      130
../../structures/RepairPDB_1LJL_A.pdb
 
 pdb name: 1LVH_A
 natoms:     1700
   nres:      220
../../structures/RepairPDB_1LVH_A.pdb
 
 pdb name: 1M53_A
 natoms:     4648
   nres:      556
../../structures/RepairPDB_1M53_A.pdb
 
 pdb name: 1MBB_A
 natoms:     2654
   nres:      340
../../structures/RepairPDB_1MBB_A.pdb
 
 pdb name: 1MJ9_A
 natoms:     2312
   nres:      273
../../structures/RepairPDB_1MJ9_A.pdb
 
 pdb name: 1MLA_A
 natoms:     2240
   nres:      305
../../structures/RepairPDB_1MLA_A.pdb
 
 pdb name: 1MRQ_A
 natoms:     2593
   nres:      323
../../structures/RepairPDB_1MRQ_A.pdb
 
 pdb name: 1MUD_A
 natoms:     1762
   nres:      225
../../structures/RepairPDB_1MUD_A.pdb
 
 pdb name: 1MUG_A
 natoms:     1293
   nres:      165
../../structures/RepairPDB_1MUG_A.pdb
 
 pdb name: 1NDH_A
 natoms:     2158
   nres:      270
../../structures/RepairPDB_1NDH_A.pdb
 
 pdb name: 1NDI_A
 natoms:     4757
   nres:      596
../../structures/RepairPDB_1NDI_A.pdb
 
 pdb name: 1NLU_A
 natoms:     2692
   nres:      368
../../structures/RepairPDB_1NLU_A.pdb
 
 pdb name: 1O8A_A
 natoms:     4684
   nres:      574
../../structures/RepairPDB_1O8A_A.pdb
 
 pdb name: 1O98_A
 natoms:     3999
   nres:      509
../../structures/RepairPDB_1O98_A.pdb
 
 pdb name: 1OG1_A
 natoms:     1822
   nres:      223
../../structures/RepairPDB_1OG1_A.pdb
 
 pdb name: 1OGO_X
 natoms:     4391
   nres:      572
../../structures/RepairPDB_1OGO_X.pdb
 
 pdb name: 1OJ4_A
 natoms:     2131
   nres:      277
../../structures/RepairPDB_1OJ4_A.pdb
 
 pdb name: 1ONR_A
 natoms:     2470
   nres:      316
../../structures/RepairPDB_1ONR_A.pdb
 
 pdb name: 1OPM_A
 natoms:     2419
   nres:      310
../../structures/RepairPDB_1OPM_A.pdb
 
 pdb name: 1OXA_A
 natoms:     3139
   nres:      403
../../structures/RepairPDB_1OXA_A.pdb
 
 pdb name: 1OYG_A
 natoms:     3494
   nres:      440
../../structures/RepairPDB_1OYG_A.pdb
 
 pdb name: 1P1X_A
 natoms:     1885
   nres:      250
../../structures/RepairPDB_1P1X_A.pdb
 
 pdb name: 1P3D_A
 natoms:     3436
   nres:      449
../../structures/RepairPDB_1P3D_A.pdb
 
 pdb name: 1P5D_X
 natoms:     3477
   nres:      454
../../structures/RepairPDB_1P5D_X.pdb
 
 pdb name: 1PA9_A
 natoms:     2150
   nres:      279
../../structures/RepairPDB_1PA9_A.pdb
 
 pdb name: 1PII_A
 natoms:     3478
   nres:      452
../../structures/RepairPDB_1PII_A.pdb
 
 pdb name: 1PKN_A
 natoms:     3933
   nres:      514
../../structures/RepairPDB_1PKN_A.pdb
 
 pdb name: 1PMI_A
 natoms:     3432
   nres:      440
../../structures/RepairPDB_1PMI_A.pdb
 
 pdb name: 1PP4_A
 natoms:     1735
   nres:      233
../../structures/RepairPDB_1PP4_A.pdb
 
 pdb name: 1PS9_A
 natoms:     5097
   nres:      671
../../structures/RepairPDB_1PS9_A.pdb
 
 pdb name: 1PTD_A
 natoms:     2423
   nres:      296
../../structures/RepairPDB_1PTD_A.pdb
 
 pdb name: 1PUD_A
 natoms:     2903
   nres:      372
../../structures/RepairPDB_1PUD_A.pdb
 
 pdb name: 1PYL_A
 natoms:      757
   nres:       95
../../structures/RepairPDB_1PYL_A.pdb
 
 pdb name: 1Q91_A
 natoms:     1599
   nres:      194
../../structures/RepairPDB_1Q91_A.pdb
 
 pdb name: 1QAM_A
 natoms:     1967
   nres:      235
../../structures/RepairPDB_1QAM_A.pdb
 
 pdb name: 1QAZ_A
 natoms:     2793
   nres:      351
../../structures/RepairPDB_1QAZ_A.pdb
 
 pdb name: 1QBA_A
 natoms:     6766
   nres:      858
../../structures/RepairPDB_1QBA_A.pdb
 
 pdb name: 1QFM_A
 natoms:     5671
   nres:      705
../../structures/RepairPDB_1QFM_A.pdb
 
 pdb name: 1QGX_A
 natoms:     2735
   nres:      354
../../structures/RepairPDB_1QGX_A.pdb
 
 pdb name: 1QJE_A
 natoms:     2632
   nres:      327
../../structures/RepairPDB_1QJE_A.pdb
 
 pdb name: 1QK2_A
 natoms:     2747
   nres:      363
../../structures/RepairPDB_1QK2_A.pdb
 
 pdb name: 1QWN_A
 natoms:     8182
   nres:     1014
../../structures/RepairPDB_1QWN_A.pdb
 
 pdb name: 1R1J_A
 natoms:     5595
   nres:      696
../../structures/RepairPDB_1R1J_A.pdb
 
 pdb name: 1R44_A
 natoms:     1651
   nres:      202
../../structures/RepairPDB_1R44_A.pdb
 
 pdb name: 1R4Z_A
 natoms:     1351
   nres:      179
../../structures/RepairPDB_1R4Z_A.pdb
 
 pdb name: 1RBN_A
 natoms:      951
   nres:      124
../../structures/RepairPDB_1RBN_A.pdb
 
 pdb name: 1RDD_A
 natoms:     1238
   nres:      155
../../structures/RepairPDB_1RDD_A.pdb
 
 pdb name: 1RU4_A
 natoms:     3026
   nres:      400
../../structures/RepairPDB_1RU4_A.pdb
 
 pdb name: 1S3I_A
 natoms:     2381
   nres:      307
../../structures/RepairPDB_1S3I_A.pdb
 
 pdb name: 1S95_A
 natoms:     2597
   nres:      324
../../structures/RepairPDB_1S95_A.pdb
 
 pdb name: 1SCA_A
 natoms:     1920
   nres:      274
../../structures/RepairPDB_1SCA_A.pdb
 
 pdb name: 1SLL_A
 natoms:     5257
   nres:      679
../../structures/RepairPDB_1SLL_A.pdb
 
 pdb name: 1SML_A
 natoms:     2002
   nres:      266
../../structures/RepairPDB_1SML_A.pdb
 
 pdb name: 1SNZ_A
 natoms:     2688
   nres:      344
../../structures/RepairPDB_1SNZ_A.pdb
 
 pdb name: 1TAH_B
 natoms:     2329
   nres:      318
../../structures/RepairPDB_1TAH_B.pdb
 
 pdb name: 1TLP_E
 natoms:     2432
   nres:      316
../../structures/RepairPDB_1TLP_E.pdb
 
 pdb name: 1U3F_A
 natoms:     1361
   nres:      164
../../structures/RepairPDB_1U3F_A.pdb
 
 pdb name: 1U5U_A
 natoms:     2984
   nres:      366
../../structures/RepairPDB_1U5U_A.pdb
 
 pdb name: 1UAS_A
 natoms:     2810
   nres:      362
../../structures/RepairPDB_1UAS_A.pdb
 
 pdb name: 1UN1_A
 natoms:     2220
   nres:      267
../../structures/RepairPDB_1UN1_A.pdb
 
 pdb name: 1VID_A
 natoms:     1678
   nres:      213
../../structures/RepairPDB_1VID_A.pdb
 
 pdb name: 1VLB_A
 natoms:     6814
   nres:      907
../../structures/RepairPDB_1VLB_A.pdb
 
 pdb name: 1VNC_A
 natoms:     4524
   nres:      576
../../structures/RepairPDB_1VNC_A.pdb
 
 pdb name: 1VQ1_A
 natoms:     2085
   nres:      263
../../structures/RepairPDB_1VQ1_A.pdb
 
 pdb name: 1W0H_A
 natoms:     1594
   nres:      194
../../structures/RepairPDB_1W0H_A.pdb
 
 pdb name: 1XQW_A
 natoms:     2331
   nres:      290
../../structures/RepairPDB_1XQW_A.pdb
 
 pdb name: 1Y9M_A
 natoms:     4043
   nres:      517
../../structures/RepairPDB_1Y9M_A.pdb
 
 pdb name: 1YON_A
 natoms:     2290
   nres:      292
../../structures/RepairPDB_1YON_A.pdb
 
 pdb name: 1YSC_A
 natoms:     3343
   nres:      421
../../structures/RepairPDB_1YSC_A.pdb
 
 pdb name: 1ZE1_A
 natoms:     2490
   nres:      308
../../structures/RepairPDB_1ZE1_A.pdb
 
 pdb name: 1ZIO_A
 natoms:     1687
   nres:      217
../../structures/RepairPDB_1ZIO_A.pdb
 
 pdb name: 206L_A
 natoms:     1294
   nres:      162
../../structures/RepairPDB_206L_A.pdb
 
 pdb name: 2A0N_A
 natoms:     1939
   nres:      251
../../structures/RepairPDB_2A0N_A.pdb
 
 pdb name: 2ABK_A
 natoms:     1655
   nres:      211
../../structures/RepairPDB_2ABK_A.pdb
 
 pdb name: 2ACY_A
 natoms:      784
   nres:       98
../../structures/RepairPDB_2ACY_A.pdb
 
 pdb name: 2AYH_A
 natoms:     1697
   nres:      214
../../structures/RepairPDB_2AYH_A.pdb
 
 pdb name: 2CPO_A
 natoms:     2308
   nres:      298
../../structures/RepairPDB_2CPO_A.pdb
 
 pdb name: 2CPU_A
 natoms:     3938
   nres:      495
../../structures/RepairPDB_2CPU_A.pdb
 
 pdb name: 2DLN_A
 natoms:     2305
   nres:      306
../../structures/RepairPDB_2DLN_A.pdb
 
 pdb name: 2EBN_A
 natoms:     2213
   nres:      285
../../structures/RepairPDB_2EBN_A.pdb
 
 pdb name: 2ENG_A
 natoms:     1553
   nres:      205
../../structures/RepairPDB_2ENG_A.pdb
 
 pdb name: 2F61_A
 natoms:     3930
   nres:      497
../../structures/RepairPDB_2F61_A.pdb
 
 pdb name: 2F9R_A
 natoms:     2269
   nres:      285
../../structures/RepairPDB_2F9R_A.pdb
 
 pdb name: 2NLR_A
 natoms:     1663
   nres:      222
../../structures/RepairPDB_2NLR_A.pdb
 
 pdb name: 2NMT_A
 natoms:     3463
   nres:      422
../../structures/RepairPDB_2NMT_A.pdb
 
 pdb name: 2PEC_A
 natoms:     2649
   nres:      352
../../structures/RepairPDB_2PEC_A.pdb
 
 pdb name: 2PIA_A
 natoms:     2495
   nres:      321
../../structures/RepairPDB_2PIA_A.pdb
 
 pdb name: 2PTH_A
 natoms:     1480
   nres:      193
../../structures/RepairPDB_2PTH_A.pdb
 
 pdb name: 2SQC_A
 natoms:     4994
   nres:      623
../../structures/RepairPDB_2SQC_A.pdb
 
 pdb name: 2THI_A
 natoms:     2859
   nres:      362
../../structures/RepairPDB_2THI_A.pdb
 
 pdb name: 2TPS_A
 natoms:     1692
   nres:      226
../../structures/RepairPDB_2TPS_A.pdb
 
 pdb name: 5EAT_A
 natoms:     4318
   nres:      532
../../structures/RepairPDB_5EAT_A.pdb
 
 pdb name: 7ATJ_A
 natoms:     2364
   nres:      305
../../structures/RepairPDB_7ATJ_A.pdb
