
 WARNING: There are more than ONE chain in the input pdb file! 
 input pdb file:    ../../structures/RepairPDB_132L_A.pdb
 number of chains:  5

../../structures/RepairPDB_132L_A.pdb
../../structures/RepairPDB_13PK_A.pdb
../../structures/RepairPDB_1A26_A.pdb

 WARNING: There are more than ONE chain in the input pdb file! 
 input pdb file:    ../../structures/RepairPDB_1A2T_A.pdb
 number of chains:  2

../../structures/RepairPDB_1A2T_A.pdb
../../structures/RepairPDB_1A4L_A.pdb
../../structures/RepairPDB_1A65_A.pdb
../../structures/RepairPDB_1A8H_A.pdb
../../structures/RepairPDB_1A8S_A.pdb
../../structures/RepairPDB_1AF7_A.pdb
../../structures/RepairPDB_1AGM_A.pdb
../../structures/RepairPDB_1AGY_A.pdb
../../structures/RepairPDB_1AH7_A.pdb
../../structures/RepairPDB_1AJ0_A.pdb
../../structures/RepairPDB_1AK0_A.pdb
../../structures/RepairPDB_1AKO_A.pdb
../../structures/RepairPDB_1AMY_A.pdb

 WARNING: There are more than ONE chain in the input pdb file! 
 input pdb file:    ../../structures/RepairPDB_1AQ2_A.pdb
 number of chains:  2

../../structures/RepairPDB_1AQ2_A.pdb
../../structures/RepairPDB_1AQL_A.pdb
../../structures/RepairPDB_1AST_A.pdb

 WARNING: There are more than ONE chain in the input pdb file! 
 input pdb file:    ../../structures/RepairPDB_1B04_A.pdb
 number of chains:  2

../../structures/RepairPDB_1B04_A.pdb
../../structures/RepairPDB_1B2R_A.pdb

 WARNING: There are more than ONE chain in the input pdb file! 
 input pdb file:    ../../structures/RepairPDB_1BBS_A.pdb
 number of chains:  2

../../structures/RepairPDB_1BBS_A.pdb
../../structures/RepairPDB_1BF2_A.pdb
../../structures/RepairPDB_1BG0_A.pdb
../../structures/RepairPDB_1BH2_A.pdb
../../structures/RepairPDB_1BOL_A.pdb
../../structures/RepairPDB_1BP2_A.pdb
../../structures/RepairPDB_1BQC_A.pdb
../../structures/RepairPDB_1BS0_A.pdb
../../structures/RepairPDB_1BS4_A.pdb
../../structures/RepairPDB_1BS9_A.pdb

 WARNING: There are more than ONE chain in the input pdb file! 
 input pdb file:    ../../structures/RepairPDB_1BT1_A.pdb
 number of chains:  2

../../structures/RepairPDB_1BT1_A.pdb
../../structures/RepairPDB_1BU7_A.pdb
../../structures/RepairPDB_1BVV_A.pdb
../../structures/RepairPDB_1BVZ_A.pdb
../../structures/RepairPDB_1BWL_A.pdb
../../structures/RepairPDB_1BWZ_A.pdb
../../structures/RepairPDB_1BYA_A.pdb
../../structures/RepairPDB_1BZC_A.pdb
../../structures/RepairPDB_1C82_A.pdb
../../structures/RepairPDB_1CA2_A.pdb
../../structures/RepairPDB_1CB8_A.pdb
../../structures/RepairPDB_1CBX_A.pdb
../../structures/RepairPDB_1CDG_A.pdb
../../structures/RepairPDB_1CEL_A.pdb
../../structures/RepairPDB_1CHD_A.pdb
../../structures/RepairPDB_1CHK_B.pdb
../../structures/RepairPDB_1CM0_A.pdb
../../structures/RepairPDB_1CNS_A.pdb

 WARNING: There are more than ONE chain in the input pdb file! 
 input pdb file:    ../../structures/RepairPDB_1COY_A.pdb
 number of chains:  2

../../structures/RepairPDB_1COY_A.pdb
../../structures/RepairPDB_1CQQ_A.pdb
../../structures/RepairPDB_1CVR_A.pdb
../../structures/RepairPDB_1CWY_A.pdb
../../structures/RepairPDB_1CZ1_A.pdb
../../structures/RepairPDB_1CZF_A.pdb
../../structures/RepairPDB_1D1Q_A.pdb
../../structures/RepairPDB_1D4C_A.pdb
../../structures/RepairPDB_1D6O_A.pdb
../../structures/RepairPDB_1DDJ_A.pdb
../../structures/RepairPDB_1DGK_N.pdb
../../structures/RepairPDB_1DGS_A.pdb
../../structures/RepairPDB_1DIN_A.pdb
../../structures/RepairPDB_1DNP_A.pdb
../../structures/RepairPDB_1DVE_A.pdb

 WARNING: There are more than ONE chain in the input pdb file! 
 input pdb file:    ../../structures/RepairPDB_1E0C_A.pdb
 number of chains:  2

../../structures/RepairPDB_1E0C_A.pdb
../../structures/RepairPDB_1E1A_A.pdb
../../structures/RepairPDB_1E6E_A.pdb
../../structures/RepairPDB_1EB6_A.pdb
../../structures/RepairPDB_1EH5_A.pdb
../../structures/RepairPDB_1EUG_A.pdb
../../structures/RepairPDB_1EUU_A.pdb
../../structures/RepairPDB_1EX1_A.pdb

 WARNING: There are more than ONE chain in the input pdb file! 
 input pdb file:    ../../structures/RepairPDB_1EXN_A.pdb
 number of chains:  5

../../structures/RepairPDB_1EXN_A.pdb
../../structures/RepairPDB_1EXP_A.pdb
../../structures/RepairPDB_1EYP_A.pdb

 WARNING: There are more than ONE chain in the input pdb file! 
 input pdb file:    ../../structures/RepairPDB_1FF3_A.pdb
 number of chains:  2

../../structures/RepairPDB_1FF3_A.pdb
../../structures/RepairPDB_1FGH_A.pdb
../../structures/RepairPDB_1FHL_A.pdb
../../structures/RepairPDB_1FOA_A.pdb
../../structures/RepairPDB_1G24_A.pdb
../../structures/RepairPDB_1G6T_A.pdb
../../structures/RepairPDB_1G8O_A.pdb

 WARNING: There are more than ONE chain in the input pdb file! 
 input pdb file:    ../../structures/RepairPDB_1GA8_A.pdb
 number of chains:  7

../../structures/RepairPDB_1GA8_A.pdb
../../structures/RepairPDB_1GAL_A.pdb
../../structures/RepairPDB_1GCU_A.pdb
../../structures/RepairPDB_1GOG_A.pdb
../../structures/RepairPDB_1GP5_A.pdb
../../structures/RepairPDB_1GQ8_A.pdb
../../structures/RepairPDB_1H19_A.pdb
../../structures/RepairPDB_1H3I_A.pdb
../../structures/RepairPDB_1HKA_A.pdb
../../structures/RepairPDB_1HPL_A.pdb
../../structures/RepairPDB_1HPM_A.pdb
../../structures/RepairPDB_1HQC_A.pdb

 WARNING: There are more than ONE chain in the input pdb file! 
 input pdb file:    ../../structures/RepairPDB_1I1E_A.pdb
 number of chains:  2

../../structures/RepairPDB_1I1E_A.pdb
../../structures/RepairPDB_1I1I_P.pdb

 WARNING: There are more than ONE chain in the input pdb file! 
 input pdb file:    ../../structures/RepairPDB_1I9A_A.pdb
 number of chains:  4

../../structures/RepairPDB_1I9A_A.pdb
../../structures/RepairPDB_1IDJ_A.pdb
../../structures/RepairPDB_1IG8_A.pdb
../../structures/RepairPDB_1IM5_A.pdb
../../structures/RepairPDB_1INP_A.pdb
../../structures/RepairPDB_1IU4_A.pdb

 WARNING: There are more than ONE chain in the input pdb file! 
 input pdb file:    ../../structures/RepairPDB_1J00_A.pdb
 number of chains:  3

../../structures/RepairPDB_1J00_A.pdb
../../structures/RepairPDB_1J09_A.pdb
../../structures/RepairPDB_1JH6_A.pdb

 WARNING: There are more than ONE chain in the input pdb file! 
 input pdb file:    ../../structures/RepairPDB_1JMS_A.pdb
 number of chains:  2

../../structures/RepairPDB_1JMS_A.pdb

 WARNING: There are more than ONE chain in the input pdb file! 
 input pdb file:    ../../structures/RepairPDB_1JOA_A.pdb
 number of chains:  2

../../structures/RepairPDB_1JOA_A.pdb
../../structures/RepairPDB_1JS4_A.pdb

 WARNING: There are more than ONE chain in the input pdb file! 
 input pdb file:    ../../structures/RepairPDB_1K30_A.pdb
 number of chains:  2

../../structures/RepairPDB_1K30_A.pdb

 WARNING: There are more than ONE chain in the input pdb file! 
 input pdb file:    ../../structures/RepairPDB_1KL7_A.pdb
 number of chains:  7

../../structures/RepairPDB_1KL7_A.pdb
../../structures/RepairPDB_1KNP_A.pdb

 WARNING: There are more than ONE chain in the input pdb file! 
 input pdb file:    ../../structures/RepairPDB_1L1D_A.pdb
 number of chains:  3

../../structures/RepairPDB_1L1D_A.pdb

 WARNING: There are more than ONE chain in the input pdb file! 
 input pdb file:    ../../structures/RepairPDB_1L1L_A.pdb
 number of chains:  2

../../structures/RepairPDB_1L1L_A.pdb
../../structures/RepairPDB_1L6P_A.pdb

 WARNING: There are more than ONE chain in the input pdb file! 
 input pdb file:    ../../structures/RepairPDB_1L7N_A.pdb
 number of chains:  3

../../structures/RepairPDB_1L7N_A.pdb
../../structures/RepairPDB_1L7Q_A.pdb
../../structures/RepairPDB_1L8T_A.pdb
../../structures/RepairPDB_1L9X_A.pdb
../../structures/RepairPDB_1LBA_A.pdb
../../structures/RepairPDB_1LDM_A.pdb
../../structures/RepairPDB_1LJL_A.pdb

 WARNING: There are more than ONE chain in the input pdb file! 
 input pdb file:    ../../structures/RepairPDB_1LVH_A.pdb
 number of chains:  2

../../structures/RepairPDB_1LVH_A.pdb
../../structures/RepairPDB_1M53_A.pdb
../../structures/RepairPDB_1MBB_A.pdb
../../structures/RepairPDB_1MJ9_A.pdb
../../structures/RepairPDB_1MLA_A.pdb
../../structures/RepairPDB_1MRQ_A.pdb
../../structures/RepairPDB_1MUD_A.pdb
../../structures/RepairPDB_1MUG_A.pdb
../../structures/RepairPDB_1NDH_A.pdb
../../structures/RepairPDB_1NDI_A.pdb
../../structures/RepairPDB_1NLU_A.pdb

 WARNING: There are more than ONE chain in the input pdb file! 
 input pdb file:    ../../structures/RepairPDB_1O8A_A.pdb
 number of chains:  2

../../structures/RepairPDB_1O8A_A.pdb
../../structures/RepairPDB_1O98_A.pdb
../../structures/RepairPDB_1OG1_A.pdb
../../structures/RepairPDB_1OGO_X.pdb

 WARNING: There are more than ONE chain in the input pdb file! 
 input pdb file:    ../../structures/RepairPDB_1OJ4_A.pdb
 number of chains:  6

../../structures/RepairPDB_1OJ4_A.pdb
../../structures/RepairPDB_1ONR_A.pdb
../../structures/RepairPDB_1OPM_A.pdb
../../structures/RepairPDB_1OXA_A.pdb
../../structures/RepairPDB_1OYG_A.pdb
../../structures/RepairPDB_1P1X_A.pdb

 WARNING: There are more than ONE chain in the input pdb file! 
 input pdb file:    ../../structures/RepairPDB_1P3D_A.pdb
 number of chains:  15

../../structures/RepairPDB_1P3D_A.pdb

 WARNING: There are more than ONE chain in the input pdb file! 
 input pdb file:    ../../structures/RepairPDB_1P5D_X.pdb
 number of chains:  2

../../structures/RepairPDB_1P5D_X.pdb

 WARNING: There are more than ONE chain in the input pdb file! 
 input pdb file:    ../../structures/RepairPDB_1PA9_A.pdb
 number of chains:  2

../../structures/RepairPDB_1PA9_A.pdb
../../structures/RepairPDB_1PII_A.pdb

 WARNING: There are more than ONE chain in the input pdb file! 
 input pdb file:    ../../structures/RepairPDB_1PKN_A.pdb
 number of chains:  2

../../structures/RepairPDB_1PKN_A.pdb
../../structures/RepairPDB_1PMI_A.pdb
../../structures/RepairPDB_1PP4_A.pdb
../../structures/RepairPDB_1PS9_A.pdb
../../structures/RepairPDB_1PTD_A.pdb
../../structures/RepairPDB_1PUD_A.pdb
../../structures/RepairPDB_1PYL_A.pdb
../../structures/RepairPDB_1Q91_A.pdb
../../structures/RepairPDB_1QAM_A.pdb
../../structures/RepairPDB_1QAZ_A.pdb
../../structures/RepairPDB_1QBA_A.pdb

 WARNING: There are more than ONE chain in the input pdb file! 
 input pdb file:    ../../structures/RepairPDB_1QFM_A.pdb
 number of chains:  6

../../structures/RepairPDB_1QFM_A.pdb
../../structures/RepairPDB_1QGX_A.pdb
../../structures/RepairPDB_1QJE_A.pdb
../../structures/RepairPDB_1QK2_A.pdb
../../structures/RepairPDB_1QWN_A.pdb
../../structures/RepairPDB_1R1J_A.pdb
../../structures/RepairPDB_1R44_A.pdb
../../structures/RepairPDB_1R4Z_A.pdb
../../structures/RepairPDB_1RBN_A.pdb
../../structures/RepairPDB_1RDD_A.pdb
../../structures/RepairPDB_1RU4_A.pdb
../../structures/RepairPDB_1S3I_A.pdb
../../structures/RepairPDB_1S95_A.pdb
../../structures/RepairPDB_1SCA_A.pdb
../../structures/RepairPDB_1SLL_A.pdb
../../structures/RepairPDB_1SML_A.pdb
../../structures/RepairPDB_1SNZ_A.pdb
../../structures/RepairPDB_1TAH_B.pdb
../../structures/RepairPDB_1TLP_E.pdb
../../structures/RepairPDB_1U3F_A.pdb
../../structures/RepairPDB_1U5U_A.pdb
../../structures/RepairPDB_1UAS_A.pdb
../../structures/RepairPDB_1UN1_A.pdb
../../structures/RepairPDB_1VID_A.pdb
../../structures/RepairPDB_1VLB_A.pdb
../../structures/RepairPDB_1VNC_A.pdb

 WARNING: There are more than ONE chain in the input pdb file! 
 input pdb file:    ../../structures/RepairPDB_1VQ1_A.pdb
 number of chains:  5

../../structures/RepairPDB_1VQ1_A.pdb

 WARNING: There are more than ONE chain in the input pdb file! 
 input pdb file:    ../../structures/RepairPDB_1W0H_A.pdb
 number of chains:  6

../../structures/RepairPDB_1W0H_A.pdb
../../structures/RepairPDB_1XQW_A.pdb
../../structures/RepairPDB_1Y9M_A.pdb
../../structures/RepairPDB_1YON_A.pdb
../../structures/RepairPDB_1YSC_A.pdb
../../structures/RepairPDB_1ZE1_A.pdb
../../structures/RepairPDB_1ZIO_A.pdb
../../structures/RepairPDB_206L_A.pdb
../../structures/RepairPDB_2A0N_A.pdb
../../structures/RepairPDB_2ABK_A.pdb
../../structures/RepairPDB_2ACY_A.pdb
../../structures/RepairPDB_2AYH_A.pdb
../../structures/RepairPDB_2CPO_A.pdb
../../structures/RepairPDB_2CPU_A.pdb
../../structures/RepairPDB_2DLN_A.pdb
../../structures/RepairPDB_2EBN_A.pdb

 WARNING: There are more than ONE chain in the input pdb file! 
 input pdb file:    ../../structures/RepairPDB_2ENG_A.pdb
 number of chains:  2

../../structures/RepairPDB_2ENG_A.pdb
../../structures/RepairPDB_2F61_A.pdb
../../structures/RepairPDB_2F9R_A.pdb
../../structures/RepairPDB_2NLR_A.pdb
../../structures/RepairPDB_2NMT_A.pdb
../../structures/RepairPDB_2PEC_A.pdb
../../structures/RepairPDB_2PIA_A.pdb
../../structures/RepairPDB_2PTH_A.pdb
../../structures/RepairPDB_2SQC_A.pdb
../../structures/RepairPDB_2THI_A.pdb
../../structures/RepairPDB_2TPS_A.pdb
../../structures/RepairPDB_5EAT_A.pdb
../../structures/RepairPDB_7ATJ_A.pdb
