missing side chain in residue:  16 GLY in PDB: 1RD8_X
missing side chain in residue:  49 GLY in PDB: 1RD8_X
missing side chain in residue:  55 GLY in PDB: 1RD8_X
missing side chain in residue:  62 GLY in PDB: 1RD8_X
missing side chain in residue:  68 GLY in PDB: 1RD8_X
missing side chain in residue:  72 GLY in PDB: 1RD8_X
missing side chain in residue:  96 GLY in PDB: 1RD8_X
missing side chain in residue:  100 GLY in PDB: 1RD8_X
missing side chain in residue:  134 GLY in PDB: 1RD8_X
missing side chain in residue:  143 GLY in PDB: 1RD8_X
missing side chain in residue:  158 GLY in PDB: 1RD8_X
missing side chain in residue:  173 GLY in PDB: 1RD8_X
missing side chain in residue:  181 GLY in PDB: 1RD8_X
missing side chain in residue:  188 GLY in PDB: 1RD8_X
missing side chain in residue:  205 GLY in PDB: 1RD8_X
missing side chain in residue:  228 GLY in PDB: 1RD8_X
missing side chain in residue:  240 GLY in PDB: 1RD8_X
missing side chain in residue:  249 GLY in PDB: 1RD8_X
missing side chain in residue:  263 GLY in PDB: 1RD8_X
missing side chain in residue:  264 GLY in PDB: 1RD8_X
missing side chain in residue:  266 GLY in PDB: 1RD8_X
missing side chain in residue:  286 GLY in PDB: 1RD8_X
missing side chain in residue:  303 GLY in PDB: 1RD8_X
missing side chain in residue:  319 GLY in PDB: 1RD8_X
missing side chain in residue:  330 GLY in PDB: 1RD8_X
missing side chain in residue:  333 GLY in PDB: 1RD8_X
missing side chain in residue:  337 GLY in PDB: 1RD8_X
missing side chain in residue:  341 GLY in PDB: 1RD8_X
missing side chain in residue:  342 GLY in PDB: 1RD8_X
missing side chain in residue:  345 GLY in PDB: 1RD8_X
missing side chain in residue:  349 GLY in PDB: 1RD8_X
missing side chain in residue:  352 GLY in PDB: 1RD8_X
missing side chain in residue:  360 GLY in PDB: 1RD8_X
missing side chain in residue:  362 GLY in PDB: 1RD8_X
missing side chain in residue:  376 GLY in PDB: 1RD8_X
missing side chain in residue:  396 GLY in PDB: 1RD8_X
missing side chain in residue:  416 GLY in PDB: 1RD8_X
missing side chain in residue:  463 GLY in PDB: 1RD8_X
missing side chain in residue:  465 GLY in PDB: 1RD8_X
missing side chain in residue:  484 GLY in PDB: 1RD8_X
../../structures_asap/1RD8_X.pdb
missing side chain in residue:  3 GLY in PDB: 2FP7_B
missing side chain in residue:  14 GLY in PDB: 2FP7_B
missing side chain in residue:  16 GLY in PDB: 2FP7_B
missing side chain in residue:  21 GLY in PDB: 2FP7_B
missing side chain in residue:  32 GLY in PDB: 2FP7_B
missing side chain in residue:  38 GLY in PDB: 2FP7_B
missing side chain in residue:  40 GLY in PDB: 2FP7_B
missing side chain in residue:  47 GLY in PDB: 2FP7_B
missing side chain in residue:  57 GLY in PDB: 2FP7_B
missing side chain in residue:  58 GLY in PDB: 2FP7_B
missing side chain in residue:  68 GLY in PDB: 2FP7_B
missing side chain in residue:  80 GLY in PDB: 2FP7_B
missing side chain in residue:  91 GLY in PDB: 2FP7_B
missing side chain in residue:  98 GLY in PDB: 2FP7_B
missing side chain in residue:  101 GLY in PDB: 2FP7_B
missing side chain in residue:  110 GLY in PDB: 2FP7_B
missing side chain in residue:  113 GLY in PDB: 2FP7_B
missing side chain in residue:  121 GLY in PDB: 2FP7_B
missing side chain in residue:  125 GLY in PDB: 2FP7_B
missing side chain in residue:  128 GLY in PDB: 2FP7_B
missing side chain in residue:  130 GLY in PDB: 2FP7_B
missing side chain in residue:  136 GLY in PDB: 2FP7_B
missing side chain in residue:  145 GLY in PDB: 2FP7_B
../../structures_asap/2FP7_B.pdb
missing side chain in residue:  168 GLY in PDB: 2JLY_A
missing side chain in residue:  172 GLY in PDB: 2JLY_A
missing side chain in residue:  196 GLY in PDB: 2JLY_A
missing side chain in residue:  198 GLY in PDB: 2JLY_A
missing side chain in residue:  237 GLY in PDB: 2JLY_A
missing side chain in residue:  253 GLY in PDB: 2JLY_A
missing side chain in residue:  298 GLY in PDB: 2JLY_A
missing side chain in residue:  307 GLY in PDB: 2JLY_A
missing side chain in residue:  320 GLY in PDB: 2JLY_A
missing side chain in residue:  347 GLY in PDB: 2JLY_A
missing side chain in residue:  356 GLY in PDB: 2JLY_A
missing side chain in residue:  368 GLY in PDB: 2JLY_A
missing side chain in residue:  379 GLY in PDB: 2JLY_A
missing side chain in residue:  414 GLY in PDB: 2JLY_A
missing side chain in residue:  420 GLY in PDB: 2JLY_A
missing side chain in residue:  437 GLY in PDB: 2JLY_A
missing side chain in residue:  445 GLY in PDB: 2JLY_A
missing side chain in residue:  459 GLY in PDB: 2JLY_A
missing side chain in residue:  462 GLY in PDB: 2JLY_A
missing side chain in residue:  476 GLY in PDB: 2JLY_A
missing side chain in residue:  503 GLY in PDB: 2JLY_A
missing side chain in residue:  510 GLY in PDB: 2JLY_A
missing side chain in residue:  521 GLY in PDB: 2JLY_A
missing side chain in residue:  527 GLY in PDB: 2JLY_A
missing side chain in residue:  540 GLY in PDB: 2JLY_A
missing side chain in residue:  554 GLY in PDB: 2JLY_A
missing side chain in residue:  566 GLY in PDB: 2JLY_A
missing side chain in residue:  586 GLY in PDB: 2JLY_A
missing side chain in residue:  616 GLY in PDB: 2JLY_A
../../structures_asap/2JLY_A.pdb
missing side chain in residue:  197 GLY in PDB: 2Z83_A
missing side chain in residue:  199 GLY in PDB: 2Z83_A
missing side chain in residue:  238 GLY in PDB: 2Z83_A
missing side chain in residue:  254 GLY in PDB: 2Z83_A
missing side chain in residue:  299 GLY in PDB: 2Z83_A
missing side chain in residue:  308 GLY in PDB: 2Z83_A
missing side chain in residue:  321 GLY in PDB: 2Z83_A
missing side chain in residue:  348 GLY in PDB: 2Z83_A
missing side chain in residue:  357 GLY in PDB: 2Z83_A
missing side chain in residue:  369 GLY in PDB: 2Z83_A
missing side chain in residue:  380 GLY in PDB: 2Z83_A
missing side chain in residue:  401 GLY in PDB: 2Z83_A
missing side chain in residue:  419 GLY in PDB: 2Z83_A
missing side chain in residue:  438 GLY in PDB: 2Z83_A
missing side chain in residue:  440 GLY in PDB: 2Z83_A
missing side chain in residue:  445 GLY in PDB: 2Z83_A
missing side chain in residue:  460 GLY in PDB: 2Z83_A
missing side chain in residue:  463 GLY in PDB: 2Z83_A
missing side chain in residue:  470 GLY in PDB: 2Z83_A
missing side chain in residue:  476 GLY in PDB: 2Z83_A
missing side chain in residue:  477 GLY in PDB: 2Z83_A
missing side chain in residue:  504 GLY in PDB: 2Z83_A
missing side chain in residue:  511 GLY in PDB: 2Z83_A
missing side chain in residue:  522 GLY in PDB: 2Z83_A
missing side chain in residue:  528 GLY in PDB: 2Z83_A
missing side chain in residue:  555 GLY in PDB: 2Z83_A
missing side chain in residue:  567 GLY in PDB: 2Z83_A
missing side chain in residue:  587 GLY in PDB: 2Z83_A
missing side chain in residue:  617 GLY in PDB: 2Z83_A
../../structures_asap/2Z83_A.pdb
missing side chain in residue:  8 GLY in PDB: 3GOL_A
missing side chain in residue:  102 GLY in PDB: 3GOL_A
missing side chain in residue:  104 GLY in PDB: 3GOL_A
missing side chain in residue:  153 GLY in PDB: 3GOL_A
missing side chain in residue:  166 GLY in PDB: 3GOL_A
missing side chain in residue:  188 GLY in PDB: 3GOL_A
missing side chain in residue:  192 GLY in PDB: 3GOL_A
missing side chain in residue:  216 GLY in PDB: 3GOL_A
missing side chain in residue:  263 GLY in PDB: 3GOL_A
missing side chain in residue:  264 GLY in PDB: 3GOL_A
missing side chain in residue:  271 GLY in PDB: 3GOL_A
missing side chain in residue:  275 GLY in PDB: 3GOL_A
missing side chain in residue:  283 GLY in PDB: 3GOL_A
missing side chain in residue:  290 GLY in PDB: 3GOL_A
missing side chain in residue:  317 GLY in PDB: 3GOL_A
missing side chain in residue:  328 GLY in PDB: 3GOL_A
missing side chain in residue:  351 GLY in PDB: 3GOL_A
missing side chain in residue:  378 GLY in PDB: 3GOL_A
missing side chain in residue:  410 GLY in PDB: 3GOL_A
missing side chain in residue:  449 GLY in PDB: 3GOL_A
missing side chain in residue:  468 GLY in PDB: 3GOL_A
missing side chain in residue:  480 GLY in PDB: 3GOL_A
missing side chain in residue:  493 GLY in PDB: 3GOL_A
missing side chain in residue:  515 GLY in PDB: 3GOL_A
missing side chain in residue:  516 GLY in PDB: 3GOL_A
missing side chain in residue:  522 GLY in PDB: 3GOL_A
missing side chain in residue:  549 GLY in PDB: 3GOL_A
missing side chain in residue:  554 GLY in PDB: 3GOL_A
missing side chain in residue:  557 GLY in PDB: 3GOL_A
missing side chain in residue:  558 GLY in PDB: 3GOL_A
../../structures_asap/3GOL_A.pdb
missing side chain in residue:  8 GLY in PDB: 3GSZ_A
missing side chain in residue:  15 GLY in PDB: 3GSZ_A
missing side chain in residue:  102 GLY in PDB: 3GSZ_A
missing side chain in residue:  104 GLY in PDB: 3GSZ_A
missing side chain in residue:  166 GLY in PDB: 3GSZ_A
missing side chain in residue:  188 GLY in PDB: 3GSZ_A
missing side chain in residue:  192 GLY in PDB: 3GSZ_A
missing side chain in residue:  209 GLY in PDB: 3GSZ_A
missing side chain in residue:  216 GLY in PDB: 3GSZ_A
missing side chain in residue:  263 GLY in PDB: 3GSZ_A
missing side chain in residue:  264 GLY in PDB: 3GSZ_A
missing side chain in residue:  271 GLY in PDB: 3GSZ_A
missing side chain in residue:  275 GLY in PDB: 3GSZ_A
missing side chain in residue:  283 GLY in PDB: 3GSZ_A
missing side chain in residue:  290 GLY in PDB: 3GSZ_A
missing side chain in residue:  307 GLY in PDB: 3GSZ_A
missing side chain in residue:  317 GLY in PDB: 3GSZ_A
missing side chain in residue:  328 GLY in PDB: 3GSZ_A
missing side chain in residue:  351 GLY in PDB: 3GSZ_A
missing side chain in residue:  378 GLY in PDB: 3GSZ_A
missing side chain in residue:  410 GLY in PDB: 3GSZ_A
missing side chain in residue:  449 GLY in PDB: 3GSZ_A
missing side chain in residue:  468 GLY in PDB: 3GSZ_A
missing side chain in residue:  493 GLY in PDB: 3GSZ_A
missing side chain in residue:  515 GLY in PDB: 3GSZ_A
missing side chain in residue:  522 GLY in PDB: 3GSZ_A
missing side chain in residue:  549 GLY in PDB: 3GSZ_A
missing side chain in residue:  554 GLY in PDB: 3GSZ_A
missing side chain in residue:  556 GLY in PDB: 3GSZ_A
missing side chain in residue:  557 GLY in PDB: 3GSZ_A
missing side chain in residue:  558 GLY in PDB: 3GSZ_A
../../structures_asap/3GSZ_A.pdb
missing side chain in residue:  8 GLY in PDB: 3I5K_A
missing side chain in residue:  102 GLY in PDB: 3I5K_A
missing side chain in residue:  104 GLY in PDB: 3I5K_A
missing side chain in residue:  113 GLY in PDB: 3I5K_A
missing side chain in residue:  152 GLY in PDB: 3I5K_A
missing side chain in residue:  153 GLY in PDB: 3I5K_A
missing side chain in residue:  166 GLY in PDB: 3I5K_A
missing side chain in residue:  188 GLY in PDB: 3I5K_A
missing side chain in residue:  192 GLY in PDB: 3I5K_A
missing side chain in residue:  216 GLY in PDB: 3I5K_A
missing side chain in residue:  263 GLY in PDB: 3I5K_A
missing side chain in residue:  264 GLY in PDB: 3I5K_A
missing side chain in residue:  271 GLY in PDB: 3I5K_A
missing side chain in residue:  275 GLY in PDB: 3I5K_A
missing side chain in residue:  283 GLY in PDB: 3I5K_A
missing side chain in residue:  290 GLY in PDB: 3I5K_A
missing side chain in residue:  307 GLY in PDB: 3I5K_A
missing side chain in residue:  317 GLY in PDB: 3I5K_A
missing side chain in residue:  328 GLY in PDB: 3I5K_A
missing side chain in residue:  351 GLY in PDB: 3I5K_A
missing side chain in residue:  375 GLY in PDB: 3I5K_A
missing side chain in residue:  378 GLY in PDB: 3I5K_A
missing side chain in residue:  410 GLY in PDB: 3I5K_A
missing side chain in residue:  449 GLY in PDB: 3I5K_A
missing side chain in residue:  468 GLY in PDB: 3I5K_A
missing side chain in residue:  493 GLY in PDB: 3I5K_A
missing side chain in residue:  515 GLY in PDB: 3I5K_A
missing side chain in residue:  516 GLY in PDB: 3I5K_A
missing side chain in residue:  522 GLY in PDB: 3I5K_A
missing side chain in residue:  554 GLY in PDB: 3I5K_A
missing side chain in residue:  556 GLY in PDB: 3I5K_A
missing side chain in residue:  557 GLY in PDB: 3I5K_A
missing side chain in residue:  558 GLY in PDB: 3I5K_A
../../structures_asap/3I5K_A.pdb
missing side chain in residue:  32 GLY in PDB: 3LYF_A
missing side chain in residue:  46 GLY in PDB: 3LYF_A
missing side chain in residue:  47 GLY in PDB: 3LYF_A
missing side chain in residue:  65 GLY in PDB: 3LYF_A
missing side chain in residue:  79 GLY in PDB: 3LYF_A
missing side chain in residue:  95 GLY in PDB: 3LYF_A
missing side chain in residue:  113 GLY in PDB: 3LYF_A
missing side chain in residue:  130 GLY in PDB: 3LYF_A
missing side chain in residue:  135 GLY in PDB: 3LYF_A
missing side chain in residue:  151 GLY in PDB: 3LYF_A
missing side chain in residue:  159 GLY in PDB: 3LYF_A
missing side chain in residue:  186 GLY in PDB: 3LYF_A
missing side chain in residue:  222 GLY in PDB: 3LYF_A
missing side chain in residue:  228 GLY in PDB: 3LYF_A
../../structures_asap/3LYF_A.pdb
missing side chain in residue:  23 GLY in PDB: 4AQF_B
missing side chain in residue:  25 GLY in PDB: 4AQF_B
missing side chain in residue:  87 GLY in PDB: 4AQF_B
missing side chain in residue:  92 GLY in PDB: 4AQF_B
missing side chain in residue:  101 GLY in PDB: 4AQF_B
missing side chain in residue:  125 GLY in PDB: 4AQF_B
missing side chain in residue:  138 GLY in PDB: 4AQF_B
missing side chain in residue:  160 GLY in PDB: 4AQF_B
missing side chain in residue:  184 GLY in PDB: 4AQF_B
missing side chain in residue:  185 GLY in PDB: 4AQF_B
missing side chain in residue:  191 GLY in PDB: 4AQF_B
missing side chain in residue:  207 GLY in PDB: 4AQF_B
missing side chain in residue:  218 GLY in PDB: 4AQF_B
missing side chain in residue:  224 GLY in PDB: 4AQF_B
missing side chain in residue:  227 GLY in PDB: 4AQF_B
missing side chain in residue:  234 GLY in PDB: 4AQF_B
missing side chain in residue:  243 GLY in PDB: 4AQF_B
missing side chain in residue:  245 GLY in PDB: 4AQF_B
missing side chain in residue:  259 GLY in PDB: 4AQF_B
missing side chain in residue:  318 GLY in PDB: 4AQF_B
missing side chain in residue:  335 GLY in PDB: 4AQF_B
missing side chain in residue:  340 GLY in PDB: 4AQF_B
missing side chain in residue:  356 GLY in PDB: 4AQF_B
missing side chain in residue:  383 GLY in PDB: 4AQF_B
missing side chain in residue:  389 GLY in PDB: 4AQF_B
missing side chain in residue:  393 GLY in PDB: 4AQF_B
missing side chain in residue:  406 GLY in PDB: 4AQF_B
missing side chain in residue:  408 GLY in PDB: 4AQF_B
missing side chain in residue:  440 GLY in PDB: 4AQF_B
missing side chain in residue:  461 GLY in PDB: 4AQF_B
missing side chain in residue:  474 GLY in PDB: 4AQF_B
../../structures_asap/4AQF_B.pdb
missing side chain in residue:  223 GLY in PDB: 4GHA_A
missing side chain in residue:  243 GLY in PDB: 4GHA_A
missing side chain in residue:  246 GLY in PDB: 4GHA_A
missing side chain in residue:  259 GLY in PDB: 4GHA_A
missing side chain in residue:  278 GLY in PDB: 4GHA_A
missing side chain in residue:  312 GLY in PDB: 4GHA_A
missing side chain in residue:  322 GLY in PDB: 4GHA_A
../../structures_asap/4GHA_A.pdb
missing side chain in residue:  30 GLY in PDB: 4IRY_A
missing side chain in residue:  35 GLY in PDB: 4IRY_A
missing side chain in residue:  37 GLY in PDB: 4IRY_A
missing side chain in residue:  54 GLY in PDB: 4IRY_A
missing side chain in residue:  93 GLY in PDB: 4IRY_A
missing side chain in residue:  94 GLY in PDB: 4IRY_A
missing side chain in residue:  102 GLY in PDB: 4IRY_A
missing side chain in residue:  126 GLY in PDB: 4IRY_A
missing side chain in residue:  132 GLY in PDB: 4IRY_A
missing side chain in residue:  158 GLY in PDB: 4IRY_A
missing side chain in residue:  169 GLY in PDB: 4IRY_A
missing side chain in residue:  177 GLY in PDB: 4IRY_A
missing side chain in residue:  180 GLY in PDB: 4IRY_A
missing side chain in residue:  185 GLY in PDB: 4IRY_A
missing side chain in residue:  187 GLY in PDB: 4IRY_A
missing side chain in residue:  200 GLY in PDB: 4IRY_A
missing side chain in residue:  228 GLY in PDB: 4IRY_A
missing side chain in residue:  249 GLY in PDB: 4IRY_A
missing side chain in residue:  268 GLY in PDB: 4IRY_A
missing side chain in residue:  282 GLY in PDB: 4IRY_A
missing side chain in residue:  288 GLY in PDB: 4IRY_A
missing side chain in residue:  295 GLY in PDB: 4IRY_A
missing side chain in residue:  300 GLY in PDB: 4IRY_A
missing side chain in residue:  349 GLY in PDB: 4IRY_A
missing side chain in residue:  356 GLY in PDB: 4IRY_A
missing side chain in residue:  362 GLY in PDB: 4IRY_A
missing side chain in residue:  460 GLY in PDB: 4IRY_A
missing side chain in residue:  462 GLY in PDB: 4IRY_A
missing side chain in residue:  485 GLY in PDB: 4IRY_A
missing side chain in residue:  490 GLY in PDB: 4IRY_A
../../structures_asap/4IRY_A.pdb
