../../structures_asap/1RD8_X.pdb

 WARNING: There are more than ONE chain in the input pdb file! 
 input pdb file:    ../../structures_asap/2FP7_B.pdb
 number of chains:  2

../../structures_asap/2FP7_B.pdb
../../structures_asap/2JLY_A.pdb

 WARNING: There are more than ONE chain in the input pdb file! 
 input pdb file:    ../../structures_asap/2Z83_A.pdb
 number of chains:  4

../../structures_asap/2Z83_A.pdb

 WARNING: There are more than ONE chain in the input pdb file! 
 input pdb file:    ../../structures_asap/3GOL_A.pdb
 number of chains:  3

../../structures_asap/3GOL_A.pdb

 WARNING: There are more than ONE chain in the input pdb file! 
 input pdb file:    ../../structures_asap/3GSZ_A.pdb
 number of chains:  2

../../structures_asap/3GSZ_A.pdb
../../structures_asap/3I5K_A.pdb

 WARNING: There are more than ONE chain in the input pdb file! 
 input pdb file:    ../../structures_asap/3LYF_A.pdb
 number of chains:  2

../../structures_asap/3LYF_A.pdb
../../structures_asap/4AQF_B.pdb
../../structures_asap/4GHA_A.pdb

 WARNING: There are more than ONE chain in the input pdb file! 
 input pdb file:    ../../structures_asap/4IRY_A.pdb
 number of chains:  5

../../structures_asap/4IRY_A.pdb
