            pdb_name            exp_best             sp_best          sp_default             sp_diff                nres
              132L_A               0.200              -0.558              -0.529               0.029                 124
              13PK_A               0.200              -0.569              -0.542               0.026                 415
              1A26_A              -0.100              -0.493              -0.492               0.001                 351
              1A2T_A               0.600              -0.470              -0.394               0.076                 134
              1A4L_A               0.000              -0.494              -0.494               0.000                 348
              1A65_A               0.100              -0.482              -0.481               0.001                 504
              1A8H_A              -0.100              -0.251              -0.251               0.000                 500
              1A8S_A               0.100              -0.427              -0.421               0.006                 273
              1AF7_A               0.100              -0.611              -0.611               0.000                 274
              1AGM_A               0.400              -0.332              -0.277               0.056                 470
              1AGY_A               0.400              -0.480              -0.455               0.025                 197
              1AH7_A               0.100              -0.449              -0.447               0.002                 245
              1AJ0_A               0.100              -0.485              -0.483               0.002                 282
              1AK0_A               0.000              -0.540              -0.540               0.000                 264
              1AKO_A               0.100              -0.428              -0.428               0.001                 268
              1AMY_A               0.100              -0.423              -0.422               0.001                 403
              1AQ2_A               0.100              -0.585              -0.584               0.000                 534
              1AQL_A               0.100              -0.468              -0.467               0.001                 532
              1AST_A               0.000              -0.524              -0.524               0.000                 200
              1B04_A               0.000              -0.410              -0.410               0.000                 310
              1B2R_A               0.200              -0.447              -0.439               0.008                 295
              1BBS_A               0.000              -0.546              -0.546               0.000                 331
              1BF2_A              -0.100              -0.408              -0.407               0.001                 750
              1BG0_A               0.000              -0.591              -0.591               0.000                 356
              1BH2_A               0.500              -0.569              -0.507               0.062                 315
              1BOL_A               0.000              -0.383              -0.383               0.000                 222
              1BP2_A               0.100              -0.538              -0.538               0.000                 123
              1BQC_A               0.400              -0.546              -0.499               0.046                 302
              1BS0_A               0.000              -0.454              -0.454               0.000                 383
              1BS4_A              -0.100              -0.518              -0.515               0.003                 168
              1BS9_A               0.500              -0.447              -0.401               0.046                 207
              1BT1_A               0.200              -0.458              -0.437               0.021                 336
              1BU7_A              -0.100              -0.291              -0.290               0.001                 455
              1BVV_A              -0.100              -0.348              -0.347               0.001                 185
              1BVZ_A              -0.200              -0.460              -0.445               0.015                 585
              1BWL_A               0.100              -0.455              -0.452               0.003                 399
              1BWZ_A               0.200              -0.574              -0.545               0.029                 274
              1BYA_A               0.000              -0.423              -0.423               0.000                 491
              1BZC_A               0.000              -0.598              -0.598               0.000                 297
              1C82_A               0.100              -0.413              -0.412               0.001                 719
              1CA2_A               0.300              -0.583              -0.547               0.036                 256
              1CB8_A               0.000              -0.500              -0.500               0.000                 674
              1CBX_A               0.000              -0.487              -0.487               0.000                 307
              1CDG_A               1.700              -0.303              -0.248               0.055                 686
              1CEL_A               0.000              -0.510              -0.510               0.000                 433
              1CHD_A              -0.100              -0.392              -0.389               0.004                 198
              1CHK_B               0.200              -0.340              -0.325               0.015                 238
              1CM0_A               1.400              -0.531              -0.303               0.228                 162
              1CNS_A              -0.200              -0.497              -0.488               0.009                 243
              1COY_A               0.100              -0.460              -0.459               0.001                 501
              1CQQ_A               1.300              -0.416              -0.297               0.120                 180
              1CVR_A              -0.100              -0.369              -0.364               0.005                 432
              1CWY_A               0.000              -0.574              -0.574               0.000                 500
              1CZ1_A               0.300              -0.583              -0.562               0.021                 394
              1CZF_A              -0.600              -0.365              -0.341               0.024                 335
              1D1Q_A               0.300              -0.549              -0.530               0.020                 159
              1D4C_A              -0.100              -0.427              -0.416               0.011                 570
              1D6O_A              -0.400              -0.342              -0.296               0.047                 107
              1DDJ_A               0.100              -0.622              -0.619               0.003                 247
              1DGK_N              -0.100              -0.469              -0.457               0.012                 898
              1DGS_A               0.000              -0.383              -0.383               0.000                 581
              1DIN_A               0.200              -0.567              -0.547               0.020                 232
              1DNP_A              -0.100              -0.541              -0.533               0.008                 469
              1DVE_A               0.100              -0.487              -0.484               0.003                 214
              1E0C_A              -0.200              -0.462              -0.457               0.005                 270
              1E1A_A               0.100              -0.330              -0.329               0.001                 312
              1E6E_A               0.000              -0.645              -0.645               0.000                 457
              1EB6_A               0.300              -0.391              -0.372               0.019                 177
              1EH5_A               0.100              -0.548              -0.538               0.010                 279
              1EUG_A               0.100              -0.606              -0.605               0.001                 225
              1EUU_A              10.000              -0.140              -0.061               0.079                 601
              1EX1_A               0.200              -0.439              -0.430               0.009                 602
              1EXN_A              -0.200              -0.319              -0.307               0.012                 267
              1EXP_A               0.000              -0.493              -0.493               0.000                 312
              1EYP_A               0.300              -0.264              -0.246               0.018                 212
              1FF3_A               0.100              -0.466              -0.457               0.009                 210
              1FGH_A               0.100              -0.633              -0.629               0.004                 753
              1FHL_A               0.200              -0.478              -0.463               0.015                 334
              1FOA_A               0.300              -0.589              -0.563               0.026                 342
              1G24_A               0.300              -0.440              -0.427               0.013                 210
              1G6T_A               0.000              -0.577              -0.577               0.000                 427
              1G8O_A               0.200              -0.416              -0.409               0.007                 287
              1GA8_A               0.500              -0.529              -0.490               0.039                 271
              1GAL_A               0.100              -0.470              -0.470               0.000                 581
              1GCU_A              -0.200              -0.395              -0.368               0.026                 292
              1GOG_A               0.100              -0.271              -0.270               0.001                 639
              1GP5_A               0.300              -0.434              -0.418               0.016                 346
              1GQ8_A              -0.500              -0.480              -0.448               0.032                 318
              1H19_A               0.000              -0.595              -0.595               0.000                 610
              1H3I_A               0.300              -0.225              -0.195               0.029                 293
              1HKA_A               0.100              -0.435              -0.434               0.001                 158
              1HPL_A              -0.100              -0.549              -0.548               0.001                 449
              1HPM_A               0.100              -0.553              -0.547               0.006                 378
              1HQC_A               0.200              -0.323              -0.307               0.016                 314
              1I1E_A              -0.300              -0.314              -0.260               0.054                1287
              1I1I_P              -0.100              -0.387              -0.386               0.000                 665
              1I9A_A               0.200              -0.514              -0.495               0.019                 175
              1IDJ_A               0.000              -0.503              -0.503               0.000                 359
              1IG8_A              -0.100              -0.566              -0.559               0.007                 469
              1IM5_A              -0.100              -0.515              -0.511               0.005                 179
              1INP_A               0.500              -0.428              -0.403               0.025                 400
              1IU4_A              -0.200              -0.280              -0.269               0.010                 331
              1J00_A               0.200              -0.391              -0.375               0.016                 176
              1J09_A               0.300              -0.507              -0.479               0.028                 468
              1JH6_A               0.300              -0.446              -0.416               0.030                 181
              1JMS_A               0.100              -0.492              -0.491               0.001                 360
              1JOA_A               0.500              -0.471              -0.443               0.028                 446
              1JS4_A               0.000              -0.550              -0.550               0.000                 605
              1K30_A               0.300              -0.441              -0.417               0.024                 363
              1KL7_A               0.100              -0.657              -0.653               0.004                 503
              1KNP_A              -0.100              -0.554              -0.544               0.010                 529
              1L1D_A              -0.100              -0.547              -0.546               0.001                 142
              1L1L_A               0.000              -0.455              -0.455               0.000                 717
              1L6P_A              -0.800              -0.386              -0.265               0.120                 121
              1L7N_A               0.300              -0.527              -0.506               0.020                 207
              1L7Q_A               0.000              -0.224              -0.224               0.000                 571
              1L8T_A               0.300              -0.546              -0.537               0.009                 263
              1L9X_A               0.200              -0.617              -0.577               0.040                 288
              1LBA_A              -0.100              -0.555              -0.553               0.002                 146
              1LDM_A               0.000              -0.481              -0.481               0.000                 329
              1LJL_A               0.300              -0.548              -0.532               0.015                 130
              1LVH_A               0.200              -0.611              -0.594               0.017                 220
              1M53_A               0.100              -0.577              -0.576               0.001                 556
              1MBB_A               0.000              -0.604              -0.604               0.000                 340
              1MJ9_A               0.200              -0.556              -0.529               0.028                 273
              1MLA_A               0.100              -0.528              -0.525               0.003                 305
              1MRQ_A              -0.100              -0.462              -0.462               0.000                 323
              1MUD_A              -0.100              -0.436              -0.429               0.007                 225
              1MUG_A               0.300              -0.489              -0.463               0.026                 165
              1NDH_A               0.100              -0.407              -0.405               0.002                 270
              1NDI_A               0.200              -0.503              -0.498               0.004                 596
              1NLU_A               0.100              -0.544              -0.541               0.003                 368
              1O8A_A               0.200              -0.437              -0.429               0.009                 574
              1O98_A               0.100              -0.631              -0.630               0.001                 509
              1OG1_A               0.500              -0.583              -0.462               0.121                 223
              1OGO_X              -2.200               0.131              -0.086               0.045                 572
              1OJ4_A              -0.100              -0.629              -0.625               0.004                 277
              1ONR_A               0.100              -0.728              -0.722               0.006                 316
              1OPM_A              -0.400              -0.401              -0.364               0.037                 310
              1OXA_A              -0.400              -0.310              -0.276               0.034                 403
              1OYG_A               0.200              -0.474              -0.455               0.019                 440
              1P1X_A               0.000              -0.537              -0.537               0.000                 250
              1P3D_A               0.100              -0.567              -0.563               0.004                 449
              1P5D_X               0.200              -0.604              -0.581               0.023                 454
              1PA9_A               0.000              -0.510              -0.510               0.000                 279
              1PII_A              -0.100              -0.532              -0.523               0.009                 452
              1PKN_A              -0.100              -0.467              -0.462               0.006                 514
              1PMI_A               0.100              -0.571              -0.567               0.003                 440
              1PP4_A               0.100              -0.423              -0.411               0.013                 233
              1PS9_A               0.000              -0.566              -0.566               0.000                 671
              1PTD_A               0.200              -0.576              -0.560               0.016                 296
              1PUD_A              -0.100              -0.450              -0.447               0.002                 372
              1PYL_A              -0.400              -0.316              -0.243               0.073                  95
              1Q91_A               0.700              -0.548              -0.436               0.112                 194
              1QAM_A               0.200              -0.372              -0.362               0.010                 235
              1QAZ_A               0.700              -0.113              -0.019               0.094                 351
              1QBA_A              -0.200              -0.466              -0.440               0.026                 858
              1QFM_A               0.100              -0.448              -0.447               0.001                 705
              1QGX_A               0.100              -0.520              -0.515               0.005                 354
              1QJE_A              -2.400               0.287              -0.279               0.008                 327
              1QK2_A               0.200              -0.519              -0.504               0.016                 363
              1QWN_A               0.000              -0.496              -0.496               0.000                1014
              1R1J_A               0.100              -0.381              -0.378               0.002                 696
              1R44_A               0.200              -0.600              -0.563               0.037                 202
              1R4Z_A               0.100              -0.471              -0.467               0.004                 179
              1RBN_A               0.000              -0.476              -0.476               0.000                 124
              1RDD_A              -0.300              -0.416              -0.360               0.056                 155
              1RU4_A               0.400              -0.341              -0.319               0.022                 400
              1S3I_A               0.100              -0.455              -0.451               0.004                 307
              1S95_A              -0.200              -0.565              -0.553               0.011                 324
              1SCA_A               0.000              -0.620              -0.620               0.000                 274
              1SLL_A              -0.400              -0.169              -0.134               0.035                 679
              1SML_A               0.100              -0.338              -0.335               0.003                 266
              1SNZ_A              -0.200              -0.365              -0.359               0.006                 344
              1TAH_B               0.500              -0.556              -0.499               0.057                 318
              1TLP_E              -0.200              -0.537              -0.530               0.007                 316
              1U3F_A               0.200              -0.481              -0.463               0.018                 164
              1U5U_A               1.500              -0.291              -0.102               0.188                 366
              1UAS_A               0.200              -0.557              -0.548               0.009                 362
              1UN1_A              -0.300              -0.466              -0.450               0.016                 267
              1VID_A               0.500              -0.494              -0.434               0.060                 213
              1VLB_A              -0.300              -0.270              -0.241               0.029                 907
              1VNC_A               0.000              -0.245              -0.245               0.000                 576
              1VQ1_A               0.400              -0.603              -0.579               0.024                 263
              1W0H_A               0.000              -0.529              -0.529               0.000                 194
              1XQW_A               0.100              -0.443              -0.440               0.003                 290
              1Y9M_A               0.200              -0.567              -0.555               0.012                 517
              1YON_A               0.800              -0.561              -0.454               0.107                 292
              1YSC_A               0.300              -0.595              -0.572               0.024                 421
              1ZE1_A              -0.200              -0.423              -0.416               0.007                 308
              1ZIO_A              -0.200              -0.541              -0.527               0.014                 217
              206L_A               0.100              -0.389              -0.382               0.007                 162
              2A0N_A               0.400              -0.556              -0.482               0.074                 251
              2ABK_A               0.000              -0.459              -0.459               0.000                 211
              2ACY_A              -0.100              -0.296              -0.292               0.003                  98
              2AYH_A               0.100              -0.394              -0.388               0.006                 214
              2CPO_A              -4.100               0.211              -0.116               0.095                 298
              2CPU_A              -0.100              -0.506              -0.504               0.002                 495
              2DLN_A               0.100              -0.652              -0.649               0.003                 306
              2EBN_A               0.100              -0.342              -0.337               0.005                 285
              2ENG_A               0.100              -0.450              -0.449               0.001                 205
              2F61_A              -0.100              -0.479              -0.471               0.009                 497
              2F9R_A               1.200              -0.439              -0.237               0.202                 285
              2NLR_A              -0.100              -0.288              -0.288               0.000                 222
              2NMT_A               0.000              -0.428              -0.428               0.000                 422
              2PEC_A               0.200              -0.428              -0.421               0.007                 352
              2PIA_A               0.000              -0.534              -0.534               0.000                 321
              2PTH_A               0.200              -0.400              -0.388               0.012                 193
              2SQC_A              -0.100              -0.479              -0.474               0.005                 623
              2THI_A              -1.900               0.158              -0.106               0.052                 362
              2TPS_A              -0.200              -0.540              -0.526               0.014                 226
              5EAT_A              -0.300              -0.213              -0.197               0.016                 532
              7ATJ_A               0.200              -0.560              -0.544               0.017                 305
