==== Secondary Structure Definition by the program DSSP, CMBI version by M.L. Hekkelman/2010-10-21 ==== DATE=2014-07-07        .
REFERENCE W. KABSCH AND C.SANDER, BIOPOLYMERS 22 (1983) 2577-2637                                                              .
                                                                                                                               .
  351  1  0  0  0 TOTAL NUMBER OF RESIDUES, NUMBER OF CHAINS, NUMBER OF SS-BRIDGES(TOTAL,INTRACHAIN,INTERCHAIN)                .
 17447.0   ACCESSIBLE SURFACE OF PROTEIN (ANGSTROM**2)                                                                         .
  241 68.7   TOTAL NUMBER OF HYDROGEN BONDS OF TYPE O(I)-->H-N(J)  , SAME NUMBER PER 100 RESIDUES                              .
   11  3.1   TOTAL NUMBER OF HYDROGEN BONDS IN     PARALLEL BRIDGES, SAME NUMBER PER 100 RESIDUES                              .
   55 15.7   TOTAL NUMBER OF HYDROGEN BONDS IN ANTIPARALLEL BRIDGES, SAME NUMBER PER 100 RESIDUES                              .
    0  0.0   TOTAL NUMBER OF HYDROGEN BONDS OF TYPE O(I)-->H-N(I-5), SAME NUMBER PER 100 RESIDUES                              .
    0  0.0   TOTAL NUMBER OF HYDROGEN BONDS OF TYPE O(I)-->H-N(I-4), SAME NUMBER PER 100 RESIDUES                              .
    2  0.6   TOTAL NUMBER OF HYDROGEN BONDS OF TYPE O(I)-->H-N(I-3), SAME NUMBER PER 100 RESIDUES                              .
    0  0.0   TOTAL NUMBER OF HYDROGEN BONDS OF TYPE O(I)-->H-N(I-2), SAME NUMBER PER 100 RESIDUES                              .
    0  0.0   TOTAL NUMBER OF HYDROGEN BONDS OF TYPE O(I)-->H-N(I-1), SAME NUMBER PER 100 RESIDUES                              .
    0  0.0   TOTAL NUMBER OF HYDROGEN BONDS OF TYPE O(I)-->H-N(I+0), SAME NUMBER PER 100 RESIDUES                              .
    0  0.0   TOTAL NUMBER OF HYDROGEN BONDS OF TYPE O(I)-->H-N(I+1), SAME NUMBER PER 100 RESIDUES                              .
   26  7.4   TOTAL NUMBER OF HYDROGEN BONDS OF TYPE O(I)-->H-N(I+2), SAME NUMBER PER 100 RESIDUES                              .
   39 11.1   TOTAL NUMBER OF HYDROGEN BONDS OF TYPE O(I)-->H-N(I+3), SAME NUMBER PER 100 RESIDUES                              .
   98 27.9   TOTAL NUMBER OF HYDROGEN BONDS OF TYPE O(I)-->H-N(I+4), SAME NUMBER PER 100 RESIDUES                              .
    3  0.9   TOTAL NUMBER OF HYDROGEN BONDS OF TYPE O(I)-->H-N(I+5), SAME NUMBER PER 100 RESIDUES                              .
  1  2  3  4  5  6  7  8  9 10 11 12 13 14 15 16 17 18 19 20 21 22 23 24 25 26 27 28 29 30     *** HISTOGRAMS OF ***           .
  0  0  0  0  2  0  1  1  0  2  0  1  0  1  0  0  0  0  1  0  0  0  0  1  0  0  0  0  0  0    RESIDUES PER ALPHA HELIX         .
  1  1  0  1  0  0  0  0  0  0  0  0  0  0  0  0  0  0  0  0  0  0  0  0  0  0  0  0  0  0    PARALLEL BRIDGES PER LADDER      .
  2  0  4  0  1  0  1  0  2  0  0  0  0  0  0  0  0  0  0  0  0  0  0  0  0  0  0  0  0  0    ANTIPARALLEL BRIDGES PER LADDER  .
  0  1  1  0  0  0  1  0  0  0  0  0  0  0  0  0  0  0  0  0  0  0  0  0  0  0  0  0  0  0    LADDERS PER SHEET                .
  #  RESIDUE AA STRUCTURE BP1 BP2  ACC     N-H-->O    O-->H-N    N-H-->O    O-->H-N    TCO  KAPPA ALPHA  PHI   PSI    X-CA   Y-CA   Z-CA 
    1  662 A K              0   0  211      0, 0.0   126,-0.5     0, 0.0     2,-0.1   0.000 360.0 360.0 360.0 171.9   66.0   40.9   -0.2
    2  663 A S        -     0   0   23      1,-0.1     4,-0.1   124,-0.1     7,-0.0  -0.463 360.0-161.6 -71.4 139.8   64.3   40.0    3.2
    3  664 A K        +     0   0  180     -2,-0.1     2,-0.2   124,-0.1    -1,-0.1   0.262  62.8  97.3-101.5   4.6   65.5   41.9    6.3
    4  665 A L  S    S-     0   0   33      1,-0.1     2,-0.1     2,-0.1    -2,-0.0  -0.481  85.4 -90.9 -90.8 165.9   64.0   39.2    8.6
    5  666 A A    >>  -     0   0   46     -2,-0.2     4,-1.8     1,-0.1     3,-0.7  -0.446  42.2-111.2 -71.9 151.8   65.7   36.3   10.4
    6  667 A K  H 3> S+     0   0  130      1,-0.2     4,-3.2     2,-0.2     3,-0.3   0.904 115.1  52.7 -50.8 -56.6   65.6   33.0    8.4
    7  668 A P  H 3> S+     0   0   33      0, 0.0     4,-1.8     0, 0.0    -1,-0.2   0.808 110.3  49.7 -53.3 -30.2   63.2   31.1   10.7
    8  669 A I  H <> S+     0   0   11     -3,-0.7     4,-2.6     2,-0.2    -2,-0.2   0.856 110.5  50.4 -74.8 -37.9   60.7   34.1   10.4
    9  670 A Q  H  X S+     0   0   47     -4,-1.8     4,-2.4    -3,-0.3     5,-0.2   0.956 112.4  46.8 -63.0 -50.2   61.1   34.0    6.6
   10  671 A D  H  X S+     0   0   37     -4,-3.2     4,-2.1     1,-0.2    -2,-0.2   0.890 111.5  52.7 -60.4 -36.9   60.4   30.2    6.7
   11  672 A L  H  X S+     0   0    5     -4,-1.8     4,-2.4    -5,-0.3    -2,-0.2   0.941 109.4  46.8 -64.2 -48.9   57.5   30.8    8.9
   12  673 A I  H  X S+     0   0    1     -4,-2.6     4,-1.6     2,-0.2    -2,-0.2   0.926 111.3  51.1 -58.6 -47.3   55.9   33.4    6.7
   13  674 A K  H  < S+     0   0  116     -4,-2.4     4,-0.3     1,-0.2     3,-0.3   0.941 111.5  50.9 -55.1 -47.0   56.3   31.3    3.5
   14  675 A M  H >< S+     0   0   46     -4,-2.1     3,-0.9     1,-0.2    -2,-0.2   0.888 110.2  45.4 -59.1 -46.7   54.7   28.4    5.4
   15  676 A I  H 3< S+     0   0    1     -4,-2.4   194,-0.3     1,-0.2    -1,-0.2   0.714 116.7  45.6 -74.7 -19.1   51.6   30.3    6.6
   16  677 A F  T 3< S+     0   0   11     -4,-1.6     2,-0.3    -3,-0.3    -1,-0.2   0.310  77.3 135.5-104.7  10.8   51.0   31.9    3.2
   17  678 A D    <>  -     0   0   65     -3,-0.9     4,-1.3    -4,-0.3     3,-0.2  -0.418  42.4-158.2 -63.5 119.3   51.5   28.7    1.2
   18  679 A V  H  > S+     0   0   36     -2,-0.3     4,-1.5     1,-0.2    -1,-0.2   0.858  87.9  58.5 -68.4 -33.1   48.7   28.6   -1.4
   19  680 A E  H  > S+     0   0  119      1,-0.2     4,-2.4     2,-0.2    -1,-0.2   0.828 102.7  53.0 -68.8 -33.5   48.9   24.8   -1.9
   20  681 A S  H  > S+     0   0   31      2,-0.2     4,-2.7     1,-0.2    -1,-0.2   0.896 104.9  56.2 -69.6 -36.2   48.3   24.1    1.7
   21  682 A M  H  X S+     0   0    1     -4,-1.3     4,-2.0     1,-0.2    -2,-0.2   0.916 110.3  44.8 -61.2 -37.6   45.1   26.2    1.5
   22  683 A K  H  X S+     0   0   94     -4,-1.5     4,-2.4     2,-0.2     5,-0.2   0.936 110.3  53.3 -69.7 -50.2   43.8   24.0   -1.3
   23  684 A K  H  X S+     0   0  143     -4,-2.4     4,-2.5     1,-0.2     5,-0.2   0.950 107.6  52.4 -51.6 -44.2   44.8   20.8    0.4
   24  685 A A  H  X S+     0   0   10     -4,-2.7     4,-1.6     1,-0.2    -1,-0.2   0.944 110.9  47.5 -59.7 -44.7   42.8   22.0    3.4
   25  686 A M  H  <>S+     0   0    0     -4,-2.0     5,-2.6     1,-0.2    -1,-0.2   0.824 109.8  51.8 -66.6 -30.9   39.8   22.6    1.2
   26  687 A V  H ><5S+     0   0   66     -4,-2.4     3,-1.8     3,-0.2    -1,-0.2   0.897 106.4  54.2 -71.8 -39.2   40.0   19.3   -0.5
   27  688 A E  H 3<5S+     0   0  124     -4,-2.5    -2,-0.2     1,-0.3    -1,-0.2   0.869 105.6  53.3 -61.7 -32.8   40.2   17.6    2.9
   28  689 A F  T 3<5S-     0   0   21     -4,-1.6    -1,-0.3    -5,-0.2    -2,-0.2   0.413 120.2-116.4 -78.3  -2.7   36.9   19.4    3.8
   29  690 A E  T < 5 +     0   0   77     -3,-1.8    53,-2.2     1,-0.2    -3,-0.2   0.730  58.2 158.7  69.8  30.0   35.5   17.9    0.5
   30  691 A I  B   < -A   81   0A   6     -5,-2.6     2,-1.2    51,-0.3    51,-0.3  -0.552  48.6-116.5 -77.9 149.8   35.0   21.2   -1.2
   31  692 A D    >>  -     0   0    8     49,-2.7     4,-2.8    -2,-0.2     3,-0.7  -0.748  27.5-170.9 -89.5  95.9   34.8   21.1   -5.0
   32  693 A L  T 34 S+     0   0   51     -2,-1.2    -1,-0.2     1,-0.2     5,-0.1   0.756  82.7  59.3 -60.4 -24.1   37.8   23.2   -6.0
   33  694 A Q  T 34 S+     0   0  169      1,-0.2    -1,-0.2     2,-0.1    -2,-0.1   0.839 116.9  28.8 -75.2 -34.8   36.6   23.2   -9.6
   34  695 A K  T <4 S+     0   0  131     -3,-0.7    -2,-0.2     1,-0.2    -1,-0.2   0.703 131.1  39.1 -97.4 -22.1   33.3   24.9   -8.8
   35  696 A M  S  < S-     0   0    0     -4,-2.8    -1,-0.2    45,-0.1    -2,-0.1  -0.695  78.0-171.7-130.8  79.2   34.5   26.8   -5.8
   36  697 A P    >>  -     0   0   60      0, 0.0     3,-2.5     0, 0.0     4,-0.7  -0.165  41.2-100.0 -64.7 164.2   38.1   28.2   -6.2
   37  698 A L  G >4 S+     0   0    8      1,-0.3     3,-0.8     2,-0.2    77,-0.1   0.869 122.4  58.3 -53.1 -39.6   40.1   29.9   -3.5
   38  699 A G  G 34 S+     0   0   62      1,-0.2    -1,-0.3    76,-0.0    -3,-0.0   0.449  94.3  65.3 -73.4  -0.4   39.2   33.3   -4.9
   39  700 A K  G <4  +     0   0   99     -3,-2.5    -1,-0.2     2,-0.1    -2,-0.2   0.761  68.5 116.6 -91.5 -26.8   35.4   32.7   -4.5
   40  701 A L    <<  -     0   0   16     -3,-0.8     2,-0.4    -4,-0.7     3,-0.1  -0.174  44.7-175.6 -44.9 115.4   35.5   32.5   -0.6
   41  702 A S     >  -     0   0   60      1,-0.1     4,-1.8     0, 0.0     5,-0.1  -0.934  32.0-135.1-117.3 139.4   33.3   35.4    0.6
   42  703 A K  H  > S+     0   0  116     -2,-0.4     4,-1.9     1,-0.2    -1,-0.1   0.923 110.5  51.1 -59.5 -39.8   32.9   36.3    4.3
   43  704 A R  H  > S+     0   0  196      1,-0.2     4,-2.2     2,-0.2     5,-0.2   0.928 104.2  57.4 -61.3 -46.0   29.1   36.7    3.6
   44  705 A Q  H  > S+     0   0   20      1,-0.2     4,-2.1     2,-0.2    -1,-0.2   0.914 106.6  49.3 -49.8 -46.8   29.0   33.3    1.9
   45  706 A I  H  X S+     0   0    1     -4,-1.8     4,-2.3     1,-0.2    -1,-0.2   0.923 107.8  53.5 -63.3 -42.1   30.3   31.7    5.2
   46  707 A Q  H  X S+     0   0   46     -4,-1.9     4,-1.9     1,-0.2    -1,-0.2   0.912 109.7  47.5 -59.8 -46.8   27.8   33.6    7.4
   47  708 A S  H  X S+     0   0   50     -4,-2.2     4,-2.0     1,-0.2    -1,-0.2   0.897 108.5  55.4 -58.9 -42.6   24.8   32.3    5.3
   48  709 A A  H  X S+     0   0    0     -4,-2.1     4,-2.3    -5,-0.2    -2,-0.2   0.938 107.1  50.1 -56.8 -46.1   26.3   28.8    5.4
   49  710 A Y  H  X S+     0   0    0     -4,-2.3     4,-2.4     1,-0.2    -1,-0.2   0.872 108.2  52.2 -59.5 -45.7   26.3   29.0    9.3
   50  711 A S  H  X S+     0   0   56     -4,-1.9     4,-3.0     2,-0.2    -1,-0.2   0.829 108.4  51.7 -58.4 -40.2   22.7   30.1    9.4
   51  712 A I  H  X S+     0   0    7     -4,-2.0     4,-3.0     2,-0.2     5,-0.2   0.939 112.1  45.5 -61.7 -48.5   21.8   27.2    7.2
   52  713 A L  H  X S+     0   0    0     -4,-2.3     4,-2.0     2,-0.2    -2,-0.2   0.870 112.2  53.4 -63.4 -33.3   23.6   24.8    9.6
   53  714 A N  H  X S+     0   0   36     -4,-2.4     4,-1.6   169,-0.2    -2,-0.2   0.974 112.8  41.9 -65.6 -54.2   22.0   26.6   12.5
   54  715 A E  H  X S+     0   0   96     -4,-3.0     4,-1.8     1,-0.2    -2,-0.2   0.899 113.8  50.8 -60.1 -45.4   18.5   26.1   11.1
   55  716 A V  H  X S+     0   0    0     -4,-3.0     4,-1.9     1,-0.2    -1,-0.2   0.883 107.4  54.6 -63.5 -35.1   19.0   22.5   10.0
   56  717 A Q  H  X S+     0   0   21     -4,-2.0     4,-1.8    -5,-0.2    -1,-0.2   0.890 106.4  52.0 -63.4 -40.2   20.4   21.6   13.4
   57  718 A Q  H  X S+     0   0   98     -4,-1.6     4,-2.3     1,-0.2    -1,-0.2   0.908 109.3  50.3 -60.9 -43.0   17.2   23.0   14.9
   58  719 A A  H  <>S+     0   0   12     -4,-1.8     5,-2.7     2,-0.2     4,-0.5   0.833 110.0  48.4 -63.2 -43.2   15.1   20.8   12.6
   59  720 A V  H  <5S+     0   0   42     -4,-1.9     3,-0.3     3,-0.2    -1,-0.2   0.837 114.9  47.6 -69.1 -31.6   17.0   17.6   13.4
   60  721 A S  H  <5S+     0   0   75     -4,-1.8    -2,-0.2     1,-0.2    -1,-0.2   0.871 118.8  37.2 -76.7 -37.9   16.6   18.4   17.1
   61  722 A D  T  <5S-     0   0  145     -4,-2.3    -1,-0.2    -5,-0.1    -2,-0.2   0.200 111.1-107.9 -99.1   8.3   12.9   19.2   17.0
   62  723 A G  T   5 +     0   0   70     -4,-0.5    -3,-0.2    -3,-0.3    -4,-0.1   0.948  53.4 177.2  64.4  48.8   11.6   16.6   14.5
   63  724 A G      < -     0   0   35     -5,-2.7    -1,-0.1     1,-0.2     5,-0.1  -0.285  42.6 -63.2 -76.8 170.9   10.9   19.0   11.7
   64  725 A S     >  -     0   0   57      1,-0.1     4,-1.7     3,-0.1    -1,-0.2  -0.147  35.2-131.7 -54.8 146.2    9.7   17.8    8.2
   65  726 A E  H  > S+     0   0  128      1,-0.2     4,-2.1     2,-0.2     5,-0.2   0.845 112.1  60.7 -65.5 -30.6   12.1   15.6    6.3
   66  727 A S  H  > S+     0   0   55      2,-0.2     4,-2.9     1,-0.2    -1,-0.2   0.903 101.8  51.5 -58.8 -46.0   11.3   18.0    3.4
   67  728 A Q  H  > S+     0   0   77      1,-0.2     4,-2.7     2,-0.2     5,-0.2   0.964 110.1  46.9 -59.2 -49.8   12.7   20.8    5.5
   68  729 A I  H  X S+     0   0   22     -4,-1.7     4,-1.8     1,-0.2    23,-0.4   0.810 114.0  49.4 -64.0 -33.2   16.0   18.9    6.1
   69  730 A L  H  X S+     0   0   79     -4,-2.1     4,-2.5     2,-0.2    -1,-0.2   0.921 111.3  47.9 -72.8 -43.4   16.3   18.0    2.4
   70  731 A D  H  X S+     0   0  109     -4,-2.9     4,-2.6     1,-0.2    -2,-0.2   0.951 112.0  49.6 -63.2 -45.1   15.7   21.6    1.3
   71  732 A L  H  X S+     0   0   18     -4,-2.7     4,-2.6     1,-0.2    -1,-0.2   0.891 109.6  52.2 -60.0 -43.0   18.3   22.9    3.8
   72  733 A S  H  X S+     0   0    1     -4,-1.8     4,-2.5     1,-0.2     5,-0.3   0.923 109.5  49.6 -61.2 -43.8   20.8   20.3    2.6
   73  734 A N  H  X S+     0   0   98     -4,-2.5     4,-1.9     1,-0.2    -2,-0.2   0.918 110.6  49.7 -63.8 -40.9   20.3   21.4   -1.0
   74  735 A R  H  X S+     0   0  150     -4,-2.6     4,-1.8     1,-0.2    -2,-0.2   0.945 111.5  49.7 -63.2 -40.9   20.7   25.0   -0.1
   75  736 A F  H  X S+     0   0    0     -4,-2.6     4,-2.6     1,-0.2    -2,-0.2   0.913 113.3  43.3 -62.0 -49.9   23.9   24.3    1.8
   76  737 A Y  H  < S+     0   0   35     -4,-2.5    -1,-0.2     1,-0.2     5,-0.2   0.787 112.2  54.9 -68.4 -27.1   25.6   22.2   -0.9
   77  738 A T  H  < S+     0   0  106     -4,-1.9    -1,-0.2    -5,-0.3    -2,-0.2   0.841 112.9  43.3 -73.6 -30.5   24.4   24.8   -3.5
   78  739 A L  H  < S+     0   0   41     -4,-1.8    -2,-0.2     1,-0.3    -1,-0.2   0.856 126.8  30.2 -80.7 -42.2   26.1   27.5   -1.5
   79  740 A I  S  < S-     0   0    1     -4,-2.6    -1,-0.3    -5,-0.2     2,-0.1  -0.871  89.5-140.7-121.7  95.6   29.3   25.5   -0.8
   80  741 A P        -     0   0   22      0, 0.0   -49,-2.7     0, 0.0     2,-0.3  -0.342  20.8-163.3 -57.9 122.8   29.9   23.0   -3.7
   81  742 A H  B     -A   30   0A  20    -51,-0.3     2,-0.6    -5,-0.2   -51,-0.3  -0.818  14.0-145.8-110.4 151.0   31.2   19.7   -2.4
   82  743 A D        +     0   0   90    -53,-2.2   -50,-0.1    -2,-0.3   -53,-0.0  -0.929  23.5 166.7-122.6 104.8   32.9   16.9   -4.4
   83  744 A F    >   -     0   0   21     -2,-0.6     3,-1.4     1,-0.3     2,-0.2   0.246  35.3-140.4 -98.9   7.6   31.9   13.5   -3.1
   84  745 A G  T 3  S-     0   0   60      1,-0.2    -1,-0.3     4,-0.0     0, 0.0  -0.449  71.5 -20.3  69.5-135.3   33.3   11.4   -6.0
   85  746 A M  T 3  S+     0   0  203     -2,-0.2    -1,-0.2     2,-0.1     2,-0.2   0.228 116.2 107.0 -91.1  13.1   31.1    8.4   -7.0
   86  747 A K  S <  S-     0   0  130     -3,-1.4    -3,-0.2     1,-0.0     0, 0.0  -0.514  79.1-111.8 -90.7 153.1   29.5    8.6   -3.6
   87  748 A K        -     0   0  153     -2,-0.2    -2,-0.1     1,-0.1    -1,-0.0  -0.778  41.9-103.7 -83.5 135.2   26.0   10.0   -3.0
   88  749 A P        -     0   0   53      0, 0.0     2,-0.2     0, 0.0    -1,-0.1  -0.438  37.7-125.3 -63.3 125.8   26.0   13.3   -1.1
   89  750 A P        -     0   0   41      0, 0.0     2,-0.1     0, 0.0    -3,-0.0  -0.507  20.9-119.6 -75.4 140.5   25.0   12.8    2.5
   90  751 A L    >   -     0   0   59     -2,-0.2     2,-2.1     1,-0.1     3,-0.6  -0.401  22.0-113.6 -76.1 155.0   22.2   14.8    4.0
   91  752 A L  T 3  S+     0   0    0    -23,-0.4   -32,-0.1     1,-0.2    -1,-0.1  -0.473  84.5 113.0 -85.6  62.0   22.7   17.1    7.0
   92  753 A S  T 3   +     0   0   68     -2,-2.1     2,-0.5     1,-0.0    -1,-0.2   0.426  54.0  78.3-112.6  -3.8   20.4   14.8    9.0
   93  754 A N  S X> S-     0   0   63     -3,-0.6     4,-1.9     1,-0.1     3,-0.6  -0.920  72.2-143.5-108.6 123.7   23.1   13.6   11.5
   94  755 A L  H 3> S+     0   0   40     -2,-0.5     4,-1.7     1,-0.2    -1,-0.1   0.803 100.8  54.2 -58.5 -26.7   24.1   15.9   14.3
   95  756 A E  H 3> S+     0   0  121      2,-0.2     4,-1.7     1,-0.2    -1,-0.2   0.861 107.0  49.4 -74.5 -35.1   27.7   14.8   14.1
   96  757 A Y  H <> S+     0   0   46     -3,-0.6     4,-1.6     2,-0.2    -2,-0.2   0.848 109.5  53.8 -70.6 -33.3   28.0   15.5   10.4
   97  758 A I  H  X S+     0   0    3     -4,-1.9     4,-1.6     2,-0.2    -2,-0.2   0.913 106.5  51.0 -66.2 -42.5   26.6   19.0   11.1
   98  759 A Q  H  X S+     0   0   88     -4,-1.7     4,-2.1     1,-0.2    -1,-0.2   0.892 107.8  53.6 -59.4 -46.3   29.2   19.6   13.7
   99  760 A A  H  X S+     0   0   50     -4,-1.7     4,-1.9     1,-0.2    -1,-0.2   0.875 108.3  50.3 -56.8 -38.7   31.9   18.7   11.2
  100  761 A K  H  X S+     0   0   12     -4,-1.6     4,-1.6     2,-0.2    -1,-0.2   0.825 107.1  52.3 -73.0 -29.0   30.5   21.2    8.8
  101  762 A V  H  X S+     0   0    0     -4,-1.6     4,-1.7     2,-0.2    -1,-0.2   0.881 108.9  52.0 -72.8 -34.7   30.5   23.9   11.4
  102  763 A Q  H  X S+     0   0   73     -4,-2.1     4,-1.9     1,-0.2    -2,-0.2   0.909 105.4  55.3 -65.7 -43.0   34.2   23.1   12.1
  103  764 A M  H  X S+     0   0    3     -4,-1.9     4,-2.8     1,-0.2    -1,-0.2   0.899 107.7  48.6 -58.1 -42.6   34.9   23.4    8.3
  104  765 A L  H  X S+     0   0    0     -4,-1.6     4,-1.7     2,-0.2    -1,-0.2   0.843 105.0  57.6 -68.0 -33.2   33.4   26.9    8.3
  105  766 A D  H  X S+     0   0   36     -4,-1.7     4,-0.5     1,-0.2    -1,-0.2   0.921 114.0  42.0 -60.6 -40.4   35.5   28.0   11.4
  106  767 A N  H >X S+     0   0   19     -4,-1.9     4,-2.3     1,-0.2     3,-1.1   0.893 108.2  57.6 -71.9 -44.1   38.5   27.0    9.2
  107  768 A L  H 3X S+     0   0    0     -4,-2.8     4,-2.5     1,-0.3    -1,-0.2   0.806 100.0  61.0 -57.7 -29.5   37.2   28.6    6.0
  108  769 A L  H 3X S+     0   0   41     -4,-1.7     4,-1.0     2,-0.2    -1,-0.3   0.797 108.8  41.2 -65.4 -34.7   37.0   31.9    7.8
  109  770 A D  H <X S+     0   0   36     -3,-1.1     4,-2.2    -4,-0.5    -2,-0.2   0.872 112.7  52.6 -82.3 -38.4   40.7   31.9    8.5
  110  771 A I  H  X S+     0   0    0     -4,-2.3     4,-2.4     1,-0.2     5,-0.2   0.927 107.0  54.2 -62.0 -41.1   41.6   30.6    5.1
  111  772 A E  H  X S+     0   0   36     -4,-2.5     4,-2.2     1,-0.2    -1,-0.2   0.898 108.1  50.2 -57.9 -41.5   39.6   33.4    3.5
  112  773 A V  H  X S+     0   0   22     -4,-1.0     4,-2.5     2,-0.2    -1,-0.2   0.930 109.9  50.2 -61.7 -48.0   41.5   36.0    5.5
  113  774 A A  H  X S+     0   0    0     -4,-2.2     4,-2.7     1,-0.2    -2,-0.2   0.930 111.3  47.1 -58.3 -48.3   44.9   34.5    4.5
  114  775 A Y  H  X S+     0   0   56     -4,-2.4     4,-1.6     1,-0.2    -1,-0.2   0.912 110.6  52.9 -62.5 -41.1   44.0   34.6    0.8
  115  776 A S  H  < S+     0   0   61     -4,-2.2     3,-0.4    -5,-0.2    -1,-0.2   0.943 112.2  44.9 -57.2 -51.3   42.7   38.1    1.0
  116  777 A L  H >< S+     0   0   32     -4,-2.5     3,-1.7     1,-0.2    -1,-0.2   0.911 108.3  57.9 -60.2 -44.2   45.9   39.3    2.5
  117  778 A L  H 3< S+     0   0   14     -4,-2.7    -1,-0.2     1,-0.3    -2,-0.2   0.795 115.6  34.6 -57.1 -35.5   48.0   37.3    0.0
  118  779 A R  T 3< S+     0   0  169     -4,-1.6    -1,-0.3    -3,-0.4    -2,-0.2   0.132 105.6  92.0-104.1  12.3   46.5   39.1   -2.9
  119  780 A G  S <  S-     0   0   40     -3,-1.7     2,-2.0     1,-0.2    -3,-0.1   0.512  93.3  -5.1 -76.5-129.8   46.1   42.4   -1.0
  120  781 A G  S    S+     0   0   64      1,-0.1     2,-0.6    11,-0.1    -1,-0.2  -0.400  73.4 143.5 -72.8  76.8   48.8   45.2   -1.0
  121  782 A N        +     0   0   63     -2,-2.0     2,-0.4    -3,-0.2    -1,-0.1  -0.607  25.5 121.2-112.8  65.4   51.7   43.7   -3.0
  122  783 A E        +     0   0  188     -2,-0.6     2,-0.2     9,-0.0    -2,-0.0  -0.857  37.7  91.2-135.1  97.9   53.0   46.7   -4.9
  123  784 A D        -     0   0   93     -2,-0.4     8,-0.1     3,-0.1     0, 0.0  -0.820  43.3-163.4-178.4 142.2   56.7   47.6   -4.2
  124  785 A G  S    S+     0   0   81     -2,-0.2    -1,-0.0     1,-0.1    -2,-0.0   0.669  93.0  62.1-103.1 -27.8   60.0   46.7   -5.7
  125  786 A D  S    S+     0   0  161      2,-0.1     2,-0.4     1,-0.0    -1,-0.1   0.457  97.0  67.7 -76.8  -6.0   62.0   47.9   -2.7
  126  787 A K  S    S-     0   0   91   -124,-0.0    -3,-0.1     4,-0.0  -124,-0.1  -0.979  85.0-124.4-120.4 129.8   60.4   45.4   -0.4
  127  788 A D     >  -     0   0   16   -126,-0.5     4,-2.0    -2,-0.4  -124,-0.1  -0.385  30.7-115.0 -62.5 146.9   61.0   41.6   -0.7
  128  789 A P  H  > S+     0   0   83      0, 0.0     4,-1.8     0, 0.0     5,-0.2   0.872 115.5  54.3 -55.0 -37.8   57.6   39.8   -1.1
  129  790 A I  H  > S+     0   0   19      2,-0.2     4,-2.5     1,-0.2     5,-0.1   0.949 106.5  49.7 -59.1 -52.4   58.1   38.1    2.3
  130  791 A D  H  > S+     0   0    9      1,-0.2     4,-2.4     2,-0.2    -1,-0.2   0.889 108.6  54.1 -55.8 -44.0   58.7   41.4    4.2
  131  792 A I  H  X S+     0   0   19     -4,-2.0     4,-1.2     1,-0.2    -1,-0.2   0.915 111.5  44.3 -57.1 -46.3   55.5   42.8    2.7
  132  793 A N  H  X S+     0   0   13     -4,-1.8     4,-0.9     2,-0.2    -2,-0.2   0.846 108.7  57.0 -69.4 -34.8   53.4   39.8    3.9
  133  794 A Y  H >< S+     0   0   20     -4,-2.5     3,-2.1     1,-0.2     5,-0.4   0.981 106.6  50.4 -59.0 -51.9   55.0   39.9    7.3
  134  795 A E  H >< S+     0   0  115     -4,-2.4     3,-1.2     1,-0.3    -1,-0.2   0.771  99.9  63.3 -57.4 -31.0   53.9   43.5    7.6
  135  796 A K  H 3< S+     0   0   16     -4,-1.2    -1,-0.3     1,-0.2    -2,-0.2   0.789  92.6  67.1 -65.4 -25.3   50.4   42.6    6.7
  136  797 A L  T << S-     0   0    0     -3,-2.1    -1,-0.2    -4,-0.9    -2,-0.2   0.662  88.8-148.2 -69.4 -18.7   50.3   40.4    9.8
  137  798 A R    <   +     0   0  151     -3,-1.2    44,-2.9    -4,-0.3     2,-0.4   0.838  60.1 117.1  52.8  36.9   50.4   43.5   12.2
  138  799 A T  E     -B  180   0B   7     -5,-0.4     2,-0.5    42,-0.3    42,-0.3  -0.998  65.4-134.5-137.7 128.7   52.3   41.3   14.6
  139  800 A D  E     -B  179   0B  77     40,-2.5    40,-2.0    -2,-0.4     2,-0.5  -0.730  27.9-166.9 -84.0 124.9   55.8   41.8   15.8
  140  801 A I  E     +B  178   0B   5     -2,-0.5     2,-0.3    38,-0.2    38,-0.2  -0.968  10.4 174.5-119.5 130.3   57.6   38.4   15.7
  141  802 A K  E     -B  177   0B 112     36,-2.5    36,-3.6    -2,-0.5     2,-0.4  -0.954  31.7-116.9-132.1 147.2   61.0   37.6   17.3
  142  803 A V  E     -B  176   0B  56     -2,-0.3     2,-0.5    34,-0.2    34,-0.2  -0.716  26.2-136.3 -84.6 132.6   63.0   34.5   17.7
  143  804 A V        -     0   0    9     32,-2.6    32,-0.4    -2,-0.4     2,-0.3  -0.763  27.7-110.7 -90.5 126.3   63.5   33.3   21.3
  144  805 A D    >   -     0   0   94     -2,-0.5     3,-1.9     1,-0.1     6,-0.5  -0.451  19.4-132.7 -60.5 126.0   67.0   32.1   21.9
  145  806 A K  T 3  S+     0   0  129     -2,-0.3    -1,-0.1     1,-0.3    -2,-0.0   0.525 102.1  49.0 -56.8  -8.9   67.1   28.4   22.4
  146  807 A D  T 3  S+     0   0  103      4,-0.1    -1,-0.3     5,-0.0    -2,-0.1   0.490  85.5 101.1-113.9  -5.8   69.3   28.8   25.6
  147  808 A S  S <> S-     0   0   32     -3,-1.9     4,-2.0     1,-0.1     5,-0.1  -0.157  86.8-103.6 -73.4 172.9   67.5   31.4   27.6
  148  809 A E  H  > S+     0   0  141      2,-0.2     4,-3.1     1,-0.2     5,-0.2   0.910 121.0  58.3 -62.4 -42.6   65.3   30.6   30.6
  149  810 A E  H  > S+     0   0   38      1,-0.2     4,-2.5     2,-0.2     5,-0.2   0.916 108.1  45.2 -51.0 -51.9   62.2   31.2   28.4
  150  811 A A  H  > S+     0   0    0     -6,-0.5     4,-2.5     1,-0.2    -1,-0.2   0.905 113.3  50.0 -60.8 -44.8   63.2   28.6   26.0
  151  812 A K  H  X S+     0   0   99     -4,-2.0     4,-1.9     2,-0.2    -2,-0.2   0.926 112.4  46.1 -62.2 -46.5   64.2   26.1   28.7
  152  813 A I  H  X S+     0   0   38     -4,-3.1     4,-2.3     2,-0.2     3,-0.2   0.966 113.6  48.2 -61.5 -52.6   60.9   26.5   30.6
  153  814 A I  H  X S+     0   0    2     -4,-2.5     4,-1.9     1,-0.2    -1,-0.2   0.863 109.7  52.8 -56.9 -39.4   58.8   26.2   27.4
  154  815 A K  H  X S+     0   0   78     -4,-2.5     4,-2.5    -5,-0.2    -1,-0.2   0.909 110.1  49.0 -63.0 -38.9   60.7   23.1   26.3
  155  816 A Q  H  X S+     0   0   74     -4,-1.9     4,-2.9    -3,-0.2     5,-0.3   0.900 107.8  54.5 -64.8 -41.9   60.0   21.5   29.7
  156  817 A Y  H  X S+     0   0    0     -4,-2.3     4,-1.0     1,-0.2    84,-0.4   0.870 111.4  45.4 -59.5 -40.0   56.3   22.5   29.4
  157  818 A V  H  < S+     0   0    7     -4,-1.9    -2,-0.2    -5,-0.2    -1,-0.2   0.931 116.8  42.6 -70.0 -50.3   56.2   20.6   26.1
  158  819 A K  H >< S+     0   0  135     -4,-2.5     3,-0.9     1,-0.2    -2,-0.2   0.922 115.0  47.9 -64.2 -46.6   58.1   17.5   27.2
  159  820 A N  H 3< S+     0   0   31     -4,-2.9   154,-1.2     1,-0.2    -1,-0.2   0.730 110.2  50.6 -69.4 -25.7   56.4   17.0   30.6
  160  821 A T  T 3<  +     0   0    0     -4,-1.0    81,-0.9    -5,-0.3     2,-0.9   0.111  68.5 127.3-104.0  21.9   52.7   17.4   29.4
  161  822 A H    <   -     0   0   47     -3,-0.9   152,-0.1    79,-0.2    -4,-0.0  -0.713  61.5-126.9 -79.5 108.7   52.7   15.0   26.5
  162  823 A A    >   -     0   0    4     -2,-0.9     3,-0.7     1,-0.1    -2,-0.1  -0.124   5.4-121.0 -60.6 153.3   49.6   12.8   27.3
  163  824 A A  G >  S+     0   0   81      1,-0.2     3,-0.6     2,-0.1    -1,-0.1   0.892 109.1  49.0 -58.4 -53.4   49.6    9.0   27.6
  164  825 A T  G 3  S+     0   0   84      1,-0.3    -1,-0.2     2,-0.1    -2,-0.1   0.587 101.0  69.7 -67.2 -11.0   46.9    8.2   25.0
  165  826 A H  G X   +     0   0   28     -3,-0.7     3,-0.6     1,-0.2    -1,-0.3  -0.188  59.0 120.6-100.9  39.8   48.7   10.5   22.5
  166  827 A N  T <   +     0   0  128     -3,-0.6    -1,-0.2     1,-0.2     3,-0.1  -0.123  37.6 102.9 -97.7  39.1   51.8    8.2   22.1
  167  828 A A  T 3  S+     0   0   61      1,-0.1   182,-0.9   181,-0.1     2,-0.3   0.366  93.9   9.3 -92.2  -1.6   51.2    7.9   18.4
  168  829 A Y  E <   - C   0 348B  18     -3,-0.6   180,-0.2   180,-0.2     2,-0.2  -0.993  66.6-123.1-169.9 164.6   54.1   10.4   18.1
  169  830 A D  E     - C   0 347B  98    178,-2.7   178,-1.7    -2,-0.3     2,-0.4  -0.661  26.5-133.8-106.7 174.2   56.9   12.4   19.6
  170  831 A L  E     - C   0 346B  20     -2,-0.2     2,-0.5   176,-0.2   176,-0.2  -0.989  16.0-173.6-136.1 128.8   57.3   16.2   19.6
  171  832 A K  E     - C   0 345B 110    174,-1.9   174,-2.5    -2,-0.4     2,-0.7  -0.991  23.9-134.3-124.8 127.7   60.4   18.2   18.9
  172  833 A V  E     + C   0 344B  30     -2,-0.5   172,-0.2   172,-0.2     3,-0.1  -0.785  26.2 176.8 -78.1 115.9   60.4   22.0   19.3
  173  834 A V  E     -     0   0B  41    170,-2.8     2,-0.3    -2,-0.7    -1,-0.2   0.820  65.1  -5.2 -88.0 -39.1   62.0   23.3   16.1
  174  835 A E  E     - C   0 343B  55    169,-1.4   169,-2.9     2,-0.0     2,-0.4  -0.988  55.4-150.8-157.4 151.3   61.6   27.0   16.9
  175  836 A I  E     - C   0 342B   5    -32,-0.4   -32,-2.6    -2,-0.3     2,-0.4  -0.994  16.9-166.2-127.8 126.3   60.0   29.3   19.4
  176  837 A F  E     -BC 142 341B   1    165,-2.9   165,-2.0    -2,-0.4     2,-0.6  -0.930  18.2-137.7-118.8 142.4   58.8   32.8   18.5
  177  838 A R  E     -BC 141 340B 106    -36,-3.6   -36,-2.5    -2,-0.4     2,-0.4  -0.847  31.1-164.8 -93.4 122.3   57.9   35.6   20.7
  178  839 A I  E     +B  140   0B   9    161,-2.7     2,-0.3    -2,-0.6   -38,-0.2  -0.936  19.8 179.3-117.3 143.7   54.8   37.2   19.3
  179  840 A E  E     -B  139   0B  98    -40,-2.0   -40,-2.5    -2,-0.4     2,-0.2  -0.821  16.2-153.4-142.0  96.0   53.1   40.5   19.9
  180  841 A R  E >>  -B  138   0B  24     -2,-0.3     3,-1.9   -42,-0.3     4,-0.5  -0.482  37.2 -92.7 -71.0 136.8   49.9   41.4   18.0
  181  842 A E  T 34 S-     0   0  151    -44,-2.9    -1,-0.1     1,-0.3   -43,-0.0  -0.175 103.7  -5.0 -51.6 128.8   49.2   45.1   17.5
  182  843 A G  T 3> S+     0   0   18      1,-0.1     4,-1.8    -3,-0.1    -1,-0.3   0.320  99.3 112.7  69.7  -5.6   47.0   46.5   20.2
  183  844 A E  H <> S+     0   0   15     -3,-1.9     4,-2.2     1,-0.2    -2,-0.1   0.839  73.7  52.7 -66.6 -39.5   46.4   43.1   21.9
  184  845 A S  H  X S+     0   0   44     -4,-0.5     4,-0.8     2,-0.2    -1,-0.2   0.871 110.5  49.4 -62.7 -36.8   48.2   44.0   25.1
  185  846 A Q  H  4 S+     0   0  139      2,-0.2     3,-0.5     1,-0.2    -2,-0.2   0.903 110.7  49.3 -69.6 -39.5   46.2   47.1   25.4
  186  847 A R  H  < S+     0   0  157     -4,-1.8    -2,-0.2     1,-0.2    -1,-0.2   0.890 112.8  47.7 -64.9 -43.6   42.9   45.2   24.9
  187  848 A Y  H >< S+     0   0    0     -4,-2.2     3,-1.9     1,-0.2     4,-0.4   0.611  84.3 100.3 -74.9 -14.6   43.9   42.6   27.5
  188  849 A K  G >< S+     0   0  125     -4,-0.8     3,-1.6    -3,-0.5     4,-0.3   0.797  72.5  57.8 -44.9 -46.1   44.9   45.2   30.1
  189  850 A P  G >  S+     0   0   65      0, 0.0     3,-0.9     0, 0.0    -1,-0.3   0.776 101.7  60.2 -58.4 -23.9   41.8   45.2   32.3
  190  851 A F  G X  S+     0   0   38     -3,-1.9     3,-0.9     1,-0.2    -2,-0.2   0.564  78.0  82.4 -80.6 -13.3   42.3   41.4   32.8
  191  852 A K  G <  S+     0   0   76     -3,-1.6    -1,-0.2    -4,-0.4    -3,-0.1   0.736  86.0  65.4 -60.6 -22.1   45.7   41.8   34.4
  192  853 A Q  G <  S+     0   0  169     -3,-0.9    -1,-0.3    -4,-0.3    -2,-0.2   0.842  84.6  91.2 -68.0 -37.5   43.5   42.4   37.5
  193  854 A L  S <  S-     0   0   27     -3,-0.9     2,-0.2    -4,-0.2     3,-0.2  -0.214  72.0-135.4 -62.5 150.4   42.1   38.9   37.5
  194  855 A H  S    S+     0   0  101      1,-0.2    72,-1.5    70,-0.1    71,-0.1  -0.477  80.7  48.9 -93.4 173.6   43.8   36.2   39.5
  195  856 A N        +     0   0   35      1,-0.2    70,-1.7    70,-0.2    71,-0.6   0.962  66.9 165.3  58.7  53.8   44.4   32.7   38.1
  196  857 A R  E     -D  264   0B  53    109,-0.2   111,-2.3    68,-0.2     2,-0.3  -0.929  15.1-174.9 -99.5 122.7   46.0   33.8   34.8
  197  858 A Q  E     -De 263 307B  16     66,-1.9    66,-2.8    -2,-0.6     2,-0.9  -0.807  33.4-116.5-122.5 161.9   47.8   30.8   33.2
  198  859 A L  E     +D  262   0B   7    109,-3.1     2,-0.2    -2,-0.3    64,-0.2  -0.848  49.9 175.7 -95.8 102.6   50.0   30.1   30.2
  199  860 A L  E     -D  261   0B   0     62,-2.5    62,-2.8    -2,-0.9     2,-0.3  -0.697  25.8-109.8-111.9 164.4   47.9   27.7   28.1
  200  861 A W  E     -DF 260 237B   1     37,-2.6    37,-1.4    -2,-0.2     2,-0.3  -0.638  22.9-179.3 -96.1 148.8   48.0   25.9   24.7
  201  862 A H  E     -D  259   0B  34     58,-2.1    58,-2.6    -2,-0.3     2,-0.3  -0.924   8.3-167.9-148.0 111.4   46.1   26.4   21.5
  202  863 A G  E     +D  258   0B   7     -2,-0.3     2,-0.3    56,-0.2    56,-0.2  -0.729  15.1 155.8-100.8 153.7   46.6   24.3   18.4
  203  864 A S        -     0   0   17     54,-0.8    54,-0.5    -2,-0.3     2,-0.1  -0.952  47.8 -75.7-161.4 168.3   45.3   25.0   14.8
  204  865 A R    >>  -     0   0   27     -2,-0.3     3,-2.2     1,-0.1     4,-0.6  -0.459  42.1-118.5 -70.3 152.3   46.1   24.1   11.2
  205  866 A T  G >4 S+     0   0   23     42,-0.5     3,-1.4     1,-0.3     4,-0.3   0.873 113.3  66.4 -60.7 -28.6   49.0   26.0    9.7
  206  867 A T  G 34 S+     0   0   10      1,-0.3    -1,-0.3     2,-0.1   -93,-0.2   0.577  95.5  58.1 -70.0  -6.4   46.5   27.5    7.2
  207  868 A N  G X> S+     0   0    4     -3,-2.2     4,-2.4     1,-0.1     3,-0.8   0.628  80.8  88.8 -95.4 -15.7   44.8   29.3   10.0
  208  869 A F  H <X S+     0   0    0     -3,-1.4     4,-3.0    -4,-0.6     5,-0.2   0.748  79.9  55.5 -61.2 -24.7   47.7   31.3   11.2
  209  870 A A  H 3> S+     0   0    0   -194,-0.3     4,-2.1    -4,-0.3     5,-0.3   0.878 113.8  43.6 -75.1 -32.3   47.4   34.3    9.0
  210  871 A G  H <>>S+     0   0    0     -3,-0.8     4,-2.7    -4,-0.2     5,-0.7   0.921 114.8  49.6 -75.2 -41.0   43.9   34.8   10.3
  211  872 A I  H  X5S+     0   0    5     -4,-2.4     4,-2.1     3,-0.2    -2,-0.2   0.960 115.3  43.2 -62.4 -49.5   45.0   34.1   13.9
  212  873 A L  H  <5S+     0   0    0     -4,-3.0    -1,-0.2     2,-0.2    -2,-0.2   0.892 122.0  36.5 -67.0 -40.5   47.9   36.5   13.7
  213  874 A S  H  <5S+     0   0   21     -4,-2.1    -2,-0.2    -5,-0.2    -1,-0.2   0.906 133.4  24.5 -80.5 -40.4   46.1   39.4   11.9
  214  875 A Q  H  <5S-     0   0   81     -4,-2.7    -3,-0.2    -5,-0.3    -2,-0.2   0.634 102.4-134.8 -95.1 -20.6   42.6   39.0   13.6
  215  876 A G     << -     0   0    3     -4,-2.1    -1,-0.2    -5,-0.7     2,-0.1  -0.179  50.3 -36.1  85.6 173.6   43.7   37.3   16.8
  216  877 A L  S    S-     0   0   13    117,-0.1     2,-0.3    -4,-0.1   120,-0.1  -0.488  75.2-162.2 -70.2 140.2   41.9   34.3   18.3
  217  878 A R        -     0   0  162     -2,-0.1     2,-0.3    16,-0.1    16,-0.1  -0.849  20.7-125.7-128.0 164.7   38.2   34.6   17.7
  218  879 A I        -     0   0   47     -2,-0.3    16,-0.1     1,-0.1    14,-0.1  -0.720  47.1 -91.5-102.0 149.6   34.7   33.3   18.8
  219  880 A A        -     0   0   20     14,-0.3    -1,-0.1    -2,-0.3    13,-0.0  -0.315  51.2-100.7 -61.6 146.3   32.3   31.9   16.3
  220  881 A P    >   -     0   0   30      0, 0.0     3,-2.2     0, 0.0    -1,-0.1  -0.268  35.9 -97.7 -66.1 160.2   29.9   34.5   14.8
  221  882 A P  T 3  S+     0   0  110      0, 0.0     4,-0.1     0, 0.0    -2,-0.1   0.729 120.5  63.3 -47.2 -33.5   26.2   34.8   16.1
  222  883 A E  T 3  S+     0   0   51      2,-0.1  -169,-0.2     3,-0.0     3,-0.1   0.709  81.6  99.6 -66.8 -27.1   24.9   32.7   13.2
  223  884 A A  S <  S-     0   0    2     -3,-2.2     2,-0.2     1,-0.1     9,-0.1  -0.371  85.3-108.7 -64.5 136.9   26.9   29.7   14.3
  224  885 A P    >   -     0   0    2      0, 0.0     3,-1.1     0, 0.0    -1,-0.1  -0.491  15.5-141.0 -68.6 136.0   24.9   27.1   16.3
  225  886 A V  G >  S+     0   0   47      1,-0.2     3,-1.1    -2,-0.2     6,-0.4   0.838 102.4  63.5 -63.1 -27.5   25.8   27.1   20.0
  226  887 A T  G 3  S+     0   0   39      1,-0.3    -1,-0.2     4,-0.1  -128,-0.1   0.704  79.3  80.9 -69.1 -23.0   25.5   23.3   19.7
  227  888 A G  G <  S+     0   0    5     -3,-1.1     2,-0.3  -130,-0.1    -1,-0.3   0.462  93.2  57.0 -65.1   0.0   28.3   23.0   17.3
  228  889 A Y  S X  S-     0   0   26     -3,-1.1     3,-1.0     1,-0.1     4,-0.1  -0.993  81.3-127.5-136.1 143.3   30.8   23.3   20.2
  229  890 A M  T 3  S+     0   0   60     -2,-0.3    46,-1.0     1,-0.3    48,-0.1   0.871 108.6  17.9 -53.9 -49.8   31.3   21.2   23.4
  230  891 A F  T 3  S-     0   0    0      1,-0.5    -1,-0.3    44,-0.2     2,-0.1   0.057 119.1 -93.7-115.6  27.7   31.1   24.2   25.8
  231  892 A G    <   -     0   0    0     -3,-1.0     2,-1.4    -6,-0.4    -1,-0.5  -0.352  69.5 -32.1  92.0-177.4   29.5   26.8   23.7
  232  893 A K  S    S+     0   0   47     45,-0.4     2,-0.2    -2,-0.1   -14,-0.1  -0.634  94.2 107.0 -84.7  88.4   30.9   29.6   21.6
  233  894 A G  S    S-     0   0   11     -2,-1.4     2,-0.5   -16,-0.1   -14,-0.3  -0.580  74.5 -79.1-138.4-161.7   34.2   30.6   23.3
  234  895 A I  E     -I  330   0C   5     96,-2.3    96,-1.8    -2,-0.2     2,-0.3  -0.973  46.5-141.2-113.4 127.1   38.0   30.2   22.9
  235  896 A Y  E     +I  329   0C  49     -2,-0.5     2,-0.3    94,-0.2    94,-0.2  -0.719  22.7 171.3 -97.5 143.7   39.5   26.8   23.9
  236  897 A F  E     -I  328   0C   6     92,-2.3    92,-2.6    -2,-0.3     2,-0.3  -0.906  13.4-156.3-141.2 165.9   42.7   25.9   25.6
  237  898 A A  B     -F  200   0B   4    -37,-1.4   -37,-2.6    -2,-0.3    90,-0.1  -0.911  19.2-150.1-141.0 158.1   44.5   22.9   27.1
  238  899 A D  S    S+     0   0    2     88,-0.4     2,-0.6    -2,-0.3     3,-0.1   0.391  85.6  78.3-107.5  -4.1   47.3   22.4   29.7
  239  900 A M  S >> S-     0   0    3     87,-0.3     4,-1.3     1,-0.1     3,-0.8  -0.940  74.0-149.4-106.1 113.7   48.4   19.2   28.0
  240  901 A V  H 3> S+     0   0    0     -2,-0.6     4,-2.9   -84,-0.4   -79,-0.2   0.866  95.1  55.0 -52.6 -39.0   50.5   20.0   24.9
  241  902 A S  H 3> S+     0   0    0    -81,-0.9     4,-1.7     1,-0.2    -1,-0.3   0.825  98.8  59.1 -67.4 -34.2   49.4   16.9   23.2
  242  903 A K  H <4 S+     0   0   17     -3,-0.8    -1,-0.2     2,-0.2    -2,-0.2   0.918 115.7  36.6 -59.5 -44.7   45.7   17.6   23.5
  243  904 A S  H >< S+     0   0    2     -4,-1.3     3,-3.3     1,-0.2     4,-0.2   0.942 108.9  63.4 -70.5 -50.2   46.2   20.8   21.6
  244  905 A A  H >< S+     0   0    1     -4,-2.9     3,-1.9     1,-0.3     4,-0.4   0.787  91.2  68.3 -46.5 -31.5   48.9   19.4   19.2
  245  906 A N  G >< S+     0   0   58     -4,-1.7     3,-0.5     1,-0.3    -1,-0.3   0.703  92.8  59.3 -63.1 -18.7   46.2   17.0   17.9
  246  907 A Y  G <  S+     0   0  113     -3,-3.3    -1,-0.3     1,-0.2    -2,-0.2   0.394  82.6  79.3 -91.1  -0.7   44.4   20.0   16.3
  247  908 A C  G <  S-     0   0    6     -3,-1.9   -42,-0.5    -4,-0.2    -1,-0.2   0.767  91.4-143.9 -74.7 -22.4   47.4   20.9   14.2
  248  909 A H    <   +     0   0  100     -3,-0.5    -2,-0.1    -4,-0.4    -3,-0.1   0.941  37.9 162.0  58.1  50.9   46.2   18.1   11.9
  249  910 A T        -     0   0   23     -5,-0.3     2,-0.3     5,-0.1    -1,-0.1  -0.315  15.6-173.3 -89.4 179.3   49.7   17.0   11.0
  250  911 A S        -     0   0   36      3,-1.8     3,-0.2    -2,-0.1    96,-0.1  -0.960  45.0 -91.5-162.5 170.3   50.6   13.6    9.5
  251  912 A Q  S    S+     0   0  142     -2,-0.3    -1,-0.1     1,-0.2    97,-0.1   0.922 130.3  49.0 -59.8 -34.9   53.7   11.5    8.5
  252  913 A A  S    S+     0   0   82      1,-0.3    -1,-0.2     2,-0.1    -3,-0.0   0.824 127.1  24.6 -71.8 -30.2   53.3   13.1    5.1
  253  914 A D  S    S+     0   0  107     -3,-0.2    -3,-1.8     1,-0.1    -1,-0.3  -0.723  72.9 162.2-139.1  81.3   53.1   16.6    6.6
  254  915 A P        +     0   0   32      0, 0.0    92,-2.0     0, 0.0     2,-0.5   0.579  40.2  97.9 -79.8 -16.9   54.8   16.6   10.0
  255  916 A I  E     + G   0 345B  47     90,-0.2     2,-0.3    -5,-0.0    90,-0.2  -0.674  48.2 172.8 -82.4 127.0   55.4   20.3   10.7
  256  917 A G  E     - G   0 344B   0     88,-2.8    88,-3.7    -2,-0.5     2,-0.4  -0.904  24.5-139.7-130.0 155.8   52.8   22.1   13.0
  257  918 A L  E     - G   0 343B   1    -54,-0.5   -54,-0.8    -2,-0.3     2,-0.3  -0.916  21.6-177.1-112.0 144.1   52.4   25.5   14.6
  258  919 A I  E     -DG 202 342B   0     84,-2.0    84,-3.1    -2,-0.4     2,-0.4  -0.981  15.3-133.8-142.6 146.8   51.1   25.8   18.2
  259  920 A L  E     -DG 201 341B   0    -58,-2.6   -58,-2.1    -2,-0.3     2,-0.5  -0.839   5.3-158.6-106.5 149.0   50.3   28.8   20.3
  260  921 A L  E     +DG 200 340B   0     80,-2.8    79,-2.6    -2,-0.4    80,-2.2  -0.984  25.2 178.2-119.1 110.9   51.0   29.7   24.0
  261  922 A G  E     -DG 199 338B   0    -62,-2.8   -62,-2.5    -2,-0.5     2,-0.6  -0.932  31.1-126.5-118.4 148.1   48.7   32.3   25.2
  262  923 A E  E     -DG 198 337B   2     75,-3.1    75,-2.3    -2,-0.4     2,-0.5  -0.826  34.0-165.7 -87.1 123.3   48.3   33.9   28.6
  263  924 A V  E     -DG 197 336B   0    -66,-2.8   -66,-1.9    -2,-0.6     2,-1.1  -0.961  21.3-137.2-123.7 122.8   44.6   33.6   29.6
  264  925 A A  E     +D  196   0B   0     71,-1.7   -68,-0.2    -2,-0.5   -69,-0.1  -0.636  34.0 164.8 -74.8  96.7   42.8   35.4   32.4
  265  926 A L        +     0   0    0    -70,-1.7    20,-0.4    -2,-1.1   -69,-0.2   0.831   6.5 168.6 -84.5 -40.2   40.8   32.6   34.0
  266  927 A G        +     0   0    1    -72,-1.5     2,-0.7   -71,-0.6    -1,-0.2  -0.335  65.2   2.5  62.2-135.8   39.7   34.0   37.4
  267  928 A N  S    S-     0   0   69     16,-0.3    18,-2.8    -2,-0.1    19,-1.1  -0.792  84.6-142.2 -86.6 117.5   37.0   31.9   39.1
  268  929 A M  E     -j  286   0C  26     -2,-0.7     2,-1.2    16,-0.2    19,-0.2  -0.630   8.5-136.5 -88.1 135.1   36.4   28.9   37.0
  269  930 A Y  E     -j  287   0C  89     17,-3.3    19,-2.1    -2,-0.3     2,-0.4  -0.749  32.5-149.0 -83.9  96.6   33.0   27.4   36.4
  270  931 A E  E     +j  288   0C  91     -2,-1.2     2,-0.3    17,-0.2    19,-0.2  -0.571  20.6 178.2 -77.8 124.4   34.1   23.7   36.8
  271  932 A L  E     -j  289   0C  13     17,-2.4    19,-2.9    -2,-0.4     3,-0.1  -0.899  28.3-166.0-123.6 154.0   32.1   21.1   34.7
  272  933 A K  S    S+     0   0   86     -2,-0.3    50,-2.4    17,-0.2    51,-0.5   0.547  79.0  42.2-110.0 -12.4   32.4   17.3   34.3
  273  934 A N  S    S-     0   0  107     48,-0.2    -1,-0.1    49,-0.1    17,-0.0  -0.947  96.0 -83.0-137.9 153.4   30.2   17.1   31.3
  274  935 A A        +     0   0   37     -2,-0.3     2,-0.3    -3,-0.1   -44,-0.2  -0.188  49.0 176.0 -52.9 139.2   29.5   19.0   28.0
  275  936 A S        -     0   0   50    -46,-1.0     2,-2.1    -4,-0.0    -4,-0.0  -0.961  35.2-128.3-152.6 129.6   27.2   21.9   28.5
  276  937 A H        -     0   0   86     -2,-0.3     2,-0.3   -46,-0.1   -46,-0.1  -0.477  32.7-162.3 -84.8  73.8   26.0   24.6   26.0
  277  938 A I        +     0   0   17     -2,-2.1   -45,-0.4     1,-0.2     3,-0.1  -0.375  21.3 170.2 -58.8 114.2   26.9   27.6   28.0
  278  939 A T  S    S+     0   0  116      1,-0.4     2,-0.3    -2,-0.3    -1,-0.2   0.774  71.7   7.5 -96.6 -33.9   25.1   30.6   26.7
  279  940 A K  S    S-     0   0  183      3,-0.0    -1,-0.4     0, 0.0     3,-0.0  -0.986  82.1-106.7-146.5 151.3   26.0   32.9   29.5
  280  941 A L        -     0   0   51     -2,-0.3     2,-0.4    -3,-0.1     3,-0.1  -0.584  35.5-106.9 -85.8 142.8   28.3   32.7   32.6
  281  942 A P    >   -     0   0   51      0, 0.0     3,-2.5     0, 0.0    -1,-0.1  -0.572  53.6 -93.5 -64.5 119.0   27.0   32.2   36.1
  282  943 A K  T 3  S+     0   0  219     -2,-0.4     3,-0.1     1,-0.3    -3,-0.0  -0.002 114.9  31.4 -35.6 132.0   27.6   35.6   37.9
  283  944 A G  T 3  S+     0   0   42      1,-0.3   -16,-0.3    -3,-0.1    -1,-0.3   0.112  97.8 102.4 100.6 -21.8   30.9   35.5   39.6
  284  945 A K    <   -     0   0   80     -3,-2.5    -1,-0.3     1,-0.1   -16,-0.2  -0.657  44.6-174.1 -96.4 150.9   32.6   33.1   37.2
  285  946 A H        +     0   0   64    -18,-2.8    46,-0.4   -20,-0.4     2,-0.3   0.546  67.1   4.4-117.5 -13.0   35.1   34.2   34.5
  286  947 A S  E     -j  268   0C   0    -19,-1.1   -17,-3.3    44,-0.1     2,-0.3  -0.956  68.1-109.5-161.4 170.6   35.7   31.1   32.5
  287  948 A V  E     -jK 269 329C   0     42,-2.4    42,-2.2    -2,-0.3     2,-0.4  -0.862  21.4-164.7-110.8 149.1   34.7   27.4   32.1
  288  949 A K  E     -jK 270 328C  30    -19,-2.1   -17,-2.4    -2,-0.3     2,-0.6  -0.912   8.3-155.4-138.3 101.1   36.9   24.4   33.1
  289  950 A G  E     -jK 271 327C   0     38,-2.3    38,-1.9    -2,-0.4     2,-0.3  -0.742  28.1-131.6 -76.1 119.3   36.1   21.0   31.8
  290  951 A L        -     0   0   32    -19,-2.9    33,-0.6    -2,-0.6     2,-0.2  -0.605  24.4-164.2 -77.2 134.6   37.7   18.6   34.4
  291  952 A G  E     -l  323   0D   0     -2,-0.3    27,-0.3    33,-0.1    33,-0.3  -0.636  29.8-120.4-114.4 171.0   39.8   15.8   33.1
  292  953 A K  E    S+     0   0D  81     31,-0.6    24,-2.9    -2,-0.2    25,-0.4   0.699 100.1  41.6 -79.0 -29.0   41.2   12.5   34.7
  293  954 A T  E     +lM 325 315D  35     31,-2.1    33,-0.6    22,-0.3    22,-0.2  -0.929  68.0 151.2-120.3 149.5   44.8   13.5   34.0
  294  955 A A  E     - M   0 314D   7     20,-2.3    20,-3.2    -2,-0.3   -55,-0.0  -0.974  50.1 -68.2-166.4 162.4   46.5   17.0   34.4
  295  956 A P  E     - M   0 313D  12      0, 0.0    18,-0.2     0, 0.0    17,-0.2  -0.247  61.0 -94.6 -62.3 151.7   49.8   18.5   35.1
  296  957 A D    >   -     0   0   44     16,-1.1     3,-1.7     1,-0.2     4,-0.5  -0.556  28.9-149.9 -68.4 111.9   51.2   18.0   38.6
  297  958 A P  T 3  S+     0   0   80      0, 0.0     3,-0.5     0, 0.0    -1,-0.2   0.686  93.2  66.2 -57.3 -21.9   50.2   21.1   40.7
  298  959 A T  T 3  S+     0   0  120      1,-0.2    -2,-0.0     0, 0.0     0, 0.0   0.867 101.1  48.5 -71.4 -30.0   53.4   20.7   42.8
  299  960 A A  S <  S+     0   0   43     -3,-1.7    11,-0.2    13,-0.1    -1,-0.2   0.558  77.6 131.5 -86.7  -7.3   55.6   21.5   39.7
  300  961 A T        -     0   0   58     -4,-0.5     2,-0.1    -3,-0.5     7,-0.0  -0.235  34.5-179.1 -51.8 114.9   53.6   24.6   38.7
  301  962 A T  E     -H  308   0B  57      7,-1.8     7,-2.8    -2,-0.1     2,-0.3  -0.348  18.6-122.3-104.1-169.3   56.1   27.5   38.1
  302  963 A T  E     -H  307   0B  81      5,-0.2     2,-0.3    -2,-0.1     5,-0.2  -0.942  15.7-171.8-136.5 151.4   55.7   31.1   37.0
  303  964 A L  E >  S-H  306   0B  31      3,-1.7     3,-1.8    -2,-0.3    -2,-0.0  -0.916  82.4 -16.8-145.8 113.9   57.0   33.2   34.1
  304  965 A D  T 3  S-     0   0  144     -2,-0.3     3,-0.1     1,-0.3    -2,-0.0   0.825 127.6 -54.3  58.7  33.1   56.3   36.9   34.2
  305  966 A G  T 3  S+     0   0   52      1,-0.2     2,-0.4     0, 0.0    -1,-0.3   0.398 113.2 116.3  84.4  -1.9   53.6   36.5   36.8
  306  967 A V  E <   - H   0 303B  10     -3,-1.8    -3,-1.7  -111,-0.1    -1,-0.2  -0.839  69.4-115.0-104.6 132.4   51.6   34.0   34.8
  307  968 A E  E     -eH 197 302B  82   -111,-2.3  -109,-3.1    -2,-0.4    -5,-0.2  -0.482  23.7-163.0 -69.2 133.3   51.2   30.4   36.0
  308  969 A V  E     - H   0 301B   1     -7,-2.8     2,-2.1    -2,-0.2    -7,-1.8  -0.925   6.9-159.3-118.2 103.8   52.8   27.7   33.9
  309  970 A P        +     0   0   10      0, 0.0    -9,-0.1     0, 0.0    -7,-0.0  -0.372  35.7 148.7 -80.3  62.4   51.4   24.2   34.7
  310  971 A L        +     0   0   18     -2,-2.1  -151,-0.1   -11,-0.2     3,-0.1   0.229  27.7 132.0 -81.2  11.7   54.5   22.4   33.2
  311  972 A G        -     0   0    0      1,-0.1     3,-0.1   -15,-0.1     2,-0.1  -0.246  67.9 -91.4 -65.4 156.6   54.1   19.5   35.7
  312  973 A N        -     0   0  102    -17,-0.2   -16,-1.1     1,-0.1  -152,-0.2  -0.381  55.3 -90.3 -65.7 140.8   54.2   15.9   34.7
  313  974 A G  E     +M  295   0D  31   -154,-1.2     2,-0.3   -18,-0.2    -1,-0.1  -0.357  55.9 174.9 -58.9 124.5   50.8   14.5   33.9
  314  975 A I  E     -M  294   0D  57    -20,-3.2   -20,-2.3    -3,-0.1     2,-0.3  -0.841  38.5 -96.8-126.7 161.2   49.2   13.0   37.0
  315  976 A S  E     -M  293   0D 103     -2,-0.3   -22,-0.3   -22,-0.2   -23,-0.1  -0.654  30.7-148.9 -76.4 142.6   45.8   11.5   37.7
  316  977 A T        -     0   0   54    -24,-2.9   -23,-0.1    -2,-0.3    -1,-0.1   0.585  27.8-118.8 -91.5 -14.7   43.5   14.1   39.2
  317  978 A G  S    S+     0   0   68    -25,-0.4     2,-0.5     1,-0.3   -25,-0.1   0.113  74.1 122.1  99.8 -26.1   41.2   12.0   41.4
  318  979 A I        +     0   0   44    -27,-0.3    -1,-0.3     1,-0.2    -2,-0.2  -0.644  31.1 173.7 -77.0 124.4   38.0   12.9   39.7
  319  980 A N        +     0   0  133     -2,-0.5     2,-0.8     1,-0.1    -1,-0.2   0.737  65.0  65.4 -99.0 -33.6   36.4    9.7   38.5
  320  981 A D  S    S+     0   0  133    -28,-0.0     2,-0.4     2,-0.0    -1,-0.1  -0.295  76.6 119.0 -92.4  53.1   33.0   10.8   37.2
  321  982 A T        -     0   0   13     -2,-0.8   -48,-0.2    -3,-0.2   -29,-0.1  -0.949  56.1-151.2-126.2 136.8   34.2   13.0   34.3
  322  983 A C  S    S+     0   0   70    -50,-2.4     2,-0.2    -2,-0.4   -49,-0.1   0.817  78.9  80.0 -66.8 -32.0   33.6   12.7   30.5
  323  984 A L  E     -l  291   0D  17    -33,-0.6   -31,-0.6   -51,-0.5    -2,-0.1  -0.497  57.2-163.7 -86.0 145.7   37.0   14.3   29.8
  324  985 A L  E    S+     0   0D  74    -33,-0.3   -31,-2.1     1,-0.2     2,-0.3   0.761  83.8  26.0 -87.4 -34.8   40.4   12.7   29.8
  325  986 A Y  E    S-l  293   0D  11    -34,-0.2    -1,-0.2   -33,-0.2   -31,-0.1  -0.900  93.8 -90.0-130.6 157.2   42.1   16.0   29.9
  326  987 A N        -     0   0    9    -33,-0.6     2,-0.4    -2,-0.3   -88,-0.4  -0.266  34.8-165.2 -66.4 153.9   41.4   19.5   31.1
  327  988 A E  E     - K   0 289C  22    -38,-1.9   -38,-2.3   -90,-0.1     2,-0.4  -0.996   1.8-160.2-143.2 132.1   39.8   22.0   28.8
  328  989 A Y  E     -IK 236 288C   5    -92,-2.6   -92,-2.3    -2,-0.4     2,-0.4  -0.981   7.6-172.4-121.0 132.0   39.6   25.8   29.4
  329  990 A I  E     -IK 235 287C   0    -42,-2.2   -42,-2.4    -2,-0.4     2,-0.3  -0.970   7.0-171.0-128.1 129.0   37.2   28.1   27.7
  330  991 A V  E     -I  234   0C   0    -96,-1.8   -96,-2.3    -2,-0.4   -44,-0.1  -0.851  11.6-156.9-110.9 149.7   36.9   31.9   27.8
  331  992 A Y  S    S+     0   0   55    -46,-0.4     2,-0.4    -2,-0.3     3,-0.1   0.200  72.8  69.0-113.3  20.8   34.0   33.8   26.3
  332  993 A D    >   -     0   0   74      1,-0.1     3,-2.2   -98,-0.1    -1,-0.1  -0.980  68.8-145.4-141.2 122.5   35.6   37.1   25.6
  333  994 A V  G >  S+     0   0   56     -2,-0.4     3,-1.0     1,-0.3  -117,-0.1   0.825 100.1  63.5 -54.7 -28.8   38.2   37.7   23.0
  334  995 A A  G 3  S+     0   0   26      1,-0.2    -1,-0.3    -3,-0.1  -144,-0.2   0.591  83.8  77.1 -74.9  -7.2   39.9   40.3   25.3
  335  996 A Q  G <  S+     0   0   15     -3,-2.2   -71,-1.7   -72,-0.1     2,-0.4   0.279  87.7  70.4 -86.9  15.2   40.7   37.6   28.0
  336  997 A V  E <   - G   0 263B   6     -3,-1.0     2,-0.4   -73,-0.2   -73,-0.2  -0.987  53.4-173.4-134.7 143.0   43.6   36.2   26.0
  337  998 A N  E     - G   0 262B   1    -75,-2.3   -75,-3.1    -2,-0.4     2,-0.1  -0.946  24.8-136.1-136.9 106.9   47.0   37.6   25.2
  338  999 A L  E     + G   0 261B   2     -2,-0.4  -158,-0.2   -77,-0.3   -77,-0.2  -0.443  30.8 166.1 -63.5 137.3   49.1   35.5   22.7
  339 1000 A K  E     +     0   0B  58    -79,-2.6  -161,-2.7     1,-0.4     2,-0.3   0.733  52.9  20.1-119.7 -53.8   52.7   35.1   23.8
  340 1001 A Y  E     -CG 177 260B  11    -80,-2.2   -80,-2.8  -163,-0.2     2,-0.4  -0.936  48.3-158.2-128.6 153.9   54.5   32.5   21.9
  341 1002 A L  E     -CG 176 259B   0   -165,-2.0  -165,-2.9    -2,-0.3     2,-0.4  -0.997  19.5-158.3-126.9 123.9   54.2   30.6   18.6
  342 1003 A L  E     -CG 175 258B   0    -84,-3.1   -84,-2.0    -2,-0.4     2,-0.6  -0.911  11.9-145.5-108.8 137.8   56.0   27.2   18.4
  343 1004 A K  E     -CG 174 257B  41   -169,-2.9  -170,-2.8    -2,-0.4  -169,-1.4  -0.902  29.4-167.2 -99.6 116.7   57.1   25.4   15.3
  344 1005 A L  E     -CG 172 256B   0    -88,-3.7   -88,-2.8    -2,-0.6     2,-0.5  -0.883  19.1-152.6-113.0 146.0   56.8   21.7   16.0
  345 1006 A K  E     -CG 171 255B  80   -174,-2.5  -174,-1.9    -2,-0.4     2,-0.6  -0.982  16.1-145.7-116.7 116.3   58.0   18.6   14.3
  346 1007 A F  E     -C  170   0B   4    -92,-2.0     2,-1.0    -2,-0.5  -176,-0.2  -0.759   5.3-158.1 -84.7 117.3   55.9   15.5   14.8
  347 1008 A N  E     -C  169   0B  89   -178,-1.7  -178,-2.7    -2,-0.6     2,-0.5  -0.852  15.0-156.0 -96.8  97.5   58.0   12.4   14.9
  348 1009 A Y  E     -C  168   0B  51     -2,-1.0  -180,-0.2  -180,-0.2     2,-0.1  -0.688  18.6-118.5 -80.0 126.3   55.5    9.7   14.0
  349 1010 A K        -     0   0  155   -182,-0.9   -98,-0.1    -2,-0.5    -1,-0.0  -0.414  46.2-134.1 -61.8 139.5   56.4    6.2   15.3
  350 1011 A T              0   0  120      1,-0.2    -1,-0.1    -2,-0.1   -99,-0.0   0.626 360.0 360.0 -80.7-148.1   56.7    3.9   12.2
  351 1012 A S              0   0  185      0, 0.0    -1,-0.2     0, 0.0     0, 0.0  -0.618 360.0 360.0 -74.5 360.0   56.0    0.6   10.3
