==== Secondary Structure Definition by the program DSSP, CMBI version by M.L. Hekkelman/2010-10-21 ==== DATE=2014-07-07        .
REFERENCE W. KABSCH AND C.SANDER, BIOPOLYMERS 22 (1983) 2577-2637                                                              .
                                                                                                                               .
  315  1  0  0  0 TOTAL NUMBER OF RESIDUES, NUMBER OF CHAINS, NUMBER OF SS-BRIDGES(TOTAL,INTRACHAIN,INTERCHAIN)                .
 15132.6   ACCESSIBLE SURFACE OF PROTEIN (ANGSTROM**2)                                                                         .
  235 74.6   TOTAL NUMBER OF HYDROGEN BONDS OF TYPE O(I)-->H-N(J)  , SAME NUMBER PER 100 RESIDUES                              .
   26  8.3   TOTAL NUMBER OF HYDROGEN BONDS IN     PARALLEL BRIDGES, SAME NUMBER PER 100 RESIDUES                              .
   12  3.8   TOTAL NUMBER OF HYDROGEN BONDS IN ANTIPARALLEL BRIDGES, SAME NUMBER PER 100 RESIDUES                              .
    0  0.0   TOTAL NUMBER OF HYDROGEN BONDS OF TYPE O(I)-->H-N(I-5), SAME NUMBER PER 100 RESIDUES                              .
    0  0.0   TOTAL NUMBER OF HYDROGEN BONDS OF TYPE O(I)-->H-N(I-4), SAME NUMBER PER 100 RESIDUES                              .
    2  0.6   TOTAL NUMBER OF HYDROGEN BONDS OF TYPE O(I)-->H-N(I-3), SAME NUMBER PER 100 RESIDUES                              .
    0  0.0   TOTAL NUMBER OF HYDROGEN BONDS OF TYPE O(I)-->H-N(I-2), SAME NUMBER PER 100 RESIDUES                              .
    0  0.0   TOTAL NUMBER OF HYDROGEN BONDS OF TYPE O(I)-->H-N(I-1), SAME NUMBER PER 100 RESIDUES                              .
    0  0.0   TOTAL NUMBER OF HYDROGEN BONDS OF TYPE O(I)-->H-N(I+0), SAME NUMBER PER 100 RESIDUES                              .
    0  0.0   TOTAL NUMBER OF HYDROGEN BONDS OF TYPE O(I)-->H-N(I+1), SAME NUMBER PER 100 RESIDUES                              .
   20  6.3   TOTAL NUMBER OF HYDROGEN BONDS OF TYPE O(I)-->H-N(I+2), SAME NUMBER PER 100 RESIDUES                              .
   51 16.2   TOTAL NUMBER OF HYDROGEN BONDS OF TYPE O(I)-->H-N(I+3), SAME NUMBER PER 100 RESIDUES                              .
  120 38.1   TOTAL NUMBER OF HYDROGEN BONDS OF TYPE O(I)-->H-N(I+4), SAME NUMBER PER 100 RESIDUES                              .
    2  0.6   TOTAL NUMBER OF HYDROGEN BONDS OF TYPE O(I)-->H-N(I+5), SAME NUMBER PER 100 RESIDUES                              .
  1  2  3  4  5  6  7  8  9 10 11 12 13 14 15 16 17 18 19 20 21 22 23 24 25 26 27 28 29 30     *** HISTOGRAMS OF ***           .
  0  0  0  1  0  2  1  1  0  0  0  2  2  0  0  0  2  0  0  0  0  0  0  0  0  0  0  0  1  0    RESIDUES PER ALPHA HELIX         .
  0  0  0  1  1  1  1  0  0  0  0  0  0  0  0  0  0  0  0  0  0  0  0  0  0  0  0  0  0  0    PARALLEL BRIDGES PER LADDER      .
  0  1  0  0  0  0  0  1  0  0  0  0  0  0  0  0  0  0  0  0  0  0  0  0  0  0  0  0  0  0    ANTIPARALLEL BRIDGES PER LADDER  .
  1  0  0  0  1  0  0  0  0  0  0  0  0  0  0  0  0  0  0  0  0  0  0  0  0  0  0  0  0  0    LADDERS PER SHEET                .
  #  RESIDUE AA STRUCTURE BP1 BP2  ACC     N-H-->O    O-->H-N    N-H-->O    O-->H-N    TCO  KAPPA ALPHA  PHI   PSI    X-CA   Y-CA   Z-CA 
    1   32 A R              0   0  139      0, 0.0   163,-3.9     0, 0.0     2,-0.6   0.000 360.0 360.0 360.0 172.8    9.3  -25.8    7.3
    2   33 A E  E     -a  164   0A 121    161,-0.2     2,-0.6   163,-0.0   163,-0.2  -0.805 360.0-171.2 -92.1 114.7   12.0  -27.6    9.4
    3   34 A V  E     -a  165   0A   0    161,-2.0   163,-2.8    -2,-0.6     2,-0.7  -0.917   7.7-156.6-111.4 119.2   15.0  -28.9    7.4
    4   35 A K  E     -a  166   0A  22     -2,-0.6   185,-1.8   182,-0.2   184,-1.5  -0.845  11.9-175.8-100.0 112.8   17.5  -31.1    9.1
    5   36 A L  E     -ab 167 189A   0    161,-1.6   163,-3.1    -2,-0.7     2,-0.5  -0.910   7.4-161.9-106.6 133.2   21.0  -31.1    7.6
    6   37 A L  E     -ab 168 190A   0    183,-2.2   185,-2.5    -2,-0.4     2,-0.6  -0.974   8.8-148.0-116.7 122.7   23.7  -33.4    8.9
    7   38 A L  E     +ab 169 191A   0    161,-3.5   163,-0.6    -2,-0.5     2,-0.3  -0.812  26.3 171.5 -91.9 119.9   27.4  -32.7    8.0
    8   39 A L  E     + b   0 192A   0    183,-2.6   185,-3.2    -2,-0.6     2,-0.2  -0.825  14.4 106.4-125.5 165.3   29.5  -35.8    7.8
    9   40 A G        -     0   0    0     -2,-0.3   185,-0.1   183,-0.2     3,-0.1  -0.606  63.5 -66.9 143.9 158.5   33.0  -36.6    6.6
   10   41 A A  S >  S-     0   0    8    183,-0.4     3,-1.3    -2,-0.2   163,-0.3   0.000  77.2 -56.4 -62.4 179.7   36.5  -37.5    7.9
   11   42 A G  T 3  S+     0   0    7    161,-0.7    -1,-0.2     1,-0.2   184,-0.1  -0.358 120.6   7.9 -67.6 138.7   38.6  -35.1   10.0
   12   43 A E  T 3  S+     0   0   44     -3,-0.1    -1,-0.2    -2,-0.1    -2,-0.1   0.619  82.6 133.0  64.2  28.5   39.4  -31.7    8.5
   13   44 A S  S <  S-     0   0    3     -3,-1.3   181,-0.2   180,-0.1   225,-0.2   0.575  81.6 -97.4 -82.6  -9.3   37.1  -32.2    5.5
   14   45 A G  S  > S+     0   0   10    179,-0.1     4,-1.6    -5,-0.1     3,-0.3   0.415  81.4 130.7 108.1   5.1   35.6  -28.7    5.9
   15   46 A K  H  > S+     0   0   12      1,-0.2     4,-1.8     2,-0.2     5,-0.1   0.877  76.0  45.6 -56.0 -50.7   32.3  -29.4    7.8
   16   47 A S  H  > S+     0   0   34      1,-0.2     4,-1.8     2,-0.2    -1,-0.2   0.798 109.4  57.3 -66.2 -29.7   32.7  -26.8   10.5
   17   48 A T  H  > S+     0   0   20     -3,-0.3     4,-2.0     2,-0.2    -1,-0.2   0.860 103.6  51.4 -68.7 -37.4   33.7  -24.2    7.9
   18   49 A I  H  X S+     0   0    0     -4,-1.6     4,-1.9     2,-0.2    -2,-0.2   0.933 108.3  54.3 -62.7 -44.1   30.4  -24.8    6.0
   19   50 A V  H  X S+     0   0   16     -4,-1.8     4,-0.9     1,-0.2    -2,-0.2   0.904 108.1  48.5 -55.7 -44.0   28.7  -24.2    9.4
   20   51 A K  H >X S+     0   0   22     -4,-1.8     4,-1.6     1,-0.2     3,-0.5   0.892 107.1  56.3 -63.7 -38.5   30.5  -20.9    9.7
   21   52 A Q  H 3X S+     0   0    0     -4,-2.0     4,-3.3     1,-0.2     5,-0.4   0.873  97.6  61.7 -61.8 -39.0   29.5  -19.9    6.1
   22   53 A M  H 3X S+     0   0    0     -4,-1.9     4,-2.7     1,-0.2     5,-0.3   0.875 106.3  47.5 -56.7 -34.0   25.8  -20.3    6.9
   23   54 A K  H <X S+     0   0   36     -4,-0.9     4,-1.3    -3,-0.5     6,-1.1   0.891 114.0  45.3 -73.3 -44.5   26.2  -17.6    9.5
   24   55 A I  H  < S+     0   0   32     -4,-1.6    -2,-0.2     4,-0.2    -1,-0.2   0.935 124.5  34.1 -64.6 -44.5   28.0  -15.2    7.1
   25   56 A I  H  < S+     0   0   36     -4,-3.3    -2,-0.2     1,-0.1    -3,-0.2   0.904 130.2  29.5 -79.3 -45.7   25.6  -15.9    4.3
   26   57 A H  H  < S+     0   0   34     -4,-2.7   133,-0.3    -5,-0.4    -3,-0.2   0.527 126.6  29.4 -96.5  -9.9   22.2  -16.3    6.1
   27   58 A E  S  < S-     0   0  112     -4,-1.3     3,-0.1    -5,-0.3    -4,-0.0  -0.337 107.2 -72.1-123.2-149.2   22.8  -14.1    9.2
   28   59 A A        -     0   0  101      1,-0.4     2,-0.2    -2,-0.1    -4,-0.2   0.649  67.7-117.3 -89.7 -11.9   24.9  -11.0    9.8
   29   60 A G        -     0   0    4     -6,-1.1     2,-0.4    -9,-0.1    -1,-0.4  -0.562  61.9 -31.3  96.7-173.9   28.3  -12.7    9.7
   30   61 A Y        -     0   0   26     -2,-0.2   110,-0.0    -3,-0.1   113,-0.0  -0.653  65.6-132.2 -82.9 131.7   30.4  -12.6   12.9
   31   62 A S     >  -     0   0   37     -2,-0.4     4,-3.2     1,-0.1     5,-0.2  -0.208  29.0-100.9 -71.9 170.6   30.1   -9.6   15.1
   32   63 A E  H  > S+     0   0  124      1,-0.2     4,-2.9     2,-0.2     5,-0.2   0.943 126.2  48.1 -59.6 -46.5   33.1   -7.7   16.5
   33   64 A E  H  > S+     0   0  125      1,-0.2     4,-1.2     2,-0.2    -1,-0.2   0.887 113.3  49.3 -62.9 -36.6   32.8   -9.4   19.8
   34   65 A E  H  > S+     0   0   72      2,-0.2     4,-0.9     1,-0.2     3,-0.2   0.922 111.5  48.0 -68.5 -41.1   32.5  -12.7   18.0
   35   66 A C  H >X S+     0   0    6     -4,-3.2     3,-0.9     1,-0.2     4,-0.6   0.904 107.0  55.9 -67.2 -41.8   35.6  -12.0   15.8
   36   67 A K  H >< S+     0   0  110     -4,-2.9     3,-1.1     1,-0.2     4,-0.5   0.855  99.6  62.4 -59.5 -29.7   37.7  -11.0   18.8
   37   68 A Q  H 3< S+     0   0  139     -4,-1.2     3,-0.5     1,-0.3     4,-0.4   0.853 102.4  50.4 -62.8 -32.9   36.8  -14.4   20.3
   38   69 A Y  H <X S+     0   0   57     -3,-0.9     4,-2.8    -4,-0.9     3,-0.3   0.568  84.5  91.3 -83.6  -6.3   38.6  -16.1   17.4
   39   70 A K  H <X S+     0   0   43     -3,-1.1     4,-2.4    -4,-0.6    -1,-0.2   0.892  88.8  46.0 -54.3 -43.3   41.7  -13.9   17.9
   40   71 A A  H  > S+     0   0   34     -3,-0.5     4,-2.3    -4,-0.5    -1,-0.3   0.795 111.2  53.4 -70.5 -31.0   43.3  -16.5   20.2
   41   72 A V  H  > S+     0   0   31     -4,-0.4     4,-2.7    -3,-0.3    -2,-0.2   0.933 109.7  47.1 -69.8 -43.3   42.4  -19.2   17.8
   42   73 A V  H  X S+     0   0    0     -4,-2.8     4,-2.1     2,-0.2    -2,-0.2   0.943 115.7  45.6 -62.6 -47.7   44.1  -17.4   14.8
   43   74 A Y  H  X S+     0   0    3     -4,-2.4     4,-2.4    -5,-0.2     5,-0.2   0.925 113.7  48.9 -63.1 -40.1   47.2  -16.8   17.0
   44   75 A S  H  X S+     0   0   33     -4,-2.3     4,-2.1    39,-0.2    -1,-0.2   0.875 111.1  49.6 -66.5 -39.7   47.2  -20.3   18.3
   45   76 A N  H  X S+     0   0   10     -4,-2.7     4,-1.6     2,-0.2    -1,-0.2   0.847 112.4  48.7 -64.7 -38.1   46.9  -21.8   14.7
   46   77 A T  H  X S+     0   0    0     -4,-2.1     4,-2.1    -5,-0.2     5,-0.2   0.944 113.6  44.8 -67.6 -49.7   49.8  -19.6   13.4
   47   78 A I  H  X S+     0   0    7     -4,-2.4     4,-2.2     1,-0.2     5,-0.2   0.922 113.4  51.4 -60.8 -45.5   52.1  -20.5   16.3
   48   79 A Q  H  X S+     0   0   99     -4,-2.1     4,-2.3    -5,-0.2    -1,-0.2   0.843 109.6  51.2 -58.5 -43.6   51.3  -24.2   16.0
   49   80 A S  H  X S+     0   0    1     -4,-1.6     4,-2.2     2,-0.2    -2,-0.2   0.955 110.9  44.2 -62.2 -50.5   51.9  -24.1   12.2
   50   81 A I  H  X S+     0   0    0     -4,-2.1     4,-2.4     1,-0.2    -2,-0.2   0.901 115.5  50.3 -65.3 -34.7   55.4  -22.5   12.4
   51   82 A I  H  X S+     0   0   28     -4,-2.2     4,-3.1    -5,-0.2    -1,-0.2   0.910 107.5  52.6 -70.0 -40.1   56.3  -24.8   15.2
   52   83 A A  H  X S+     0   0   13     -4,-2.3     4,-2.3     2,-0.2    -2,-0.2   0.910 110.5  48.8 -61.9 -38.1   55.1  -27.9   13.3
   53   84 A I  H  X S+     0   0    0     -4,-2.2     4,-1.6     2,-0.2    -2,-0.2   0.896 114.1  46.0 -67.1 -42.2   57.4  -26.8   10.4
   54   85 A I  H  X S+     0   0   20     -4,-2.4     4,-1.0     2,-0.2    -2,-0.2   0.875 110.5  51.7 -68.7 -37.0   60.3  -26.3   12.8
   55   86 A R  H >X S+     0   0  183     -4,-3.1     4,-1.8     1,-0.2     3,-0.8   0.947 110.0  53.1 -60.4 -47.2   59.6  -29.7   14.5
   56   87 A A  H 3X S+     0   0    4     -4,-2.3     4,-3.2     1,-0.2     5,-0.2   0.837  99.1  60.5 -56.4 -42.3   59.6  -31.2   11.0
   57   88 A M  H 3X>S+     0   0    7     -4,-1.6     5,-2.8     2,-0.2     4,-0.7   0.818 107.7  46.0 -56.2 -37.2   63.0  -29.8   10.0
   58   89 A G  H <<5S+     0   0   47     -4,-1.0     3,-0.2    -3,-0.8    -1,-0.2   0.911 114.5  46.5 -73.8 -43.0   64.7  -31.7   12.9
   59   90 A R  H  <5S+     0   0  124     -4,-1.8    -2,-0.2     1,-0.2    -3,-0.2   0.926 121.7  37.5 -63.4 -41.9   62.9  -34.9   12.1
   60   91 A L  H  <5S-     0   0   34     -4,-3.2    -1,-0.2    -5,-0.1    -2,-0.2   0.478 108.4-121.4 -89.5  -7.5   63.7  -34.5    8.3
   61   92 A K  T  <5 +     0   0  166     -4,-0.7     2,-0.5    -5,-0.2    -3,-0.2   0.953  53.9 158.0  63.7  52.0   67.2  -33.1    8.9
   62   93 A I      < -     0   0   29     -5,-2.8    -1,-0.2    -6,-0.1     2,-0.2  -0.929  30.7-141.8-108.7 126.4   66.6  -29.8    7.0
   63   94 A D        -     0   0  133     -2,-0.5     4,-0.0     1,-0.1    -5,-0.0  -0.547  21.8-101.5 -86.6 158.0   68.9  -27.0    7.9
   64   95 A F        -     0   0   42     -2,-0.2    -1,-0.1    40,-0.1     3,-0.1  -0.263  25.4-128.3 -69.5 158.5   68.0  -23.3    8.2
   65   96 A G  S    S+     0   0   52      1,-0.2     2,-0.4     2,-0.0    -1,-0.1   0.926  97.7  30.4 -74.2 -51.1   68.9  -21.1    5.2
   66   97 A D  S >  S-     0   0   87      1,-0.1     3,-1.6    -3,-0.0    -1,-0.2  -0.934  80.9-135.3-108.9 136.2   70.7  -18.4    7.3
   67   98 A A  T >  S+     0   0   84     -2,-0.4     3,-2.2     1,-0.3     4,-0.3   0.836  98.1  75.1 -59.9 -30.9   72.4  -19.6   10.5
   68   99 A A  T >> S+     0   0   47      1,-0.3     3,-1.2     2,-0.2     4,-0.9   0.678  77.7  75.4 -54.0 -24.1   70.9  -16.7   12.4
   69  100 A R  H <> S+     0   0   42     -3,-1.6     4,-3.3     1,-0.3    -1,-0.3   0.717  77.7  74.3 -63.7 -23.5   67.5  -18.3   12.4
   70  101 A A  H <> S+     0   0   30     -3,-2.2     4,-1.3     1,-0.2    -1,-0.3   0.882  98.8  46.6 -57.7 -35.1   68.7  -20.7   15.1
   71  102 A D  H <> S+     0   0  114     -3,-1.2     4,-2.2    -4,-0.3    -1,-0.2   0.845 111.5  50.6 -74.9 -36.3   68.5  -17.7   17.5
   72  103 A D  H  X S+     0   0   14     -4,-0.9     4,-1.9     2,-0.2    -2,-0.2   0.911 108.7  52.0 -66.5 -43.3   65.0  -16.9   16.1
   73  104 A A  H  X S+     0   0    8     -4,-3.3     4,-1.2     2,-0.2    -2,-0.2   0.820 110.9  47.9 -60.7 -35.5   63.9  -20.6   16.6
   74  105 A R  H  X S+     0   0  157     -4,-1.3     4,-1.4    -5,-0.2    -1,-0.2   0.913 112.1  49.0 -71.5 -46.2   65.1  -20.4   20.2
   75  106 A Q  H  X S+     0   0   99     -4,-2.2     4,-2.3     1,-0.2    -2,-0.2   0.792 101.9  66.8 -64.8 -27.0   63.3  -17.1   20.8
   76  107 A L  H  X S+     0   0    0     -4,-1.9     4,-2.0     1,-0.2    -1,-0.2   0.961 103.2  42.3 -56.1 -58.0   60.1  -18.6   19.2
   77  108 A F  H  < S+     0   0  109     -4,-1.2     4,-0.5     1,-0.2    -1,-0.2   0.861 111.2  57.1 -60.5 -34.9   59.6  -21.1   22.1
   78  109 A V  H  < S+     0   0  107     -4,-1.4     3,-0.4     1,-0.2    -1,-0.2   0.943 118.9  30.1 -63.4 -44.4   60.4  -18.5   24.7
   79  110 A L  H >X S+     0   0   47     -4,-2.3     3,-1.4     1,-0.2     4,-0.6   0.572  92.6  94.7 -94.3 -10.9   57.7  -16.1   23.4
   80  111 A A  H >X S+     0   0   14     -4,-2.0     4,-1.0     1,-0.2     3,-0.6   0.795  70.5  73.4 -49.7 -38.3   55.1  -18.6   22.1
   81  112 A G  H 3> S+     0   0   41     -4,-0.5     4,-0.8    -3,-0.4     3,-0.3   0.801  90.9  56.4 -48.6 -38.7   53.2  -18.6   25.4
   82  113 A A  H X>>S+     0   0   33     -3,-1.4     5,-1.6     1,-0.2     3,-1.2   0.914  98.0  60.6 -62.2 -45.2   51.7  -15.2   24.7
   83  114 A A  H X<5S+     0   0    0     -3,-0.6     3,-1.1    -4,-0.6   -39,-0.2   0.834  99.9  56.1 -54.9 -35.8   50.2  -16.2   21.4
   84  115 A E  H 3<5S+     0   0  134     -4,-1.0    -1,-0.3    -3,-0.3    -2,-0.2   0.827 106.2  51.1 -67.1 -28.1   48.0  -18.8   23.0
   85  116 A E  H <<5S-     0   0  141     -3,-1.2    -1,-0.2    -4,-0.8    -2,-0.2   0.488 129.5 -94.2 -86.5  -3.8   46.6  -16.2   25.4
   86  117 A G  T <<5S+     0   0   12     -3,-1.1     2,-0.4    -4,-0.5    -3,-0.2   0.684  85.3 121.3  99.4  24.5   45.7  -13.9   22.4
   87  118 A F      < -     0   0  120     -5,-1.6     2,-0.4    -6,-0.1    -1,-0.3  -0.950  36.5-173.8-124.5 142.1   48.8  -11.6   22.3
   88  119 A M        -     0   0   19     -2,-0.4     2,-0.1    44,-0.1    -8,-0.0  -0.806  14.7-160.1-135.2  90.6   51.2  -11.1   19.4
   89  120 A T     >  -     0   0   56     -2,-0.4     4,-2.9   -10,-0.2     3,-0.3  -0.410  28.9-118.3 -73.2 147.9   54.1   -8.9   20.4
   90  121 A A  H  > S+     0   0   70      1,-0.2     4,-3.0     2,-0.2     5,-0.2   0.887 116.7  55.7 -50.1 -40.5   56.1   -7.2   17.6
   91  122 A E  H  > S+     0   0  127      1,-0.2     4,-1.9     2,-0.2    -1,-0.2   0.933 110.4  41.7 -60.9 -47.1   59.1   -9.2   18.8
   92  123 A L  H  > S+     0   0    0     -3,-0.3     4,-2.3     2,-0.2    -2,-0.2   0.880 114.0  54.0 -68.5 -37.6   57.3  -12.5   18.4
   93  124 A A  H  X S+     0   0   10     -4,-2.9     4,-2.6     1,-0.2    -2,-0.2   0.937 108.7  48.4 -60.4 -49.3   55.8  -11.4   15.1
   94  125 A G  H  X S+     0   0   16     -4,-3.0     4,-2.3     1,-0.2     5,-0.2   0.888 110.1  53.2 -59.3 -39.2   59.3  -10.5   13.8
   95  126 A V  H  X S+     0   0    4     -4,-1.9     4,-1.8    -5,-0.2    -1,-0.2   0.901 112.5  42.3 -62.2 -46.6   60.6  -13.9   14.9
   96  127 A I  H  X S+     0   0    0     -4,-2.3     4,-2.7     2,-0.2    -1,-0.2   0.878 112.3  56.3 -68.7 -38.8   57.9  -15.8   13.0
   97  128 A K  H  X S+     0   0   76     -4,-2.6     4,-1.7    -5,-0.2    -2,-0.2   0.935 110.2  42.2 -57.9 -51.6   58.3  -13.5   10.0
   98  129 A R  H  X S+     0   0  111     -4,-2.3     4,-0.7     1,-0.2    -1,-0.2   0.866 115.0  51.2 -66.5 -39.0   62.0  -14.2    9.6
   99  130 A L  H >< S+     0   0    0     -4,-1.8     3,-1.0    -5,-0.2    -2,-0.2   0.942 109.2  50.1 -64.0 -44.0   61.6  -17.9   10.2
  100  131 A W  H 3< S+     0   0   16     -4,-2.7    -2,-0.2     1,-0.3    -1,-0.2   0.847 110.0  51.5 -61.8 -35.9   58.8  -18.1    7.6
  101  132 A K  H 3< S+     0   0  147     -4,-1.7    -1,-0.3    -5,-0.2    -2,-0.2   0.585  85.2 113.0 -76.2 -14.6   61.0  -16.3    5.0
  102  133 A D    <X  -     0   0    6     -3,-1.0     4,-2.4    -4,-0.7     5,-0.2  -0.348  69.6-132.5 -65.5 141.2   63.9  -18.7    5.6
  103  134 A S  H  > S+     0   0   92      1,-0.2     4,-2.3     2,-0.2    -1,-0.1   0.862 106.3  44.8 -62.9 -42.1   64.8  -20.9    2.6
  104  135 A G  H  > S+     0   0    7      2,-0.2     4,-2.0     1,-0.2    -1,-0.2   0.865 111.5  54.5 -70.2 -37.3   65.1  -24.2    4.6
  105  136 A V  H  > S+     0   0    0      2,-0.2     4,-2.5     1,-0.2    -2,-0.2   0.954 112.3  44.5 -59.7 -45.3   61.9  -23.3    6.5
  106  137 A Q  H  X S+     0   0   57     -4,-2.4     4,-2.4     1,-0.2    -2,-0.2   0.895 109.0  56.0 -67.2 -37.9   60.2  -23.0    3.1
  107  138 A A  H  < S+     0   0   48     -4,-2.3    -1,-0.2     1,-0.2    -2,-0.2   0.873 112.2  42.9 -60.5 -38.5   61.9  -26.2    1.8
  108  139 A C  H >< S+     0   0    0     -4,-2.0     3,-1.9     1,-0.2    -2,-0.2   0.862 108.6  58.1 -75.0 -38.7   60.3  -28.0    4.8
  109  140 A F  H >< S+     0   0   38     -4,-2.5     3,-1.4     1,-0.3    -2,-0.2   0.908 102.9  56.0 -56.2 -38.7   57.0  -26.2    4.3
  110  141 A N  T 3< S+     0   0  106     -4,-2.4    -1,-0.3     1,-0.3    -2,-0.2   0.324 104.1  52.6 -78.3  10.4   57.0  -27.7    0.8
  111  142 A R  T X   +     0   0   94     -3,-1.9     3,-2.6    -5,-0.1    -1,-0.3   0.077  69.9 130.2-128.6  22.8   57.3  -31.2    2.1
  112  143 A S  G X   +     0   0   43     -3,-1.4     3,-2.0     1,-0.3    -2,-0.1   0.664  58.0  71.5 -55.1 -23.4   54.3  -30.9    4.5
  113  144 A R  G 3  S+     0   0  119      1,-0.3    -1,-0.3     3,-0.1    89,-0.2   0.697  89.2  66.9 -67.7 -13.9   52.7  -34.2    3.3
  114  145 A E  G <  S+     0   0   74     -3,-2.6    -1,-0.3    87,-0.1     2,-0.2   0.511 117.8   9.2 -82.3  -6.7   55.6  -35.8    5.1
  115  146 A Y  S <  S-     0   0   23     -3,-2.0     2,-0.5    -4,-0.2    87,-0.2  -0.704  97.6 -72.1-149.1-163.7   54.2  -34.5    8.5
  116  147 A Q        +     0   0  127     -2,-0.2     2,-0.3   -64,-0.1   -60,-0.1  -0.945  51.4 160.4-110.7 125.6   51.0  -32.8    9.8
  117  148 A L        -     0   0   37     -2,-0.5   -68,-0.1    -5,-0.1     2,-0.1  -0.998  41.3-108.2-145.5 134.4   50.4  -29.2    9.0
  118  149 A N    >   -     0   0   17     -2,-0.3     3,-1.6   -73,-0.2     4,-0.3  -0.374  23.7-130.9 -57.1 142.1   47.2  -27.0    9.1
  119  150 A D  T 3  S+     0   0   75      1,-0.3     3,-0.4     2,-0.1     4,-0.4   0.837 108.1  56.3 -63.7 -34.8   45.9  -26.1    5.6
  120  151 A S  T 3> S+     0   0    8     25,-0.2     4,-2.4     1,-0.2     5,-0.3   0.386  75.1 103.7 -79.5   3.8   45.7  -22.4    6.9
  121  152 A A  H <> S+     0   0    1     -3,-1.6     4,-3.4     1,-0.2     5,-0.2   0.952  86.7  38.6 -50.4 -56.3   49.4  -22.3    7.8
  122  153 A A  H  > S+     0   0   25     -3,-0.4     4,-3.5    -4,-0.3     5,-0.3   0.888 111.1  59.7 -63.6 -40.4   50.4  -20.2    4.7
  123  154 A Y  H  > S+     0   0   50     -4,-0.4     4,-0.8     1,-0.2    -1,-0.2   0.954 117.0  32.1 -53.2 -50.7   47.2  -18.1    4.8
  124  155 A Y  H  < S+     0   0    0     -4,-2.4     3,-0.3     2,-0.2    -2,-0.2   0.913 119.6  51.6 -74.7 -46.9   48.1  -16.9    8.3
  125  156 A L  H >< S+     0   0    4     -4,-3.4     3,-1.0    -5,-0.3    -2,-0.2   0.872 110.7  47.8 -61.2 -35.3   51.9  -16.9    7.9
  126  157 A N  H 3< S+     0   0  107     -4,-3.5     3,-0.2     1,-0.2    -1,-0.2   0.729 115.0  47.1 -76.3 -20.9   51.8  -14.9    4.7
  127  158 A D  T >X S+     0   0   59     -4,-0.8     4,-2.0    -5,-0.3     3,-0.7   0.091  75.4 121.6-104.1  19.3   49.4  -12.4    6.3
  128  159 A L  H <>  +     0   0    3     -3,-1.0     4,-1.3     1,-0.2    -1,-0.2   0.748  67.0  60.0 -53.4 -34.6   51.5  -12.1    9.5
  129  160 A D  H 34 S+     0   0   94     -3,-0.2     4,-0.3     2,-0.2    -1,-0.2   0.899 110.7  40.6 -63.2 -43.0   52.0   -8.3    9.2
  130  161 A R  H X4 S+     0   0   75     -3,-0.7     3,-0.9     1,-0.2    -2,-0.2   0.901 115.8  48.2 -71.4 -48.4   48.2   -7.7    9.3
  131  162 A I  H 3< S+     0   0    0     -4,-2.0    -1,-0.2     1,-0.2    -2,-0.2   0.668 108.8  54.1 -71.0 -18.2   47.3  -10.2   12.0
  132  163 A A  T 3< S+     0   0   16     -4,-1.3    -1,-0.2    -5,-0.2    -2,-0.2   0.509  84.3 119.4 -90.3 -12.3   50.1   -9.0   14.4
  133  164 A Q  S X  S-     0   0  106     -3,-0.9     3,-1.1    -4,-0.3     2,-0.2  -0.071  77.9 -89.5 -52.9 153.8   49.0   -5.4   14.2
  134  165 A P  T 3  S+     0   0   94      0, 0.0    -1,-0.1     0, 0.0    -2,-0.1  -0.467 113.1  11.7 -68.5 135.8   47.9   -3.6   17.4
  135  166 A N  T 3  S-     0   0  146      1,-0.2     2,-0.1    -2,-0.2    -2,-0.1   0.885  89.5-177.2  65.3  36.5   44.2   -4.0   18.1
  136  167 A Y    <   -     0   0   13     -3,-1.1    -1,-0.2    -5,-0.1    -5,-0.1  -0.452   9.2-168.5 -67.5 136.3   43.9   -6.7   15.4
  137  168 A I        -     0   0   71     -2,-0.1  -101,-0.1   -99,-0.0  -102,-0.0  -0.990  27.7-111.7-128.9 121.4   40.4   -8.1   15.0
  138  169 A P        -     0   0    3      0, 0.0  -100,-0.1     0, 0.0   -99,-0.1  -0.253  29.3-135.1 -52.6 134.1   39.9  -11.3   12.9
  139  170 A T     >  -     0   0   54      1,-0.1     4,-1.8  -104,-0.1     5,-0.1  -0.245  31.6 -97.1 -80.5 174.9   38.1  -10.7    9.5
  140  171 A Q  H  > S+     0   0   90      1,-0.2     4,-2.5     2,-0.2     5,-0.1   0.905 127.7  49.7 -60.5 -40.3   35.3  -13.1    8.4
  141  172 A Q  H  > S+     0   0   53      2,-0.2     4,-1.9     1,-0.2    -1,-0.2   0.870 106.5  54.0 -66.9 -39.9   37.9  -15.0    6.3
  142  173 A D  H  > S+     0   0    0      2,-0.2     4,-0.8     1,-0.2    -1,-0.2   0.898 110.8  48.2 -60.0 -40.3   40.3  -15.3    9.2
  143  174 A V  H >< S+     0   0    0     -4,-1.8     3,-1.4     1,-0.2    -2,-0.2   0.968 110.1  50.5 -64.9 -52.2   37.4  -16.8   11.2
  144  175 A L  H 3< S+     0   0    1     -4,-2.5    -1,-0.2     1,-0.3    -2,-0.2   0.779 109.4  53.6 -53.1 -33.9   36.6  -19.2    8.4
  145  176 A R  H 3< S+     0   0   52     -4,-1.9    -1,-0.3    -5,-0.1   -25,-0.2   0.610  83.4 111.0 -80.4 -16.7   40.2  -20.3    8.2
  146  177 A T    <<  -     0   0   11     -3,-1.4     2,-0.5    -4,-0.8  -104,-0.1  -0.242  56.2-147.4 -59.9 153.3   40.6  -21.2   11.9
  147  178 A R        +     0   0   93   -106,-0.2     2,-0.3     2,-0.0    -2,-0.1  -0.988  29.3 153.2-129.3 119.6   41.0  -24.9   12.9
  148  179 A V        -     0   0  100     -2,-0.5  -132,-0.1  -103,-0.0  -107,-0.0  -0.890  45.9-116.3-143.4 120.1   39.7  -26.3   16.0
  149  180 A K        -     0   0  116     -2,-0.3     2,-0.6     1,-0.1    22,-0.1  -0.162  30.1-124.4 -57.0 137.7   38.8  -30.1   16.1
  150  181 A T        +     0   0   23     20,-0.1     2,-0.4     2,-0.0    23,-0.3  -0.870  33.4 173.0 -94.0 117.4   35.1  -30.7   16.7
  151  182 A T        +     0   0   88     -2,-0.6     2,-0.1    19,-0.1    25,-0.0  -0.910  55.8  12.7-116.2 147.6   34.3  -32.9   19.6
  152  183 A G  S    S-     0   0   22     -2,-0.4    19,-0.6    19,-0.1     2,-0.5  -0.339 102.8 -56.1  83.8-166.7   30.7  -33.4   20.6
  153  184 A I  E     -C  170   0A  73     17,-0.2     2,-0.5    -2,-0.1    17,-0.2  -0.976  44.9-159.0-120.8 122.9   27.7  -32.3   18.5
  154  185 A V  E     -C  169   0A  61     15,-2.7    15,-2.2    -2,-0.5     2,-0.4  -0.882   7.0-165.6-103.1 125.2   27.3  -28.8   17.3
  155  186 A E  E     -C  168   0A  94     -2,-0.5     2,-0.3    13,-0.2    13,-0.2  -0.942   6.7-178.0-114.0 133.0   23.8  -27.6   16.3
  156  187 A T  E     -C  167   0A  35     11,-2.2    11,-2.4    -2,-0.4     2,-0.4  -0.955   9.1-155.7-127.7 146.3   23.1  -24.4   14.3
  157  188 A H  E     +C  166   0A  82     -2,-0.3     2,-0.3     9,-0.2     9,-0.2  -0.959  20.6 153.7-125.1 139.9   19.8  -22.8   13.2
  158  189 A F  E     -C  165   0A   5      7,-1.8     7,-3.2    -2,-0.4     2,-0.4  -0.980  36.1-124.2-160.9 151.3   19.1  -20.4   10.3
  159  190 A T  E     +C  164   0A  94     -2,-0.3     2,-0.3  -133,-0.3     5,-0.2  -0.862  32.4 168.7-101.1 136.2   16.3  -19.4    8.1
  160  191 A F  E >   -C  163   0A  36      3,-2.7     3,-1.9    -2,-0.4    -2,-0.1  -0.926  66.1 -11.9-149.9 124.9   16.7  -19.7    4.4
  161  192 A K  T 3  S-     0   0   72     -2,-0.3     3,-0.1     1,-0.3    -1,-0.0   0.884 128.8 -51.8  50.1  47.4   14.1  -19.4    1.6
  162  193 A D  T 3  S+     0   0  163      1,-0.3     2,-0.3     0, 0.0    -1,-0.3   0.330 117.7 113.5  77.1  -5.1   11.2  -19.7    4.2
  163  194 A L  E <   - C   0 160A  15     -3,-1.9    -3,-2.7  -161,-0.0     2,-0.7  -0.689  63.7-137.6 -98.8 148.8   12.7  -22.8    5.7
  164  195 A H  E     -aC   2 159A  82   -163,-3.9  -161,-2.0    -2,-0.3    -5,-0.2  -0.910  25.7-155.0-107.3 103.2   14.2  -23.2    9.2
  165  196 A F  E     -aC   3 158A   0     -7,-3.2    -7,-1.8    -2,-0.7     2,-0.5  -0.578  14.1-166.7 -83.8 141.4   17.4  -25.2    8.9
  166  197 A K  E     -aC   4 157A  46   -163,-2.8  -161,-1.6    -2,-0.2     2,-0.5  -0.923  16.9-167.2-127.4  94.9   18.8  -27.1   11.8
  167  198 A M  E     -aC   5 156A   0    -11,-2.4   -11,-2.2    -2,-0.5     2,-0.4  -0.781   2.8-159.0 -90.8 127.8   22.3  -28.1   10.8
  168  199 A F  E     -aC   6 155A  21   -163,-3.1  -161,-3.5    -2,-0.5     2,-0.4  -0.904   8.3-175.9-111.6 141.0   24.3  -30.7   12.7
  169  200 A D  E     +aC   7 154A   3    -15,-2.2   -15,-2.7    -2,-0.4     2,-0.3  -0.959   4.6 175.8-134.1 138.2   28.1  -31.0   12.8
  170  201 A V  E     - C   0 153A   0   -163,-0.6     2,-0.2    -2,-0.4   -17,-0.2  -0.896  38.6 -83.9-137.7 165.0   30.1  -33.8   14.5
  171  202 A G        -     0   0    4    -19,-0.6     8,-0.2    -2,-0.3     9,-0.1  -0.536  26.2-159.7 -76.6 142.5   33.8  -34.6   14.7
  172  203 A G        +     0   0    3     -2,-0.2  -161,-0.7  -162,-0.2    -1,-0.1   0.528  54.8 109.3 -97.9 -12.7   35.3  -36.8   11.9
  173  204 A Q  S >> S-     0   0   20    -23,-0.3     3,-1.5  -163,-0.3     4,-1.4  -0.299  85.1-106.8 -59.9 154.7   38.5  -38.1   13.6
  174  205 A R  T 34 S+     0   0  108      1,-0.3     4,-0.4     2,-0.2     3,-0.3   0.858 120.8  58.5 -52.0 -39.9   38.3  -41.8   14.4
  175  206 A S  T 34 S+     0   0   58      1,-0.2    -1,-0.3     2,-0.1     3,-0.3   0.773 110.4  44.7 -63.2 -24.8   37.8  -41.1   18.2
  176  207 A E  T X4 S+     0   0   11     -3,-1.5     3,-2.7     1,-0.2     4,-0.5   0.694  86.0  88.4 -93.6 -20.6   34.7  -39.1   17.2
  177  208 A R  G >< S+     0   0   50     -4,-1.4     3,-0.7    -3,-0.3     4,-0.4   0.725  80.4  65.7 -51.0 -26.5   33.1  -41.6   14.8
  178  209 A K  G 3  S+     0   0  142     -4,-0.4     3,-0.4    -3,-0.3    -1,-0.3   0.747  95.2  57.2 -70.1 -21.1   31.3  -43.3   17.7
  179  210 A K  G X> S+     0   0   59     -3,-2.7     3,-1.4     1,-0.2     4,-0.5   0.609  82.8  86.5 -84.9 -13.2   29.3  -40.1   18.3
  180  211 A W  G X4 S+     0   0   14     -3,-0.7     3,-1.7    -4,-0.5     4,-0.4   0.865  79.3  61.3 -53.3 -46.3   27.8  -40.0   14.8
  181  212 A I  G 34 S+     0   0  101     -4,-0.4     3,-0.4    -3,-0.4    -1,-0.3   0.652  90.4  68.5 -59.4 -18.5   24.9  -42.4   15.6
  182  213 A H  G <4 S+     0   0  132     -3,-1.4     3,-0.4     1,-0.2    -1,-0.3   0.855 100.2  51.0 -71.4 -25.7   23.5  -39.9   18.2
  183  214 A C  S << S+     0   0    4     -3,-1.7    -1,-0.2    -4,-0.5    -2,-0.2   0.594  79.9 101.1 -85.0 -11.8   22.7  -37.6   15.2
  184  215 A F    >   +     0   0   27     -3,-0.4     3,-0.6    -4,-0.4     2,-0.3   0.500  51.4 108.1 -57.3  -7.9   20.8  -40.2   13.1
  185  216 A E  T 3  S-     0   0  140     -3,-0.4    -3,-0.0     1,-0.2     0, 0.0  -0.517  90.4 -16.2 -82.5 133.3   17.2  -39.1   13.9
  186  217 A G  T 3  S+     0   0   51     -2,-0.3     2,-0.4     1,-0.2  -182,-0.2   0.713  76.5 179.5  51.8  34.7   15.0  -37.4   11.3
  187  218 A V    <   -     0   0   13     -3,-0.6    -1,-0.2     1,-0.2  -182,-0.1  -0.492  19.6-172.0 -74.3 122.4   17.7  -36.4    8.8
  188  219 A T  S    S-     0   0   42   -184,-1.5    44,-1.7    -2,-0.4     2,-0.3   0.860  73.0  -8.4 -76.2 -38.9   16.3  -34.5    5.7
  189  220 A A  E     -bd   5 232A   0   -185,-1.8  -183,-2.2    42,-0.2     2,-0.4  -0.987  57.8-137.1-161.7 151.3   19.8  -34.6    4.0
  190  221 A I  E     -bd   6 233A   0     42,-3.2    44,-3.1    -2,-0.3     2,-0.7  -0.904   8.3-158.4-111.9 132.3   23.4  -35.5    4.5
  191  222 A I  E     -bd   7 234A   0   -185,-2.5  -183,-2.6    -2,-0.4     2,-0.7  -0.964  15.4-162.5-110.4  99.0   26.2  -33.2    3.3
  192  223 A F  E     -bd   8 235A   0     42,-3.6    44,-3.3    -2,-0.7     2,-0.4  -0.838   6.2-155.0 -89.5 118.2   29.2  -35.5    3.1
  193  224 A C  E     - d   0 236A   0   -185,-3.2  -183,-0.4    -2,-0.7     2,-0.4  -0.777  12.6-176.4 -96.4 139.5   32.4  -33.6    2.9
  194  225 A V  E     - d   0 237A   1     42,-2.3    44,-2.9    -2,-0.4     2,-1.0  -1.000  26.1-132.5-134.7 131.3   35.6  -34.9    1.3
  195  226 A A  E >   - d   0 238A   3     -2,-0.4     3,-2.0     1,-0.2    44,-0.2  -0.759  16.8-163.9 -85.9 103.4   38.9  -33.0    1.3
  196  227 A L  G >  S+     0   0    0     42,-2.6     3,-1.0    -2,-1.0    -1,-0.2   0.832  88.4  57.3 -54.1 -39.6   40.0  -33.4   -2.4
  197  228 A S  G >  S+     0   0    2     41,-0.3     3,-0.8     1,-0.2    -1,-0.3   0.540  84.3  83.9 -70.8  -8.0   43.6  -32.4   -1.4
  198  229 A D  G X   +     0   0    7     -3,-2.0     3,-1.7     1,-0.2    14,-0.7   0.520  60.5  98.4 -72.2  -3.6   43.7  -35.3    1.1
  199  230 A Y  G <  S+     0   0    0     -3,-1.0    -1,-0.2     1,-0.3    -2,-0.1   0.730  88.9  36.8 -61.0 -25.5   44.7  -37.8   -1.7
  200  231 A D  G <  S+     0   0    8     -3,-0.8    -1,-0.3    54,-0.1     2,-0.2   0.207 106.2  84.1-110.3  15.3   48.5  -37.6   -0.9
  201  232 A L    <   -     0   0   28     -3,-1.7    10,-1.2   -87,-0.0    11,-0.3  -0.541  64.7-138.8-109.9 172.1   48.2  -37.3    2.9
  202  233 A V  E     -F  210   0B  49      8,-0.3     8,-0.3   -87,-0.2     5,-0.2  -0.891  39.6 -76.0-129.0 160.4   47.8  -39.9    5.7
  203  234 A L  E >   -F  206   0B  11      6,-2.7     3,-1.6     3,-0.6     6,-0.2  -0.321  26.2-139.0 -61.9 136.6   45.7  -39.8    8.8
  204  235 A A  T 3  S+     0   0   40      1,-0.3    -1,-0.1  -193,-0.1     3,-0.1   0.926 111.5  46.7 -56.6 -43.4   46.8  -37.6   11.7
  205  236 A E  T 3  S+     0   0   72      1,-0.2    -1,-0.3     2,-0.1     2,-0.2   0.259 125.5  27.9 -82.2   7.0   45.7  -40.5   13.9
  206  237 A D  E X   -F  203   0B  57     -3,-1.6    -3,-0.6     3,-0.1     3,-0.5  -0.700  54.6-162.9-172.5 119.3   47.5  -43.1   11.7
  207  238 A E  E 3  S+     0   0B 124      1,-0.2    -1,-0.1    -2,-0.2    -2,-0.1   0.854  92.0  59.5 -72.3 -36.2   50.6  -42.9    9.4
  208  239 A E  E 3  S+     0   0B 175     -6,-0.1     2,-0.5     2,-0.1    -1,-0.2   0.631  92.7  82.1 -69.4 -14.4   49.9  -46.1    7.5
  209  240 A M  E <  S-     0   0B  43     -3,-0.5    -6,-2.7    -6,-0.2     2,-0.3  -0.838  72.7-135.9-108.0 124.0   46.5  -44.9    6.2
  210  241 A N  E  >  -F  202   0B  19     -2,-0.5     4,-1.5    -8,-0.3     3,-0.5  -0.583  19.3-134.9 -70.6 126.0   45.8  -42.6    3.2
  211  242 A R  H  > S+     0   0   29    -10,-1.2     4,-1.8   -13,-0.4   -12,-0.2   0.784 100.4  52.3 -53.5 -37.0   43.3  -40.0    4.1
  212  243 A M  H  > S+     0   0    0    -14,-0.7     4,-1.9   -11,-0.3    -1,-0.2   0.828 106.2  53.2 -73.2 -35.2   41.2  -40.3    0.9
  213  244 A H  H  > S+     0   0   61     -3,-0.5     4,-2.0     2,-0.2    -1,-0.2   0.878 109.3  50.8 -63.8 -36.8   40.8  -44.1    1.3
  214  245 A E  H  X S+     0   0    7     -4,-1.5     4,-2.2     2,-0.2    -2,-0.2   0.909 109.5  49.8 -63.6 -47.2   39.5  -43.5    4.8
  215  246 A S  H  X S+     0   0    4     -4,-1.8     4,-2.6     1,-0.2    -2,-0.2   0.862 109.1  51.9 -60.2 -40.0   37.0  -40.9    3.4
  216  247 A M  H  X S+     0   0   30     -4,-1.9     4,-3.0     2,-0.2    -2,-0.2   0.895 107.7  52.3 -64.5 -42.2   35.8  -43.5    0.8
  217  248 A K  H  X S+     0   0  122     -4,-2.0     4,-2.2     2,-0.2    -2,-0.2   0.935 111.6  46.5 -61.0 -44.3   35.3  -46.1    3.5
  218  249 A L  H  X S+     0   0   13     -4,-2.2     4,-2.5     1,-0.2    -2,-0.2   0.923 114.6  47.2 -61.7 -49.0   33.1  -43.6    5.5
  219  250 A F  H  X S+     0   0    0     -4,-2.6     4,-3.2     2,-0.2     5,-0.4   0.911 109.4  53.5 -58.9 -47.3   31.2  -42.6    2.4
  220  251 A D  H  X S+     0   0   67     -4,-3.0     4,-1.6     1,-0.2    -2,-0.2   0.943 113.4  43.4 -54.1 -47.5   30.6  -46.2    1.4
  221  252 A S  H  < S+     0   0   63     -4,-2.2     4,-0.3    -5,-0.2    -2,-0.2   0.871 118.8  42.9 -69.5 -35.3   29.2  -47.0    4.8
  222  253 A I  H >< S+     0   0    4     -4,-2.5     3,-1.3     2,-0.2     6,-0.2   0.959 113.1  50.0 -74.4 -49.9   27.1  -43.8    5.0
  223  254 A C  H 3< S+     0   0    2     -4,-3.2    -2,-0.2     1,-0.3    -3,-0.2   0.843 117.2  40.7 -56.2 -38.1   25.7  -43.8    1.4
  224  255 A N  T 3< S+     0   0   19     -4,-1.6     2,-0.5    -5,-0.4    -1,-0.3   0.412  83.1 124.7 -96.4   4.6   24.6  -47.5    1.6
  225  256 A N    X   -     0   0   69     -3,-1.3     3,-1.8    -4,-0.3     4,-0.1  -0.521  57.1-144.2 -73.3 119.2   23.2  -47.3    5.2
  226  257 A K  G >  S+     0   0  164     -2,-0.5     3,-1.7     1,-0.3     4,-0.3   0.779  98.0  65.0 -50.0 -39.4   19.6  -48.5    5.2
  227  258 A W  G 3  S+     0   0  143      1,-0.3     3,-0.4     2,-0.1    -1,-0.3   0.868 104.2  49.0 -55.8 -33.8   18.7  -46.0    7.9
  228  259 A F  G X  S+     0   0    1     -3,-1.8     3,-1.9    -6,-0.2    -1,-0.3   0.244  73.6 113.6 -94.1  14.3   19.5  -43.3    5.3
  229  260 A T  T <  S+     0   0   50     -3,-1.7    -1,-0.2     1,-0.3    -2,-0.1   0.904  84.3  39.0 -52.8 -45.7   17.5  -44.6    2.3
  230  261 A D  T 3  S+     0   0  162     -3,-0.4     2,-0.4    -4,-0.3    -1,-0.3   0.257  98.4  96.8 -93.5  17.5   15.0  -41.8    2.3
  231  262 A T  S <  S-     0   0   13     -3,-1.9     2,-0.3   -42,-0.0   -42,-0.2  -0.845  79.7-116.0-104.8 141.1   17.6  -39.1    3.1
  232  263 A S  E     -d  189   0A  15    -44,-1.7   -42,-3.2    -2,-0.4     2,-0.6  -0.606  23.7-144.2 -75.9 133.6   19.2  -37.1    0.4
  233  264 A I  E     -de 190 288A   0     54,-0.7    56,-2.5    -2,-0.3     2,-0.5  -0.894  17.0-174.0-103.2 115.7   23.0  -37.6    0.0
  234  265 A I  E     -de 191 289A   1    -44,-3.1   -42,-3.6    -2,-0.6     2,-0.6  -0.964   8.9-156.1-112.5 121.9   24.8  -34.5   -0.9
  235  266 A L  E     -de 192 290A   0     54,-1.2    56,-2.7    -2,-0.5     2,-0.7  -0.894   5.5-167.1-104.0 113.7   28.5  -35.0   -1.7
  236  267 A F  E     -de 193 291A   2    -44,-3.3   -42,-2.3    -2,-0.6     2,-1.3  -0.933   6.4-161.1 -98.6 109.7   30.8  -31.9   -1.3
  237  268 A L  E     -de 194 292A   0     54,-2.8    56,-2.4    -2,-0.7     3,-0.3  -0.835  35.8-167.4 -92.1  94.6   34.2  -32.7   -2.9
  238  269 A N  E     +d  195   0A   0    -44,-2.9   -42,-2.6    -2,-1.3   -41,-0.3  -0.281  49.3  41.7 -88.6 173.4   35.8  -29.9   -1.0
  239  270 A K    >>  +     0   0   21     54,-0.2     4,-1.9   -44,-0.2     3,-0.5   0.794  59.3 159.0  58.2  36.4   39.0  -27.9   -0.9
  240  271 A K  H 3>  +     0   0   70     53,-2.6     4,-2.1    -3,-0.3    54,-0.2   0.790  68.8  61.1 -58.6 -27.3   38.9  -27.8   -4.7
  241  272 A D  H 3> S+     0   0   44     52,-0.3     4,-1.6     2,-0.2    -1,-0.2   0.930 107.3  40.4 -64.8 -47.9   41.3  -24.8   -4.4
  242  273 A L  H <> S+     0   0   51     -3,-0.5     4,-2.8     1,-0.2    -1,-0.2   0.809 114.3  55.2 -68.7 -33.1   44.1  -26.7   -2.7
  243  274 A F  H  X S+     0   0    0     -4,-1.9     4,-2.7     2,-0.2    -2,-0.2   0.884 102.5  56.3 -66.8 -41.2   43.5  -29.6   -5.1
  244  275 A E  H  X S+     0   0   89     -4,-2.1     4,-0.5     2,-0.2    -2,-0.2   0.904 114.9  37.7 -57.8 -46.3   43.9  -27.3   -8.1
  245  276 A E  H >< S+     0   0  112     -4,-1.6     3,-0.8     1,-0.2     4,-0.5   0.953 118.3  49.8 -72.1 -45.6   47.4  -26.3   -6.9
  246  277 A K  H >X S+     0   0   30     -4,-2.8     4,-2.4     1,-0.2     3,-0.9   0.800  97.8  63.9 -63.2 -38.1   48.4  -29.7   -5.6
  247  278 A I  H 3< S+     0   0    4     -4,-2.7    -1,-0.2     1,-0.2     5,-0.2   0.811  94.1  65.7 -61.5 -25.0   47.4  -31.8   -8.6
  248  279 A K  T << S+     0   0  124     -3,-0.8    -1,-0.2    -4,-0.5    -2,-0.2   0.839 118.8  18.1 -61.3 -39.5   50.1  -30.0  -10.7
  249  280 A K  T <4 S+     0   0  152     -3,-0.9    -2,-0.2    -4,-0.5    -1,-0.2   0.641 115.0  63.6-111.5 -21.3   53.0  -31.4   -8.6
  250  281 A S  S  < S-     0   0   14     -4,-2.4    -1,-0.2    13,-0.0   -50,-0.0  -0.924  82.3-121.0-114.7 116.2   51.8  -34.4   -6.6
  251  282 A P    >   -     0   0   69      0, 0.0     3,-1.6     0, 0.0     4,-0.3  -0.201   4.4-142.8 -54.5 131.3   50.7  -37.5   -8.6
  252  283 A L  G >> S+     0   0    4      1,-0.3     4,-2.8     2,-0.2     3,-1.4   0.700  96.9  78.0 -67.6 -17.1   47.1  -38.8   -8.1
  253  284 A T  G 34 S+     0   0   65      1,-0.3    -1,-0.3     2,-0.2     5,-0.1   0.740  75.5  74.0 -65.0 -19.4   48.6  -42.3   -8.4
  254  285 A I  G <4 S+     0   0   59     -3,-1.6    -1,-0.3     1,-0.2    -2,-0.2   0.924 114.2  24.1 -57.4 -37.5   49.8  -41.9   -4.8
  255  286 A C  T <4 S+     0   0    2     -3,-1.4    -2,-0.2    -4,-0.3    -1,-0.2   0.873 138.0  27.0 -94.9 -46.8   46.2  -42.4   -4.0
  256  287 A Y    ><  -     0   0    7     -4,-2.8     3,-3.0     1,-0.1    -1,-0.2  -0.824  65.0-168.3-122.9  92.0   44.8  -44.4   -7.0
  257  288 A P  T 3  S+     0   0   97      0, 0.0    -1,-0.1     0, 0.0    -4,-0.1   0.760  87.6  58.2 -50.6 -25.7   47.7  -46.4   -8.6
  258  289 A E  T 3  S+     0   0  110     -3,-0.1     2,-0.3    -5,-0.1    -5,-0.1   0.370  72.8 125.5 -88.3   3.4   45.4  -47.1  -11.6
  259  290 A Y    <   +     0   0   31     -3,-3.0    -6,-0.1     1,-0.2     9,-0.0  -0.519  30.2 174.2 -65.8 125.6   44.8  -43.5  -12.4
  260  291 A A        +     0   0  101     -2,-0.3    -1,-0.2     2,-0.0    -2,-0.0   0.498  43.2  97.7-111.2  -6.6   45.8  -43.0  -16.1
  261  292 A G  S    S-     0   0   32      1,-0.2    -9,-0.1     6,-0.1     2,-0.0  -0.021  77.2 -82.4 -76.3-179.6   44.7  -39.4  -16.7
  262  293 A S        -     0   0   53      1,-0.1     2,-1.6   -10,-0.0     6,-0.2  -0.259  39.1 -99.9 -83.5 170.5   46.8  -36.2  -16.6
  263  294 A N  S    S+     0   0   98    -15,-0.1     2,-0.3     4,-0.1    -1,-0.1  -0.377  82.9 118.7 -83.2  53.0   47.9  -34.0  -13.8
  264  295 A T  S  > S-     0   0   54     -2,-1.6     4,-2.4     1,-0.1     5,-0.3  -0.939  71.4-120.2-125.9 151.6   45.1  -31.5  -14.4
  265  296 A Y  H  > S+     0   0   33     -2,-0.3     4,-2.7     1,-0.2     5,-0.3   0.922 106.3  45.4 -51.9 -57.1   42.2  -30.2  -12.4
  266  297 A E  H  > S+     0   0  130      1,-0.2     4,-1.6     2,-0.2    -1,-0.2   0.887 117.0  42.2 -59.3 -46.3   39.3  -31.3  -14.6
  267  298 A E  H  > S+     0   0  104      2,-0.2     4,-1.5     1,-0.2    -1,-0.2   0.939 119.2  43.0 -67.0 -51.6   40.5  -34.8  -15.4
  268  299 A A  H  X S+     0   0    0     -4,-2.4     4,-1.8     2,-0.2    -2,-0.2   0.926 112.9  52.4 -60.9 -45.9   41.6  -35.7  -11.8
  269  300 A A  H  X S+     0   0    4     -4,-2.7     4,-2.3    -5,-0.3    -1,-0.2   0.900 110.3  46.9 -57.7 -46.2   38.6  -34.1  -10.1
  270  301 A A  H  X S+     0   0   45     -4,-1.6     4,-2.1    -5,-0.3    -1,-0.2   0.815 108.4  57.7 -66.9 -32.2   36.0  -36.0  -12.2
  271  302 A Y  H  X S+     0   0   46     -4,-1.5     4,-1.7     2,-0.2    -1,-0.2   0.899 108.6  45.0 -62.0 -44.8   38.0  -39.2  -11.6
  272  303 A I  H  X S+     0   0    0     -4,-1.8     4,-2.1     2,-0.2     5,-0.3   0.890 108.6  57.0 -68.5 -40.4   37.6  -38.8   -7.8
  273  304 A Q  H  X S+     0   0   51     -4,-2.3     4,-3.1     1,-0.2     5,-0.2   0.954 109.5  45.6 -54.9 -48.5   34.0  -37.9   -8.2
  274  305 A C  H  X S+     0   0   66     -4,-2.1     4,-2.2     1,-0.2    -1,-0.2   0.850 106.4  59.1 -63.1 -37.1   33.5  -41.3  -10.0
  275  306 A Q  H  < S+     0   0   51     -4,-1.7     4,-0.3     2,-0.2    -1,-0.2   0.905 115.7  35.5 -57.8 -45.1   35.5  -43.2   -7.4
  276  307 A F  H >< S+     0   0    0     -4,-2.1     3,-1.4     2,-0.2     4,-0.4   0.904 115.5  52.5 -74.7 -48.0   33.1  -42.0   -4.7
  277  308 A E  H >< S+     0   0   51     -4,-3.1     3,-1.4    -5,-0.3    -2,-0.2   0.844 102.1  62.1 -60.5 -29.7   29.9  -42.1   -6.7
  278  309 A D  T 3< S+     0   0  112     -4,-2.2    -1,-0.2     1,-0.3    -2,-0.2   0.667  88.4  70.4 -69.2 -19.0   30.7  -45.7   -7.7
  279  310 A L  T <  S+     0   0   43     -3,-1.4     2,-0.5    -4,-0.3    -1,-0.3   0.648  71.8 105.0 -69.6 -20.4   30.5  -46.8   -4.0
  280  311 A N    X   -     0   0    5     -3,-1.4     3,-0.5    -4,-0.4   -60,-0.1  -0.563  59.3-164.4 -64.4 113.4   26.7  -46.2   -4.2
  281  312 A K  T 3  S+     0   0  113     -2,-0.5    -1,-0.2     1,-0.2     3,-0.1   0.538  82.0  49.0 -80.3  -7.3   25.5  -49.8   -4.4
  282  313 A R  T >>  +     0   0  148      1,-0.1     4,-2.6     4,-0.1     3,-0.8  -0.429  62.2 156.3-131.4  58.7   22.0  -48.7   -5.6
  283  314 A K  T <4 S+     0   0  106     -3,-0.5    -1,-0.1     1,-0.2     5,-0.1   0.843  74.6  52.7 -50.1 -45.5   22.8  -46.3   -8.5
  284  315 A D  T 34 S+     0   0  172      1,-0.2    -1,-0.2    -3,-0.1     3,-0.1   0.788 121.1  29.3 -63.9 -33.9   19.4  -46.9  -10.1
  285  316 A T  T <4 S+     0   0  122     -3,-0.8     2,-0.4     1,-0.2    -2,-0.2   0.619 117.3  53.1-105.2 -16.0   17.3  -46.1   -7.0
  286  317 A K     <  -     0   0   29     -4,-2.6     2,-0.2   -54,-0.0    -1,-0.2  -0.968  64.7-153.9-131.1 127.6   19.5  -43.6   -5.0
  287  318 A E        -     0   0  118     -2,-0.4   -54,-0.7    -3,-0.1     2,-0.4  -0.587   3.0-154.1 -97.2 150.3   21.0  -40.4   -6.2
  288  319 A I  E     -e  233   0A  19     -2,-0.2     2,-0.9   -56,-0.1   -54,-0.2  -0.992  11.1-148.2-119.7 130.5   24.1  -38.6   -5.0
  289  320 A Y  E     -e  234   0A  32    -56,-2.5   -54,-1.2    -2,-0.4     2,-0.2  -0.809  21.9-164.7-104.6  94.6   24.1  -34.8   -5.5
  290  321 A T  E     +e  235   0A  25     -2,-0.9     2,-0.3   -56,-0.2   -54,-0.2  -0.534  13.1 175.0 -84.8 136.3   27.8  -33.9   -6.0
  291  322 A H  E     -e  236   0A  45    -56,-2.7   -54,-2.8    -2,-0.2     2,-0.5  -0.991  26.2-134.9-139.3 142.6   29.2  -30.4   -5.8
  292  323 A F  E     +e  237   0A  51     -2,-0.3     2,-0.3   -56,-0.2   -54,-0.2  -0.870  39.4 179.9 -97.9 127.3   32.8  -29.2   -6.0
  293  324 A T        -     0   0    0    -56,-2.4   -53,-2.6    -2,-0.5     2,-0.5  -0.905  43.5-154.5-135.4 160.8   33.5  -26.6   -3.3
  294  325 A C    >   -     0   0    8     -2,-0.3     3,-2.2     3,-0.2     7,-0.4  -0.892  23.3-163.8-126.9  93.8   35.9  -24.3   -1.7
  295  326 A S  T 3  S+     0   0    5     -2,-0.5  -274,-0.1     1,-0.3    -1,-0.1   0.752  86.2  56.4 -52.7 -29.6   34.4  -24.1    1.8
  296  327 A T  T 3  S+     0   0   14      1,-0.1     2,-0.8    -3,-0.1    -1,-0.3   0.604  89.0  87.5 -82.0  -6.3   36.4  -21.0    2.7
  297  328 A D    <>  -     0   0   69     -3,-2.2     4,-2.6     1,-0.2     5,-0.3  -0.806  61.2-164.3 -97.9 106.0   35.0  -19.1   -0.3
  298  329 A T  H  > S+     0   0   46     -2,-0.8     4,-2.6     1,-0.2     5,-0.2   0.898  88.7  50.6 -55.1 -46.2   31.7  -17.4    0.7
  299  330 A K  H  > S+     0   0  138      2,-0.2     4,-2.2     1,-0.2     5,-0.3   0.964 112.4  47.0 -59.4 -51.7   30.6  -16.8   -2.9
  300  331 A N  H  > S+     0   0   26      1,-0.2     4,-2.3     2,-0.2    -2,-0.2   0.936 115.1  45.1 -54.6 -52.0   31.2  -20.4   -3.9
  301  332 A V  H  X S+     0   0    2     -4,-2.6     4,-3.1    -7,-0.4     5,-0.2   0.847 110.9  55.6 -61.3 -38.3   29.4  -21.9   -0.9
  302  333 A Q  H  X S+     0   0   81     -4,-2.6     4,-2.2    -5,-0.3    -1,-0.2   0.962 110.9  40.6 -61.3 -54.7   26.5  -19.5   -1.3
  303  334 A F  H  X S+     0   0  119     -4,-2.2     4,-2.1     2,-0.2    -2,-0.2   0.907 119.1  48.3 -62.0 -39.7   25.7  -20.4   -4.9
  304  335 A V  H  X S+     0   0   16     -4,-2.3     4,-2.8    -5,-0.3    -2,-0.2   0.908 112.7  46.7 -67.5 -43.0   26.3  -24.1   -4.1
  305  336 A F  H  X S+     0   0    1     -4,-3.1     4,-2.4     2,-0.2    -1,-0.2   0.849 110.1  54.5 -68.6 -32.9   24.1  -24.0   -1.0
  306  337 A D  H  X S+     0   0   58     -4,-2.2     4,-1.8    -5,-0.2    -2,-0.2   0.939 111.2  44.4 -63.8 -44.9   21.5  -22.2   -2.9
  307  338 A A  H  X S+     0   0   45     -4,-2.1     4,-1.5     1,-0.2    -2,-0.2   0.909 112.6  52.5 -64.9 -43.4   21.5  -25.0   -5.5
  308  339 A V  H  X S+     0   0    1     -4,-2.8     4,-1.8     1,-0.2    -1,-0.2   0.891 106.1  54.6 -59.3 -41.1   21.5  -27.6   -2.8
  309  340 A T  H  X S+     0   0    0     -4,-2.4     4,-2.7     1,-0.2    -1,-0.2   0.928 105.3  51.1 -59.4 -49.4   18.5  -26.0   -1.1
  310  341 A D  H  X S+     0   0   55     -4,-1.8     4,-3.3     1,-0.3     5,-0.2   0.836 108.3  52.9 -58.9 -34.3   16.4  -26.2   -4.3
  311  342 A V  H  X S+     0   0   38     -4,-1.5     4,-1.6     2,-0.2    -1,-0.3   0.888 111.0  46.9 -68.9 -38.3   17.2  -29.8   -4.6
  312  343 A I  H  < S+     0   0    4     -4,-1.8    -2,-0.2     2,-0.2    -1,-0.2   0.876 114.9  47.2 -70.1 -38.6   16.0  -30.3   -1.0
  313  344 A I  H  < S+     0   0   70     -4,-2.7    -2,-0.2    -5,-0.1    -3,-0.2   0.993 121.7  34.8 -64.1 -60.2   12.9  -28.3   -1.7
  314  345 A K  H  <        0   0  160     -4,-3.3    -3,-0.2    -5,-0.1    -2,-0.2   0.986 360.0 360.0 -58.4 -73.3   12.1  -30.2   -5.0
  315  346 A N     <        0   0  137     -4,-1.6    -3,-0.2    -5,-0.2    -4,-0.1   0.789 360.0 360.0 -80.1 360.0   13.2  -33.7   -4.2
