==== Secondary Structure Definition by the program DSSP, CMBI version by M.L. Hekkelman/2010-10-21 ==== DATE=2014-07-07        .
REFERENCE W. KABSCH AND C.SANDER, BIOPOLYMERS 22 (1983) 2577-2637                                                              .
                                                                                                                               .
  457  1  0  0  0 TOTAL NUMBER OF RESIDUES, NUMBER OF CHAINS, NUMBER OF SS-BRIDGES(TOTAL,INTRACHAIN,INTERCHAIN)                .
 21036.1   ACCESSIBLE SURFACE OF PROTEIN (ANGSTROM**2)                                                                         .
  319 69.8   TOTAL NUMBER OF HYDROGEN BONDS OF TYPE O(I)-->H-N(J)  , SAME NUMBER PER 100 RESIDUES                              .
   48 10.5   TOTAL NUMBER OF HYDROGEN BONDS IN     PARALLEL BRIDGES, SAME NUMBER PER 100 RESIDUES                              .
   30  6.6   TOTAL NUMBER OF HYDROGEN BONDS IN ANTIPARALLEL BRIDGES, SAME NUMBER PER 100 RESIDUES                              .
    2  0.4   TOTAL NUMBER OF HYDROGEN BONDS OF TYPE O(I)-->H-N(I-5), SAME NUMBER PER 100 RESIDUES                              .
    0  0.0   TOTAL NUMBER OF HYDROGEN BONDS OF TYPE O(I)-->H-N(I-4), SAME NUMBER PER 100 RESIDUES                              .
    2  0.4   TOTAL NUMBER OF HYDROGEN BONDS OF TYPE O(I)-->H-N(I-3), SAME NUMBER PER 100 RESIDUES                              .
    1  0.2   TOTAL NUMBER OF HYDROGEN BONDS OF TYPE O(I)-->H-N(I-2), SAME NUMBER PER 100 RESIDUES                              .
    1  0.2   TOTAL NUMBER OF HYDROGEN BONDS OF TYPE O(I)-->H-N(I-1), SAME NUMBER PER 100 RESIDUES                              .
    0  0.0   TOTAL NUMBER OF HYDROGEN BONDS OF TYPE O(I)-->H-N(I+0), SAME NUMBER PER 100 RESIDUES                              .
    0  0.0   TOTAL NUMBER OF HYDROGEN BONDS OF TYPE O(I)-->H-N(I+1), SAME NUMBER PER 100 RESIDUES                              .
   28  6.1   TOTAL NUMBER OF HYDROGEN BONDS OF TYPE O(I)-->H-N(I+2), SAME NUMBER PER 100 RESIDUES                              .
   54 11.8   TOTAL NUMBER OF HYDROGEN BONDS OF TYPE O(I)-->H-N(I+3), SAME NUMBER PER 100 RESIDUES                              .
  130 28.4   TOTAL NUMBER OF HYDROGEN BONDS OF TYPE O(I)-->H-N(I+4), SAME NUMBER PER 100 RESIDUES                              .
    7  1.5   TOTAL NUMBER OF HYDROGEN BONDS OF TYPE O(I)-->H-N(I+5), SAME NUMBER PER 100 RESIDUES                              .
  1  2  3  4  5  6  7  8  9 10 11 12 13 14 15 16 17 18 19 20 21 22 23 24 25 26 27 28 29 30     *** HISTOGRAMS OF ***           .
  0  0  0  3  0  1  2  2  2  2  1  1  0  0  1  0  0  1  0  1  0  0  0  0  0  0  0  0  0  0    RESIDUES PER ALPHA HELIX         .
  1  0  2  4  3  0  0  0  0  0  0  0  0  0  0  0  0  0  0  0  0  0  0  0  0  0  0  0  0  0    PARALLEL BRIDGES PER LADDER      .
  3  2  0  0  0  0  2  0  0  0  0  0  0  0  0  0  0  0  0  0  0  0  0  0  0  0  0  0  0  0    ANTIPARALLEL BRIDGES PER LADDER  .
  1  1  0  0  1  1  0  0  0  0  0  0  0  0  0  0  0  0  0  0  0  0  0  0  0  0  0  0  0  0    LADDERS PER SHEET                .
  #  RESIDUE AA STRUCTURE BP1 BP2  ACC     N-H-->O    O-->H-N    N-H-->O    O-->H-N    TCO  KAPPA ALPHA  PHI   PSI    X-CA   Y-CA   Z-CA 
    1    4 A E              0   0  213      0, 0.0     2,-0.2     0, 0.0     0, 0.0   0.000 360.0 360.0 360.0 171.2   14.1   75.1  154.4
    2    5 A Q        -     0   0   64      1,-0.1    26,-0.1    27,-0.0    27,-0.0  -0.487 360.0-142.2 -79.9 148.4   11.4   73.2  152.6
    3    6 A T        -     0   0   47    397,-0.2    26,-0.1    -2,-0.2    -1,-0.1  -0.823  24.6-139.0-114.1  88.8   12.2   69.9  150.7
    4    7 A P        -     0   0    2      0, 0.0    26,-3.0     0, 0.0     2,-0.6  -0.163   8.9-153.9 -50.3 129.7   10.0   70.1  147.5
    5    8 A Q  E     -a   30   0A  38     24,-0.2    88,-3.0    26,-0.0    89,-1.4  -0.937  19.5-178.0-110.5 108.1    8.4   66.8  146.5
    6    9 A I  E     -ab  31  94A   2     24,-2.9    26,-2.2    -2,-0.6     2,-0.4  -0.916  12.6-156.7-115.5 137.4    7.7   66.8  142.8
    7   10 A C  E     -ab  32  95A   0     87,-2.7    89,-3.4    -2,-0.4     2,-0.5  -0.910   3.0-164.4-112.6 133.9    6.0   64.2  140.7
    8   11 A V  E     -ab  33  96A   0     24,-2.6    26,-3.2    -2,-0.4     2,-0.9  -0.977   8.8-152.1-121.0 123.9    6.5   63.7  136.9
    9   12 A V  E    S+ab  34  97A   7     87,-3.3    89,-2.5    -2,-0.5    26,-0.2  -0.792  70.7  30.2 -98.1  96.9    4.1   61.5  134.9
   10   13 A G        -     0   0    5     24,-2.7    25,-0.2    -2,-0.9    24,-0.1  -0.059  63.3-139.1 126.1 131.4    6.0   60.0  132.0
   11   14 A S        +     0   0    0     28,-0.1    30,-2.2     4,-0.1    24,-0.1  -0.004  65.4 107.0-109.7  29.9    9.6   59.1  131.5
   12   15 A G  S  > S-     0   0    9     86,-0.5     4,-2.4    29,-0.2     5,-0.3  -0.108  94.3 -68.3 -88.9-166.6   10.3   60.3  128.0
   13   16 A P  H  > S+     0   0    6      0, 0.0     4,-2.0     0, 0.0     5,-0.2   0.859 133.0  51.9 -53.2 -42.0   12.3   63.4  127.1
   14   17 A A  H  > S+     0   0    6      2,-0.2     4,-1.6     1,-0.2     5,-0.2   0.892 112.6  44.8 -65.2 -39.5    9.8   65.9  128.6
   15   18 A G  H  > S+     0   0    0     83,-0.4     4,-2.0    -3,-0.3    -1,-0.2   0.915 116.3  44.5 -71.3 -43.0    9.7   64.1  131.9
   16   19 A F  H  X S+     0   0    0     -4,-2.4     4,-1.6     1,-0.2    -2,-0.2   0.775 114.8  48.7 -72.5 -27.9   13.5   63.7  132.2
   17   20 A Y  H  X S+     0   0   15     -4,-2.0     4,-2.1    -5,-0.3    -1,-0.2   0.827 110.4  50.4 -80.8 -31.8   14.2   67.2  131.1
   18   21 A T  H  X S+     0   0    0     -4,-1.6     4,-2.2    -5,-0.2    -2,-0.2   0.922 114.8  44.7 -68.9 -42.9   11.7   68.7  133.5
   19   22 A A  H  X S+     0   0    0     -4,-2.0     4,-2.6     2,-0.2     5,-0.2   0.878 110.4  54.9 -66.3 -39.0   13.2   66.6  136.3
   20   23 A Q  H  X S+     0   0   40     -4,-1.6     4,-2.1     1,-0.2    -2,-0.2   0.927 110.4  46.2 -59.6 -45.8   16.7   67.6  135.2
   21   24 A H  H  X S+     0   0   17     -4,-2.1     4,-2.4     1,-0.2    -2,-0.2   0.896 112.1  50.3 -64.5 -43.6   15.8   71.3  135.4
   22   25 A L  H  < S+     0   0    0     -4,-2.2     4,-0.4     2,-0.2     7,-0.3   0.906 112.7  45.7 -63.6 -43.1   14.2   70.9  138.8
   23   26 A L  H >< S+     0   0   12     -4,-2.6     3,-0.6     1,-0.2    -2,-0.2   0.890 115.1  47.7 -68.6 -38.7   17.2   69.1  140.3
   24   27 A K  H 3< S+     0   0  164     -4,-2.1    -2,-0.2    -5,-0.2    -1,-0.2   0.875 116.8  41.1 -70.1 -38.2   19.7   71.5  138.8
   25   28 A H  T 3< S+     0   0  103     -4,-2.4     2,-0.2     1,-0.2    -1,-0.2   0.232 117.9  43.6 -99.4  14.9   17.8   74.7  139.9
   26   29 A H    X   -     0   0   21     -3,-0.6     3,-0.5    -4,-0.4    -1,-0.2  -0.780  65.7-156.1-158.8 110.1   16.8   73.6  143.4
   27   30 A S  T 3  S+     0   0  101     -2,-0.2    -4,-0.1     1,-0.2    -1,-0.0   0.613  92.4  36.2 -63.8 -18.7   19.2   71.8  145.7
   28   31 A R  T 3  S+     0   0  152    -26,-0.1    -1,-0.2     2,-0.1     2,-0.1   0.506  84.9 117.2-114.5  -6.8   16.6   70.0  147.9
   29   32 A A    <   -     0   0    0     -3,-0.5     2,-0.4    -7,-0.3   -24,-0.2  -0.384  49.8-152.1 -66.4 137.6   13.9   69.2  145.4
   30   33 A H  E     -a    5   0A  44    -26,-3.0   -24,-2.9    -2,-0.1     2,-0.5  -0.908   5.7-159.6-111.3 138.0   13.1   65.5  144.9
   31   34 A V  E     -ac   6  71A   0     39,-3.1    41,-1.9    -2,-0.4     2,-0.6  -0.973   5.2-167.4-124.7 121.7   11.7   64.2  141.7
   32   35 A D  E     -ac   7  72A   2    -26,-2.2   -24,-2.6    -2,-0.5     2,-0.6  -0.937  13.1-152.8-106.5 119.6    9.8   60.9  141.3
   33   36 A I  E     -ac   8  73A   1     39,-3.7    41,-2.6    -2,-0.6     2,-0.3  -0.837   7.5-160.9 -98.8 117.5    9.3   59.8  137.7
   34   37 A Y  E     +ac   9  74A   2    -26,-3.2   -24,-2.7    -2,-0.6     2,-0.3  -0.741  11.6 177.1 -96.8 143.9    6.3   57.6  137.0
   35   38 A E        -     0   0    8     39,-2.4    42,-2.2    -2,-0.3    41,-0.3  -0.975  28.7-153.3-148.5 130.1    6.1   55.4  133.8
   36   39 A K  S    S+     0   0   78     -2,-0.3    42,-0.2    40,-0.2    -1,-0.1   0.804  81.8  76.4 -73.3 -28.0    3.4   52.9  132.6
   37   40 A Q  S    S-     0   0   31      2,-0.2    39,-2.3    40,-0.1    40,-0.3  -0.331  91.8-119.4 -74.6 164.2    6.0   51.0  130.5
   38   41 A L  S    S+     0   0   12     37,-0.2    37,-0.2    38,-0.1    -1,-0.1   0.749  96.9  44.4 -76.7 -21.9    8.4   48.7  132.3
   39   42 A V  S    S-     0   0    1      1,-0.1     3,-0.3    36,-0.1    -2,-0.2  -0.822  81.2-122.2-122.0 159.4   11.4   50.8  131.0
   40   43 A P  S    S+     0   0    0      0, 0.0   -28,-0.1     0, 0.0    -1,-0.1  -0.158  72.5  64.9 -91.0-174.7   12.1   54.6  130.7
   41   44 A F    >   -     0   0    2    -30,-2.2     3,-2.2   -29,-0.1     4,-0.3   0.232  69.0-153.5  85.2  -8.7   13.0   57.1  127.9
   42   45 A G  T >> S+     0   0   14     -3,-0.3     4,-2.5     1,-0.3     3,-1.1  -0.142  72.7   5.6  48.8-123.2    9.7   56.9  126.0
   43   46 A L  H 3>>S+     0   0   56      1,-0.3     5,-2.6     2,-0.2     4,-1.6   0.566 118.3  72.8 -71.7  -9.4   10.1   57.7  122.3
   44   47 A V  H <45S+     0   0    0     -3,-2.2    -1,-0.3     3,-0.2    -2,-0.2   0.820 115.0  27.5 -72.2 -27.0   13.9   58.0  122.4
   45   48 A R  H <45S+     0   0   12     -3,-1.1    -2,-0.2    -4,-0.3    -1,-0.1   0.857 135.6  30.5 -95.7 -47.2   13.8   54.3  122.7
   46   49 A F  H  <5S+     0   0   24     -4,-2.5    -3,-0.2    83,-0.1    82,-0.2   0.628 129.0  32.5 -90.3 -16.0   10.5   53.4  120.9
   47   50 A G  T  <5S+     0   0   26     -4,-1.6    -3,-0.2    -5,-0.2    -4,-0.1   0.862  89.8  85.2-105.8 -59.5   10.4   56.3  118.4
   48   51 A V  S   <S-     0   0   22     -5,-2.6     4,-0.1     1,-0.1   105,-0.0  -0.233  88.9-105.4 -49.7 126.9   13.8   57.4  117.2
   49   52 A A    >   -     0   0    1      1,-0.1     3,-1.6     2,-0.1     6,-0.1  -0.156  18.5-122.1 -56.2 148.3   14.8   55.1  114.3
   50   53 A P  T 3  S+     0   0    1      0, 0.0   122,-0.4     0, 0.0   123,-0.1   0.658 113.8  59.3 -67.6 -14.8   17.5   52.4  115.0
   51   54 A D  T 3  S+     0   0   45      1,-0.2     3,-0.1   120,-0.1    -2,-0.1   0.124  95.8  66.8 -98.5  18.7   19.6   53.9  112.2
   52   55 A H    X>  +     0   0   22     -3,-1.6     3,-1.3    -4,-0.1     4,-0.8  -0.315  57.4 144.9-129.9  45.0   19.6   57.2  114.1
   53   56 A P  G >4  +     0   0   60      0, 0.0     3,-0.7     0, 0.0     4,-0.1   0.814  62.9  68.6 -55.1 -35.5   21.7   56.0  117.2
   54   57 A E  G >4 S+     0   0  140      1,-0.3     3,-1.1     2,-0.2     4,-0.1   0.841  97.8  52.3 -54.0 -37.0   23.4   59.4  117.6
   55   58 A V  G X4 S+     0   0   61     -3,-1.3     3,-1.3     1,-0.3    -1,-0.3   0.822  97.4  65.6 -70.7 -30.9   20.0   60.9  118.6
   56   59 A K  G X< S+     0   0   23     -4,-0.8     3,-1.0    -3,-0.7    -1,-0.3   0.371  76.9  91.9 -73.3   7.4   19.6   58.2  121.3
   57   60 A N  G X>  +     0   0   92     -3,-1.1     3,-1.9     1,-0.2     4,-0.6   0.698  64.3  76.5 -74.6 -19.7   22.6   59.7  123.1
   58   61 A V  H <> S+     0   0   32     -3,-1.3     4,-1.6     1,-0.3     3,-0.3   0.659  79.1  77.2 -63.7 -13.3   20.4   61.9  125.2
   59   62 A I  H <> S+     0   0   36     -3,-1.0     4,-2.5     1,-0.2    -1,-0.3   0.831  84.8  60.4 -65.7 -30.1   19.7   58.7  127.1
   60   63 A N  H <> S+     0   0  105     -3,-1.9     4,-1.4     1,-0.2    -1,-0.2   0.873 105.6  46.7 -65.5 -36.0   23.1   59.1  128.7
   61   64 A T  H  X S+     0   0   59     -4,-0.6     4,-1.7    -3,-0.3    -1,-0.2   0.848 112.1  49.6 -74.9 -33.0   22.0   62.4  130.2
   62   65 A F  H  X S+     0   0    0     -4,-1.6     4,-3.1     2,-0.2     5,-0.2   0.898 108.6  53.5 -70.1 -40.3   18.7   61.0  131.4
   63   66 A T  H  X S+     0   0   35     -4,-2.5     4,-1.6     1,-0.2    -1,-0.2   0.886 107.6  51.7 -59.9 -38.7   20.5   58.1  133.0
   64   67 A Q  H  X S+     0   0  122     -4,-1.4     4,-0.5     2,-0.2    -1,-0.2   0.903 111.8  46.3 -65.0 -41.6   22.7   60.6  134.8
   65   68 A T  H >< S+     0   0   10     -4,-1.7     3,-1.5     1,-0.2    -2,-0.2   0.939 110.8  51.6 -64.9 -49.1   19.6   62.4  136.1
   66   69 A A  H 3< S+     0   0   10     -4,-3.1    -1,-0.2     1,-0.3    -2,-0.2   0.799 105.5  57.3 -58.5 -31.5   17.9   59.2  137.2
   67   70 A R  H 3< S+     0   0  166     -4,-1.6    -1,-0.3    -5,-0.2    -2,-0.2   0.646  81.6 111.3 -76.4 -15.3   21.0   58.2  139.1
   68   71 A S  S X< S-     0   0   33     -3,-1.5     3,-1.5    -4,-0.5    -3,-0.0  -0.274  77.6-125.6 -57.6 144.6   20.8   61.4  141.1
   69   72 A D  T 3  S+     0   0  155      1,-0.3    -1,-0.1     3,-0.0    -3,-0.0   0.723 109.6  57.4 -66.7 -20.4   20.0   60.7  144.8
   70   73 A R  T 3  S+     0   0   61     -5,-0.1   -39,-3.1   -40,-0.1     2,-0.3   0.134  98.4  73.4 -97.1  20.3   17.1   63.1  144.5
   71   74 A C  E <   -c   31   0A  12     -3,-1.5     2,-0.3   -41,-0.2   -39,-0.2  -0.969  56.0-177.6-132.9 147.0   15.4   61.3  141.6
   72   75 A A  E     -c   32   0A  22    -41,-1.9   -39,-3.7    -2,-0.3     2,-0.4  -0.988  14.9-141.8-144.2 150.2   13.5   58.0  141.6
   73   76 A F  E     -c   33   0A   8     -2,-0.3   348,-0.3   -41,-0.2     2,-0.2  -0.896  11.7-176.0-116.3 144.1   11.9   55.9  138.8
   74   77 A Y  E     +c   34   0A  20    -41,-2.6   -39,-2.4    -2,-0.4     3,-0.3  -0.680  13.3 174.9-140.1  81.5    8.6   54.0  139.0
   75   78 A G  B     +G  419   0B   0    344,-3.2   344,-1.6    -2,-0.2   -37,-0.2  -0.238  62.1  45.3 -78.8 175.3    7.9   52.0  135.9
   76   79 A N  S    S+     0   0   50    -39,-2.3     2,-0.4   -41,-0.3   -40,-0.2   0.832  85.9 117.4  58.0  32.9    4.9   49.7  135.6
   77   80 A V        -     0   0    1    -42,-2.2     2,-1.0    -3,-0.3    -1,-0.2  -0.942  50.4-161.4-132.6 108.5    2.7   52.4  137.1
   78   81 A E    >>> -     0   0   98     -2,-0.4     3,-2.4   -42,-0.2     4,-2.1  -0.755  17.8-139.9 -96.9  95.2   -0.0   53.7  134.9
   79   82 A V  B 345S+h   83   0C  10     -2,-1.0     5,-0.2     1,-0.3   -43,-0.0  -0.152  89.2  31.1 -51.9 139.6   -1.2   57.0  136.3
   80   83 A G  T 345S+     0   0   27      3,-4.7    -1,-0.3     1,-0.1     4,-0.2   0.164 129.0  44.6  93.8 -17.3   -4.9   57.5  136.2
   81   84 A R  T <45S+     0   0  183     -3,-2.4    -2,-0.2     2,-0.5     3,-0.2   0.691 123.9  22.0-118.8 -66.3   -5.3   53.7  136.6
   82   85 A D  T  <5S+     0   0   16     -4,-2.1     2,-0.3     1,-0.3    -3,-0.2   0.809 143.0  13.4 -76.1 -32.1   -3.0   52.3  139.3
   83   86 A V  B   <S-h   79   0C   0     -5,-0.7    -3,-4.7   328,-0.0    -2,-0.5  -0.988  82.8-132.2-144.8 134.4   -2.7   55.7  140.9
   84   87 A T     >  -     0   0   40     -2,-0.3     4,-1.5    -5,-0.2     5,-0.1  -0.475  20.0-120.1 -87.0 160.7   -5.0   58.7  140.2
   85   88 A V  H  > S+     0   0    0      1,-0.2     4,-2.4     2,-0.2     5,-0.2   0.894 115.7  56.0 -64.8 -39.4   -3.8   62.3  139.6
   86   89 A Q  H  > S+     0   0  115      1,-0.2     4,-1.1     2,-0.2    -1,-0.2   0.888 106.6  50.4 -59.2 -39.3   -5.7   63.5  142.6
   87   90 A E  H  > S+     0   0   39      1,-0.2     4,-1.1     2,-0.2    -1,-0.2   0.825 110.2  49.0 -69.2 -32.1   -3.8   60.9  144.7
   88   91 A L  H  X S+     0   0    0     -4,-1.5     4,-2.5     1,-0.2    -2,-0.2   0.854 107.0  56.4 -74.1 -33.9   -0.5   62.2  143.4
   89   92 A Q  H  < S+     0   0   39     -4,-2.4    -2,-0.2     1,-0.2    -1,-0.2   0.784 106.5  50.3 -67.7 -26.0   -1.6   65.8  144.1
   90   93 A D  H  < S+     0   0  109     -4,-1.1    -1,-0.2    -5,-0.2    -2,-0.2   0.816 114.9  43.6 -78.6 -32.1   -2.1   64.8  147.7
   91   94 A A  H  < S+     0   0    0     -4,-1.1   312,-2.7   310,-0.1     2,-0.2   0.803 114.3  47.7 -83.0 -33.6    1.3   63.2  148.0
   92   95 A Y     <  -     0   0    1     -4,-2.5   -86,-0.2   310,-0.1     3,-0.1  -0.642  68.9-132.8-111.8 167.3    3.4   65.8  146.2
   93   96 A H  S    S+     0   0    4    -88,-3.0     2,-0.3     1,-0.3   -87,-0.2   0.860  98.1  11.2 -79.5 -39.8    3.8   69.6  146.2
   94   97 A A  E     -b    6   0A   1    -89,-1.4   -87,-2.7   302,-0.1     2,-0.4  -0.993  64.7-155.6-141.8 146.1    3.6   69.7  142.4
   95   98 A V  E     -bd   7 359A   0    263,-2.6   265,-3.1    -2,-0.3     2,-0.5  -0.988   9.2-162.0-124.3 126.7    2.6   67.2  139.7
   96   99 A V  E     -bd   8 360A   0    -89,-3.4   -87,-3.3    -2,-0.4     2,-0.6  -0.941   9.0-147.6-114.6 121.0    3.9   67.5  136.1
   97  100 A L  E     +bd   9 361A   0    263,-3.1   265,-2.3    -2,-0.5   -87,-0.1  -0.762  33.8 151.2 -87.9 120.8    2.1   65.6  133.3
   98  101 A S        +     0   0    6    -89,-2.5   -86,-0.5    -2,-0.6   -83,-0.4  -0.133  20.0 132.1-140.2  38.2    4.6   64.6  130.6
   99  102 A Y        -     0   0   28      1,-0.2     3,-0.2   -89,-0.1   -89,-0.1   0.075  55.4-139.6 -85.9  26.9    2.9   61.5  129.1
  100  103 A G        -     0   0   16    262,-0.4     2,-0.6     1,-0.1   231,-0.3   0.087  35.9 -57.2  51.3-162.5    3.3   62.5  125.5
  101  104 A A        +     0   0    1    229,-0.2   229,-0.2     1,-0.1    -1,-0.1  -0.886  55.9 166.7-120.6  97.4    0.7   62.0  122.7
  102  105 A E        +     0   0   85     -2,-0.6   228,-0.2    -3,-0.2    -1,-0.1   0.900  45.3  89.9 -79.7 -45.1   -0.2   58.3  122.5
  103  106 A D  E     -I  329   0D  96    226,-0.9   226,-1.9     1,-0.1     2,-0.4  -0.206  69.2-134.0 -58.8 143.5   -3.4   58.3  120.3
  104  107 A H  E     -I  328   0D  59    224,-0.2     2,-0.7     1,-0.0   224,-0.2  -0.833  21.3-110.1-104.5 137.0   -3.0   58.0  116.5
  105  108 A Q        -     0   0   74    222,-1.3   221,-0.3    -2,-0.4     2,-0.0  -0.502  36.9-140.2 -65.6 104.9   -4.9   60.2  114.0
  106  109 A A        -     0   0   45     -2,-0.7    -1,-0.1     1,-0.1    13,-0.0  -0.347   6.5-137.3 -67.1 146.8   -7.4   57.9  112.4
  107  110 A L        -     0   0   22      5,-0.1    -1,-0.1     2,-0.1    -2,-0.0   0.849  24.7-155.1 -71.9 -34.4   -7.9   58.3  108.6
  108  111 A D        +     0   0  135      1,-0.2    -2,-0.0     4,-0.0    -3,-0.0   0.977  46.0 124.7  55.1  61.6  -11.7   57.9  109.1
  109  112 A I  S >  S-     0   0   19    171,-0.0     3,-1.6     0, 0.0    -1,-0.2  -0.971  71.1 -74.1-144.7 156.8  -12.3   56.7  105.5
  110  113 A P  T 3  S+     0   0   67      0, 0.0   170,-2.6     0, 0.0   168,-0.0  -0.257 116.5  12.2 -54.5 132.3  -14.0   53.6  104.0
  111  114 A G  T >  S+     0   0   26    168,-0.2     3,-1.3     1,-0.1   168,-0.1   0.672  77.9 135.6  75.8  18.7  -11.8   50.5  104.3
  112  115 A E  T <  S+     0   0   64     -3,-1.6    -5,-0.1     1,-0.3    -1,-0.1   0.527  72.0  57.3 -75.2  -4.1   -9.3   52.0  106.8
  113  116 A E  T 3  S+     0   0  168    167,-0.1    -1,-0.3     2,-0.1     3,-0.1   0.371  76.8 122.9-104.9   1.3   -9.6   48.7  108.7
  114  117 A L  S X  S-     0   0   16     -3,-1.3     3,-1.6     1,-0.1   174,-0.1  -0.358  78.0 -93.4 -63.2 140.2   -8.5   46.5  105.8
  115  118 A P  T 3  S+     0   0   76      0, 0.0   174,-2.0     0, 0.0    -1,-0.1  -0.293 114.4  43.8 -55.2 137.9   -5.5   44.3  106.5
  116  119 A G  T 3  S+     0   0    9      1,-0.3   206,-2.7   172,-0.2     2,-0.6   0.280  86.3 108.9 107.2  -9.4   -2.3   46.1  105.4
  117  120 A V  E <   +j  322   0E  26     -3,-1.6    -1,-0.3   204,-0.2     2,-0.3  -0.909  44.3 160.8-103.5 120.2   -3.4   49.5  106.8
  118  121 A F  E     -j  323   0E  41    204,-2.4   206,-2.3    -2,-0.6     2,-0.4  -0.880  46.2-100.7-134.6 165.8   -1.4   50.4  109.8
  119  122 A S  E >>  -j  324   0E  19     -2,-0.3     4,-1.8   204,-0.2     3,-1.5  -0.726  32.9-129.9 -83.7 135.2   -0.5   53.5  111.8
  120  123 A A  H 3> S+     0   0    0    204,-2.8     4,-1.6    -2,-0.4   205,-0.2   0.872 111.1  53.4 -55.6 -33.8    3.0   54.7  110.8
  121  124 A R  H 3> S+     0   0   74    203,-0.5     4,-1.9     1,-0.2    -1,-0.3   0.649 102.6  55.7 -76.7 -15.5    3.8   54.8  114.5
  122  125 A A  H <> S+     0   0   18     -3,-1.5     4,-1.4     2,-0.2    -1,-0.2   0.842 107.4  50.0 -80.7 -35.5    2.6   51.2  115.0
  123  126 A F  H  X S+     0   0    0     -4,-1.8     4,-1.7     2,-0.2    -2,-0.2   0.881 112.1  48.9 -66.5 -38.3    5.1   50.2  112.3
  124  127 A V  H  X S+     0   0    5     -4,-1.6     4,-1.8     1,-0.2    -2,-0.2   0.923 109.7  49.0 -68.1 -46.7    7.8   52.1  114.1
  125  128 A G  H  <>S+     0   0    3     -4,-1.9     5,-2.4     1,-0.2     4,-0.3   0.802 106.0  63.4 -63.3 -26.2    7.0   50.6  117.5
  126  129 A W  H ><5S+     0   0   11     -4,-1.4     3,-0.9     1,-0.2    -2,-0.2   0.976 112.5  29.8 -61.4 -57.9    7.2   47.3  115.6
  127  130 A Y  H 3<5S+     0   0    0     -4,-1.7    47,-2.0     1,-0.2    -1,-0.2   0.642 117.9  59.2 -79.8 -12.8   10.8   47.5  114.7
  128  131 A N  T 3<5S-     0   0    0     -4,-1.8    -1,-0.2   -82,-0.2    -2,-0.2   0.337 114.2-112.0 -96.2   6.7   11.7   49.6  117.7
  129  132 A G  T < 5 +     0   0    1     -3,-0.9    -3,-0.2    -4,-0.3    -4,-0.1   0.666  52.7 164.3  77.2  17.9   10.6   46.9  120.1
  130  133 A L    > < -     0   0   29     -5,-2.4     3,-1.8   -84,-0.2     4,-0.4  -0.579  39.8-134.1 -66.9 124.5    7.5   48.5  121.7
  131  134 A P  G >  S+     0   0    9      0, 0.0     3,-1.8     0, 0.0     4,-0.3   0.880 100.7  58.6 -48.0 -47.1    5.9   45.4  123.3
  132  135 A E  G 3  S+     0   0  149      1,-0.3     3,-0.2     2,-0.1    -6,-0.1   0.706 110.4  45.1 -60.0 -17.8    2.3   46.2  122.1
  133  136 A N  G X  S+     0   0   19     -3,-1.8     3,-1.8    -8,-0.2     4,-0.3   0.372  79.2 102.2-106.9   4.4    3.6   46.2  118.5
  134  137 A R  T <  S+     0   0   81     -3,-1.8     3,-0.2    -4,-0.4    -1,-0.1   0.690  85.6  45.8 -65.1 -16.1    5.8   43.0  118.5
  135  138 A E  T 3  S+     0   0  154     -4,-0.3    -1,-0.3    -3,-0.2    -2,-0.1   0.104  75.2 112.1-111.6  23.1    3.1   40.9  116.7
  136  139 A L    <   +     0   0   37     -3,-1.8    -1,-0.2   -14,-0.1    -2,-0.1   0.902  46.0 178.5 -59.4 -41.4    2.3   43.5  114.1
  137  140 A A        -     0   0   80     -4,-0.3    -3,-0.1    -3,-0.2    -2,-0.1   0.871  17.3-155.2  36.2  62.3    3.9   41.2  111.5
  138  141 A P        -     0   0   11      0, 0.0     2,-1.0     0, 0.0    -1,-0.1  -0.327  17.9-114.5 -65.0 145.9    3.2   43.5  108.5
  139  142 A D        +     0   0   75    181,-0.1     3,-0.4     1,-0.1    -2,-0.0  -0.724  37.6 172.9 -86.0 103.8    2.9   41.8  105.1
  140  143 A L        +     0   0   12     -2,-1.0    45,-3.4     1,-0.2    46,-0.5   0.078  48.9 103.7 -98.5  23.8    5.8   43.2  103.1
  141  144 A S        +     0   0   48     43,-0.2     2,-0.2    44,-0.1    -1,-0.2   0.577  61.6  86.7 -81.6 -10.0    5.2   40.9  100.1
  142  145 A C  S    S-     0   0   44     -3,-0.4    43,-0.2     1,-0.1    45,-0.0  -0.574  75.9-133.3 -90.6 154.6    3.7   43.6   98.0
  143  146 A D  S    S+     0   0   59     -2,-0.2    45,-2.3    43,-0.2    44,-2.1   0.859  81.9  53.4 -75.8 -39.9    5.8   46.0   95.8
  144  147 A T  E     -k  188   0E  22     43,-0.2   176,-2.4    42,-0.2   177,-0.9  -0.802  56.1-174.8-106.7 145.0    4.3   49.4   96.6
  145  148 A A  E     -kl 189 321E   0     43,-2.2    45,-2.5    -2,-0.4     2,-0.5  -0.999  11.9-152.6-132.9 133.4    3.7   51.0  100.0
  146  149 A V  E     -kl 190 322E   0    175,-3.2   177,-3.0    -2,-0.4     2,-0.5  -0.932   3.5-161.8-113.4 130.1    1.9   54.3  100.4
  147  150 A I  E     -kl 191 323E   0     43,-3.8    45,-2.9    -2,-0.5     2,-0.6  -0.944  10.1-148.0-112.3 121.8    2.6   56.7  103.3
  148  151 A L  E     +kl 192 324E   2    175,-2.9   177,-2.4    -2,-0.5    45,-0.2  -0.793  67.8  29.8 -92.0 117.4   -0.0   59.4  104.1
  149  152 A G  S    S-     0   0   14     43,-3.4     2,-0.2    -2,-0.6    44,-0.1   0.004  72.8-122.5 111.2 141.8    1.5   62.6  105.4
  150  153 A Q        +     0   0   16     49,-0.1    51,-1.4    41,-0.1    52,-0.8  -0.427  61.5 121.3-118.0  60.1    4.9   64.1  104.8
  151  154 A G  S  > S-     0   0   13    174,-0.3     4,-1.5    50,-0.2     3,-0.4  -0.459  79.5 -90.7-106.8-177.5    6.6   64.5  108.2
  152  155 A N  H  > S+     0   0   37     49,-0.5     4,-1.9     1,-0.2     5,-0.1   0.850 125.5  59.9 -63.7 -35.1    9.9   63.1  109.5
  153  156 A V  H  > S+     0   0   33      1,-0.2     4,-1.9     2,-0.2    -1,-0.2   0.872 103.3  52.6 -60.1 -36.1    8.1   60.0  110.8
  154  157 A A  H  > S+     0   0    0     -3,-0.4     4,-1.8     1,-0.2    -1,-0.2   0.928 109.6  47.6 -64.1 -45.1    7.0   59.3  107.2
  155  158 A L  H  X S+     0   0    0     -4,-1.5     4,-1.6     1,-0.2    -1,-0.2   0.778 108.4  57.6 -66.6 -27.9   10.6   59.6  106.0
  156  159 A D  H  X S+     0   0   13     -4,-1.9     4,-2.2     2,-0.2    -2,-0.2   0.930 111.0  38.2 -69.1 -47.4   11.6   57.2  108.9
  157  160 A V  H  X S+     0   0    0     -4,-1.9     4,-1.7     2,-0.2    -2,-0.2   0.796 117.0  52.1 -74.8 -28.3    9.4   54.3  107.9
  158  161 A A  H  X S+     0   0    0     -4,-1.8     4,-1.1    -5,-0.2    -1,-0.2   0.851 111.6  47.8 -73.9 -34.1   10.1   54.9  104.2
  159  162 A R  H  X S+     0   0    3     -4,-1.6     4,-1.4     2,-0.2     3,-0.2   0.910 112.1  47.5 -72.7 -43.1   13.8   54.9  104.9
  160  163 A I  H  < S+     0   0    1     -4,-2.2    -2,-0.2     1,-0.2    -1,-0.2   0.863 110.9  53.7 -65.4 -35.4   13.6   51.7  107.0
  161  164 A L  H  < S+     0   0    8     -4,-1.7    -1,-0.2     1,-0.2    -2,-0.2   0.780 118.3  33.7 -69.5 -29.3   11.5   50.0  104.3
  162  165 A L  H  < S+     0   0    0     -4,-1.1    -2,-0.2    -3,-0.2    -1,-0.2   0.493  89.3 109.5-106.6  -5.7   14.0   50.8  101.5
  163  166 A T  S  < S-     0   0   10     -4,-1.4     5,-0.1     1,-0.1    52,-0.1  -0.525  85.4-100.3 -72.2 134.1   17.3   50.6  103.4
  164  167 A P    >>  -     0   0   22      0, 0.0     3,-2.6     0, 0.0     4,-0.5  -0.376  33.7-128.3 -55.8 118.5   19.3   47.5  102.3
  165  168 A P  H >> S+     0   0   24      0, 0.0     3,-2.0     0, 0.0     4,-0.5   0.806 104.8  60.8 -36.0 -46.4   18.6   45.0  105.2
  166  169 A D  H >4 S+     0   0  105      1,-0.3     3,-0.9     2,-0.2     4,-0.3   0.789  94.5  62.2 -58.2 -29.5   22.2   44.3  105.8
  167  170 A H  H <4 S+     0   0  121     -3,-2.6    -1,-0.3     1,-0.2     3,-0.2   0.676 104.8  49.2 -70.8 -15.2   22.9   47.9  106.6
  168  171 A L  H X< S+     0   0    1     -3,-2.0     3,-1.9    -4,-0.5     5,-0.3   0.502  82.4 101.5 -98.5  -7.9   20.5   47.5  109.6
  169  172 A E  T << S+     0   0   76     -3,-0.9    -1,-0.1    -4,-0.5    -2,-0.1   0.800  86.9  36.4 -45.2 -44.3   22.2   44.3  110.8
  170  173 A K  T 3  S+     0   0  114     -4,-0.3    -1,-0.3    -3,-0.2     2,-0.2   0.112  94.4  98.1-106.1  25.1   24.1   45.9  113.6
  171  174 A T  S <  S-     0   0   24     -3,-1.9   271,-0.1   269,-0.2  -120,-0.1  -0.469  90.8-101.3 -96.3 174.0   21.7   48.6  114.8
  172  175 A D  S    S+     0   0   12   -122,-0.4   272,-0.4    -2,-0.2     3,-0.1   0.257  75.4 137.9 -83.8  16.6   19.4   47.9  117.9
  173  176 A I        -     0   0    0     -5,-0.3   -45,-0.2  -123,-0.1   -46,-0.1  -0.334  69.4 -91.5 -59.0 138.8   16.6   47.2  115.5
  174  177 A T     >  -     0   0    2    -47,-2.0     4,-2.4     1,-0.2     5,-0.2  -0.254  25.8-133.1 -55.0 138.4   14.6   44.1  116.8
  175  178 A E  H  > S+     0   0  121      1,-0.2     4,-1.9     2,-0.2    -1,-0.2   0.828 107.3  59.6 -61.6 -31.2   15.9   40.9  115.2
  176  179 A A  H  > S+     0   0   54      2,-0.2     4,-1.6     1,-0.2    -1,-0.2   0.937 108.9  40.4 -62.0 -50.2   12.3   40.0  114.5
  177  180 A A  H  > S+     0   0    0      1,-0.2     4,-2.8     2,-0.2    -2,-0.2   0.852 112.4  55.6 -69.0 -37.1   11.7   43.1  112.4
  178  181 A L  H  X S+     0   0   11     -4,-2.4     4,-1.2     1,-0.2    -1,-0.2   0.873 106.9  52.0 -63.8 -35.2   15.1   42.8  110.7
  179  182 A G  H  X S+     0   0   19     -4,-1.9     4,-1.0    -5,-0.2    -1,-0.2   0.905 111.1  46.0 -66.5 -41.6   14.1   39.3  109.7
  180  183 A A  H >X S+     0   0   25     -4,-1.6     3,-0.8     1,-0.2     4,-0.7   0.926 109.2  55.5 -66.0 -44.8   10.9   40.5  108.2
  181  184 A L  H 3< S+     0   0    9     -4,-2.8     3,-0.2     1,-0.3    -1,-0.2   0.749 101.2  59.1 -60.0 -26.9   12.7   43.3  106.4
  182  185 A R  H 3< S+     0   0  104     -4,-1.2    -1,-0.3     1,-0.2    -2,-0.2   0.849 109.1  43.1 -71.7 -33.5   15.0   40.8  104.7
  183  186 A Q  H << S+     0   0  155     -4,-1.0    -1,-0.2    -3,-0.8    -2,-0.2   0.487  88.3 125.0 -89.2  -3.5   12.1   39.0  103.1
  184  187 A S     <  -     0   0   23     -4,-0.7   -43,-0.2    -3,-0.2   -41,-0.1  -0.304  43.2-168.2 -61.2 135.0   10.4   42.3  102.1
  185  188 A R        +     0   0  161    -45,-3.4     2,-0.5   -43,-0.2   -44,-0.1   0.160  45.8 129.4-107.2  14.0    9.5   42.6   98.4
  186  189 A V        +     0   0    3    -46,-0.5   -43,-0.2     1,-0.2   -42,-0.2  -0.598  16.2 152.3 -73.1 121.1    8.7   46.3   98.9
  187  190 A K        +     0   0   74    -44,-2.1    81,-2.9    -2,-0.5     2,-0.4   0.447  56.4  57.7-128.2  -8.0   10.6   48.3   96.3
  188  191 A T  E     -km 144 268E  27    -45,-2.3   -43,-2.2    79,-0.2     2,-0.5  -0.987  56.1-178.5-132.2 125.0    8.4   51.4   95.8
  189  192 A V  E     -km 145 269E   0     79,-2.7    81,-2.2    -2,-0.4     2,-0.5  -0.982   6.1-166.4-126.3 122.6    7.4   53.9   98.6
  190  193 A W  E     -km 146 270E  43    -45,-2.5   -43,-3.8    -2,-0.5     2,-0.8  -0.934   6.5-158.7-111.0 125.8    5.1   56.9   97.9
  191  194 A I  E     -km 147 271E   0     79,-2.6    81,-2.5    -2,-0.5     2,-0.5  -0.889  18.1-166.2-105.7 105.2    4.8   59.7  100.5
  192  195 A V  E     -km 148 272E   2    -45,-2.9   -43,-3.4    -2,-0.8     2,-0.3  -0.810   6.1-170.7-101.5 128.3    1.6   61.5   99.8
  193  196 A G        -     0   0    6     79,-2.6    82,-2.1    -2,-0.5    81,-0.2  -0.863  27.7-136.3-117.5 150.5    0.6   64.9  101.3
  194  197 A R  S    S+     0   0  127     -2,-0.3   103,-0.1    80,-0.3    82,-0.1   0.832  91.1  39.5 -68.0 -35.5   -2.7   66.8  101.3
  195  198 A R  S    S-     0   0   83      1,-0.2    79,-2.4    79,-0.2    80,-0.2  -0.080  94.2 -79.0-100.2-160.3   -0.9   70.1  100.5
  196  199 A G    >   -     0   0    3     77,-0.2     3,-1.7    78,-0.1    -1,-0.2  -0.315  47.6 -85.9 -98.8-176.8    2.0   71.2   98.3
  197  200 A P  G >  S+     0   0    6      0, 0.0     3,-1.5     0, 0.0    28,-0.1   0.810 120.9  63.4 -56.0 -38.7    5.8   71.2   98.5
  198  201 A L  G 3  S+     0   0   25      1,-0.3    45,-0.1    45,-0.0    30,-0.0   0.575 103.3  52.2 -66.5  -8.6    6.0   74.4  100.5
  199  202 A Q  G <  S+     0   0   72     -3,-1.7    -1,-0.3    -6,-0.0   -49,-0.1   0.375  71.6 137.6-110.0   3.3    4.2   72.6  103.3
  200  203 A V    <   -     0   0   16     -3,-1.5   -49,-0.1     1,-0.1    43,-0.0  -0.258  43.7-150.7 -54.0 132.6    6.3   69.5  103.8
  201  204 A A        +     0   0   77    -51,-1.4   -49,-0.5     2,-0.0   -50,-0.2   0.428  60.7  99.9 -87.6  -0.3    6.7   68.8  107.5
  202  205 A F        -     0   0    4    -52,-0.8     2,-0.2   -51,-0.3   -51,-0.1  -0.469  68.0-120.1 -89.7 161.8   10.1   67.1  107.4
  203  206 A T     >  -     0   0   59     -2,-0.1     4,-1.7     1,-0.1     5,-0.2  -0.596  24.7-110.8 -96.5 158.2   13.5   68.5  108.1
  204  207 A I  H  > S+     0   0   48     34,-0.2     4,-2.4     1,-0.2     5,-0.2   0.759 112.0  60.8 -60.3 -28.2   16.5   68.7  105.8
  205  208 A K  H  > S+     0   0  129      1,-0.2     4,-2.0     2,-0.2    -1,-0.2   0.978 109.5  39.8 -63.9 -54.3   18.6   66.1  107.7
  206  209 A E  H  > S+     0   0   36      1,-0.2     4,-1.1     2,-0.2    -2,-0.2   0.802 116.2  51.7 -65.3 -30.7   16.0   63.3  107.1
  207  210 A L  H  X S+     0   0    0     -4,-1.7     4,-2.5     2,-0.2     3,-0.4   0.941 108.2  50.6 -70.7 -47.3   15.3   64.4  103.5
  208  211 A R  H  X S+     0   0  140     -4,-2.4     4,-1.8     1,-0.3    -2,-0.2   0.899 107.8  54.1 -55.7 -43.6   19.0   64.4  102.6
  209  212 A E  H  < S+     0   0   41     -4,-2.0     4,-0.3     1,-0.2    -1,-0.3   0.848 109.6  48.8 -58.9 -35.5   19.3   60.9  104.1
  210  213 A M  H >< S+     0   0    0     -4,-1.1     3,-0.8    -3,-0.4    -2,-0.2   0.902 108.5  51.5 -72.0 -44.1   16.5   59.8  101.8
  211  214 A I  H 3< S+     0   0   11     -4,-2.5    -2,-0.2     1,-0.2    -1,-0.2   0.798 118.6  38.7 -63.9 -29.2   18.0   61.4   98.7
  212  215 A Q  T 3< S+     0   0  122     -4,-1.8    -1,-0.2    -5,-0.2    -2,-0.2   0.357  80.5 137.8-104.1   4.6   21.3   59.6   99.4
  213  216 A L    X   -     0   0   11     -3,-0.8     3,-1.7    -4,-0.3    -3,-0.1  -0.308  63.5-106.6 -55.3 123.0   19.8   56.3  100.6
  214  217 A P  T 3  S+     0   0   54      0, 0.0    -1,-0.1     0, 0.0     3,-0.1  -0.238  98.5  12.4 -55.0 132.6   21.9   53.4   99.0
  215  218 A G  T 3  S+     0   0   36      1,-0.3    52,-1.8    -3,-0.1    51,-1.7   0.472 108.4 101.0  80.5   2.1   20.2   51.5   96.2
  216  219 A T  E <   -n  267   0E   0     -3,-1.7    -1,-0.3    49,-0.2    52,-0.2  -0.719  51.4-158.6-117.1 168.1   17.4   54.0   95.8
  217  220 A R  E     -n  268   0E  82     50,-0.9    52,-1.7    -2,-0.2     2,-0.3  -0.970  25.5-111.5-140.3 150.2   16.4   56.8   93.4
  218  221 A P  E     -n  269   0E  22      0, 0.0     2,-0.5     0, 0.0    52,-0.2  -0.622  14.5-156.6 -89.3 147.7   14.1   59.7   93.9
  219  222 A M  E     +n  270   0E  46     50,-1.9    52,-1.4    -2,-0.3     2,-0.4  -0.792  30.4 154.5-122.3  86.0   10.8   60.2   92.1
  220  223 A L        -     0   0   24     -2,-0.5    52,-0.1    29,-0.2     3,-0.0  -0.939  38.6-133.8-115.3 135.6    9.9   63.9   92.2
  221  224 A D    >   -     0   0   71     -2,-0.4     3,-2.0    50,-0.4     4,-0.2  -0.793   5.2-150.9 -91.3 118.5    7.7   65.6   89.6
  222  225 A P  G >  S+     0   0   59      0, 0.0     3,-1.6     0, 0.0    -1,-0.1   0.783  94.0  68.8 -56.8 -27.3    9.2   68.9   88.3
  223  226 A A  G >  S+     0   0   55      1,-0.3     3,-0.9     2,-0.2    28,-0.0   0.699  88.2  63.1 -67.0 -20.4    5.7   70.1   87.7
  224  227 A D  G <  S+     0   0   45     -3,-2.0    -1,-0.3     1,-0.2    26,-0.0   0.516 103.5  49.9 -82.5  -4.1    5.0   70.3   91.4
  225  228 A F  G X  S+     0   0    0     -3,-1.6     3,-0.8    -4,-0.2    -1,-0.2   0.039  80.4 132.2-120.3  24.4    7.7   72.9   91.7
  226  229 A L  T <  S+     0   0  115     -3,-0.9    -3,-0.0     1,-0.3     0, 0.0  -0.551  78.8   2.7 -79.8 141.9    6.6   75.3   88.9
  227  230 A G  T 3  S+     0   0   76     -2,-0.2    -1,-0.3     1,-0.1    -3,-0.0   0.915 107.8 102.7  48.6  44.7    6.3   79.0   89.6
  228  231 A L    <>  +     0   0   17     -3,-0.8     4,-1.1     2,-0.1    -2,-0.1   0.350  47.9  90.0-133.1  -5.3    7.7   78.1   93.1
  229  232 A Q  H >> S+     0   0   73     -4,-0.2     4,-2.0     1,-0.2     3,-0.7   0.937  86.5  47.0 -61.8 -53.3   11.3   79.2   92.6
  230  233 A D  H 3> S+     0   0  116      1,-0.2     4,-0.7     2,-0.2    -1,-0.2   0.798 109.5  55.1 -62.6 -29.8   11.0   82.8   93.8
  231  234 A R  H 3> S+     0   0  166      2,-0.2     4,-0.6     1,-0.2    -1,-0.2   0.778 108.5  49.6 -73.4 -26.7    9.0   81.8   96.8
  232  235 A I  H X< S+     0   0    1     -4,-1.1     3,-0.7    -3,-0.7    -2,-0.2   0.887 105.6  55.3 -76.4 -42.7   11.9   79.4   97.8
  233  236 A K  H 3< S+     0   0  117     -4,-2.0    -2,-0.2     1,-0.2    -1,-0.2   0.719 113.7  43.5 -63.0 -20.7   14.5   82.1   97.3
  234  237 A E  H 3< S+     0   0  155     -4,-0.7    -1,-0.2    -5,-0.2    -2,-0.2   0.573  88.3 115.2-101.6 -12.2   12.6   84.2   99.8
  235  238 A A  S << S-     0   0   26     -3,-0.7     2,-0.1    -4,-0.6    -3,-0.1   0.002  74.8 -91.5 -54.4 163.7   11.8   81.6  102.4
  236  239 A A    >>  -     0   0   51      1,-0.1     4,-3.5     4,-0.1     3,-1.0  -0.437  43.4 -97.5 -77.7 154.0   13.2   81.8  105.9
  237  240 A R  H 3> S+     0   0  204      1,-0.3     4,-1.2     2,-0.2     5,-0.3   0.826 123.4  49.2 -37.4 -54.4   16.5   80.0  106.8
  238  241 A P  H 34 S+     0   0  108      0, 0.0     4,-0.5     0, 0.0    -1,-0.3   0.887 122.3  35.3 -56.7 -39.2   14.9   76.9  108.3
  239  242 A R  H <> S+     0   0  119     -3,-1.0     4,-2.7     2,-0.1     5,-0.3   0.886 107.9  64.5 -82.5 -44.1   12.7   76.6  105.2
  240  243 A K  H  X S+     0   0   58     -4,-3.5     4,-2.9     1,-0.2     5,-0.3   0.919 103.0  43.2 -49.1 -62.5   15.0   77.8  102.4
  241  244 A R  H  X S+     0   0  151     -4,-1.2     4,-1.4     1,-0.2    -1,-0.2   0.860 114.8  52.6 -56.4 -36.5   17.7   75.2  102.4
  242  245 A L  H  > S+     0   0   14     -4,-0.5     4,-1.5    -5,-0.3     3,-0.4   0.963 113.3  42.4 -63.2 -51.9   15.1   72.4  102.8
  243  246 A M  H  X S+     0   0    1     -4,-2.7     4,-3.1     1,-0.2     5,-0.2   0.865 110.9  55.5 -63.3 -39.2   13.1   73.6   99.8
  244  247 A E  H  X S+     0   0   12     -4,-2.9     4,-2.1    -5,-0.3    -1,-0.2   0.808 106.1  52.5 -65.5 -28.4   16.3   74.3   97.7
  245  248 A L  H  X S+     0   0   22     -4,-1.4     4,-2.1    -3,-0.4    -1,-0.2   0.872 113.1  43.9 -73.9 -36.8   17.3   70.7   98.3
  246  249 A L  H  X S+     0   0    1     -4,-1.5     4,-2.8     2,-0.2    -2,-0.2   0.928 115.6  46.9 -70.7 -47.6   13.9   69.4   97.1
  247  250 A L  H  X S+     0   0   19     -4,-3.1     4,-2.3     2,-0.2     5,-0.4   0.914 113.4  49.4 -60.7 -45.1   13.8   71.8   94.1
  248  251 A R  H  X S+     0   0  136     -4,-2.1     4,-2.6    -5,-0.2     3,-0.2   0.962 115.3  43.1 -58.9 -52.7   17.4   70.9   93.2
  249  252 A T  H  < S+     0   0   24     -4,-2.1    -2,-0.2     1,-0.2    -1,-0.2   0.851 118.2  46.2 -62.1 -36.4   16.6   67.2   93.4
  250  253 A A  H  < S+     0   0    8     -4,-2.8    -1,-0.2    -5,-0.1    -2,-0.2   0.729 127.6  21.2 -81.4 -23.7   13.3   67.6   91.6
  251  254 A T  H  < S+     0   0   38     -4,-2.3     2,-0.5    -3,-0.2    -3,-0.2   0.596 100.3  85.9-123.2 -13.1   14.4   69.9   88.7
  252  255 A E  S  < S-     0   0  128     -4,-2.6    -1,-0.0    -5,-0.4     0, 0.0  -0.802  75.4-119.9 -99.3 132.1   18.2   69.5   88.2
  253  256 A K        -     0   0  176     -2,-0.5    -3,-0.1     1,-0.1    -2,-0.0  -0.481  36.2-119.4 -65.7 124.6   19.7   66.8   86.0
  254  257 A P        -     0   0   45      0, 0.0    -1,-0.1     0, 0.0    -5,-0.0  -0.249  29.3-101.0 -65.8 152.8   22.1   64.7   88.1
  255  258 A G     >  -     0   0   43      1,-0.1     4,-2.7     4,-0.1     5,-0.3  -0.130  43.2 -91.3 -66.0 170.6   25.8   64.5   87.3
  256  259 A V  H  > S+     0   0  123      1,-0.2     4,-1.8     2,-0.2     5,-0.1   0.854 127.7  48.1 -51.0 -41.6   27.2   61.4   85.5
  257  260 A E  H  > S+     0   0  152      2,-0.2     4,-1.9     1,-0.2    -1,-0.2   0.953 113.1  45.5 -66.2 -52.2   27.9   59.7   88.8
  258  261 A E  H  > S+     0   0   36      2,-0.2     4,-2.5     1,-0.2    -2,-0.2   0.917 112.5  50.7 -58.1 -49.1   24.5   60.3   90.4
  259  262 A A  H  X S+     0   0   39     -4,-2.7     4,-2.9     1,-0.2     5,-0.3   0.919 109.3  51.4 -56.6 -46.0   22.6   59.3   87.2
  260  263 A A  H  X S+     0   0   59     -4,-1.8     4,-1.3    -5,-0.3    -1,-0.2   0.886 108.9  52.5 -58.5 -38.9   24.6   56.1   87.1
  261  264 A R  H  X S+     0   0   58     -4,-1.9     4,-1.1     1,-0.2     3,-0.2   0.943 112.4  43.6 -61.7 -49.4   23.7   55.5   90.7
  262  265 A R  H  < S+     0   0   49     -4,-2.5    -2,-0.2     2,-0.2    -1,-0.2   0.861 108.8  56.0 -65.7 -39.3   19.9   56.0   90.0
  263  266 A A  H  < S+     0   0   85     -4,-2.9    -1,-0.2     1,-0.2    -2,-0.2   0.815 112.6  45.7 -62.5 -28.2   20.0   53.9   86.8
  264  267 A S  H  < S+     0   0   89     -4,-1.3    -1,-0.2    -5,-0.3    -2,-0.2   0.699  88.8 113.6 -86.0 -23.4   21.4   51.2   89.0
  265  268 A A     <  -     0   0    7     -4,-1.1   -49,-0.2    -3,-0.2     3,-0.1  -0.148  44.7-170.2 -52.2 142.7   18.9   51.7   91.9
  266  269 A S        +     0   0   87    -51,-1.7     2,-0.3     1,-0.0   -50,-0.2   0.471  69.9  48.9-112.1 -10.1   16.5   48.8   92.5
  267  270 A R  E     - n   0 216E  61    -52,-1.8   -50,-0.9  -105,-0.1     2,-0.3  -0.908  66.8-162.3-129.0 157.3   14.2   50.7   94.9
  268  271 A A  E     -mn 188 217E   6    -81,-2.9   -79,-2.7    -2,-0.3     2,-0.4  -0.998  10.7-165.3-147.1 146.9   12.4   54.1   94.8
  269  272 A W  E     +mn 189 218E   1    -52,-1.7   -50,-1.9    -2,-0.3     2,-0.3  -0.946  18.4 179.4-125.6 147.2   10.8   56.7   97.0
  270  273 A G  E     -mn 190 219E   0    -81,-2.2   -79,-2.6    -2,-0.4     2,-0.4  -0.920  24.2-125.2-144.4 171.0    8.6   59.5   95.8
  271  274 A L  E     -m  191   0E   1    -52,-1.4     2,-0.4    -2,-0.3   -50,-0.4  -0.978  18.2-167.4-123.7 127.3    6.6   62.5   96.9
  272  275 A R  E     -m  192   0E  58    -81,-2.5   -79,-2.6    -2,-0.4     2,-0.3  -0.923  10.8-159.7-112.7 139.6    2.9   63.1   95.9
  273  276 A F        +     0   0   11     -2,-0.4   -77,-0.2   -81,-0.2   -79,-0.2  -0.855  60.2  20.0-122.7 156.4    1.2   66.4   96.5
  274  277 A F  S    S+     0   0   47    -79,-2.4    23,-1.8    -2,-0.3     2,-0.4   0.909  86.8 123.9  56.8  50.8   -2.4   67.7   96.8
  275  278 A R  E     -O  296   0F  48    -82,-2.1    21,-0.2    21,-0.2    -1,-0.2  -0.966  39.0-169.6-143.7 121.7   -3.9   64.3   97.6
  276  279 A S  E     -O  295   0F  15     19,-1.9    19,-2.7    -2,-0.4     2,-0.3  -0.906  36.8-103.5-111.0 137.9   -6.0   63.4  100.6
  277  280 A P  E     +O  294   0F  18      0, 0.0    17,-0.2     0, 0.0     3,-0.1  -0.419  41.8 170.7 -62.3 119.8   -6.9   59.7  101.4
  278  281 A Q  E     -     0   0F  87     15,-3.3     2,-0.3     1,-0.4    16,-0.2   0.799  62.6 -19.6 -98.3 -36.1  -10.5   59.2  100.4
  279  282 A Q  E     -O  293   0F  60     14,-1.4    14,-3.6  -170,-0.2     2,-0.6  -0.942  56.8-115.6-170.9 147.5  -10.8   55.4  100.7
  280  283 A V  E     -O  292   0F   0   -170,-2.6    12,-0.3    -2,-0.3  -167,-0.1  -0.829  36.4-136.5 -92.1 120.6   -8.6   52.3  100.9
  281  284 A L  E     -O  291   0F  32     10,-2.3     9,-3.3    -2,-0.6    10,-1.4  -0.647  18.2-134.0 -81.9 127.3   -9.4   50.1   97.9
  282  285 A P  E     -O  289   0F  64      0, 0.0     7,-0.2     0, 0.0    -1,-0.1  -0.236  17.0-107.8 -76.6 164.8   -9.8   46.3   98.6
  283  286 A S    >   -     0   0   17      5,-2.0     3,-2.4     1,-0.1     7,-0.1  -0.319  46.0 -87.7 -83.1 171.7   -8.3   43.4   96.7
  284  287 A P  T 3  S+     0   0  141      0, 0.0    -1,-0.1     0, 0.0     6,-0.0   0.899 133.2  42.2 -48.0 -48.8  -10.4   41.1   94.5
  285  288 A D  T 3  S-     0   0  104      1,-0.1    -2,-0.0     0, 0.0     0, 0.0   0.403 108.9-128.7 -80.1   4.3  -11.4   38.8   97.4
  286  289 A G  S <  S+     0   0   24     -3,-2.4    -1,-0.1     1,-0.1     3,-0.0   0.640  77.7 118.0  57.8  16.3  -11.9   41.9   99.5
  287  290 A R  S    S+     0   0  182   -173,-0.1     2,-0.3    -5,-0.0    -1,-0.1   0.685  74.3  14.2 -86.5 -20.2   -9.6   40.4  102.1
  288  291 A R  S    S-     0   0   66   -174,-0.1    -5,-2.0  -172,-0.1     2,-0.4  -0.869  87.9 -81.5-145.1 176.9   -6.8   43.0  102.1
  289  292 A A  E     +O  282   0F   0   -174,-2.0     3,-0.1    -2,-0.3    -2,-0.0  -0.702  36.8 171.8 -85.4 134.7   -5.9   46.5  100.9
  290  293 A A  E     -     0   0F  43     -9,-3.3    29,-1.7     1,-0.4     2,-0.3   0.427  63.9 -25.6-119.9  -6.1   -4.8   46.6   97.2
  291  294 A G  E     -OP 281 318F   2    -10,-1.4   -10,-2.3    27,-0.3    -1,-0.4  -0.969  60.3-106.3 173.7 177.0   -4.6   50.4   96.7
  292  295 A I  E     -OP 280 317F   0     25,-2.2    25,-2.7    -2,-0.3     2,-0.7  -0.993  17.7-134.5-135.1 135.9   -5.9   53.8   97.9
  293  296 A R  E     -OP 279 316F  80    -14,-3.6   -15,-3.3    -2,-0.4   -14,-1.4  -0.782  25.2-164.6 -89.0 114.8   -8.2   56.3   96.4
  294  297 A L  E     -OP 277 315F   1     21,-3.0    21,-1.9    -2,-0.7     2,-0.5  -0.862  11.0-141.8-103.7 131.8   -6.8   59.8   96.6
  295  298 A A  E     -OP 276 314F   2    -19,-2.7   -19,-1.9    -2,-0.5    19,-0.3  -0.794  22.4-121.6 -92.7 128.5   -9.0   62.8   96.1
  296  299 A V  E     -O  275   0F  12     17,-3.3    15,-3.5    -2,-0.5    16,-0.6  -0.514  39.8-160.1 -66.3 133.0   -7.3   65.7   94.2
  297  300 A T  E     - P   0 310F   0    -23,-1.8     2,-0.3    13,-0.3    11,-0.1  -0.751  16.0-148.1-120.2 166.8   -7.4   68.7   96.5
  298  301 A R  E     - P   0 309F 142     11,-1.4    11,-2.0    -2,-0.3     9,-0.1  -0.973  31.0-115.2-132.4 146.1   -7.1   72.5   96.4
  299  302 A L        +     0   0   73     -2,-0.3     8,-0.4     9,-0.2  -104,-0.0   0.524  64.1 150.6 -54.6  -9.8   -5.7   75.1   98.9
  300  303 A E        +     0   0  134      9,-0.2     7,-0.8     6,-0.1    -2,-0.1   0.313  46.8  38.0 -25.9 148.9   -9.2   76.5   99.2
  301  304 A G  S    S-     0   0   36      5,-0.1     6,-1.3     1,-0.1     2,-0.2   0.994  79.9-174.2  63.6  79.0  -10.3   78.1  102.5
  302  305 A I        +     0   0  131      4,-0.2     2,-0.4     6,-0.0     3,-0.2  -0.487  34.6  66.4-102.0 172.0   -7.2   80.0  103.6
  303  306 A G  S    S-     0   0   47      1,-0.2     3,-0.5    -2,-0.2     0, 0.0  -0.976 108.7 -25.4 123.5-135.8   -6.2   81.9  106.7
  304  307 A E  S    S+     0   0  193     -2,-0.4     2,-1.8     1,-0.2    -1,-0.2   0.957 141.3  45.9 -77.5 -57.0   -5.8   80.4  110.2
  305  308 A A  S    S+     0   0   90     -3,-0.2    -1,-0.2     2,-0.0     2,-0.2  -0.373  85.3 161.9 -83.5  56.7   -8.2   77.4  109.6
  306  309 A T        +     0   0   39     -2,-1.8     2,-0.3    -3,-0.5    -4,-0.2  -0.559   7.2 161.1 -79.3 143.4   -6.6   76.7  106.2
  307  310 A R        -     0   0  128     -6,-1.3     2,-0.4    -7,-0.8    -9,-0.1  -0.990  40.2-109.6-160.5 155.8   -7.2   73.2  104.7
  308  311 A A        -     0   0    3     -2,-0.3    -9,-0.2   -11,-0.1  -113,-0.1  -0.732  33.7-161.6 -89.8 138.3   -7.1   71.3  101.5
  309  312 A V  E     -P  298   0F  47    -11,-2.0   -11,-1.4    -2,-0.4    -9,-0.2  -0.981  24.7-103.9-127.3 131.7  -10.5   70.3  100.0
  310  313 A P  E     -P  297   0F  58      0, 0.0   -13,-0.3     0, 0.0     4,-0.1  -0.175  19.1-154.4 -50.9 133.7  -11.2   67.5   97.5
  311  314 A T  E     -     0   0F  71    -15,-3.5   -14,-0.1     2,-0.3     3,-0.1   0.704  48.3-102.6 -82.7 -22.3  -12.0   68.9   94.0
  312  315 A G  E    S+     0   0F  67    -16,-0.6     2,-0.4     1,-0.5   -15,-0.1   0.093  91.6 109.1 119.8 -19.8  -14.1   65.9   93.1
  313  316 A D  E     -     0   0F 107    -17,-0.3   -17,-3.3     2,-0.0    -1,-0.5  -0.719  50.0-167.4 -89.7 137.9  -11.4   64.2   90.9
  314  317 A V  E     -P  295   0F  61     -2,-0.4     2,-0.3   -19,-0.3   -19,-0.2  -0.716  15.2-154.3-121.4 172.8   -9.8   61.1   92.3
  315  318 A E  E     -P  294   0F  77    -21,-1.9   -21,-3.0    -2,-0.2     2,-0.6  -0.941  13.5-142.7-149.1 121.5   -6.8   58.9   91.6
  316  319 A D  E     -P  293   0F  78     -2,-0.3   -23,-0.2   -23,-0.2    -2,-0.0  -0.793  16.5-161.8 -91.8 122.6   -6.5   55.2   92.5
  317  320 A L  E     -P  292   0F  17    -25,-2.7   -25,-2.2    -2,-0.6   -36,-0.2  -0.901  15.4-131.9-107.3 118.1   -3.0   54.3   93.6
  318  321 A P  E     +P  291   0F  93      0, 0.0   -27,-0.3     0, 0.0     2,-0.3  -0.466  46.3 141.4 -67.3 136.7   -1.9   50.6   93.6
  319  322 A C        -     0   0    3    -29,-1.7  -174,-0.2    -2,-0.1     3,-0.1  -0.886  44.1-155.3-173.6 143.0   -0.3   49.6   96.9
  320  323 A G  S    S+     0   0    0   -176,-2.4     2,-0.4    -2,-0.3   -31,-0.2   0.521  86.1  46.8-102.5  -7.6   -0.2   46.7   99.3
  321  324 A L  E     - l   0 145E   2   -177,-0.9  -175,-3.2   -31,-0.1     2,-0.5  -0.994  62.6-171.4-137.7 127.2    0.8   48.6  102.4
  322  325 A V  E     -jl 117 146E   0   -206,-2.7  -204,-2.4    -2,-0.4     2,-0.5  -0.970   4.7-169.3-123.7 117.6   -0.8   51.8  103.6
  323  326 A L  E     -jl 118 147E   0   -177,-3.0  -175,-2.9    -2,-0.5     2,-0.7  -0.922  10.7-150.4-111.3 124.8    0.8   53.7  106.5
  324  327 A S  E     +jl 119 148E   2   -206,-2.3  -204,-2.8    -2,-0.5  -203,-0.5  -0.829  25.2 162.7 -94.9 112.1   -1.0   56.6  108.2
  325  328 A S        +     0   0    6   -177,-2.4     2,-0.5    -2,-0.7  -174,-0.3  -0.411  22.8 135.8-124.3  55.7    1.5   59.2  109.6
  326  329 A I  S    S-     0   0   47   -221,-0.3  -177,-0.1     1,-0.3    -1,-0.1  -0.356  71.9 -90.2-100.2  53.4   -0.8   62.2  110.0
  327  330 A G        -     0   0   32     -2,-0.5  -222,-1.3  -223,-0.1    -1,-0.3  -0.129  44.9-120.6  71.2-173.3    0.2   63.3  113.4
  328  331 A Y  E     -I  104   0D  30   -224,-0.2     2,-0.3    -3,-0.1  -224,-0.2  -0.760  10.8-131.7-148.5-167.7   -1.3   62.2  116.7
  329  332 A K  E     -I  103   0D  56   -226,-1.9  -226,-0.9    -2,-0.2    16,-0.1  -0.979  20.8-115.2-155.9 148.9   -3.1   63.5  119.8
  330  333 A S        -     0   0    3     14,-2.2  -229,-0.2    -2,-0.3  -230,-0.1  -0.255  32.0-139.0 -75.8 174.9   -2.7   63.1  123.5
  331  334 A R        -     0   0  118   -231,-0.3     2,-0.2    -2,-0.0  -229,-0.1  -0.968  19.3-103.1-136.1 151.5   -5.5   61.4  125.4
  332  335 A P        +     0   0   55      0, 0.0     7,-0.1     0, 0.0    14,-0.0  -0.530  32.8 179.6 -72.6 142.8   -7.0   62.2  128.8
  333  336 A I        +     0   0   38      1,-0.3  -248,-0.1    -2,-0.2     3,-0.0   0.536  66.3  33.3-118.5 -12.5   -5.9   59.8  131.5
  334  337 A D    >   -     0   0   10      3,-0.2     3,-2.1  -250,-0.1    -1,-0.3  -0.979  64.7-139.5-148.8 129.8   -7.7   61.1  134.5
  335  338 A P  T 3  S+     0   0  139      0, 0.0     4,-0.1     0, 0.0    -1,-0.0   0.596 103.8  68.1 -62.6  -8.9  -11.2   62.7  134.8
  336  339 A S  T 3  S+     0   0   29      2,-0.1  -252,-0.0  -256,-0.0  -256,-0.0   0.659  91.2  71.5 -82.8 -19.7   -9.5   65.1  137.3
  337  340 A V  S <  S-     0   0   13     -3,-2.1    -3,-0.2     1,-0.0    -4,-0.0  -0.844  85.3-122.8-103.6 133.9   -7.5   66.7  134.6
  338  341 A P        -     0   0   38      0, 0.0     2,-0.3     0, 0.0    -4,-0.1  -0.298  28.2-160.0 -69.8 157.8   -9.0   69.0  131.9
  339  342 A F        -     0   0   57      7,-0.2     7,-0.2    -4,-0.1     3,-0.1  -0.997  21.3-148.4-147.4 138.8   -8.7   68.1  128.2
  340  343 A D  B  >> -Q  345   0G  48      5,-2.8     4,-2.1    -2,-0.3     5,-1.3  -0.861  15.5-175.2-105.2  95.5   -8.9   69.9  124.9
  341  344 A P  T  45S+     0   0   73      0, 0.0    -1,-0.2     0, 0.0     5,-0.0   0.770  81.0  56.4 -61.5 -28.1  -10.2   67.2  122.5
  342  345 A K  T  45S+     0   0  174      1,-0.2    -2,-0.0    -3,-0.1     0, 0.0   0.944 119.9  26.9 -71.9 -48.9   -9.9   69.6  119.5
  343  346 A L  T  45S-     0   0  109      2,-0.2    -1,-0.2   -14,-0.0   -13,-0.2   0.629 103.7-130.6 -87.4 -14.5   -6.2   70.4  120.0
  344  347 A G  T  <5 +     0   0    1     -4,-2.1   -14,-2.2     1,-0.3     2,-0.3   0.887  67.7 103.5  67.8  41.0   -5.5   67.0  121.7
  345  348 A V  B   <S-Q  340   0G   4     -5,-1.3    -5,-2.8   -16,-0.1    -1,-0.3  -0.911  81.1 -91.9-144.3 170.5   -3.7   68.4  124.6
  346  349 A V        -     0   0    0     19,-2.4    -7,-0.2    -2,-0.3  -249,-0.0  -0.800  54.1-110.8 -88.2 112.0   -4.1   69.3  128.3
  347  350 A P        +     0   0   30      0, 0.0     7,-2.0     0, 0.0     2,-0.3  -0.148  55.4 160.0 -44.1 125.9   -5.2   72.9  128.5
  348  351 A N  E     -E  353   0A  41      5,-0.3     2,-0.7    18,-0.2     5,-0.2  -0.995  46.5-133.7-154.3 156.5   -2.4   75.0  129.9
  349  352 A M  E >  S-E  352   0A  96      3,-2.6     3,-1.6    -2,-0.3     4,-0.0  -0.858  91.4 -42.7-112.8  91.1   -1.0   78.5  130.3
  350  353 A E  T 3  S-     0   0  112     -2,-0.7    36,-0.2     1,-0.3    -1,-0.1   0.850 129.3 -31.1  55.6  37.8    2.7   78.1  129.5
  351  354 A G  T 3  S+     0   0    0      1,-0.3    10,-1.4    15,-0.1     2,-0.6   0.008 112.5 111.6 113.7 -31.3    2.9   74.9  131.6
  352  355 A R  E <   -EF 349 360A  92     -3,-1.6    -3,-2.6     8,-0.2    -1,-0.3  -0.699  69.1-126.9 -81.6 119.4    0.2   75.6  134.3
  353  356 A V  E >   -E  348   0A   3      6,-2.3     3,-1.5    -2,-0.6    -5,-0.3  -0.438  38.6 -95.2 -65.6 136.1   -2.7   73.3  133.8
  354  357 A V  T 3  S-     0   0   34     -7,-2.0    -1,-0.1     1,-0.3    -6,-0.0  -0.304  96.2 -11.9 -59.1 126.6   -5.9   75.3  133.6
  355  358 A D  T 3  S+     0   0  160      1,-0.1    -1,-0.3    -2,-0.1    -2,-0.1   0.623 107.8 106.3  58.2  19.5   -7.8   75.7  136.9
  356  359 A V    X   -     0   0   23     -3,-1.5     3,-1.7     3,-0.2    -3,-0.3  -0.841  62.3-147.0-129.7  95.3   -5.7   73.0  138.7
  357  360 A P  T 3  S+     0   0  104      0, 0.0     3,-0.1     0, 0.0    39,-0.1  -0.331  83.7  18.1 -61.3 138.0   -3.3   74.5  141.2
  358  361 A G  T 3  S+     0   0    5      1,-0.2  -263,-2.6    37,-0.2     2,-0.5   0.359  99.7 114.6  83.5  -6.8   -0.0   72.5  141.6
  359  362 A L  E <   +d   95   0A   2     -3,-1.7    -6,-2.3    -6,-0.2     2,-0.2  -0.870  37.5 163.1-103.9 128.0   -0.6   70.7  138.3
  360  363 A Y  E     -dF  96 352A   4   -265,-3.1  -263,-3.1    -2,-0.5     2,-0.3  -0.744  16.2-158.6-130.6 177.2    1.7   71.3  135.4
  361  364 A C  E     +d   97   0A   0    -10,-1.4     2,-0.3  -265,-0.3  -263,-0.2  -0.990   7.6 179.5-158.6 157.4    2.6   69.7  132.0
  362  365 A S    >   +     0   0    0   -265,-2.3     3,-0.6    -2,-0.3  -262,-0.4  -0.981  45.2  27.5-156.1 161.6    5.4   69.6  129.5
  363  366 A G  T >> S-     0   0    2     -2,-0.3     4,-2.2    13,-0.2     3,-1.5  -0.485 114.6 -20.0  85.7-155.6    6.3   67.9  126.2
  364  367 A W  H 3> S+     0   0   40      1,-0.3     4,-1.2     2,-0.2    -1,-0.2   0.732 133.0  61.1 -62.7 -25.9    3.8   66.7  123.5
  365  368 A V  H <4 S+     0   0    0     -3,-0.6   -19,-2.4     2,-0.1    -1,-0.3   0.645 113.9  38.5 -76.4 -12.5    0.9   66.6  126.0
  366  369 A K  H <4 S+     0   0   11     -3,-1.5    -2,-0.2   -21,-0.2   -18,-0.2   0.844 133.8  15.1-100.7 -48.8    1.5   70.4  126.5
  367  370 A R  H  < S-     0   0  151     -4,-2.2    -3,-0.2     1,-0.3    -2,-0.1   0.545 109.3-100.5-107.1 -14.5    2.3   71.8  123.0
  368  371 A G     <  -     0   0    7     -4,-1.2     2,-1.4    -5,-0.4     3,-0.3  -0.281  47.8 -63.9 109.7 161.8    1.3   69.0  120.7
  369  372 A P  S    S+     0   0   31      0, 0.0    -1,-0.1     0, 0.0    -5,-0.1  -0.154 100.9  99.7 -78.5  45.1    3.3   66.3  118.8
  370  373 A T        +     0   0  130     -2,-1.4     2,-0.4    -6,-0.1    -2,-0.0   0.153  57.0  88.0-118.6  21.4    5.3   68.7  116.7
  371  374 A G        -     0   0   12     -3,-0.3    -7,-0.1     4,-0.0    -3,-0.0  -0.960  60.9-137.7-127.5 141.2    8.7   69.0  118.3
  372  375 A V     >  -     0   0   75     -2,-0.4     4,-2.2     1,-0.1     5,-0.2  -0.025  50.0 -83.2 -73.0-172.2   12.0   67.2  118.1
  373  376 A I  H  > S+     0   0   22      1,-0.2     4,-2.4     2,-0.2     5,-0.1   0.873 129.9  52.3 -66.1 -36.1   13.9   66.3  121.2
  374  377 A T  H  > S+     0   0   96      2,-0.2     4,-2.1     1,-0.2    -1,-0.2   0.868 110.6  49.1 -66.5 -36.7   15.7   69.8  121.4
  375  378 A T  H  > S+     0   0   68      2,-0.2     4,-1.6     1,-0.2    -2,-0.2   0.936 112.4  47.3 -66.1 -48.3   12.3   71.5  121.2
  376  379 A T  H  X S+     0   0   13     -4,-2.2     4,-2.6     1,-0.2   -13,-0.2   0.885 110.6  54.7 -60.6 -40.2   10.8   69.3  123.9
  377  380 A M  H  X S+     0   0   48     -4,-2.4     4,-1.6     1,-0.2    -2,-0.2   0.945 110.3  41.4 -60.4 -54.2   13.9   69.9  126.0
  378  381 A T  H  X S+     0   0   81     -4,-2.1     4,-1.1     1,-0.2    -1,-0.2   0.752 116.4  51.9 -68.9 -22.4   13.8   73.7  126.1
  379  382 A D  H  X S+     0   0    6     -4,-1.6     4,-1.4    -5,-0.2    -1,-0.2   0.897 108.2  50.5 -77.1 -41.5   10.0   73.6  126.5
  380  383 A S  H  X S+     0   0    0     -4,-2.6     4,-2.1     1,-0.2    -2,-0.2   0.786 106.6  55.2 -65.8 -30.3   10.3   71.2  129.5
  381  384 A F  H  X S+     0   0   49     -4,-1.6     4,-2.3     2,-0.2    -1,-0.2   0.881 104.0  54.8 -69.8 -38.4   12.8   73.6  131.1
  382  385 A L  H  X S+     0   0   56     -4,-1.1     4,-2.2     1,-0.2    -2,-0.2   0.862 109.9  46.8 -62.1 -36.9   10.3   76.4  130.8
  383  386 A T  H  X S+     0   0    0     -4,-1.4     4,-1.7     2,-0.2    -1,-0.2   0.910 110.2  51.4 -71.7 -43.9    7.8   74.3  132.7
  384  387 A G  H  X S+     0   0    0     -4,-2.1     4,-1.9     1,-0.2    -2,-0.2   0.890 112.5  49.3 -59.7 -36.7   10.2   73.3  135.4
  385  388 A Q  H  X S+     0   0   80     -4,-2.3     4,-2.6     2,-0.2    -2,-0.2   0.919 107.3  50.3 -70.2 -45.6   11.0   76.9  135.8
  386  389 A I  H  X S+     0   0   20     -4,-2.2     4,-1.3     1,-0.2    -1,-0.2   0.805 112.2  51.6 -63.8 -25.6    7.4   78.2  136.1
  387  390 A L  H  X S+     0   0    1     -4,-1.7     4,-1.8     2,-0.2    -1,-0.2   0.903 110.4  45.6 -75.5 -43.0    7.0   75.5  138.7
  388  391 A L  H  X S+     0   0    4     -4,-1.9     4,-2.5     1,-0.2    -2,-0.2   0.850 110.8  55.8 -67.4 -32.6   10.0   76.6  140.7
  389  392 A Q  H  X S+     0   0  107     -4,-2.6     4,-1.6     1,-0.2    -1,-0.2   0.857 108.0  46.8 -67.9 -35.1    8.8   80.2  140.3
  390  393 A D  H  <>S+     0   0    9     -4,-1.3     5,-3.3     2,-0.2     6,-0.4   0.824 110.4  54.6 -74.1 -32.6    5.4   79.2  141.9
  391  394 A L  H ><5S+     0   0   20     -4,-1.8     3,-1.5     3,-0.2     5,-0.3   0.963 109.2  45.7 -63.5 -53.9    7.3   77.4  144.6
  392  395 A K  H 3<5S+     0   0  142     -4,-2.5    -2,-0.2     1,-0.3    -1,-0.2   0.883 112.9  51.1 -55.7 -43.6    9.4   80.5  145.6
  393  396 A A  T 3<5S-     0   0   57     -4,-1.6    -1,-0.3    -5,-0.2    -2,-0.2   0.508 116.7-116.2 -75.2  -4.8    6.3   82.7  145.4
  394  397 A G  T < 5S+     0   0   59     -3,-1.5    -3,-0.2    -4,-0.3    -2,-0.1   0.799  74.7 130.3  75.1  32.5    4.5   80.3  147.7
  395  398 A H      < +     0   0  133     -5,-3.3    -4,-0.2    -6,-0.1   -37,-0.2   0.261  52.0  80.7-100.7  10.9    1.7   79.2  145.3
  396  399 A L  S    S-     0   0   16     -6,-0.4  -302,-0.1    -5,-0.3  -303,-0.1  -0.873 101.6 -68.7-115.1 150.7    2.2   75.5  145.9
  397  400 A P        -     0   0   39      0, 0.0     2,-0.1     0, 0.0    -1,-0.1   0.014  60.0-121.3 -36.7 132.3    0.8   73.4  148.8
  398  401 A S        -     0   0  103     -4,-0.1     3,-0.1    -3,-0.1    -3,-0.0  -0.455  57.4 -12.2 -85.2 153.8    2.5   74.4  152.0
  399  402 A G  S    S+     0   0   32     -2,-0.1  -396,-0.1     1,-0.1  -306,-0.0  -0.339 101.8  22.3  75.7-144.3    4.4   72.2  154.4
  400  403 A P        +     0   0  109      0, 0.0  -397,-0.2     0, 0.0    -1,-0.1   0.828  50.3 170.6 -23.6-106.5    4.7   68.3  154.7
  401  404 A R        -     0   0   58     -3,-0.1  -310,-0.1  -311,-0.1  -309,-0.1   0.845  24.5-150.3  72.8 109.4    4.0   66.1  151.7
  402  405 A P    >   -     0   0   63      0, 0.0     3,-2.1     0, 0.0  -310,-0.1   0.600  25.6-176.2 -81.2 -16.2    4.9   62.4  152.0
  403  406 A G  T >>  -     0   0    1   -312,-2.7     4,-1.6     1,-0.3     3,-1.2  -0.260  69.8  -0.9  54.8-131.2    5.7   61.9  148.3
  404  407 A S  H 3> S+     0   0   32      1,-0.3     4,-3.2     2,-0.2     5,-0.3   0.689 120.8  76.4 -64.2 -20.5    6.5   58.3  147.5
  405  408 A A  H <> S+     0   0   71     -3,-2.1     4,-1.0     2,-0.2    -1,-0.3   0.890 107.2  34.4 -58.0 -36.5    6.1   57.2  151.1
  406  409 A F  H <> S+     0   0   79     -3,-1.2     4,-2.1     2,-0.2    -2,-0.2   0.934 119.7  47.1 -81.7 -52.9    2.4   57.5  150.5
  407  410 A I  H  X S+     0   0    1     -4,-1.6     4,-3.3     1,-0.2     5,-0.3   0.849 108.9  56.7 -60.3 -36.1    2.2   56.3  146.9
  408  411 A K  H  X S+     0   0  102     -4,-3.2     4,-2.2     2,-0.2    -1,-0.2   0.967 110.5  43.1 -58.6 -54.0    4.4   53.3  147.7
  409  412 A A  H  X S+     0   0   64     -4,-1.0     4,-2.3    -5,-0.3    -1,-0.2   0.849 115.8  51.0 -60.0 -36.1    2.1   52.0  150.4
  410  413 A L  H  X S+     0   0   27     -4,-2.1     4,-1.7     2,-0.2    -2,-0.2   0.949 110.7  45.2 -68.1 -51.8   -0.9   52.8  148.1
  411  414 A L  H  <>S+     0   0    1     -4,-3.3     5,-3.1     1,-0.2     4,-0.2   0.845 112.8  54.7 -60.8 -33.1    0.5   50.9  145.1
  412  415 A D  H ><5S+     0   0  124     -4,-2.2     3,-1.9    -5,-0.3    -2,-0.2   0.954 105.6  50.0 -64.5 -50.7    1.4   48.1  147.5
  413  416 A S  H 3<5S+     0   0   90     -4,-2.3    -1,-0.2     1,-0.3    -2,-0.2   0.814 112.0  50.4 -57.0 -31.2   -2.2   47.9  148.8
  414  417 A R  T 3<5S-     0   0  104     -4,-1.7    -1,-0.3     2,-0.1    -2,-0.2   0.425 116.2-113.8 -89.1   0.2   -3.3   47.7  145.2
  415  418 A G  T < 5 +     0   0   69     -3,-1.9     2,-0.6    -4,-0.2    -3,-0.2   0.771  67.5 142.4  74.3  25.7   -1.0   45.0  144.2
  416  419 A V      < -     0   0   18     -5,-3.1    -1,-0.2    -6,-0.1    -2,-0.1  -0.902  36.3-158.4-103.7 119.0    1.1   47.1  141.8
  417  420 A W        -     0   0  174     -2,-0.6    -5,-0.0    -3,-0.1    40,-0.0  -0.855  14.4-144.2-100.6 107.4    4.8   46.4  141.9
  418  421 A P        -     0   0   18      0, 0.0     2,-0.6     0, 0.0  -342,-0.2  -0.288   6.8-130.1 -70.4 152.8    6.9   49.3  140.5
  419  422 A V  B     -G   75   0B   0   -344,-1.6  -344,-3.2  -384,-0.2  -384,-0.1  -0.919  24.1-150.0-105.1 119.5   10.1   49.0  138.5
  420  423 A S     >  -     0   0   35     -2,-0.6     4,-1.8  -346,-0.2  -346,-0.2  -0.325  27.3-108.4 -82.3 169.2   12.9   51.2  139.9
  421  424 A F  H  > S+     0   0   14   -348,-0.3     4,-1.8     1,-0.2    -1,-0.1   0.877 121.3  54.8 -66.8 -35.0   15.7   52.7  137.7
  422  425 A S  H  > S+     0   0   78      1,-0.2     4,-0.9     2,-0.2    -1,-0.2   0.830 105.1  53.0 -66.9 -30.6   18.1   50.2  139.2
  423  426 A D  H >> S+     0   0   39      1,-0.2     4,-1.6     2,-0.2     3,-0.8   0.909 106.8  53.6 -67.9 -40.0   15.8   47.3  138.1
  424  427 A W  H 3X S+     0   0    8     -4,-1.8     4,-3.5     1,-0.3    -2,-0.2   0.865 101.9  59.0 -59.0 -39.1   15.9   48.9  134.7
  425  428 A E  H 3X S+     0   0   78     -4,-1.8     4,-2.0     1,-0.2    -1,-0.3   0.773 102.7  51.8 -65.1 -25.8   19.7   48.8  134.8
  426  429 A K  H <X S+     0   0  107     -4,-0.9     4,-1.4    -3,-0.8    -1,-0.2   0.900 114.0  44.2 -74.4 -40.4   19.6   45.0  135.2
  427  430 A L  H  X S+     0   0    0     -4,-1.6     4,-2.4     2,-0.2     5,-0.2   0.934 112.3  52.3 -65.2 -48.0   17.4   44.7  132.2
  428  431 A D  H  X S+     0   0   45     -4,-3.5     4,-2.4     1,-0.2    -2,-0.2   0.919 107.9  51.4 -53.6 -48.8   19.5   47.2  130.3
  429  432 A A  H  X S+     0   0   55     -4,-2.0     4,-1.5     1,-0.2    -1,-0.2   0.850 110.1  51.1 -58.4 -36.0   22.6   45.1  131.0
  430  433 A E  H  X S+     0   0   78     -4,-1.4     4,-2.1    -3,-0.2    -2,-0.2   0.901 109.1  48.1 -69.8 -43.9   20.7   42.0  129.7
  431  434 A E  H  X S+     0   0    0     -4,-2.4    12,-2.1     1,-0.2     4,-0.7   0.883 110.7  53.4 -65.6 -36.5   19.7   43.7  126.4
  432  435 A V  H  X S+     0   0   56     -4,-2.4     4,-0.5    10,-0.3     3,-0.2   0.850 107.5  50.7 -66.5 -34.8   23.3   44.8  126.0
  433  436 A S  H >X S+     0   0   37     -4,-1.5     3,-1.7     1,-0.2     4,-0.8   0.942 106.3  53.7 -67.1 -47.8   24.6   41.3  126.4
  434  437 A R  H 3X S+     0   0  113     -4,-2.1     4,-0.6     1,-0.3    -1,-0.2   0.678 106.0  55.4 -61.1 -17.6   22.2   39.8  123.9
  435  438 A G  H 3X>S+     0   0    0     -4,-0.7     5,-2.1    -3,-0.2     4,-0.5   0.642  92.2  75.0 -88.4 -16.9   23.6   42.4  121.5
  436  439 A Q  H X<5S+     0   0  142     -3,-1.7     3,-1.9    -4,-0.5    -2,-0.2   0.986  94.0  46.8 -55.9 -66.3   27.1   41.3  122.0
  437  440 A A  H 3<5S+     0   0  101     -4,-0.8    -1,-0.2     1,-0.3    -2,-0.1   0.891 118.7  38.7 -42.7 -60.5   26.9   38.1  120.0
  438  441 A S  H 3<5S-     0   0   69     -4,-0.6    -1,-0.3     1,-0.1    -2,-0.2   0.454 113.7-116.8 -75.2  -0.3   25.2   39.6  116.9
  439  442 A G  T <<5 +     0   0   37     -3,-1.9    -3,-0.2    -4,-0.5    -2,-0.1   0.721  69.6 135.8  72.3  22.2   27.3   42.7  117.3
  440  443 A K      < -     0   0   13     -5,-2.1    -1,-0.2    -6,-0.1  -269,-0.2  -0.640  69.8-113.3 -98.7 159.4   24.4   45.0  117.9
  441  444 A P  S    S-     0   0   71      0, 0.0     2,-0.3     0, 0.0    -6,-0.2   0.860  93.1 -27.8 -57.7 -35.0   24.3   47.7  120.6
  442  445 A R        -     0   0   46     -7,-0.2     2,-0.4    -8,-0.1   -10,-0.3  -0.969  51.8-124.8-168.6 169.7   21.6   45.6  122.3
  443  446 A E        -     0   0   23    -12,-2.1    -9,-0.2    -2,-0.3    -8,-0.1  -0.891  39.5-130.8-130.7  97.6   18.8   43.1  121.7
  444  447 A K        -     0   0    6     -2,-0.4     2,-0.5  -272,-0.4  -269,-0.2  -0.124   9.8-125.9 -52.9 139.8   15.6   44.5  123.2
  445  448 A L        +     0   0   10      1,-0.2    -1,-0.1  -271,-0.0   -14,-0.0  -0.788  31.0 174.9 -86.4 124.7   13.5   42.3  125.5
  446  449 A L        +     0   0   35     -2,-0.5    -1,-0.2  -316,-0.1  -312,-0.1   0.696  49.4  91.6-105.3 -26.0   10.0   42.3  124.0
  447  450 A D    >>  -     0   0   74      1,-0.2     4,-2.3     2,-0.1     3,-0.6  -0.624  61.5-155.9 -78.4 110.9    8.1   39.9  126.3
  448  451 A P  H 3> S+     0   0   44      0, 0.0     4,-1.7     0, 0.0    -1,-0.2   0.886  92.8  48.2 -50.1 -47.3    6.5   41.8  129.2
  449  452 A Q  H 3> S+     0   0  106      1,-0.2     4,-1.6     2,-0.2     5,-0.1   0.790 110.4  50.7 -69.4 -28.3    6.5   38.8  131.5
  450  453 A E  H <> S+     0   0   98     -3,-0.6     4,-2.5     2,-0.2    -1,-0.2   0.901 106.5  54.5 -75.5 -39.9   10.1   37.8  130.8
  451  454 A M  H  X S+     0   0    3     -4,-2.3     4,-1.7     1,-0.2    -2,-0.2   0.906 111.9  45.4 -57.7 -41.6   11.3   41.4  131.5
  452  455 A L  H  <>S+     0   0   27     -4,-1.7     5,-0.8    -5,-0.2     4,-0.4   0.861 107.7  56.9 -69.9 -36.7    9.5   41.1  134.9
  453  456 A R  H ><5S+     0   0  148     -4,-1.6     3,-1.3     4,-0.3    -2,-0.2   0.915 105.0  53.5 -61.0 -42.1   10.9   37.6  135.5
  454  457 A L  H 3<5S+     0   0   37     -4,-2.5    -2,-0.2     1,-0.3    -1,-0.2   0.972 106.5  49.6 -54.0 -60.0   14.4   39.1  135.1
  455  458 A L  T 3<5S-     0   0   14     -4,-1.7    -1,-0.3     1,-0.2    -2,-0.2   0.503 117.7-114.2 -59.9  -3.6   13.9   41.8  137.7
  456  459 A G  T < 5       0   0   63     -3,-1.3    -3,-0.2    -4,-0.4    -1,-0.2   0.220 360.0 360.0  86.4 -16.8   12.7   39.0  140.0
  457  460 A H      <       0   0   66     -5,-0.8    -4,-0.3    -6,-0.2    -5,-0.1   0.795 360.0 360.0 -52.4 360.0    9.3   40.7  139.8
