==== Secondary Structure Definition by the program DSSP, CMBI version by M.L. Hekkelman/2010-10-21 ==== DATE=2014-07-07        .
REFERENCE W. KABSCH AND C.SANDER, BIOPOLYMERS 22 (1983) 2577-2637                                                              .
                                                                                                                               .
  346  1  0  0  0 TOTAL NUMBER OF RESIDUES, NUMBER OF CHAINS, NUMBER OF SS-BRIDGES(TOTAL,INTRACHAIN,INTERCHAIN)                .
 17029.3   ACCESSIBLE SURFACE OF PROTEIN (ANGSTROM**2)                                                                         .
  225 65.0   TOTAL NUMBER OF HYDROGEN BONDS OF TYPE O(I)-->H-N(J)  , SAME NUMBER PER 100 RESIDUES                              .
    6  1.7   TOTAL NUMBER OF HYDROGEN BONDS IN     PARALLEL BRIDGES, SAME NUMBER PER 100 RESIDUES                              .
   59 17.1   TOTAL NUMBER OF HYDROGEN BONDS IN ANTIPARALLEL BRIDGES, SAME NUMBER PER 100 RESIDUES                              .
    1  0.3   TOTAL NUMBER OF HYDROGEN BONDS OF TYPE O(I)-->H-N(I-5), SAME NUMBER PER 100 RESIDUES                              .
    0  0.0   TOTAL NUMBER OF HYDROGEN BONDS OF TYPE O(I)-->H-N(I-4), SAME NUMBER PER 100 RESIDUES                              .
    2  0.6   TOTAL NUMBER OF HYDROGEN BONDS OF TYPE O(I)-->H-N(I-3), SAME NUMBER PER 100 RESIDUES                              .
    0  0.0   TOTAL NUMBER OF HYDROGEN BONDS OF TYPE O(I)-->H-N(I-2), SAME NUMBER PER 100 RESIDUES                              .
    0  0.0   TOTAL NUMBER OF HYDROGEN BONDS OF TYPE O(I)-->H-N(I-1), SAME NUMBER PER 100 RESIDUES                              .
    0  0.0   TOTAL NUMBER OF HYDROGEN BONDS OF TYPE O(I)-->H-N(I+0), SAME NUMBER PER 100 RESIDUES                              .
    0  0.0   TOTAL NUMBER OF HYDROGEN BONDS OF TYPE O(I)-->H-N(I+1), SAME NUMBER PER 100 RESIDUES                              .
   25  7.2   TOTAL NUMBER OF HYDROGEN BONDS OF TYPE O(I)-->H-N(I+2), SAME NUMBER PER 100 RESIDUES                              .
   35 10.1   TOTAL NUMBER OF HYDROGEN BONDS OF TYPE O(I)-->H-N(I+3), SAME NUMBER PER 100 RESIDUES                              .
   85 24.6   TOTAL NUMBER OF HYDROGEN BONDS OF TYPE O(I)-->H-N(I+4), SAME NUMBER PER 100 RESIDUES                              .
    5  1.4   TOTAL NUMBER OF HYDROGEN BONDS OF TYPE O(I)-->H-N(I+5), SAME NUMBER PER 100 RESIDUES                              .
  1  2  3  4  5  6  7  8  9 10 11 12 13 14 15 16 17 18 19 20 21 22 23 24 25 26 27 28 29 30     *** HISTOGRAMS OF ***           .
  0  0  0  4  1  2  0  0  0  0  0  0  1  0  1  0  1  0  0  0  0  0  0  0  0  1  0  0  0  0    RESIDUES PER ALPHA HELIX         .
  1  0  1  0  0  0  0  0  0  0  0  0  0  0  0  0  0  0  0  0  0  0  0  0  0  0  0  0  0  0    PARALLEL BRIDGES PER LADDER      .
  1  2  2  3  0  1  1  0  1  0  0  0  0  0  0  0  0  0  0  0  0  0  0  0  0  0  0  0  0  0    ANTIPARALLEL BRIDGES PER LADDER  .
  1  0  1  0  0  0  0  1  0  0  0  0  0  0  0  0  0  0  0  0  0  0  0  0  0  0  0  0  0  0    LADDERS PER SHEET                .
  #  RESIDUE AA STRUCTURE BP1 BP2  ACC     N-H-->O    O-->H-N    N-H-->O    O-->H-N    TCO  KAPPA ALPHA  PHI   PSI    X-CA   Y-CA   Z-CA 
    1    2 A V              0   0  195      0, 0.0     2,-0.3     0, 0.0     0, 0.0   0.000 360.0 360.0 360.0 150.1   -0.1   10.1    3.9
    2    3 A A        -     0   0   94      2,-0.0     2,-0.6     0, 0.0     0, 0.0  -0.751 360.0-136.0-102.0 150.7    1.0   10.3    7.5
    3    4 A V        -     0   0   96     -2,-0.3     2,-0.5     2,-0.0     0, 0.0  -0.912  24.4-178.9-111.4 108.4    2.3   13.4    9.2
    4    5 A E        -     0   0  119     -2,-0.6     2,-0.4   122,-0.1     3,-0.0  -0.921   6.5-168.0-110.5 121.4    5.4   12.9   11.4
    5    6 A R     >  -     0   0   24     -2,-0.5     4,-1.8     1,-0.1     3,-0.2  -0.855  25.7-132.7-105.5 142.8    7.0   15.8   13.3
    6    7 A V  H  > S+     0   0    0     -2,-0.4     4,-2.6     1,-0.2     5,-0.2   0.845 106.4  60.6 -62.4 -31.9   10.4   15.3   14.8
    7    8 A E  H  > S+     0   0    5      2,-0.2     4,-0.9     1,-0.2    -1,-0.2   0.920 105.4  47.0 -60.6 -44.5    9.1   16.8   18.1
    8    9 A S  H >> S+     0   0   43     -3,-0.2     3,-0.9     1,-0.2     4,-0.8   0.922 111.7  51.4 -61.5 -45.6    6.6   14.0   18.4
    9   10 A L  H >< S+     0   0   12     -4,-1.8     3,-0.8     1,-0.3     4,-0.2   0.895 106.4  54.3 -58.8 -42.9    9.2   11.5   17.7
   10   11 A A  H 3< S+     0   0   10     -4,-2.6    -1,-0.3     1,-0.2    -2,-0.2   0.694 114.4  41.3 -66.5 -19.9   11.5   12.9   20.3
   11   12 A K  H << S+     0   0  143     -3,-0.9    -1,-0.2    -4,-0.9    -2,-0.2   0.446  87.4  90.6-107.0  -2.9    8.7   12.5   22.9
   12   13 A S  S << S-     0   0   73     -4,-0.8    -1,-0.1    -3,-0.8    -2,-0.1   0.566 101.4-114.9 -69.5  -7.6    7.5    9.1   21.8
   13   14 A G        +     0   0   57      1,-0.3    -1,-0.1    -4,-0.2    -3,-0.1  -0.165  61.8 151.5 102.7 -40.1    9.9    7.6   24.3
   14   15 A I        -     0   0   63     -5,-0.2    -1,-0.3     1,-0.1     3,-0.1   0.227  33.1-163.5 -27.5 140.4   12.2    5.8   21.8
   15   16 A I  S    S+     0   0  144      1,-0.1     2,-0.4     2,-0.0    -1,-0.1   0.386  78.1  54.4-109.4  -3.8   15.8    5.4   22.9
   16   17 A S  S    S-     0   0   68    205,-0.0    -1,-0.1     0, 0.0   205,-0.0  -0.995  85.5-122.9-132.7 136.7   16.9    4.6   19.3
   17   18 A I        -     0   0   12     -2,-0.4     5,-0.1     1,-0.1    -2,-0.0  -0.504  33.6 -95.4 -83.8 148.2   16.3    6.8   16.2
   18   19 A P    >   -     0   0   38      0, 0.0     3,-1.7     0, 0.0     4,-0.3  -0.123  33.7-113.0 -55.6 153.6   14.5    5.6   13.0
   19   20 A K  G >  S+     0   0  164      1,-0.3     3,-1.3     2,-0.2    -2,-0.1   0.796 112.5  67.8 -59.9 -31.0   16.6    4.3   10.1
   20   21 A E  G 3  S+     0   0  104      1,-0.2   116,-2.2   115,-0.1    -1,-0.3   0.655  99.1  51.7 -65.1 -16.4   15.6    7.3    8.0
   21   22 A Y  G <  S+     0   0   12     -3,-1.7     2,-0.5   114,-0.2   205,-0.3   0.456  83.8 100.5-100.8  -2.9   17.6    9.6   10.3
   22   23 A I  S <  S-     0   0   46     -3,-1.3   203,-0.2    -4,-0.3     3,-0.1  -0.734  70.9-131.2 -86.9 127.6   20.9    7.8   10.3
   23   24 A R        -     0   0   10    201,-2.5     5,-0.1    -2,-0.5    -2,-0.1  -0.241  37.7 -80.3 -70.3 163.3   23.5    9.3    7.9
   24   25 A P    >>  -     0   0   44      0, 0.0     4,-1.8     0, 0.0     3,-0.8  -0.260  44.1-107.7 -62.5 155.1   25.4    7.1    5.5
   25   26 A K  H 3> S+     0   0  149      1,-0.2     4,-0.8     2,-0.2     3,-0.1   0.879 118.7  54.4 -51.0 -44.8   28.4    5.2    6.9
   26   27 A E  H 34 S+     0   0  147      1,-0.2    -1,-0.2     2,-0.2     3,-0.2   0.836 110.5  46.6 -61.2 -33.8   30.9    7.5    5.1
   27   28 A E  H X4 S+     0   0   47     -3,-0.8     3,-1.4     1,-0.2     4,-0.3   0.804  96.9  70.2 -80.3 -30.8   29.4   10.6    6.7
   28   29 A L  H >< S+     0   0   35     -4,-1.8     3,-1.5     1,-0.2    -1,-0.2   0.801  85.2  71.0 -57.7 -30.2   29.1    9.4   10.3
   29   30 A E  T 3< S+     0   0  147     -4,-0.8    -1,-0.2     1,-0.3    -2,-0.1   0.795  96.1  50.6 -58.6 -31.1   32.9    9.5   10.7
   30   31 A S  T <  S+     0   0   43     -3,-1.4     2,-0.6    -4,-0.2    -1,-0.3   0.471  89.0  97.3 -88.2  -2.0   33.0   13.3   10.7
   31   32 A I    <   +     0   0    9     -3,-1.5     2,-0.2    -4,-0.3   195,-0.0  -0.797  47.9 159.4 -96.3 118.0   30.2   13.8   13.3
   32   33 A N        -     0   0   79     -2,-0.6     2,-0.6   190,-0.0    -2,-0.0  -0.556  51.5 -58.2-121.8-174.0   31.4   14.3   16.9
   33   34 A D    >>  -     0   0   73     -2,-0.2     4,-2.3     1,-0.2     3,-0.8  -0.588  41.8-150.4 -72.2 113.9   30.1   15.7   20.2
   34   35 A V  H 3> S+     0   0    4     -2,-0.6     4,-1.8   257,-0.3    -1,-0.2   0.807  93.9  56.8 -55.4 -33.1   29.1   19.3   19.5
   35   36 A F  H 34 S+     0   0   33      2,-0.2     4,-0.5     1,-0.2    -1,-0.2   0.839 110.4  42.2 -70.1 -34.0   29.8   20.4   23.1
   36   37 A L  H X> S+     0   0   94     -3,-0.8     4,-1.1     2,-0.2     3,-0.8   0.875 112.7  53.5 -78.5 -39.0   33.4   19.2   23.0
   37   38 A E  H 3< S+     0   0   19     -4,-2.3     3,-0.4     1,-0.2   221,-0.2   0.874 103.1  58.8 -61.0 -38.5   34.0   20.6   19.5
   38   39 A E  T 3< S+     0   0   61     -4,-1.8    -1,-0.2    -5,-0.2    -2,-0.2   0.755 104.3  52.4 -62.6 -26.0   32.8   24.0   20.8
   39   40 A K  T <4 S+     0   0  140     -3,-0.8    -1,-0.2    -4,-0.5    -2,-0.2   0.772  81.6 106.7 -83.0 -29.6   35.6   23.9   23.4
   40   41 A K     <  -     0   0  104     -4,-1.1   218,-0.1    -3,-0.4    -3,-0.0  -0.282  44.4-174.2 -56.3 130.1   38.5   23.3   21.0
   41   42 A E        +     0   0  173      4,-0.0     2,-0.3    -2,-0.0    -1,-0.1   0.201  52.1  98.0-110.5  13.9   40.6   26.4   20.5
   42   43 A D        +     0   0  154      2,-0.1    -2,-0.0     0, 0.0     0, 0.0  -0.806  66.6  23.3-107.7 146.8   42.9   25.0   17.7
   43   44 A G  S    S-     0   0   36     -2,-0.3   214,-0.0   214,-0.0     0, 0.0  -0.362 104.7 -25.2  96.7 179.2   42.6   25.4   14.0
   44   45 A P        -     0   0   32      0, 0.0     2,-0.3     0, 0.0   208,-0.1  -0.321  63.6-154.4 -65.0 150.5   41.0   28.1   11.9
   45   46 A Q        -     0   0   65    212,-0.1   214,-0.1    -4,-0.0    -2,-0.0  -0.961  26.3 -95.1-129.1 146.2   38.1   30.0   13.6
   46   47 A V        -     0   0   20     -2,-0.3    33,-0.1   212,-0.2   214,-0.1  -0.336  52.0-114.5 -56.8 130.2   35.0   31.8   12.2
   47   48 A P        -     0   0   30      0, 0.0    33,-2.7     0, 0.0     2,-0.5  -0.309  16.0-140.2 -70.4 152.0   35.9   35.5   11.9
   48   49 A T  E     -a   80   0A  70     31,-0.2     2,-0.5    33,-0.0    33,-0.2  -0.966  18.7-160.5-111.5 122.9   34.3   38.2   14.0
   49   50 A I  E     -a   81   0A   2     31,-2.7    33,-2.1    -2,-0.5     2,-0.6  -0.925   6.8-147.5-111.8 125.6   33.6   41.4   12.0
   50   51 A D  E     -a   82   0A  69     -2,-0.5     3,-0.3    31,-0.2    33,-0.2  -0.792  14.2-178.7 -92.7 120.8   33.0   44.8   13.7
   51   52 A L    >   +     0   0    8     31,-2.4     3,-1.8    -2,-0.6     4,-0.3   0.252  46.3 115.4-102.2  12.7   30.7   47.1   11.8
   52   53 A K  T 3  S+     0   0  139      1,-0.3     3,-0.3    30,-0.2    -1,-0.2   0.888  87.9  31.2 -48.1 -46.9   30.8   50.1   14.2
   53   54 A N  T >  S+     0   0   44     -3,-0.3     3,-1.7     1,-0.2    -1,-0.3   0.135  79.0 119.2-101.7  21.3   32.4   52.3   11.6
   54   55 A I  T <  S+     0   0   17     -3,-1.8    -1,-0.2     1,-0.3    -2,-0.1   0.793  92.8  25.8 -56.8 -28.2   31.0   50.9    8.4
   55   56 A E  T 3  S+     0   0  111     -3,-0.3    -1,-0.3    -4,-0.3     2,-0.2  -0.218  91.6 146.4-129.7  43.9   29.4   54.3    7.6
   56   57 A S    <   -     0   0   24     -3,-1.7     6,-0.2     2,-0.2    -3,-0.1  -0.551  53.5-133.0 -84.5 145.7   31.7   56.6    9.5
   57   58 A D  S    S+     0   0  138     -2,-0.2     2,-0.5     4,-0.1    -1,-0.1   0.858  87.4  92.1 -63.1 -35.9   32.6   60.2    8.3
   58   59 A D     >  -     0   0   74      1,-0.2     4,-2.4     2,-0.1     5,-0.2  -0.483  68.8-156.3 -63.8 112.6   36.2   59.4    8.9
   59   60 A E  H  > S+     0   0  115     -2,-0.5     4,-2.7     2,-0.2     5,-0.2   0.938  88.0  46.5 -58.0 -55.0   37.5   58.1    5.6
   60   61 A K  H  > S+     0   0  136      1,-0.2     4,-1.7     2,-0.2    -1,-0.2   0.901 116.2  46.4 -56.8 -43.1   40.5   56.1    6.9
   61   62 A I  H  > S+     0   0   63      2,-0.2     4,-1.4     1,-0.2    -1,-0.2   0.888 112.5  50.0 -66.9 -41.4   38.4   54.5    9.6
   62   63 A R  H  X S+     0   0   59     -4,-2.4     4,-2.3     1,-0.2    -2,-0.2   0.910 110.3  49.8 -64.5 -43.7   35.5   53.7    7.3
   63   64 A E  H  X S+     0   0  111     -4,-2.7     4,-2.6     1,-0.2    -1,-0.2   0.862 105.4  56.6 -65.2 -36.3   37.8   52.0    4.7
   64   65 A N  H  X S+     0   0   68     -4,-1.7     4,-1.7    -5,-0.2    -1,-0.2   0.891 109.4  46.9 -62.5 -38.4   39.5   49.8    7.3
   65   66 A C  H  X S+     0   0   10     -4,-1.4     4,-2.3     2,-0.2     3,-0.2   0.962 112.3  48.4 -66.1 -52.4   36.1   48.5    8.2
   66   67 A I  H  X S+     0   0   22     -4,-2.3     4,-2.5     1,-0.2    -2,-0.2   0.874 110.9  52.8 -54.2 -41.1   35.0   47.9    4.6
   67   68 A E  H  X S+     0   0  107     -4,-2.6     4,-2.4     2,-0.2    -1,-0.2   0.867 107.8  49.5 -65.5 -39.2   38.4   46.2    4.0
   68   69 A E  H  X S+     0   0  114     -4,-1.7     4,-2.0    -3,-0.2    -2,-0.2   0.911 112.7  47.5 -67.8 -40.5   37.9   43.8    6.9
   69   70 A L  H  X S+     0   0    2     -4,-2.3     4,-1.9     2,-0.2    -2,-0.2   0.918 111.8  51.4 -64.2 -43.8   34.4   42.9    5.7
   70   71 A K  H  X S+     0   0   64     -4,-2.5     4,-1.8    -5,-0.2    -2,-0.2   0.941 109.9  48.4 -57.9 -51.7   35.7   42.4    2.2
   71   72 A K  H  X S+     0   0  127     -4,-2.4     4,-1.8     1,-0.2     5,-0.2   0.885 110.8  49.1 -58.2 -45.4   38.5   40.0    3.3
   72   73 A A  H  X>S+     0   0    9     -4,-2.0     5,-2.4     1,-0.2     4,-1.6   0.880 111.5  51.0 -63.5 -37.3   36.3   37.8    5.5
   73   74 A S  H  <5S+     0   0    0     -4,-1.9   210,-2.3     3,-0.2    -1,-0.2   0.836 111.6  46.6 -69.6 -33.6   33.8   37.5    2.6
   74   75 A L  H  <5S+     0   0   52     -4,-1.8    -1,-0.2   208,-0.2    -2,-0.2   0.777 124.8  31.8 -77.6 -29.6   36.5   36.5    0.1
   75   76 A D  H  <5S+     0   0   87     -4,-1.8    -2,-0.2    -5,-0.2    -3,-0.2   0.928 138.0   8.2 -92.1 -67.6   38.0   34.0    2.4
   76   77 A W  T  <5S-     0   0   15     -4,-1.6    -3,-0.2    -5,-0.2   209,-0.2   0.894  71.6-150.6 -84.8 -46.6   35.3   32.5    4.7
   77   78 A G  S   <S+     0   0    0     -5,-2.4   193,-3.0     1,-0.2     2,-0.3   0.475  75.5  70.6  84.6   0.9   32.1   33.8    3.2
   78   79 A V  E     + B   0 269A   1     -6,-0.4     2,-0.3   191,-0.2    -1,-0.2  -0.974  59.1 157.8-145.2 154.7   30.6   33.6    6.8
   79   80 A M  E     - B   0 268A   0    189,-1.6   189,-2.4    -2,-0.3     2,-0.7  -0.994  43.1-102.1-171.9 164.4   31.2   35.6   10.0
   80   81 A H  E     -aB  48 267A   7    -33,-2.7   -31,-2.7    -2,-0.3     2,-0.4  -0.891  39.7-153.0 -98.6 113.9   30.0   36.9   13.4
   81   82 A L  E     -aB  49 266A   0    185,-2.6   185,-1.8    -2,-0.7     2,-0.3  -0.732  15.2-178.9 -91.3 135.9   28.9   40.5   13.1
   82   83 A I  E     +a   50   0A  49    -33,-2.1   -31,-2.4    -2,-0.4   -30,-0.2  -0.934  64.3  25.2-130.5 155.2   29.1   42.8   16.2
   83   84 A N  S    S+     0   0   97     -2,-0.3    -1,-0.2   181,-0.2   182,-0.1   0.932  75.1 152.6  56.2  45.6   28.1   46.5   16.6
   84   85 A H        -     0   0   21     -3,-0.2    -1,-0.1     2,-0.2    -2,-0.0   0.417  59.4-114.9 -86.2  -3.8   25.6   45.9   13.7
   85   86 A G  S    S+     0   0   74      1,-0.2    -3,-0.0    93,-0.0    93,-0.0   0.484  74.4 125.4  84.8   1.3   23.1   48.5   14.8
   86   87 A I        -     0   0   13      1,-0.0    -1,-0.2    89,-0.0    -2,-0.2  -0.869  69.9-107.3 -99.2 120.5   20.2   46.3   15.7
   87   88 A P     >  -     0   0   53      0, 0.0     4,-1.6     0, 0.0     3,-0.3  -0.116  19.2-140.3 -46.0 128.1   18.9   46.8   19.2
   88   89 A A  H  > S+     0   0   42      1,-0.2     4,-1.5     2,-0.2     5,-0.1   0.843 100.9  51.3 -61.7 -36.8   19.8   43.9   21.6
   89   90 A D  H  > S+     0   0  116      2,-0.2     4,-1.9     1,-0.2    -1,-0.2   0.785 104.4  57.0 -73.7 -27.6   16.4   44.0   23.4
   90   91 A L  H  > S+     0   0   11     -3,-0.3     4,-1.8     2,-0.2    -1,-0.2   0.908 107.5  48.9 -66.8 -41.6   14.5   43.8   20.1
   91   92 A M  H  X S+     0   0   11     -4,-1.6     4,-2.2     1,-0.2    -2,-0.2   0.878 108.5  53.9 -64.2 -37.6   16.4   40.6   19.3
   92   93 A E  H  X S+     0   0  118     -4,-1.5     4,-2.6     1,-0.2    -1,-0.2   0.882 108.0  50.1 -64.2 -39.1   15.5   39.3   22.7
   93   94 A R  H  X S+     0   0  123     -4,-1.9     4,-1.9     2,-0.2    -1,-0.2   0.853 109.0  51.5 -68.8 -34.3   11.8   39.9   22.1
   94   95 A V  H  X S+     0   0    2     -4,-1.8     4,-1.9     2,-0.2    -2,-0.2   0.945 114.2  43.1 -66.7 -47.9   12.0   38.1   18.7
   95   96 A K  H  X S+     0   0   54     -4,-2.2     4,-2.4     2,-0.2     5,-0.2   0.910 111.2  53.7 -64.9 -44.0   13.6   35.0   20.3
   96   97 A K  H  X S+     0   0  137     -4,-2.6     4,-1.9     1,-0.2    -1,-0.2   0.927 110.1  48.8 -57.1 -44.5   11.3   35.0   23.3
   97   98 A A  H  X S+     0   0    8     -4,-1.9     4,-1.9     1,-0.2    -1,-0.2   0.887 110.3  50.2 -63.0 -40.6    8.3   35.0   21.0
   98   99 A G  H  X S+     0   0    0     -4,-1.9     4,-2.2     1,-0.2    -1,-0.2   0.878 109.2  51.6 -65.9 -37.7    9.6   32.2   18.9
   99  100 A E  H  X S+     0   0   98     -4,-2.4     4,-0.8     1,-0.2    -1,-0.2   0.863 108.8  51.5 -67.1 -35.7   10.3   30.1   22.0
  100  101 A E  H  < S+     0   0  101     -4,-1.9     4,-0.4    -5,-0.2    -2,-0.2   0.885 109.3  50.2 -69.1 -38.4    6.8   30.6   23.2
  101  102 A F  H >< S+     0   0    1     -4,-1.9     3,-1.9     1,-0.2    -2,-0.2   0.968 113.1  43.8 -64.2 -52.4    5.3   29.5   19.8
  102  103 A F  H 3< S+     0   0    2     -4,-2.2    -1,-0.2     1,-0.3    -2,-0.2   0.648 102.6  69.9 -68.4 -11.0    7.3   26.3   19.7
  103  104 A S  T 3< S+     0   0   83     -4,-0.8    -1,-0.3    -5,-0.2    -2,-0.2   0.613  82.2  94.8 -78.4 -14.0    6.5   25.8   23.3
  104  105 A L  S <  S-     0   0   23     -3,-1.9    -3,-0.0    -4,-0.4     2,-0.0  -0.289  91.9 -85.7 -72.2 165.2    2.9   25.1   22.3
  105  106 A S     >  -     0   0   38      1,-0.1     4,-2.1     4,-0.0     3,-0.3  -0.312  33.3-115.6 -69.8 156.0    1.7   21.5   21.7
  106  107 A V  H  > S+     0   0   26      1,-0.2     4,-1.9     2,-0.2    -1,-0.1   0.869 117.2  57.2 -59.5 -37.8    2.2   19.9   18.3
  107  108 A E  H  4 S+     0   0  155      1,-0.2     4,-0.3     2,-0.2    -1,-0.2   0.873 107.8  47.3 -61.3 -38.9   -1.6   19.7   17.9
  108  109 A E  H >4 S+     0   0   93     -3,-0.3     3,-1.2     1,-0.2    -1,-0.2   0.898 112.1  49.2 -68.6 -42.5   -1.8   23.5   18.4
  109  110 A K  H >< S+     0   0    0     -4,-2.1     3,-2.2     1,-0.2    15,-0.3   0.783  96.4  71.3 -68.9 -27.1    1.0   24.1   15.9
  110  111 A E  G >< S+     0   0   58     -4,-1.9     3,-1.6     1,-0.3    -1,-0.2   0.682  81.1  74.2 -62.8 -17.4   -0.6   21.8   13.3
  111  112 A K  G <  S+     0   0  168     -3,-1.2    -1,-0.3    -4,-0.3    -2,-0.2   0.646  99.7  45.5 -69.8 -12.9   -3.2   24.6   12.9
  112  113 A Y  G <  S+     0   0   26     -3,-2.2    12,-2.1    -4,-0.1    -1,-0.3   0.174  86.5 148.1-110.6  12.0   -0.5   26.5   11.0
  113  114 A A  B <   -c  124   0A  34     -3,-1.6    12,-0.2    10,-0.2     2,-0.1  -0.152  42.7-130.6 -52.5 137.5    0.6   23.4    9.0
  114  115 A N        -     0   0   23     10,-2.6     2,-0.2     7,-0.1     7,-0.2  -0.356  10.6-151.0 -83.4 169.6    1.9   24.1    5.5
  115  116 A D  B > > +I  120   0B  74      5,-2.5     5,-2.2     7,-0.2     3,-1.3  -0.703  15.7 177.9-147.7  89.8    0.7   22.2    2.4
  116  117 A Q  G > 5S+     0   0   96      1,-0.3     3,-1.6    -2,-0.2     5,-0.1   0.761  76.8  72.3 -62.5 -29.0    3.2   21.8   -0.5
  117  118 A A  G 3 5S+     0   0   94      1,-0.3    -1,-0.3     3,-0.1     4,-0.1   0.794 108.7  33.7 -59.2 -28.5    0.8   19.8   -2.6
  118  119 A T  G < 5S-     0   0  105     -3,-1.3    -1,-0.3     2,-0.1    -2,-0.2   0.126 123.0 -97.4-115.2  20.7   -1.2   23.0   -3.2
  119  120 A G  T < 5S+     0   0   58     -3,-1.6     2,-1.5     1,-0.2    -3,-0.2   0.519  79.3 136.3  79.9   5.3    1.6   25.5   -3.3
  120  121 A K  B   < +I  115   0B 102     -5,-2.2    -5,-2.5     1,-0.2    -1,-0.2  -0.664  15.4 158.4 -88.5  87.1    1.3   26.6    0.4
  121  122 A I        +     0   0   88     -2,-1.5     2,-0.3    -7,-0.2    -1,-0.2   0.592  44.8  89.0 -85.1 -13.7    4.9   26.7    1.4
  122  123 A Q  S    S+     0   0   43     -3,-0.2     2,-0.3    -7,-0.1    -7,-0.2  -0.652  70.6  42.2 -87.7 144.5    4.6   29.1    4.3
  123  124 A G  E    S- D   0 143A   1     20,-3.0    20,-2.2    -2,-0.3     2,-0.2  -0.820  93.6 -18.0 127.4-166.8    3.8   27.7    7.8
  124  125 A Y  E    S+cD 113 142A   0    -12,-2.1   -10,-2.6    -2,-0.3     2,-0.3  -0.568  74.4 125.6 -79.0 138.8    4.7   24.9   10.2
  125  126 A G  E     - D   0 141A   0     16,-2.4    16,-2.2    -2,-0.2     2,-0.3  -0.967  47.0-126.7-171.9-173.4    6.4   21.8    8.8
  126  127 A S        -     0   0   19     -2,-0.3     2,-0.2    14,-0.2    14,-0.1  -0.961  47.0 -89.1-153.7 140.4    9.2   19.3    8.6
  127  128 A K        -     0   0   74     12,-0.4    10,-0.3    -2,-0.3     2,-0.2  -0.347  39.1-146.1 -61.7 123.1   11.3   18.3    5.5
  128  129 A L        -     0   0  110     -2,-0.2     7,-0.1     1,-0.1    -1,-0.1  -0.605  30.9 -94.2 -86.2 147.2    9.8   15.4    3.4
  129  130 A A        -     0   0   37     -2,-0.2    -1,-0.1     5,-0.1     7,-0.1  -0.374  41.6-178.0 -60.0 135.3   12.0   12.9    1.7
  130  131 A N        +     0   0  112      5,-0.2     2,-0.3    -3,-0.0    -1,-0.1   0.106  53.8  28.2-127.8  24.4   12.5   14.1   -1.9
  131  132 A N  S >  S-     0   0   64      4,-0.1     3,-0.7     1,-0.1   214,-0.1  -0.970  94.3 -72.0-166.8 178.1   14.7   11.4   -3.6
  132  133 A A  T 3  S+     0   0  109    213,-0.3   213,-0.1    -2,-0.3    -1,-0.1   0.825 118.0  60.0 -49.9 -44.3   15.8    7.8   -3.7
  133  134 A S  T 3  S-     0   0   68      1,-0.1    -1,-0.2   212,-0.1    -4,-0.0   0.881  87.0-149.7 -56.4 -43.2   17.8    7.8   -0.4
  134  135 A G    <   +     0   0   21     -3,-0.7    -5,-0.1     1,-0.2    -2,-0.1   0.754  31.1 170.5  76.8  24.8   14.8    8.8    1.7
  135  136 A Q        -     0   0   63     -7,-0.1     2,-0.3  -114,-0.1    -5,-0.2  -0.384  14.5-164.4 -71.0 145.9   17.0   10.7    4.2
  136  137 A L        -     0   0   33   -116,-2.2     2,-0.3    -7,-0.1    90,-0.3  -0.945  10.5-134.5-130.4 151.9   15.4   12.9    6.9
  137  138 A E        -     0   0   14     -2,-0.3     2,-2.1   -10,-0.3    90,-0.2  -0.828  24.8-112.3-109.4 147.9   16.9   15.6    9.1
  138  139 A W  S    S+     0   0    0     88,-2.5     2,-0.3    -2,-0.3    90,-0.1  -0.426  80.2  86.4 -76.8  67.3   16.3   16.1   12.9
  139  140 A E        -     0   0   11     -2,-2.1   -12,-0.4    77,-0.1     2,-0.3  -0.986  51.4-157.4-163.6 152.6   14.3   19.3   12.8
  140  141 A D  E     + E   0 215A   0     75,-2.4    75,-2.8    -2,-0.3     2,-0.3  -0.761  27.7 178.0-118.9 169.1   10.9   21.0   12.5
  141  142 A Y  E     -DE 125 214A  37    -16,-2.2   -16,-2.4    -2,-0.3     2,-0.4  -0.983  30.1-130.5-164.4 173.2   10.4   24.6   11.4
  142  143 A F  E     -DE 124 213A   0     71,-1.6    71,-2.7    -2,-0.3     2,-0.4  -0.995  26.5-170.1-135.6 128.3    8.2   27.5   10.6
  143  144 A F  E     +DE 123 212A  36    -20,-2.2   -20,-3.0    -2,-0.4     2,-0.3  -0.973  15.6 146.3-126.4 135.1    8.7   29.5    7.3
  144  145 A H  E     - E   0 211A   0     67,-2.2    67,-3.1    -2,-0.4     2,-0.3  -0.976  48.3-100.1-163.5 151.2    7.1   32.8    6.1
  145  146 A L  E     + E   0 210A  18     -2,-0.3     8,-0.4    65,-0.2    65,-0.2  -0.562  33.6 179.4 -72.7 133.8    7.8   35.9    4.1
  146  147 A A  E     +     0   0A   3     63,-3.0    64,-0.2     1,-0.4    -1,-0.1   0.586  46.8  69.8-112.9 -13.9    8.7   38.8    6.4
  147  148 A Y  E    S+ E   0 209A  33     62,-1.1    62,-2.4     1,-0.2    -1,-0.4  -0.945  72.1  42.1-166.6 144.9    9.3   41.8    4.0
  148  149 A P  S >> S-     0   0   15      0, 0.0     3,-1.5     0, 0.0     4,-0.5   0.469  75.6-139.7 -65.2 151.0    8.2   43.8    2.0
  149  150 A E  G >4 S+     0   0   59      1,-0.3     3,-1.1     2,-0.2    -2,-0.0   0.834  97.8  57.2 -53.0 -41.9    5.2   44.4    4.3
  150  151 A E  G 34 S+     0   0  182      1,-0.2    -1,-0.3     3,-0.1    -3,-0.0   0.683 104.8  52.7 -67.8 -17.1    2.7   44.6    1.4
  151  152 A K  G <4 S+     0   0  107     -3,-1.5    -1,-0.2     2,-0.0    -2,-0.2   0.511  88.1 109.2 -94.9  -6.5    3.7   41.1    0.2
  152  153 A R    <<  -     0   0   64     -3,-1.1     2,-0.5    -4,-0.5    -6,-0.1  -0.265  60.3-146.7 -70.0 155.5    3.2   39.5    3.6
  153  154 A D    >   -     0   0   65     -8,-0.4     3,-1.6     1,-0.1     4,-0.2  -0.791  17.8-179.4-123.0  83.3    0.3   37.1    4.4
  154  155 A L  G >   +     0   0   54     -2,-0.5     3,-1.4     1,-0.3    -1,-0.1   0.693  67.7  79.8 -57.9 -22.6   -0.4   37.9    8.0
  155  156 A S  G 3  S+     0   0   77      1,-0.3    -1,-0.3    -3,-0.1     4,-0.1   0.764  96.1  44.4 -60.0 -26.4   -3.2   35.2    8.2
  156  157 A I  G <  S+     0   0   25     -3,-1.6    -1,-0.3     2,-0.1    -2,-0.2   0.431  88.2 108.9 -98.9   0.9   -0.6   32.4    8.7
  157  158 A W  S <  S-     0   0    0     -3,-1.4     8,-0.1    -4,-0.2     7,-0.0  -0.536  85.6 -86.2 -77.6 142.8    1.6   34.2   11.2
  158  159 A P        -     0   0    2      0, 0.0     7,-0.3     0, 0.0    -1,-0.1  -0.140  31.9-165.2 -48.2 135.3    1.6   32.9   14.8
  159  160 A K        +     0   0  128      1,-0.2     5,-0.1     5,-0.1    -2,-0.0   0.487  63.3  94.7-100.2  -8.7   -1.2   34.4   16.9
  160  161 A T  S    S+     0   0   60      2,-0.1    -1,-0.2     1,-0.1     2,-0.1  -0.991  76.0  39.1-129.3 120.5    0.4   33.1   20.1
  161  162 A P  S >  S-     0   0   21      0, 0.0     3,-1.9     0, 0.0     4,-0.3   0.504  90.0-133.8 -71.7 159.9    2.3   35.0   21.6
  162  163 A S  T 3  S+     0   0   98      1,-0.3     4,-0.3    -2,-0.1     3,-0.2   0.717 101.9  49.4 -54.9 -27.5    0.3   38.2   21.1
  163  164 A D  T 3> S+     0   0   73      1,-0.2     4,-2.6     2,-0.1     5,-0.4   0.285  76.2 104.4-100.0  11.2    3.4   40.2   20.1
  164  165 A Y  H <> S+     0   0    2     -3,-1.9     4,-2.5     1,-0.2     5,-0.3   0.947  85.0  43.7 -55.8 -53.2    4.8   37.8   17.5
  165  166 A I  H  > S+     0   0   49     -7,-0.3     4,-2.2    -4,-0.3     5,-0.2   0.913 115.2  49.5 -59.5 -44.5    3.7   39.9   14.5
  166  167 A E  H  > S+     0   0  109     -4,-0.3     4,-1.4     2,-0.2    -2,-0.2   0.921 116.6  38.8 -61.7 -49.0    4.8   43.2   16.1
  167  168 A A  H  X S+     0   0    2     -4,-2.6     4,-2.2     2,-0.2    -2,-0.2   0.908 117.5  49.2 -70.6 -43.1    8.3   42.1   17.1
  168  169 A T  H  X S+     0   0    2     -4,-2.5     4,-2.1    -5,-0.4    -2,-0.2   0.887 111.0  49.5 -64.8 -40.6    9.0   40.1   14.0
  169  170 A S  H  X S+     0   0   24     -4,-2.2     4,-1.6    -5,-0.3    -1,-0.2   0.850 112.2  47.6 -69.0 -34.7    7.9   42.9   11.6
  170  171 A E  H  X S+     0   0  107     -4,-1.4     4,-1.9    -5,-0.2    -2,-0.2   0.907 111.7  50.2 -72.3 -41.0   10.1   45.5   13.4
  171  172 A Y  H  X S+     0   0    1     -4,-2.2     4,-2.4     1,-0.2    -2,-0.2   0.904 109.1  52.4 -61.8 -41.3   13.1   43.2   13.4
  172  173 A A  H  X S+     0   0    5     -4,-2.1     4,-2.0     1,-0.2    -1,-0.2   0.892 107.3  52.6 -61.6 -39.9   12.6   42.6    9.6
  173  174 A K  H  X S+     0   0   92     -4,-1.6     4,-1.2     1,-0.2    -1,-0.2   0.888 109.9  48.3 -63.3 -40.6   12.5   46.3    9.1
  174  175 A C  H  X S+     0   0   23     -4,-1.9     4,-1.9     1,-0.2     3,-0.2   0.902 109.5  51.6 -68.0 -42.0   15.9   46.7   10.9
  175  176 A L  H  X S+     0   0    2     -4,-2.4     4,-2.4     1,-0.2    -1,-0.2   0.876 103.5  59.6 -62.6 -37.3   17.5   43.9    9.0
  176  177 A R  H  X S+     0   0   25     -4,-2.0     4,-1.5     1,-0.2    -1,-0.2   0.888 106.7  46.4 -58.3 -40.7   16.4   45.4    5.7
  177  178 A L  H  X S+     0   0   96     -4,-1.2     4,-1.4    -3,-0.2    -1,-0.2   0.896 111.6  51.3 -68.3 -40.8   18.4   48.6    6.5
  178  179 A L  H  X S+     0   0    6     -4,-1.9     4,-2.1     1,-0.2    -2,-0.2   0.852 105.6  56.6 -64.6 -34.8   21.4   46.5    7.6
  179  180 A A  H  X S+     0   0    0     -4,-2.4     4,-2.7     1,-0.2    -1,-0.2   0.914 103.6  53.0 -63.4 -43.7   21.3   44.6    4.3
  180  181 A T  H  X S+     0   0   40     -4,-1.5     4,-1.5     1,-0.2    -1,-0.2   0.868 109.6  49.4 -59.8 -37.2   21.6   47.9    2.3
  181  182 A K  H  X S+     0   0   83     -4,-1.4     4,-1.9     2,-0.2    -1,-0.2   0.891 112.1  46.8 -69.2 -40.9   24.7   48.8    4.3
  182  183 A V  H  X S+     0   0    1     -4,-2.1     4,-2.2     1,-0.2    -2,-0.2   0.903 109.7  54.6 -67.2 -41.2   26.3   45.5    3.7
  183  184 A F  H  X S+     0   0    1     -4,-2.7     4,-1.8     1,-0.2    14,-0.3   0.842 109.5  47.2 -60.8 -37.7   25.5   45.6    0.0
  184  185 A K  H  X S+     0   0   71     -4,-1.5     4,-2.6     2,-0.2     5,-0.2   0.918 111.4  49.0 -72.0 -44.9   27.2   49.0   -0.4
  185  186 A A  H  X S+     0   0    2     -4,-1.9     4,-1.6     1,-0.2    -2,-0.2   0.883 114.3  47.4 -61.5 -38.4   30.4   48.0    1.5
  186  187 A L  H  X S+     0   0    0     -4,-2.2     4,-1.3     2,-0.2    -1,-0.2   0.854 109.8  52.1 -72.0 -35.7   30.6   44.8   -0.6
  187  188 A S  H ><>S+     0   0    0     -4,-1.8     5,-2.5     7,-0.3     3,-0.9   0.971 109.8  48.8 -62.7 -52.5   30.0   46.7   -3.9
  188  189 A V  H ><5S+     0   0   58     -4,-2.6     3,-1.4     1,-0.3    -1,-0.2   0.861 106.2  59.0 -54.3 -39.1   32.8   49.1   -3.1
  189  190 A G  H 3<5S+     0   0   11     -4,-1.6    -1,-0.3     1,-0.3    -2,-0.2   0.847 105.6  47.0 -61.3 -36.1   35.0   46.2   -2.3
  190  191 A L  T <<5S-     0   0   18     -4,-1.3    -1,-0.3    -3,-0.9    -2,-0.2   0.399 122.7-107.4 -85.5   2.3   34.6   44.7   -5.8
  191  192 A G  T < 5S+     0   0   69     -3,-1.4    -3,-0.2    -4,-0.4     2,-0.2   0.743  77.8 132.8  78.7  23.9   35.3   48.2   -7.2
  192  193 A L      < -     0   0   15     -5,-2.5    -1,-0.3    -6,-0.2    -2,-0.1  -0.590  68.1 -81.3-102.3 165.6   31.7   48.8   -8.2
  193  194 A E    >   -     0   0  112     -2,-0.2     3,-2.2     1,-0.1     4,-0.4  -0.374  50.7-105.3 -63.4 147.8   29.5   51.8   -7.6
  194  195 A P  T 3  S+     0   0   53      0, 0.0     4,-0.3     0, 0.0    -7,-0.3   0.803 117.6  40.5 -41.3 -47.2   28.0   51.8   -4.1
  195  196 A D  T 3> S+     0   0  105      1,-0.2     4,-1.6     2,-0.1     5,-0.2   0.381  87.8 101.5 -91.1   6.3   24.5   50.8   -5.1
  196  197 A R  H <> S+     0   0   23     -3,-2.2     4,-2.1     1,-0.2    -1,-0.2   0.943  80.1  42.2 -56.3 -60.4   25.5   48.2   -7.7
  197  198 A L  H  > S+     0   0    1     -4,-0.4     4,-1.1   -14,-0.3    -1,-0.2   0.915 114.3  49.1 -58.2 -47.8   25.0   44.9   -5.9
  198  199 A E  H  4>S+     0   0   16     -4,-0.3     5,-2.6     1,-0.2     3,-0.3   0.859 111.0  52.5 -62.2 -33.7   21.6   45.7   -4.2
  199  200 A K  H ><5S+     0   0  137     -4,-1.6     3,-1.4     1,-0.2    -1,-0.2   0.915 105.6  53.6 -67.4 -41.8   20.3   47.0   -7.5
  200  201 A E  H 3<5S+     0   0   65     -4,-2.1    -1,-0.2     1,-0.3    -2,-0.2   0.714 107.7  51.8 -67.5 -19.5   21.2   43.7   -9.3
  201  202 A V  T 3<5S-     0   0    0     -4,-1.1    -1,-0.3    -3,-0.3    -2,-0.2   0.336 133.7 -77.9 -99.7   8.8   19.3   41.7   -6.7
  202  203 A G  T <>5 -     0   0    7     -3,-1.4     4,-2.4   104,-0.2     3,-0.4   0.280  55.6-132.1 120.4 -14.3   16.1   43.6   -6.9
  203  204 A G  H  >< -     0   0    3     -5,-2.6     4,-1.8     1,-0.2    -4,-0.1  -0.088  61.6 -38.8  61.1-165.7   16.5   46.8   -5.0
  204  205 A L  H  4 S+     0   0   94      1,-0.2    -1,-0.2     2,-0.2    -5,-0.0   0.783 139.8  51.0 -64.0 -27.9   13.8   48.0   -2.5
  205  206 A E  H  4 S+     0   0  154     -3,-0.4    -2,-0.2     1,-0.1    -1,-0.2   0.934 121.2  22.9 -77.4 -49.9   11.0   46.8   -4.7
  206  207 A E  H  < S+     0   0   67     -4,-2.4    -3,-0.2     2,-0.1    -2,-0.2   0.695  90.5 105.9 -96.0 -21.1   11.9   43.2   -5.6
  207  208 A L     <  -     0   0    9     -4,-1.8     2,-0.3    -5,-0.3    -5,-0.1  -0.390  55.1-157.2 -63.5 133.4   14.3   42.0   -2.8
  208  209 A L  E     - F   0 305A  19     97,-3.2    97,-2.4    -2,-0.1     2,-0.5  -0.867  13.8-152.4-116.7 148.6   12.6   39.6   -0.4
  209  210 A L  E     -EF 147 304A   1    -62,-2.4   -63,-3.0    -2,-0.3   -62,-1.1  -0.977  15.6-167.8-119.7 115.9   13.3   38.7    3.2
  210  211 A Q  E     -EF 145 303A  13     93,-2.5    93,-2.3    -2,-0.5     2,-0.5  -0.870   9.0-147.0-105.3 138.0   12.1   35.2    4.2
  211  212 A M  E     -EF 144 302A   3    -67,-3.1   -67,-2.2    -2,-0.4     2,-0.5  -0.907  15.9-179.8-108.9 127.1   12.0   34.1    7.9
  212  213 A K  E     -EF 143 301A  34     89,-2.7    89,-2.8    -2,-0.5     2,-0.6  -0.975  11.5-160.5-128.0 118.7   12.8   30.5    8.9
  213  214 A I  E     -EF 142 300A   1    -71,-2.7   -71,-1.6    -2,-0.5     2,-0.5  -0.876  13.2-154.2 -97.9 121.4   12.6   29.4   12.5
  214  215 A N  E     -EF 141 299A  11     85,-2.8    85,-1.7    -2,-0.6     2,-0.6  -0.866   7.2-166.3-101.4 124.7   14.5   26.1   13.0
  215  216 A Y  E     -EF 140 298A  28    -75,-2.8   -75,-2.4    -2,-0.5    83,-0.2  -0.941   3.2-173.1-113.5 116.0   13.5   23.9   16.0
  216  217 A Y  E     - F   0 297A   8     81,-3.1    81,-2.1    -2,-0.6   -77,-0.1  -0.883  11.2-156.0-112.0 103.0   16.0   21.1   16.9
  217  218 A P        -     0   0    5      0, 0.0    75,-0.3     0, 0.0    78,-0.1  -0.266  37.4 -79.3 -71.9 162.4   14.6   18.7   19.6
  218  219 A K        -     0   0  100     75,-0.1    75,-0.3    73,-0.1    78,-0.1  -0.307  48.6-142.7 -58.7 145.1   16.9   16.7   21.8
  219  220 A C        -     0   0    1     73,-2.6    76,-0.1    76,-0.1    -1,-0.1  -0.955  12.3-150.4-118.6 129.9   18.2   13.6   20.0
  220  221 A P  S    S+     0   0   44      0, 0.0    73,-0.1     0, 0.0    -1,-0.1   0.672 101.8  27.7 -69.5 -16.8   18.7   10.1   21.7
  221  222 A Q  S >  S+     0   0   51     71,-0.1     3,-1.7     1,-0.1     4,-0.4  -0.488  72.7 171.7-143.2  65.6   21.6    9.3   19.3
  222  223 A P  T 3  S+     0   0   17      0, 0.0    69,-0.4     0, 0.0     3,-0.2   0.592  72.7  61.9 -52.7 -18.0   23.1   12.7   18.3
  223  224 A E  T 3  S+     0   0  106      1,-0.2  -192,-0.2    67,-0.1     3,-0.1   0.224  99.2  53.8 -99.1  17.5   26.1   11.2   16.5
  224  225 A L  S <  S+     0   0   42     -3,-1.7  -201,-2.5  -202,-0.1     2,-0.2   0.438 108.8  44.9-121.4  -9.7   24.0    9.4   13.9
  225  226 A A        -     0   0    0     -4,-0.4    66,-0.4  -203,-0.2     2,-0.3  -0.788  64.4-135.3-133.1 174.3   22.0   12.3   12.6
  226  227 A L        -     0   0    0    -90,-0.3   -88,-2.5  -205,-0.3    64,-0.2  -0.976  10.7-147.4-130.8 144.1   22.1   15.9   11.5
  227  228 A G  S    S+     0   0    0     62,-3.1     2,-0.4     1,-0.3    63,-0.2   0.937  97.0   9.2 -71.8 -49.0   19.8   18.9   12.3
  228  229 A V  E    S-J  289   0C  30     61,-1.3    61,-2.1    -3,-0.1    -1,-0.3  -0.995  87.0-121.9-131.3 137.0   20.4   20.3    8.8
  229  230 A E  E     -     0   0C  75     -2,-0.4     2,-0.2    59,-0.2    58,-0.1  -0.182  45.4 -76.5 -69.7 169.7   22.3   18.5    6.0
  230  231 A A  E    S+     0   0C  32     58,-0.1     2,-0.3    56,-0.1    58,-0.2  -0.490  75.0 128.1 -69.6 134.6   25.4   19.9    4.3
  231  232 A H  E     -J  287   0C  46     56,-2.0    56,-2.3    -2,-0.2     2,-0.3  -0.984  52.9-113.2-171.4 173.4   24.6   22.7    1.9
  232  233 A T        -     0   0   34     -2,-0.3     2,-0.3    54,-0.2    54,-0.1  -0.922  40.2-108.4-119.8 147.1   25.2   26.3    0.7
  233  234 A D        -     0   0   13     52,-0.4    39,-3.4    -2,-0.3    40,-0.2  -0.618  17.3-152.3 -76.1 134.1   22.5   29.1    1.0
  234  235 A V        +     0   0   36     -2,-0.3    39,-0.4    37,-0.2    -1,-0.1   0.513  65.9  98.2 -84.0  -2.9   21.0   30.1   -2.3
  235  236 A S  S    S-     0   0    1     37,-0.1    38,-1.8    70,-0.1    39,-0.6   0.073  82.5-118.5 -72.2-176.0   20.2   33.6   -1.1
  236  237 A A  S    S-     0   0    0     68,-2.5    35,-2.4     1,-0.5     2,-0.3   0.867  96.7  -5.1 -88.6 -48.7   22.2   36.8   -1.6
  237  238 A L  E     -GH 270 304A   0     67,-0.8    67,-2.7    33,-0.2    -1,-0.5  -0.978  64.4-157.2-143.6 149.8   22.8   37.3    2.2
  238  239 A T  E     -GH 269 303A   0     31,-1.7    31,-2.4    -2,-0.3     2,-0.5  -0.999   3.2-164.3-133.5 129.3   21.6   35.3    5.3
  239  240 A F  E     -GH 268 302A   0     63,-2.1    63,-2.3    -2,-0.4     2,-0.4  -0.967  15.0-170.3-115.8 122.4   21.4   36.7    8.8
  240  241 A I  E     -GH 267 301A  26     27,-2.8    27,-2.0    -2,-0.5     2,-0.3  -0.902  14.7-174.9-122.9 143.5   21.0   34.3   11.7
  241  242 A L  E     - H   0 300A   4     59,-1.6    59,-2.6    -2,-0.4     2,-0.3  -0.852  14.1-177.9-122.0 158.3   20.2   34.4   15.5
  242  243 A H  E     - H   0 299A  23     -2,-0.3     2,-0.4    57,-0.3    57,-0.2  -0.958  38.7-104.7-152.6 170.7   20.3   31.5   17.9
  243  244 A N        -     0   0   24     55,-1.7    56,-0.1    -2,-0.3    -2,-0.0  -0.229  65.6 -95.7 -95.7  45.3   19.7   30.5   21.6
  244  245 A M  S    S+     0   0   93     -2,-0.4    17,-0.1     1,-0.2    -1,-0.1   0.737  87.6 126.4  50.5  28.8   23.3   30.1   22.6
  245  246 A V        -     0   0   11     53,-0.2    -1,-0.2    50,-0.0    -2,-0.2  -0.973  62.0-120.9-113.5 127.1   23.3   26.3   22.0
  246  247 A P        +     0   0    9      0, 0.0    14,-0.1     0, 0.0  -212,-0.1  -0.307  61.4 117.6 -67.5 150.8   26.1   25.2   19.7
  247  248 A G        +     0   0    1      1,-0.3    43,-2.5    12,-0.3     2,-0.3   0.280  36.7 104.5-179.7 -33.3   25.4   23.4   16.4
  248  249 A L  E     -K  289   0C  28     41,-0.2    11,-2.4    11,-0.1     2,-0.4  -0.563  43.6-176.9 -75.0 129.4   26.5   25.3   13.3
  249  250 A Q  E     -KL 288 258C   0     39,-2.2    39,-1.8    -2,-0.3     2,-0.4  -0.959  12.4-148.9-126.3 144.7   29.6   23.9   11.6
  250  251 A L  E     -KL 287 257C   0      7,-2.8     7,-3.4    -2,-0.4     2,-1.3  -0.948  14.8-133.0-118.5 134.0   31.4   25.2    8.6
  251  252 A F  E     + L   0 256C  75     35,-2.7    35,-0.5    -2,-0.4     2,-0.4  -0.691  41.2 168.2 -86.5  93.2   33.4   23.2    6.0
  252  253 A Y  E >   - L   0 255C  26      3,-2.5     3,-1.9    -2,-1.3  -176,-0.1  -0.928  62.0 -13.2-114.4 129.5   36.6   25.2    5.8
  253  254 A E  T 3  S-     0   0  143     -2,-0.4    -1,-0.2     1,-0.3     3,-0.1   0.876 130.4 -51.3  49.5  43.4   39.8   24.1    4.0
  254  255 A G  T 3  S+     0   0   62     -3,-0.2     2,-0.3     1,-0.2    -1,-0.3   0.514 121.3  96.2  76.7   6.3   38.4   20.5    3.9
  255  256 A K  E <  S-L  252   0C 103     -3,-1.9    -3,-2.5    -5,-0.1     2,-0.8  -0.972  75.8-115.5-133.0 146.7   37.5   20.3    7.6
  256  257 A W  E     -L  251   0C  51     -2,-0.3     2,-0.3    -5,-0.2    -5,-0.2  -0.682  33.7-165.7 -82.3 110.7   34.4   20.8    9.6
  257  258 A V  E     -L  250   0C  11     -7,-3.4    -7,-2.8    -2,-0.8     2,-0.5  -0.749  13.9-132.8 -97.3 142.2   34.9   23.8   12.0
  258  259 A T  E     -L  249   0C  10     -2,-0.3    -9,-0.2    -9,-0.2     2,-0.2  -0.833  18.0-131.3-100.2 127.4   32.5   24.4   14.9
  259  260 A A        -     0   0   11    -11,-2.4   -12,-0.3    -2,-0.5     2,-0.2  -0.520  18.6-136.1 -76.4 139.2   31.2   27.9   15.4
  260  261 A K        -     0   0   61     -2,-0.2     2,-0.7  -214,-0.1    -1,-0.1  -0.552  23.0-104.5 -92.1 159.3   31.4   29.5   18.9
  261  262 A C        -     0   0   37     -2,-0.2    -1,-0.0   -17,-0.1     0, 0.0  -0.760  34.8-171.8 -88.5 116.4   28.6   31.4   20.6
  262  263 A V    >   -     0   0   37     -2,-0.7     3,-1.7     3,-0.0   -18,-0.1  -0.941  28.0-115.7-112.4 113.7   29.3   35.2   20.6
  263  264 A P  T 3  S-     0   0   83      0, 0.0     3,-0.1     0, 0.0    -2,-0.0  -0.152  89.8  -2.4 -50.9 128.4   26.8   37.3   22.7
  264  265 A D  T 3  S+     0   0  107      1,-0.2  -181,-0.2  -176,-0.1     2,-0.1   0.556 102.1 130.0  67.2   9.7   24.6   39.8   20.9
  265  266 A S    <   -     0   0   11     -3,-1.7     2,-0.4  -183,-0.1    -1,-0.2  -0.438  50.7-140.1 -91.0 167.4   26.2   39.0   17.5
  266  267 A I  E     -B   81   0A   0   -185,-1.8  -185,-2.6    -2,-0.1     2,-0.3  -0.991  14.0-135.0-129.7 122.5   24.5   38.1   14.3
  267  268 A V  E     -BG  80 240A   7    -27,-2.0   -27,-2.8    -2,-0.4     2,-0.4  -0.582  23.3-165.1 -76.0 135.5   25.9   35.4   12.0
  268  269 A M  E     -BG  79 239A   0   -189,-2.4  -189,-1.6    -2,-0.3     2,-0.4  -0.990   5.3-163.1-127.3 133.8   25.9   36.5    8.3
  269  270 A H  E     -BG  78 238A   3    -31,-2.4   -31,-1.7    -2,-0.4     2,-0.4  -0.906  18.8-135.1-112.4 139.7   26.4   34.2    5.3
  270  271 A I  E     - G   0 237A   3   -193,-3.0    15,-0.3    13,-0.4   -37,-0.3  -0.801  38.4-145.4 -85.2 134.8   27.4   35.3    1.8
  271  272 A G    >>  -     0   0    0    -35,-2.4     4,-1.9    -2,-0.4     3,-1.0  -0.575  23.2 -96.6-105.4 171.0   24.9   33.3   -0.4
  272  273 A D  H 3> S+     0   0    6    -39,-3.4     4,-2.8     1,-0.3     5,-0.2   0.841 118.7  61.7 -48.2 -42.3   25.0   31.6   -3.9
  273  274 A T  H 3> S+     0   0    0    -38,-1.8     4,-1.9   -39,-0.4    -1,-0.3   0.884 109.3  39.5 -56.9 -41.0   23.4   34.7   -5.5
  274  275 A L  H <> S+     0   0    1     -3,-1.0     4,-1.9   -39,-0.6     8,-0.4   0.799 113.0  56.6 -79.6 -27.6   26.4   37.0   -4.5
  275  276 A E  H  <>S+     0   0   36     -4,-1.9     5,-3.2     2,-0.2     6,-0.3   0.913 110.6  44.1 -67.2 -41.7   28.9   34.2   -5.3
  276  277 A I  H ><5S+     0   0    9     -4,-2.8     3,-1.8     3,-0.2    -2,-0.2   0.947 112.6  51.0 -67.1 -49.5   27.6   33.9   -8.8
  277  278 A L  H 3<5S+     0   0    6     -4,-1.9    39,-2.1     1,-0.3    42,-0.2   0.858 113.3  45.3 -57.4 -37.5   27.4   37.7   -9.4
  278  279 A S  T ><5S-     0   0    1     -4,-1.9     3,-1.4    37,-0.2    -1,-0.3   0.333 113.2-120.9 -88.9   8.5   31.0   38.2   -8.2
  279  280 A N  T < 5S-     0   0   24     -3,-1.8    -3,-0.2     1,-0.3    -2,-0.1   0.844  76.6 -42.7  55.5  38.1   32.1   35.2  -10.3
  280  281 A G  T 3 <S+     0   0   16     -5,-3.2    -1,-0.3     2,-0.2    -4,-0.1   0.338 111.3 113.1  95.4  -8.2   33.4   33.3   -7.3
  281  282 A K  S <  S+     0   0   95     -3,-1.4     2,-0.4    -6,-0.3    -6,-0.1   0.964  75.5  50.4 -62.4 -53.0   35.1   36.2   -5.5
  282  283 A Y  S    S-     0   0    1     -8,-0.4     2,-0.4    -7,-0.2  -208,-0.2  -0.755  95.0-127.1 -87.9 132.9   32.7   36.2   -2.5
  283  284 A K        -     0   0   77   -210,-2.3     2,-0.9    -2,-0.4   -13,-0.4  -0.665  16.4-158.7 -92.0 133.1   32.3   32.7   -1.1
  284  285 A S        -     0   0   10     -2,-0.4   -13,-0.1   -15,-0.1  -207,-0.1  -0.874  33.7-148.4-103.3  98.2   29.1   30.8   -0.4
  285  286 A I        -     0   0   19     -2,-0.9   -52,-0.4   -15,-0.3     2,-0.4  -0.339  10.0-117.3 -76.8 148.2   30.3   28.2    2.1
  286  287 A L        +     0   0   57    -35,-0.5   -35,-2.7   -54,-0.1     2,-0.3  -0.660  46.7 160.8 -80.5 132.4   29.2   24.7    2.8
  287  288 A H  E     -JK 231 250C  10    -56,-2.3   -56,-2.0    -2,-0.4     2,-0.3  -0.936  19.5-173.4-148.3 169.7   27.7   24.2    6.3
  288  289 A R  E     - K   0 249C   6    -39,-1.8   -39,-2.2    -2,-0.3     2,-0.4  -0.894  21.2-116.6-152.7 179.0   25.5   21.9    8.4
  289  290 A G  E     -JK 228 248C   3    -61,-2.1   -62,-3.1    -2,-0.3   -61,-1.3  -0.987  16.5-151.1-136.2 130.8   23.9   21.7   11.8
  290  291 A L        -     0   0    3    -43,-2.5     2,-0.2    -2,-0.4   -64,-0.1  -0.635   7.6-154.1 -96.4 153.7   24.4   19.2   14.7
  291  292 A V        -     0   0    6    -69,-0.4  -257,-0.3   -66,-0.4     2,-0.3  -0.693   9.8-162.0-116.1 171.1   21.9   18.1   17.3
  292  293 A N        -     0   0    6      3,-0.3   -73,-2.6   -75,-0.3     5,-0.1  -0.921  28.0-120.8-148.3 172.7   22.4   16.8   20.9
  293  294 A K  S    S+     0   0  114    -75,-0.3   -75,-0.1    -2,-0.3     3,-0.1   0.405 101.6  53.0-100.3   2.8   20.7   14.9   23.7
  294  295 A E  S    S+     0   0  146      1,-0.3     2,-0.4   -75,-0.0    -1,-0.1   0.718 107.1  29.1-110.6 -25.0   20.9   17.6   26.4
  295  296 A K        -     0   0  111    -78,-0.1    -3,-0.3   -76,-0.1     2,-0.3  -0.993  67.8-123.3-145.2 138.3   19.5   20.8   25.0
  296  297 A V        -     0   0   41     -2,-0.4     2,-0.4    -3,-0.1    -3,-0.1  -0.560  33.0-151.3 -73.0 132.5   16.9   21.9   22.5
  297  298 A R  E     -F  216   0A  16    -81,-2.1   -81,-3.1    -2,-0.3     2,-0.3  -0.874  15.1-177.6-110.4 143.6   18.5   24.2   19.9
  298  299 A I  E     -F  215   0A   2     -2,-0.4   -55,-1.7   -83,-0.2     2,-0.3  -0.997   2.9-179.0-139.9 143.7   16.7   27.0   18.0
  299  300 A S  E     -FH 214 242A   6    -85,-1.7   -85,-2.8    -2,-0.3     2,-0.5  -0.977  18.8-146.5-141.7 153.8   17.8   29.4   15.3
  300  301 A W  E     -FH 213 241A   2    -59,-2.6   -59,-1.6    -2,-0.3     2,-0.5  -0.925  21.2-173.4-123.8 102.9   16.1   32.3   13.3
  301  302 A A  E     -FH 212 240A   2    -89,-2.8   -89,-2.7    -2,-0.5     2,-0.6  -0.851   9.0-164.6-105.2 131.0   17.4   32.6    9.8
  302  303 A V  E     -FH 211 239A   3    -63,-2.3   -63,-2.1    -2,-0.5     2,-0.5  -0.948   8.6-159.3-114.0 114.4   16.4   35.5    7.5
  303  304 A F  E     -FH 210 238A  36    -93,-2.3   -93,-2.5    -2,-0.6     2,-0.9  -0.833   7.4-150.6 -98.3 123.3   17.2   34.9    3.8
  304  305 A C  E     -FH 209 237A   2    -67,-2.7   -68,-2.5    -2,-0.5   -67,-0.8  -0.808  28.1-177.4 -92.4 103.9   17.4   38.0    1.5
  305  306 A E  E     -F  208   0A  18    -97,-2.4   -97,-3.2    -2,-0.9   -70,-0.1  -0.760  24.6-129.9-108.5 151.8   16.3   36.7   -1.9
  306  307 A P        -     0   0    0      0, 0.0  -104,-0.2     0, 0.0   -99,-0.1  -0.421  56.5 -69.2 -86.0 167.3   16.1   38.3   -5.4
  307  308 A P     >  -     0   0    8      0, 0.0     4,-0.7     0, 0.0    26,-0.5  -0.389  48.9-130.3 -58.7 136.6   12.8   37.9   -7.3
  308  309 A K  T  4 S+     0   0   88      1,-0.2    26,-2.1    25,-0.1    27,-0.4   0.735  94.2  10.0 -63.5 -27.2   12.6   34.2   -8.3
  309  310 A D  T  4 S+     0   0  121     24,-0.1    -1,-0.2    23,-0.1    26,-0.0   0.622 111.9  75.6-124.0 -24.7   11.8   34.7  -12.0
  310  311 A K  T  4 S+     0   0  145   -104,-0.1     2,-0.4     1,-0.1    -2,-0.1   0.700  93.2  52.8 -65.5 -23.5   12.3   38.4  -12.8
  311  312 A I     <  -     0   0   37     -4,-0.7     2,-0.7  -110,-0.1    22,-0.6  -0.953  67.4-144.2-125.5 136.8   16.1   38.3  -12.8
  312  313 A V  E     -M  332   0D  92     -2,-0.4     2,-0.4    20,-0.2    20,-0.3  -0.854  24.8-145.2 -95.4 114.7   18.7   36.1  -14.7
  313  314 A L  E     +M  331   0D   4     18,-3.3    18,-2.2    -2,-0.7  -112,-0.0  -0.675  38.5 130.6 -87.3 130.0   21.7   35.5  -12.4
  314  315 A K        -     0   0   84     -2,-0.4   -38,-0.0    16,-0.2   -35,-0.0  -0.965  64.7 -63.4-165.1 163.9   25.2   35.3  -13.9
  315  316 A P        -     0   0    1      0, 0.0   -38,-0.2     0, 0.0   -37,-0.2  -0.352  61.7-109.4 -58.9 137.5   28.6   36.8  -13.3
  316  317 A L    >   -     0   0    7    -39,-2.1     3,-1.2   -40,-0.1     4,-0.3  -0.309  25.4-114.0 -64.2 151.4   28.6   40.6  -13.9
  317  318 A P  G >  S+     0   0   84      0, 0.0     3,-2.1     0, 0.0    -1,-0.1   0.917 116.3  56.6 -53.2 -47.1   30.4   41.9  -17.0
  318  319 A E  G 3  S+     0   0   98      1,-0.3   -40,-0.0     3,-0.0    -2,-0.0   0.743 104.8  53.7 -57.4 -25.5   33.0   43.7  -14.9
  319  320 A M  G <  S+     0   0   30     -3,-1.2     2,-0.4   -42,-0.2    -1,-0.3   0.407 100.3  73.0 -91.5   1.3   33.9   40.4  -13.2
  320  321 A V    <   +     0   0   51     -3,-2.1     2,-0.3    -4,-0.3     6,-0.0  -0.959  52.1 146.8-122.7 136.2   34.5   38.4  -16.4
  321  322 A S        -     0   0   41      3,-1.8     3,-0.4    -2,-0.4    -3,-0.0  -0.910  62.0 -88.1-151.3 174.9   37.4   38.6  -18.9
  322  323 A V  S    S+     0   0  144     -2,-0.3    -1,-0.0     1,-0.3    -2,-0.0   0.856 131.5  42.8 -58.6 -34.6   39.4   36.5  -21.2
  323  324 A E  S    S+     0   0  159      1,-0.3    -1,-0.3    -3,-0.0    -3,-0.0   0.657 121.2  42.3 -85.0 -18.2   41.7   35.6  -18.3
  324  325 A S  S    S-     0   0   59     -3,-0.4    -3,-1.8     0, 0.0    -1,-0.3  -0.674  82.3-169.2-129.2  76.2   38.8   35.2  -15.9
  325  326 A P        -     0   0   91      0, 0.0    -3,-0.1     0, 0.0     2,-0.0  -0.221  39.1 -79.7 -64.5 156.5   36.1   33.3  -17.7
  326  327 A A        -     0   0   56      1,-0.1    -6,-0.1   -11,-0.1   -46,-0.0  -0.319  33.8-159.8 -58.7 132.6   32.6   32.9  -16.2
  327  328 A K  S    S+     0   0  151    -51,-0.2    -1,-0.1     1,-0.1   -51,-0.0   0.528  75.2  40.1 -92.4  -6.7   32.4   30.3  -13.6
  328  329 A F  S    S-     0   0   44    -52,-0.1    -1,-0.1     3,-0.0     3,-0.1  -0.999  77.6-127.5-142.4 143.3   28.6   29.9  -13.8
  329  330 A P        -     0   0   84      0, 0.0     2,-0.3     0, 0.0    -2,-0.0  -0.343  48.2 -77.8 -81.4 169.6   26.1   29.8  -16.7
  330  331 A P        +     0   0   66      0, 0.0     2,-0.3     0, 0.0   -16,-0.2  -0.522  64.3 149.0 -73.2 132.4   23.0   32.1  -16.8
  331  332 A R  E     -M  313   0D 111    -18,-2.2   -18,-3.3    -2,-0.3     2,-0.1  -0.988  41.1-118.1-158.2 155.2   20.0   31.1  -14.6
  332  333 A T  E  >  -M  312   0D   8     -2,-0.3     4,-2.5   -20,-0.3     5,-0.2  -0.462  40.3-102.9 -88.7 169.2   17.1   32.5  -12.5
  333  334 A F  H  > S+     0   0    1    -22,-0.6     4,-2.2   -26,-0.5     5,-0.2   0.940 125.0  47.5 -56.2 -49.9   16.8   32.0   -8.8
  334  335 A A  H  > S+     0   0   21    -26,-2.1     4,-2.1     1,-0.2    -1,-0.2   0.901 113.1  47.8 -59.3 -44.1   14.1   29.4   -9.4
  335  336 A Q  H  > S+     0   0   84    -27,-0.4     4,-1.9     2,-0.2    -1,-0.2   0.829 109.1  54.4 -67.9 -33.0   16.2   27.6  -12.1
  336  337 A H  H  X S+     0   0   25     -4,-2.5     4,-2.0     2,-0.2    -2,-0.2   0.926 109.1  47.1 -66.4 -45.6   19.3   27.7   -9.8
  337  338 A I  H  X S+     0   0   45     -4,-2.2     4,-2.4     1,-0.2     5,-0.2   0.922 112.0  50.7 -60.8 -45.1   17.4   25.9   -7.0
  338  339 A E  H  X S+     0   0  131     -4,-2.1     4,-2.2     1,-0.2    -1,-0.2   0.874 108.6  52.8 -62.2 -36.8   16.0   23.4   -9.4
  339  340 A H  H  X S+     0   0  116     -4,-1.9     4,-1.1     2,-0.2    -1,-0.2   0.894 110.4  46.5 -66.6 -39.8   19.5   22.7  -10.7
  340  341 A K  H  X S+     0   0   39     -4,-2.0     4,-1.4     2,-0.2    -2,-0.2   0.890 115.0  46.6 -69.1 -39.0   20.9   22.0   -7.3
  341  342 A L  H  X S+     0   0  112     -4,-2.4     4,-2.0     1,-0.2    -2,-0.2   0.832 108.6  56.0 -70.6 -33.4   17.9   19.8   -6.4
  342  343 A F  H  X S+     0   0  109     -4,-2.2     4,-1.9    -5,-0.2    -1,-0.2   0.788 103.3  58.2 -68.2 -27.9   18.3   18.0   -9.7
  343  344 A G  H  < S+     0   0   42     -4,-1.1    -2,-0.2     2,-0.2    -1,-0.2   0.973 109.4  39.0 -66.7 -56.3   21.9   17.2   -8.8
  344  345 A K  H  < S+     0   0  136     -4,-1.4    -2,-0.2     2,-0.2    -1,-0.2   0.923 114.6  54.8 -60.4 -46.3   21.2   15.3   -5.6
  345  346 A E  H  <        0   0  124     -4,-2.0  -213,-0.3     1,-0.2    -1,-0.2   0.920 360.0 360.0 -53.7 -48.6   18.1   13.6   -7.1
  346  347 A Q     <        0   0  171     -4,-1.9    -2,-0.2    -5,-0.2    -1,-0.2   0.969 360.0 360.0 -62.8 360.0   20.2   12.2  -10.0
