==== Secondary Structure Definition by the program DSSP, CMBI version by M.L. Hekkelman/2010-10-21 ==== DATE=2014-07-07        .
REFERENCE W. KABSCH AND C.SANDER, BIOPOLYMERS 22 (1983) 2577-2637                                                              .
                                                                                                                               .
  556  1  0  0  0 TOTAL NUMBER OF RESIDUES, NUMBER OF CHAINS, NUMBER OF SS-BRIDGES(TOTAL,INTRACHAIN,INTERCHAIN)                .
 22657.4   ACCESSIBLE SURFACE OF PROTEIN (ANGSTROM**2)                                                                         .
  366 65.8   TOTAL NUMBER OF HYDROGEN BONDS OF TYPE O(I)-->H-N(J)  , SAME NUMBER PER 100 RESIDUES                              .
   33  5.9   TOTAL NUMBER OF HYDROGEN BONDS IN     PARALLEL BRIDGES, SAME NUMBER PER 100 RESIDUES                              .
   51  9.2   TOTAL NUMBER OF HYDROGEN BONDS IN ANTIPARALLEL BRIDGES, SAME NUMBER PER 100 RESIDUES                              .
    2  0.4   TOTAL NUMBER OF HYDROGEN BONDS OF TYPE O(I)-->H-N(I-5), SAME NUMBER PER 100 RESIDUES                              .
    1  0.2   TOTAL NUMBER OF HYDROGEN BONDS OF TYPE O(I)-->H-N(I-4), SAME NUMBER PER 100 RESIDUES                              .
    1  0.2   TOTAL NUMBER OF HYDROGEN BONDS OF TYPE O(I)-->H-N(I-3), SAME NUMBER PER 100 RESIDUES                              .
    0  0.0   TOTAL NUMBER OF HYDROGEN BONDS OF TYPE O(I)-->H-N(I-2), SAME NUMBER PER 100 RESIDUES                              .
    0  0.0   TOTAL NUMBER OF HYDROGEN BONDS OF TYPE O(I)-->H-N(I-1), SAME NUMBER PER 100 RESIDUES                              .
    0  0.0   TOTAL NUMBER OF HYDROGEN BONDS OF TYPE O(I)-->H-N(I+0), SAME NUMBER PER 100 RESIDUES                              .
    0  0.0   TOTAL NUMBER OF HYDROGEN BONDS OF TYPE O(I)-->H-N(I+1), SAME NUMBER PER 100 RESIDUES                              .
   41  7.4   TOTAL NUMBER OF HYDROGEN BONDS OF TYPE O(I)-->H-N(I+2), SAME NUMBER PER 100 RESIDUES                              .
   77 13.8   TOTAL NUMBER OF HYDROGEN BONDS OF TYPE O(I)-->H-N(I+3), SAME NUMBER PER 100 RESIDUES                              .
  126 22.7   TOTAL NUMBER OF HYDROGEN BONDS OF TYPE O(I)-->H-N(I+4), SAME NUMBER PER 100 RESIDUES                              .
   11  2.0   TOTAL NUMBER OF HYDROGEN BONDS OF TYPE O(I)-->H-N(I+5), SAME NUMBER PER 100 RESIDUES                              .
  1  2  3  4  5  6  7  8  9 10 11 12 13 14 15 16 17 18 19 20 21 22 23 24 25 26 27 28 29 30     *** HISTOGRAMS OF ***           .
  0  0  0  3  3  2  1  1  0  1  2  1  1  1  2  0  0  0  0  0  0  0  0  0  0  0  0  0  0  0    RESIDUES PER ALPHA HELIX         .
  1  1  2  4  0  0  0  0  0  0  0  0  0  0  0  0  0  0  0  0  0  0  0  0  0  0  0  0  0  0    PARALLEL BRIDGES PER LADDER      .
  4  2  1  2  2  0  0  1  0  0  0  0  0  0  0  0  0  0  0  0  0  0  0  0  0  0  0  0  0  0    ANTIPARALLEL BRIDGES PER LADDER  .
  3  1  0  1  0  0  1  0  0  0  0  0  0  0  0  0  0  0  0  0  0  0  0  0  0  0  0  0  0  0    LADDERS PER SHEET                .
  #  RESIDUE AA STRUCTURE BP1 BP2  ACC     N-H-->O    O-->H-N    N-H-->O    O-->H-N    TCO  KAPPA ALPHA  PHI   PSI    X-CA   Y-CA   Z-CA 
    1   43 A E              0   0  140      0, 0.0     0, 0.0     0, 0.0     0, 0.0   0.000 360.0 360.0 360.0 -40.2   40.6   42.2   79.4
    2   44 A Y        -     0   0   82      1,-0.0     0, 0.0     0, 0.0     0, 0.0   0.936 360.0-144.4  44.2  73.2   37.9   44.7   78.3
    3   45 A P        +     0   0   87      0, 0.0     2,-0.2     0, 0.0     3,-0.1  -0.050  25.7 170.5 -58.3 167.6   36.9   46.2   81.7
    4   46 A A    >>  -     0   0   20      1,-0.1     3,-1.2     0, 0.0     4,-1.1  -0.822  41.4-126.2-178.7 138.6   33.3   47.1   82.4
    5   47 A W  H >> S+     0   0   84      1,-0.3     4,-1.8    -2,-0.2     3,-0.7   0.906 111.5  54.5 -60.0 -42.1   31.4   48.2   85.4
    6   48 A W  H 34 S+     0   0   47      1,-0.2    -1,-0.3     2,-0.2     5,-0.1   0.586 104.8  55.5 -68.4 -11.6   28.8   45.5   85.0
    7   49 A K  H <4 S+     0   0   14     -3,-1.2    -1,-0.2     1,-0.1    -2,-0.2   0.735 114.9  36.9 -89.7 -27.8   31.5   42.9   84.9
    8   50 A E  H << S+     0   0   86     -4,-1.1    -2,-0.2    -3,-0.7    -3,-0.1   0.629 100.2 100.9 -97.2 -18.2   32.9   44.0   88.3
    9   51 A A     <  -     0   0    1     -4,-1.8     2,-0.5    -5,-0.2    36,-0.1  -0.162  66.0-134.3 -71.3 161.4   29.6   44.7   89.9
   10   52 A V        -     0   0    0     34,-0.2    36,-2.4   350,-0.1    37,-1.5  -0.984  25.5-153.4-116.2 115.5   27.5   42.7   92.3
   11   53 A F  E     -ab  47 362A   1    350,-2.4   352,-2.8    -2,-0.5     2,-0.4  -0.686   6.5-158.0 -93.6 147.0   23.9   42.5   91.4
   12   54 A Y  E     -ab  48 363A   0     35,-2.2    37,-2.5    -2,-0.3     2,-0.5  -0.984  12.2-144.0-121.9 131.5   21.0   42.0   93.7
   13   55 A Q  E     -ab  49 364A   2    350,-2.7   352,-2.1    -2,-0.4     2,-0.5  -0.854  13.6-165.2-100.7 130.7   17.6   40.7   92.4
   14   56 A I  E     -a   50   0A   0     35,-3.0    37,-2.4    -2,-0.5     3,-0.1  -0.957  17.6-163.0-119.6 131.9   14.3   42.0   93.8
   15   57 A Y    >   -     0   0    2     -2,-0.5     3,-2.9    35,-0.2     4,-0.2  -0.850  20.2-158.2-108.0  86.0   10.9   40.4   93.3
   16   58 A P  G >> S+     0   0    2      0, 0.0     3,-2.0     0, 0.0     4,-0.7   0.767  85.0  63.8 -32.6 -54.1    8.9   43.6   94.5
   17   59 A R  G 34 S+     0   0   33      1,-0.3    11,-3.0    10,-0.1   420,-0.2   0.807 116.9  30.5 -48.0 -32.1    5.8   41.7   95.4
   18   60 A S  G <4 S+     0   0    0     -3,-2.9   403,-2.4     9,-0.2    -1,-0.3   0.186 103.7  76.9-117.9  18.8    7.8   39.9   98.0
   19   61 A F  T <4 S-     0   0    0     -3,-2.0     2,-0.3     1,-0.2    -2,-0.1   0.928 104.9 -22.2 -92.1 -68.1   10.5   42.4   99.1
   20   62 A K     <  -     0   0   43     -4,-0.7     9,-2.6     9,-0.2    12,-0.4  -0.938  50.0-149.5-152.8 127.5    8.8   45.0  101.4
   21   63 A D        +     0   0    1    410,-1.9     7,-0.2    -2,-0.3    -4,-0.0  -0.770  16.4 172.8 -93.4 135.2    5.3   46.2  102.0
   22   64 A T  S    S+     0   0   27     -2,-0.4    -1,-0.1     5,-0.4     6,-0.1   0.582  77.2  44.4-116.4 -16.2    4.8   49.8  103.1
   23   65 A N  S    S-     0   0  117      4,-0.3   409,-0.1     0, 0.0     5,-0.1   0.301 103.0-120.8-110.2   6.6    1.0   50.3  103.0
   24   66 A D  S    S+     0   0   46    407,-0.1   411,-0.3     1,-0.1   408,-0.1   0.781  74.6 127.0  61.9  31.8    0.1   47.0  104.6
   25   67 A D  S    S-     0   0   88      2,-0.3    -1,-0.1   409,-0.1     3,-0.1   0.428  85.2-109.3 -93.6   1.4   -2.0   45.6  101.8
   26   68 A G  S    S+     0   0    0      1,-0.2   411,-2.5   410,-0.1     2,-0.4   0.496  86.5 107.6  86.9   6.1    0.2   42.5  102.1
   27   69 A I  S    S-     0   0   19    409,-0.2    -5,-0.4   410,-0.1    -4,-0.3  -0.962  73.0-115.2-121.6 131.9    2.1   43.2   98.8
   28   70 A G        -     0   0    0    -11,-3.0    -7,-0.3    -2,-0.4     2,-0.3  -0.282  40.7-171.6 -60.2 146.2    5.6   44.4   98.4
   29   71 A D    >>  -     0   0   12     -9,-2.6     4,-1.3     1,-0.1     3,-0.5  -0.854  37.9-100.2-137.3 172.7    5.9   47.8   96.8
   30   72 A I  H 3> S+     0   0    2     45,-2.2     4,-2.3    -2,-0.3     5,-0.2   0.864 119.2  56.9 -62.8 -37.9    8.4   50.3   95.3
   31   73 A R  H 3> S+     0   0   98     44,-0.4     4,-2.6     1,-0.2    -1,-0.3   0.821 102.3  59.1 -63.8 -27.2    8.4   52.5   98.4
   32   74 A G  H <> S+     0   0    0     -3,-0.5     4,-1.3   -12,-0.4    -1,-0.2   0.918 104.6  48.4 -65.9 -42.2    9.5   49.3  100.2
   33   75 A I  H >< S+     0   0    1     -4,-1.3     3,-0.8   -13,-0.2     4,-0.3   0.951 110.7  50.4 -62.1 -49.0   12.5   49.0   98.0
   34   76 A I  H >< S+     0   0   37     -4,-2.3     3,-1.9     1,-0.3     4,-0.4   0.941 106.5  56.5 -53.0 -50.0   13.4   52.7   98.6
   35   77 A E  H 3< S+     0   0  115     -4,-2.6     3,-0.3     1,-0.3    -1,-0.3   0.805 111.1  43.8 -52.5 -33.3   13.1   52.1  102.4
   36   78 A K  T <X S+     0   0   46     -4,-1.3     4,-2.0    -3,-0.8    -1,-0.3   0.270  78.3 104.0-101.1  13.0   15.7   49.3  102.2
   37   79 A L  H <> S+     0   0    0     -3,-1.9     4,-2.1    -4,-0.3     5,-0.2   0.868  81.0  53.9 -61.8 -37.0   18.3   50.9  100.0
   38   80 A D  H  > S+     0   0  101     -4,-0.4     4,-2.5    -3,-0.3    -1,-0.2   0.898 105.9  53.8 -64.1 -38.3   20.6   51.6  102.9
   39   81 A Y  H  > S+     0   0   14      1,-0.2     4,-1.5     2,-0.2    -2,-0.2   0.952 112.7  43.6 -57.7 -49.1   20.3   47.9  103.8
   40   82 A L  H  X>S+     0   0    0     -4,-2.0     5,-2.5     2,-0.2     4,-0.8   0.779 112.4  51.5 -69.6 -27.9   21.5   47.0  100.3
   41   83 A K  H  <5S+     0   0  100     -4,-2.1     3,-0.4     2,-0.2    -1,-0.2   0.906 109.7  49.6 -74.5 -41.9   24.2   49.6  100.2
   42   84 A S  H  <5S+     0   0   65     -4,-2.5    -2,-0.2     1,-0.3    -1,-0.2   0.835 105.8  57.5 -63.6 -33.5   25.6   48.4  103.4
   43   85 A L  H  <5S-     0   0    3     -4,-1.5    -1,-0.3    -5,-0.2    -2,-0.2   0.795 122.7-110.6 -66.7 -29.2   25.5   44.9  102.0
   44   86 A G  T  <5 +     0   0   24     -4,-0.8    -3,-0.2    -3,-0.4   -34,-0.2   0.604  56.5 166.0 107.1  17.4   27.7   46.2   99.2
   45   87 A I      < -     0   0    5     -5,-2.5    -1,-0.2     1,-0.1   -34,-0.2  -0.407  18.9-177.8 -69.6 136.5   25.3   46.0   96.3
   46   88 A D        +     0   0   30    -36,-2.4    48,-2.5     1,-0.3     2,-0.3   0.756  68.2  13.8-102.5 -34.6   26.2   47.9   93.1
   47   89 A A  E     -ac  11  94A   1    -37,-1.5   -35,-2.2    46,-0.3     2,-0.4  -0.992  62.0-147.3-145.0 151.4   23.1   47.3   90.9
   48   90 A I  E     -ac  12  95A   1     46,-2.9    48,-3.4    -2,-0.3     2,-0.6  -0.972   1.7-159.0-123.9 132.6   19.6   46.0   91.4
   49   91 A W  E     -ac  13  96A   0    -37,-2.5   -35,-3.0    -2,-0.4     2,-0.4  -0.944  14.9-162.1-107.3 118.3   17.5   44.1   88.9
   50   92 A I  E     -ac  14  97A   2     46,-2.1    48,-0.6    -2,-0.6   -35,-0.2  -0.867  18.1-123.4-102.9 137.4   13.8   44.4   89.7
   51   93 A N        -     0   0    3    -37,-2.4    47,-0.1    -2,-0.4    11,-0.1  -0.179  66.7 -38.9 -65.3 170.4   11.3   41.9   88.3
   52   94 A P        +     0   0    1      0, 0.0    -1,-0.2     0, 0.0    11,-0.1   0.049  55.5 175.6 -37.5 125.5    8.4   43.4   86.2
   53   95 A H        +     0   0    1     45,-0.3    19,-2.7    -3,-0.2     2,-0.1   0.180  42.0 109.2-120.1  15.7    7.0   46.6   87.6
   54   96 A Y  E    S-H   71   0B   3     17,-0.3    17,-0.3     8,-0.3    14,-0.1  -0.467  82.9 -70.1 -94.5 165.1    4.5   47.5   84.8
   55   97 A D  E     +H   67   0B  42     15,-2.2    11,-2.4    12,-0.9    12,-1.0  -0.253  68.7 159.4 -51.7 127.0    0.7   47.5   84.7
   56   98 A S        -     0   0    8      9,-0.2     9,-0.2    10,-0.2    17,-0.1  -0.975  55.6-133.8-160.1 140.8   -0.4   43.8   84.7
   57   99 A P        -     0   0   56      0, 0.0     8,-0.1     0, 0.0     4,-0.1   0.707  51.9-130.9 -64.4 -17.5   -3.4   41.6   85.5
   58  100 A N    >   +     0   0   28      6,-0.6     3,-0.8     2,-0.1     7,-0.1   0.821  62.6 141.3  69.9  36.5   -0.9   39.5   87.4
   59  101 A T  T 3  S+     0   0   50      1,-0.3   326,-0.1     5,-0.2   108,-0.1   0.794  93.2  22.1 -72.9 -26.6   -1.8   36.2   85.9
   60  102 A D  T >  S-     0   0   11      4,-0.1     3,-2.1   106,-0.1    -1,-0.3  -0.274 122.3 -99.2-133.2  43.4    2.0   35.6   85.9
   61  103 A N  T <  S-     0   0   24     -3,-0.8   -44,-0.1     1,-0.3    -2,-0.0   0.841  93.9 -28.3  37.8  56.4    2.9   38.2   88.6
   62  104 A G  T 3  S+     0   0    0      2,-0.2    -1,-0.3    -9,-0.1    -8,-0.3   0.090 116.2  96.8 103.5 -25.7    4.0   40.9   86.3
   63  105 A Y  S <  S+     0   0    9     -3,-2.1     2,-0.7     1,-0.2    -2,-0.1   0.441  73.7  71.5 -79.6   1.4    5.2   39.0   83.2
   64  106 A D  S    S-     0   0    0    -12,-0.1    -6,-0.6    41,-0.0     2,-0.4  -0.886  79.1-165.4-115.2  91.9    1.9   39.5   81.5
   65  107 A I        +     0   0    0     -2,-0.7    40,-3.5    38,-0.2    -9,-0.2  -0.701  24.8 177.0 -87.5 127.2    2.1   43.2   80.7
   66  108 A S  S    S+     0   0   12    -11,-2.4   -10,-0.2    -2,-0.4     2,-0.2   0.483  82.6  17.9-102.9  -7.2   -1.0   45.2   79.7
   67  109 A N  E >   -H   55   0B  60    -12,-1.0     3,-1.4     3,-0.2   -12,-0.9  -0.627  62.0-160.5-167.2 101.4    0.8   48.5   79.5
   68  110 A Y  E 3  S+     0   0B   9      1,-0.2    32,-0.0    -3,-0.2    -1,-0.0   0.631  91.5  47.9 -59.0 -19.2    4.6   48.9   79.2
   69  111 A R  E 3  S+     0   0B 145      2,-0.1     2,-0.4   -15,-0.0    -1,-0.2   0.399  94.8  83.7-107.4   3.2    4.7   52.5   80.3
   70  112 A Q  E <  S-     0   0B  98     -3,-1.4   -15,-2.2   -15,-0.1     2,-0.3  -0.873  77.1-119.9-111.7 140.7    2.5   52.4   83.4
   71  113 A I  E     -H   54   0B   8     -2,-0.4   -17,-0.3   -17,-0.3     5,-0.1  -0.573  40.1 -99.4 -76.4 135.3    3.6   51.3   86.9
   72  114 A M    >>  -     0   0    0    -19,-2.7     4,-1.2    -2,-0.3     3,-1.0  -0.291  27.5-131.7 -54.1 131.0    1.8   48.3   88.4
   73  115 A K  G >4 S+     0   0  168      1,-0.3     3,-0.6     2,-0.2    -1,-0.1   0.886 106.4  57.2 -54.4 -40.8   -0.9   49.6   90.7
   74  116 A E  G 34 S+     0   0   44      1,-0.2    -1,-0.3   -45,-0.1   -49,-0.1   0.821 109.1  46.3 -61.3 -30.5    0.2   47.2   93.4
   75  117 A Y  G <4 S-     0   0    5     -3,-1.0   -45,-2.2     1,-0.2   -44,-0.4   0.639 113.9-110.8 -89.5 -14.9    3.7   48.6   93.3
   76  118 A G    <<  -     0   0   26     -4,-1.2    -1,-0.2    -3,-0.6     2,-0.2  -0.929  42.7 -43.5 128.5-150.9    2.9   52.3   93.4
   77  119 A T     >  -     0   0   67     -2,-0.3     4,-1.7    -3,-0.1    -5,-0.1  -0.568  51.7 -97.6-116.8-179.2    3.1   55.3   91.1
   78  120 A M  H  > S+     0   0   69      1,-0.2     4,-3.3     2,-0.2     5,-0.3   0.884 122.6  59.5 -64.9 -39.6    5.5   56.9   88.6
   79  121 A E  H  > S+     0   0  135      1,-0.2     4,-2.4     2,-0.2    -1,-0.2   0.889 104.2  50.4 -55.7 -41.7    6.6   59.3   91.3
   80  122 A D  H  > S+     0   0   43      2,-0.2     4,-1.4     1,-0.2    -1,-0.2   0.927 112.9  46.2 -62.9 -45.6    7.6   56.3   93.4
   81  123 A F  H >X S+     0   0    4     -4,-1.7     4,-2.0     2,-0.2     3,-1.2   0.977 112.5  48.1 -61.1 -58.4    9.6   54.8   90.5
   82  124 A D  H 3X S+     0   0   92     -4,-3.3     4,-2.2     1,-0.3    -1,-0.2   0.902 111.0  53.7 -49.3 -43.2   11.3   58.1   89.6
   83  125 A S  H 3X S+     0   0   57     -4,-2.4     4,-2.5    -5,-0.3    -1,-0.3   0.808 104.7  54.4 -63.2 -30.7   12.2   58.4   93.3
   84  126 A L  H <X S+     0   0    0     -4,-1.4     4,-2.9    -3,-1.2     5,-0.2   0.952 108.9  46.9 -67.3 -50.3   13.8   54.9   93.3
   85  127 A V  H  X S+     0   0    7     -4,-2.0     4,-2.7     1,-0.2    -2,-0.2   0.907 115.1  48.1 -55.8 -44.5   16.1   55.8   90.4
   86  128 A A  H  X S+     0   0   38     -4,-2.2     4,-1.9    -5,-0.2    -2,-0.2   0.916 113.6  44.6 -64.3 -47.3   17.0   59.1   92.2
   87  129 A E  H  X S+     0   0   48     -4,-2.5     4,-1.0     2,-0.2    -2,-0.2   0.874 115.7  48.6 -66.8 -37.0   17.6   57.5   95.6
   88  130 A M  H ><>S+     0   0    1     -4,-2.9     5,-2.7     2,-0.2     3,-0.8   0.933 110.3  50.3 -67.5 -45.4   19.6   54.7   94.0
   89  131 A K  H ><5S+     0   0  131     -4,-2.7     3,-1.6     1,-0.3    -2,-0.2   0.871 105.4  58.4 -59.1 -37.1   21.7   57.1   91.9
   90  132 A K  H 3<5S+     0   0  156     -4,-1.9    -1,-0.3     1,-0.3    -2,-0.2   0.813 110.6  42.3 -62.2 -31.5   22.3   59.1   95.1
   91  133 A R  T <<5S-     0   0   53     -4,-1.0    -1,-0.3    -3,-0.8    -2,-0.2   0.127 119.8-109.2-101.9  17.6   23.9   55.9   96.6
   92  134 A N  T < 5S+     0   0  127     -3,-1.6     2,-0.4     1,-0.2    -3,-0.2   0.866  72.6 140.5  56.4  41.4   25.8   55.1   93.4
   93  135 A M      < -     0   0    5     -5,-2.7     2,-0.3    -8,-0.1   -46,-0.3  -0.940  44.3-137.4-115.9 136.2   23.5   52.1   92.7
   94  136 A R  E     -c   47   0A 109    -48,-2.5   -46,-2.9    -2,-0.4     2,-0.5  -0.729  10.1-137.9 -97.3 142.2   22.4   51.2   89.2
   95  137 A L  E     -c   48   0A   5     -2,-0.3   100,-1.6    97,-0.3    99,-1.5  -0.859  16.0-173.2-103.0 124.7   18.8   50.1   88.3
   96  138 A M  E     -cd  49 195A   1    -48,-3.4   -46,-2.1    -2,-0.5   100,-0.3  -0.964  12.2-156.5-114.2 126.2   18.2   47.3   85.8
   97  139 A I  E     -cd  50 196A   0     98,-2.5   100,-3.0    -2,-0.5     2,-0.6  -0.630  20.9-108.9-102.4 163.6   14.6   46.6   84.8
   98  140 A D  E     - d   0 197A   0    -48,-0.6     2,-0.7    -2,-0.2   -45,-0.3  -0.805  28.3-156.8 -92.7 119.9   13.0   43.5   83.5
   99  141 A V  E     - d   0 198A   3     98,-3.3   100,-2.2    -2,-0.6     2,-0.7  -0.870  11.7-178.4-103.8 113.0   12.1   43.7   79.8
  100  142 A V        +     0   0    1     -2,-0.7   -35,-0.2    98,-0.2   100,-0.1  -0.791  27.8 135.7-114.0  89.7    9.3   41.4   78.8
  101  143 A I        +     0   0    0     -2,-0.7    -1,-0.1    98,-0.3     3,-0.1   0.132  46.5  88.7-121.6  18.6    8.7   41.8   75.0
  102  144 A N  S    S-     0   0    0      1,-0.3    68,-1.3    97,-0.2     2,-0.3   0.643 111.1  -9.6 -83.9 -17.4    8.4   38.2   73.8
  103  145 A H  B     -I  169   0C   2     66,-0.3    -1,-0.3   -40,-0.1     2,-0.2  -0.968  65.0-142.5-166.0 171.4    4.7   38.6   74.6
  104  146 A T        -     0   0    0     64,-1.9   -38,-0.2    -2,-0.3     2,-0.1  -0.762  40.4 -75.7-134.2-179.9    2.2   40.9   76.3
  105  147 A S    >   -     0   0    0    -40,-3.5     3,-1.4    -2,-0.2     6,-0.3  -0.420  36.3-123.1 -75.7 156.8   -0.9   40.4   78.4
  106  148 A D  T 3  S+     0   0   24     60,-1.1    -1,-0.1     1,-0.3    61,-0.1   0.450 115.6  60.6 -80.0   2.9   -4.1   39.4   76.6
  107  149 A Q  T 3  S+     0   0  100     59,-0.3    -1,-0.3   -42,-0.1   -41,-0.1   0.142  77.7 118.5-110.2  14.4   -5.5   42.6   78.1
  108  150 A H  S X> S-     0   0    7     -3,-1.4     4,-2.5   -43,-0.1     3,-1.1  -0.651  76.2-119.7 -82.4 137.5   -2.9   44.8   76.4
  109  151 A P  H 3> S+     0   0   62      0, 0.0     4,-2.2     0, 0.0     5,-0.3   0.838 113.6  56.7 -44.2 -41.6   -4.5   47.4   74.0
  110  152 A W  H 3> S+     0   0   33      1,-0.2     4,-2.1     2,-0.2    15,-0.2   0.896 112.7  40.0 -60.9 -40.7   -2.6   45.8   71.1
  111  153 A F  H <> S+     0   0    0     -3,-1.1     4,-2.2    -6,-0.3    -1,-0.2   0.816 109.9  58.4 -79.3 -31.0   -4.1   42.4   71.7
  112  154 A I  H  X S+     0   0   86     -4,-2.5     4,-0.8     2,-0.2    -2,-0.2   0.932 115.2  37.4 -62.4 -43.2   -7.6   43.8   72.5
  113  155 A Q  H >X S+     0   0   93     -4,-2.2     4,-0.9    -5,-0.2     3,-0.7   0.907 114.7  54.3 -73.2 -43.2   -7.7   45.4   69.1
  114  156 A S  H 3< S+     0   0    0     -4,-2.1     3,-0.2    -5,-0.3    -2,-0.2   0.833 110.0  49.7 -58.3 -32.6   -5.9   42.5   67.4
  115  157 A K  H 3< S+     0   0   73     -4,-2.2    40,-0.3     1,-0.2    -1,-0.2   0.691  97.5  69.4 -80.1 -23.0   -8.6   40.2   68.9
  116  158 A S  H << S+     0   0   40     -4,-0.8     2,-0.3    -3,-0.7    -1,-0.2   0.833 110.1   3.3 -69.1 -34.8  -11.6   42.3   67.7
  117  159 A D    ><  -     0   0   92     -4,-0.9     3,-0.6    -3,-0.2    -1,-0.2  -0.996  56.8-126.5-153.5 156.1  -11.3   41.6   64.0
  118  160 A K  T 3  S+     0   0  103     -2,-0.3    -1,-0.1     1,-0.2    10,-0.1   0.568 116.5  41.1 -77.3  -9.5   -9.3   39.6   61.4
  119  161 A N  T 3  S+     0   0  147      4,-0.1    -1,-0.2     3,-0.0    -5,-0.1   0.286  82.8 130.4-119.2   6.4   -8.7   42.9   59.5
  120  162 A N    X   -     0   0   18     -3,-0.6     3,-2.8    -6,-0.2     4,-0.4  -0.346  69.9-116.9 -61.7 140.7   -8.0   45.1   62.5
  121  163 A P  T 3  S+     0   0   98      0, 0.0     3,-0.5     0, 0.0    -1,-0.1   0.823 116.5  48.0 -47.6 -38.3   -4.8   47.2   62.1
  122  164 A Y  T >  S+     0   0   77      1,-0.2     3,-1.7     2,-0.1    -8,-0.2   0.300  80.3 102.5 -88.9   9.7   -3.2   45.4   65.1
  123  165 A R  G X  S+     0   0   11     -3,-2.8     3,-1.1     1,-0.3    -1,-0.2   0.910  80.2  52.1 -58.5 -41.9   -4.2   41.9   63.8
  124  166 A D  G 3  S+     0   0  101     -3,-0.5    -1,-0.3    -4,-0.4    50,-0.2   0.176  84.4  88.7 -81.2  17.1   -0.6   41.3   62.7
  125  167 A Y  G <  S+     0   0   13     -3,-1.7    46,-1.6   -15,-0.2    -1,-0.2   0.552  99.2  24.1 -88.7  -9.4    0.8   42.2   66.1
  126  168 A Y  B <  S-J  170   0D   4     -3,-1.1     2,-0.7    44,-0.2    44,-0.2  -0.768  96.3 -86.0-139.4-176.5    0.4   38.6   67.2
  127  169 A F        +     0   0   19     42,-0.6    33,-1.5    33,-0.3     2,-0.5  -0.879  40.9 174.7-107.0 112.6    0.2   35.2   65.6
  128  170 A W  E     +K  159   0E  13     -2,-0.7     2,-0.3    31,-0.2    31,-0.2  -0.961   9.0 163.5-116.3 127.5   -3.2   33.9   64.4
  129  171 A R  E     -K  158   0E 136     29,-2.3    29,-3.5    -2,-0.5     2,-0.3  -0.931  34.6-112.6-139.2 162.3   -3.6   30.7   62.5
  130  172 A D        -     0   0   98     -2,-0.3     2,-1.2    27,-0.2    27,-0.1  -0.756  25.7-123.2 -97.6 140.7   -6.3   28.2   61.5
  131  173 A G        -     0   0   16     25,-0.4     4,-0.2    -2,-0.3     7,-0.1  -0.741  23.9-139.6 -82.1 102.5   -6.4   24.7   62.9
  132  174 A K  S    S-     0   0  179     -2,-1.2    -1,-0.2     5,-0.2     2,-0.1   0.679  80.5  -1.0 -35.0 -27.2   -6.4   22.8   59.6
  133  175 A D  S    S-     0   0  129      2,-0.5    -2,-0.2     3,-0.2     0, 0.0  -0.246 119.0 -40.6-135.7-135.7   -8.9   20.5   61.1
  134  176 A N  S    S+     0   0  137     -2,-0.1    -2,-0.1     2,-0.1    -3,-0.0  -0.050 118.3  52.6 -93.7  32.4  -10.9   19.9   64.4
  135  177 A Q  S    S-     0   0  141     -4,-0.2    -2,-0.5     1,-0.1     0, 0.0  -0.864  97.5 -57.3-150.7-178.3   -7.7   20.8   66.4
  136  178 A P        -     0   0   32      0, 0.0    -3,-0.2     0, 0.0    -1,-0.1  -0.202  55.7 -99.7 -67.5 160.9   -4.9   23.4   66.8
  137  179 A P  S    S-     0   0   13      0, 0.0    -5,-0.2     0, 0.0     2,-0.2   0.887  95.6 -18.7 -44.2 -55.3   -2.6   24.5   64.0
  138  180 A N  S    S-     0   0   23      2,-0.1    74,-0.1    73,-0.1    11,-0.1  -0.575  78.1 -86.4-136.7-158.8    0.3   22.3   65.2
  139  181 A N        +     0   0   60     -2,-0.2    73,-0.1    72,-0.1     0, 0.0   0.024  61.4 151.8-109.8  27.0    1.5   20.4   68.2
  140  182 A Y        -     0   0    3     70,-0.1     8,-2.5     1,-0.1     9,-0.3  -0.368  36.0-141.1 -60.9 128.2    3.4   23.2   70.0
  141  183 A P  B     -M  147   0F  31      0, 0.0     2,-0.4     0, 0.0     6,-0.2  -0.540   8.9-128.2 -88.5 157.7    3.4   22.7   73.8
  142  184 A S    >   -     0   0    2      4,-2.3     3,-1.7    -2,-0.2    21,-0.2  -0.859  10.4-133.4-107.1 143.2    3.0   25.5   76.4
  143  185 A F  T 3  S+     0   0    6     19,-2.9    20,-0.2    -2,-0.4    -1,-0.1   0.806 109.8  48.9 -61.0 -28.0    5.4   26.0   79.3
  144  186 A F  T 3  S-     0   0    6     18,-0.5    -1,-0.3     1,-0.3    21,-0.1   0.060 127.7 -68.7-102.0  24.3    2.4   26.4   81.5
  145  187 A G  S <  S+     0   0    5     -3,-1.7    -1,-0.3     1,-0.3   245,-0.1   0.162  89.1  11.2 103.7 142.0    0.4   23.4   80.4
  146  188 A G  S    S-     0   0   33    243,-0.3    -4,-2.3    -3,-0.1    -1,-0.3  -0.192 102.2  -2.0  62.9-149.4   -1.4   22.0   77.4
  147  189 A S  B     -M  141   0F  37     -6,-0.2    -3,-0.1     2,-0.2    -8,-0.1  -0.438  47.4-141.2 -80.9 149.1   -1.3   23.6   73.9
  148  190 A A  S    S+     0   0    0     -8,-2.5    13,-3.1    -2,-0.1     2,-0.5   0.254  86.7  79.4 -88.7  10.9    0.6   26.8   72.9
  149  191 A W  E     -L  160   0E   6     -9,-0.3     2,-0.5    11,-0.2    11,-0.2  -0.983  64.1-163.4-124.0 125.7   -2.4   27.7   70.7
  150  192 A Q  E     -L  159   0E  74      9,-2.8     9,-2.8    -2,-0.5     2,-0.3  -0.932  19.0-128.4-112.1 126.9   -5.6   29.2   72.1
  151  193 A K  E     -L  158   0E  98     -2,-0.5     2,-0.7     7,-0.3     7,-0.3  -0.520  11.2-147.5 -76.1 134.0   -8.8   29.1   70.0
  152  194 A D     >  -     0   0    7      5,-3.0     4,-3.1    -2,-0.3     5,-0.1  -0.894   4.2-157.3-102.4 107.5  -10.7   32.4   69.6
  153  195 A A  T  4 S+     0   0   91     -2,-0.7    -1,-0.2     2,-0.2     5,-0.0   0.912  87.9  50.5 -49.0 -52.3  -14.4   31.7   69.4
  154  196 A K  T  4 S+     0   0  156      1,-0.2    -1,-0.1    -3,-0.1   -38,-0.1   0.975 123.6  24.4 -51.4 -77.1  -15.2   34.9   67.5
  155  197 A S  T  4 S-     0   0   20    -40,-0.3    -2,-0.2     1,-0.1    -1,-0.2   0.881  97.1-135.1 -59.0 -42.3  -12.7   34.8   64.7
  156  198 A G     <  +     0   0   21     -4,-3.1   -25,-0.4     1,-0.4    -3,-0.1   0.231  67.4 107.0 103.6 -13.8  -12.3   31.0   64.8
  157  199 A Q        -     0   0   26     -5,-0.1    -5,-3.0   -27,-0.1    -1,-0.4  -0.397  68.4-114.3 -91.8 172.7   -8.5   31.0   64.5
  158  200 A Y  E     -KL 129 151E  32    -29,-3.5   -29,-2.3    -7,-0.3     2,-0.3  -0.869  19.1-146.2-110.1 141.5   -5.9   30.2   67.3
  159  201 A Y  E     -KL 128 150E  10     -9,-2.8    -9,-2.8    -2,-0.4     2,-0.3  -0.809  23.7-113.4-105.6 149.6   -3.5   32.7   68.8
  160  202 A L  E     + L   0 149E   1    -33,-1.5     9,-2.2    -2,-0.3     2,-0.3  -0.659  36.1 165.1 -88.8 135.0    0.0   31.6   69.9
  161  203 A H        -     0   0    0    -13,-3.1   -58,-0.1    -2,-0.3     5,-0.0  -0.856  17.4-174.1-147.9 106.2    1.2   31.7   73.5
  162  204 A Y  S    S+     0   0    0     -2,-0.3   -19,-2.9     5,-0.2   -18,-0.5   0.886  87.0  25.4 -64.4 -38.9    4.4   29.8   74.5
  163  205 A F  S    S-     0   0   20      4,-0.5   -19,-0.2     1,-0.3     4,-0.1   0.263 121.5  -6.4 -99.0-135.8    3.6   30.7   78.1
  164  206 A A    >   -     0   0    2      1,-0.1     3,-1.7     2,-0.1    -1,-0.3  -0.066  62.9-116.6 -59.4 159.7    0.2   31.5   79.7
  165  207 A R  T 3  S+     0   0   89      1,-0.3    -1,-0.1   -21,-0.1   -15,-0.1   0.883 120.5  57.0 -61.7 -36.1   -3.1   31.8   77.7
  166  208 A Q  T 3  S+     0   0   71      1,-0.2   -60,-1.1   -61,-0.1   -59,-0.3   0.190  95.5  75.0 -81.6  19.0   -3.1   35.4   78.9
  167  209 A Q    <   -     0   0    0     -3,-1.7    -4,-0.5   -62,-0.2    -5,-0.2  -0.527  65.6-174.8-131.0  67.2    0.4   35.8   77.4
  168  210 A P        -     0   0    0      0, 0.0   -64,-1.9     0, 0.0    -7,-0.2  -0.444  29.3-116.5 -66.6 131.5    0.0   36.1   73.5
  169  211 A D  B     -I  103   0C   0     -9,-2.2   -42,-0.6   -66,-0.2   -66,-0.3  -0.419  25.2-122.7 -69.6 137.0    3.4   36.2   71.8
  170  212 A L  B     -J  126   0D   0    -68,-1.3     2,-0.9   -44,-0.2   -44,-0.2  -0.424  19.6-120.0 -77.8 155.9    4.3   39.4   69.8
  171  213 A N    >   -     0   0   23    -46,-1.6     3,-1.2     1,-0.2     6,-0.3  -0.787  27.8-179.8-101.7  91.8    5.1   39.1   66.1
  172  214 A W  T 3  S+     0   0    0     -2,-0.9     6,-0.2    32,-0.7    -1,-0.2   0.598  76.4  73.3 -64.0 -13.9    8.7   40.5   65.7
  173  215 A D  T 3  S+     0   0   78     -3,-0.1    -1,-0.3     1,-0.1   -48,-0.1   0.877  80.3  81.2 -68.0 -36.9    8.4   39.8   62.0
  174  216 A N  S X> S-     0   0   12     -3,-1.2     3,-1.5   -50,-0.2     4,-1.3  -0.606  76.9-148.8 -73.7 109.6    6.1   42.8   61.7
  175  217 A P  H 3> S+     0   0   64      0, 0.0     4,-1.4     0, 0.0    -1,-0.2   0.607  94.0  65.0 -54.8 -14.1    8.4   45.9   61.6
  176  218 A K  H 3> S+     0   0  106      2,-0.2     4,-2.0     1,-0.1     5,-0.2   0.859  99.4  49.5 -78.2 -37.0    5.6   47.9   63.3
  177  219 A V  H <> S+     0   0    0     -3,-1.5     4,-2.1    -6,-0.3     5,-0.2   0.925 109.5  52.5 -66.6 -43.8    5.8   45.8   66.5
  178  220 A R  H  X S+     0   0   31     -4,-1.3     4,-2.5    -7,-0.2     5,-0.2   0.920 110.3  47.4 -57.5 -47.4    9.6   46.2   66.7
  179  221 A E  H  X S+     0   0  117     -4,-1.4     4,-2.4     2,-0.2    -1,-0.2   0.895 111.1  49.8 -63.8 -42.2    9.4   50.0   66.4
  180  222 A D  H  X S+     0   0   58     -4,-2.0     4,-2.0     1,-0.2    -1,-0.2   0.875 112.7  49.8 -64.7 -33.4    6.7   50.3   69.0
  181  223 A L  H  X S+     0   0    0     -4,-2.1     4,-1.9     2,-0.2    -2,-0.2   0.892 110.3  48.1 -71.2 -41.2    8.9   48.2   71.3
  182  224 A Y  H  X S+     0   0   12     -4,-2.5     4,-2.2     2,-0.2     5,-0.2   0.886 110.5  52.0 -67.5 -36.9   12.0   50.3   70.7
  183  225 A A  H  X S+     0   0   61     -4,-2.4     4,-1.5     1,-0.2    -2,-0.2   0.951 109.1  50.9 -61.6 -47.3   10.0   53.4   71.4
  184  226 A M  H  X S+     0   0   13     -4,-2.0     4,-1.2     1,-0.2    -1,-0.2   0.847 108.3  53.1 -57.9 -37.7    8.9   51.8   74.6
  185  227 A L  H >X S+     0   0    0     -4,-1.9     4,-2.5     1,-0.2     3,-0.7   0.967 106.8  48.7 -64.8 -53.0   12.5   51.0   75.6
  186  228 A R  H 3X S+     0   0  126     -4,-2.2     4,-2.8     1,-0.2    -1,-0.2   0.798 101.0  68.8 -59.1 -25.4   13.8   54.5   75.1
  187  229 A F  H 3< S+     0   0   49     -4,-1.5     4,-0.4    -5,-0.2    -1,-0.2   0.962 109.9  32.9 -55.6 -51.5   10.9   55.6   77.3
  188  230 A W  H X<>S+     0   0    1     -4,-1.2     3,-1.3    -3,-0.7     5,-1.2   0.911 117.1  53.9 -72.0 -45.1   12.4   53.9   80.3
  189  231 A L  H ><5S+     0   0    9     -4,-2.5     3,-1.6     1,-0.3    -2,-0.2   0.861 102.7  59.3 -58.8 -36.1   16.1   54.5   79.3
  190  232 A D  T 3<5S+     0   0   88     -4,-2.8    -1,-0.3     1,-0.3    -2,-0.2   0.751 100.6  58.2 -64.7 -22.2   15.3   58.2   79.0
  191  233 A K  T < 5S-     0   0  106     -3,-1.3    -1,-0.3    -4,-0.4    -2,-0.2   0.446 127.1 -92.4 -88.2  -1.3   14.3   58.2   82.6
  192  234 A G  T < 5 +     0   0   29     -3,-1.6   -97,-0.3     1,-0.3    -3,-0.2   0.428  66.5 153.9 111.1  -3.6   17.6   56.9   83.9
  193  235 A V      < -     0   0    5     -5,-1.2    -1,-0.3     1,-0.1   -97,-0.2  -0.411  26.0-162.6 -62.2 131.4   17.5   53.1   84.0
  194  236 A S        +     0   0   14    -99,-1.5    55,-2.3    -2,-0.1     2,-0.3   0.460  62.6  30.2 -96.4  -1.7   21.0   51.8   83.7
  195  237 A G  E     -de  96 249A   2   -100,-1.6   -98,-2.5    53,-0.3     2,-0.4  -1.000  55.5-153.5-157.2 155.7   20.3   48.2   82.8
  196  238 A M  E     -de  97 250A   0     53,-2.5    55,-2.6    -2,-0.3     2,-0.6  -0.992   3.2-161.5-136.1 130.5   17.9   45.8   81.1
  197  239 A R  E     -de  98 251A   1   -100,-3.0   -98,-3.3    -2,-0.4     2,-0.7  -0.945  20.2-147.0-109.0 113.4   17.3   42.1   81.7
  198  240 A F  E >   -de  99 252A   0     53,-2.9    55,-2.6    -2,-0.6     3,-0.7  -0.741  10.8-135.1 -90.4 113.0   15.5   40.6   78.7
  199  241 A D  T 3  S-     0   0   10   -100,-2.2   -98,-0.3    -2,-0.7   -97,-0.2  -0.452  79.1 -18.0 -68.2 124.8   13.1   37.8   79.5
  200  242 A T  T >  S+     0   0    4     -2,-0.3     3,-0.8     1,-0.1    -1,-0.3   0.913  75.8 173.2  38.4  68.6   13.4   34.8   77.2
  201  243 A V  G X   +     0   0    0     52,-1.3     3,-0.7    -3,-0.7    53,-0.2   0.590  65.3  69.5 -77.2 -14.3   15.3   36.7   74.5
  202  244 A A  G 3  S+     0   0    0     51,-0.6    26,-0.5     1,-0.2    -1,-0.2   0.487  93.9  57.2 -84.2  -2.6   16.0   33.6   72.4
  203  245 A T  G <   +     0   0    1     -3,-0.8    -1,-0.2     1,-0.1    -2,-0.1   0.330  69.0 103.9-110.3   7.4   12.3   33.1   71.4
  204  246 A Y  S <  S+     0   0    0     -3,-0.7   -32,-0.7    24,-0.1     2,-0.5   0.876  77.6  59.2 -54.2 -42.7   11.6   36.5   69.8
  205  247 A S  S    S-     0   0    2     -3,-0.1    23,-0.3    20,-0.1     2,-0.2  -0.792  78.5-149.2 -95.3 129.3   11.7   35.0   66.3
  206  248 A K        -     0   0    6     -2,-0.5    24,-0.2    22,-0.1    19,-0.1  -0.490  27.3 -95.3 -93.2 165.1    9.3   32.1   65.4
  207  249 A I    >   -     0   0   22     -2,-0.2     3,-2.3    21,-0.1    21,-0.1  -0.701  46.0-112.6 -83.1 116.8    9.9   29.2   63.0
  208  250 A P  T 3  S+     0   0   95      0, 0.0    -1,-0.1     0, 0.0    -3,-0.0  -0.128  98.9  13.4 -48.8 137.8    8.5   30.0   59.5
  209  251 A G  T 3  S-     0   0   76      1,-0.2    -2,-0.0    -3,-0.0     0, 0.0   0.331 101.6-113.8  77.8  -8.8    5.5   27.9   58.6
  210  252 A F    <   -     0   0   24     -3,-2.3    -1,-0.2     1,-0.1   -70,-0.1   0.873  44.5-162.1  46.3  47.1    5.0   26.7   62.2
  211  253 A P        -     0   0   63      0, 0.0    -1,-0.1     0, 0.0   -72,-0.1  -0.128  22.7 -97.7 -55.5 155.5    5.9   23.1   61.2
  212  254 A N        -     0   0  114    -74,-0.1     2,-0.4     1,-0.1   -74,-0.0  -0.134  39.1-106.2 -67.9 172.5    4.9   20.3   63.6
  213  255 A L        -     0   0    3      3,-0.0    -1,-0.1     2,-0.0     8,-0.0  -0.877  25.5-128.3-106.2 133.8    7.4   18.9   66.1
  214  256 A T     >  -     0   0   44     -2,-0.4     4,-2.0     1,-0.1    -1,-0.0  -0.217  39.4 -94.9 -68.9 167.9    8.9   15.4   65.7
  215  257 A P  H  > S+     0   0   89      0, 0.0     4,-0.9     0, 0.0    -1,-0.1   0.899 128.9  48.1 -52.1 -39.5    8.7   13.1   68.7
  216  258 A E  H >> S+     0   0  132      1,-0.2     3,-1.3     2,-0.2     4,-1.2   0.974 109.5  48.5 -63.8 -59.1   12.2   14.3   69.7
  217  259 A Q  H 34 S+     0   0   68      1,-0.3     7,-0.3     2,-0.2    -1,-0.2   0.757 100.0  69.9 -54.8 -27.1   11.6   18.0   69.3
  218  260 A Q  H >< S+     0   0   85     -4,-2.0     3,-0.8     1,-0.2    -1,-0.3   0.910 101.8  45.0 -57.8 -44.1    8.4   17.6   71.4
  219  261 A K  H << S+     0   0  108     -3,-1.3     2,-1.4    -4,-0.9     3,-0.5   0.996 119.2  37.3 -62.8 -67.7   10.5   16.8   74.4
  220  262 A N  T >X S+     0   0   89     -4,-1.2     4,-1.5     1,-0.2     3,-1.0  -0.212  74.5 138.3 -81.5  46.8   13.1   19.6   74.1
  221  263 A F  H <>  +     0   0   13     -2,-1.4     4,-1.9    -3,-0.8    -1,-0.2   0.860  64.5  66.0 -61.3 -32.5   10.4   22.0   72.8
  222  264 A A  H 34 S+     0   0   16     -3,-0.5    -1,-0.3     1,-0.2    -2,-0.1   0.876 104.5  45.4 -55.6 -36.9   12.0   24.7   75.0
  223  265 A E  H X4 S+     0   0   69     -3,-1.0     3,-1.6     1,-0.2     4,-0.2   0.865 106.2  57.6 -75.7 -38.2   15.1   24.5   72.8
  224  266 A Q  H >< S+     0   0   24     -4,-1.5     3,-1.9    -7,-0.3    -2,-0.2   0.847  97.5  62.7 -60.9 -35.4   13.2   24.5   69.4
  225  267 A Y  T 3< S+     0   0    0     -4,-1.9     3,-0.3     1,-0.3    -1,-0.3   0.575  99.5  55.5 -67.6  -8.2   11.6   27.8   70.3
  226  268 A T  T <  S+     0   0    0     -3,-1.6    -1,-0.3     1,-0.2    -2,-0.2   0.465  83.3  88.7-100.1  -4.3   15.1   29.3   70.3
  227  269 A M    <   +     0   0   74     -3,-1.9    -1,-0.2    -4,-0.2    -2,-0.1   0.165  56.4 147.7 -78.9  17.2   15.7   28.0   66.8
  228  270 A G    >   -     0   0    5    -26,-0.5     3,-1.0    -3,-0.3     4,-0.3  -0.345  47.3-142.5 -58.8 129.9   14.2   31.3   65.3
  229  271 A P  T 3  S+     0   0   82      0, 0.0    -1,-0.1     0, 0.0   -22,-0.1   0.573  98.1  40.3 -69.6 -11.5   15.9   32.2   62.0
  230  272 A N  T 3> S+     0   0   37    -24,-0.2     4,-3.1     2,-0.1     5,-0.2   0.274  79.2 110.2-121.7  12.0   15.9   35.9   62.8
  231  273 A I  H <> S+     0   0    8     -3,-1.0     4,-2.7     1,-0.2     5,-0.2   0.920  87.4  35.6 -53.6 -55.1   16.8   36.0   66.5
  232  274 A H  H  > S+     0   0   33     -4,-0.3     4,-1.7     2,-0.2    -1,-0.2   0.742 115.1  59.6 -73.8 -20.8   20.2   37.6   66.2
  233  275 A R  H  > S+     0   0  166      2,-0.2     4,-1.7     3,-0.2    -2,-0.2   0.959 112.2  38.7 -66.6 -52.3   19.0   39.7   63.3
  234  276 A Y  H  X S+     0   0    7     -4,-3.1     4,-2.8     2,-0.2     5,-0.2   0.930 115.7  49.7 -65.1 -50.4   16.3   41.2   65.6
  235  277 A I  H  X S+     0   0    0     -4,-2.7     4,-1.8     1,-0.2    -1,-0.2   0.899 111.1  51.3 -58.5 -40.2   18.5   41.5   68.7
  236  278 A Q  H  X S+     0   0   78     -4,-1.7     4,-2.7     2,-0.2    -1,-0.2   0.888 109.6  50.6 -63.3 -38.0   21.2   43.2   66.6
  237  279 A E  H  X S+     0   0   31     -4,-1.7     4,-3.5     2,-0.2     5,-0.3   0.938 107.9  51.5 -64.2 -46.7   18.6   45.6   65.3
  238  280 A M  H  X>S+     0   0    1     -4,-2.8     4,-2.5     1,-0.2     5,-1.6   0.840 110.8  50.7 -58.8 -32.8   17.4   46.4   68.8
  239  281 A N  H  <>S+     0   0   22     -4,-1.8     5,-3.0    -5,-0.2     6,-0.3   0.972 113.8  42.2 -68.6 -54.3   21.1   47.1   69.6
  240  282 A R  H  <5S+     0   0  177     -4,-2.7    -2,-0.2     1,-0.2    -3,-0.2   0.962 122.3  40.8 -53.3 -58.2   21.5   49.4   66.6
  241  283 A K  H  <5S-     0   0  106     -4,-3.5    -1,-0.2    -5,-0.1    -2,-0.2   0.835 140.0 -11.9 -60.5 -42.6   18.2   51.1   67.2
  242  284 A V  T ><5S+     0   0    1     -4,-2.5     3,-2.7    -5,-0.3    -3,-0.2   0.680 120.8  57.0-126.2 -69.0   18.3   51.4   71.0
  243  285 A L  G > <S+     0   0    9     -5,-1.6     3,-1.2     1,-0.3     5,-0.4   0.818 107.1  51.6 -41.3 -49.2   20.8   49.5   73.2
  244  286 A S  G 3 <S+     0   0   49     -5,-3.0    -1,-0.3     1,-0.2    -4,-0.1   0.512 102.7  63.3 -72.0  -4.2   23.9   51.0   71.5
  245  287 A R  G <  S+     0   0  187     -3,-2.7     2,-0.3    -6,-0.3    -1,-0.2   0.208 104.4  41.7-108.1  16.6   22.5   54.5   72.0
  246  288 A Y  S <  S-     0   0   49     -3,-1.2     2,-1.4     2,-0.1   -56,-0.0  -0.966  91.0-102.7-151.5 157.5   22.4   54.6   75.8
  247  289 A D        +     0   0  163     -2,-0.3     2,-0.4   -58,-0.1    -3,-0.1  -0.728  64.8 149.5 -87.3  94.7   24.8   53.4   78.5
  248  290 A V        -     0   0   15     -2,-1.4     2,-0.4    -5,-0.4   -53,-0.3  -0.979  45.0-139.8-135.5 124.6   22.9   50.2   79.4
  249  291 A A  E     -e  195   0A   4    -55,-2.3   -53,-2.5    -2,-0.4     2,-0.5  -0.662  29.1-153.9 -78.8 130.0   24.2   46.9   80.8
  250  292 A T  E     -e  196   0A   3     -2,-0.4    25,-2.2   -55,-0.2     2,-0.4  -0.925  17.1-177.0-116.9 133.2   22.2   44.2   79.1
  251  293 A A  E     -ef 197 275A   0    -55,-2.6   -53,-2.9    -2,-0.5     2,-0.5  -0.986  10.3-157.9-125.1 128.1   21.5   40.7   80.3
  252  294 A G  E     -ef 198 276A   0     23,-1.8    25,-2.8    -2,-0.4     2,-1.0  -0.915  13.2-142.2-112.0 127.6   19.6   38.1   78.3
  253  295 A E  E     - f   0 277A  13    -55,-2.6   -52,-1.3    -2,-0.5     2,-0.8  -0.745  20.3-173.7 -83.8 105.0   17.8   35.1   79.7
  254  296 A I    >   +     0   0    3     23,-1.6     3,-1.6    -2,-1.0    25,-0.3  -0.418   8.6 175.8 -98.2  59.0   18.6   32.5   77.1
  255  297 A F  T 3  S+     0   0   46     -2,-0.8   -53,-0.1     1,-0.2    23,-0.1  -0.453  71.3  15.8 -65.1 128.5   16.4   29.7   78.5
  256  298 A G  T 3  S+     0   0   20      1,-0.3    -1,-0.2    -2,-0.2   -30,-0.2   0.180  90.1 127.3  95.6 -18.9   16.5   26.7   76.0
  257  299 A V    <   -     0   0   16     -3,-1.6    -1,-0.3   -32,-0.1    22,-0.2  -0.618  62.6-123.4 -75.9 121.0   19.6   27.9   74.1
  258  300 A P    >   -     0   0   31      0, 0.0     3,-1.9     0, 0.0     4,-0.3  -0.278  23.6-112.2 -60.7 153.0   22.2   25.1   74.0
  259  301 A L  G >> S+     0   0   15      1,-0.3     3,-1.7     2,-0.2     4,-0.5   0.866 116.0  61.1 -54.3 -41.5   25.6   26.1   75.5
  260  302 A D  G 34 S+     0   0  136      1,-0.3    -1,-0.3     2,-0.1    -3,-0.0   0.382 107.6  47.6 -70.0   6.7   27.3   25.9   72.1
  261  303 A R  G <4 S+     0   0   54     -3,-1.9     3,-0.3     2,-0.1    -1,-0.3   0.322  86.0  85.2-126.9   3.6   24.9   28.7   70.9
  262  304 A S  T X> S+     0   0    1     -3,-1.7     3,-2.2    -4,-0.3     4,-1.0   0.840  74.4  73.5 -75.1 -33.4   25.2   31.2   73.7
  263  305 A S  H 3X S+     0   0   37     -4,-0.5     4,-2.2     1,-0.3     3,-0.4   0.837  86.9  62.7 -47.8 -43.3   28.2   32.9   72.3
  264  306 A Q  H 34 S+     0   0   73     -3,-0.3    -1,-0.3     1,-0.2    -2,-0.1   0.717 103.5  50.9 -58.7 -22.9   26.2   34.6   69.5
  265  307 A F  H <4 S+     0   0    0     -3,-2.2     8,-2.4    -4,-0.2    -1,-0.2   0.821 123.7  21.7 -86.9 -32.8   24.2   36.5   72.2
  266  308 A F  H  < S+     0   0    3     -4,-1.0     2,-0.3    -3,-0.4    -2,-0.2   0.431  79.4 128.8-118.4   2.6   27.0   37.9   74.3
  267  309 A D    ><  -     0   0   19     -4,-2.2     3,-1.6    -5,-0.2     4,-0.5  -0.438  56.7-139.1 -59.9 117.3   30.1   38.0   72.0
  268  310 A R  G >  S+     0   0  152     48,-2.7     3,-2.0    -2,-0.3    -1,-0.2   0.904 100.9  57.2 -42.3 -54.3   31.4   41.6   72.3
  269  311 A R  G 3  S+     0   0  153      1,-0.3    -1,-0.3     2,-0.1    -2,-0.1   0.748  97.9  61.5 -51.1 -31.7   32.1   41.7   68.6
  270  312 A R  G <  S-     0   0   73     -3,-1.6    -1,-0.3     3,-0.1    -2,-0.2   0.568  95.1-138.0 -76.9 -10.3   28.5   40.9   67.7
  271  313 A H    <   +     0   0  131     -3,-2.0   -31,-0.2    -4,-0.5   -32,-0.1   0.928  68.0 106.5  51.4  54.0   27.0   44.0   69.3
  272  314 A E  S    S-     0   0    5     -5,-0.4     2,-0.4     1,-0.3    -6,-0.2   0.508  76.8  -5.5-120.2 -90.8   24.0   42.2   70.8
  273  315 A L        -     0   0    4     -8,-2.4    -1,-0.3    -9,-0.1   -22,-0.1  -0.913  49.9-141.2-118.3 143.8   23.9   41.6   74.6
  274  316 A N  S    S-     0   0   51     -2,-0.4     2,-0.3   -24,-0.2   -23,-0.2   0.883  81.9  -7.7 -65.7 -45.1   26.6   42.3   77.2
  275  317 A M  E     -f  251   0A   0    -25,-2.2   -23,-1.8   -10,-0.1     2,-0.3  -0.978  67.4-143.3-151.1 157.3   26.1   39.1   79.4
  276  318 A A  E     -fg 252 319A   0     42,-1.0    44,-1.0    -2,-0.3     2,-0.7  -0.796  15.3-125.8-125.9 166.1   23.6   36.3   79.6
  277  319 A F  E     -f  253   0A   1    -25,-2.8   -23,-1.6    -2,-0.3     2,-0.3  -0.952  31.9-169.1-110.0 111.1   21.8   34.0   82.0
  278  320 A M        -     0   0   13     -2,-0.7     4,-0.3    42,-0.2   -23,-0.1  -0.682  15.4-157.0 -96.8 156.5   22.4   30.4   81.2
  279  321 A F     >  +     0   0   20    -25,-0.3     4,-1.8    -2,-0.3    -1,-0.1   0.375  63.9 103.1-117.4   7.9   20.5   27.6   82.8
  280  322 A D  T  4 S+     0   0   70      2,-0.2    -1,-0.1     1,-0.2    26,-0.1   0.863  92.6  35.7 -55.8 -41.5   22.8   24.6   82.3
  281  323 A L  T >4 S+     0   0    8      2,-0.2     3,-2.4     1,-0.1     4,-0.3   0.966 115.4  49.3 -79.0 -58.3   24.0   24.8   86.0
  282  324 A I  T 34 S+     0   0    1     -4,-0.3     3,-0.2     1,-0.3    -2,-0.2   0.750 121.0  39.8 -56.3 -23.4   20.8   25.9   87.8
  283  325 A R  T >< S+     0   0   44     -4,-1.8     3,-1.5     1,-0.1    -1,-0.3   0.056  77.4 117.7-113.0  24.2   18.9   23.1   86.0
  284  326 A L  T <  S+     0   0   30     -3,-2.4    -1,-0.1     1,-0.3    -2,-0.1   0.752  79.3  46.6 -64.0 -23.1   21.6   20.4   86.1
  285  327 A D  T 3  S+     0   0    2     -4,-0.3    10,-2.7    -3,-0.2     2,-0.5   0.062  85.8 112.0-108.0  25.5   19.4   18.1   88.2
  286  328 A R  B <  S-N  294   0G  31     -3,-1.5     8,-0.2     8,-0.2     5,-0.1  -0.861  71.2-114.6-101.5 130.9   16.1   18.5   86.2
  287  329 A D        -     0   0   17      6,-1.9     6,-0.1     3,-0.5    -2,-0.1  -0.180  20.8-127.3 -56.7 153.4   14.8   15.5   84.3
  288  330 A S  S    S+     0   0   91      1,-0.1     3,-0.2     3,-0.0    -1,-0.1   0.881 102.8  28.3 -72.8 -42.1   14.7   15.9   80.5
  289  331 A N  S    S+     0   0   68      1,-0.2     2,-0.9   -69,-0.1    -1,-0.1   0.863 121.5  49.9 -88.6 -41.1   11.0   15.0   79.9
  290  332 A E    >   -     0   0   21      1,-0.1     3,-2.3     3,-0.1    -3,-0.5  -0.784  64.7-170.5-106.3  89.9    9.5   16.0   83.2
  291  333 A R  T 3  S+     0   0   44     -2,-0.9    -1,-0.1     1,-0.3    -2,-0.0   0.657  85.3  56.1 -50.5 -21.6   10.7   19.6   83.9
  292  334 A W  T 3  S+     0   0    5     -6,-0.1     2,-0.3    -3,-0.1    -1,-0.3   0.629  87.0  97.0 -89.2 -14.8    9.2   19.4   87.4
  293  335 A R    <   -     0   0   72     -3,-2.3    -6,-1.9    -6,-0.1     2,-0.4  -0.596  62.7-145.6 -84.6 134.7   11.1   16.3   88.5
  294  336 A H  B     -N  286   0G  48     -2,-0.3     2,-0.3    -8,-0.2    -8,-0.2  -0.778  18.4-175.9 -96.7 138.6   14.3   16.4   90.5
  295  337 A K        -     0   0   94    -10,-2.7     0, 0.0    -2,-0.4     0, 0.0  -0.908  33.1 -83.6-131.4 160.1   17.1   13.9   90.0
  296  338 A S        -     0   0  113     -2,-0.3     2,-0.3     1,-0.0    -1,-0.0  -0.244  43.8-179.0 -63.8 148.4   20.4   13.3   91.7
  297  339 A W        -     0   0   57    -12,-0.0     2,-0.3     4,-0.0   -12,-0.1  -0.909  12.1-144.1-140.4 165.0   23.5   15.3   90.7
  298  340 A S     >  -     0   0   29     -2,-0.3     4,-2.5     1,-0.1     5,-0.1  -0.866  28.5-109.9-130.8 166.2   27.2   15.2   91.8
  299  341 A L  H  > S+     0   0    7    190,-0.4     4,-3.3    -2,-0.3     5,-0.4   0.907 117.6  56.9 -61.2 -44.4   29.9   17.8   92.4
  300  342 A S  H  > S+     0   0   18      1,-0.2     4,-1.8   187,-0.2    -1,-0.2   0.894 109.5  46.3 -55.3 -40.4   31.9   16.5   89.3
  301  343 A Q  H  > S+     0   0   82      2,-0.2     4,-1.7     1,-0.1    -1,-0.2   0.966 114.2  49.2 -64.0 -51.5   28.8   17.2   87.2
  302  344 A F  H  X S+     0   0    0     -4,-2.5     4,-1.5     1,-0.2     3,-0.5   0.937 114.9  41.0 -50.9 -60.5   28.4   20.6   88.8
  303  345 A R  H  X S+     0   0    0     -4,-3.3     4,-2.2     1,-0.2    -1,-0.2   0.829 111.0  58.1 -63.1 -33.9   32.0   21.8   88.4
  304  346 A Q  H  X S+     0   0   85     -4,-1.8     4,-1.9    -5,-0.4    -1,-0.2   0.825 104.4  51.0 -67.8 -31.5   32.2   20.3   84.9
  305  347 A I  H  X S+     0   0   22     -4,-1.7     4,-2.2    -3,-0.5    -1,-0.2   0.879 110.2  51.0 -70.6 -37.4   29.3   22.4   83.8
  306  348 A I  H  X S+     0   0    3     -4,-1.5     4,-2.3     2,-0.2    -2,-0.2   0.881 108.6  50.2 -67.3 -39.1   31.0   25.5   85.2
  307  349 A S  H  X S+     0   0   33     -4,-2.2     4,-2.3     2,-0.2    -1,-0.2   0.943 110.7  50.0 -63.8 -45.9   34.3   24.7   83.4
  308  350 A K  H  X S+     0   0  109     -4,-1.9     4,-2.8     1,-0.2     5,-0.2   0.907 109.8  50.8 -58.9 -44.4   32.4   24.3   80.1
  309  351 A M  H  X S+     0   0   13     -4,-2.2     4,-2.8     1,-0.2     5,-0.2   0.941 109.6  50.2 -59.8 -46.8   30.6   27.6   80.6
  310  352 A D  H  X S+     0   0   25     -4,-2.3     4,-1.6     1,-0.2    -1,-0.2   0.892 112.2  47.5 -59.4 -40.9   33.9   29.4   81.3
  311  353 A V  H  < S+     0   0  116     -4,-2.3    -1,-0.2     2,-0.2    -2,-0.2   0.939 113.0  48.1 -65.6 -46.5   35.5   27.9   78.1
  312  354 A T  H  < S+     0   0   32     -4,-2.8    -2,-0.2     1,-0.2    -1,-0.2   0.880 107.8  54.6 -61.6 -40.7   32.4   28.8   76.0
  313  355 A V  H  X S+     0   0    7     -4,-2.8     4,-1.9    -5,-0.2     3,-0.3   0.886  89.1 163.0 -61.0 -36.6   32.4   32.4   77.4
  314  356 A G  T  <  -     0   0   20     -4,-1.6    -1,-0.1    -5,-0.2    -2,-0.1   0.000  58.7 -46.5  52.1-155.2   36.0   32.7   76.3
  315  357 A K  T  4 S+     0   0  165      1,-0.2    -1,-0.2    -4,-0.1    -2,-0.1   0.710 134.3  48.4 -84.9 -20.9   37.8   36.0   76.0
  316  358 A Y  T  4 S+     0   0   74     -3,-0.3   -48,-2.7   -48,-0.0    -2,-0.2   0.628 105.3  51.5 -98.3 -14.9   35.0   37.8   74.0
  317  359 A G     <  -     0   0    5     -4,-1.9     2,-0.3   -50,-0.2   -50,-0.1  -0.169  64.4-145.2-105.0-159.8   31.8   37.1   76.0
  318  360 A W        -     0   0    4     -2,-0.1   -42,-1.0   -55,-0.0     2,-0.2  -0.923   7.9-155.9-169.1 148.4   30.7   37.4   79.6
  319  361 A N  B     -g  276   0A  10     39,-0.3    41,-2.8    -2,-0.3     2,-0.3  -0.753  12.2-132.3-127.8 169.5   28.5   35.5   82.0
  320  362 A T  E     -o  360   0H   4    -44,-1.0     2,-0.4    39,-0.3   -42,-0.2  -0.728  19.1-142.9-112.3 163.5   26.4   35.9   85.2
  321  363 A F  E     +o  361   0H   6     39,-2.4    41,-2.7    -2,-0.3     2,-0.3  -0.989  31.7 149.8-134.0 126.2   26.6   33.6   88.1
  322  364 A F        -     0   0   11     -2,-0.4   -40,-0.2    39,-0.2    41,-0.1  -0.976  31.3-166.5-155.4 140.9   23.4   32.7   90.1
  323  365 A L  S    S+     0   0    5     39,-0.4     2,-0.3    -2,-0.3    11,-0.1   0.398  79.4   3.5-109.8  -1.0   22.3   29.6   92.1
  324  366 A D        +     0   0    7     38,-0.3     2,-0.3     6,-0.1    -1,-0.2  -0.959  59.2 160.4-166.9 174.2   18.6   30.7   92.4
  325  367 A N    >   -     0   0    1      3,-0.4     3,-1.6    -2,-0.3    92,-0.1  -0.943  62.6 -57.1-179.7-169.3   16.1   33.4   91.4
  326  368 A H  T 3  S+     0   0    0     -2,-0.3    91,-0.1     1,-0.3     4,-0.1   0.591 131.4  49.6 -69.4 -10.3   12.3   33.9   91.2
  327  369 A D  T 3  S+     0   0   20      2,-0.1    -1,-0.3    90,-0.1    87,-0.2   0.222 110.7  53.9-109.8  13.5   11.9   30.9   88.8
  328  370 A N  S <  S-     0   0    0     -3,-1.6    -3,-0.4    86,-0.3    89,-0.2  -0.955  87.5 -89.3-145.7 161.7   13.9   28.4   90.9
  329  371 A P        -     0   0    1      0, 0.0    -4,-0.2     0, 0.0    85,-0.1  -0.237  64.7 -72.2 -67.9 158.7   14.1   26.9   94.4
  330  372 A R     >  -     0   0    0     -6,-0.1     4,-2.6     1,-0.1     5,-0.3  -0.170  40.0-125.9 -54.6 142.1   16.3   28.5   97.0
  331  373 A A  H  >>S+     0   0    9      1,-0.2     4,-3.3     2,-0.2     5,-0.8   0.900 106.3  47.7 -56.0 -48.5   20.1   28.2   96.6
  332  374 A V  H  >5S+     0   0    7     39,-0.5     4,-0.7     3,-0.2    -1,-0.2   0.854 115.2  45.4 -65.1 -35.1   20.9   26.7  100.0
  333  375 A S  H  45S+     0   0   16     38,-0.3     5,-0.2     4,-0.2    -2,-0.2   0.917 121.2  39.0 -71.7 -44.5   18.1   24.1   99.7
  334  376 A H  H  <5S+     0   0   11     -4,-2.6    -2,-0.2     1,-0.1    -3,-0.2   0.920 135.1  16.0 -73.2 -50.6   19.0   23.2   96.1
  335  377 A F  H  <5S+     0   0    3     -4,-3.3    -3,-0.2    -5,-0.3    -2,-0.1   0.649 131.5  31.3-103.0 -18.1   22.8   23.3   96.2
  336  378 A G  S  <<S-     0   0   16     -5,-0.8     2,-0.4    -4,-0.7     7,-0.1   0.027  96.7 -85.2-110.2-138.8   23.6   23.2   99.9
  337  379 A D        -     0   0   27      5,-0.3     9,-0.3     6,-0.2    -4,-0.2  -0.907  27.7-167.9-141.3 107.9   21.7   21.6  102.8
  338  380 A D        +     0   0   58     -2,-0.4     5,-0.1    -5,-0.2    -5,-0.1   0.409  47.6 121.6 -80.0   3.5   18.9   23.6  104.4
  339  381 A R  S >> S-     0   0  133      1,-0.1     4,-2.2    -6,-0.1     3,-1.7  -0.358  79.7-106.4 -63.6 148.2   18.5   21.3  107.5
  340  382 A P  T 34 S+     0   0  113      0, 0.0     4,-0.3     0, 0.0    -1,-0.1   0.765 118.2  52.0 -45.7 -36.9   19.0   23.3  110.8
  341  383 A Q  T 34 S+     0   0  146      1,-0.2     4,-0.2     2,-0.1    -3,-0.1   0.728 123.4  25.4 -77.1 -22.5   22.4   21.7  111.4
  342  384 A W  T <> S+     0   0   31     -3,-1.7     4,-2.7     2,-0.1     5,-0.4   0.538  90.8  95.5-121.6  -5.8   23.8   22.6  108.0
  343  385 A R  H  X S+     0   0    9     -4,-2.2     4,-2.6     2,-0.2     5,-0.2   0.938  90.5  40.9 -51.4 -60.5   22.0   25.6  106.7
  344  386 A E  H  > S+     0   0   66     -4,-0.3     4,-2.8     2,-0.2     5,-0.2   0.941 117.5  47.1 -55.6 -53.9   24.4   28.3  107.8
  345  387 A A  H  > S+     0   0   33      1,-0.2     4,-2.0     2,-0.2    -1,-0.2   0.941 116.6  42.1 -57.3 -50.8   27.6   26.4  106.9
  346  388 A S  H  X S+     0   0    0     -4,-2.7     4,-2.6    -9,-0.3    -1,-0.2   0.859 112.5  55.8 -67.5 -31.7   26.5   25.3  103.5
  347  389 A A  H  X S+     0   0    5     -4,-2.6     4,-2.0    -5,-0.4    -2,-0.2   0.953 109.2  46.3 -62.3 -48.5   25.0   28.8  102.8
  348  390 A K  H  X S+     0   0   28     -4,-2.8     4,-2.2     1,-0.2    -1,-0.2   0.855 110.0  54.9 -62.7 -34.3   28.4   30.3  103.6
  349  391 A A  H  X S+     0   0    0     -4,-2.0     4,-1.6    -5,-0.2    -1,-0.2   0.953 109.5  45.7 -62.9 -49.9   30.0   27.7  101.4
  350  392 A L  H  X S+     0   0    4     -4,-2.6     4,-2.8     1,-0.2    -1,-0.2   0.826 110.0  55.7 -63.1 -31.7   27.8   28.7   98.4
  351  393 A A  H  X S+     0   0    0     -4,-2.0     4,-1.9     2,-0.2    -1,-0.2   0.933 102.9  55.3 -65.2 -44.9   28.5   32.4   99.1
  352  394 A T  H  < S+     0   0    0     -4,-2.2     4,-0.3     1,-0.2    -2,-0.2   0.916 113.4  41.7 -53.0 -46.3   32.2   31.7   98.9
  353  395 A I  H >< S+     0   0    0     -4,-1.6     3,-1.8     1,-0.2    -2,-0.2   0.954 108.6  59.0 -66.6 -51.4   31.7   30.3   95.4
  354  396 A T  H 3< S+     0   0    8     -4,-2.8     3,-0.4     1,-0.3    -1,-0.2   0.793 109.9  41.7 -49.8 -37.7   29.1   32.9   94.2
  355  397 A L  T 3< S+     0   0    0     -4,-1.9    -1,-0.3     1,-0.2    -2,-0.2   0.389 109.7  56.4 -97.3   7.0   31.5   35.8   94.7
  356  398 A T  S <  S+     0   0    0     -3,-1.8     2,-0.3    -4,-0.3    -1,-0.2  -0.144  80.4 110.4-127.6  37.3   34.7   34.3   93.3
  357  399 A Q  S    S-     0   0    3     -3,-0.4     2,-1.9     2,-0.3   -36,-0.1  -0.733  78.7-112.6-109.6 157.6   33.6   33.3   89.8
  358  400 A R  S    S+     0   0   37     -2,-0.3   -39,-0.3     2,-0.1     2,-0.3  -0.484  94.4  75.6 -87.3  64.0   34.7   34.8   86.5
  359  401 A A  S    S-     0   0    5     -2,-1.9   -39,-0.3  -352,-0.1    -2,-0.3  -0.964  96.3 -87.1-163.4 162.8   31.1   36.1   86.0
  360  402 A T  E     -o  320   0H   0    -41,-2.8   -39,-2.4    -2,-0.3     2,-0.2  -0.733  48.9-133.8 -83.5 115.1   28.9   38.8   87.4
  361  403 A P  E     -o  321   0H   0      0, 0.0  -350,-2.4     0, 0.0     2,-0.5  -0.468  15.2-160.3 -73.0 138.5   27.2   37.4   90.5
  362  404 A F  E     -b   11   0A   5    -41,-2.7     2,-0.6    -2,-0.2   -39,-0.4  -0.971   3.4-160.3-120.9 114.4   23.5   37.9   91.0
  363  405 A I  E     -b   12   0A   5   -352,-2.8  -350,-2.7    -2,-0.5     2,-0.3  -0.843  14.8-139.6 -95.6 116.7   22.3   37.5   94.6
  364  406 A Y  E >   -b   13   0A   1     -2,-0.6     3,-2.4  -352,-0.2     4,-0.4  -0.614  38.1 -85.7 -80.8 135.8   18.5   36.8   94.9
  365  407 A Q  T 3  S+     0   0    1   -352,-2.1    -1,-0.1    -2,-0.3  -351,-0.0  -0.050 111.7  12.4 -42.1 123.1   16.7   38.6   97.6
  366  408 A G  T > >S+     0   0    0     -3,-0.1     5,-1.9    55,-0.1     3,-0.8   0.174  99.0  94.9  95.6 -19.4   16.8   36.8  100.9
  367  409 A S  T < 5S+     0   0   10     -3,-2.4     3,-0.3     1,-0.2    -2,-0.1   0.684  73.1  69.0 -78.4 -15.7   19.5   34.2  100.0
  368  410 A E  T 3 5S+     0   0    0     -4,-0.4    95,-0.3     1,-0.2    -1,-0.2   0.691 104.4  46.1 -71.4 -14.7   22.1   36.5  101.5
  369  411 A L  T < 5S-     0   0    0     -3,-0.8    90,-0.3    90,-0.1    -1,-0.2   0.552 122.9-108.1 -98.5 -15.4   20.4   35.5  104.8
  370  412 A G  T   5 -     0   0    2     -4,-0.3    -3,-0.2    -3,-0.3    -2,-0.1   0.785  50.8-177.7  89.7  31.1   20.3   31.8  103.9
  371  413 A M      < -     0   0    0     -5,-1.9   -39,-0.5     1,-0.1   -38,-0.3  -0.340  10.9-151.6 -63.1 146.4   16.5   31.7  103.3
  372  414 A T        -     0   0   11      1,-0.2    69,-0.1   -40,-0.1    -1,-0.1  -0.599  21.6 -71.0-118.0 176.4   15.2   28.3  102.4
  373  415 A N        -     0   0   17     -2,-0.2    -1,-0.2   -43,-0.1    43,-0.1  -0.149  56.9-106.0 -58.0 158.8   12.5   26.4  100.5
  374  416 A Y        -     0   0   27     36,-0.2     2,-2.0    67,-0.1    -1,-0.1  -0.696  21.5-118.7 -94.6 142.7    9.0   26.6  102.0
  375  417 A P        -     0   0   67      0, 0.0     2,-0.4     0, 0.0    -1,-0.1  -0.505  34.1-162.1 -80.1  79.4    7.4   23.7  103.8
  376  418 A F        -     0   0    3     -2,-2.0     3,-0.1     1,-0.2    34,-0.1  -0.473   7.6-164.4 -65.2 116.8    4.5   23.2  101.4
  377  419 A R        -     0   0  176     -2,-0.4     2,-0.3     1,-0.2    -1,-0.2   0.887  66.1 -12.6 -71.2 -42.3    1.8   21.1  103.3
  378  420 A Q  S >  S-     0   0  111     28,-0.0     3,-2.0     1,-0.0    -1,-0.2  -0.943  80.6 -82.9-152.6 173.6   -0.2   20.2  100.2
  379  421 A L  G >  S+     0   0   42     -2,-0.3     3,-1.3     1,-0.3     8,-0.0   0.771 117.0  62.8 -52.2 -34.5   -0.7   21.0   96.5
  380  422 A N  G 3  S+     0   0  112      1,-0.3    -1,-0.3     3,-0.0    -4,-0.0   0.468  85.2  75.1 -76.6   1.3   -3.0   24.0   97.1
  381  423 A E  G <  S+     0   0   21     -3,-2.0     2,-0.4    57,-0.0    -1,-0.3   0.393  81.5  87.0 -91.2   3.4   -0.3   25.9   98.9
  382  424 A F    <   -     0   0    2     -3,-1.3    34,-0.0     1,-0.1    31,-0.0  -0.819  49.7-177.5-100.9 143.6    1.4   26.6   95.6
  383  425 A D        +     0   0   88     -2,-0.4    -1,-0.1     4,-0.0     5,-0.1   0.576  45.9 125.9-106.3 -25.0    0.4   29.6   93.4
  384  426 A D    >>  -     0   0    4      1,-0.2     4,-2.1     2,-0.1     3,-0.5  -0.114  47.6-162.2 -40.8 107.3    2.9   28.6   90.7
  385  427 A I  H 3> S+     0   0   48      1,-0.3     4,-2.2     2,-0.2    -1,-0.2   0.744  92.7  62.7 -68.2 -21.6    0.9   28.3   87.5
  386  428 A E  H 3> S+     0   0   23      2,-0.2     4,-1.7     1,-0.2    -1,-0.3   0.896 105.9  46.1 -67.7 -36.5    3.8   26.3   86.1
  387  429 A V  H <> S+     0   0    5     -3,-0.5     4,-2.4     2,-0.2    -2,-0.2   0.920 111.6  48.3 -70.6 -46.2    2.9   23.8   88.9
  388  430 A K  H  X S+     0   0  105     -4,-2.1     4,-1.7     1,-0.2    -1,-0.2   0.895 112.6  51.8 -62.4 -34.7   -0.8   23.8   88.2
  389  431 A G  H  X S+     0   0    8     -4,-2.2     4,-1.9     1,-0.2  -243,-0.3   0.869 108.8  49.3 -67.5 -37.3    0.1   23.4   84.6
  390  432 A F  H  X>S+     0   0    7     -4,-1.7     4,-2.1     1,-0.2     5,-0.5   0.858 105.8  58.2 -69.0 -35.8    2.3   20.4   85.4
  391  433 A W  H  X>S+     0   0   72     -4,-2.4     4,-2.1     2,-0.2     5,-2.0   0.911 107.6  46.3 -59.9 -44.8   -0.5   18.9   87.5
  392  434 A Q  H  <>S+     0   0  113     -4,-1.7     5,-0.5     3,-0.2    -2,-0.2   0.940 116.6  43.8 -63.7 -49.1   -2.9   18.9   84.4
  393  435 A D  H  <5S+     0   0   71     -4,-1.9    -2,-0.2     3,-0.1    -1,-0.2   0.719 131.1  18.6 -71.3 -24.8   -0.3   17.4   82.1
  394  436 A Y  H  <>S+     0   0   30     -4,-2.1     6,-1.5    -5,-0.1     5,-0.6   0.681 129.1  37.5-120.7 -26.7    1.1   14.7   84.4
  395  437 A V  T ><<S+     0   0   23     -4,-2.1     3,-0.6    -5,-0.5    -3,-0.2   0.842 119.1  45.3 -94.4 -42.1   -1.3   14.0   87.2
  396  438 A Q  T 3 <S+     0   0  119     -5,-2.0    -3,-0.1     1,-0.2    -4,-0.1   0.872 115.6  50.4 -66.3 -35.1   -4.6   14.3   85.4
  397  439 A S  T 3 <S-     0   0   74     -5,-0.5    -1,-0.2    -6,-0.3    -2,-0.2   0.585 112.3-125.6 -77.3 -11.3   -3.0   12.2   82.6
  398  440 A G  T < 5S+     0   0   60     -3,-0.6    -3,-0.2     2,-0.2    -2,-0.1   0.569  72.1 130.5  77.2   8.4   -2.0    9.6   85.3
  399  441 A K  S   <S+     0   0  133     -5,-0.6     2,-0.3     1,-0.2    -4,-0.2   0.632  79.2  12.1 -68.5 -13.8    1.7    9.9   84.1
  400  442 A V  S    S-     0   0   24     -6,-1.5    -2,-0.2    -5,-0.1    -1,-0.2  -0.968  85.8-103.5-161.1 147.8    2.7   10.3   87.8
  401  443 A T     >  -     0   0   69     -2,-0.3     4,-2.5     1,-0.1     5,-0.2  -0.424  28.3-120.7 -75.5 151.6    1.0   10.0   91.2
  402  444 A A  H  > S+     0   0   40      1,-0.2     4,-2.2     2,-0.2     5,-0.1   0.834 112.7  52.0 -58.9 -35.4   -0.1   13.1   93.2
  403  445 A T  H  > S+     0   0  102      2,-0.2     4,-2.7     1,-0.2    -1,-0.2   0.961 112.3  41.8 -67.7 -52.8    2.2   12.1   96.0
  404  446 A E  H  > S+     0   0  111      1,-0.2     4,-1.6     2,-0.2    -2,-0.2   0.854 114.0  55.0 -62.9 -34.3    5.4   11.7   94.0
  405  447 A F  H  X S+     0   0    0     -4,-2.5     4,-2.6     2,-0.2     5,-0.3   0.947 110.0  45.4 -62.6 -48.9    4.4   14.8   92.1
  406  448 A L  H  X S+     0   0   20     -4,-2.2     4,-2.1     1,-0.2    -2,-0.2   0.919 106.8  58.3 -61.0 -46.7    4.2   16.8   95.3
  407  449 A D  H  < S+     0   0   98     -4,-2.7     4,-0.4     1,-0.2    -1,-0.2   0.885 114.1  40.6 -50.9 -40.3    7.4   15.4   96.6
  408  450 A N  H >X S+     0   0   31     -4,-1.6     4,-1.7     2,-0.2     3,-1.4   0.926 110.7  50.3 -79.1 -47.9    9.1   16.8   93.6
  409  451 A V  H 3X S+     0   0    1     -4,-2.6     4,-2.7     1,-0.3    -1,-0.2   0.794 102.1  66.8 -64.0 -22.3    7.5   20.2   93.1
  410  452 A R  H 3< S+     0   0   83     -4,-2.1    -1,-0.3    -5,-0.3    -2,-0.2   0.842 110.1  36.4 -62.2 -31.4    8.3   20.8   96.7
  411  453 A L  H <4 S+     0   0   50     -3,-1.4    -2,-0.2    -4,-0.4    -1,-0.2   0.700 129.0  30.9 -93.4 -25.5   11.9   20.8   95.7
  412  454 A T  H  < S+     0   0    9     -4,-1.7    -3,-0.2  -120,-0.2    -2,-0.2   0.640  82.2 118.5-112.1 -16.1   11.7   22.5   92.3
  413  455 A S    ><  -     0   0    3     -4,-2.7     3,-1.4    -5,-0.2     4,-0.2  -0.211  60.8-136.5 -58.3 141.0    8.8   25.0   92.4
  414  456 A R  G >  S+     0   0   10      1,-0.3     3,-1.5   -87,-0.2   -86,-0.3   0.680  99.3  77.3 -67.1 -20.0    9.6   28.7   91.8
  415  457 A D  G >  S+     0   0    2      1,-0.3     3,-1.7     2,-0.2     4,-0.4   0.774  76.6  75.4 -64.3 -20.9    7.3   29.4   94.7
  416  458 A N  G <  S+     0   0    0     -3,-1.4     3,-0.3     1,-0.3    -1,-0.3   0.835 102.6  38.7 -57.8 -31.5   10.1   28.3   97.0
  417  459 A S  G <  S+     0   0    0     -3,-1.5    -1,-0.3    -4,-0.2    -2,-0.2   0.266 105.0  71.3-102.3   9.9   11.8   31.6   96.3
  418  460 A R    <   +     0   0    6     -3,-1.7    -1,-0.2    -4,-0.2    -2,-0.2   0.396  63.5 112.6-108.5   2.4    8.6   33.7   96.3
  419  461 A T  S    S-     0   0    0     -4,-0.4    21,-0.1    -3,-0.3    20,-0.1  -0.508  83.5 -79.2 -74.5 145.7    7.7   33.8  100.0
  420  462 A P        -     0   0    0      0, 0.0    21,-0.3     0, 0.0  -401,-0.2  -0.038  52.4 -96.5 -47.8 140.6    8.0   37.3  101.6
  421  463 A F        -     0   0    1   -403,-2.4     2,-0.9     1,-0.1   -55,-0.1  -0.254  34.7-126.9 -57.7 143.9   11.5   38.5  102.6
  422  464 A Q        +     0   0    2      1,-0.2    27,-2.3    -3,-0.1     8,-0.1  -0.758  38.3 162.8-103.8  91.8   12.3   38.0  106.3
  423  465 A W        -     0   0   18      6,-1.2    27,-3.2    -2,-0.9     2,-0.2   0.914  62.2 -23.9 -74.2 -49.0   13.3   41.3  107.9
  424  466 A N  S    S-     0   0   23      5,-1.8     7,-0.1    25,-0.2    25,-0.1  -0.782  70.3 -88.5-148.8-167.8   13.0   40.6  111.6
  425  467 A D  S    S+     0   0   93     -2,-0.2     3,-0.1    20,-0.1     4,-0.1   0.160  83.3 110.4-102.0  19.9   11.1   38.4  114.1
  426  468 A T  S >  S-     0   0   66      1,-0.2     3,-1.8     2,-0.1     4,-0.2  -0.303  89.4 -54.1 -79.8 175.0    8.0   40.6  114.5
  427  469 A L  G >  S+     0   0  110      1,-0.3     3,-1.5     2,-0.2     5,-0.4  -0.213 132.4  12.0 -52.5 137.6    4.7   39.3  113.1
  428  470 A N  G >  S-     0   0   36      1,-0.3     3,-2.2     2,-0.2    -1,-0.3   0.740 126.9 -79.7  63.7  22.9    5.0   38.5  109.4
  429  471 A A  G <  S-     0   0    0     -3,-1.8    -5,-1.8     1,-0.3    -6,-1.2   0.751  79.3 -66.9  57.7  26.7    8.7   38.8  109.8
  430  472 A G  G <  S+     0   0   11     -3,-1.5    -1,-0.3     2,-0.3    -2,-0.2   0.680 113.3 116.8  69.8  16.7    8.5   42.6  109.6
  431  473 A F  S <  S-     0   0    0     -3,-2.2  -410,-1.9     1,-0.3     2,-0.3   0.847  84.3 -17.9 -82.0 -37.5    7.4   42.3  106.0
  432  474 A T        -     0   0    3     -5,-0.4    -1,-0.3    -4,-0.3    -2,-0.3  -0.953  43.0-138.1-159.3 169.1    3.9   43.8  106.5
  433  475 A R  S    S+     0   0  193     -2,-0.3     2,-0.1    -3,-0.1    -5,-0.1   0.364  91.6  64.9-114.1  -3.8    1.4   44.5  109.2
  434  476 A G  S    S-     0   0   24      1,-0.1  -409,-0.1    -6,-0.1    -2,-0.1  -0.072 111.6 -59.7 -98.1-157.4   -1.4   43.3  107.0
  435  477 A K        -     0   0  172   -411,-0.3    -1,-0.1    -2,-0.1    -2,-0.1  -0.814  59.0-118.5 -91.1 122.4   -2.0   39.8  105.7
  436  478 A P        -     0   0   12      0, 0.0  -409,-0.2     0, 0.0  -410,-0.1  -0.370  14.7-132.5 -60.0 136.0    1.0   38.7  103.6
  437  479 A W  S    S+     0   0   47   -411,-2.5     2,-0.3  -420,-0.2  -410,-0.1   0.773  92.4  24.5 -61.4 -27.7   -0.1   37.9  100.1
  438  480 A F  S    S-     0   0    9   -412,-0.3    -1,-0.1   -20,-0.0   -57,-0.0  -0.994 105.3 -82.6-139.1 141.9    1.8   34.6  100.1
  439  481 A H        -     0   0   41     -2,-0.3     2,-0.3   -58,-0.1    -2,-0.1  -0.106  41.4-135.6 -49.5 132.2    2.7   32.4  103.2
  440  482 A I        -     0   0   26    -21,-0.1    -1,-0.1     1,-0.1   -19,-0.1  -0.698  26.5-103.0 -91.3 140.8    5.8   33.4  105.0
  441  483 A N    >   -     0   0    1     -2,-0.3     3,-1.6   -21,-0.3     4,-0.1  -0.451  20.6-140.4 -66.5 126.8    8.3   30.7  106.1
  442  484 A P  G >  S+     0   0   72      0, 0.0     3,-1.3     0, 0.0    -1,-0.2   0.686  96.3  76.7 -59.8 -20.8    8.0   30.0  109.9
  443  485 A N  G >>  +     0   0   58      1,-0.3     4,-3.4     2,-0.1     3,-1.8   0.419  64.4  98.1 -73.9   7.8   11.7   29.7  110.1
  444  486 A Y  G <4  +     0   0   53     -3,-1.6    -1,-0.3     1,-0.3    -3,-0.0   0.800  68.4  70.3 -63.6 -25.5   11.8   33.5  110.0
  445  487 A V  G <4 S+     0   0   62     -3,-1.3    -1,-0.3     1,-0.2    -2,-0.1   0.703 116.5  23.6 -64.0 -16.0   12.1   33.4  113.8
  446  488 A E  T <4 S+     0   0  106     -3,-1.8     2,-0.9     1,-0.2    -2,-0.2   0.732 122.9  54.4-112.4 -48.2   15.6   32.1  113.1
  447  489 A I  S  < S+     0   0    5     -4,-3.4     2,-0.3   -23,-0.1    -1,-0.2  -0.791  74.2 126.7 -97.4  96.1   16.4   33.4  109.6
  448  490 A N     >  -     0   0    1     -2,-0.9     4,-2.1    -3,-0.1   -25,-0.2  -0.988  62.2-121.5-153.0 143.3   15.9   37.2  109.5
  449  491 A A  H  > S+     0   0    1    -27,-2.3     4,-2.3    -2,-0.3   -25,-0.2   0.896 109.0  51.1 -47.7 -52.9   18.0   40.2  108.4
  450  492 A E  H  > S+     0   0  105    -27,-3.2     4,-1.1     1,-0.2     3,-0.5   0.956 109.8  47.9 -53.7 -57.8   17.9   42.0  111.8
  451  493 A R  H  > S+     0   0  149      1,-0.2     4,-0.6   -28,-0.2     3,-0.3   0.879 115.3  47.1 -53.1 -40.3   19.0   39.0  113.8
  452  494 A E  H >< S+     0   0   12     -4,-2.1     3,-0.5     1,-0.2     9,-0.3   0.802  98.8  68.0 -73.8 -29.3   21.8   38.4  111.3
  453  495 A E  H 3< S+     0   0   90     -4,-2.3    -1,-0.2    -3,-0.5    -2,-0.2   0.855 105.8  40.8 -59.5 -35.5   23.0   42.0  111.2
  454  496 A T  H 3< S+     0   0  129     -4,-1.1     2,-0.7    -3,-0.3    -1,-0.2   0.601  98.5  84.8 -89.9 -12.2   24.3   41.9  114.8
  455  497 A R    X<  -     0   0  139     -4,-0.6     3,-2.2    -3,-0.5     6,-0.4  -0.822  65.2-154.3 -97.7 113.2   25.8   38.4  114.7
  456  498 A E  T 3  S+     0   0  148     -2,-0.7    -1,-0.1     1,-0.3    -4,-0.0   0.695  93.6  49.5 -57.0 -23.3   29.3   38.4  113.4
  457  499 A D  T 3  S+     0   0   44      4,-0.1    -1,-0.3     5,-0.0    76,-0.1   0.262  85.4 123.8-101.5  13.8   29.1   34.8  112.2
  458  500 A S  S <> S-     0   0    8     -3,-2.2     4,-1.7    -6,-0.3     5,-0.1  -0.266  73.6-117.1 -71.6 159.3   25.8   35.1  110.4
  459  501 A V  H  > S+     0   0    0    -90,-0.3     4,-2.3     2,-0.2     5,-0.2   0.884 114.4  57.9 -61.3 -38.6   25.4   34.3  106.7
  460  502 A L  H  > S+     0   0    3      1,-0.2     4,-2.3     2,-0.2    -1,-0.2   0.955 107.2  44.5 -57.4 -54.9   24.6   37.9  106.0
  461  503 A N  H  > S+     0   0   28     -6,-0.4     4,-2.1    -9,-0.3    -1,-0.2   0.817 110.1  56.0 -64.1 -28.2   27.8   39.2  107.4
  462  504 A Y  H  X S+     0   0   21     -4,-1.7     4,-2.4     2,-0.2    -1,-0.2   0.917 107.3  49.4 -68.8 -39.8   29.7   36.5  105.6
  463  505 A Y  H  X S+     0   0   13     -4,-2.3     4,-2.5   -95,-0.3     5,-0.3   0.909 107.2  55.6 -63.0 -40.9   28.1   37.7  102.3
  464  506 A K  H  X S+     0   0   76     -4,-2.3     4,-2.1     1,-0.2    -2,-0.2   0.949 110.5  45.6 -54.8 -49.4   29.2   41.3  103.2
  465  507 A K  H  X S+     0   0  103     -4,-2.1     4,-2.3     1,-0.2    -2,-0.2   0.894 111.6  50.6 -62.0 -43.7   32.8   40.1  103.6
  466  508 A M  H  X S+     0   0    0     -4,-2.4     4,-1.9     2,-0.2    -1,-0.2   0.903 111.8  47.6 -62.6 -42.0   32.8   38.1  100.3
  467  509 A I  H  X S+     0   0    2     -4,-2.5     4,-2.1     2,-0.2    -1,-0.2   0.884 110.3  53.1 -65.5 -38.5   31.4   41.0   98.4
  468  510 A Q  H  X S+     0   0  114     -4,-2.1     4,-1.0    -5,-0.3    -2,-0.2   0.900 108.3  50.5 -63.7 -40.4   34.0   43.2  100.0
  469  511 A L  H  X S+     0   0   21     -4,-2.3     4,-1.4     1,-0.2     3,-0.4   0.883 109.2  51.2 -65.1 -38.6   36.7   40.8   98.8
  470  512 A R  H  < S+     0   0    3     -4,-1.9     3,-0.2     1,-0.2    -1,-0.2   0.888 107.7  52.8 -66.3 -38.1   35.4   40.8   95.3
  471  513 A H  H  < S+     0   0   84     -4,-2.1    -1,-0.2     1,-0.2    -2,-0.2   0.730 117.9  37.4 -68.5 -21.7   35.4   44.6   95.2
  472  514 A H  H  < S+     0   0  144     -4,-1.0    -1,-0.2    -3,-0.4    -2,-0.2   0.518 105.8  64.1-109.9  -8.5   39.1   44.7   96.3
  473  515 A I    >X  -     0   0   18     -4,-1.4     3,-2.6    -3,-0.2     4,-0.5  -0.765  57.9-168.7-122.5  88.5   40.7   41.8   94.5
  474  516 A P  H >>>S+     0   0   60      0, 0.0     4,-2.4     0, 0.0     3,-2.2   0.792  84.9  66.2 -39.2 -43.8   40.7   42.2   90.7
  475  517 A A  H 3>5S+     0   0    0      1,-0.3     4,-1.1     2,-0.2    28,-0.1   0.828  93.3  60.1 -53.0 -33.9   41.8   38.6   90.2
  476  518 A L  H <45S+     0   0    1     -3,-2.6    -1,-0.3    -7,-0.2    -6,-0.1   0.730 115.2  35.4 -68.2 -19.8   38.5   37.4   91.7
  477  519 A V  H <<5S+     0   0    4     -3,-2.2    -2,-0.2    -4,-0.5    -1,-0.1   0.889 136.5  13.6 -96.4 -56.7   36.7   39.3   88.8
  478  520 A Y  H  <5S+     0   0   27     -4,-2.4    -3,-0.2  -120,-0.1    -2,-0.1   0.650  91.1 119.3 -98.4 -17.8   39.0   38.9   85.8
  479  521 A G  S  <<S-     0   0    0     -4,-1.1    19,-0.3    -5,-0.6    23,-0.1  -0.070  73.7 -95.5 -50.5 148.8   41.4   36.2   86.7
  480  522 A A  E     -P  497   0I  53     17,-3.4    17,-2.1     1,-0.1     2,-0.4  -0.338  38.7-125.0 -64.1 148.4   41.5   33.0   84.6
  481  523 A Y  E     +P  496   0I  29     15,-0.2     2,-0.4    -3,-0.1    15,-0.2  -0.839  30.2 177.9-100.7 132.8   39.4   30.1   86.0
  482  524 A Q  E     -P  495   0I  99     13,-1.9    13,-2.4    -2,-0.4     2,-0.9  -0.939  21.4-150.4-141.0 116.4   41.1   26.8   86.6
  483  525 A D  E     -P  494   0I  26     -2,-0.4    11,-0.2    11,-0.2    -2,-0.0  -0.743   9.2-159.2 -85.8 109.7   39.5   23.6   88.1
  484  526 A L  S    S+     0   0   34      9,-1.2    -1,-0.2    -2,-0.9    10,-0.1   0.751  83.5  13.0 -61.0 -25.8   42.3   21.8   89.8
  485  527 A N    >   -     0   0   67      8,-0.7     3,-2.0     3,-0.1    -1,-0.2  -0.480  60.4-176.7-156.8  81.1   40.4   18.5   89.7
  486  528 A P  T 3  S+     0   0   61      0, 0.0  -182,-0.2     0, 0.0  -183,-0.1   0.633  86.2  53.6 -50.8 -20.3   37.2   18.2   87.5
  487  529 A Q  T 3  S+     0   0  139   -184,-0.1  -187,-0.2  -183,-0.0     2,-0.2   0.585  77.6 110.8 -96.5 -11.0   36.6   14.6   88.7
  488  530 A D    <   -     0   0   42     -3,-2.0    -3,-0.1     1,-0.1     5,-0.1  -0.470  41.6-173.8 -68.7 130.9   36.5   15.1   92.5
  489  531 A N  S    S+     0   0   70     -2,-0.2  -190,-0.4  -190,-0.2    -1,-0.1   0.294  78.8  47.0-105.2   6.4   33.1   14.7   94.0
  490  532 A T  S    S+     0   0   29      1,-0.3    19,-2.7  -192,-0.1     2,-0.6   0.791 109.6  35.2-112.1 -55.2   34.1   15.8   97.5
  491  533 A V  E     - Q   0 508I   3     17,-0.2     2,-0.6    18,-0.1    -1,-0.3  -0.922  63.0-150.9-114.5 120.4   36.1   19.0   97.4
  492  534 A Y  E     + Q   0 507I   0     15,-2.7    15,-2.6    -2,-0.6     2,-0.4  -0.762  29.4 169.3 -84.9 118.6   35.5   21.8   94.8
  493  535 A A  E     + Q   0 506I   3     -2,-0.6    -9,-1.2    13,-0.2    -8,-0.7  -0.998   3.5 152.8-136.3 134.4   38.8   23.5   94.3
  494  536 A Y  E     -PQ 483 505I   0     11,-2.2    11,-3.2    -2,-0.4     2,-0.3  -0.987  29.9-128.8-154.8 159.7   39.8   26.1   91.7
  495  537 A T  E     -PQ 482 504I   0    -13,-2.4   -13,-1.9    -2,-0.3     2,-0.5  -0.821   4.7-153.6-114.1 155.2   42.2   28.9   91.1
  496  538 A R  E     -PQ 481 503I   0      7,-2.3     7,-2.1    -2,-0.3     2,-0.5  -0.991  21.5-170.1-125.2 115.2   41.6   32.5   89.9
  497  539 A T  E     +PQ 480 502I  35    -17,-2.1   -17,-3.4    -2,-0.5     2,-0.5  -0.935  20.6 169.7-120.3 121.4   44.7   33.9   88.1
  498  540 A L  E >  S- Q   0 501I  48      3,-2.3     3,-1.5    -2,-0.5     2,-0.7  -0.837  74.4 -55.7-125.3  91.4   45.3   37.4   87.0
  499  541 A G  T 3  S-     0   0   68     -2,-0.5   -19,-0.0     1,-0.3     0, 0.0  -0.670 120.5 -19.3  78.7-117.0   49.0   37.7   86.1
  500  542 A N  T 3  S+     0   0  148     -2,-0.7     2,-0.9    -3,-0.1    -1,-0.3   0.380 113.9 101.5-105.1   1.0   51.0   36.6   89.0
  501  543 A E  E <   -Q  498   0I  89     -3,-1.5    -3,-2.3    53,-0.0     2,-0.4  -0.782  54.2-179.0 -88.3 105.6   48.2   37.1   91.5
  502  544 A R  E     -Q  497   0I  57     -2,-0.9    53,-2.3    53,-0.5     2,-0.4  -0.902   8.1-172.4-109.7 133.5   46.9   33.5   92.1
  503  545 A Y  E     -QR 496 554I  15     -7,-2.1    -7,-2.3    -2,-0.4     2,-0.4  -0.966   9.8-151.6-126.5 143.4   44.0   32.7   94.4
  504  546 A L  E     -QR 495 553I   1     49,-3.7    49,-3.1    -2,-0.4     2,-0.5  -0.950   5.9-164.5-114.1 130.2   42.7   29.3   95.5
  505  547 A V  E     -QR 494 552I   0    -11,-3.2   -11,-2.2    -2,-0.4     2,-0.4  -0.969  10.2-175.1-116.3 130.4   39.1   28.6   96.4
  506  548 A V  E     -QR 493 551I   0     45,-2.5    45,-2.1    -2,-0.5     2,-0.4  -0.985   7.0-179.6-129.7 134.9   38.2   25.4   98.2
  507  549 A V  E     -QR 492 550I   0    -15,-2.6   -15,-2.7    -2,-0.4     2,-0.9  -0.963  20.0-148.3-138.0 120.0   34.9   24.0   99.2
  508  550 A N  E     -Q  491   0I   0     41,-3.1   -17,-0.2    -2,-0.4    40,-0.2  -0.755  13.7-174.7 -83.4 110.6   34.1   20.8  101.1
  509  551 A F        +     0   0   23    -19,-2.7    -1,-0.2    -2,-0.9     2,-0.2   0.592  56.5  89.5 -82.6  -6.5   30.8   19.7   99.7
  510  552 A K  S    S-     0   0   59    -20,-0.5    38,-2.0     2,-0.2    39,-0.2  -0.484  75.5-133.4 -92.7 160.3   30.6   16.8  102.2
  511  553 A E  S    S+     0   0  101     36,-0.2    -1,-0.1    -2,-0.2    -2,-0.0   0.111  88.6  64.0 -97.9  22.5   29.2   16.6  105.7
  512  554 A Y  S    S-     0   0  109     34,-0.1    36,-0.2    33,-0.0    -2,-0.2  -0.946  99.3 -84.2-136.6 154.3   32.2   14.9  107.2
  513  555 A P        -     0   0   89      0, 0.0     2,-0.3     0, 0.0    33,-0.2  -0.187  44.7-169.8 -59.5 151.6   35.7   16.2  107.5
  514  556 A V  E     -T  545   0J  27     31,-2.5    31,-3.4    -4,-0.1     2,-0.6  -0.997  20.4-137.4-147.6 141.7   38.1   16.0  104.5
  515  557 A R  E     -T  544   0J 194     -2,-0.3     2,-0.5    29,-0.2    29,-0.2  -0.894  22.1-159.0-100.4 118.1   41.8   16.6  104.1
  516  558 A Y  E     -T  543   0J  26     27,-2.9    27,-2.2    -2,-0.6     2,-0.6  -0.888   3.2-151.6-103.8 125.3   42.6   18.4  100.8
  517  559 A T  E     -T  542   0J 108     -2,-0.5    25,-0.2    25,-0.2     3,-0.1  -0.826  14.1-137.8 -96.0 119.7   46.1   18.2   99.3
  518  560 A L        -     0   0    6     23,-2.1    23,-0.0    -2,-0.6     6,-0.0  -0.285  41.3 -78.1 -70.4 160.9   47.2   21.2   97.2
  519  561 A P    >   -     0   0   47      0, 0.0     3,-1.8     0, 0.0    -1,-0.1  -0.329  50.9-109.3 -57.0 145.2   49.0   20.6   93.9
  520  562 A A  T 3  S+     0   0  102      1,-0.3    -2,-0.1    -3,-0.1     0, 0.0   0.734 115.8  44.9 -50.0 -33.8   52.7   19.7   94.8
  521  563 A N  T 3  S+     0   0  160      2,-0.0     2,-0.3     0, 0.0    -1,-0.3   0.541  96.6  95.5 -91.2  -5.6   54.2   23.0   93.4
  522  564 A D    <   -     0   0   20     -3,-1.8     2,-0.4    19,-0.1    -4,-0.1  -0.657  50.7-174.3 -92.1 140.6   51.5   25.2   95.1
  523  565 A A        -     0   0   16     -2,-0.3    33,-1.8    33,-0.2     2,-0.6  -0.995  25.0-127.2-133.9 136.8   51.9   26.9   98.4
  524  566 A I  E     +S  555   0I  10     16,-0.9    31,-0.2    -2,-0.4     3,-0.1  -0.734  29.7 170.7 -83.1 121.6   49.5   28.9  100.5
  525  567 A E  E     +     0   0I 126     29,-2.4     2,-0.3    -2,-0.6    30,-0.2   0.753  64.6  11.8-100.0 -32.4   51.0   32.2  101.4
  526  568 A E  E     -S  554   0I 113     28,-1.8    28,-2.4    14,-0.1     2,-0.7  -0.996  61.7-131.8-148.3 151.1   47.9   33.9  102.8
  527  569 A V  E     -S  553   0I  34     -2,-0.3    26,-0.2    26,-0.2     3,-0.1  -0.916  18.7-177.8-103.8 114.1   44.4   33.2  104.0
  528  570 A V  E     -     0   0I  30     24,-1.9     2,-0.3    -2,-0.7    25,-0.2   0.865  64.9 -38.7 -78.2 -38.6   42.0   35.7  102.5
  529  571 A I  E     -S  552   0I   7     23,-1.6    23,-2.8   -60,-0.0    -1,-0.3  -0.931  53.3-171.3-179.7 156.8   38.9   34.2  104.3
  530  572 A D  E     -S  551   0I  33     -2,-0.3    21,-0.2    21,-0.3    19,-0.0  -0.979  35.0-113.6-157.3 159.7   37.3   31.0  105.4
  531  573 A T  S    S+     0   0   23     19,-2.2     2,-0.4    -2,-0.3    20,-0.1   0.576  85.4  93.9 -73.3 -13.9   34.0   29.9  106.9
  532  574 A Q        -     0   0   61     18,-0.3    -2,-0.1     1,-0.2    17,-0.0  -0.700  59.4-157.4 -86.0 130.3   35.3   28.8  110.3
  533  575 A Q  S    S+     0   0  108     -2,-0.4    -1,-0.2   -76,-0.1    -3,-0.0   0.933  93.1  28.5 -69.4 -45.8   35.2   31.5  113.1
  534  576 A Q  S    S+     0   0  148      2,-0.0    -2,-0.1     0, 0.0     0, 0.0   0.957  84.6 116.4 -75.5 -83.4   38.0   29.8  115.1
  535  577 A A        -     0   0   37      1,-0.0    -3,-0.1    -4,-0.0    -5,-0.0   0.658  55.0-145.2   9.8 109.8   40.2   28.0  112.6
  536  578 A A        -     0   0   92      1,-0.2    -4,-0.1     0, 0.0    -2,-0.0  -0.180  41.9 -55.5 -82.5-180.0   43.7   29.5  112.7
  537  579 A A        -     0   0   79      1,-0.1    -1,-0.2   -10,-0.0    -2,-0.0  -0.339  58.7-140.4 -59.5 130.9   46.1   29.9  109.7
  538  580 A P        -     0   0   46      0, 0.0     2,-0.2     0, 0.0     5,-0.1  -0.199  23.3 -98.9 -81.8-179.4   46.6   26.5  108.0
  539  581 A H        -     0   0  160      3,-0.5     3,-0.4     1,-0.0   -14,-0.1  -0.561  37.2 -97.8 -98.2 172.2   50.0   25.5  106.7
  540  582 A S  S    S+     0   0   51      1,-0.2   -16,-0.9    -2,-0.2   -14,-0.1   0.724 108.1  46.5 -60.0 -33.2   51.1   25.7  103.0
  541  583 A T  S    S+     0   0   97    -18,-0.1   -23,-2.1     1,-0.1     2,-0.3   0.711 112.3   7.7 -91.9 -20.0   50.6   22.1  101.7
  542  584 A S  E     -T  517   0J  50     -3,-0.4    -3,-0.5   -25,-0.2     2,-0.4  -0.980  53.5-134.5-155.7 169.2   47.1   21.0  102.8
  543  585 A L  E     -T  516   0J   4    -27,-2.2   -27,-2.9    -2,-0.3     2,-0.9  -0.991   9.4-148.2-131.0 133.5   43.8   21.9  104.4
  544  586 A S  E     -T  515   0J  71     -2,-0.4     2,-0.4   -29,-0.2   -29,-0.2  -0.897  30.3-160.9 -99.2 106.4   41.9   19.9  107.0
  545  587 A L  E     -T  514   0J   3    -31,-3.4   -31,-2.5    -2,-0.9     3,-0.1  -0.787   8.3-147.9 -98.1 131.4   38.3   20.9  106.1
  546  588 A S    >   -     0   0   45     -2,-0.4     3,-2.3   -33,-0.2   -38,-0.2  -0.365  53.8 -55.6 -83.0 170.0   35.4   20.5  108.4
  547  589 A P  T 3  S-     0   0   32      0, 0.0   -36,-0.2     0, 0.0    -1,-0.2  -0.207 125.3  -5.2 -49.7 131.4   31.9   19.7  107.0
  548  590 A W  T 3  S+     0   0   14    -38,-2.0     2,-0.2   -36,-0.2  -199,-0.1   0.690  94.0 163.0  55.0  22.7   30.9   22.3  104.4
  549  591 A Q    <   -     0   0   13     -3,-2.3   -41,-3.1   -39,-0.2     2,-0.3  -0.496  14.0-175.1 -74.5 140.8   34.0   24.4  105.1
  550  592 A A  E     +R  507   0I   0    -43,-0.2   -19,-2.2    -2,-0.2   -18,-0.3  -0.939   6.3 168.5-133.8 155.6   35.0   26.9  102.5
  551  593 A G  E     -RS 506 530I   0    -45,-2.1   -45,-2.5    -2,-0.3     2,-0.4  -0.989  26.8-140.9-165.5 156.2   38.0   29.2  102.0
  552  594 A V  E     -RS 505 529I   0    -23,-2.8   -24,-1.9    -2,-0.3   -23,-1.6  -0.984  27.5-178.0-120.8 131.0   39.8   31.6   99.7
  553  595 A Y  E     -RS 504 527I   4    -49,-3.1   -49,-3.7    -2,-0.4     2,-0.5  -0.960  25.7-132.1-133.1 149.4   43.6   31.6   99.7
  554  596 A K  E     -RS 503 526I  76    -28,-2.4   -29,-2.4    -2,-0.3   -28,-1.8  -0.877  28.5-152.5 -99.1 127.0   46.4   33.5   98.0
  555  597 A L  E       S   0 524I   7    -53,-2.3   -53,-0.5    -2,-0.5   -31,-0.2  -0.510 360.0 360.0 -94.6 165.5   49.0   31.2   96.5
  556  598 A R              0   0  210    -33,-1.8   -33,-0.2    -2,-0.2    -1,-0.1  -0.554 360.0 360.0 -74.6 360.0   52.7   32.1   95.9
