==== Secondary Structure Definition by the program DSSP, CMBI version by M.L. Hekkelman/2010-10-21 ==== DATE=2014-07-07        .
REFERENCE W. KABSCH AND C.SANDER, BIOPOLYMERS 22 (1983) 2577-2637                                                              .
                                                                                                                               .
  194  1  0  0  0 TOTAL NUMBER OF RESIDUES, NUMBER OF CHAINS, NUMBER OF SS-BRIDGES(TOTAL,INTRACHAIN,INTERCHAIN)                .
 10593.4   ACCESSIBLE SURFACE OF PROTEIN (ANGSTROM**2)                                                                         .
  128 66.0   TOTAL NUMBER OF HYDROGEN BONDS OF TYPE O(I)-->H-N(J)  , SAME NUMBER PER 100 RESIDUES                              .
   24 12.4   TOTAL NUMBER OF HYDROGEN BONDS IN     PARALLEL BRIDGES, SAME NUMBER PER 100 RESIDUES                              .
    2  1.0   TOTAL NUMBER OF HYDROGEN BONDS IN ANTIPARALLEL BRIDGES, SAME NUMBER PER 100 RESIDUES                              .
    0  0.0   TOTAL NUMBER OF HYDROGEN BONDS OF TYPE O(I)-->H-N(I-5), SAME NUMBER PER 100 RESIDUES                              .
    0  0.0   TOTAL NUMBER OF HYDROGEN BONDS OF TYPE O(I)-->H-N(I-4), SAME NUMBER PER 100 RESIDUES                              .
    1  0.5   TOTAL NUMBER OF HYDROGEN BONDS OF TYPE O(I)-->H-N(I-3), SAME NUMBER PER 100 RESIDUES                              .
    0  0.0   TOTAL NUMBER OF HYDROGEN BONDS OF TYPE O(I)-->H-N(I-2), SAME NUMBER PER 100 RESIDUES                              .
    0  0.0   TOTAL NUMBER OF HYDROGEN BONDS OF TYPE O(I)-->H-N(I-1), SAME NUMBER PER 100 RESIDUES                              .
    0  0.0   TOTAL NUMBER OF HYDROGEN BONDS OF TYPE O(I)-->H-N(I+0), SAME NUMBER PER 100 RESIDUES                              .
    0  0.0   TOTAL NUMBER OF HYDROGEN BONDS OF TYPE O(I)-->H-N(I+1), SAME NUMBER PER 100 RESIDUES                              .
   23 11.9   TOTAL NUMBER OF HYDROGEN BONDS OF TYPE O(I)-->H-N(I+2), SAME NUMBER PER 100 RESIDUES                              .
   24 12.4   TOTAL NUMBER OF HYDROGEN BONDS OF TYPE O(I)-->H-N(I+3), SAME NUMBER PER 100 RESIDUES                              .
   52 26.8   TOTAL NUMBER OF HYDROGEN BONDS OF TYPE O(I)-->H-N(I+4), SAME NUMBER PER 100 RESIDUES                              .
    2  1.0   TOTAL NUMBER OF HYDROGEN BONDS OF TYPE O(I)-->H-N(I+5), SAME NUMBER PER 100 RESIDUES                              .
  1  2  3  4  5  6  7  8  9 10 11 12 13 14 15 16 17 18 19 20 21 22 23 24 25 26 27 28 29 30     *** HISTOGRAMS OF ***           .
  0  0  0  0  0  1  0  1  1  1  0  1  1  0  0  0  0  0  0  0  0  0  0  0  0  0  0  0  0  0    RESIDUES PER ALPHA HELIX         .
  1  1  2  1  1  0  0  0  0  0  0  0  0  0  0  0  0  0  0  0  0  0  0  0  0  0  0  0  0  0    PARALLEL BRIDGES PER LADDER      .
  1  0  0  0  0  0  0  0  0  0  0  0  0  0  0  0  0  0  0  0  0  0  0  0  0  0  0  0  0  0    ANTIPARALLEL BRIDGES PER LADDER  .
  0  1  0  0  1  0  0  0  0  0  0  0  0  0  0  0  0  0  0  0  0  0  0  0  0  0  0  0  0  0    LADDERS PER SHEET                .
  #  RESIDUE AA STRUCTURE BP1 BP2  ACC     N-H-->O    O-->H-N    N-H-->O    O-->H-N    TCO  KAPPA ALPHA  PHI   PSI    X-CA   Y-CA   Z-CA 
    1   34 A R              0   0  215      0, 0.0     2,-0.3     0, 0.0     0, 0.0   0.000 360.0 360.0 360.0 139.3   42.2   38.2   40.0
    2   35 A A        -     0   0   40    191,-0.1     2,-0.3    89,-0.0    89,-0.2  -0.638 360.0-116.3 -91.2 146.2   38.7   39.2   40.8
    3   36 A L  E     -a   91   0A   8     87,-2.7    89,-3.3    -2,-0.3     2,-0.5  -0.637  29.2-147.7 -77.9 133.3   35.6   37.0   40.1
    4   37 A R  E     -a   92   0A  74     -2,-0.3   134,-2.3    87,-0.2   135,-1.6  -0.920  14.8-172.7-109.9 125.2   33.4   38.7   37.5
    5   38 A V  E     -ab  93 139A   0     87,-3.0    89,-2.5    -2,-0.5     2,-0.5  -0.962  12.2-154.9-121.1 127.0   29.6   38.2   37.7
    6   39 A L  E     -ab  94 140A   1    133,-3.2   135,-2.8    -2,-0.5     2,-0.5  -0.869  13.2-161.6 -98.6 125.4   27.0   39.3   35.2
    7   40 A V  E     -ab  95 141A   0     87,-3.3    89,-1.6    -2,-0.5   135,-0.2  -0.945  12.8-134.2-113.8 122.4   23.6   39.8   36.7
    8   41 A D        -     0   0    8    133,-2.6    89,-0.2    -2,-0.5     5,-0.1  -0.243   9.6-152.0 -66.8 157.3   20.6   39.9   34.4
    9   42 A M  S >>>S+     0   0    4     87,-0.4     4,-3.0     3,-0.2     5,-2.5   0.875  71.7  59.0 -98.3 -72.2   17.9   42.6   34.9
   10   43 A D  B 345S+f   14   0B  27      1,-0.3   133,-0.4     3,-0.2     5,-0.2  -0.396 122.5   7.7 -63.1 129.0   14.5   41.5   33.7
   11   44 A G  T 345S+     0   0   11      3,-3.0    -1,-0.3    -2,-0.1     4,-0.1   0.428 134.6  50.9  82.2  -3.3   13.3   38.4   35.6
   12   45 A V  T <45S+     0   0    0     -3,-1.9    -2,-0.2     2,-0.3    -3,-0.2   0.574 129.2   7.3-129.1 -49.2   16.3   38.5   38.0
   13   46 A L  T  <5S+     0   0    1     -4,-3.0    62,-2.3     1,-0.3     2,-0.4   0.793 130.5  44.8-102.8 -43.7   16.4   42.0   39.4
   14   47 A A  B   <S-fG  10  74B   1     -5,-2.5    -3,-3.0    60,-0.2     2,-1.9  -0.879  82.7-123.5-109.0 135.1   13.2   43.5   38.0
   15   48 A D     >  +     0   0   47     58,-3.2     4,-2.3    -2,-0.4    58,-0.4  -0.497  41.5 161.5 -80.0  79.1    9.8   41.7   38.0
   16   49 A F  H  > S+     0   0   36     -2,-1.9     4,-2.5     2,-0.2    -1,-0.2   0.904  73.0  49.8 -63.2 -45.9    9.0   41.8   34.3
   17   50 A E  H  > S+     0   0   17     -3,-0.2     4,-2.3     1,-0.2    -1,-0.2   0.932 114.9  42.7 -62.6 -47.4    6.4   39.0   34.5
   18   51 A G  H  > S+     0   0    0      2,-0.2     4,-2.3     1,-0.2    -1,-0.2   0.888 115.3  49.5 -66.5 -40.0    4.5   40.5   37.4
   19   52 A G  H  X S+     0   0   17     -4,-2.3     4,-2.2     2,-0.2     5,-0.2   0.900 111.2  49.9 -66.0 -41.3    4.7   44.0   36.0
   20   53 A F  H  X S+     0   0    2     -4,-2.5     4,-2.6    -5,-0.2     5,-0.2   0.962 111.6  47.1 -60.9 -53.3    3.4   42.9   32.7
   21   54 A L  H  X S+     0   0   22     -4,-2.3     4,-2.4     1,-0.2     5,-0.2   0.911 111.6  50.8 -56.8 -45.8    0.5   41.0   34.1
   22   55 A R  H  X S+     0   0  165     -4,-2.3     4,-1.5     1,-0.2    -1,-0.2   0.932 116.2  40.2 -59.5 -47.4   -0.6   43.8   36.3
   23   56 A K  H  X S+     0   0   82     -4,-2.2     4,-1.9     2,-0.2    -1,-0.2   0.795 112.8  54.9 -74.8 -27.3   -0.5   46.4   33.5
   24   57 A F  H  X S+     0   0    0     -4,-2.6     4,-2.8    -5,-0.2    -2,-0.2   0.937 110.3  45.7 -69.6 -45.6   -2.1   44.1   31.0
   25   58 A R  H  < S+     0   0  132     -4,-2.4    -2,-0.2    -5,-0.2    -1,-0.2   0.836 113.3  50.8 -65.5 -33.2   -5.1   43.4   33.2
   26   59 A A  H  < S+     0   0   77     -4,-1.5    -1,-0.2    -5,-0.2    -2,-0.2   0.871 118.3  36.5 -72.9 -37.3   -5.5   47.1   34.0
   27   60 A R  H  < S+     0   0  131     -4,-1.9    -2,-0.2     1,-0.2    -1,-0.2   0.795 129.5  32.5 -85.3 -30.8   -5.4   48.1   30.3
   28   61 A F    ><  +     0   0   23     -4,-2.8     3,-1.7    -5,-0.2    -1,-0.2  -0.518  68.9 159.0-125.9  63.9   -7.3   45.2   28.9
   29   62 A P  T 3  S+     0   0   96      0, 0.0    -1,-0.1     0, 0.0    -2,-0.1   0.774  74.3  52.1 -56.7 -32.6   -9.7   44.2   31.7
   30   63 A D  T 3  S+     0   0  131     -3,-0.1    -5,-0.1     2,-0.1    -2,-0.0   0.232  94.7  92.0 -92.8  15.7  -12.1   42.4   29.4
   31   64 A Q  S <  S-     0   0   43     -3,-1.7     2,-0.1    -6,-0.1    -3,-0.1  -0.795  81.6-108.9-109.2 151.1   -9.4   40.2   27.9
   32   65 A P        -     0   0   52      0, 0.0     2,-0.3     0, 0.0    20,-0.1  -0.458  39.8-166.4 -74.4 151.5   -8.3   36.7   29.1
   33   66 A F        -     0   0   88     -2,-0.1     2,-0.6    18,-0.1   -12,-0.0  -0.804  21.3-111.7-132.7 174.9   -4.8   36.6   30.8
   34   67 A I        -     0   0   13     -2,-0.3     5,-0.1     3,-0.0    14,-0.0  -0.940  26.4-134.6-115.7 115.2   -2.2   34.1   31.8
   35   68 A A    >   -     0   0   31     -2,-0.6     3,-1.7     1,-0.1     4,-0.3  -0.348  24.1-119.3 -61.9 145.5   -1.6   33.6   35.5
   36   69 A L  G >  S+     0   0   40      1,-0.3     3,-1.7     2,-0.2    -1,-0.1   0.856 114.6  62.6 -56.3 -36.0    2.1   33.5   36.3
   37   70 A E  G 3  S+     0   0  152      1,-0.3    -1,-0.3   128,-0.0    -2,-0.1   0.776 107.3  45.6 -60.2 -25.3    1.7   29.9   37.6
   38   71 A D  G <  S+     0   0   98     -3,-1.7    -1,-0.3     2,-0.0    -2,-0.2   0.331  83.0 123.6-101.2   5.7    0.7   29.0   34.1
   39   72 A R    <   +     0   0    1     -3,-1.7     2,-0.4    -4,-0.3     3,-0.1  -0.494  33.7 175.5 -70.9 134.7    3.4   30.8   32.2
   40   73 A R        +     0   0  115     -2,-0.2   125,-0.1     1,-0.1   126,-0.1  -0.985  44.1  24.0-142.5 127.9    5.4   28.6   29.9
   41   74 A G  S    S-     0   0   39    124,-1.5    -1,-0.1    -2,-0.4     6,-0.1   0.222  81.5 -97.5  93.9 142.2    8.2   29.7   27.5
   42   75 A F  S    S+     0   0   56      1,-0.1     2,-0.8   123,-0.1    -1,-0.1   0.872 102.0  79.0 -60.4 -41.2   10.4   32.8   27.6
   43   76 A W     >  -     0   0  133      1,-0.2     4,-1.3   122,-0.1     3,-0.4  -0.611  58.0-169.9 -81.4 106.8    8.2   34.8   25.2
   44   77 A V  H  > S+     0   0    8     -2,-0.8     4,-2.0     1,-0.2     3,-0.4   0.908  85.5  54.2 -57.4 -47.9    5.2   36.3   26.8
   45   78 A S  H  > S+     0   0   14      1,-0.2     4,-2.1     2,-0.2    -1,-0.2   0.807 103.6  57.9 -60.7 -30.2    3.5   37.4   23.6
   46   79 A E  H  > S+     0   0  103     -3,-0.4     4,-1.1     2,-0.2    -1,-0.2   0.888 108.6  42.7 -69.6 -39.3    3.8   33.9   22.1
   47   80 A Q  H  X S+     0   0   39     -4,-1.3     4,-1.0    -3,-0.4    -2,-0.2   0.858 115.7  50.4 -74.8 -33.1    1.8   32.3   24.9
   48   81 A Y  H  X S+     0   0    1     -4,-2.0     4,-1.5     1,-0.2     7,-0.3   0.853 105.5  57.0 -70.4 -33.9   -0.7   35.1   24.8
   49   82 A G  H  < S+     0   0   29     -4,-2.1    -1,-0.2     1,-0.2    -2,-0.2   0.845 106.9  49.0 -64.9 -32.7   -1.0   34.8   21.1
   50   83 A R  H  < S+     0   0  187     -4,-1.1    -1,-0.2     1,-0.2    -2,-0.2   0.742 101.9  64.8 -77.6 -24.0   -2.1   31.2   21.6
   51   84 A L  H  < S-     0   0   75     -4,-1.0    -2,-0.2     1,-0.3    -1,-0.2   0.979 124.2 -27.9 -62.1 -58.2   -4.6   32.2   24.2
   52   85 A R  S >< S-     0   0  104     -4,-1.5     3,-1.8   -20,-0.1     4,-0.3  -0.978  77.5 -81.0-159.3 150.1   -6.8   34.1   21.8
   53   86 A P  T 3  S+     0   0  106      0, 0.0    -3,-0.1     0, 0.0    -4,-0.1  -0.259 112.0  20.2 -55.4 130.3   -6.4   36.1   18.5
   54   87 A G  T 3> S+     0   0   31     -5,-0.1     4,-1.2     4,-0.0     5,-0.1   0.267  90.1 105.7  95.5 -11.7   -5.1   39.6   19.0
   55   88 A L  H <> S+     0   0    0     -3,-1.8     4,-2.5    -7,-0.3    -6,-0.2   0.775  72.4  61.8 -72.2 -26.5   -3.6   39.1   22.4
   56   89 A S  H  > S+     0   0   22     -4,-0.3     4,-2.3     2,-0.2    -1,-0.2   0.939 104.7  46.0 -64.4 -48.1   -0.1   39.2   21.1
   57   90 A E  H  > S+     0   0  122      1,-0.2     4,-1.5     2,-0.2    -1,-0.2   0.866 114.2  49.5 -63.1 -37.6   -0.3   42.7   19.7
   58   91 A K  H  X S+     0   0   94     -4,-1.2     4,-0.7     2,-0.2    -1,-0.2   0.905 108.6  52.5 -68.8 -41.1   -1.9   43.9   22.9
   59   92 A A  H >X S+     0   0    0     -4,-2.5     3,-1.2     1,-0.2     4,-1.0   0.925 107.7  52.3 -59.6 -45.2    0.8   42.2   25.0
   60   93 A I  H 3X S+     0   0   55     -4,-2.3     4,-1.3     1,-0.3    -1,-0.2   0.872 100.7  60.8 -59.0 -39.9    3.5   44.0   23.0
   61   94 A S  H 3< S+     0   0   31     -4,-1.5     4,-0.4     1,-0.2    -1,-0.3   0.728  97.5  63.2 -62.3 -20.8    1.9   47.4   23.6
   62   95 A I  H X< S+     0   0    0     -3,-1.2     3,-1.0    -4,-0.7    -1,-0.2   0.969 107.8  36.1 -70.5 -54.2    2.4   46.9   27.3
   63   96 A W  H 3< S+     0   0   37     -4,-1.0     6,-0.2     1,-0.2    -1,-0.2   0.644 113.1  59.5 -76.5 -10.9    6.2   46.8   27.3
   64   97 A E  T 3< S+     0   0   81     -4,-1.3    -1,-0.2     4,-0.1    -2,-0.2   0.557  88.3 102.4 -89.1  -6.8    6.5   49.4   24.6
   65   98 A S  S X  S-     0   0   38     -3,-1.0     3,-1.8    -4,-0.4     4,-0.4  -0.485  85.3 -95.2 -80.1 146.3    4.6   51.8   26.8
   66   99 A K  T 3  S+     0   0  111      1,-0.2    -1,-0.1    -2,-0.2    -2,-0.1  -0.243 107.4  16.0 -56.8 142.5    6.3   54.6   28.7
   67  100 A N  T 3> S+     0   0   45     -3,-0.1     4,-2.0     1,-0.1    -1,-0.2   0.389  87.8 116.2  72.2   1.0    7.1   53.8   32.3
   68  101 A F  T <4 S+     0   0    9     -3,-1.8     4,-0.2     2,-0.2    -2,-0.1   0.979  85.2  34.0 -62.2 -54.4    6.7   50.0   31.9
   69  102 A F  T >4 S+     0   0    6     -4,-0.4     3,-1.4    -6,-0.2    -1,-0.2   0.916 117.3  54.0 -68.5 -41.0   10.4   49.3   32.7
   70  103 A F  T 34 S+     0   0   62      1,-0.3    -1,-0.2    35,-0.0    -2,-0.2   0.863 108.4  49.7 -62.7 -34.9   10.8   52.1   35.2
   71  104 A E  T 3< S+     0   0  149     -4,-2.0    -1,-0.3     2,-0.1    -2,-0.2   0.344  79.1 123.2 -88.5   8.0    7.9   50.9   37.3
   72  105 A L    <   -     0   0    3     -3,-1.4   -56,-0.1    -4,-0.2    -3,-0.0  -0.430  62.5-124.6 -67.2 142.6    8.9   47.3   37.5
   73  106 A E        -     0   0  134    -58,-0.4   -58,-3.2    -2,-0.1   -54,-0.1  -0.651  25.2-106.1 -88.8 146.2    9.2   46.2   41.1
   74  107 A P  B     -G   14   0B  20      0, 0.0   -60,-0.2     0, 0.0     3,-0.1  -0.406  37.8-109.1 -68.3 147.6   12.4   44.6   42.4
   75  108 A L    >>  -     0   0   28    -62,-2.3     3,-2.0     1,-0.1     4,-0.5  -0.432  52.3 -77.9 -71.6 152.5   12.3   40.9   42.9
   76  109 A P  T 34 S-     0   0  116      0, 0.0   105,-0.5     0, 0.0    -1,-0.1  -0.270 114.1  -2.4 -55.1 130.4   12.4   39.8   46.6
   77  110 A G  T 3> S+     0   0   34     -3,-0.1     4,-2.3     1,-0.1     5,-0.2   0.392  99.6 115.7  70.6  -2.2   15.9   40.1   48.0
   78  111 A A  H <> S+     0   0    0     -3,-2.0     4,-2.5     2,-0.2     5,-0.2   0.934  76.0  42.5 -64.6 -50.5   17.4   41.1   44.7
   79  112 A V  H  X S+     0   0   25     -4,-0.5     4,-2.2     1,-0.2     5,-0.2   0.935 116.9  48.6 -62.5 -46.2   18.6   44.6   45.6
   80  113 A E  H  > S+     0   0  115      1,-0.2     4,-2.0     2,-0.2    -2,-0.2   0.914 113.3  47.3 -60.1 -45.1   20.0   43.4   48.9
   81  114 A A  H  X S+     0   0    5     -4,-2.3     4,-2.8     1,-0.2    -2,-0.2   0.914 113.0  46.4 -65.4 -45.7   21.8   40.4   47.4
   82  115 A V  H  X S+     0   0    0     -4,-2.5     4,-2.6     2,-0.2    -1,-0.2   0.876 110.9  53.1 -66.7 -37.0   23.4   42.4   44.5
   83  116 A K  H  X S+     0   0   96     -4,-2.2     4,-1.2    -5,-0.2    -1,-0.2   0.925 113.6  43.4 -63.2 -43.5   24.5   45.2   46.9
   84  117 A E  H  X S+     0   0  102     -4,-2.0     4,-0.8    -5,-0.2     3,-0.4   0.929 112.8  52.5 -67.0 -44.0   26.2   42.6   49.1
   85  118 A M  H >< S+     0   0    0     -4,-2.8     3,-1.0     1,-0.2    -2,-0.2   0.907 108.3  50.6 -57.5 -44.9   27.7   40.7   46.2
   86  119 A A  H 3< S+     0   0   36     -4,-2.6    -1,-0.2     1,-0.2    -2,-0.2   0.788 107.8  54.1 -65.6 -27.8   29.2   43.9   44.8
   87  120 A S  H 3< S+     0   0   94     -4,-1.2    -1,-0.2    -3,-0.4    -2,-0.2   0.594  85.7 110.0 -83.1 -11.2   30.8   44.7   48.1
   88  121 A L  S X< S-     0   0   36     -3,-1.0     3,-0.8    -4,-0.8     2,-0.1  -0.279  78.8 -99.9 -65.7 150.7   32.5   41.3   48.4
   89  122 A Q  T 3  S+     0   0  147      1,-0.2    -1,-0.1   -87,-0.0     3,-0.1  -0.378 103.0   9.8 -69.1 148.0   36.3   41.1   48.1
   90  123 A N  T 3  S+     0   0  111      1,-0.1   -87,-2.7   -88,-0.1     2,-0.4   0.875 102.9 120.1  49.2  45.6   37.7   40.1   44.7
   91  124 A T  E <   -a    3   0A  13     -3,-0.8     2,-0.5   -89,-0.2   -87,-0.2  -0.948  42.8-170.0-144.9 119.6   34.3   40.4   43.1
   92  125 A D  E     -a    4   0A  70    -89,-3.3   -87,-3.0    -2,-0.4     2,-0.4  -0.946  11.7-162.3-111.5 123.9   33.2   42.6   40.2
   93  126 A V  E     +a    5   0A   4     -2,-0.5     2,-0.4   -89,-0.2   -87,-0.2  -0.895   9.6 179.3-111.0 132.2   29.5   42.8   39.5
   94  127 A F  E     -a    6   0A  52    -89,-2.5   -87,-3.3    -2,-0.4     2,-0.7  -0.973  26.6-133.8-128.1 143.0   27.9   44.1   36.2
   95  128 A I  E     -ac   7 126A   0     30,-2.4    32,-3.0    -2,-0.4     2,-0.6  -0.890  25.5-168.4 -96.2 116.0   24.2   44.3   35.3
   96  129 A C  E     + c   0 127A   0    -89,-1.6   -87,-0.4    -2,-0.7     2,-0.3  -0.927  16.0 164.4-112.3 109.7   24.0   42.9   31.8
   97  130 A T  E     - c   0 128A   0     30,-2.2    32,-2.1    -2,-0.6   -89,-0.0  -0.943  33.7-134.9-131.6 146.9   20.6   43.5   30.2
   98  131 A S        -     0   0   43     -2,-0.3    32,-0.1    30,-0.2   -88,-0.1  -0.881  22.9-145.6-102.8 114.6   19.1   43.4   26.7
   99  132 A P        -     0   0    8      0, 0.0     4,-0.1     0, 0.0     2,-0.0  -0.395  23.8-106.8 -75.3 154.4   16.9   46.4   25.8
  100  133 A I        -     0   0   32      2,-0.2     6,-0.0   -37,-0.1    30,-0.0  -0.302  31.7-104.8 -74.6 166.5   13.9   45.9   23.5
  101  134 A K  S    S+     0   0  169      1,-0.1     2,-1.0     2,-0.1    -1,-0.1   0.854 106.9  76.3 -60.7 -40.4   13.9   47.0   19.9
  102  135 A M     >  -     0   0   35      1,-0.2     4,-0.6     2,-0.0     3,-0.4  -0.676  66.4-176.6 -76.5 107.4   11.7   50.1   20.5
  103  136 A F  T  4  +     0   0  113     -2,-1.0     5,-0.3     1,-0.2    -1,-0.2   0.353  49.5 101.8 -91.6   5.1   14.3   52.3   22.1
  104  137 A K  T  4 S-     0   0  153      1,-0.1    -1,-0.2     2,-0.1     4,-0.1   0.888 105.3  -2.1 -57.5 -43.0   12.3   55.4   23.1
  105  138 A Y  T  > S+     0   0   55     -3,-0.4     4,-3.1   -41,-0.1     5,-0.3   0.713 113.9  78.9-119.2 -34.8   12.0   54.5   26.8
  106  139 A C  H  X S+     0   0    0     -4,-0.6     4,-2.3     2,-0.2     5,-0.2   0.903  96.5  42.2 -49.3 -60.8   13.6   51.2   27.6
  107  140 A P  H  > S+     0   0   31      0, 0.0     4,-2.0     0, 0.0     5,-0.2   0.953 118.8  46.5 -54.0 -52.0   17.3   52.2   27.7
  108  141 A Y  H  > S+     0   0  152     -5,-0.3     4,-2.5     1,-0.2    -2,-0.2   0.930 113.0  48.9 -54.8 -50.3   16.6   55.4   29.6
  109  142 A E  H  X S+     0   0    1     -4,-3.1     4,-2.3     1,-0.2    -1,-0.2   0.814 107.1  55.3 -64.2 -31.2   14.3   53.7   32.1
  110  143 A K  H  X S+     0   0    3     -4,-2.3     4,-2.2    -5,-0.3    -1,-0.2   0.914 110.3  45.4 -68.4 -41.1   16.7   50.8   32.8
  111  144 A Y  H  X S+     0   0   99     -4,-2.0     4,-2.5    -5,-0.2    -2,-0.2   0.933 114.0  49.7 -65.7 -42.5   19.4   53.4   33.8
  112  145 A A  H  X S+     0   0   19     -4,-2.5     4,-2.3     1,-0.2    -2,-0.2   0.880 109.8  51.8 -61.7 -37.9   16.8   55.3   35.9
  113  146 A W  H  X S+     0   0    1     -4,-2.3     4,-2.2     2,-0.2     5,-0.3   0.910 110.2  47.6 -65.8 -44.4   15.8   52.0   37.5
  114  147 A V  H  X>S+     0   0    1     -4,-2.2     4,-2.9     1,-0.2     5,-0.7   0.912 111.4  50.7 -65.3 -41.1   19.3   51.1   38.5
  115  148 A E  H  X5S+     0   0  103     -4,-2.5     4,-1.7     3,-0.2    -2,-0.2   0.938 109.9  52.5 -60.8 -44.2   20.0   54.6   39.8
  116  149 A K  H  <5S+     0   0  133     -4,-2.3    -2,-0.2     1,-0.2    -1,-0.2   0.906 122.4  26.1 -57.8 -47.3   16.8   54.4   41.9
  117  150 A Y  H  <5S+     0   0   58     -4,-2.2    -1,-0.2    -5,-0.1    -2,-0.2   0.723 135.6  26.3 -94.4 -22.2   17.6   51.1   43.6
  118  151 A F  H  <5S-     0   0    6     -4,-2.9    -3,-0.2    -5,-0.3     4,-0.2   0.535 104.5-118.3-117.5 -11.1   21.4   50.9   43.6
  119  152 A G    ><< -     0   0   20     -4,-1.7     3,-1.3    -5,-0.7     4,-0.4   0.024  36.8 -64.8  92.9 160.0   22.4   54.6   43.5
  120  153 A P  G >  S+     0   0   74      0, 0.0     3,-1.6     0, 0.0     4,-0.3   0.851 126.2  59.0 -49.5 -44.5   24.4   56.8   41.1
  121  154 A D  G >  S+     0   0  134      1,-0.3     3,-1.0     2,-0.2    -2,-0.1   0.775  96.2  62.5 -62.2 -25.7   27.7   55.0   41.5
  122  155 A F  G X  S+     0   0   18     -3,-1.3     3,-2.1     1,-0.2    -1,-0.3   0.652  80.2  82.2 -75.7 -13.4   26.2   51.7   40.3
  123  156 A L  G X  S+     0   0   42     -3,-1.6     3,-1.6    -4,-0.4    -1,-0.2   0.815  81.0  67.1 -59.3 -28.3   25.4   53.2   36.9
  124  157 A E  G <  S+     0   0  153     -3,-1.0    -1,-0.3    -4,-0.3    -2,-0.2   0.654  94.2  59.1 -64.6 -17.9   29.1   52.5   36.0
  125  158 A Q  G <  S+     0   0   45     -3,-2.1   -30,-2.4    -4,-0.1     2,-0.4   0.320  80.6 112.5 -95.7   6.7   28.3   48.7   36.2
  126  159 A I  E <   -c   95   0A  18     -3,-1.6     2,-0.4   -32,-0.2   -30,-0.2  -0.673  39.6-177.9 -89.3 133.1   25.6   48.7   33.5
  127  160 A V  E     -c   96   0A  42    -32,-3.0   -30,-2.2    -2,-0.4     2,-0.6  -0.984   7.6-164.2-127.5 116.8   26.1   46.9   30.2
  128  161 A L  E     +c   97   0A  53     -2,-0.4     2,-0.3   -32,-0.2   -30,-0.2  -0.907  29.5 138.2-102.3 123.9   23.3   47.1   27.6
  129  162 A T        -     0   0   30    -32,-2.1     3,-0.1    -2,-0.6    -2,-0.1  -0.969  51.7-147.1-163.2 145.6   23.6   44.5   24.9
  130  163 A R  S    S+     0   0  168     -2,-0.3     2,-0.4     1,-0.2   -32,-0.1   0.417  98.2  59.0 -93.9   1.7   21.4   42.1   22.9
  131  164 A D    >   +     0   0   36      1,-0.1     3,-0.5    18,-0.1    -1,-0.2  -0.903  56.8 172.1-131.2 101.8   24.3   39.7   22.7
  132  165 A K  G >   +     0   0   13     -2,-0.4     3,-1.3    16,-0.3    17,-0.1   0.619  69.6  77.1 -85.5 -11.6   25.6   38.6   26.1
  133  166 A T  G 3  S+     0   0    5      1,-0.3    22,-0.3    15,-0.2    -1,-0.2   0.714  89.6  57.6 -71.3 -19.1   27.9   36.0   24.7
  134  167 A V  G <  S+     0   0   87     -3,-0.5     2,-0.6    20,-0.1    -1,-0.3   0.423  88.6  88.0 -90.6   1.9   30.4   38.8   23.8
  135  168 A V  S <  S-     0   0   27     -3,-1.3     2,-0.4    -8,-0.0    21,-0.3  -0.896  76.0-140.4-100.5 124.3   30.6   40.0   27.4
  136  169 A S        +     0   0   62     -2,-0.6     2,-0.3    19,-0.1     3,-0.1  -0.691  40.8 124.7 -90.9 137.0   33.3   38.1   29.3
  137  170 A A        -     0   0    3     -2,-0.4  -132,-0.2     1,-0.1     3,-0.1  -0.960  62.7-110.1-170.0 175.7   32.8   37.0   32.9
  138  171 A D  S    S+     0   0   21   -134,-2.3    19,-1.7    -2,-0.3     2,-0.3   0.796  99.1  20.5 -89.5 -32.2   33.0   33.9   35.1
  139  172 A L  E     -bd   5 157A   0   -135,-1.6  -133,-3.2    17,-0.3     2,-0.4  -0.988  53.7-166.0-141.1 147.8   29.2   33.8   35.7
  140  173 A L  E     -bd   6 158A   0     17,-2.3    19,-2.8    -2,-0.3     2,-0.8  -0.977  10.0-161.9-132.6 114.5   26.0   35.0   34.1
  141  174 A I  E     +bd   7 159A   2   -135,-2.8  -133,-2.6    -2,-0.4     2,-0.3  -0.888  33.2 148.0 -99.9 109.4   22.9   34.8   36.3
  142  175 A D  E     - d   0 160A   4     17,-1.9    19,-1.5    -2,-0.8  -131,-0.1  -0.999  49.8-141.9-148.1 142.2   20.0   35.0   33.8
  143  176 A D  S    S+     0   0    9   -133,-0.4    20,-0.1    -2,-0.3    17,-0.1   0.524  74.3  99.6 -83.8  -6.0   16.4   33.6   33.6
  144  177 A R        -     0   0   70      1,-0.2     3,-0.1  -102,-0.0    -2,-0.1  -0.706  62.4-153.4 -83.0 126.2   16.5   33.0   29.8
  145  178 A P  S    S+     0   0   48      0, 0.0     2,-0.8     0, 0.0    -1,-0.2   0.931  82.7  50.8 -63.6 -45.8   17.2   29.4   29.1
  146  179 A D        +     0   0   73      2,-0.0     2,-0.7     1,-0.0    -2,-0.0  -0.813  63.8 172.7-100.7 101.9   18.8   29.9   25.7
  147  180 A I        +     0   0   25     -2,-0.8     2,-0.2    -3,-0.1    11,-0.1  -0.872  19.8 148.8-112.6 101.2   21.5   32.5   25.7
  148  181 A T        +     0   0  107     -2,-0.7   -16,-0.3     2,-0.0     2,-0.3  -0.770   4.7 130.9-126.7 170.4   23.3   32.6   22.4
  149  182 A G        -     0   0   42     -2,-0.2   -18,-0.1     2,-0.2    -2,-0.0  -0.932  69.0 -34.8 177.7-154.5   25.1   35.1   20.1
  150  183 A A  S    S+     0   0   80     -2,-0.3   -19,-0.0     1,-0.1    -2,-0.0   0.698 114.1  73.0 -67.2 -23.1   28.2   35.8   18.1
  151  184 A E        -     0   0   81      1,-0.1    -2,-0.2     0, 0.0    -1,-0.1  -0.853  62.1-167.5 -99.2 110.9   30.5   33.9   20.5
  152  185 A P  S    S+     0   0  113      0, 0.0    -1,-0.1     0, 0.0    -2,-0.1   0.749  86.0  39.3 -67.0 -23.7   30.0   30.1   20.2
  153  186 A T  S    S-     0   0  111    -20,-0.1     0, 0.0     0, 0.0     0, 0.0  -0.670  81.1-162.1-130.1  79.2   31.9   29.6   23.5
  154  187 A P        -     0   0   35      0, 0.0   -20,-0.1     0, 0.0   -18,-0.1  -0.187  21.0-132.6 -56.6 149.9   31.1   32.2   26.1
  155  188 A S  S    S+     0   0   71    -22,-0.3     2,-0.1   -20,-0.2   -19,-0.1   0.728  82.1  81.1 -78.8 -20.6   33.6   32.6   28.9
  156  189 A W  S    S-     0   0   25    -21,-0.3     2,-0.5   -23,-0.1   -17,-0.3  -0.432  77.7-127.2 -87.2 159.2   30.9   32.6   31.5
  157  190 A E  E     -d  139   0A  49    -19,-1.7   -17,-2.3    -2,-0.1     2,-0.7  -0.914  28.9-133.6 -99.2 127.2   28.9   29.7   33.1
  158  191 A H  E     -d  140   0A  40     -2,-0.5     2,-0.6   -19,-0.2    18,-0.5  -0.770  18.9-166.5 -87.3 118.2   25.2   30.5   32.7
  159  192 A V  E     -d  141   0A   0    -19,-2.8   -17,-1.9    -2,-0.7     2,-0.6  -0.930  22.2-129.4-103.5 120.6   23.4   29.9   35.9
  160  193 A L  E     -de 142 177A   4     16,-2.4    18,-2.1    -2,-0.6     2,-0.5  -0.606  14.1-147.0 -77.1 117.1   19.6   29.8   35.3
  161  194 A F  E     - e   0 178A   4    -19,-1.5    18,-0.2    -2,-0.6     5,-0.1  -0.718  28.7-111.8 -83.7 124.9   17.7   32.1   37.6
  162  195 A T        +     0   0   27     16,-2.1     2,-0.3    -2,-0.5   -19,-0.1  -0.283  45.1 164.7 -62.2 137.1   14.3   30.5   38.3
  163  196 A A    >>  -     0   0   16    -20,-0.1     3,-1.7     1,-0.1     4,-1.7  -0.949  52.5 -99.6-145.0 160.0   11.2   32.3   36.9
  164  197 A C  T 34 S+     0   0   38     -2,-0.3     3,-0.3     1,-0.3     4,-0.3   0.884 121.8  52.5 -49.4 -42.4    7.6   31.2   36.4
  165  198 A H  T 34 S+     0   0    8      1,-0.2  -124,-1.5  -125,-0.1    -1,-0.3   0.606 120.0  30.0 -73.4 -13.7    8.3   30.5   32.7
  166  199 A N  T X4 S+     0   0    2     -3,-1.7     3,-1.7  -126,-0.1    -1,-0.2   0.416  84.5 105.9-124.7   0.4   11.3   28.2   33.2
  167  200 A Q  T 3< S+     0   0  133     -4,-1.7    -2,-0.1    -3,-0.3    -3,-0.1   0.741  84.8  44.7 -54.9 -29.5   10.6   26.6   36.6
  168  201 A H  T 3  S+     0   0  134     -4,-0.3    -1,-0.3     2,-0.1     2,-0.2   0.486  85.2 120.4 -95.5  -2.6    9.7   23.2   35.1
  169  202 A L    <   -     0   0   64     -3,-1.7     2,-0.6     1,-0.1    -3,-0.1  -0.415  57.5-140.6 -68.8 129.4   12.6   23.0   32.7
  170  203 A Q        -     0   0  186     -2,-0.2     2,-0.3     1,-0.0    -1,-0.1  -0.792  21.2-147.3 -89.1 124.0   15.0   20.1   33.0
  171  204 A L        -     0   0   48     -2,-0.6     6,-0.1     4,-0.1    -1,-0.0  -0.695  13.1-117.3 -95.6 146.5   18.5   21.3   32.5
  172  205 A Q    >   -     0   0  123     -2,-0.3     3,-2.1     1,-0.1    -1,-0.0  -0.650  57.3 -67.7 -80.5 130.0   21.3   19.2   30.9
  173  206 A P  T 3  S+     0   0   80      0, 0.0    -1,-0.1     0, 0.0     3,-0.1  -0.220 117.0  23.8 -56.0 148.9   24.2   18.6   33.3
  174  207 A P  T 3  S+     0   0  119      0, 0.0    -2,-0.1     0, 0.0    -3,-0.0  -0.875  95.2 108.8 -94.0  25.7   26.3   20.3   34.5
  175  208 A R    <   -     0   0  154     -3,-2.1     2,-0.3   -16,-0.0    -4,-0.1  -0.328  50.1-173.4 -60.3 138.1   23.9   23.3   34.0
  176  209 A R        -     0   0   79    -18,-0.5   -16,-2.4    -3,-0.1     2,-0.3  -0.813  14.7-127.0-132.5 173.4   22.5   24.6   37.3
  177  210 A R  E     -e  160   0A  38     -2,-0.3     2,-0.5   -18,-0.2   -16,-0.2  -0.779   9.5-146.7-120.6 161.4   20.0   27.0   38.8
  178  211 A L  E     -e  161   0A   1    -18,-2.1   -16,-2.1    -2,-0.3     3,-0.1  -0.990  23.6-157.0-121.2 110.4   19.8   29.8   41.4
  179  212 A H        -     0   0  113     -2,-0.5     2,-0.3   -18,-0.2    -1,-0.1   0.732  61.2 -40.8 -68.7 -20.8   16.3   29.3   42.7
  180  213 A S  S >  S-     0   0   47     -3,-0.1     3,-1.2  -103,-0.0    -1,-0.2  -0.904  70.4 -81.0 173.2 174.0   15.8   32.8   43.9
  181  214 A W  T 3  S+     0   0   11   -105,-0.5     4,-0.3    -2,-0.3  -104,-0.1   0.616 126.7  64.6 -73.0  -8.5   17.9   35.4   45.8
  182  215 A A  T 3  S+     0   0   97   -106,-0.1    -1,-0.3     2,-0.1  -105,-0.1   0.704  87.9  91.3 -81.7 -20.7   17.0   33.6   49.0
  183  216 A D  S <  S-     0   0   52     -3,-1.2     2,-1.8     1,-0.1     3,-0.2  -0.199 103.1 -83.8 -67.8 165.2   19.0   30.6   47.6
  184  217 A D     >  +     0   0   97      1,-0.2     4,-1.0     2,-0.1     3,-0.2  -0.495  58.7 159.6 -77.2  79.3   22.7   30.3   48.3
  185  218 A W  H  > S+     0   0   22     -2,-1.8     4,-2.2    -4,-0.3    -1,-0.2   0.819  70.5  62.3 -70.9 -29.4   24.2   32.5   45.7
  186  219 A K  H  > S+     0   0   95      1,-0.2     4,-2.7     2,-0.2    -1,-0.2   0.882 100.2  54.1 -63.1 -36.7   27.5   32.9   47.6
  187  220 A A  H  > S+     0   0   48     -3,-0.2     4,-1.4     1,-0.2    -1,-0.2   0.870 107.6  50.7 -64.6 -36.6   28.1   29.2   47.3
  188  221 A I  H  < S+     0   0   16     -4,-1.0     4,-0.4     2,-0.2    -2,-0.2   0.930 111.8  46.6 -67.3 -45.1   27.7   29.4   43.6
  189  222 A L  H >X S+     0   0    1     -4,-2.2     3,-1.8     1,-0.2     4,-0.6   0.928 110.0  53.6 -62.6 -44.9   30.2   32.3   43.3
  190  223 A D  H >< S+     0   0   97     -4,-2.7     3,-0.9     1,-0.3    -1,-0.2   0.823  98.4  63.7 -60.4 -32.0   32.7   30.5   45.6
  191  224 A S  T 3< S+     0   0   67     -4,-1.4    -1,-0.3     1,-0.2    -2,-0.2   0.634 105.4  47.5 -67.9 -11.8   32.6   27.4   43.4
  192  225 A K  T <4 S+     0   0   53     -3,-1.8    -1,-0.2    -4,-0.4    -2,-0.2   0.521  91.5 100.3-104.5 -10.2   34.1   29.6   40.6
  193  226 A R    <<        0   0   60     -3,-0.9  -191,-0.1    -4,-0.6    -3,-0.0  -0.394 360.0 360.0 -76.6 154.8   36.8   31.2   42.7
  194  227 A P              0   0  186      0, 0.0    -1,-0.1     0, 0.0    -2,-0.1  -0.105 360.0 360.0 -59.1 360.0   40.5   30.0   42.5
