==== Secondary Structure Definition by the program DSSP, CMBI version by M.L. Hekkelman/2010-10-21 ==== DATE=2014-07-07        .
REFERENCE W. KABSCH AND C.SANDER, BIOPOLYMERS 22 (1983) 2577-2637                                                              .
                                                                                                                               .
  351  1  0  0  0 TOTAL NUMBER OF RESIDUES, NUMBER OF CHAINS, NUMBER OF SS-BRIDGES(TOTAL,INTRACHAIN,INTERCHAIN)                .
 15061.2   ACCESSIBLE SURFACE OF PROTEIN (ANGSTROM**2)                                                                         .
  235 67.0   TOTAL NUMBER OF HYDROGEN BONDS OF TYPE O(I)-->H-N(J)  , SAME NUMBER PER 100 RESIDUES                              .
    0  0.0   TOTAL NUMBER OF HYDROGEN BONDS IN     PARALLEL BRIDGES, SAME NUMBER PER 100 RESIDUES                              .
    6  1.7   TOTAL NUMBER OF HYDROGEN BONDS IN ANTIPARALLEL BRIDGES, SAME NUMBER PER 100 RESIDUES                              .
    1  0.3   TOTAL NUMBER OF HYDROGEN BONDS OF TYPE O(I)-->H-N(I-5), SAME NUMBER PER 100 RESIDUES                              .
    1  0.3   TOTAL NUMBER OF HYDROGEN BONDS OF TYPE O(I)-->H-N(I-4), SAME NUMBER PER 100 RESIDUES                              .
    1  0.3   TOTAL NUMBER OF HYDROGEN BONDS OF TYPE O(I)-->H-N(I-3), SAME NUMBER PER 100 RESIDUES                              .
    0  0.0   TOTAL NUMBER OF HYDROGEN BONDS OF TYPE O(I)-->H-N(I-2), SAME NUMBER PER 100 RESIDUES                              .
    0  0.0   TOTAL NUMBER OF HYDROGEN BONDS OF TYPE O(I)-->H-N(I-1), SAME NUMBER PER 100 RESIDUES                              .
    0  0.0   TOTAL NUMBER OF HYDROGEN BONDS OF TYPE O(I)-->H-N(I+0), SAME NUMBER PER 100 RESIDUES                              .
    0  0.0   TOTAL NUMBER OF HYDROGEN BONDS OF TYPE O(I)-->H-N(I+1), SAME NUMBER PER 100 RESIDUES                              .
   16  4.6   TOTAL NUMBER OF HYDROGEN BONDS OF TYPE O(I)-->H-N(I+2), SAME NUMBER PER 100 RESIDUES                              .
   54 15.4   TOTAL NUMBER OF HYDROGEN BONDS OF TYPE O(I)-->H-N(I+3), SAME NUMBER PER 100 RESIDUES                              .
  150 42.7   TOTAL NUMBER OF HYDROGEN BONDS OF TYPE O(I)-->H-N(I+4), SAME NUMBER PER 100 RESIDUES                              .
    5  1.4   TOTAL NUMBER OF HYDROGEN BONDS OF TYPE O(I)-->H-N(I+5), SAME NUMBER PER 100 RESIDUES                              .
  1  2  3  4  5  6  7  8  9 10 11 12 13 14 15 16 17 18 19 20 21 22 23 24 25 26 27 28 29 30     *** HISTOGRAMS OF ***           .
  0  0  0  0  1  1  0  0  1  1  0  0  1  0  2  1  0  1  1  1  0  0  0  0  1  0  0  0  0  0    RESIDUES PER ALPHA HELIX         .
  0  0  0  0  0  0  0  0  0  0  0  0  0  0  0  0  0  0  0  0  0  0  0  0  0  0  0  0  0  0    PARALLEL BRIDGES PER LADDER      .
  3  0  0  0  0  0  0  0  0  0  0  0  0  0  0  0  0  0  0  0  0  0  0  0  0  0  0  0  0  0    ANTIPARALLEL BRIDGES PER LADDER  .
  0  0  0  0  0  0  0  0  0  0  0  0  0  0  0  0  0  0  0  0  0  0  0  0  0  0  0  0  0  0    LADDERS PER SHEET                .
  #  RESIDUE AA STRUCTURE BP1 BP2  ACC     N-H-->O    O-->H-N    N-H-->O    O-->H-N    TCO  KAPPA ALPHA  PHI   PSI    X-CA   Y-CA   Z-CA 
    1    4 A G              0   0  107      0, 0.0   211,-0.0     0, 0.0     5,-0.0   0.000 360.0 360.0 360.0 -44.6    3.4    6.8   38.3
    2    5 A S        +     0   0  110      1,-0.3     0, 0.0     4,-0.0     0, 0.0   0.942 360.0 116.3  78.2  79.2    6.5    4.6   39.1
    3    6 A H  S >  S-     0   0   29    215,-0.0     3,-2.2   216,-0.0    -1,-0.3  -0.941  80.0 -87.0-154.7 157.9    9.2    5.2   36.7
    4    7 A P  T 3  S+     0   0   83      0, 0.0     3,-0.2     0, 0.0   211,-0.0   0.610 124.7  46.0 -44.2 -20.8   12.8    6.6   37.1
    5    8 A F  T >  S+     0   0   34      1,-0.1     3,-1.7   206,-0.1   209,-0.1   0.111  73.6 114.2-114.9  19.8   11.7   10.2   36.8
    6    9 A D  T <  S+     0   0   42     -3,-2.2    -1,-0.1     1,-0.3   205,-0.1   0.372  79.2  49.1 -75.1   5.4    8.7   10.2   39.0
    7   10 A Q  T 3  S+     0   0  157     -3,-0.2    -1,-0.3    -4,-0.1    -2,-0.1   0.295  83.7 134.4-118.4   7.7   10.3   12.6   41.5
    8   11 A A    <   -     0   0   14     -3,-1.7     2,-0.3     1,-0.1   203,-0.2  -0.049  40.5-151.4 -56.1 150.8   11.3   15.1   38.8
    9   12 A V        -     0   0   71    252,-0.2     2,-0.8   201,-0.1    -1,-0.1  -0.915  19.0-117.4-128.4 153.4   10.7   18.8   39.4
   10   13 A V        -     0   0    8     -2,-0.3   197,-0.1     1,-0.2   251,-0.0  -0.838  32.0-179.4 -89.0 115.3   10.0   21.8   37.1
   11   14 A K        +     0   0  136     -2,-0.8    -1,-0.2     1,-0.3   250,-0.1   0.887  68.2  14.7 -82.1 -45.6   12.9   24.1   37.8
   12   15 A D    >   -     0   0   70      1,-0.1     3,-1.6   248,-0.1    -1,-0.3  -0.868  53.0-164.2-139.7 107.1   12.0   26.9   35.5
   13   16 A P  T 3  S+     0   0   23      0, 0.0     3,-0.2     0, 0.0   138,-0.1   0.592  94.4  55.5 -55.3 -14.2    8.6   27.6   33.9
   14   17 A T  T 3  S+     0   0   58      1,-0.1   138,-0.2   137,-0.1   137,-0.1   0.370  78.2  95.3-103.0   2.2   10.2   30.1   31.4
   15   18 A A    <   -     0   0    2     -3,-1.6     3,-0.4     1,-0.1     5,-0.2   0.780  63.9-175.8 -63.5 -30.8   12.8   27.7   30.0
   16   19 A S        -     0   0    1     -4,-0.3   244,-0.2    -3,-0.2    -1,-0.1  -0.240  47.9 -70.5  64.0-155.4   10.7   26.7   27.0
   17   20 A Y  S    S+     0   0    2    128,-0.2     2,-0.3   242,-0.1    -1,-0.2   0.259 117.9  31.9-115.0   3.5   11.9   23.9   24.6
   18   21 A V  S    S-     0   0   14     -3,-0.4     2,-1.1   239,-0.1   330,-0.1  -0.926  94.1 -96.5-149.2 166.7   14.6   26.1   23.1
   19   22 A D     >  -     0   0   70     -2,-0.3     4,-2.6   328,-0.2     5,-0.3  -0.816  40.1-171.1 -93.3 100.6   16.9   28.9   24.4
   20   23 A V  H  > S+     0   0   15     -2,-1.1     4,-2.4    -5,-0.2     5,-0.2   0.920  78.5  46.4 -58.3 -54.1   14.9   31.9   23.2
   21   24 A K  H  > S+     0   0  143      1,-0.2     4,-2.1     2,-0.2    -1,-0.2   0.941 116.7  44.9 -55.0 -52.4   17.5   34.6   24.0
   22   25 A A  H  > S+     0   0   54      2,-0.2     4,-1.7     1,-0.2    -2,-0.2   0.864 114.0  46.3 -63.0 -45.8   20.4   32.7   22.4
   23   26 A R  H  X S+     0   0   28     -4,-2.6     4,-2.3     2,-0.2    -1,-0.2   0.916 112.0  52.3 -66.7 -41.2   18.6   31.6   19.2
   24   27 A R  H  X S+     0   0   47     -4,-2.4     4,-2.0    -5,-0.3    -2,-0.2   0.914 107.9  52.8 -56.5 -45.5   17.1   35.1   18.6
   25   28 A T  H  X S+     0   0   87     -4,-2.1     4,-2.7     1,-0.2     5,-0.4   0.867 109.4  47.1 -59.5 -42.9   20.6   36.5   18.9
   26   29 A F  H  < S+     0   0   58     -4,-1.7     4,-0.5     1,-0.2    -1,-0.2   0.903 110.8  52.7 -67.9 -39.1   22.1   34.2   16.3
   27   30 A L  H  < S+     0   0   12     -4,-2.3    -2,-0.2     1,-0.2    -1,-0.2   0.877 117.5  37.3 -65.0 -33.5   19.2   34.9   13.9
   28   31 A Q  H  < S+     0   0  127     -4,-2.0    -2,-0.2    -5,-0.2    -1,-0.2   0.937 130.1  26.9 -82.2 -47.7   19.7   38.6   14.2
   29   32 A S  S  < S+     0   0  104     -4,-2.7    -3,-0.2    -5,-0.2    -2,-0.1   0.988 102.8  76.6 -79.0 -66.3   23.6   38.7   14.3
   30   33 A G  S    S-     0   0   37     -4,-0.5     2,-0.8    -5,-0.4    -4,-0.0   0.493  84.9 -93.7 -45.6 175.7   25.1   35.7   12.6
   31   34 A Q        -     0   0  158      0, 0.0     2,-0.3     0, 0.0    -1,-0.1  -0.898  42.1-159.6-104.8 104.5   25.6   34.7    9.0
   32   35 A L        -     0   0   14     -2,-0.8     2,-0.1    -5,-0.1   318,-0.0  -0.654   8.4-136.4 -84.7 139.4   22.7   32.6    8.0
   33   36 A D     >  -     0   0   43     -2,-0.3     4,-2.5     1,-0.1     5,-0.2  -0.308  37.7 -85.7 -88.4-178.8   23.0   30.3    5.1
   34   37 A D  H  > S+     0   0  127      1,-0.2     4,-2.2     2,-0.2     5,-0.1   0.852 127.4  55.1 -54.7 -33.6   20.3   29.9    2.3
   35   38 A R  H  > S+     0   0   14      1,-0.2     4,-0.8     2,-0.2    -1,-0.2   0.930 111.2  41.2 -67.5 -49.2   18.5   27.3    4.4
   36   39 A L  H  > S+     0   0    0      2,-0.2     4,-0.7     1,-0.2     3,-0.5   0.860 111.4  56.8 -69.1 -34.6   18.1   29.5    7.4
   37   40 A K  H >< S+     0   0  118     -4,-2.5     3,-1.3     1,-0.2    -2,-0.2   0.953 108.0  49.1 -57.5 -48.9   17.2   32.6    5.2
   38   41 A A  H 3< S+     0   0   71     -4,-2.2    -1,-0.2     1,-0.3    -2,-0.2   0.662 108.0  54.2 -65.3 -21.1   14.4   30.6    3.7
   39   42 A A  H 3< S+     0   0   12     -4,-0.8    -1,-0.3    -3,-0.5    -2,-0.2   0.529  78.2 114.7 -92.1  -7.7   13.1   29.5    7.1
   40   43 A L  S << S-     0   0   67     -3,-1.3     2,-0.1    -4,-0.7    57,-0.1  -0.490  71.9-118.0 -67.3 127.1   12.8   33.1    8.5
   41   44 A P        -     0   0   39      0, 0.0     2,-0.5     0, 0.0    -1,-0.1  -0.360  21.9-116.0 -73.3 144.7    9.1   33.9    9.1
   42   45 A K        -     0   0  172     -2,-0.1     2,-0.1     1,-0.1    55,-0.1  -0.678  29.1-128.0 -80.8 124.7    7.4   36.7    7.2
   43   46 A E        +     0   0   91     -2,-0.5     2,-0.3     2,-0.0    -1,-0.1  -0.387  34.4 166.0 -72.9 150.5    6.2   39.5    9.4
   44   47 A Y        -     0   0   89     -2,-0.1     2,-1.5     0, 0.0     3,-0.1  -0.970  46.9 -93.1-155.3 161.9    2.6   40.8    9.2
   45   48 A D    >   +     0   0   91     -2,-0.3     3,-1.1     1,-0.2     4,-0.1  -0.643  42.2 172.5 -87.4  89.4    0.3   43.0   11.3
   46   49 A C  G >   +     0   0   10     -2,-1.5     3,-1.2     1,-0.2    -1,-0.2   0.668  64.2  77.6 -70.0 -15.7   -1.4   40.5   13.4
   47   50 A T  G 3  S+     0   0   83      1,-0.3    -1,-0.2    -3,-0.1    -2,-0.1   0.677  99.9  38.9 -71.8 -19.7   -3.2   43.2   15.5
   48   51 A T  G <  S+     0   0  112     -3,-1.1     2,-0.5     2,-0.1    -1,-0.3   0.196 100.2  92.5-111.3  14.9   -5.8   43.9   12.9
   49   52 A E    <   -     0   0  132     -3,-1.2     2,-0.1    -4,-0.1     0, 0.0  -0.931  67.3-139.8-115.8 126.7   -6.3   40.2   11.8
   50   53 A A        -     0   0   85     -2,-0.5     3,-0.1     1,-0.0    -2,-0.1  -0.442  16.8-150.3 -79.8 151.4   -9.0   38.0   13.4
   51   54 A T        -     0   0   32      1,-0.2    36,-0.1    -2,-0.1    -1,-0.0  -0.762  34.3 -62.3-116.7 167.8   -8.3   34.4   14.2
   52   55 A P        -     0   0   17      0, 0.0    -1,-0.2     0, 0.0    31,-0.0  -0.055  50.8-134.4 -46.3 143.5  -10.4   31.1   14.4
   53   56 A N        -     0   0  105     -3,-0.1     2,-0.1     1,-0.1    34,-0.1  -0.787  22.9-102.4-103.4 148.0  -13.2   31.1   17.0
   54   57 A P        -     0   0   10      0, 0.0     2,-0.2     0, 0.0    -1,-0.1  -0.398  35.0-107.3 -67.1 145.4  -13.9   28.2   19.4
   55   58 A Q        -     0   0   56     -2,-0.1     2,-0.3     1,-0.1    25,-0.0  -0.532  41.4-125.0 -67.5 131.6  -16.7   25.7   18.7
   56   59 A Q        -     0   0  136     -2,-0.2     2,-0.4    -3,-0.1    -1,-0.1  -0.651  69.0  -6.4 -90.8 140.5  -19.4   26.6   21.3
   57   60 A G  S    S+     0   0   58     -2,-0.3    68,-0.3    63,-0.3     2,-0.1  -0.660 121.5  16.2  86.5-131.1  -20.7   23.9   23.6
   58   61 A E  S    S-     0   0  128     -2,-0.4     2,-0.8    66,-0.1    68,-0.2  -0.393  74.5-125.3 -77.0 150.3  -19.5   20.3   23.0
   59   62 A M        +     0   0   10     66,-2.5    68,-0.5    -2,-0.1     2,-0.4  -0.893  37.1 173.4 -96.9 113.2  -16.5   19.7   20.8
   60   63 A V        -     0   0   77     -2,-0.8    66,-0.0    66,-0.1    -5,-0.0  -0.990  21.3-160.4-125.6 129.4  -17.6   17.2   18.1
   61   64 A I        -     0   0   10     -2,-0.4    70,-0.3    19,-0.0    71,-0.1  -0.963  29.1-128.2-106.3 116.6  -15.3   16.3   15.2
   62   65 A P        -     0   0   16      0, 0.0    19,-0.1     0, 0.0     2,-0.1  -0.230  28.0 -97.7 -64.0 153.3  -17.6   14.9   12.4
   63   66 A R        -     0   0  143      1,-0.1    14,-0.2     2,-0.1    13,-0.1  -0.392  26.4-128.4 -67.9 154.1  -16.8   11.5   10.8
   64   67 A R  S    S+     0   0  123      4,-0.1    10,-2.6     9,-0.1     2,-0.3   0.859  90.0  41.9 -73.5 -32.4  -15.0   11.7    7.6
   65   68 A Y  B    S-A   73   0A  60      3,-0.4     8,-0.2     8,-0.3     3,-0.2  -0.862  78.0-127.1-118.4 150.1  -17.4    9.4    5.7
   66   69 A L  S    S+     0   0   81      6,-1.8     2,-0.3    -2,-0.3     7,-0.1   0.882 101.8  10.1 -58.2 -34.8  -21.2    9.2    5.8
   67   70 A S  S >  S-     0   0   87      5,-0.5     3,-0.6     3,-0.3    -1,-0.2  -0.992 115.1 -24.3-150.8 132.4  -20.7    5.4    6.5
   68   71 A G  T 3  S-     0   0   63     -2,-0.3    -3,-0.4     1,-0.2    -4,-0.1  -0.248  95.8 -46.3  74.1-156.7  -17.7    3.3    7.5
   69   72 A N  T 3  S+     0   0  144     -5,-0.1     2,-0.2    -2,-0.0    -1,-0.2   0.355 117.0  13.2 -96.1  -1.7  -14.1    3.8    6.9
   70   73 A H  S <  S+     0   0  138     -3,-0.6    -3,-0.3     2,-0.1    -5,-0.0  -0.887  86.0  56.2-159.3-174.7  -14.3    4.7    3.2
   71   74 A G  S    S+     0   0   46     -2,-0.2    -3,-0.0    -5,-0.1     0, 0.0  -0.548  87.9  31.9  84.6-143.5  -16.7    5.8    0.3
   72   75 A P  S    S-     0   0   74      0, 0.0    -6,-1.8     0, 0.0    -5,-0.5  -0.189  80.5-128.6 -55.6 133.4  -19.1    8.8    0.2
   73   76 A V  B     -A   65   0A  84     -8,-0.2    -8,-0.3    -7,-0.1    -9,-0.1  -0.589   6.5-122.0 -94.9 151.9  -17.7   11.8    2.2
   74   77 A N    >   -     0   0   34    -10,-2.6     3,-1.7    -2,-0.2     4,-0.5  -0.797  15.3-151.6 -86.1 117.6  -19.3   13.8    4.9
   75   78 A P  T 3  S+     0   0  104      0, 0.0    -1,-0.1     0, 0.0   -11,-0.1   0.619  92.4  64.8 -66.3 -12.4  -19.3   17.6    3.9
   76   79 A D  T 3> S+     0   0   97    -13,-0.1     4,-0.8     1,-0.1   -12,-0.1   0.661  87.2  72.4 -82.3 -19.8  -19.3   18.6    7.5
   77   80 A Y  H X> S+     0   0   36     -3,-1.7     4,-2.0   -14,-0.2     3,-0.7   0.959  91.1  51.0 -63.9 -56.2  -15.9   17.1    8.1
   78   81 A E  H 3> S+     0   0  100     -4,-0.5     4,-2.0     1,-0.2     5,-0.2   0.847 106.0  52.3 -57.4 -42.4  -13.6   19.6    6.2
   79   82 A P  H 3> S+     0   0   71      0, 0.0     4,-0.7     0, 0.0    -1,-0.2   0.820 112.7  46.6 -65.0 -26.9  -14.8   22.9    7.8
   80   83 A V  H XX S+     0   0   23     -4,-0.8     4,-1.1    -3,-0.7     3,-0.7   0.954 113.8  44.0 -80.5 -48.4  -14.4   21.6   11.3
   81   84 A V  H 3X S+     0   0   24     -4,-2.0     4,-2.3     1,-0.2     3,-0.3   0.867 109.0  59.3 -66.3 -28.2  -10.9   20.1   10.9
   82   85 A T  H 3X S+     0   0   77     -4,-2.0     4,-1.9    -5,-0.3    -1,-0.2   0.815  99.8  58.4 -66.8 -26.3   -9.8   23.3    9.0
   83   86 A L  H <X S+     0   0   43     -4,-0.7     4,-1.5    -3,-0.7    -1,-0.2   0.892 111.2  40.5 -66.2 -43.6  -10.7   25.3   12.1
   84   87 A Y  H  X S+     0   0    4     -4,-1.1     4,-2.2    -3,-0.3    -2,-0.2   0.877 112.4  54.0 -75.3 -38.2   -8.2   23.3   14.2
   85   88 A R  H  X S+     0   0  121     -4,-2.3     4,-2.0     1,-0.2    -2,-0.2   0.860 112.5  45.9 -63.3 -37.3   -5.5   23.2   11.5
   86   89 A D  H  X S+     0   0   80     -4,-1.9     4,-2.3     2,-0.2    -1,-0.2   0.840 109.4  53.0 -73.6 -37.3   -5.7   27.0   11.3
   87   90 A F  H  X S+     0   0    0     -4,-1.5     4,-1.9     2,-0.2    -2,-0.2   0.910 114.0  45.0 -61.6 -44.9   -5.7   27.5   15.1
   88   91 A E  H  X S+     0   0    1     -4,-2.2     4,-2.1     2,-0.2    -2,-0.2   0.894 113.1  48.5 -68.0 -41.6   -2.5   25.4   15.1
   89   92 A K  H  X S+     0   0   97     -4,-2.0     4,-2.1     1,-0.2    -2,-0.2   0.882 114.4  45.3 -67.3 -39.6   -0.8   27.1   12.2
   90   93 A I  H  X S+     0   0   32     -4,-2.3     4,-2.2     2,-0.2    -1,-0.2   0.879 112.1  52.9 -71.4 -38.6   -1.5   30.6   13.6
   91   94 A S  H  X S+     0   0    0     -4,-1.9     4,-1.8    -5,-0.2    -2,-0.2   0.947 114.2  41.5 -58.7 -51.5   -0.3   29.6   17.1
   92   95 A A  H  X S+     0   0    4     -4,-2.1     4,-2.6     2,-0.2    -2,-0.2   0.886 112.7  53.2 -66.4 -42.7    3.0   28.2   15.8
   93   96 A T  H  X S+     0   0   39     -4,-2.1     4,-1.9     1,-0.2    -1,-0.2   0.920 111.3  46.5 -60.8 -43.3    3.6   31.1   13.3
   94   97 A L  H  X S+     0   0    2     -4,-2.2     4,-1.8     2,-0.2    -1,-0.2   0.862 112.2  50.0 -69.0 -36.4    3.2   33.7   16.1
   95   98 A G  H  X S+     0   0    0     -4,-1.8     4,-1.9     2,-0.2    -2,-0.2   0.937 113.8  46.0 -65.3 -44.2    5.4   31.8   18.6
   96   99 A N  H  X S+     0   0    4     -4,-2.6     4,-2.2     1,-0.2    -2,-0.2   0.808 111.1  52.5 -68.8 -30.4    8.1   31.5   15.9
   97  100 A L  H  X S+     0   0    0     -4,-1.9     4,-2.0     2,-0.2     5,-0.4   0.829 107.9  51.4 -75.8 -31.8    7.7   35.2   15.0
   98  101 A Y  H  X S+     0   0   12     -4,-1.8     4,-1.7     2,-0.2    -2,-0.2   0.891 112.0  47.4 -70.0 -38.9    8.2   36.2   18.7
   99  102 A V  H  < S+     0   0    0     -4,-1.9    -2,-0.2     1,-0.2    -1,-0.2   0.963 116.4  42.8 -67.6 -48.0   11.4   34.1   18.8
  100  103 A A  H  < S+     0   0    8     -4,-2.2    -2,-0.2     1,-0.2    -1,-0.2   0.814 129.6  22.9 -72.0 -28.9   12.9   35.5   15.6
  101  104 A T  H  < S-     0   0   18     -4,-2.0    -3,-0.2     2,-0.1    -1,-0.2   0.717  82.6-142.4-107.5 -27.4   12.0   39.2   16.1
  102  105 A G     <  +     0   0   19     -4,-1.7    -4,-0.1    -5,-0.4    -3,-0.1   0.544  48.5 148.2  75.4   8.2   11.6   39.6   19.8
  103  106 A K    >   -     0   0  103     -6,-0.4     3,-1.0     1,-0.1     4,-0.5  -0.652  47.7-144.5 -80.9 124.7    8.7   42.0   19.2
  104  107 A P  T 3> S+     0   0   36      0, 0.0     4,-2.0     0, 0.0     3,-0.5   0.658  89.5  79.8 -60.8 -18.0    6.1   41.9   21.9
  105  108 A V  H 3> S+     0   0   49      1,-0.2     4,-2.3     2,-0.2     5,-0.2   0.910  90.3  52.3 -58.6 -41.5    3.3   42.5   19.3
  106  109 A Y  H <> S+     0   0    8     -3,-1.0     4,-1.9     1,-0.2    -1,-0.2   0.816 109.0  50.3 -66.7 -27.3    3.3   38.8   18.3
  107  110 A A  H  > S+     0   0    0     -3,-0.5     4,-2.6    -4,-0.5    -1,-0.2   0.897 108.9  50.6 -74.4 -39.9    2.9   37.8   21.9
  108  111 A T  H  X S+     0   0   42     -4,-2.0     4,-2.2     2,-0.2    -2,-0.2   0.911 110.8  50.7 -63.1 -41.8   -0.1   40.2   22.4
  109  112 A C  H  X S+     0   0   14     -4,-2.3     4,-2.2     2,-0.2    -2,-0.2   0.950 111.0  47.5 -63.7 -46.5   -1.7   38.7   19.3
  110  113 A L  H  X S+     0   0    0     -4,-1.9     4,-2.9     1,-0.2    -2,-0.2   0.910 113.0  48.8 -62.8 -40.6   -1.2   35.0   20.5
  111  114 A L  H  X S+     0   0    1     -4,-2.6     4,-2.3     2,-0.2    -1,-0.2   0.861 108.2  53.5 -66.7 -33.5   -2.6   35.9   23.9
  112  115 A N  H  X S+     0   0   99     -4,-2.2     4,-1.1     2,-0.2    -1,-0.2   0.921 113.1  44.5 -66.4 -42.2   -5.7   37.7   22.4
  113  116 A M  H  X S+     0   0    2     -4,-2.2     4,-1.2     1,-0.2     3,-0.5   0.942 115.9  45.1 -66.7 -49.6   -6.4   34.5   20.4
  114  117 A L  H  X S+     0   0    0     -4,-2.9     4,-2.0     1,-0.2    -2,-0.2   0.811 106.0  60.3 -69.6 -25.8   -5.8   32.1   23.2
  115  118 A D  H  X S+     0   0   11     -4,-2.3     4,-2.5     1,-0.2    -1,-0.2   0.869 101.4  54.7 -69.0 -32.4   -7.8   34.2   25.7
  116  119 A K  H  X S+     0   0   61     -4,-1.1     4,-1.2    -3,-0.5    -1,-0.2   0.915 110.6  46.0 -64.0 -40.3  -10.9   33.8   23.4
  117  120 A W  H  <>S+     0   0    1     -4,-1.2     5,-2.4     1,-0.2    -2,-0.2   0.842 113.0  49.6 -71.3 -32.3  -10.5   30.0   23.6
  118  121 A A  H ><5S+     0   0    1     -4,-2.0     3,-1.5     3,-0.2    -2,-0.2   0.909 108.7  50.9 -71.1 -44.8  -10.0   30.0   27.4
  119  122 A K  H 3<5S+     0   0  132     -4,-2.5    -1,-0.2     1,-0.3    -2,-0.2   0.795 110.8  51.5 -63.4 -26.7  -13.1   32.2   28.1
  120  123 A A  T 3<5S-     0   0   23     -4,-1.2   -63,-0.3    -5,-0.2    -1,-0.3   0.302 110.5-122.3 -93.0   7.6  -15.1   29.8   26.0
  121  124 A D  T X 5 -     0   0   98     -3,-1.5     3,-0.7     1,-0.1     4,-0.5   0.811  46.9-178.8  52.6  38.5  -13.9   26.7   27.8
  122  125 A A  T 3 < +     0   0   10     -5,-2.4    -1,-0.1     1,-0.2    49,-0.1  -0.199  54.7  25.2 -66.9 156.3  -12.6   25.2   24.6
  123  126 A L  T 3  S+     0   0    4      2,-0.1    -1,-0.2     1,-0.1    52,-0.1   0.675 105.5  84.4  62.0  27.1  -10.9   21.7   24.4
  124  127 A L  S <  S+     0   0   39     -3,-0.7     2,-0.7     1,-0.2    -2,-0.1   0.719  70.5  61.1-124.3 -37.1  -12.7   20.5   27.5
  125  128 A N  S    S+     0   0  104     -4,-0.5   -66,-2.5   -68,-0.3     2,-0.3  -0.864  73.2 100.5-105.0 111.1  -16.2   19.1   26.8
  126  129 A Y  S    S-     0   0   45     -2,-0.7   -66,-0.1   -68,-0.2     3,-0.0  -0.966  74.6 -76.9-167.8 179.3  -16.3   16.1   24.5
  127  130 A D    >   -     0   0   83    -68,-0.5     3,-1.6    -2,-0.3     6,-0.5  -0.840  30.3-150.4 -94.4 123.7  -16.6   12.4   24.3
  128  131 A P  T 3  S+     0   0   43      0, 0.0    -1,-0.1     0, 0.0     5,-0.1   0.727  97.4  58.2 -60.1 -26.3  -13.3   10.6   25.3
  129  132 A K  T 3  S+     0   0  150      4,-0.1     2,-0.2    51,-0.0    -2,-0.0   0.364  99.4  82.0 -86.3   2.8  -14.1    7.7   23.0
  130  133 A S  S X> S-     0   0   25     -3,-1.6     3,-1.6     1,-0.0     4,-0.5  -0.561  96.6-100.4-105.3 170.9  -14.2   10.1   20.1
  131  134 A Q  H 3> S+     0   0   84      1,-0.3     4,-1.7   -70,-0.3     5,-0.1   0.600 112.2  76.4 -62.8 -14.7  -11.7   11.7   17.7
  132  135 A S  H 3> S+     0   0    0     -5,-0.3     4,-2.0     2,-0.2    -1,-0.3   0.834  86.1  61.6 -69.0 -29.9  -12.0   14.9   19.8
  133  136 A W  H <> S+     0   0    5     -3,-1.6     4,-1.3    -6,-0.5    -1,-0.2   0.916 108.7  43.1 -60.3 -40.5   -9.8   13.3   22.5
  134  137 A Y  H  X S+     0   0   69     -4,-0.5     4,-1.2     1,-0.2    -1,-0.2   0.832 110.2  54.5 -74.6 -34.6   -7.0   13.1   19.9
  135  138 A Q  H  X S+     0   0   18     -4,-1.7     4,-2.3     1,-0.2     5,-0.2   0.853 104.0  57.0 -70.6 -30.6   -7.6   16.5   18.5
  136  139 A V  H  X S+     0   0    0     -4,-2.0     4,-2.6     1,-0.2     5,-0.4   0.913 102.1  54.2 -65.8 -43.0   -7.2   18.0   22.0
  137  140 A E  H  X S+     0   0    0     -4,-1.3     4,-1.3     1,-0.2    -1,-0.2   0.873 113.4  43.3 -60.0 -34.8   -3.7   16.5   22.5
  138  141 A W  H  X S+     0   0   38     -4,-1.2     4,-2.0     2,-0.2    -1,-0.2   0.917 117.4  41.9 -77.2 -46.8   -2.5   18.1   19.3
  139  142 A S  H  X S+     0   0    0     -4,-2.3     4,-1.8     2,-0.2    -2,-0.2   0.846 113.8  50.8 -71.3 -37.1   -4.0   21.5   19.6
  140  143 A A  H  X S+     0   0    0     -4,-2.6     4,-2.1    -5,-0.2    -1,-0.2   0.928 112.6  46.5 -68.5 -40.1   -3.2   22.0   23.3
  141  144 A A  H  X S+     0   0    0     -4,-1.3     4,-2.6    -5,-0.4     5,-0.2   0.937 110.5  54.1 -67.5 -43.8    0.5   21.1   22.8
  142  145 A T  H  X S+     0   0    1     -4,-2.0     4,-1.5     1,-0.2    -1,-0.2   0.882 112.8  42.3 -56.3 -43.0    0.7   23.4   19.7
  143  146 A A  H  X S+     0   0    0     -4,-1.8     4,-2.0     2,-0.2    -1,-0.2   0.853 114.0  51.9 -73.0 -36.1   -0.6   26.4   21.7
  144  147 A A  H  X S+     0   0    0     -4,-2.1     4,-2.3     2,-0.2    -2,-0.2   0.903 106.8  52.6 -68.0 -42.9    1.5   25.6   24.8
  145  148 A F  H  X S+     0   0    1     -4,-2.6     4,-0.6     1,-0.2  -128,-0.2   0.934 112.9  45.8 -58.0 -46.2    4.8   25.3   22.7
  146  149 A A  H >< S+     0   0    2     -4,-1.5     3,-0.6    -5,-0.2     4,-0.2   0.875 114.6  46.3 -65.9 -40.7    4.1   28.8   21.3
  147  150 A L  H >< S+     0   0    0     -4,-2.0     3,-1.6     1,-0.2    -1,-0.2   0.798  99.8  69.8 -70.1 -31.7    3.2   30.3   24.7
  148  151 A S  H >< S+     0   0    1     -4,-2.3     3,-0.7     1,-0.3    -1,-0.2   0.759  91.9  59.4 -59.6 -26.2    6.2   28.8   26.4
  149  152 A T  T << S+     0   0    8     -3,-0.6    -1,-0.3    -4,-0.6     3,-0.2   0.608 108.9  43.6 -79.2 -13.9    8.6   31.1   24.5
  150  153 A M  T X  S+     0   0    2     -3,-1.6     3,-0.7    -4,-0.2    -1,-0.2   0.174  75.4 109.2-118.4  19.8    6.9   34.3   25.9
  151  154 A M  T <  S+     0   0   28     -3,-0.7    -1,-0.1     1,-0.2    -2,-0.1   0.728  85.4  43.9 -67.7 -19.9    6.6   33.2   29.5
  152  155 A A  T 3  S+     0   0   63     -3,-0.2    -1,-0.2  -138,-0.2    -2,-0.1   0.509  84.7 122.2-101.6  -5.2    9.3   35.8   30.5
  153  156 A E    <   -     0   0   21     -3,-0.7     3,-0.1     1,-0.1    -3,-0.1  -0.405  42.1-168.1 -63.9 114.6    7.9   38.7   28.3
  154  157 A P  S    S+     0   0  105      0, 0.0     2,-2.0     0, 0.0     4,-0.2   0.851  73.3  70.3 -72.9 -39.6    7.1   41.8   30.3
  155  158 A N  S    S+     0   0  111      2,-0.1     2,-0.3     3,-0.0   -47,-0.2  -0.471  85.2  89.6 -84.7  72.0    5.2   44.0   27.8
  156  159 A V  S    S-     0   0   19     -2,-2.0     2,-0.9    -3,-0.1     3,-0.1  -0.956  93.2 -90.6-155.6 156.9    2.2   41.7   27.8
  157  160 A D     >  -     0   0   90     -2,-0.3     4,-2.2     1,-0.2     5,-0.1  -0.712  38.8-165.9 -80.8 109.9   -1.0   41.6   29.9
  158  161 A T  H  > S+     0   0   70     -2,-0.9     4,-1.6     2,-0.2    -1,-0.2   0.726  84.3  54.2 -70.2 -25.7    0.1   39.3   32.7
  159  162 A A  H  > S+     0   0   63      2,-0.2     4,-1.4     1,-0.1    -1,-0.2   0.792 109.9  49.9 -78.2 -27.2   -3.4   38.6   34.1
  160  163 A Q  H  > S+     0   0   32      2,-0.2     4,-2.1     1,-0.2     3,-0.3   0.946 109.0  51.2 -73.6 -47.1   -4.4   37.5   30.6
  161  164 A R  H  X S+     0   0   32     -4,-2.2     4,-2.3     1,-0.2    -2,-0.2   0.898 110.6  50.0 -57.0 -38.8   -1.2   35.2   30.4
  162  165 A E  H  X S+     0   0  109     -4,-1.6     4,-2.5     2,-0.2    -1,-0.2   0.874 108.0  52.2 -65.8 -38.3   -2.2   33.7   33.8
  163  166 A R  H  X S+     0   0   84     -4,-1.4     4,-1.9    -3,-0.3    -2,-0.2   0.921 112.6  45.1 -63.0 -46.0   -5.8   33.0   32.6
  164  167 A V  H  X S+     0   0    0     -4,-2.1     4,-2.4     2,-0.2    -2,-0.2   0.864 112.0  51.6 -66.7 -40.1   -4.5   31.2   29.5
  165  168 A V  H  X S+     0   0   18     -4,-2.3     4,-1.9    -5,-0.2    -2,-0.2   0.936 110.2  50.0 -66.4 -41.9   -1.9   29.2   31.5
  166  169 A K  H  X S+     0   0  104     -4,-2.5     4,-2.0     2,-0.2    -2,-0.2   0.895 110.7  50.4 -59.7 -43.6   -4.7   28.1   34.0
  167  170 A W  H  X S+     0   0    3     -4,-1.9     4,-2.6     2,-0.2     3,-0.3   0.973 109.7  47.6 -62.7 -56.2   -6.9   27.0   31.1
  168  171 A L  H  X S+     0   0    0     -4,-2.4     4,-2.7     1,-0.2     5,-0.2   0.857 110.4  54.9 -55.7 -31.9   -4.2   24.9   29.3
  169  172 A N  H  X S+     0   0   26     -4,-1.9     4,-2.4     2,-0.2    -1,-0.2   0.939 110.4  44.9 -65.3 -45.7   -3.4   23.2   32.7
  170  173 A R  H  X S+     0   0  123     -4,-2.0     4,-2.5    -3,-0.3    -2,-0.2   0.939 112.8  51.7 -61.0 -48.4   -7.1   22.3   33.0
  171  174 A V  H  X S+     0   0    0     -4,-2.6     4,-2.8     2,-0.2    -2,-0.2   0.916 113.4  42.8 -56.3 -49.3   -7.2   21.0   29.4
  172  175 A A  H  X S+     0   0    0     -4,-2.7     4,-2.3     2,-0.2    -1,-0.2   0.896 112.2  53.2 -68.3 -38.7   -4.1   18.8   29.8
  173  176 A R  H  X S+     0   0   98     -4,-2.4     4,-0.7    -5,-0.2    -1,-0.2   0.921 114.6  43.2 -63.8 -37.1   -5.1   17.4   33.2
  174  177 A H  H >< S+     0   0  101     -4,-2.5     3,-0.9    -5,-0.2     4,-0.4   0.951 113.5  48.8 -76.0 -45.4   -8.5   16.5   31.7
  175  178 A Q  H >< S+     0   0    0     -4,-2.8     3,-0.7     1,-0.2    -2,-0.2   0.872 113.6  47.0 -63.9 -33.2   -7.2   15.0   28.4
  176  179 A T  H 3< S+     0   0   16     -4,-2.3    -1,-0.2     1,-0.2    -2,-0.2   0.608  92.5  77.9 -87.0  -7.6   -4.5   12.8   30.1
  177  180 A S  T << S+     0   0   93     -3,-0.9    -1,-0.2    -4,-0.7    -2,-0.2   0.695  78.0  83.5 -70.7 -20.5   -6.9   11.4   32.8
  178  181 A F  S <  S-     0   0   58     -3,-0.7    -4,-0.0    -4,-0.4     0, 0.0  -0.779  72.2-150.9 -87.7 123.1   -8.4    9.0   30.3
  179  182 A P        -     0   0   91      0, 0.0    -1,-0.1     0, 0.0    -3,-0.0   0.664  26.8-138.1 -73.6 -21.1   -6.2    5.8   30.0
  180  183 A G        -     0   0   16      5,-0.1   -51,-0.0     6,-0.0     5,-0.0  -0.029  24.6 -79.4  81.9 169.0   -6.9    4.9   26.4
  181  184 A G     >  -     0   0   44      1,-0.0     4,-1.4     4,-0.0     5,-0.3   0.044  66.2 -58.7 -89.5-158.0   -7.6    1.3   25.1
  182  185 A D  T  4 S+     0   0  159      2,-0.2     4,-0.1     1,-0.1    -1,-0.0   0.735 136.6  23.0 -55.5 -28.1   -5.3   -1.7   24.2
  183  186 A T  T >> S+     0   0   68      2,-0.1     4,-1.9     3,-0.1     3,-1.3   0.833 120.0  52.3-106.2 -55.4   -3.4    0.4   21.6
  184  187 A S  T 34 S+     0   0   14      1,-0.2    -2,-0.2     2,-0.2    -1,-0.0   0.593 102.1  65.1 -61.3 -10.6   -3.9    4.1   22.5
  185  188 A C  T 3< S+     0   0   29     -4,-1.4    -1,-0.2     1,-0.1    -3,-0.1   0.895 122.2  14.4 -71.5 -37.2   -2.7    3.4   26.1
  186  189 A C  T <4 S+     0   0   25     -3,-1.3    -2,-0.2    -5,-0.3    46,-0.2   0.443 107.1  78.7-120.1  -9.4    0.7    2.6   24.7
  187  190 A N  S >X S-     0   0    6     -4,-1.9     3,-1.3    45,-0.1     4,-1.1  -0.011 103.3 -57.7 -92.6-157.7    1.3    3.6   21.1
  188  191 A N  H 3> S+     0   0    2      1,-0.3     4,-2.2     2,-0.2     5,-0.2   0.781 130.7  64.5 -58.2 -25.2    2.3    7.0   19.5
  189  192 A H  H 3> S+     0   0   27      2,-0.2     4,-2.2     1,-0.2    -1,-0.3   0.885  98.9  53.7 -64.4 -37.4   -0.9    8.6   21.0
  190  193 A S  H <> S+     0   0    0     -3,-1.3     4,-1.2    -7,-0.2    -1,-0.2   0.912 110.1  47.5 -61.1 -37.2    0.4    7.9   24.5
  191  194 A Y  H  X S+     0   0    0     -4,-1.1     4,-2.1     2,-0.2    -2,-0.2   0.880 109.2  52.5 -73.7 -35.7    3.6    9.8   23.5
  192  195 A W  H  X S+     0   0    2     -4,-2.2     4,-1.6     2,-0.2    -1,-0.2   0.884 110.1  48.7 -67.5 -34.8    1.6   12.7   22.0
  193  196 A R  H  X S+     0   0    3     -4,-2.2     4,-2.3     1,-0.2    -1,-0.2   0.826 108.2  59.2 -68.9 -28.9   -0.2   13.0   25.3
  194  197 A G  H  X S+     0   0    0     -4,-1.2     4,-2.3    -5,-0.2    -2,-0.2   0.949 105.3  44.1 -64.7 -49.4    3.3   12.9   26.8
  195  198 A Q  H  X S+     0   0    1     -4,-2.1     4,-2.3     2,-0.2     5,-0.3   0.847 112.3  54.2 -67.6 -29.6    4.5   16.0   25.1
  196  199 A E  H  X S+     0   0    0     -4,-1.6     4,-2.1     2,-0.2     5,-0.3   0.955 112.7  42.3 -63.2 -51.5    1.3   17.8   25.9
  197  200 A A  H  X S+     0   0    0     -4,-2.3     4,-1.7     2,-0.2    -2,-0.2   0.842 114.2  52.8 -64.9 -36.1    1.6   17.1   29.6
  198  201 A T  H  X S+     0   0    0     -4,-2.3     4,-1.7     2,-0.2    -2,-0.2   0.947 113.8  38.3 -71.1 -51.2    5.4   17.8   29.6
  199  202 A I  H  X S+     0   0    0     -4,-2.3     4,-2.0     2,-0.2    -2,-0.2   0.882 120.8  45.1 -72.4 -31.6    5.3   21.3   28.0
  200  203 A I  H  X S+     0   0    0     -4,-2.1     4,-1.8    -5,-0.3    -1,-0.2   0.841 110.1  56.7 -76.2 -29.6    2.1   22.4   29.9
  201  204 A G  H  <>S+     0   0    0     -4,-1.7     5,-2.4    -5,-0.3     4,-0.5   0.908 109.2  47.6 -62.8 -39.1    3.5   20.9   33.1
  202  205 A V  H ><5S+     0   0    0     -4,-1.7     3,-1.0     3,-0.2    -2,-0.2   0.965 112.9  44.9 -69.0 -52.2    6.5   23.3   32.6
  203  206 A I  H 3<5S+     0   0    4     -4,-2.0    -1,-0.2     1,-0.3    -2,-0.2   0.735 120.2  39.7 -70.1 -22.0    4.5   26.5   31.9
  204  207 A S  T 3<5S-     0   0   28     -4,-1.8    -1,-0.3    -5,-0.1    -2,-0.2   0.393 107.0-123.5-104.1   3.0    2.1   26.0   34.7
  205  208 A K  T < 5 +     0   0  129     -3,-1.0     2,-0.7    -4,-0.5    -3,-0.2   0.943  55.9 153.2  53.8  52.8    4.7   24.7   37.2
  206  209 A D     >< -     0   0   19     -5,-2.4     4,-2.2    -6,-0.2    -1,-0.2  -0.872  24.8-173.8-113.4  96.2    2.8   21.5   37.8
  207  210 A D  H  > S+     0   0   43     -2,-0.7     4,-2.5     1,-0.2     5,-0.2   0.842  81.5  56.7 -60.3 -37.4    5.3   18.8   38.8
  208  211 A E  H  > S+     0   0  117      2,-0.2     4,-1.8     1,-0.2    -1,-0.2   0.898 111.2  41.9 -62.3 -43.7    2.7   16.0   38.8
  209  212 A L  H  > S+     0   0    6      2,-0.2     4,-2.3    -3,-0.2    -2,-0.2   0.899 113.9  52.6 -72.6 -38.9    1.7   16.6   35.2
  210  213 A F  H  X S+     0   0    0     -4,-2.2     4,-2.4     1,-0.2    -2,-0.2   0.938 111.1  48.5 -60.3 -43.7    5.4   17.1   34.1
  211  214 A R  H  X S+     0   0   62     -4,-2.5     4,-1.8     1,-0.2    -1,-0.2   0.879 108.7  52.0 -63.4 -40.8    6.2   13.8   35.7
  212  215 A W  H  X S+     0   0   70     -4,-1.8     4,-0.6     2,-0.2    -1,-0.2   0.897 109.3  51.8 -63.6 -39.5    3.4   12.0   34.0
  213  216 A G  H >X S+     0   0    0     -4,-2.3     3,-1.5     1,-0.2     4,-0.7   0.942 108.0  49.6 -63.4 -47.6    4.6   13.4   30.7
  214  217 A L  H >X S+     0   0    0     -4,-2.4     4,-1.4     1,-0.3     3,-1.0   0.851 102.2  64.5 -61.1 -31.9    8.2   12.1   31.2
  215  218 A G  H 3X S+     0   0    9     -4,-1.8     4,-2.1     1,-0.3    -1,-0.3   0.715  93.0  61.1 -63.8 -21.9    6.8    8.7   32.1
  216  219 A R  H <X S+     0   0   44     -3,-1.5     4,-1.8    -4,-0.6    -1,-0.3   0.811 102.7  50.9 -76.4 -29.8    5.4    8.4   28.6
  217  220 A Y  H <X S+     0   0    0     -3,-1.0     4,-2.0    -4,-0.7    -2,-0.2   0.881 110.6  48.9 -68.9 -42.2    9.0    8.6   27.2
  218  221 A V  H  X S+     0   0   13     -4,-1.4     4,-1.3     2,-0.2    -2,-0.2   0.929 110.2  52.0 -62.9 -42.4   10.1    5.8   29.7
  219  222 A Q  H  < S+     0   0   73     -4,-2.1     3,-0.5     1,-0.2     4,-0.3   0.925 108.1  52.2 -60.9 -44.2    7.1    3.7   28.5
  220  223 A A  H >< S+     0   0    0     -4,-1.8     3,-1.9     1,-0.2    -1,-0.2   0.881 101.9  58.7 -59.2 -43.7    8.2    4.1   25.0
  221  224 A M  H >< S+     0   0    1     -4,-2.0     3,-0.8     1,-0.3    -1,-0.2   0.823 104.0  52.0 -60.8 -30.6   11.7    3.0   25.6
  222  225 A G  T 3< S+     0   0   36     -4,-1.3    -1,-0.3    -3,-0.5    -2,-0.2   0.489 102.6  61.5 -83.7  -0.1   10.4   -0.4   26.9
  223  226 A L  T <  S+     0   0   30     -3,-1.9     8,-2.7    -4,-0.3     2,-0.5   0.011  77.8 111.2-113.6  29.2    8.3   -0.9   23.7
  224  227 A I  B <   -B  230   0B   3     -3,-0.8     6,-0.2     6,-0.2     2,-0.0  -0.880  62.4-134.2-105.6 133.3   11.2   -0.9   21.3
  225  228 A N    >   -     0   0   36      4,-3.1     3,-2.0    -2,-0.5    -2,-0.1  -0.236  36.6 -89.4 -75.3 171.1   12.2   -4.1   19.6
  226  229 A E  T 3  S+     0   0  156      1,-0.3    -1,-0.1     2,-0.1    -2,-0.0   0.741 128.2  48.4 -54.9 -25.4   15.7   -5.5   19.2
  227  230 A D  T 3  S-     0   0   54      2,-0.1    -1,-0.3    46,-0.0     3,-0.1   0.367 123.3 -98.3 -98.2   1.9   16.1   -3.6   16.0
  228  231 A G  S <  S+     0   0    0     -3,-2.0     2,-0.2     1,-0.3    53,-0.2   0.481  79.6 134.2  94.3   3.6   14.8   -0.2   17.2
  229  232 A S        -     0   0    0     52,-0.1    -4,-3.1     1,-0.0     2,-0.4  -0.621  59.8-115.5 -86.5 143.9   11.2   -0.6   15.8
  230  233 A F  B >>  -B  224   0B   0     -2,-0.2     4,-1.3    -6,-0.2     3,-0.5  -0.702  18.1-135.4 -81.5 130.4    8.3    0.4   18.1
  231  234 A V  T 34 S+     0   0   55     -8,-2.7     3,-0.4    -2,-0.4    -1,-0.1   0.899 100.9  42.2 -47.2 -55.7    6.1   -2.6   18.9
  232  235 A H  T >4 S+     0   0   37     -9,-0.2     3,-0.6     1,-0.2    -1,-0.2   0.699 110.7  55.0 -73.0 -20.6    2.8   -0.9   18.4
  233  236 A E  G X4 S+     0   0    0     -3,-0.5     3,-0.9     1,-0.2    10,-0.3   0.698  96.9  65.0 -86.3 -17.2    3.7    0.9   15.2
  234  237 A M  G 3< S+     0   0    9     -4,-1.3     3,-0.3    -3,-0.4    -1,-0.2   0.404  89.3  69.0 -83.1   4.9    4.8   -2.3   13.4
  235  238 A T  G <  S+     0   0   87     -3,-0.6    -1,-0.2     1,-0.2    -2,-0.1   0.130  75.4  91.0-103.1  16.7    1.1   -3.5   13.6
  236  239 A R  S X  S-     0   0   90     -3,-0.9     3,-2.2     1,-0.3    -1,-0.2   0.157  74.3-150.0-104.7  25.9    0.0   -0.9   11.0
  237  240 A H  G >  S+     0   0  102     -3,-0.3     3,-1.9     1,-0.3     4,-0.3  -0.210  79.6   6.0  46.6-123.7    0.4   -2.8    7.8
  238  241 A E  G 3  S+     0   0   95      1,-0.3    63,-2.5     2,-0.1    -1,-0.3   0.600 135.5  53.4 -65.1  -9.2    1.3   -0.4    4.8
  239  242 A Q  G <> S+     0   0   35     -3,-2.2     4,-2.0    61,-0.2    -1,-0.3   0.228  76.8 105.3-106.5  11.3    1.5    2.5    7.3
  240  243 A S  H <> S+     0   0    0     -3,-1.9     4,-1.6     1,-0.2     5,-0.1   0.945  83.2  42.8 -59.9 -49.0    4.1    0.8    9.7
  241  244 A L  H  > S+     0   0    0     -4,-0.3     4,-2.0     1,-0.2    -1,-0.2   0.894 111.9  56.0 -66.4 -35.2    7.1    2.8    8.6
  242  245 A H  H  > S+     0   0    5      1,-0.2     4,-2.0    59,-0.2    -1,-0.2   0.887 111.1  43.7 -62.6 -42.7    5.0    6.1    8.6
  243  246 A Y  H  X S+     0   0   47     -4,-2.0     4,-2.0   -10,-0.3    -1,-0.2   0.736 106.0  60.1 -76.8 -23.1    4.0    5.5   12.2
  244  247 A Q  H  X S+     0   0    0     -4,-1.6     4,-0.7   -11,-0.2    -2,-0.2   0.955 113.6  39.8 -65.2 -46.8    7.6    4.5   13.3
  245  248 A N  H >X S+     0   0    0     -4,-2.0     3,-0.7     1,-0.2     4,-0.7   0.890 111.9  56.5 -67.3 -41.8    8.7    8.0   12.1
  246  249 A Y  H >< S+     0   0   39     -4,-2.0     3,-1.0     1,-0.2    -1,-0.2   0.878 101.4  56.8 -59.9 -39.3    5.5    9.7   13.5
  247  250 A A  H 3X S+     0   0    0     -4,-2.0     4,-1.3     1,-0.2    -1,-0.2   0.805  97.5  64.4 -64.1 -25.7    6.2    8.3   17.0
  248  251 A M  H <X S+     0   0    0     -4,-0.7     4,-2.1    -3,-0.7    -1,-0.2   0.788  90.9  67.6 -66.9 -30.3    9.7   10.0   16.9
  249  252 A L  H <X S+     0   0    2     -3,-1.0     4,-1.4    -4,-0.7    -1,-0.2   0.931 106.0  34.0 -62.8 -54.2    8.1   13.5   16.8
  250  253 A P  H  > S+     0   0    0      0, 0.0     4,-1.8     0, 0.0    -1,-0.2   0.869 117.0  55.6 -68.5 -34.1    6.5   13.6   20.3
  251  254 A L  H  X S+     0   0    0     -4,-1.3     4,-1.9     2,-0.2    -2,-0.2   0.893 106.2  51.8 -64.3 -36.0    9.3   11.6   21.9
  252  255 A T  H  X S+     0   0    0     -4,-2.1     4,-2.5     1,-0.2    -1,-0.2   0.922 110.4  48.8 -68.2 -39.1   11.9   14.2   20.6
  253  256 A M  H  X S+     0   0    0     -4,-1.4     4,-2.0     2,-0.2    -1,-0.2   0.827 107.2  53.1 -73.3 -29.3    9.9   17.1   22.1
  254  257 A I  H  X S+     0   0    0     -4,-1.8     4,-2.6     2,-0.2    -1,-0.2   0.956 113.7  45.1 -67.4 -43.8    9.6   15.5   25.5
  255  258 A A  H  X S+     0   0    0     -4,-1.9     4,-2.1     1,-0.2    10,-0.3   0.886 113.0  49.2 -66.1 -38.7   13.4   15.0   25.6
  256  259 A E  H  X S+     0   0   11     -4,-2.5     4,-1.0     2,-0.2    -1,-0.2   0.880 114.4  45.3 -68.9 -36.2   14.1   18.6   24.3
  257  260 A T  H  < S+     0   0    2     -4,-2.0     3,-0.3     2,-0.2    -2,-0.2   0.904 112.9  50.8 -73.1 -40.0   11.7   20.1   26.9
  258  261 A A  H ><>S+     0   0    0     -4,-2.6     5,-2.0     1,-0.2     3,-1.8   0.889 104.2  58.9 -64.2 -39.0   13.2   17.9   29.7
  259  262 A S  H ><5S+     0   0   32     -4,-2.1     3,-1.7     1,-0.3    -1,-0.2   0.865 100.3  55.1 -59.4 -38.4   16.8   18.9   28.8
  260  263 A R  T 3<5S+     0   0   82     -4,-1.0    -1,-0.3    -3,-0.3    -2,-0.2   0.518 105.1  54.9 -74.6  -6.5   16.0   22.7   29.4
  261  264 A Q  T < 5S-     0   0    3     -3,-1.8    -1,-0.3     2,-0.2    -2,-0.2   0.165 127.5-103.9-104.7  11.7   14.8   21.6   32.9
  262  265 A G  T < 5S+     0   0   54     -3,-1.7     2,-0.5     1,-0.2    -3,-0.2   0.752  81.7 127.5  74.7  25.3   18.3   20.0   33.4
  263  266 A I      < -     0   0   28     -5,-2.0     2,-1.2    -8,-0.1    -1,-0.2  -0.951  53.1-145.5-114.6 131.5   17.2   16.4   32.9
  264  267 A D        +     0   0  105     -2,-0.5     3,-0.4     1,-0.2     4,-0.3  -0.681  31.8 160.1 -96.2  84.3   19.0   14.1   30.4
  265  268 A L    >   +     0   0    1     -2,-1.2     3,-1.5   -10,-0.3    -1,-0.2   0.825  66.7  67.8 -72.3 -32.2   16.1   12.0   29.1
  266  269 A Y  T 3  S+     0   0    7      1,-0.3     9,-0.4    -3,-0.2    10,-0.2   0.828  93.6  60.4 -56.9 -31.3   18.0   11.0   25.8
  267  270 A A  T 3  S+     0   0   54     -3,-0.4    -1,-0.3     7,-0.1    -2,-0.2   0.738  79.7 112.8 -69.0 -21.3   20.4    9.0   28.0
  268  271 A Y    <   -     0   0   46     -3,-1.5     7,-0.4    -4,-0.3     2,-0.3  -0.281  45.9-179.1 -62.0 128.2   17.6    6.7   29.3
  269  272 A K        -     0   0  122      5,-0.1     2,-0.3    -2,-0.1     5,-0.2  -0.880  21.5-164.8-127.3 161.2   17.9    3.2   28.2
  270  273 A E  S    S-     0   0   63      3,-1.9     3,-0.5    -2,-0.3   -46,-0.1  -0.950  76.8 -21.4-148.7 118.9   16.0   -0.1   28.5
  271  274 A N  S    S-     0   0  122     -2,-0.3     3,-0.1     1,-0.2     0, 0.0   0.857 125.7 -48.1  44.3  50.4   17.6   -3.4   27.6
  272  275 A G  S    S+     0   0   74      1,-0.2     2,-0.3     5,-0.0    -1,-0.2   0.873 119.2 103.8  63.3  38.0   20.2   -2.1   25.3
  273  276 A R        +     0   0   43     -3,-0.5    -3,-1.9   -46,-0.0     2,-0.2  -0.947  36.0 153.5-151.4 132.1   17.8    0.2   23.4
  274  277 A D    >>  -     0   0   16     -2,-0.3     4,-1.1    -5,-0.2     3,-1.0  -0.691  63.0 -70.7-140.5-167.1   17.1    3.9   23.5
  275  278 A I  H 3> S+     0   0    0     -7,-0.4     4,-2.1    -9,-0.4     5,-0.1   0.759 127.5  62.1 -68.0 -18.3   15.8    6.6   21.2
  276  279 A H  H 3> S+     0   0   48    -10,-0.2     4,-2.3     2,-0.2    -1,-0.3   0.821  98.2  56.1 -73.8 -29.0   19.0    6.4   19.1
  277  280 A S  H <> S+     0   0   30     -3,-1.0     4,-1.6     2,-0.2    -1,-0.2   0.903 108.7  47.5 -66.7 -41.4   18.0    2.8   18.3
  278  281 A A  H  X S+     0   0    0     -4,-1.1     4,-2.1     2,-0.2    -2,-0.2   0.915 110.5  51.1 -65.6 -45.3   14.7    4.0   17.0
  279  282 A R  H  X S+     0   0   33     -4,-2.1     4,-2.0     1,-0.2    -2,-0.2   0.937 110.0  50.8 -59.5 -43.5   16.3    6.8   14.9
  280  283 A K  H  X S+     0   0  135     -4,-2.3     4,-1.8     1,-0.2    -1,-0.2   0.825 107.8  52.4 -64.9 -32.3   18.7    4.3   13.4
  281  284 A F  H  X S+     0   0    8     -4,-1.6     4,-2.3     2,-0.2    -1,-0.2   0.875 107.0  52.6 -72.3 -38.7   15.8    1.9   12.4
  282  285 A V  H  X S+     0   0    1     -4,-2.1     4,-1.8     2,-0.2     5,-0.2   0.961 112.9  44.6 -58.9 -48.7   14.0    4.8   10.6
  283  286 A F  H  X S+     0   0    7     -4,-2.0     4,-1.4     1,-0.2    -2,-0.2   0.888 115.7  46.2 -64.2 -39.1   17.1    5.6    8.5
  284  287 A A  H  X S+     0   0   24     -4,-1.8     4,-2.0     1,-0.2    -1,-0.2   0.872 112.2  50.5 -72.7 -35.6   17.9    2.0    7.7
  285  288 A A  H  < S+     0   0    0     -4,-2.3    -2,-0.2     2,-0.2    -1,-0.2   0.823 108.6  51.5 -74.3 -28.9   14.3    1.1    6.8
  286  289 A V  H  < S+     0   0   34     -4,-1.8    -1,-0.2    -5,-0.2    -2,-0.2   0.860 115.7  42.5 -74.5 -35.2   14.0    4.1    4.4
  287  290 A K  H  < S+     0   0  116     -4,-1.4    -2,-0.2     1,-0.3    -1,-0.2   0.837 133.5  21.6 -78.5 -30.0   17.2    3.0    2.7
  288  291 A N    ><  -     0   0   93     -4,-2.0     3,-2.1    -5,-0.1    -1,-0.3  -0.715  65.1-179.5-138.1  83.7   16.1   -0.7    2.7
  289  292 A P  G >  S+     0   0   59      0, 0.0     3,-1.3     0, 0.0     4,-0.5   0.658  72.5  84.4 -62.1  -9.9   12.3   -1.1    3.1
  290  293 A D  G >  S+     0   0  118      1,-0.3     3,-1.0     2,-0.2     4,-0.2   0.754  75.4  71.6 -63.0 -23.3   12.8   -4.9    3.0
  291  294 A L  G X  S+     0   0   49     -3,-2.1     3,-1.1     1,-0.2    -1,-0.3   0.851  90.0  58.7 -60.8 -33.1   13.5   -4.6    6.8
  292  295 A I  G X> S+     0   0    2     -3,-1.3     3,-2.5     1,-0.2     4,-2.1   0.735  83.9  83.9 -70.2 -20.9    9.7   -3.9    7.4
  293  296 A K  G <4 S+     0   0  125     -3,-1.0    -1,-0.2    -4,-0.5    -2,-0.2   0.649  78.5  65.3 -56.8 -18.3    8.9   -7.3    5.7
  294  297 A K  G <4 S+     0   0  137     -3,-1.1    -1,-0.3    -4,-0.2    -2,-0.1   0.637 116.9  27.7 -76.1 -16.6    9.4   -9.1    9.1
  295  298 A Y  T <4 S+     0   0   81     -3,-2.5     2,-0.3     1,-0.3    -2,-0.2   0.681 131.7  14.4-112.2 -33.7    6.4   -7.1   10.4
  296  299 A A     <  -     0   0    9     -4,-2.1    -1,-0.3     2,-0.1     4,-0.1  -0.983  47.6-155.2-152.9 137.2    4.2   -6.4    7.4
  297  300 A S        +     0   0   91     -2,-0.3    -4,-0.1    -3,-0.1    -1,-0.1   0.570  65.5 103.0 -88.8 -10.9    3.9   -7.7    3.8
  298  301 A E  S    S-     0   0   63      1,-0.1     2,-0.1    -5,-0.0    -2,-0.1  -0.446  83.7 -99.5 -73.3 145.6    2.2   -4.5    2.3
  299  302 A P        -     0   0  113      0, 0.0     2,-0.2     0, 0.0    -1,-0.1  -0.427  50.1-114.7 -56.6 132.9    4.2   -1.9    0.2
  300  303 A Q        -     0   0   33     -2,-0.1     2,-0.8   -61,-0.1   -61,-0.2  -0.523  12.3-126.6 -84.4 140.4    5.0    1.0    2.5
  301  304 A D        +     0   0   58    -63,-2.5     3,-0.3    -2,-0.2   -59,-0.2  -0.758  28.4 177.6 -83.2 115.8    3.6    4.4    2.2
  302  305 A T    >   +     0   0   57     -2,-0.8     3,-1.4     1,-0.2    -1,-0.1   0.090  36.8 123.9-110.2  26.0    6.5    6.7    2.2
  303  306 A R  T 3  S+     0   0  105      1,-0.3     3,-0.2     2,-0.1    -1,-0.2   0.765  72.7  58.0 -56.5 -29.4    4.7   10.1    1.7
  304  307 A A  T 3  S+     0   0    1     -3,-0.3     2,-1.2     1,-0.2    -1,-0.3   0.714  89.2  78.5 -73.4 -22.6    6.4   11.5    4.9
  305  308 A F    <   +     0   0    2     -3,-1.4    -1,-0.2     3,-0.1    -2,-0.1  -0.415  69.4  94.1 -90.4  58.2    9.9   10.9    3.6
  306  309 A K  S >  S-     0   0  125     -2,-1.2     3,-1.8    -3,-0.2     6,-0.1  -0.992  85.0 -80.6-146.7 146.5   10.5   13.8    1.2
  307  310 A P  T 3  S+     0   0   59      0, 0.0    24,-0.1     0, 0.0     3,-0.1  -0.123 112.7  25.3 -53.5 134.4   12.2   17.2    1.9
  308  311 A G  T 3  S+     0   0   32     25,-0.4    28,-0.5    22,-0.4     2,-0.2   0.260  82.1 137.7  99.6 -15.0    9.9   19.8    3.4
  309  312 A R    X   -     0   0   86     -3,-1.8     3,-1.8    -5,-0.2    -1,-0.3  -0.505  54.9-138.6 -69.9 132.3    7.5   17.4    5.2
  310  313 A G  G >  S+     0   0   14      1,-0.3     3,-1.9    -2,-0.2     4,-0.2   0.736  98.1  76.1 -59.2 -25.4    6.6   18.4    8.7
  311  314 A D  G 3  S+     0   0   15      1,-0.3     3,-0.3     2,-0.1    -1,-0.3   0.595  90.1  57.3 -62.0 -17.9    6.9   14.8    9.8
  312  315 A L  G X> S+     0   0    0     -3,-1.8     3,-1.3     1,-0.2     4,-0.6   0.271  71.3 106.2 -98.3   9.7   10.7   15.3    9.6
  313  316 A N  H X> S+     0   0    0     -3,-1.9     3,-1.0     1,-0.3     4,-1.0   0.838  70.3  64.7 -59.6 -33.6   10.9   18.2   12.1
  314  317 A W  H 3> S+     0   0    0     -3,-0.3     4,-2.3     1,-0.3    -1,-0.3   0.774  91.7  63.7 -62.5 -28.1   12.3   15.9   14.9
  315  318 A I  H <> S+     0   0    2     -3,-1.3     4,-2.5     1,-0.2    -1,-0.3   0.825  98.2  56.7 -69.1 -27.6   15.5   15.4   12.8
  316  319 A E  H <X S+     0   0    2     -3,-1.0     4,-1.3    -4,-0.6    -1,-0.2   0.922 110.4  42.1 -68.5 -41.5   16.3   19.1   13.1
  317  320 A Y  H  X S+     0   0    3     -4,-1.0     4,-1.4     2,-0.2    -2,-0.2   0.931 118.7  44.9 -70.3 -44.7   16.2   19.0   16.9
  318  321 A Q  H  X S+     0   0    0     -4,-2.3     4,-2.5     1,-0.2     5,-0.4   0.891 112.1  50.4 -70.1 -38.8   18.2   15.7   17.2
  319  322 A R  H  X S+     0   0   79     -4,-2.5     4,-1.7     1,-0.2    -1,-0.2   0.814 108.7  52.5 -67.9 -33.2   20.9   16.6   14.5
  320  323 A A  H  < S+     0   0   20     -4,-1.3    -1,-0.2    -5,-0.2    -2,-0.2   0.865 115.7  41.9 -68.4 -37.5   21.6   20.0   16.2
  321  324 A R  H  < S+     0   0  113     -4,-1.4    -2,-0.2    -5,-0.1    -3,-0.1   0.950 130.0  21.8 -75.7 -49.6   22.1   18.2   19.6
  322  325 A F  H  < S-     0   0   83     -4,-2.5    -3,-0.2    -5,-0.1    -2,-0.2   0.635  87.7-136.9 -97.5 -18.4   24.1   15.1   18.5
  323  326 A G     <  +     0   0   59     -4,-1.7    -4,-0.1    -5,-0.4    -3,-0.1   0.610  41.6 160.2  74.3  13.9   25.7   16.1   15.2
  324  327 A F        -     0   0   35     -6,-0.2    -1,-0.2     1,-0.1     2,-0.1  -0.168  45.8 -90.5 -66.2 161.1   25.0   12.8   13.3
  325  328 A A        -     0   0   66      1,-0.1     2,-2.0     2,-0.0     3,-0.2  -0.427  27.0-118.0 -74.5 148.1   25.1   12.8    9.4
  326  329 A D    >   +     0   0   38      1,-0.2     3,-0.8    -2,-0.1    -1,-0.1  -0.614  40.8 176.4 -86.2  81.9   22.0   13.5    7.2
  327  330 A E  T 3  S+     0   0  112     -2,-2.0    -1,-0.2     1,-0.2    -2,-0.0   0.800  72.4  45.5 -57.8 -33.1   22.3   10.1    5.7
  328  331 A L  T 3  S-     0   0   30     -3,-0.2    -1,-0.2     0, 0.0    -2,-0.1   0.564 104.0-121.3 -93.5  -5.8   19.1   10.4    3.6
  329  332 A G    <   +     0   0   39     -3,-0.8     3,-0.2     2,-0.0    -2,-0.1   0.704  69.7 133.9  74.5  20.1   19.7   13.9    2.2
  330  333 A F        +     0   0   14      1,-0.2     2,-1.8     2,-0.1   -22,-0.4   0.775  44.6  79.2 -71.4 -33.2   16.4   15.1    3.8
  331  334 A M        +     0   0   13      1,-0.2    -1,-0.2   -24,-0.1    -5,-0.1  -0.345  63.0 101.6 -81.4  59.0   17.6   18.4    5.4
  332  335 A T  S    S+     0   0   76     -2,-1.8    -1,-0.2     1,-0.2    -2,-0.1   0.817  76.2  36.6-104.2 -72.2   17.6   20.5    2.2
  333  336 A V  S    S-     0   0   69     -3,-0.3   -25,-0.4     1,-0.1    -1,-0.2  -0.424 100.6 -85.6 -83.2 162.0   14.4   22.7    2.3
  334  337 A P        -     0   0   40      0, 0.0     2,-0.4     0, 0.0    -1,-0.1  -0.205  38.2-141.2 -63.6 152.4   13.0   24.2    5.6
  335  338 A I        -     0   0    1    -22,-0.1    10,-0.9   -23,-0.1     9,-0.4  -0.958  17.3-178.1-119.6 138.0   10.6   22.2    7.8
  336  339 A F        +     0   0   72    -28,-0.5     7,-0.3    -2,-0.4   -26,-0.2  -0.988   8.2 166.5-138.4 125.4    7.6   23.5    9.7
  337  340 A D  B > > -C  342   0C  22      5,-2.1     5,-2.4    -2,-0.4     3,-1.8  -0.865  20.6-160.6-138.0 103.0    5.4   21.5   11.9
  338  341 A P  G > 5S+     0   0    5      0, 0.0     3,-1.0     0, 0.0  -192,-0.1   0.857  91.1  58.3 -50.2 -41.4    3.0   23.3   14.3
  339  342 A R  G 3 5S+     0   0   12      1,-0.3  -194,-0.1     2,-0.1  -196,-0.0   0.618 107.9  44.8 -69.6 -16.4    2.6   20.3   16.5
  340  343 A T  G < 5S-     0   0    0     -3,-1.8    -1,-0.3     2,-0.2    -3,-0.1  -0.342 136.5 -72.9-122.8  50.4    6.3   20.1   17.4
  341  344 A G  T < 5S-     0   0    3     -3,-1.0     2,-0.4    -5,-0.1    -2,-0.1   0.487  73.8 -90.8  80.5   7.5    7.0   23.8   18.0
  342  345 A G  B   <S+C  337   0C   0     -5,-2.4    -5,-2.1   -32,-0.1     2,-0.8  -0.769  96.4  15.2  97.6-136.5    6.9   25.2   14.5
  343  346 A S     >  -     0   0    6     -2,-0.4     4,-1.9    -7,-0.3    -7,-0.2  -0.671  52.1-177.5 -82.8 106.8   10.0   25.5   12.3
  344  347 A A  H  >>S+     0   0    0     -2,-0.8     4,-2.1    -9,-0.4     5,-1.0   0.769  85.9  61.8 -75.4 -19.1   12.8   23.3   13.7
  345  348 A T  H  >5S+     0   0    0    -10,-0.9     4,-0.7     3,-0.2    -1,-0.2   0.934 109.8  41.2 -65.0 -43.7   15.0   24.6   10.9
  346  349 A L  H  45S+     0   0    0    -11,-0.4    -2,-0.2     1,-0.2    -1,-0.2   0.881 122.6  39.9 -70.7 -36.4   14.5   28.2   12.3
  347  350 A L  H  <5S+     0   0    6     -4,-1.9  -328,-0.2     1,-0.1    -2,-0.2   0.603 132.3   8.7 -92.1 -16.5   14.8   27.1   15.9
  348  351 A A  H  <5S+     0   0   16     -4,-2.1     2,-0.3    -5,-0.1    -3,-0.2   0.536  88.1 109.2-139.9 -17.3   17.6   24.5   16.0
  349  352 A Y     << -     0   0   32     -5,-1.0   -32,-0.1    -4,-0.7   -33,-0.1  -0.469  41.3-172.8 -71.2 132.6   19.5   24.2   12.7
  350  353 A K              0   0  130     -2,-0.3  -318,-0.1     1,-0.1    -4,-0.0  -0.983 360.0 360.0-129.0 121.0   23.0   25.6   12.8
  351  354 A P              0   0  113      0, 0.0    -1,-0.1     0, 0.0  -319,-0.1   0.873 360.0 360.0 -49.8 360.0   25.2   25.8    9.6
