==== Secondary Structure Definition by the program DSSP, CMBI version by M.L. Hekkelman/2010-10-21 ==== DATE=2014-07-07        .
REFERENCE W. KABSCH AND C.SANDER, BIOPOLYMERS 22 (1983) 2577-2637                                                              .
                                                                                                                               .
  324  1  0  0  0 TOTAL NUMBER OF RESIDUES, NUMBER OF CHAINS, NUMBER OF SS-BRIDGES(TOTAL,INTRACHAIN,INTERCHAIN)                .
 13679.7   ACCESSIBLE SURFACE OF PROTEIN (ANGSTROM**2)                                                                         .
  212 65.4   TOTAL NUMBER OF HYDROGEN BONDS OF TYPE O(I)-->H-N(J)  , SAME NUMBER PER 100 RESIDUES                              .
   25  7.7   TOTAL NUMBER OF HYDROGEN BONDS IN     PARALLEL BRIDGES, SAME NUMBER PER 100 RESIDUES                              .
   31  9.6   TOTAL NUMBER OF HYDROGEN BONDS IN ANTIPARALLEL BRIDGES, SAME NUMBER PER 100 RESIDUES                              .
    2  0.6   TOTAL NUMBER OF HYDROGEN BONDS OF TYPE O(I)-->H-N(I-5), SAME NUMBER PER 100 RESIDUES                              .
    1  0.3   TOTAL NUMBER OF HYDROGEN BONDS OF TYPE O(I)-->H-N(I-4), SAME NUMBER PER 100 RESIDUES                              .
    3  0.9   TOTAL NUMBER OF HYDROGEN BONDS OF TYPE O(I)-->H-N(I-3), SAME NUMBER PER 100 RESIDUES                              .
    0  0.0   TOTAL NUMBER OF HYDROGEN BONDS OF TYPE O(I)-->H-N(I-2), SAME NUMBER PER 100 RESIDUES                              .
    0  0.0   TOTAL NUMBER OF HYDROGEN BONDS OF TYPE O(I)-->H-N(I-1), SAME NUMBER PER 100 RESIDUES                              .
    0  0.0   TOTAL NUMBER OF HYDROGEN BONDS OF TYPE O(I)-->H-N(I+0), SAME NUMBER PER 100 RESIDUES                              .
    0  0.0   TOTAL NUMBER OF HYDROGEN BONDS OF TYPE O(I)-->H-N(I+1), SAME NUMBER PER 100 RESIDUES                              .
   17  5.2   TOTAL NUMBER OF HYDROGEN BONDS OF TYPE O(I)-->H-N(I+2), SAME NUMBER PER 100 RESIDUES                              .
   30  9.3   TOTAL NUMBER OF HYDROGEN BONDS OF TYPE O(I)-->H-N(I+3), SAME NUMBER PER 100 RESIDUES                              .
   86 26.5   TOTAL NUMBER OF HYDROGEN BONDS OF TYPE O(I)-->H-N(I+4), SAME NUMBER PER 100 RESIDUES                              .
    3  0.9   TOTAL NUMBER OF HYDROGEN BONDS OF TYPE O(I)-->H-N(I+5), SAME NUMBER PER 100 RESIDUES                              .
  1  2  3  4  5  6  7  8  9 10 11 12 13 14 15 16 17 18 19 20 21 22 23 24 25 26 27 28 29 30     *** HISTOGRAMS OF ***           .
  0  0  0  1  1  0  2  1  0  0  3  1  0  1  0  1  0  0  0  0  0  0  0  0  0  0  0  0  0  0    RESIDUES PER ALPHA HELIX         .
  0  1  3  2  0  0  0  0  0  0  0  0  0  0  0  0  0  0  0  0  0  0  0  0  0  0  0  0  0  0    PARALLEL BRIDGES PER LADDER      .
  2  0  2  1  1  1  0  0  0  0  0  0  0  0  0  0  0  0  0  0  0  0  0  0  0  0  0  0  0  0    ANTIPARALLEL BRIDGES PER LADDER  .
  0  1  0  1  1  0  0  0  0  0  0  0  0  0  0  0  0  0  0  0  0  0  0  0  0  0  0  0  0  0    LADDERS PER SHEET                .
  #  RESIDUE AA STRUCTURE BP1 BP2  ACC     N-H-->O    O-->H-N    N-H-->O    O-->H-N    TCO  KAPPA ALPHA  PHI   PSI    X-CA   Y-CA   Z-CA 
    1  176 A Y              0   0  211      0, 0.0     2,-0.6     0, 0.0     4,-0.1   0.000 360.0 360.0 360.0 -25.5   26.9   47.9   12.2
    2  177 A S        +     0   0   87      2,-0.1    28,-0.5     0, 0.0     0, 0.0  -0.934 360.0   2.0-100.2 122.4   24.8   45.7    9.8
    3  178 A G  S    S+     0   0   12     -2,-0.6    26,-0.1    26,-0.1    16,-0.1  -0.620 124.4   3.5  93.6-164.5   21.4   45.1   11.3
    4  179 A P  S    S-     0   0    3      0, 0.0     2,-0.4     0, 0.0    26,-0.3  -0.230  71.3-156.0 -53.3 140.4   20.2   46.7   14.6
    5  180 A K        -     0   0  110     -4,-0.1    13,-0.1    24,-0.1     5,-0.0  -0.977  16.2-117.5-127.5 133.8   22.7   49.1   16.2
    6  181 A L        -     0   0   32     -2,-0.4     2,-0.8     1,-0.1     3,-0.4  -0.372  32.0-118.7 -62.3 147.5   23.1   50.2   19.8
    7  182 A E  B >  S-A   10   0A  93      3,-2.5     3,-1.0     1,-0.2    -1,-0.1  -0.813  88.4 -24.3 -96.2 109.1   22.6   53.9   20.4
    8  183 A D  T 3  S-     0   0  173     -2,-0.8    -1,-0.2     1,-0.3     3,-0.1   0.886 128.0 -51.3  56.4  40.5   25.8   55.3   21.8
    9  184 A G  T 3  S+     0   0   35     -3,-0.4     2,-0.4     1,-0.2    -1,-0.3   0.615 119.2 107.7  77.5  14.3   26.7   51.8   23.1
   10  185 A K  B <  S-A    7   0A 114     -3,-1.0    -3,-2.5    -5,-0.0    -1,-0.2  -0.947  71.1-115.6-129.7 145.2   23.3   51.4   24.8
   11  186 A V        +     0   0    2     -2,-0.4     2,-0.3    -5,-0.2    -5,-0.1  -0.527  37.8 178.5 -68.2 138.4   20.1   49.4   24.4
   12  187 A T     >  -     0   0   25     -2,-0.2     4,-2.5     1,-0.1     5,-0.1  -0.867  44.2-104.9-136.5 165.4   17.1   51.6   23.8
   13  188 A I  H  > S+     0   0   64     -2,-0.3     4,-2.8     2,-0.2     5,-0.2   0.900 121.9  55.2 -66.0 -37.5   13.5   50.7   23.1
   14  189 A S  H  > S+     0   0   63      2,-0.2     4,-2.2     1,-0.2    -1,-0.2   0.916 108.8  49.4 -57.0 -40.5   13.9   51.5   19.4
   15  190 A F  H  > S+     0   0    4      1,-0.2     4,-2.5     2,-0.2    -2,-0.2   0.951 110.5  49.8 -65.3 -45.8   16.8   49.1   19.3
   16  191 A M  H  X S+     0   0    0     -4,-2.5     4,-2.6     1,-0.2    -1,-0.2   0.897 111.0  47.7 -61.3 -45.9   14.7   46.4   21.0
   17  192 A K  H  X S+     0   0  124     -4,-2.8     4,-1.8     1,-0.2    -1,-0.2   0.898 114.1  48.6 -61.8 -38.6   11.8   46.8   18.6
   18  193 A E  H  X S+     0   0  103     -4,-2.2     4,-2.2    -5,-0.2    -2,-0.2   0.837 111.5  50.4 -64.2 -38.3   14.2   46.7   15.7
   19  194 A L  H  X S+     0   0    0     -4,-2.5     4,-2.6    -5,-0.2     5,-0.3   0.921 107.8  51.1 -70.5 -45.1   15.8   43.6   17.2
   20  195 A M  H  X S+     0   0   19     -4,-2.6     4,-2.3     2,-0.2    -2,-0.2   0.911 113.9  44.7 -60.6 -41.1   12.6   41.7   17.7
   21  196 A Q  H  X S+     0   0  100     -4,-1.8     4,-2.3     2,-0.2    -1,-0.2   0.919 111.8  53.0 -70.4 -42.3   11.5   42.4   14.0
   22  197 A W  H  <>S+     0   0   73     -4,-2.2     5,-2.8     2,-0.2    -2,-0.2   0.899 113.9  42.9 -51.7 -49.7   15.0   41.5   12.8
   23  198 A Y  H ><5S+     0   0    1     -4,-2.6     3,-2.3     3,-0.2    -2,-0.2   0.872 109.0  57.9 -67.5 -41.4   14.8   38.2   14.7
   24  199 A K  H 3<5S+     0   0   92     -4,-2.3    -2,-0.2     1,-0.3    -1,-0.2   0.921 107.5  48.6 -55.3 -39.5   11.2   37.7   13.5
   25  200 A D  T 3<5S-     0   0   86     -4,-2.3    -1,-0.3    -5,-0.1    -2,-0.2   0.218 121.5-111.2 -84.6  11.9   12.6   37.9   10.0
   26  201 A Q  T < 5 +     0   0   72     -3,-2.3    -3,-0.2     1,-0.2     2,-0.2   0.714  67.4 144.9  66.1  30.1   15.4   35.3   10.8
   27  202 A K      < -     0   0  107     -5,-2.8     2,-0.4    -6,-0.2    -1,-0.2  -0.555  47.2-114.8 -97.6 162.6   18.3   37.8   10.6
   28  203 A K        -     0   0  114     -2,-0.2     2,-0.3   119,-0.0     3,-0.1  -0.830  17.4-127.3-106.3 133.9   21.4   37.8   12.7
   29  204 A L        -     0   0    0     -2,-0.4   -26,-0.1     1,-0.1     5,-0.1  -0.539  45.2 -96.9 -73.3 133.3   22.5   40.5   15.2
   30  205 A H    >>  -     0   0   72    -28,-0.5     4,-2.6   -26,-0.3     3,-1.4  -0.224  28.2-121.5 -57.5 140.5   26.0   41.6   14.4
   31  206 A R  H 3> S+     0   0  113      1,-0.3     4,-2.6     2,-0.2     5,-0.1   0.809 112.1  56.4 -52.2 -35.8   28.7   39.8   16.5
   32  207 A K  H 3> S+     0   0  143      2,-0.2     4,-1.8     1,-0.2    -1,-0.3   0.843 110.6  43.5 -67.6 -32.6   29.9   43.2   17.8
   33  208 A C  H <> S+     0   0   10     -3,-1.4     4,-2.6     2,-0.2     5,-0.2   0.913 112.7  50.2 -81.7 -45.0   26.5   44.0   19.1
   34  209 A A  H  X S+     0   0    0     -4,-2.6     4,-2.2     1,-0.2    -2,-0.2   0.936 111.7  51.5 -50.6 -48.2   25.8   40.6   20.6
   35  210 A Y  H  X S+     0   0  111     -4,-2.6     4,-2.8    -5,-0.3     5,-0.3   0.937 109.0  49.7 -57.3 -45.9   29.2   40.9   22.3
   36  211 A Q  H  X S+     0   0   73     -4,-1.8     4,-2.6     1,-0.2     5,-0.3   0.915 109.4  50.3 -62.3 -45.0   28.3   44.3   23.7
   37  212 A I  H  X S+     0   0    0     -4,-2.6     4,-2.4     2,-0.2    -1,-0.2   0.906 112.4  49.2 -54.6 -46.3   25.0   43.1   25.1
   38  213 A L  H  X S+     0   0    0     -4,-2.2     4,-2.4    -5,-0.2    -2,-0.2   0.947 112.8  44.0 -64.7 -47.5   26.8   40.1   26.7
   39  214 A V  H  X S+     0   0   28     -4,-2.8     4,-1.9     1,-0.2    -2,-0.2   0.951 117.0  47.3 -64.7 -42.5   29.6   42.1   28.4
   40  215 A Q  H  X S+     0   0   43     -4,-2.6     4,-1.6    -5,-0.3    -1,-0.2   0.895 113.7  46.1 -67.9 -37.6   27.2   44.8   29.6
   41  216 A V  H  X S+     0   0    0     -4,-2.4     4,-3.5    -5,-0.3     5,-0.3   0.888 107.5  58.5 -74.6 -30.6   24.6   42.3   31.0
   42  217 A K  H  X S+     0   0   71     -4,-2.4     4,-2.7     1,-0.2    -2,-0.2   0.947 106.3  49.2 -59.0 -48.7   27.4   40.4   32.7
   43  218 A E  H  X S+     0   0  126     -4,-1.9     4,-0.7     2,-0.2    -1,-0.2   0.893 113.4  46.6 -57.6 -41.6   28.3   43.5   34.6
   44  219 A V  H >< S+     0   0   44     -4,-1.6     3,-1.1     1,-0.2     4,-0.3   0.963 115.9  43.1 -67.8 -50.2   24.7   44.1   35.6
   45  220 A L  H >< S+     0   0    0     -4,-3.5     3,-2.1     1,-0.3    -2,-0.2   0.902 105.0  63.0 -63.1 -40.9   24.0   40.5   36.7
   46  221 A S  H 3< S+     0   0   27     -4,-2.7    -1,-0.3    -5,-0.3    -2,-0.2   0.694 100.1  56.4 -64.6 -17.2   27.3   40.1   38.5
   47  222 A K  T << S+     0   0  168     -3,-1.1    -1,-0.3    -4,-0.7     2,-0.2   0.497  91.1  94.2 -88.2  -4.5   26.2   43.0   41.0
   48  223 A L  S <  S-     0   0   57     -3,-2.1     2,-0.1    -4,-0.3     4,-0.1  -0.523  78.8-109.2 -91.2 157.9   23.0   41.3   42.0
   49  224 A S        -     0   0   48     -2,-0.2    -1,-0.1     2,-0.2   144,-0.1  -0.384  28.3-115.7 -72.5 155.5   22.4   39.1   45.0
   50  225 A T  S    S+     0   0    5    142,-0.9   115,-2.1     1,-0.2   116,-1.3   0.789 112.8  51.8 -62.6 -26.6   21.8   35.4   44.5
   51  226 A L  E    S-b  166   0B   2    141,-0.2     2,-0.4   114,-0.2   116,-0.2  -0.962  81.3-153.9-113.4 113.5   18.3   36.2   45.9
   52  227 A V  E     -b  167   0B  21    114,-2.9   116,-2.9    -2,-0.6     2,-0.5  -0.708  10.7-157.1 -81.5 134.4   16.6   39.1   44.2
   53  228 A E  E     -b  168   0B 131     -2,-0.4     2,-0.4   114,-0.2   116,-0.2  -0.950  12.0-174.9-120.7 126.7   14.1   40.7   46.5
   54  229 A T  E     -b  169   0B  25    114,-3.0   116,-3.1    -2,-0.5     2,-0.5  -0.933  16.1-152.6-126.7 138.8   11.3   42.7   45.1
   55  230 A T        -     0   0  110     -2,-0.4     2,-0.6   114,-0.2   114,-0.1  -0.942   9.0-164.3-112.2 123.6    8.6   44.8   46.6
   56  231 A L        -     0   0    9     -2,-0.5     6,-0.1   235,-0.1   234,-0.0  -0.908  15.9-138.5-107.2 119.9    5.3   45.2   44.8
   57  232 A K    >   -     0   0  116     -2,-0.6     3,-1.8     1,-0.1   234,-0.6  -0.214  33.9 -95.6 -70.3 168.6    3.0   48.0   45.9
   58  233 A E  T 3  S+     0   0  131    233,-0.3   234,-1.1     1,-0.3   235,-0.1   0.815 125.2  45.9 -58.7 -29.6   -0.7   47.4   46.3
   59  234 A T  T 3  S+     0   0  127    232,-0.2    -1,-0.3   231,-0.1     2,-0.2   0.409  98.9  90.8 -95.0   1.7   -1.4   48.9   42.8
   60  235 A E    <   -     0   0   58     -3,-1.8   231,-3.1    29,-0.0   232,-0.3  -0.663  50.0-171.0-104.9 155.2    1.4   47.0   41.0
   61  236 A K  E     -G  290   0C  51    229,-0.3     2,-0.3    -2,-0.2   229,-0.2  -0.857   4.9-159.4-132.6 167.7    1.5   43.7   39.2
   62  237 A I  E     -G  289   0C   3    227,-2.2   227,-2.5    -2,-0.3     2,-0.5  -0.968  15.0-132.1-150.2 150.0    4.2   41.5   37.7
   63  238 A T  E     -Gh 288  91C   0     27,-2.1    29,-2.2    -2,-0.3     2,-0.5  -0.914  16.2-157.9-103.4 133.8    4.1   38.7   35.2
   64  239 A V  E     -Gh 287  92C   0    223,-2.4   223,-2.6    -2,-0.5     2,-0.4  -0.952  10.8-175.4-115.8 121.5    5.9   35.5   35.8
   65  240 A C  E     -Gh 286  93C   0     27,-3.0    29,-3.4    -2,-0.5   221,-0.1  -0.938   7.9-155.9-112.0 144.3    6.9   33.2   32.9
   66  241 A G        -     0   0    0    219,-0.6   205,-0.3    -2,-0.4    29,-0.1   0.156  55.8 -12.2 -96.3-152.1    8.4   29.8   33.1
   67  242 A D        +     0   0    3    203,-0.5   205,-0.9    27,-0.2    -1,-0.3  -0.177  46.0 174.9 -57.4 146.5   10.6   28.0   30.5
   68  243 A T    >   -     0   0    3     28,-2.0     3,-2.0    27,-0.3    29,-0.2   0.562  16.4-164.2-123.6 -26.7   10.8   29.4   27.0
   69  244 A H  T 3   -     0   0    2     27,-3.0    32,-0.8     1,-0.3    29,-0.3   0.790  68.8 -55.2  44.3  49.3   13.4   27.0   25.5
   70  245 A G  T 3  S+     0   0    0     27,-2.5    33,-1.4    34,-0.2     2,-1.4   0.731  93.1 139.9  66.2  19.9   14.3   29.1   22.5
   71  246 A Q    X>  +     0   0   19     -3,-2.0     4,-2.0     1,-0.2     3,-0.8  -0.573  21.7 169.5 -91.4  72.5   10.7   29.3   21.2
   72  247 A F  H 3>  +     0   0    0     -2,-1.4     4,-2.4     1,-0.3    -1,-0.2   0.792  70.0  54.9 -61.1 -33.6   11.2   32.9   20.2
   73  248 A Y  H 3> S+     0   0   11      2,-0.2     4,-1.4     1,-0.2    -1,-0.3   0.862 109.4  48.2 -73.1 -32.9    8.0   33.2   18.2
   74  249 A D  H <> S+     0   0    4     -3,-0.8     4,-1.9     2,-0.2    -2,-0.2   0.860 108.5  56.1 -72.3 -36.1    6.1   32.1   21.3
   75  250 A L  H  X S+     0   0    2     -4,-2.0     4,-2.0     2,-0.2    -2,-0.2   0.954 107.4  47.1 -54.5 -53.5    8.1   34.7   23.3
   76  251 A L  H  X S+     0   0   22     -4,-2.4     4,-1.5     1,-0.2    -1,-0.2   0.850 109.2  56.3 -54.7 -38.5    6.9   37.5   21.0
   77  252 A N  H  X S+     0   0   28     -4,-1.4     4,-3.3     2,-0.2     5,-0.3   0.899 102.4  54.4 -61.8 -40.0    3.4   36.0   21.4
   78  253 A I  H  X S+     0   0    1     -4,-1.9     4,-2.5     1,-0.2     5,-0.2   0.947 110.2  47.5 -57.1 -46.3    3.6   36.4   25.2
   79  254 A F  H  X S+     0   0    9     -4,-2.0     4,-1.1     1,-0.2    -1,-0.2   0.812 112.6  49.2 -70.7 -24.6    4.5   40.1   24.6
   80  255 A E  H  < S+     0   0  155     -4,-1.5    -1,-0.2    -5,-0.2    -2,-0.2   0.908 117.2  40.2 -77.6 -41.9    1.6   40.5   22.2
   81  256 A L  H  < S+     0   0   92     -4,-3.3    -2,-0.2     1,-0.2    -3,-0.2   0.813 132.0  24.3 -71.3 -35.4   -0.9   38.9   24.5
   82  257 A N  H  < S-     0   0   21     -4,-2.5    -3,-0.2    -5,-0.3    -2,-0.2   0.329 113.8-101.4-117.3  -0.7    0.4   40.5   27.8
   83  258 A G     <  -     0   0   30     -4,-1.1    -1,-0.2    -5,-0.2    -3,-0.1   0.220  44.5 -70.1  91.9 147.7    2.1   43.7   26.5
   84  259 A L        -     0   0   49      1,-0.1     2,-0.1    -4,-0.1    -8,-0.0  -0.289  62.7 -92.7 -61.9 158.0    5.8   44.5   26.1
   85  260 A P        +     0   0    3      0, 0.0     2,-0.3     0, 0.0    -1,-0.1  -0.371  61.8 135.1 -70.6 152.0    7.9   44.8   29.2
   86  261 A S  B >  S-K   89   0D  24      3,-0.7     3,-1.2    35,-0.3    32,-0.1  -0.951  70.7 -68.4-171.6-179.1    8.5   48.1   30.8
   87  262 A E  T 3  S+     0   0  117     -2,-0.3    -1,-0.0     1,-0.2    31,-0.0   0.735 134.3  40.7 -55.0 -25.4    8.5   50.0   34.1
   88  263 A T  T 3  S+     0   0  119      1,-0.2    -1,-0.2   -28,-0.1   -27,-0.2   0.348 119.5  44.7-107.0   5.1    4.7   49.5   34.3
   89  264 A N  B <  S-K   86   0D  18     -3,-1.2    -3,-0.7   -29,-0.1    -1,-0.2  -0.491  80.7-175.1-144.2  67.2    4.6   45.9   33.0
   90  265 A P        -     0   0   12      0, 0.0   -27,-2.1     0, 0.0     2,-0.3  -0.301   3.2-162.0 -75.2 155.9    7.4   44.1   34.8
   91  266 A Y  E     -hi  63 122C   0     30,-1.7    32,-2.5   -29,-0.2     2,-0.4  -0.953  15.9-159.2-134.6 151.3    8.3   40.5   34.0
   92  267 A I  E     -hi  64 123C   0    -29,-2.2   -27,-3.0    -2,-0.3     2,-0.6  -0.999   9.3-159.5-128.2 126.2   10.2   37.6   35.6
   93  268 A F  E     -hi  65 124C   0     30,-2.3    32,-2.3    -2,-0.4     2,-1.4  -0.972  12.4-148.6-106.9 116.0   11.5   34.9   33.3
   94  269 A N  E     - i   0 125C   0    -29,-3.4   158,-0.3    -2,-0.6   -27,-0.2  -0.364  44.4 -84.2 -89.3  59.0   12.1   31.8   35.4
   95  270 A G  S    S+     0   0    0     -2,-1.4   -27,-0.3    30,-0.6   -26,-0.2  -0.027  92.2  87.3  76.2 174.7   15.0   30.1   33.7
   96  271 A D        +     0   0    3    -29,-0.2   -27,-3.0   -28,-0.1   -28,-2.0   0.921  41.2 152.8  57.6  50.0   15.4   27.7   30.8
   97  272 A F        +     0   0    0    -29,-0.2   -27,-2.5   -30,-0.2     2,-0.2   0.660  60.2  43.3 -69.3 -31.2   15.6   30.4   28.1
   98  273 A V  S    S+     0   0    0    -29,-0.3   -29,-0.2   -28,-0.1     4,-0.1  -0.689  75.9  57.3-120.9 171.6   17.7   28.1   25.8
   99  274 A D  S    S+     0   0    0      2,-0.4     2,-2.4    -2,-0.2    40,-0.2   0.288  90.4  33.7  82.8 152.0   18.0   24.6   24.5
  100  275 A R  S    S+     0   0   58     38,-3.1   212,-3.1     2,-0.1   213,-0.3  -0.411  99.8  84.8  71.8 -59.9   15.6   22.3   22.6
  101  276 A G  S >  S-     0   0   11     -2,-2.4     3,-0.7   -32,-0.8    -2,-0.4  -0.487  78.1-137.2 -68.5 141.9   14.1   25.3   20.7
  102  277 A S  T 3  S+     0   0    4      1,-0.3   -31,-0.1   207,-0.2   -32,-0.1   0.246  96.6  60.1 -91.6  12.4   16.0   26.3   17.6
  103  278 A F  T 3>  +     0   0    7    -33,-1.4     4,-2.1   -34,-0.2    -1,-0.3  -0.207  62.7 127.9-122.6  37.8   15.7   30.1   18.2
  104  279 A S  H <> S+     0   0    0     -3,-0.7     4,-2.6     1,-0.2     5,-0.2   0.845  70.7  55.2 -65.4 -35.8   17.6   30.1   21.5
  105  280 A V  H  > S+     0   0    2      1,-0.2     4,-2.3     2,-0.2     5,-0.3   0.902 109.1  48.2 -64.9 -37.6   20.0   32.8   20.4
  106  281 A E  H  > S+     0   0   10      2,-0.2     4,-1.8     3,-0.2    -2,-0.2   0.917 112.5  47.9 -69.3 -42.1   17.0   35.1   19.5
  107  282 A V  H  X S+     0   0    0     -4,-2.1     4,-2.8     2,-0.2    -2,-0.2   0.984 115.2  44.8 -62.5 -52.6   15.2   34.4   22.9
  108  283 A I  H  X S+     0   0    0     -4,-2.6     4,-3.2     1,-0.3     5,-0.3   0.895 113.6  46.6 -68.2 -40.0   18.4   35.0   25.0
  109  284 A L  H  X S+     0   0    0     -4,-2.3     4,-2.1    -5,-0.2    -1,-0.3   0.869 114.3  49.1 -71.3 -32.6   19.6   38.1   23.3
  110  285 A T  H  X S+     0   0    0     -4,-1.8     4,-2.2    -5,-0.3    -2,-0.2   0.910 113.4  47.3 -64.1 -45.3   16.1   39.6   23.4
  111  286 A L  H  X S+     0   0    0     -4,-2.8     4,-2.1     2,-0.2    -2,-0.2   0.954 114.8  45.2 -60.4 -50.7   15.9   38.7   27.1
  112  287 A F  H  X S+     0   0    0     -4,-3.2     4,-2.1     1,-0.2     5,-0.2   0.880 111.3  55.1 -61.2 -40.1   19.4   40.2   27.9
  113  288 A G  H  X S+     0   0    0     -4,-2.1     4,-1.7    -5,-0.3    -1,-0.2   0.934 109.2  44.6 -59.1 -45.9   18.5   43.2   25.8
  114  289 A F  H  X S+     0   0    0     -4,-2.2     4,-2.7     1,-0.2    -1,-0.2   0.843 109.9  57.2 -72.8 -26.0   15.3   43.9   27.9
  115  290 A K  H  < S+     0   0    5     -4,-2.1    -1,-0.2     1,-0.2    -2,-0.2   0.909 109.2  46.0 -61.8 -40.3   17.4   43.3   31.1
  116  291 A L  H  < S+     0   0   20     -4,-2.1    -2,-0.2    -5,-0.2    -1,-0.2   0.834 116.3  46.3 -71.7 -32.1   19.7   46.1   30.0
  117  292 A L  H  < S+     0   0   29     -4,-1.7    -2,-0.2     1,-0.2    -1,-0.2   0.917 131.0  17.1 -77.0 -45.7   16.8   48.3   29.1
  118  293 A Y  S >X S+     0   0   26     -4,-2.7     3,-1.9    -5,-0.1     4,-1.4  -0.605  72.9 166.0-125.5  64.6   14.6   47.8   32.3
  119  294 A P  T 34 S+     0   0   48      0, 0.0    -1,-0.1     0, 0.0    -3,-0.1   0.760  78.7  44.7 -62.1 -21.2   17.1   46.4   34.7
  120  295 A D  T 34 S+     0   0  133      1,-0.1     3,-0.1    -3,-0.1    -5,-0.1   0.429 122.4  35.8-101.7  -0.2   14.8   47.0   37.7
  121  296 A H  T <4 S+     0   0   59     -3,-1.9   -30,-1.7     1,-0.2     2,-0.5   0.335 105.9  66.8-131.3   7.8   11.7   45.7   36.0
  122  297 A F  E  <  -i   91   0C   0     -4,-1.4     2,-0.4   -32,-0.2   -30,-0.2  -0.969  66.9-171.5-136.3 107.5   12.9   42.8   33.9
  123  298 A H  E     -i   92   0C  16    -32,-2.5   -30,-2.3    -2,-0.5     2,-0.4  -0.898  11.9-168.4-113.7 136.3   14.2   39.9   35.9
  124  299 A L  E     -i   93   0C   4     -2,-0.4     2,-0.4   -32,-0.2   -30,-0.2  -0.990   4.9-168.9-122.1 128.0   15.9   36.8   34.7
  125  300 A L  E     -i   94   0C   0    -32,-2.3   -30,-0.6    -2,-0.4    40,-0.2  -0.891  30.5-105.2-112.4 143.2   16.5   33.8   37.0
  126  301 A R        -     0   0    0     38,-3.2    51,-0.5    -2,-0.4     2,-0.2  -0.374  32.4-162.7 -69.2 141.8   18.8   31.0   36.1
  127  302 A G    >   -     0   0    0     -2,-0.1     3,-1.8    50,-0.1   -32,-0.1  -0.676  37.3-101.2-107.8 174.1   17.5   27.6   35.0
  128  303 A N  T 3  S+     0   0    1     82,-0.6     6,-0.3     1,-0.3     3,-0.2   0.731 121.9  58.6 -68.9 -14.2   19.2   24.2   34.7
  129  304 A H  T 3  S+     0   0   13      1,-0.2     2,-0.4     5,-0.1    -1,-0.3   0.448  83.3  80.4 -95.8   1.1   19.6   24.7   31.0
  130  305 A E  S <  S+     0   0    0     -3,-1.8     2,-0.3    30,-0.1    -1,-0.2  -0.355  84.7  91.6 -91.6  50.9   21.5   27.9   31.6
  131  306 A T  S  > S-     0   0    6     -2,-0.4     4,-2.2    -3,-0.2     5,-0.1  -0.963  82.9-117.8-141.6 162.5   24.5   25.5   32.2
  132  307 A D  H  > S+     0   0   50     -2,-0.3     4,-2.3     1,-0.2     5,-0.2   0.894 107.0  55.5 -69.5 -48.6   27.3   23.9   30.2
  133  308 A N  H  4 S+     0   0  118      1,-0.2     4,-0.4     2,-0.2    -1,-0.2   0.872 116.4  39.2 -61.2 -32.2   26.4   20.2   30.6
  134  309 A M  H >> S+     0   0   15     -6,-0.3     4,-2.9     1,-0.2     3,-0.8   0.900 114.0  52.6 -81.4 -41.0   22.9   20.8   29.2
  135  310 A N  H 3X S+     0   0    0     -4,-2.2     6,-1.9     1,-0.2     4,-0.6   0.791 101.1  62.5 -65.4 -27.5   23.9   23.3   26.5
  136  311 A Q  H 3< S+     0   0  117     -4,-2.3    -1,-0.2     1,-0.2    -2,-0.2   0.789 121.0  19.9 -71.6 -27.7   26.5   21.0   25.1
  137  312 A I  H <4 S+     0   0   54     -3,-0.8   179,-2.2    -4,-0.4    -2,-0.2   0.742 116.0  60.3-112.3 -25.9   24.0   18.4   24.2
  138  313 A Y  H  < S-     0   0   49     -4,-2.9   -38,-3.1   177,-0.2   177,-0.2   0.299 113.0 -92.1 -96.6  11.1   20.6   20.0   24.0
  139  314 A G  S  X S+     0   0    5     -4,-0.6     4,-2.3   175,-0.3     5,-0.2  -0.056  98.0  96.6 122.6 -31.0   21.2   22.5   21.3
  140  315 A F  H  > S+     0   0    0      2,-0.2     4,-2.6     1,-0.2     5,-0.2   0.923  89.8  47.2 -64.2 -46.0   22.4   25.9   22.6
  141  316 A E  H  > S+     0   0   21     -6,-1.9     4,-2.6     1,-0.2    -1,-0.2   0.953 115.1  47.2 -57.3 -50.1   26.1   25.3   22.2
  142  317 A G  H  > S+     0   0   28     -7,-0.5     4,-1.5   172,-0.3    -1,-0.2   0.863 112.4  49.9 -59.6 -36.6   25.6   24.0   18.7
  143  318 A E  H  X S+     0   0    0     -4,-2.3     4,-2.5     2,-0.2     5,-0.3   0.877 112.1  46.7 -70.1 -41.9   23.3   27.0   17.8
  144  319 A V  H  X S+     0   0    0     -4,-2.6     4,-2.9    -5,-0.2    -2,-0.2   0.903 112.1  50.4 -70.2 -40.4   25.8   29.6   19.1
  145  320 A K  H  < S+     0   0  104     -4,-2.6    -1,-0.2    -5,-0.2    -2,-0.2   0.840 114.0  47.2 -64.0 -31.1   28.7   27.8   17.2
  146  321 A A  H  < S+     0   0   67     -4,-1.5    -2,-0.2    -5,-0.2    -1,-0.2   0.897 122.0  33.0 -76.6 -38.4   26.5   27.9   14.1
  147  322 A K  H  < S-     0   0   32     -4,-2.5    -2,-0.2    -5,-0.1    -3,-0.2   0.766 140.1  -3.9 -91.2 -29.0   25.4   31.5   14.3
  148  323 A Y  S  < S-     0   0   25     -4,-2.9     2,-0.3    -5,-0.3    -3,-0.1   0.059  96.1 -73.2-130.7-124.4   28.6   32.9   15.9
  149  324 A T     >  -     0   0   44     -2,-0.1     4,-1.4     1,-0.1     3,-0.4  -0.896  40.2 -96.2-140.9 172.3   31.8   31.0   17.1
  150  325 A A  H  > S+     0   0   35     -2,-0.3     4,-1.7     1,-0.2    -5,-0.1   0.860 121.6  59.0 -60.4 -34.9   32.9   28.7   19.9
  151  326 A Q  H  > S+     0   0  123      1,-0.2     4,-2.1     2,-0.2    -1,-0.2   0.896  99.0  55.3 -69.7 -34.8   34.3   31.8   21.8
  152  327 A M  H  > S+     0   0    6     -3,-0.4     4,-2.7     1,-0.2    -1,-0.2   0.912 105.7  54.2 -59.2 -41.0   30.9   33.5   21.9
  153  328 A Y  H  X S+     0   0   13     -4,-1.4     4,-2.7     2,-0.2    -1,-0.2   0.929 103.4  54.6 -57.1 -43.8   29.5   30.5   23.6
  154  329 A E  H  X S+     0   0  123     -4,-1.7     4,-2.0     1,-0.2    -1,-0.2   0.933 109.2  49.2 -60.8 -40.6   32.2   30.7   26.2
  155  330 A L  H  X S+     0   0   22     -4,-2.1     4,-1.8     2,-0.2    -2,-0.2   0.952 109.2  51.2 -63.7 -44.4   31.0   34.2   26.9
  156  331 A F  H  X S+     0   0    0     -4,-2.7     4,-2.7     1,-0.2     3,-0.3   0.942 109.5  52.2 -56.4 -40.2   27.3   33.1   27.1
  157  332 A S  H  X S+     0   0    7     -4,-2.7     4,-1.6     1,-0.3    -1,-0.2   0.929 108.8  48.2 -61.7 -48.0   28.4   30.5   29.6
  158  333 A E  H  < S+     0   0  106     -4,-2.0     4,-0.4    -5,-0.2    -1,-0.3   0.762 111.5  51.1 -63.8 -27.8   30.2   33.0   31.8
  159  334 A V  H >< S+     0   0    0     -4,-1.8     3,-1.6    -3,-0.3     4,-0.4   0.917 104.9  55.3 -75.7 -44.6   27.2   35.3   31.7
  160  335 A F  H >< S+     0   0    1     -4,-2.7     3,-1.9     1,-0.3    -2,-0.2   0.869  97.0  66.6 -54.6 -37.5   24.7   32.6   32.7
  161  336 A E  T 3< S+     0   0   37     -4,-1.6    37,-0.3     1,-0.3    -1,-0.3   0.772  99.4  51.9 -57.8 -27.1   26.9   32.0   35.8
  162  337 A W  T <  S+     0   0   67     -3,-1.6    -1,-0.3    -4,-0.4  -114,-0.2   0.508  79.9 115.4 -91.2  -2.1   26.0   35.4   37.1
  163  338 A L  S <  S-     0   0    0     -3,-1.9   -38,-0.1    -4,-0.4  -121,-0.0  -0.430  74.4-110.6 -62.0 131.8   22.1   34.9   36.7
  164  339 A P        -     0   0    1      0, 0.0   -38,-3.2     0, 0.0  -114,-0.2  -0.217  16.9-139.5 -60.9 160.4   20.4   35.0   40.2
  165  340 A L  S    S+     0   0    0   -115,-2.1    12,-0.5     1,-0.2     2,-0.3   0.565  72.3   6.2-100.6 -19.3   19.0   31.8   41.5
  166  341 A A  E     -b   51   0B   0   -116,-1.3  -114,-2.9    10,-0.1     2,-0.4  -0.987  54.1-148.2-160.3 165.6   15.7   33.0   43.1
  167  342 A Q  E     -bC  52 175B   0      8,-2.4     8,-3.0    -2,-0.3     2,-0.5  -0.999   8.6-154.6-142.9 135.8   13.5   36.0   43.6
  168  343 A C  E     -bC  53 174B   1   -116,-2.9  -114,-3.0    -2,-0.4     2,-0.6  -0.955   7.3-153.3-120.0 125.8   11.2   36.9   46.5
  169  344 A I  E >> S-bC  54 173B   1      4,-3.2     3,-2.3    -2,-0.5     4,-1.8  -0.883  75.6 -24.7-102.4 118.3    8.1   39.1   46.1
  170  345 A N  T 34 S-     0   0   50   -116,-3.1    -1,-0.2    -2,-0.6  -115,-0.1   0.740 109.4 -73.2  56.7  29.8    7.1   41.0   49.2
  171  346 A G  T 34 S+     0   0   30   -117,-0.3    -1,-0.3     2,-0.2     3,-0.1   0.681 129.4  78.7  59.7  16.8    8.7   38.5   51.6
  172  347 A K  T <4 S+     0   0   74     -3,-2.3    74,-3.2     1,-0.3    75,-1.4   0.689  81.1  47.8-126.3 -30.0    5.8   36.1   50.7
  173  348 A V  E  <  -Cd 169 247B   0     -4,-1.8    -4,-3.2    73,-0.2     2,-0.4  -0.988  62.3-162.5-121.8 124.3    6.3   34.4   47.3
  174  349 A L  E     -Cd 168 248B   0     73,-1.7    75,-2.1    -2,-0.5     2,-0.5  -0.900   7.0-162.9-109.2 131.7    9.6   32.8   46.4
  175  350 A I  E     +Cd 167 249B   0     -8,-3.0    -8,-2.4    -2,-0.4     2,-0.3  -0.966  19.4 152.0-122.8 130.2   10.4   32.0   42.8
  176  351 A M        -     0   0    0     73,-1.9    75,-0.4    -2,-0.5   -10,-0.1  -0.974  46.7-117.3-150.4 161.3   13.0   29.7   41.5
  177  352 A H  S    S+     0   0    0    -51,-0.5    74,-2.4   -12,-0.5    33,-0.2   0.941 102.1  12.4 -68.9 -53.1   13.4   27.6   38.4
  178  353 A G  S    S-     0   0    0     31,-3.3     2,-0.3     1,-0.2    32,-0.2   0.923  99.7-118.0 -92.9 -78.1   13.6   24.1   39.9
  179  354 A G        -     0   0    0     29,-0.8    -1,-0.2    30,-0.3    33,-0.1  -0.937  40.3 -14.3 175.0-146.1   12.5   24.0   43.5
  180  355 A L        -     0   0    1     -2,-0.3    49,-0.2     1,-0.1    32,-0.2   0.041  67.7 -70.1 -90.4-168.5   13.2   23.3   47.2
  181  356 A F        -     0   0    7      2,-0.2    -1,-0.1    54,-0.1    58,-0.1  -0.571  11.0-138.7-109.9 149.9   16.0   21.4   48.9
  182  357 A S  S    S+     0   0   32     -2,-0.2     2,-0.3    22,-0.1    -1,-0.1   0.553  96.1  46.0 -72.2 -11.9   17.3   17.9   49.5
  183  358 A E  S    S-     0   0  136     52,-0.0     3,-0.4    22,-0.0    -2,-0.2  -0.968  86.0-114.7-130.7 153.1   17.9   18.9   53.1
  184  359 A D  S    S+     0   0  100     -2,-0.3    -2,-0.0     1,-0.2    51,-0.0  -0.384  86.8  48.4 -76.7 155.7   15.9   20.6   55.8
  185  360 A G        +     0   0   46      1,-0.3     2,-0.4    -2,-0.1    -1,-0.2   0.581  64.4 144.6  97.3  14.4   16.9   24.0   57.3
  186  361 A V        -     0   0   24     -3,-0.4    -1,-0.3     4,-0.0     2,-0.2  -0.723  27.8-170.0 -87.0 132.8   17.7   26.0   54.3
  187  362 A T     >  -     0   0   30     -2,-0.4     4,-2.0     1,-0.1     3,-0.2  -0.713  40.8-107.4-119.4 168.6   16.8   29.7   54.6
  188  363 A L  H  > S+     0   0   25     -2,-0.2     4,-2.5     1,-0.2     5,-0.2   0.899 121.5  58.7 -53.3 -43.3   16.5   32.8   52.6
  189  364 A D  H  > S+     0   0  108      1,-0.2     4,-1.3     2,-0.2    -1,-0.2   0.880 106.3  48.9 -51.0 -46.6   19.7   34.0   54.3
  190  365 A D  H  4 S+     0   0   71      2,-0.2     4,-0.4     1,-0.2    -1,-0.2   0.901 109.5  51.5 -59.6 -45.5   21.5   30.9   53.0
  191  366 A I  H >< S+     0   0    0     -4,-2.0     3,-1.6     1,-0.2    -2,-0.2   0.933 106.1  53.4 -61.7 -45.3   20.2   31.5   49.4
  192  367 A R  H 3< S+     0   0  159     -4,-2.5  -142,-0.9     1,-0.3    -1,-0.2   0.850 110.0  50.5 -56.7 -36.5   21.4   35.1   49.4
  193  368 A K  T 3< S+     0   0  145     -4,-1.3    -1,-0.3    -5,-0.2    -2,-0.2   0.443  78.8 124.8 -85.3  -1.4   24.9   33.8   50.4
  194  369 A I    <   -     0   0   22     -3,-1.6     2,-1.2    -4,-0.4  -144,-0.2  -0.448  62.9-133.9 -61.1 129.6   25.2   31.2   47.7
  195  370 A E        +     0   0  142     -2,-0.2    -1,-0.1     1,-0.2    -2,-0.1  -0.716  37.2 170.9 -83.2  94.3   28.4   31.6   45.6
  196  371 A R        +     0   0    7     -2,-1.2     2,-2.1     1,-0.1    -1,-0.2   0.550  38.9 104.0 -92.3 -10.6   26.6   31.2   42.3
  197  372 A N  S    S+     0   0   79    -35,-0.1     2,-0.3  -151,-0.1   -35,-0.1  -0.434  75.1  61.6 -80.4  75.1   29.2   32.1   39.6
  198  373 A R  S    S-     0   0  114     -2,-2.1     0, 0.0   -37,-0.3     0, 0.0  -0.966  98.8 -71.0-173.2 171.5   30.0   28.5   38.6
  199  374 A Q  S    S-     0   0   47     -2,-0.3   -68,-0.1     1,-0.1    -2,-0.0  -0.662  70.4 -90.5 -79.4 143.4   28.4   25.5   37.1
  200  375 A P        -     0   0   29      0, 0.0    -1,-0.1     0, 0.0     4,-0.1  -0.177  43.0-112.9 -57.3 146.7   26.0   24.0   39.7
  201  376 A P        -     0   0   30      0, 0.0     3,-0.1     0, 0.0    -3,-0.0  -0.330  29.0-105.8 -73.0 165.8   27.5   21.4   42.1
  202  377 A D  S    S+     0   0  137      1,-0.1    26,-0.5    25,-0.0     2,-0.3   0.704 101.2   3.0 -64.7 -24.8   26.4   17.7   41.9
  203  378 A S  S    S+     0   0   83     24,-0.1     3,-0.2     4,-0.0    -1,-0.1  -0.984  91.6  71.2-155.1 163.8   24.3   18.3   45.0
  204  379 A G  S  > S-     0   0   26     -2,-0.3     4,-2.4     1,-0.2     3,-0.3  -0.531  91.3 -45.6 114.7 173.9   23.4   21.0   47.5
  205  380 A P  H  > S+     0   0   50      0, 0.0     4,-2.7     0, 0.0     5,-0.2   0.808 131.4  50.2 -48.4 -44.9   21.3   24.1   47.5
  206  381 A M  H  > S+     0   0    5      2,-0.2     4,-1.0     1,-0.2     5,-0.1   0.919 112.0  48.8 -66.0 -43.0   22.4   25.5   44.2
  207  382 A C  H >> S+     0   0    3     -3,-0.3     4,-1.5     1,-0.2     3,-0.7   0.954 113.0  48.3 -57.9 -47.0   21.8   22.2   42.5
  208  383 A D  H 3X S+     0   0    4     -4,-2.4     4,-1.8     1,-0.3   -29,-0.8   0.910 104.2  58.3 -61.4 -45.3   18.3   21.9   44.1
  209  384 A L  H 3< S+     0   0    0     -4,-2.7   -31,-3.3     1,-0.2   -30,-0.3   0.827 118.5  32.9 -53.7 -31.9   17.2   25.4   43.2
  210  385 A L  H << S+     0   0    0     -4,-1.0   -82,-0.6    -3,-0.7    -1,-0.2   0.647 131.3  26.6 -98.1 -16.9   17.8   24.5   39.5
  211  386 A W  H  < S+     0   0   37     -4,-1.5    -3,-0.2    -3,-0.3    -2,-0.2   0.662  83.7 105.3-125.4 -27.8   16.9   20.7   39.5
  212  387 A S     <  -     0   0    1     -4,-1.8    18,-0.2   -32,-0.2    16,-0.1  -0.172  43.8-160.3 -70.1 156.9   14.3   19.5   42.1
  213  388 A D  E     -l  230   0E   8     16,-1.6    18,-1.7   -34,-0.1     2,-0.2  -0.991  20.8-112.3-128.5 150.3   10.7   18.7   41.4
  214  389 A P  E     -l  231   0E  27      0, 0.0    18,-0.2     0, 0.0     6,-0.1  -0.491  27.3-163.9 -73.0 145.2    7.7   18.4   43.7
  215  390 A Q        -     0   0   15     16,-2.1     4,-0.1     2,-0.2    48,-0.0  -0.899  24.4-126.6-121.9 156.4    6.1   14.9   44.3
  216  391 A P  S    S+     0   0   95      0, 0.0     2,-0.2     0, 0.0    -1,-0.1   0.785  86.1  77.8 -74.0 -28.9    2.6   14.4   45.7
  217  392 A Q  S    S-     0   0  119      1,-0.1    -2,-0.2    15,-0.1    17,-0.0  -0.520  90.9 -98.3 -87.4 152.0    3.6   12.1   48.5
  218  393 A N  S    S+     0   0  123     14,-0.2     2,-0.2    -2,-0.2    -1,-0.1  -0.150  84.4  23.1 -67.1 157.6    5.3   13.3   51.7
  219  394 A G  S    S-     0   0   21     -4,-0.1    13,-2.6     2,-0.0     2,-0.3  -0.490  95.2 -60.5  89.8-160.4    9.1   13.1   52.2
  220  395 A R  E     -M  231   0E  75     11,-0.2     2,-0.3    -2,-0.2    11,-0.2  -0.868  41.3-164.5-123.8 161.4   11.7   13.0   49.5
  221  396 A S  E     -M  230   0E  40      9,-2.0     9,-2.2    -2,-0.3     3,-0.1  -0.973  37.8 -85.3-139.5 154.3   12.5   10.6   46.7
  222  397 A I  E     -M  229   0E 150     -2,-0.3     7,-0.2     7,-0.2     2,-0.1  -0.309  60.5-102.1 -47.9 137.4   15.4   10.0   44.4
  223  398 A S    >   -     0   0    9      5,-0.9     3,-1.1     1,-0.1    -1,-0.1  -0.440  12.9-138.9 -70.0 142.5   15.1   12.3   41.5
  224  399 A K  T 3  S+     0   0  173      1,-0.2    -1,-0.1    -2,-0.1    -2,-0.1   0.690 106.8  57.4 -67.3 -17.1   13.7   11.0   38.2
  225  400 A R  T 3  S-     0   0   83      2,-0.3    -1,-0.2   -14,-0.1     3,-0.1   0.457 114.4-115.4 -93.3  -7.8   16.4   13.1   36.6
  226  401 A G  S <  S+     0   0   69     -3,-1.1     2,-0.3     1,-0.1    -2,-0.1   0.565  89.6  75.7  83.7   7.8   19.4   11.6   38.5
  227  402 A V  S    S-     0   0   23    -16,-0.1    -2,-0.3   -20,-0.0    -1,-0.1  -0.991  91.6  -5.2-152.9 146.6   20.2   14.8   40.3
  228  403 A S  S    S-     0   0   14    -26,-0.5    -5,-0.9    -2,-0.3     2,-0.3  -0.340  85.6 -87.3  64.1-147.2   18.6   16.6   43.3
  229  404 A C  E     - M   0 222E  26    -49,-0.2   -16,-1.6    -7,-0.2     2,-0.4  -0.933  17.9-109.0-148.1 165.0   15.4   15.2   44.7
  230  405 A Q  E     -lM 213 221E  16     -9,-2.2    -9,-2.0    -2,-0.3     2,-0.4  -0.878  38.3-156.0 -94.0 139.7   11.7   15.1   44.5
  231  406 A F  E     -lM 214 220E   2    -18,-1.7   -16,-2.1    -2,-0.4   -11,-0.2  -0.978   2.5-143.1-124.0 133.6   10.1   16.9   47.6
  232  407 A G     >  -     0   0    0    -13,-2.6     4,-1.9    -2,-0.4     3,-0.4  -0.234  35.5 -88.8 -87.6 178.9    6.7   16.3   49.0
  233  408 A P  H  > S+     0   0   34      0, 0.0     4,-3.1     0, 0.0     5,-0.1   0.764 124.0  56.5 -61.1 -31.8    4.2   18.7   50.6
  234  409 A D  H  > S+     0   0   57      2,-0.2     4,-2.8     1,-0.2     5,-0.2   0.889 107.0  50.2 -73.5 -35.2    5.6   18.4   54.1
  235  410 A V  H  > S+     0   0   13     -3,-0.4     4,-2.1   -16,-0.2    -1,-0.2   0.917 113.0  46.3 -61.3 -46.1    9.0   19.5   52.8
  236  411 A T  H  X S+     0   0    0     -4,-1.9     4,-2.5     2,-0.2     5,-0.2   0.966 113.2  50.1 -62.4 -47.5    7.3   22.5   51.1
  237  412 A K  H  X S+     0   0  107     -4,-3.1     4,-2.7     1,-0.2     5,-0.2   0.932 109.6  49.1 -54.9 -51.4    5.4   23.2   54.3
  238  413 A A  H  X S+     0   0   32     -4,-2.8     4,-2.2     1,-0.2    -1,-0.2   0.909 112.0  49.5 -55.4 -44.8    8.4   23.1   56.6
  239  414 A F  H  X S+     0   0   17     -4,-2.1     4,-1.3     1,-0.2    -1,-0.2   0.916 111.3  47.3 -66.1 -45.5   10.4   25.5   54.3
  240  415 A L  H  X>S+     0   0    8     -4,-2.5     5,-2.3     1,-0.2     4,-0.5   0.917 112.0  51.4 -63.3 -44.2    7.6   28.1   54.0
  241  416 A E  H ><5S+     0   0  147     -4,-2.7     3,-1.0    -5,-0.2    -2,-0.2   0.926 110.4  48.0 -55.4 -43.9    7.0   28.0   57.8
  242  417 A E  H 3<5S+     0   0  131     -4,-2.2    -1,-0.2     1,-0.3    -2,-0.2   0.742 119.1  39.5 -75.7 -19.5   10.7   28.6   58.6
  243  418 A N  H 3<5S-     0   0   19     -4,-1.3    -1,-0.3    -3,-0.3    -2,-0.2   0.264 106.3-119.4-110.8   7.2   10.9   31.4   56.1
  244  419 A N  T <<5 +     0   0  114     -3,-1.0     2,-0.3    -4,-0.5    -3,-0.2   0.876  65.2 144.3  53.5  43.2    7.6   33.2   56.7
  245  420 A L      < -     0   0   16     -5,-2.3    -1,-0.2    -6,-0.2   -72,-0.2  -0.726  48.4-150.5-107.8 163.3    6.5   32.6   53.1
  246  421 A D        -     0   0   68    -74,-3.2     2,-0.3     1,-0.4   -73,-0.2   0.802  69.0 -29.9 -96.6 -48.0    3.1   31.8   51.6
  247  422 A Y  E     -d  173   0B   8    -75,-1.4   -73,-1.7    -7,-0.1    -1,-0.4  -0.980  53.7-115.6-162.7 170.5    4.1   29.7   48.5
  248  423 A I  E     -de 174 267B   0     18,-2.3    20,-2.3    -2,-0.3     2,-0.4  -0.893  11.4-155.6-114.4 151.0    6.6   29.1   45.8
  249  424 A I  E     +de 175 268B   0    -75,-2.1   -73,-1.9    -2,-0.3     2,-0.2  -0.997  28.3 156.2-121.2 129.7    6.4   29.5   42.0
  250  425 A R  E     - e   0 269B   2     18,-2.8    20,-2.5    -2,-0.4   -73,-0.2  -0.788  22.5-163.6-142.1 177.4    8.8   27.4   40.0
  251  426 A S        +     0   0    0    -74,-2.4     2,-0.7   -75,-0.4    20,-0.1  -0.013  44.8 111.4-131.1-126.5    8.9   26.0   36.5
  252  427 A H        +     0   0    8   -158,-0.3     2,-0.5    18,-0.2   -74,-0.1   0.170  65.7  86.1  80.3 -22.8   11.1   23.1   35.1
  253  428 A E  S    S-     0   0   73     -2,-0.7     2,-0.1    17,-0.1  -186,-0.1  -0.956  75.5-128.4-118.5 123.5    8.3   20.6   34.4
  254  429 A V        -     0   0   40     -2,-0.5     2,-0.4    18,-0.0    30,-0.1  -0.408  27.5-169.6 -61.0 137.0    6.3   20.5   31.3
  255  430 A K    >   -     0   0   33     28,-0.3     3,-1.7     1,-0.1    16,-0.1  -0.998  28.4-133.9-128.7 135.4    2.6   20.4   32.0
  256  431 A A  T 3  S+     0   0   67     -2,-0.4    27,-2.8     1,-0.3    19,-0.1   0.833 112.7  42.9 -52.8 -35.0   -0.1   19.8   29.4
  257  432 A E  T 3  S-     0   0  100      2,-0.3    -1,-0.3    25,-0.2    27,-0.1   0.411 116.0-113.9 -92.5  -1.0   -2.0   22.8   30.8
  258  433 A G  S <  S+     0   0    0     -3,-1.7    13,-2.7    25,-0.3    27,-0.5   0.416  90.4  41.4  75.5   1.1    1.1   25.0   31.1
  259  434 A Y  E     -F  270   0B  70     11,-0.2    -2,-0.3    25,-0.1     2,-0.3  -0.985  59.9-160.0-161.2 171.2    0.8   25.0   34.9
  260  435 A E  E     -F  269   0B  99      9,-1.9     9,-3.1    -2,-0.3     2,-0.5  -0.970  11.3-149.1-156.6 140.8    0.1   23.0   38.0
  261  436 A V  E     +F  268   0B  73     -2,-0.3     2,-0.2     7,-0.2     7,-0.2  -0.974  34.7 161.3-111.9 123.2   -1.0   23.7   41.5
  262  437 A A  E >>> +F  267   0B  22      5,-2.9     5,-2.2    -2,-0.5     3,-0.6  -0.705  40.7  46.1-133.2 170.6    0.4   21.2   43.9
  263  438 A H  G >45S-     0   0   19      1,-0.3     3,-1.9    -2,-0.2    -1,-0.2   0.933 129.6 -54.1  58.9  50.8    1.1   20.7   47.6
  264  439 A G  G 345S-     0   0   83      1,-0.3    -1,-0.3    -3,-0.1    -2,-0.1   0.789 110.7 -48.0  54.9  32.9   -2.3   22.1   48.8
  265  440 A G  G <45S+     0   0   35     -3,-0.6    -1,-0.3     2,-0.2    -2,-0.2   0.405 120.9 105.3  89.9   0.8   -1.7   25.3   46.8
  266  441 A R  T <<5S+     0   0  100     -3,-1.9   -18,-2.3    -4,-0.5     2,-0.4   0.601  73.3  50.8 -94.8 -12.8    1.9   25.8   48.1
  267  442 A C  E   < -eF 248 262B   0     -5,-2.2    -5,-2.9   -20,-0.2     2,-0.5  -0.930  67.1-174.8-133.9 104.2    3.8   24.7   45.0
  268  443 A V  E     -eF 249 261B   2    -20,-2.3   -18,-2.8    -2,-0.4     2,-0.5  -0.881   9.0-157.6-102.7 128.1    2.9   26.3   41.7
  269  444 A T  E     -eF 250 260B   3     -9,-3.1    -9,-1.9    -2,-0.5     2,-0.4  -0.914   9.9-175.8-100.4 132.7    4.5   25.2   38.4
  270  445 A V  E     - F   0 259B   0    -20,-2.5  -203,-0.5    -2,-0.5     2,-0.4  -0.997   1.2-177.9-125.4 135.1    4.4   27.7   35.5
  271  446 A F        -     0   0    2    -13,-2.7    14,-2.2    -2,-0.4  -203,-0.1  -0.996   9.6-170.8-139.8 121.5    5.8   26.7   32.0
  272  447 A S        +     0   0    2   -205,-0.9    12,-0.1    -2,-0.4  -194,-0.1   0.135  56.3  94.9-110.0  27.2    5.8   29.1   29.1
  273  448 A A        -     0   0    0     10,-0.2     3,-0.4    30,-0.0     9,-0.1  -0.855  60.2-158.5-121.1  92.6    6.8   27.0   26.1
  274  449 A P  S    S+     0   0    0      0, 0.0     4,-0.3     0, 0.0     9,-0.2  -0.311  73.8  11.6 -71.2 158.0    3.6   25.9   24.3
  275  450 A N  S >  S-     0   0   50      7,-3.1     3,-1.7     1,-0.2     4,-0.1   0.943  99.8-141.1  33.5  61.0    3.5   22.8   21.9
  276  451 A Y  G >> S+     0   0   30     -3,-0.4     4,-2.8     1,-0.3     3,-1.9  -0.208  71.9   2.2 -58.9 134.4    6.9   22.2   23.4
  277  452 A C  G 34 S-     0   0   12      1,-0.3    47,-0.3     2,-0.2    -1,-0.3   0.750 120.8 -78.8  58.3  28.4    9.5   20.8   21.0
  278  453 A D  G <4 S+     0   0   95     -3,-1.7    -1,-0.3    -4,-0.3    -2,-0.2   0.591 131.0  61.9  58.2  17.3    6.9   21.2   18.2
  279  454 A Q  T <4 S+     0   0   94     -3,-1.9    -2,-0.2    -4,-0.1    -3,-0.1   0.633  70.5  79.5-141.7 -30.1    5.4   17.9   19.6
  280  455 A M  S  < S-     0   0   82     -4,-2.8     3,-0.1     1,-0.1    -3,-0.1   0.743  72.3-150.4 -61.8 -25.2    4.1   18.0   23.2
  281  456 A G        +     0   0   52     -5,-0.2     2,-0.1     1,-0.2    -1,-0.1   0.668  44.8 146.2  58.0  15.8    0.9   19.6   22.1
  282  457 A N        -     0   0    3     -9,-0.1    -7,-3.1    -6,-0.1    21,-0.3  -0.477  49.3-122.8 -75.1 154.5    0.8   21.3   25.5
  283  458 A K        -     0   0   67    -27,-2.8   -25,-0.3    -9,-0.2     2,-0.3  -0.461  25.3-142.2 -79.3 164.2   -0.6   24.7   26.3
  284  459 A A  E     - J   0 301C   0     17,-2.9    17,-2.8   -12,-0.1     2,-0.3  -0.780  15.6-159.8-117.4 166.1    1.7   27.3   28.0
  285  460 A S  E     - J   0 300C   0    -14,-2.2  -219,-0.6   -27,-0.5     2,-0.3  -0.983  14.9-158.5-142.8 159.5    0.9   29.8   30.7
  286  461 A Y  E     -GJ  65 299C  17     13,-2.0    13,-2.2    -2,-0.3     2,-0.4  -0.943  20.6-137.4-125.5 157.7    2.0   32.9   32.3
  287  462 A I  E     -GJ  64 298C   0   -223,-2.6  -223,-2.4    -2,-0.3     2,-0.4  -0.886   3.9-152.2-111.6 145.4    1.0   34.2   35.8
  288  463 A H  E     -GJ  63 297C  27      9,-2.1     9,-1.9    -2,-0.4     2,-0.4  -0.966  12.8-174.8-110.2 135.1   -0.0   37.6   37.1
  289  464 A L  E     -G   62   0C   0   -227,-2.5  -227,-2.2    -2,-0.4     2,-0.3  -0.977   7.1-159.1-121.5 142.4    0.6   38.6   40.7
  290  465 A Q  E >   -GJ  61 293C  94      3,-2.1     3,-0.8    -2,-0.4  -229,-0.3  -0.918  25.5-125.5-117.0 149.6   -0.6   41.9   42.2
  291  466 A G  T 3  S+     0   0   14   -231,-3.1  -233,-0.3  -234,-0.6     3,-0.3   0.851 113.9  49.4 -63.9 -32.3    0.7   43.6   45.3
  292  467 A S  T 3  S+     0   0   87   -234,-1.1     2,-0.3  -232,-0.3    -1,-0.3   0.720 128.6  21.1 -78.1 -20.1   -2.8   43.8   46.8
  293  468 A D  E <   -J  290   0C  58     -3,-0.8    -3,-2.1  -235,-0.1    -1,-0.3  -0.829  61.2-173.1-150.9 107.2   -3.3   40.0   46.1
  294  469 A L  E     +     0   0C  30     -2,-0.3    -3,-0.1    -3,-0.3  -125,-0.0   0.316  48.2 121.5 -87.3   8.9   -0.3   37.8   45.6
  295  470 A R  E    S-     0   0C 176     -5,-0.1    -5,-0.3     1,-0.1     2,-0.3  -0.519  71.9-109.1 -66.9 143.2   -2.5   34.8   44.6
  296  471 A P  E     -     0   0C  32      0, 0.0     2,-0.5     0, 0.0    -7,-0.2  -0.537  25.0-156.8 -76.0 137.8   -1.4   33.7   41.1
  297  472 A Q  E     -J  288   0C 107     -9,-1.9    -9,-2.1    -2,-0.3     2,-0.3  -0.980  18.3-141.9-113.3 119.7   -3.8   34.3   38.1
  298  473 A F  E     -J  287   0C  54     -2,-0.5     2,-0.4   -11,-0.2   -11,-0.2  -0.632  15.9-170.2 -92.2 141.8   -3.1   31.9   35.3
  299  474 A H  E     -J  286   0C  50    -13,-2.2   -13,-2.0    -2,-0.3     2,-0.3  -0.967  12.7-155.1-131.2 106.5   -3.2   32.8   31.5
  300  475 A Q  E     +J  285   0C  78     -2,-0.4     2,-0.3   -15,-0.2   -15,-0.3  -0.627  14.5 179.2 -84.4 148.1   -3.0   29.9   29.1
  301  476 A F  E     -J  284   0C   9    -17,-2.8   -17,-2.9    -2,-0.3     2,-0.2  -0.977  18.3-135.2-148.4 151.9   -1.8   30.3   25.6
  302  477 A T        -     0   0   83     -2,-0.3   -19,-0.1   -19,-0.2   -20,-0.0  -0.665  36.9 -87.4-103.8 161.9   -1.2   28.1   22.5
  303  478 A A        -     0   0   36    -21,-0.3    -1,-0.1    -2,-0.2   -28,-0.1  -0.272  37.7-149.8 -65.0 157.0    1.8   27.9   20.1
  304  479 A V        -     0   0   39    -30,-0.1  -230,-0.1     1,-0.1  -231,-0.1  -0.756  32.7 -73.4-120.8 165.8    2.0   30.2   17.1
  305  480 A P        +     0   0  120      0, 0.0    -1,-0.1     0, 0.0     0, 0.0  -0.227  48.1 179.1 -57.8 142.7    3.7   29.7   13.8
  306  481 A H        -     0   0   45      1,-0.1     3,-0.0  -233,-0.0  -282,-0.0  -0.938  38.3 -72.7-135.2 165.0    7.4   29.8   13.4
  307  482 A P        -     0   0   35      0, 0.0     2,-2.5     0, 0.0    -1,-0.1  -0.093  60.9 -89.4 -51.3 155.5    9.9   29.3   10.5
  308  483 A N  S    S+     0   0  174      2,-0.0     2,-0.4     0, 0.0     0, 0.0  -0.418  83.1 126.5 -73.0  74.8   10.4   25.8    9.1
  309  484 A V        -     0   0   37     -2,-2.5  -207,-0.2    -3,-0.0  -206,-0.0  -0.996  56.0-129.9-132.9 123.4   13.3   24.9   11.4
  310  485 A K    >   -     0   0   97     -2,-0.4     3,-1.2     1,-0.1   -32,-0.1  -0.407  28.2-101.5 -75.4 150.6   13.0   21.7   13.4
  311  486 A P  T 3  S+     0   0    9      0, 0.0  -210,-0.2     0, 0.0    12,-0.1  -0.276 108.9  25.0 -65.3 157.8   13.6   21.6   17.2
  312  487 A M  T >  S+     0   0    2   -212,-3.1     3,-1.9  -174,-0.2  -211,-0.1   0.679  79.1 144.5  60.5  15.8   16.9   20.3   18.3
  313  488 A A  T <  S+     0   0   22     -3,-1.2    -1,-0.1  -213,-0.3  -174,-0.1   0.803  78.7  33.3 -54.2 -32.3   18.2   21.3   14.9
  314  489 A Y  T 3  S+     0   0   60   -214,-0.1    -1,-0.3  -176,-0.1  -175,-0.3   0.217 108.0 103.0-107.8  10.7   21.6   22.3   16.5
  315  490 A A  S <  S-     0   0   12     -3,-1.9  -177,-0.2     1,-0.2  -178,-0.1  -0.282  86.3 -53.8 -90.6 174.9   21.4   19.6   19.1
  316  491 A N    >>  -     0   0   64   -179,-2.2     3,-3.1     1,-0.1     4,-2.6  -0.225  50.5-124.1 -42.3 117.9   23.0   16.2   19.6
  317  492 A T  H 3> S+     0   0   95      1,-0.3     4,-2.2     2,-0.2    -1,-0.1   0.797 111.8  63.6 -36.6 -37.0   22.4   14.0   16.5
  318  493 A L  H 34 S+     0   0  134      1,-0.2    -1,-0.3     2,-0.2    -2,-0.1   0.734 114.3  29.5 -62.2 -29.7   20.8   11.5   18.9
  319  494 A L  H X4 S+     0   0   23     -3,-3.1     3,-0.9  -182,-0.2    -2,-0.2   0.718 116.8  60.3 -99.0 -31.1   18.0   14.0   19.9
  320  495 A Q  H 3< S+     0   0   43     -4,-2.6     3,-0.5     1,-0.3     2,-0.4   0.914 111.5  35.7 -67.1 -47.0   17.9   15.8   16.5
  321  496 A L  T 3< S+     0   0  122     -4,-2.2    -1,-0.3    -5,-0.2    -4,-0.1  -0.383 104.3  79.5-105.5  50.7   17.0   12.9   14.3
  322  497 A G  S <  S+     0   0   50     -3,-0.9    -1,-0.2    -2,-0.4    -2,-0.1   0.325  93.1  21.6-144.9   2.1   14.8   11.2   16.9
  323  498 A M              0   0   64     -3,-0.5    -3,-0.0    -4,-0.1    -4,-0.0  -0.346 360.0 360.0-139.3-128.3   11.4   13.0   16.8
  324  499 A M              0   0  138    -47,-0.3    -1,-0.1    -2,-0.1   -46,-0.1   0.875 360.0 360.0  52.2 360.0    9.4   15.2   14.4
