==== Secondary Structure Definition by the program DSSP, CMBI version by M.L. Hekkelman/2010-10-21 ==== DATE=2014-07-07        .
REFERENCE W. KABSCH AND C.SANDER, BIOPOLYMERS 22 (1983) 2577-2637                                                              .
                                                                                                                               .
  266  1  0  0  0 TOTAL NUMBER OF RESIDUES, NUMBER OF CHAINS, NUMBER OF SS-BRIDGES(TOTAL,INTRACHAIN,INTERCHAIN)                .
 12167.4   ACCESSIBLE SURFACE OF PROTEIN (ANGSTROM**2)                                                                         .
  177 66.5   TOTAL NUMBER OF HYDROGEN BONDS OF TYPE O(I)-->H-N(J)  , SAME NUMBER PER 100 RESIDUES                              .
   17  6.4   TOTAL NUMBER OF HYDROGEN BONDS IN     PARALLEL BRIDGES, SAME NUMBER PER 100 RESIDUES                              .
   39 14.7   TOTAL NUMBER OF HYDROGEN BONDS IN ANTIPARALLEL BRIDGES, SAME NUMBER PER 100 RESIDUES                              .
    0  0.0   TOTAL NUMBER OF HYDROGEN BONDS OF TYPE O(I)-->H-N(I-5), SAME NUMBER PER 100 RESIDUES                              .
    2  0.8   TOTAL NUMBER OF HYDROGEN BONDS OF TYPE O(I)-->H-N(I-4), SAME NUMBER PER 100 RESIDUES                              .
    5  1.9   TOTAL NUMBER OF HYDROGEN BONDS OF TYPE O(I)-->H-N(I-3), SAME NUMBER PER 100 RESIDUES                              .
    1  0.4   TOTAL NUMBER OF HYDROGEN BONDS OF TYPE O(I)-->H-N(I-2), SAME NUMBER PER 100 RESIDUES                              .
    0  0.0   TOTAL NUMBER OF HYDROGEN BONDS OF TYPE O(I)-->H-N(I-1), SAME NUMBER PER 100 RESIDUES                              .
    0  0.0   TOTAL NUMBER OF HYDROGEN BONDS OF TYPE O(I)-->H-N(I+0), SAME NUMBER PER 100 RESIDUES                              .
    0  0.0   TOTAL NUMBER OF HYDROGEN BONDS OF TYPE O(I)-->H-N(I+1), SAME NUMBER PER 100 RESIDUES                              .
   18  6.8   TOTAL NUMBER OF HYDROGEN BONDS OF TYPE O(I)-->H-N(I+2), SAME NUMBER PER 100 RESIDUES                              .
   34 12.8   TOTAL NUMBER OF HYDROGEN BONDS OF TYPE O(I)-->H-N(I+3), SAME NUMBER PER 100 RESIDUES                              .
   54 20.3   TOTAL NUMBER OF HYDROGEN BONDS OF TYPE O(I)-->H-N(I+4), SAME NUMBER PER 100 RESIDUES                              .
    3  1.1   TOTAL NUMBER OF HYDROGEN BONDS OF TYPE O(I)-->H-N(I+5), SAME NUMBER PER 100 RESIDUES                              .
  1  2  3  4  5  6  7  8  9 10 11 12 13 14 15 16 17 18 19 20 21 22 23 24 25 26 27 28 29 30     *** HISTOGRAMS OF ***           .
  0  0  0  1  0  0  1  1  0  1  0  0  1  0  0  0  0  0  0  0  1  0  0  0  0  0  0  0  0  0    RESIDUES PER ALPHA HELIX         .
  1  2  1  1  0  0  0  0  0  0  0  0  0  0  0  0  0  0  0  0  0  0  0  0  0  0  0  0  0  0    PARALLEL BRIDGES PER LADDER      .
  3  0  2  2  1  0  1  0  0  0  0  0  0  0  0  0  0  0  0  0  0  0  0  0  0  0  0  0  0  0    ANTIPARALLEL BRIDGES PER LADDER  .
  1  1  0  1  1  0  0  0  0  0  0  0  0  0  0  0  0  0  0  0  0  0  0  0  0  0  0  0  0  0    LADDERS PER SHEET                .
  #  RESIDUE AA STRUCTURE BP1 BP2  ACC     N-H-->O    O-->H-N    N-H-->O    O-->H-N    TCO  KAPPA ALPHA  PHI   PSI    X-CA   Y-CA   Z-CA 
    1    2 A E              0   0  232      0, 0.0     0, 0.0     0, 0.0     0, 0.0   0.000 360.0 360.0 360.0 138.5   27.0    5.5   10.7
    2    3 A V        -     0   0  124      3,-0.0     2,-0.1     0, 0.0     0, 0.0  -0.958 360.0-148.1-124.8 115.1   25.6    8.2   13.0
    3    4 A P        -     0   0  110      0, 0.0     3,-0.1     0, 0.0     0, 0.0  -0.345  35.4 -90.1 -71.9 163.8   24.8   11.7   11.9
    4    5 A L        -     0   0  159      1,-0.1     2,-0.0    -2,-0.1     0, 0.0  -0.314  59.7 -87.8 -61.4 152.7   25.1   14.7   14.2
    5    6 A P        -     0   0  112      0, 0.0    -1,-0.1     0, 0.0     2,-0.1  -0.333  43.5-107.0 -63.7 149.5   21.8   15.4   16.0
    6    7 A Q        -     0   0  174      1,-0.1     2,-0.1    -3,-0.1     0, 0.0  -0.408  46.9 -87.3 -64.7 157.4   19.2   17.6   14.3
    7    8 A L        -     0   0  152     -2,-0.1     2,-0.5     1,-0.1    -1,-0.1  -0.429  43.7-134.6 -62.5 142.8   18.7   21.1   15.8
    8    9 A R        -     0   0  182     -3,-0.1     2,-0.1    -2,-0.1    -1,-0.1  -0.930  15.2-133.9-106.5 120.8   16.2   20.9   18.6
    9   10 A A        -     0   0   61     -2,-0.5     2,-1.3     1,-0.1   118,-0.0  -0.364  26.3-105.2 -73.3 155.2   13.6   23.7   18.6
   10   11 A Y        -     0   0   59    118,-0.2     2,-0.3    -2,-0.1    -1,-0.1  -0.719  50.7-177.4 -78.6  95.8   12.7   25.5   21.8
   11   12 A T        -     0   0   88     -2,-1.3     2,-0.3     0, 0.0     3,-0.0  -0.780   2.2-174.7-102.0 148.4    9.4   23.9   22.5
   12   13 A V        -     0   0   32     -2,-0.3     5,-0.1     1,-0.1     2,-0.0  -0.829  36.5 -68.0-136.8 169.8    7.2   24.8   25.4
   13   14 A D    >   -     0   0  102     -2,-0.3     3,-1.8     1,-0.1     4,-0.4  -0.361  48.7-118.5 -56.2 146.7    4.0   23.9   27.2
   14   15 A A  G >  S+     0   0   60      1,-0.3     3,-2.3     2,-0.2     4,-0.2   0.806 111.3  63.9 -56.9 -36.3    0.9   24.6   25.1
   15   16 A S  G >  S+     0   0   23      1,-0.3    21,-1.5     2,-0.2     3,-0.9   0.787  93.9  61.4 -63.4 -26.6   -0.4   27.1   27.7
   16   17 A W  G <  S+     0   0   62     -3,-1.8    -1,-0.3     1,-0.2    39,-0.3   0.653 111.8  38.9 -67.8 -23.9    2.6   29.3   27.0
   17   18 A L  G <  S+     0   0   46     -3,-2.3    -1,-0.2    -4,-0.4    -2,-0.2   0.189  86.9 116.4-110.6  12.5    1.4   29.6   23.4
   18   19 A Q    <   -     0   0   84     -3,-0.9    17,-2.2    -4,-0.2    18,-0.1  -0.723  64.0-131.0 -91.4 112.0   -2.3   29.8   24.1
   19   20 A P  B     -A   34   0A  81      0, 0.0     2,-0.3     0, 0.0    15,-0.2  -0.210  25.8-173.2 -60.3 146.5   -3.7   33.2   22.9
   20   21 A M        -     0   0   25     13,-1.2     3,-0.1    12,-0.2    45,-0.1  -0.975  26.4-110.7-132.4 155.1   -5.9   35.2   25.3
   21   22 A A        -     0   0   70     -2,-0.3    12,-0.1     1,-0.2    10,-0.1  -0.377  60.6 -68.4 -73.0 160.4   -7.8   38.4   24.8
   22   23 A P        -     0   0   32      0, 0.0     2,-0.5     0, 0.0    10,-0.2  -0.285  49.3-156.1 -55.8 130.7   -6.6   41.5   26.7
   23   24 A L  E     -C   31   0B  28      8,-2.3     8,-3.1    -3,-0.1     2,-0.4  -0.990  16.5-129.0-112.7 117.8   -7.0   41.2   30.4
   24   25 A Q  E     +C   30   0B  96     -2,-0.5     6,-0.3     6,-0.2     3,-0.1  -0.577  30.4 172.1 -74.0 129.2   -7.2   44.5   32.3
   25   26 A I  E    S-     0   0B   2      4,-3.3     2,-0.3     1,-0.4     5,-0.2   0.755  70.2 -16.5 -96.1 -47.5   -4.8   44.9   35.2
   26   27 A A  E >  S-C   29   0B   0      3,-1.7     3,-0.8   146,-0.0    -1,-0.4  -0.875  93.3 -66.4-145.1-174.1   -5.3   48.5   36.0
   27   28 A D  T 3  S+     0   0   75    144,-3.0   145,-0.1     1,-0.3     3,-0.0   0.770 132.6  12.4 -53.6 -38.7   -6.8   51.6   34.2
   28   29 A H  T 3  S+     0   0   67    143,-0.2    15,-2.9    14,-0.0     2,-0.5   0.269 110.9  89.9-125.0  11.6   -4.1   51.7   31.6
   29   30 A T  E <   +CD  26  42B   0     -3,-0.8    -4,-3.3    13,-0.2    -3,-1.7  -0.962  48.5 175.4-117.1 129.8   -2.3   48.3   32.0
   30   31 A W  E     -CD  24  41B  33     11,-2.9    11,-3.2    -2,-0.5     2,-0.6  -0.980  32.5-131.0-132.4 144.0   -3.3   45.1   30.2
   31   32 A Q  E     +CD  23  40B   0     -8,-3.1    -8,-2.3    -2,-0.4     9,-0.2  -0.797  35.9 163.1 -84.9 122.5   -2.0   41.5   29.9
   32   33 A I        +     0   0    0      7,-3.2    33,-0.2    -2,-0.6   -12,-0.2   0.250  44.4  83.6-127.7   8.8   -2.0   40.9   26.1
   33   34 A G  S    S-     0   0    0      6,-0.5   -13,-1.2     1,-0.3     2,-0.2   0.526  88.4 -58.5 -85.8-136.1    0.2   37.8   25.8
   34   35 A T  B >   -AB  19  37A   1      3,-1.8     3,-0.5   -15,-0.2    -1,-0.3  -0.539  54.8 -90.8-105.5 179.3   -0.8   34.2   26.3
   35   36 A E  T 3  S+     0   0   76    -17,-2.2   197,-0.6   -20,-0.4   198,-0.2   0.882 125.7  26.5 -60.5 -35.9   -2.3   32.3   29.2
   36   37 A D  T 3  S+     0   0   48    -21,-1.5     2,-0.4   -18,-0.1    -1,-0.2   0.233 113.8  64.2-116.7  13.2    1.1   31.5   30.5
   37   38 A L  B <  S-B   34   0A   0     -3,-0.5    -3,-1.8   -22,-0.2     2,-0.2  -0.983  74.5-133.2-136.6 130.1    3.5   34.2   29.3
   38   39 A T        +     0   0    0    185,-2.4     2,-0.3    -2,-0.4    16,-0.2  -0.532  27.8 167.3 -76.2 142.0    3.1   37.9   30.3
   39   40 A A        -     0   0    0     -2,-0.2    -7,-3.2    14,-0.1    -6,-0.5  -0.832  22.9-155.2-151.8 106.9    3.3   40.7   27.8
   40   41 A L  E     -DE  31  51B   0     11,-2.6    11,-2.6    -2,-0.3     2,-0.5  -0.822   7.1-161.5 -97.7 128.1    2.1   44.0   29.4
   41   42 A L  E     -DE  30  50B   0    -11,-3.2   -11,-2.9    -2,-0.5     2,-0.5  -0.933   4.9-169.0-105.5 122.5    0.6   46.8   27.4
   42   43 A V  E     -DE  29  49B   0      7,-3.1     7,-2.6    -2,-0.5     2,-0.6  -0.977  12.5-151.9-111.4 119.9    0.6   50.2   29.1
   43   44 A Q  E     + E   0  48B  38    -15,-2.9     5,-0.2    -2,-0.5    33,-0.0  -0.860  17.5 176.2 -99.6 136.9   -1.5   52.8   27.2
   44   45 A T  E >   - E   0  47B  18      3,-1.4     3,-1.5    -2,-0.6   103,-0.1  -0.626  46.0-117.3-133.6 157.1   -0.7   56.5   27.4
   45   46 A P  T 3  S+     0   0  125      0, 0.0     3,-0.1     0, 0.0   102,-0.1   0.786 122.0  51.7 -60.1 -26.1   -2.1   59.7   25.8
   46   47 A D  T 3  S-     0   0   96      1,-0.3   101,-0.2   101,-0.1     2,-0.1  -0.004 128.4 -69.0-103.8  23.4    1.5   59.8   24.5
   47   48 A G  E <   -E   44   0B  17     -3,-1.5    -3,-1.4    99,-0.1    -1,-0.3  -0.258  58.3 -70.7 112.3 170.8    1.8   56.3   23.0
   48   49 A A  E     -Ef  43  76B   1     27,-2.7    29,-2.6    -5,-0.2    30,-1.3  -0.668  29.5-152.8-106.0 155.6    1.9   52.7   24.3
   49   50 A V  E     -Ef  42  78B   0     -7,-2.6    -7,-3.1    -2,-0.3     2,-0.5  -0.962   6.6-156.2-120.7 137.0    4.6   50.7   26.1
   50   51 A L  E     -Ef  41  79B   0     28,-2.6    30,-2.8    -2,-0.4     2,-0.6  -0.970   0.7-160.6-115.0 129.4    5.1   47.0   25.9
   51   52 A L  E     -Ef  40  80B   0    -11,-2.6   -11,-2.6    -2,-0.5    30,-0.2  -0.949  67.8 -21.3-110.1 108.1    6.8   45.1   28.7
   52   53 A D        -     0   0    0     28,-2.7    -1,-0.2    -2,-0.6    37,-0.2   0.375  52.1-144.8  67.8 156.6    7.9   41.8   27.2
   53   54 A G        -     0   0    0     35,-3.0     2,-0.3     1,-0.3    36,-0.2   0.455  29.1-140.1-125.2 -14.6    6.5   40.0   24.2
   54   55 A G  B     +h   89   0C   0     34,-1.4    36,-1.7   -16,-0.2    -1,-0.3  -0.649  60.9   5.0  86.0-143.9    6.8   36.3   25.2
   55   56 A M  S >  S-     0   0    5     -2,-0.3     3,-1.9   -39,-0.3    32,-0.2  -0.361  76.4-106.3 -78.5 158.7    7.8   33.7   22.5
   56   57 A P  G >  S+     0   0   34      0, 0.0     3,-1.0     0, 0.0    38,-0.1   0.855 117.3  57.3 -55.0 -35.6    9.0   34.5   19.0
   57   58 A Q  G 3  S+     0   0  144      1,-0.2     4,-0.3     2,-0.1     3,-0.3   0.484  88.2  79.0 -79.9   0.3    5.8   33.3   17.4
   58   59 A M  G <>  +     0   0    6     -3,-1.9     4,-2.6     1,-0.2    -1,-0.2   0.442  61.2  99.3 -86.8  -0.7    3.6   35.7   19.5
   59   60 A A  H <> S+     0   0    8     -3,-1.0     4,-2.3     1,-0.2    -1,-0.2   0.912  84.6  42.4 -55.4 -50.6    4.3   38.8   17.4
   60   61 A S  H  > S+     0   0   58     -3,-0.3     4,-2.6     1,-0.2    -1,-0.2   0.892 113.6  52.8 -64.5 -41.8    1.1   38.8   15.3
   61   62 A H  H  > S+     0   0   33     -4,-0.3     4,-2.6     1,-0.2    -1,-0.2   0.900 109.5  49.5 -58.9 -45.1   -1.1   37.9   18.3
   62   63 A L  H  X S+     0   0    0     -4,-2.6     4,-2.6     2,-0.2    -1,-0.2   0.928 110.6  49.6 -58.7 -46.7    0.4   40.9   20.2
   63   64 A L  H  X S+     0   0   14     -4,-2.3     4,-2.3     1,-0.2    -2,-0.2   0.880 110.8  51.2 -62.4 -35.6   -0.3   43.2   17.3
   64   65 A D  H  X S+     0   0  110     -4,-2.6     4,-2.3     1,-0.2    -1,-0.2   0.895 111.2  46.6 -66.4 -43.6   -3.8   41.9   17.1
   65   66 A N  H  X S+     0   0   15     -4,-2.6     4,-1.2     1,-0.2    -1,-0.2   0.867 110.6  53.4 -65.3 -41.0   -4.4   42.5   20.9
   66   67 A M  H ><>S+     0   0    2     -4,-2.6     5,-2.9     1,-0.2     3,-0.5   0.909 108.8  49.5 -56.8 -47.0   -2.8   46.0   20.5
   67   68 A K  H ><5S+     0   0  119     -4,-2.3     3,-2.1     1,-0.3    -2,-0.2   0.904 105.9  55.6 -58.9 -46.6   -5.3   46.7   17.7
   68   69 A A  H 3<5S+     0   0   68     -4,-2.3    -1,-0.3     1,-0.3    -2,-0.2   0.779 109.0  49.7 -52.3 -36.0   -8.2   45.5   19.9
   69   70 A R  T <<5S-     0   0   73     -4,-1.2    -1,-0.3    -3,-0.5    -2,-0.2   0.339 125.0-102.2 -83.5  -2.5   -7.0   48.1   22.5
   70   71 A G  T < 5S+     0   0   57     -3,-2.1     2,-0.6     1,-0.2    -3,-0.2   0.607  81.1 130.9  86.9  19.8   -6.9   51.0   20.0
   71   72 A V      < -     0   0    5     -5,-2.9    -1,-0.2    -6,-0.1    -2,-0.2  -0.932  38.5-164.8-108.1 113.2   -3.1   50.8   19.6
   72   73 A T    >>  -     0   0   37     -2,-0.6     3,-1.7    -3,-0.1     4,-0.7  -0.537  39.2 -97.8 -86.0 170.5   -1.8   50.8   16.0
   73   74 A P  G >4 S+     0   0   34      0, 0.0    27,-2.6     0, 0.0     3,-0.9   0.831 126.2  53.2 -55.6 -39.8    1.7   49.8   15.1
   74   75 A R  G 34 S+     0   0  207      1,-0.2    25,-0.1    25,-0.2    -3,-0.0   0.726 102.1  61.9 -65.8 -26.1    2.7   53.5   14.9
   75   76 A D  G <4 S+     0   0   65     -3,-1.7   -27,-2.7   -28,-0.1     2,-0.7   0.658  78.1  94.1 -76.1 -25.0    1.4   54.0   18.4
   76   77 A L  E <<  +f   48   0B   1     -3,-0.9   -27,-0.2    -4,-0.7    24,-0.1  -0.708  47.3 166.7 -74.1 116.8    3.8   51.5   20.1
   77   78 A R  E     +     0   0B 122    -29,-2.6    25,-1.8    -2,-0.7     2,-0.4   0.731  52.9  24.4 -97.9 -40.9    6.6   53.7   21.3
   78   79 A L  E     -fg  49 102B   7    -30,-1.3   -28,-2.6    23,-0.2     2,-0.4  -0.999  50.5-159.0-140.8 140.9    8.7   51.7   23.7
   79   80 A I  E     -fg  50 103B   0     23,-2.5    25,-2.1    -2,-0.4     2,-0.3  -0.993  16.2-174.1-117.1 126.5    9.5   48.0   24.4
   80   81 A L  E     -f   51   0B   0    -30,-2.8   -28,-2.7    -2,-0.4     2,-0.4  -0.822  10.1-148.4-113.7 154.0   10.9   47.2   27.9
   81   82 A L        -     0   0    5     23,-0.5     3,-0.1    -2,-0.3   102,-0.1  -0.991  23.9-158.1-128.5 147.4   12.1   43.8   29.0
   82   83 A S  S    S-     0   0    0     -2,-0.4    82,-2.1     1,-0.3     2,-0.3   0.965  88.5 -26.5 -74.9 -57.6   12.3   41.7   32.1
   83   84 A H        -     0   0    0     80,-0.2     2,-1.1     2,-0.1    -1,-0.3  -0.982  64.4-108.1-156.1 157.0   15.1   39.6   30.7
   84   85 A A        +     0   0    0     -2,-0.3     2,-0.2    -3,-0.1    79,-0.0  -0.261  65.8 127.2 -93.0  59.6   16.3   38.7   27.2
   85   86 A H  S >> S-     0   0    2     -2,-1.1     4,-3.1     1,-0.1     3,-2.1  -0.705  72.3-105.8 -99.2 162.8   15.5   35.0   27.0
   86   87 A A  H 3> S+     0   0    0      1,-0.3     4,-0.7    41,-0.3    42,-0.1   0.690 116.7  58.7 -59.6 -30.3   13.5   33.6   24.0
   87   88 A D  H 34 S+     0   0   10    -32,-0.2    -1,-0.3     1,-0.1   -32,-0.2   0.433 121.4  24.0 -82.3  -1.4   10.3   33.1   26.1
   88   89 A H  H <4 S+     0   0    0     -3,-2.1   -35,-3.0   -35,-0.1   -34,-1.4   0.597 133.6  30.6-128.9 -35.9   10.2   36.8   27.0
   89   90 A A  H >< S+h   54   0C   0     -4,-3.1     3,-2.1   -36,-0.2     4,-0.4   0.277  83.5 119.4-106.5   8.1   12.0   38.8   24.3
   90   91 A G  T 3< S+     0   0    0    -36,-1.7     3,-0.4    -4,-0.7     4,-0.2   0.800  79.1  34.0 -43.6 -51.2   11.2   36.3   21.5
   91   92 A P  T 3> S+     0   0    0      0, 0.0     4,-2.6     0, 0.0    -1,-0.3   0.313  85.1 106.2 -94.6  16.1    9.3   38.6   19.1
   92   93 A V  H <> S+     0   0    1     -3,-2.1     4,-2.6     1,-0.2     5,-0.2   0.873  78.0  51.1 -65.1 -46.0   11.2   41.9   19.8
   93   94 A A  H  > S+     0   0    2     37,-0.5     4,-1.6    -4,-0.4    -1,-0.2   0.940 114.4  44.8 -54.7 -46.1   13.1   42.0   16.5
   94   95 A E  H  > S+     0   0   44     -4,-0.2     4,-1.8     1,-0.2    -1,-0.2   0.872 110.5  53.5 -65.2 -42.2    9.9   41.5   14.6
   95   96 A L  H  X S+     0   0    0     -4,-2.6     4,-1.4     1,-0.2     6,-0.4   0.881 107.5  52.2 -60.3 -38.0    8.0   44.0   16.6
   96   97 A K  H  < S+     0   0   48     -4,-2.6    -1,-0.2     1,-0.2    -2,-0.2   0.891 110.8  47.9 -63.9 -37.5   10.7   46.6   15.9
   97   98 A R  H  < S+     0   0  186     -4,-1.6    -1,-0.2     1,-0.2    -2,-0.2   0.821 119.0  39.3 -69.7 -33.2   10.3   45.9   12.2
   98   99 A R  H  < S+     0   0  121     -4,-1.8     2,-0.3    -5,-0.1    -1,-0.2   0.475 117.9  37.9 -99.5  -7.3    6.5   46.1   12.3
   99  100 A T  S  < S-     0   0   19     -4,-1.4   -25,-0.2    -3,-0.2   -22,-0.1  -0.825  82.9-104.6-132.8 178.5    6.0   49.0   14.6
  100  101 A G  S    S+     0   0   31    -27,-2.6   -26,-0.1    -2,-0.3    -4,-0.1   0.419  74.1 134.8 -74.8  -3.2    7.3   52.4   15.7
  101  102 A A        -     0   0    2     -6,-0.4     2,-0.3   -28,-0.3   -23,-0.2  -0.246  38.5-164.4 -73.8 141.1    8.8   50.9   18.8
  102  103 A K  E     -g   78   0B 102    -25,-1.8   -23,-2.5    32,-0.0     2,-0.4  -0.850  19.6-128.1-111.3 151.5   12.2   51.5   20.3
  103  104 A V  E     -g   79   0B   0     -2,-0.3    32,-2.4    30,-0.3    33,-1.4  -0.875  17.4-168.6-103.0 134.3   13.8   49.2   22.9
  104  105 A A  E     +i  136   0D   0    -25,-2.1   -23,-0.5    -2,-0.4     2,-0.3  -0.984  25.1 144.2-116.2 134.1   15.3   50.4   26.2
  105  106 A A  E     -i  137   0D   5     31,-2.2    33,-1.4    -2,-0.4   -23,-0.1  -0.969  49.2 -93.0-157.7 165.1   17.4   47.9   28.2
  106  107 A N     >  -     0   0    2     -2,-0.3     4,-2.8    56,-0.3     5,-0.2  -0.284  49.2 -99.2 -77.7 167.8   20.4   47.7   30.5
  107  108 A A  H  > S+     0   0   48     31,-0.4     4,-2.4     1,-0.2     5,-0.2   0.862 121.9  51.2 -56.9 -42.5   23.7   46.8   28.9
  108  109 A E  H  > S+     0   0   86      2,-0.2     4,-2.1     1,-0.2    -1,-0.2   0.930 113.6  44.3 -61.8 -47.2   23.6   43.2   29.9
  109  110 A S  H  > S+     0   0    4     53,-0.2     4,-2.9     1,-0.2    -2,-0.2   0.891 112.6  53.4 -61.8 -40.3   20.1   42.7   28.4
  110  111 A A  H  X S+     0   0   14     -4,-2.8     4,-2.2     1,-0.2    -2,-0.2   0.893 109.3  47.5 -61.4 -44.3   21.2   44.7   25.3
  111  112 A V  H  X S+     0   0   80     -4,-2.4     4,-1.0     2,-0.2    -1,-0.2   0.897 114.7  46.0 -66.3 -38.7   24.2   42.4   24.7
  112  113 A L  H  <>S+     0   0   14     -4,-2.1     5,-2.5     1,-0.2     3,-0.5   0.915 113.2  49.4 -70.1 -39.2   22.2   39.3   25.2
  113  114 A L  H ><5S+     0   0    0     -4,-2.9    19,-1.6     1,-0.2     3,-1.6   0.863 106.3  56.7 -63.3 -42.6   19.3   40.6   23.0
  114  115 A A  H 3<5S+     0   0   39     -4,-2.2    -1,-0.2     1,-0.3    -2,-0.2   0.736 109.0  46.6 -68.3 -17.6   21.9   41.5   20.2
  115  116 A R  T ><5S-     0   0  108     -4,-1.0     3,-2.0    -3,-0.5    -1,-0.3   0.269 113.5-118.8-103.1  13.0   23.1   37.9   20.1
  116  117 A G  T < 5 -     0   0    1     -3,-1.6    13,-2.0     1,-0.3    -3,-0.2   0.824  69.3 -60.1  54.0  39.1   19.5   36.5   20.1
  117  118 A G  T 3 <S+     0   0    0     -5,-2.5     3,-0.5     1,-0.2    10,-0.3   0.518  99.5 144.0  70.6   7.5   20.1   34.7   23.4
  118  119 A S    <   +     0   0   31     -3,-2.0    -1,-0.2    -6,-0.3     7,-0.2  -0.298  59.5  27.9 -73.6 164.1   23.0   32.7   21.9
  119  120 A D  S    S-     0   0  112      1,-0.2    -1,-0.2     4,-0.1     6,-0.2   0.910  84.9-175.2  48.6  40.0   26.0   31.8   24.1
  120  121 A D  B  >  -J  124   0E   3      4,-2.6     4,-1.4    -3,-0.5    -1,-0.2  -0.496  34.6-120.3 -58.6 141.9   23.8   32.0   27.2
  121  122 A L  T  4 S+     0   0   34      1,-0.2    76,-0.2     2,-0.1    -1,-0.1   0.775 108.1  13.3 -55.9 -29.7   25.8   31.6   30.4
  122  123 A H  T  4 S+     0   0   37      2,-0.1    -1,-0.2    68,-0.1    -3,-0.0   0.703 131.9  43.3-115.2 -35.9   23.7   28.5   31.3
  123  124 A F  T >4 S-     0   0   51      1,-0.3     3,-2.4    -6,-0.1     2,-0.2   0.440  78.8-161.6 -96.7 -10.9   21.7   27.4   28.2
  124  125 A G  B 3< S-J  120   0E  28     -4,-1.4    -4,-2.6     1,-0.3    -1,-0.3  -0.416  71.5 -28.7  60.1-126.9   24.5   27.8   25.6
  125  126 A D  T 3  S+     0   0  105     -7,-0.2    -1,-0.3    -6,-0.2     3,-0.2   0.040 113.0 105.1-105.1  18.0   22.7   27.9   22.2
  126  127 A G  S <  S+     0   0   46     -3,-2.4     2,-0.4     1,-0.2    -1,-0.1   0.705  83.0  36.2 -67.7 -29.5   19.8   25.8   23.3
  127  128 A I  S    S+     0   0   33    -10,-0.3   -41,-0.3    -3,-0.2     2,-0.2  -0.899  80.4 150.9-135.4  92.7   17.3   28.7   23.6
  128  129 A T        +     0   0   67     -2,-0.4   -11,-0.2    -3,-0.2  -118,-0.2  -0.763  17.5 178.8-128.5 167.9   17.7   31.3   20.9
  129  130 A Y        -     0   0   16    -13,-2.0   -11,-0.2    -2,-0.2   -39,-0.1  -0.937  49.0 -57.4-158.5 169.1   15.6   33.9   19.0
  130  131 A P        -     0   0   56      0, 0.0   -37,-0.5     0, 0.0   -14,-0.2  -0.377  62.1-117.7 -62.0 131.6   16.0   36.6   16.4
  131  132 A P        -     0   0   71      0, 0.0     2,-0.3     0, 0.0   -17,-0.2  -0.327  34.3-178.7 -71.9 154.2   18.5   39.2   17.6
  132  133 A A        -     0   0    5    -19,-1.6     2,-0.4   -22,-0.2   -16,-0.2  -0.943  19.9-126.5-145.0 154.5   17.5   42.8   18.1
  133  134 A N        -     0   0  106     -2,-0.3   -30,-0.3   -40,-0.1     2,-0.3  -0.884  20.1-120.4-111.0 152.6   19.4   45.9   19.2
  134  135 A A        -     0   0   27     -2,-0.4   -30,-0.2   -24,-0.2     3,-0.1  -0.585  11.3-159.9 -76.5 145.4   18.5   48.2   22.0
  135  136 A D  S    S+     0   0   79    -32,-2.4     2,-0.3    -2,-0.3   -31,-0.2   0.629  79.8  27.8 -94.4 -28.6   17.9   51.9   21.1
  136  137 A R  E     -i  104   0D 134    -33,-1.4   -31,-2.2   -30,-0.1     2,-0.4  -0.981  69.9-145.1-139.1 132.6   18.6   53.2   24.6
  137  138 A I  E     -i  105   0D  81     -2,-0.3     2,-0.4   -33,-0.2   -31,-0.3  -0.897  20.3-158.0 -97.9 129.6   20.7   51.8   27.5
  138  139 A V        -     0   0    3    -33,-1.4   -31,-0.4    -2,-0.4     2,-0.2  -0.887   4.5-143.2-110.1 154.3   19.4   52.3   31.0
  139  140 A M    >   -     0   0  103     -2,-0.4     3,-2.3     1,-0.1    14,-0.2  -0.570  44.1 -71.8-103.5 164.1   21.2   52.3   34.3
  140  141 A D  T 3  S+     0   0   98      1,-0.3    14,-0.2    -2,-0.2    -1,-0.1  -0.330 121.4  10.4 -59.2 132.3   20.0   51.0   37.7
  141  142 A G  T 3  S+     0   0   43     12,-2.0    -1,-0.3     1,-0.3    13,-0.1   0.457  92.4 144.5  77.3   1.2   17.2   53.2   39.0
  142  143 A E    <   -     0   0   78     -3,-2.3    11,-2.3    10,-0.1     2,-0.4  -0.486  39.3-141.2 -73.3 145.5   16.9   55.2   35.8
  143  144 A V  E     -K  152   0F  72      9,-0.2     2,-0.4    -2,-0.1     9,-0.2  -0.852  11.5-161.4-106.4 149.5   13.4   56.3   34.9
  144  145 A I  E     -K  151   0F   8      7,-2.9     7,-3.2    -2,-0.4     2,-0.5  -1.000  13.7-153.3-124.0 130.3   11.7   56.5   31.5
  145  146 A T  E     +K  150   0F  89     -2,-0.4     2,-0.4     5,-0.2     5,-0.2  -0.899  17.0 174.0-109.1 127.5    8.7   58.7   31.2
  146  147 A V  E >  S-K  149   0F   5      3,-2.8     3,-1.5    -2,-0.5   -99,-0.1  -0.960  77.5 -26.3-131.6 110.9    5.9   58.1   28.7
  147  148 A G  T 3  S-     0   0   23     -2,-0.4    -1,-0.1     1,-0.3     3,-0.1   0.882 124.6 -50.9  51.8  46.1    2.8   60.3   29.0
  148  149 A G  T 3  S+     0   0   71      1,-0.2     2,-0.7  -104,-0.1    -1,-0.3   0.621 110.6 122.8  66.3  14.8    3.4   60.9   32.7
  149  150 A I  E <   -K  146   0F  14     -3,-1.5    -3,-2.8    19,-0.1     2,-0.6  -0.974  52.8-153.3-100.3 122.3    3.7   57.3   33.4
  150  151 A V  E     -K  145   0F  66     -2,-0.7     2,-0.5    -5,-0.2    19,-0.3  -0.864   7.2-163.0 -98.6 120.8    7.1   56.9   35.0
  151  152 A F  E     -K  144   0F   0     -7,-3.2    -7,-2.9    -2,-0.6     2,-0.4  -0.911   6.5-160.6-103.4 130.3    8.8   53.5   34.6
  152  153 A T  E     -KL 143 167F  34     15,-2.5    15,-2.0    -2,-0.5     2,-0.4  -0.946   9.3-139.8-115.2 133.8   11.7   52.8   37.0
  153  154 A A  E     - L   0 166F   0    -11,-2.3   -12,-2.0    -2,-0.4     2,-0.5  -0.742  16.2-175.3 -89.4 134.0   14.3   50.1   36.4
  154  155 A H  E     - L   0 165F  38     11,-2.8    11,-2.9    -2,-0.4     2,-0.1  -0.959  22.6-136.4-126.7 108.0   15.5   48.1   39.3
  155  156 A F  E     + L   0 164F  50     -2,-0.5     9,-0.3     9,-0.2     8,-0.1  -0.443  27.3 172.4 -66.7 140.5   18.3   45.7   38.5
  156  157 A M        -     0   0    1      7,-3.0     3,-0.5    -2,-0.1     4,-0.2  -0.475  16.4-167.3-146.5  62.7   17.9   42.2   39.9
  157  158 A A        +     0   0   19      1,-0.2    51,-0.3     4,-0.2     5,-0.1  -0.157  49.2  76.1 -49.7 143.9   20.7   40.2   38.4
  158  159 A G  S    S+     0   0    1      2,-2.3    -1,-0.2    50,-0.1    47,-0.1  -0.368  83.1  56.2 157.6 -71.2   20.7   36.4   38.6
  159  160 A H  S    S-     0   0    8     25,-0.5    -2,-0.1    -3,-0.5    26,-0.1   0.924 138.8  -5.9 -52.6 -45.0   18.3   34.6   36.3
  160  161 A T  S >  S-     0   0    3     -4,-0.2    -2,-2.3    24,-0.2     3,-1.6  -0.949  80.3-112.7-133.6 159.3   20.2   36.6   33.7
  161  162 A P  T 3  S+     0   0   38      0, 0.0    -4,-0.2     0, 0.0   -53,-0.1   0.830 119.4  46.4 -52.7 -33.7   22.9   39.2   34.4
  162  163 A G  T 3  S+     0   0    2    -54,-0.2   -56,-0.3    -5,-0.1   -53,-0.2   0.286  77.7 145.6 -99.0   9.3   20.6   41.8   33.0
  163  164 A S    <   -     0   0    0     -3,-1.6    -7,-3.0    -7,-0.1     2,-0.4  -0.168  27.6-173.2 -51.7 132.5   17.4   40.8   34.8
  164  165 A T  E     -L  155   0F   4    -82,-2.1     2,-0.4    -9,-0.3    -9,-0.2  -0.994  24.7-146.9-134.5 136.5   15.3   43.9   35.7
  165  166 A A  E     -L  154   0F   0    -11,-2.9   -11,-2.8    -2,-0.4     2,-0.4  -0.842  20.3-154.9 -91.5 138.9   12.2   44.7   37.6
  166  167 A W  E     -LM 153 181F   2     15,-2.2    15,-3.0    -2,-0.4     2,-0.4  -0.978  10.9-169.8-115.0 129.8   10.1   47.6   36.2
  167  168 A T  E     +LM 152 180F   9    -15,-2.0   -15,-2.5    -2,-0.4     2,-0.3  -0.943  13.7 154.3-121.5 146.9    7.8   49.6   38.4
  168  169 A W  E     - M   0 179F   4     11,-2.0    11,-2.5    -2,-0.4     2,-0.5  -0.957  36.9-115.1-159.4 164.5    5.2   52.2   37.6
  169  170 A T  E     + M   0 178F  77    -19,-0.3     9,-0.2    -2,-0.3     2,-0.2  -0.929  35.1 163.6-114.4 124.5    2.0   53.7   39.1
  170  171 A D  E     - M   0 177F   4      7,-3.1     7,-2.8    -2,-0.5     2,-0.3  -0.401  30.3-116.3-114.5-164.8   -1.3   53.2   37.4
  171  172 A T  E     + M   0 176F  52      5,-0.3  -144,-3.0    -2,-0.2     2,-0.3  -0.948  25.7 175.7-135.7 160.5   -4.8   53.7   38.9
  172  173 A R  E >  S+ M   0 175F  92      3,-2.4     3,-2.3    -2,-0.3  -146,-0.0  -0.900  71.6   1.3-164.5 138.4   -7.9   51.6   39.7
  173  174 A N  T 3  S-     0   0  150     -2,-0.3    -1,-0.0     1,-0.3  -147,-0.0   0.898 132.8 -54.6  45.0  47.4  -11.2   52.3   41.4
  174  175 A G  T 3  S+     0   0   81      1,-0.1    -1,-0.3    -3,-0.0    -3,-0.0   0.313 118.7  96.9  74.0   0.8  -10.0   55.9   41.8
  175  176 A K  E <  S-M  172   0F 123     -3,-2.3    -3,-2.4     1,-0.1    -1,-0.1  -0.882  78.2 -92.4-128.0 156.5   -6.8   55.1   43.6
  176  177 A P  E     -M  171   0F  81      0, 0.0     2,-0.5     0, 0.0    -5,-0.3  -0.238  32.2-163.0 -59.0 140.0   -3.1   54.7   42.8
  177  178 A V  E     -M  170   0F   6     -7,-2.8    -7,-3.1     2,-0.0     2,-0.9  -0.961   9.3-149.6-129.6 114.2   -1.8   51.2   42.1
  178  179 A R  E     -M  169   0F 119     -2,-0.5    41,-1.9    -9,-0.2    40,-1.5  -0.750  19.1-159.9 -85.8 107.2    1.9   50.6   42.3
  179  180 A I  E     -Mn 168 219F   1    -11,-2.5   -11,-2.0    -2,-0.9     2,-0.5  -0.752   7.9-165.6 -92.8 132.3    2.6   47.9   39.8
  180  181 A A  E     -Mn 167 220F   0     39,-2.9    41,-2.8    -2,-0.4     2,-1.1  -0.966   6.5-167.9-120.0 113.3    5.8   45.8   40.2
  181  182 A Y  E     -Mn 166 221F   0    -15,-3.0   -15,-2.2    -2,-0.5     2,-0.4  -0.815  22.1-170.4 -94.6  87.6    6.7   43.7   37.1
  182  183 A A        -     0   0    0     39,-1.9   -17,-0.2    -2,-1.1     3,-0.1  -0.736  16.4-122.9 -87.6 137.8    9.4   41.7   38.9
  183  184 A D        -     0   0    0     -2,-0.4   -18,-0.1     1,-0.2    -1,-0.1  -0.130  42.0 -71.5 -69.1 169.5   11.7   39.4   36.8
  184  185 A S        -     0   0    6      1,-0.1   -25,-0.5   -20,-0.1   -24,-0.2  -0.260  33.3-167.9 -55.8 140.6   12.2   35.7   37.3
  185  186 A L        +     0   0   10     -3,-0.1    -1,-0.1   -27,-0.1    71,-0.1   0.138  51.3 115.4-119.2  19.5   14.1   34.6   40.3
  186  187 A S        -     0   0   49      1,-0.0    66,-0.0     2,-0.0    70,-0.0  -0.324  51.0-158.9 -80.4 162.9   14.5   30.9   39.1
  187  188 A A    >   -     0   0    4     -2,-0.1     3,-1.6     3,-0.1     2,-0.6  -0.513  18.8-164.2-140.0  64.3   17.7   29.2   38.2
  188  189 A P  T 3  S-     0   0   64      0, 0.0    -2,-0.0     0, 0.0   -66,-0.0  -0.387  73.1 -21.7 -68.7 106.6   16.5   26.4   36.0
  189  190 A G  T 3  S+     0   0   85     -2,-0.6     2,-0.2     1,-0.2     0, 0.0   0.543  99.8 154.5  75.5   8.6   19.3   23.8   35.6
  190  191 A Y    <   -     0   0    8     -3,-1.6     2,-0.7     1,-0.1    -1,-0.2  -0.471  50.4-128.9 -71.3 146.5   21.9   26.4   36.6
  191  192 A Q        -     0   0  100      1,-0.2     4,-0.1    -2,-0.2    -1,-0.1  -0.802  32.7-179.6 -85.3 113.5   25.2   25.6   38.1
  192  193 A L        +     0   0    3     -2,-0.7     3,-0.5    67,-0.1    10,-0.5   0.876  53.7  63.2 -88.2 -41.2   25.1   28.0   41.1
  193  194 A Q  S    S-     0   0   69      1,-0.2    -1,-0.1     8,-0.1     7,-0.1  -0.760 116.9  -8.1 -96.1 136.0   28.4   27.4   42.9
  194  195 A G  S    S+     0   0   69     -2,-0.4    -1,-0.2     5,-0.3    -2,-0.1   0.860  77.7 171.5  52.4  42.9   31.8   28.1   41.4
  195  196 A N    >   -     0   0    7     -3,-0.5     3,-1.1     3,-0.4    -1,-0.2  -0.744  25.9-153.1 -84.0 117.8   30.3   28.8   37.9
  196  197 A P  T 3  S+     0   0  111      0, 0.0    -1,-0.2     0, 0.0    -2,-0.1   0.801  94.7  52.2 -68.0 -23.0   33.2   30.2   35.8
  197  198 A R  T 3  S+     0   0  153      1,-0.3   -76,-0.1   -76,-0.2   -75,-0.1   0.586 125.7  23.8 -86.7 -12.5   30.9   32.1   33.6
  198  199 A Y    X   +     0   0   16     -3,-1.1     3,-1.8     1,-0.1    -3,-0.4  -0.456  68.3 172.3-149.1  76.7   29.2   33.7   36.6
  199  200 A P  T 3  S+     0   0   93      0, 0.0    -5,-0.3     0, 0.0     3,-0.3   0.787  81.5  41.3 -60.1 -34.8   31.5   33.8   39.6
  200  201 A H  T 3> S+     0   0  112      1,-0.2     4,-2.4     2,-0.1     5,-0.2  -0.043  75.7 124.9-105.4  29.3   29.2   36.0   41.8
  201  202 A L  H <> S+     0   0    0     -3,-1.8     4,-2.6     1,-0.2    -1,-0.2   0.902  73.8  47.8 -54.6 -52.2   25.9   34.3   40.9
  202  203 A I  H  > S+     0   0   37    -10,-0.5     4,-2.7    -3,-0.3    -1,-0.2   0.927 112.1  48.8 -57.8 -48.8   25.0   33.5   44.5
  203  204 A E  H  > S+     0   0   80      1,-0.2     4,-2.2     2,-0.2    -1,-0.2   0.881 111.5  50.9 -57.4 -40.8   25.7   37.0   45.8
  204  205 A D  H  X S+     0   0   49     -4,-2.4     4,-2.4     2,-0.2    -1,-0.2   0.919 109.7  48.5 -65.7 -48.0   23.7   38.5   42.9
  205  206 A Y  H  X S+     0   0    0     -4,-2.6     4,-2.5     2,-0.2    -2,-0.2   0.916 110.6  52.3 -58.1 -44.0   20.7   36.3   43.5
  206  207 A R  H  X S+     0   0   75     -4,-2.7     4,-1.6     1,-0.3    -2,-0.2   0.901 111.2  45.6 -60.3 -42.9   20.8   37.2   47.3
  207  208 A R  H  X S+     0   0  156     -4,-2.2     4,-2.1     1,-0.2    -1,-0.3   0.881 111.3  54.6 -63.2 -38.7   20.9   40.9   46.5
  208  209 A S  H  X S+     0   0    5     -4,-2.4     4,-2.5   -51,-0.3    -2,-0.2   0.846 103.1  54.5 -68.2 -35.0   18.1   40.4   44.0
  209  210 A F  H  X S+     0   0    5     -4,-2.5     4,-2.5     1,-0.2    -1,-0.2   0.913 111.1  46.5 -58.3 -46.7   15.8   38.7   46.6
  210  211 A A  H  X S+     0   0   42     -4,-1.6     4,-1.5     2,-0.2    -2,-0.2   0.880 111.2  52.1 -62.6 -37.4   16.3   41.8   48.8
  211  212 A T  H  < S+     0   0   50     -4,-2.1     4,-0.4     2,-0.2    -2,-0.2   0.934 111.2  45.8 -65.6 -43.8   15.6   44.1   45.9
  212  213 A V  H >< S+     0   0    0     -4,-2.5     3,-1.6     1,-0.2    -2,-0.2   0.922 108.1  57.7 -65.4 -44.1   12.4   42.3   45.0
  213  214 A R  H 3< S+     0   0  124     -4,-2.5    -1,-0.2     1,-0.3    33,-0.2   0.811 110.4  44.6 -53.2 -36.8   11.3   42.3   48.7
  214  215 A A  T 3< S+     0   0   69     -4,-1.5    -1,-0.3    -3,-0.2    -2,-0.2   0.408  83.0 123.6 -95.6   2.4   11.6   46.1   48.9
  215  216 A L  S <  S-     0   0   14     -3,-1.6     2,-0.3    -4,-0.4    30,-0.1  -0.346  76.5-102.1 -64.9 152.6    9.9   47.1   45.6
  216  217 A P        +     0   0   53      0, 0.0   -48,-0.1     0, 0.0     3,-0.1  -0.533  60.9 170.0 -67.8 116.1    6.9   49.5   45.7
  217  218 A C        +     0   0   30     -2,-0.3    28,-0.4     1,-0.1     3,-0.2  -0.375  34.7 145.6-151.3  72.8    4.3   46.8   45.2
  218  219 A D  S    S+     0   0   64    -40,-1.5     2,-0.4     1,-0.3   -39,-0.2   0.757  93.4  21.1 -66.0 -43.5    0.5   47.1   45.4
  219  220 A V  E    S-n  179   0F  25    -41,-1.9   -39,-2.9    -3,-0.1     2,-0.5  -0.949  75.3-154.5-130.1 126.1    0.3   44.5   42.6
  220  221 A L  E     +n  180   0F   2     23,-0.6     2,-0.3    -2,-0.4   -39,-0.2  -0.867  13.5 178.7 -95.6 139.6    3.1   42.0   41.6
  221  222 A L  E     -n  181   0F   0    -41,-2.8   -39,-1.9    -2,-0.5    -2,-0.0  -0.934   7.5-164.6-128.8 154.1    3.2   40.6   38.0
  222  223 A T        -     0   0    0     -2,-0.3  -184,-0.2   -41,-0.2   -39,-0.2  -0.935  33.9-113.3-139.6 154.2    5.9   38.2   36.8
  223  224 A P  S    S+     0   0    1      0, 0.0  -185,-2.4     0, 0.0   -40,-0.1   0.861 118.4  42.8 -57.0 -46.0    7.0   37.0   33.3
  224  225 A H  S >  S-     0   0   40   -187,-0.2     3,-1.6     1,-0.1     4,-0.4  -0.967  86.8-152.4 -96.2 106.8    5.7   33.5   34.1
  225  226 A P  G > >S+     0   0    1      0, 0.0     5,-2.3     0, 0.0     3,-1.6   0.801  89.1  66.9 -54.5 -34.9    2.4   34.4   35.8
  226  227 A G  G > 5S+     0   0   45      1,-0.3     3,-1.2     3,-0.2  -190,-0.0   0.814  89.5  65.6 -54.7 -30.0    2.5   31.1   37.8
  227  228 A A  G < 5S+     0   0   45     -3,-1.6    -1,-0.3     1,-0.3    25,-0.1   0.782 111.1  34.8 -66.3 -25.7    5.5   32.5   39.7
  228  229 A S  G < 5S-     0   0    0     -3,-1.6    15,-2.7    -4,-0.4    -1,-0.3   0.218 118.9-109.1-112.6  13.6    3.4   35.2   41.2
  229  230 A N  T < 5 +     0   0   78     -3,-1.2    12,-0.3    -4,-0.3     2,-0.2   0.706  67.1 148.5  59.7  35.7    0.3   33.1   41.4
  230  231 A W      < -     0   0   16     -5,-2.3     2,-0.4    -6,-0.1    -1,-0.2  -0.586  33.2-161.4 -86.3 150.3   -1.6   34.8   38.7
  231  232 A D    >   -     0   0  106      7,-2.4     3,-2.8    -2,-0.2     9,-0.1  -0.800   3.8-171.9-132.0  90.0   -4.0   32.8   36.6
  232  233 A Y  G >  S+     0   0    8   -197,-0.6     3,-0.6    -2,-0.4     6,-0.2   0.746  84.3  59.3 -57.6 -23.6   -4.6   34.7   33.4
  233  234 A A  G 3  S+     0   0   66      1,-0.2    -1,-0.3  -198,-0.2  -198,-0.1   0.495  85.0  81.7 -81.6  -1.7   -7.3   32.3   32.4
  234  235 A A  G X  S-     0   0   19     -3,-2.8     3,-2.4     1,-0.2    -1,-0.2   0.182  76.5-160.4 -94.7  17.7   -9.4   33.0   35.5
  235  236 A G  G X  S+     0   0   40     -3,-0.6     3,-2.1     1,-0.3    -1,-0.2  -0.223  74.6  17.0  50.3-115.6  -11.0   36.2   34.2
  236  237 A A  G 3  S+     0   0  120      1,-0.3    -1,-0.3     2,-0.1     3,-0.2   0.625 136.5  42.8 -64.9 -17.8  -12.4   38.3   37.0
  237  238 A R  G X> S+     0   0  175     -3,-2.4     3,-1.5     1,-0.1     4,-0.5   0.170  76.2 118.1-115.3  16.6  -10.3   36.5   39.6
  238  239 A A  T <4 S+     0   0    4     -3,-2.1    -7,-2.4     1,-0.3     3,-0.2   0.819  88.1  28.9 -48.9 -46.1   -7.1   36.3   37.5
  239  240 A G  T >4 S+     0   0   27     -4,-0.2     3,-1.6    -9,-0.2    -1,-0.3   0.281  90.0 104.8 -99.0   7.2   -5.1   38.3   40.1
  240  241 A A  T <4 S+     0   0   70     -3,-1.5    -1,-0.1     1,-0.3    -2,-0.1   0.902  87.9  37.5 -61.3 -40.6   -7.0   37.3   43.2
  241  242 A K  T 3< S+     0   0  141     -4,-0.5    -1,-0.3   -12,-0.3   -11,-0.1   0.347  84.8 142.6 -91.6   5.7   -4.4   34.9   44.5
  242  243 A A    <   -     0   0   33     -3,-1.6   -13,-0.2     1,-0.1     2,-0.1  -0.122  49.0-122.6 -53.7 139.9   -1.3   37.0   43.4
  243  244 A L        -     0   0   57    -15,-2.7   -23,-0.6     1,-0.1     2,-0.2  -0.394  21.8-113.7 -67.9 157.7    1.6   36.9   45.8
  244  245 A T     >  -     0   0   81      1,-0.1     4,-2.6   -25,-0.1     5,-0.2  -0.526  31.5-108.0 -75.3 166.8    3.1   40.1   47.3
  245  246 A C  H  > S+     0   0    3    -28,-0.4     4,-3.0     1,-0.2     5,-0.2   0.898 123.3  54.2 -60.8 -40.9    6.6   41.0   46.2
  246  247 A K  H  > S+     0   0  125    -33,-0.2     4,-2.3     2,-0.2    -1,-0.2   0.918 110.5  44.1 -59.2 -44.6    7.7   40.0   49.8
  247  248 A A  H  > S+     0   0   37      2,-0.2     4,-2.4     1,-0.2    -2,-0.2   0.877 113.0  51.8 -71.9 -37.0    6.1   36.6   49.4
  248  249 A Y  H  X S+     0   0   10     -4,-2.6     4,-2.3     2,-0.2    -2,-0.2   0.941 111.8  46.4 -63.1 -48.3    7.5   36.1   45.9
  249  250 A A  H  X S+     0   0    4     -4,-3.0     4,-2.4     1,-0.2    -2,-0.2   0.891 113.5  48.9 -59.9 -45.2   11.0   37.0   47.1
  250  251 A D  H  X S+     0   0   97     -4,-2.3     4,-2.6    -5,-0.2    -1,-0.2   0.907 111.7  48.2 -62.4 -43.8   10.8   34.7   50.1
  251  252 A A  H  X S+     0   0   33     -4,-2.4     4,-2.3     1,-0.2    -1,-0.2   0.904 113.1  48.5 -63.5 -41.3    9.5   31.8   48.1
  252  253 A A  H  X S+     0   0    8     -4,-2.3     4,-2.4     2,-0.2    -2,-0.2   0.876 111.4  49.3 -66.3 -38.4   12.2   32.2   45.5
  253  254 A E  H  X S+     0   0   58     -4,-2.4     4,-3.1     2,-0.2     5,-0.2   0.905 111.1  49.4 -68.0 -43.6   14.9   32.4   48.2
  254  255 A Q  H  X S+     0   0  132     -4,-2.6     4,-1.8     2,-0.2    -2,-0.2   0.914 113.2  47.2 -61.4 -42.0   13.6   29.3   49.9
  255  256 A K  H  X S+     0   0  147     -4,-2.3     4,-2.1     2,-0.2    -2,-0.2   0.913 112.1  50.4 -63.7 -42.3   13.7   27.5   46.5
  256  257 A F  H  X S+     0   0    3     -4,-2.4     4,-2.7     2,-0.2    -2,-0.2   0.901 108.3  51.6 -62.0 -47.2   17.2   28.8   45.8
  257  258 A D  H  X S+     0   0   59     -4,-3.1     4,-2.3     2,-0.2    -1,-0.2   0.895 109.9  50.8 -59.2 -38.5   18.5   27.6   49.2
  258  259 A G  H  X S+     0   0   15     -4,-1.8     4,-2.5     1,-0.2    -1,-0.2   0.911 110.1  49.4 -61.4 -46.0   17.0   24.2   48.4
  259  260 A Q  H  X S+     0   0   53     -4,-2.1     4,-2.2     2,-0.2    -2,-0.2   0.909 108.8  52.3 -62.1 -44.3   18.7   24.2   45.0
  260  261 A L  H  X S+     0   0   22     -4,-2.7     4,-2.4     1,-0.2    -2,-0.2   0.913 111.2  47.7 -57.2 -49.0   22.1   25.1   46.6
  261  262 A A  H  X S+     0   0   60     -4,-2.3     4,-1.9     1,-0.2    -1,-0.2   0.898 112.7  47.9 -60.0 -42.7   21.8   22.2   49.1
  262  263 A K  H  X S+     0   0  143     -4,-2.5     4,-1.4     2,-0.2    -1,-0.2   0.831 110.3  52.4 -69.6 -30.8   20.9   19.8   46.3
  263  264 A E  H  < S+     0   0   50     -4,-2.2     3,-0.3     2,-0.2    -2,-0.2   0.926 108.0  50.4 -71.3 -41.9   23.8   21.0   44.2
  264  265 A T  H  < S+     0   0  101     -4,-2.4    -2,-0.2     1,-0.2    -1,-0.2   0.895 114.1  46.5 -59.3 -38.0   26.2   20.5   47.0
  265  266 A A  H  <        0   0   89     -4,-1.9    -1,-0.2    -5,-0.2    -2,-0.2   0.728 360.0 360.0 -78.7 -20.6   24.7   17.0   47.4
  266  267 A G     <        0   0  120     -4,-1.4     0, 0.0    -3,-0.3     0, 0.0  -0.476 360.0 360.0 -86.8 360.0   24.9   16.3   43.6
