==== Secondary Structure Definition by the program DSSP, CMBI version by M.L. Hekkelman/2010-10-21 ==== DATE=2014-07-07        .
REFERENCE W. KABSCH AND C.SANDER, BIOPOLYMERS 22 (1983) 2577-2637                                                              .
                                                                                                                               .
  247  1  0  0  0 TOTAL NUMBER OF RESIDUES, NUMBER OF CHAINS, NUMBER OF SS-BRIDGES(TOTAL,INTRACHAIN,INTERCHAIN)                .
 11521.0   ACCESSIBLE SURFACE OF PROTEIN (ANGSTROM**2)                                                                         .
  156 63.2   TOTAL NUMBER OF HYDROGEN BONDS OF TYPE O(I)-->H-N(J)  , SAME NUMBER PER 100 RESIDUES                              .
    2  0.8   TOTAL NUMBER OF HYDROGEN BONDS IN     PARALLEL BRIDGES, SAME NUMBER PER 100 RESIDUES                              .
   71 28.7   TOTAL NUMBER OF HYDROGEN BONDS IN ANTIPARALLEL BRIDGES, SAME NUMBER PER 100 RESIDUES                              .
    0  0.0   TOTAL NUMBER OF HYDROGEN BONDS OF TYPE O(I)-->H-N(I-5), SAME NUMBER PER 100 RESIDUES                              .
    2  0.8   TOTAL NUMBER OF HYDROGEN BONDS OF TYPE O(I)-->H-N(I-4), SAME NUMBER PER 100 RESIDUES                              .
    4  1.6   TOTAL NUMBER OF HYDROGEN BONDS OF TYPE O(I)-->H-N(I-3), SAME NUMBER PER 100 RESIDUES                              .
    0  0.0   TOTAL NUMBER OF HYDROGEN BONDS OF TYPE O(I)-->H-N(I-2), SAME NUMBER PER 100 RESIDUES                              .
    0  0.0   TOTAL NUMBER OF HYDROGEN BONDS OF TYPE O(I)-->H-N(I-1), SAME NUMBER PER 100 RESIDUES                              .
    0  0.0   TOTAL NUMBER OF HYDROGEN BONDS OF TYPE O(I)-->H-N(I+0), SAME NUMBER PER 100 RESIDUES                              .
    0  0.0   TOTAL NUMBER OF HYDROGEN BONDS OF TYPE O(I)-->H-N(I+1), SAME NUMBER PER 100 RESIDUES                              .
   23  9.3   TOTAL NUMBER OF HYDROGEN BONDS OF TYPE O(I)-->H-N(I+2), SAME NUMBER PER 100 RESIDUES                              .
   32 13.0   TOTAL NUMBER OF HYDROGEN BONDS OF TYPE O(I)-->H-N(I+3), SAME NUMBER PER 100 RESIDUES                              .
    9  3.6   TOTAL NUMBER OF HYDROGEN BONDS OF TYPE O(I)-->H-N(I+4), SAME NUMBER PER 100 RESIDUES                              .
    1  0.4   TOTAL NUMBER OF HYDROGEN BONDS OF TYPE O(I)-->H-N(I+5), SAME NUMBER PER 100 RESIDUES                              .
  1  2  3  4  5  6  7  8  9 10 11 12 13 14 15 16 17 18 19 20 21 22 23 24 25 26 27 28 29 30     *** HISTOGRAMS OF ***           .
  0  0  0  1  0  0  0  0  1  0  0  0  0  0  0  0  0  0  0  0  0  0  0  0  0  0  0  0  0  0    RESIDUES PER ALPHA HELIX         .
  1  0  0  0  0  0  0  0  0  0  0  0  0  0  0  0  0  0  0  0  0  0  0  0  0  0  0  0  0  0    PARALLEL BRIDGES PER LADDER      .
  3  2  3  4  3  1  0  0  0  0  0  0  0  0  0  0  0  0  0  0  0  0  0  0  0  0  0  0  0  0    ANTIPARALLEL BRIDGES PER LADDER  .
  0  0  0  0  0  1  0  1  0  0  0  0  0  0  0  0  0  0  0  0  0  0  0  0  0  0  0  0  0  0    LADDERS PER SHEET                .
  #  RESIDUE AA STRUCTURE BP1 BP2  ACC     N-H-->O    O-->H-N    N-H-->O    O-->H-N    TCO  KAPPA ALPHA  PHI   PSI    X-CA   Y-CA   Z-CA 
    1  545 A S              0   0  168      0, 0.0     2,-0.6     0, 0.0     0, 0.0   0.000 360.0 360.0 360.0  60.8   31.5   30.2    5.7
    2  546 A F        -     0   0   63    112,-0.0     2,-0.2     0, 0.0   113,-0.0  -0.906 360.0-152.3-119.6 106.7   28.3   32.2    4.9
    3  547 A D    >   -     0   0  121     -2,-0.6     3,-1.0     1,-0.1   119,-0.1  -0.502  32.6 -95.6 -75.8 140.7   27.0   32.0    1.3
    4  548 A C  T 3  S+     0   0   40      1,-0.2   117,-0.3    -2,-0.2    -1,-0.1  -0.009  98.2  20.0 -54.6 156.4   25.0   35.0    0.1
    5  549 A G  T 3  S+     0   0    0    115,-2.1   204,-2.1   203,-0.2    -1,-0.2   0.466  90.4 110.6  64.3   6.7   21.3   35.3    0.1
    6  550 A K    <   -     0   0   86     -3,-1.0    -1,-0.1   114,-0.3   202,-0.1  -0.802  53.1-159.5-115.3  91.4   20.7   32.6    2.7
    7  551 A P        -     0   0   23      0, 0.0    21,-0.1     0, 0.0   110,-0.1  -0.282  14.5-145.0 -65.6 154.6   19.4   34.1    6.0
    8  552 A Q  S    S+     0   0  102    108,-0.7     2,-0.6    19,-0.4    20,-0.1   0.719  92.7  58.4 -90.1 -25.3   19.8   32.0    9.1
    9  553 A V  S    S-     0   0   47     18,-0.6    -1,-0.2   107,-0.3    16,-0.1  -0.936  99.0-122.1-104.2 118.2   16.5   33.3   10.5
   10  554 A E        -     0   0  140     -2,-0.6    18,-0.1     1,-0.1    19,-0.1  -0.440  30.6-108.3 -65.7 131.0   13.7   32.4    8.1
   11  555 A P        -     0   0   18      0, 0.0    -1,-0.1     0, 0.0    13,-0.1  -0.218  13.7-127.4 -59.9 142.4   11.8   35.4    6.8
   12  556 A K        -     0   0   94     13,-0.1    12,-0.1     1,-0.1    -2,-0.1   0.902  34.0-147.0 -55.8 -40.4    8.2   36.0    7.9
   13  557 A K        -     0   0   86      1,-0.1     3,-0.1     9,-0.1    -1,-0.1   0.973  15.7-133.5  66.9  59.4    7.3   36.3    4.2
   14  558 A C        -     0   0    0      1,-0.1   143,-0.1     8,-0.1    -1,-0.1  -0.090  25.8-100.7 -43.2 126.3    4.5   38.8    4.6
   15  559 A P    >   -     0   0   46      0, 0.0     3,-2.5     0, 0.0   142,-0.3  -0.273  24.6-127.1 -55.1 134.7    1.4   37.8    2.6
   16  560 A G  T 3  S+     0   0   16      1,-0.3     5,-0.1    -3,-0.1    -2,-0.1   0.834 109.5  64.6 -51.6 -35.5    1.1   39.7   -0.6
   17  561 A R  T 3  S+     0   0  209      1,-0.2     2,-1.8     2,-0.1    -1,-0.3   0.700  82.7  82.1 -62.7 -19.5   -2.4   40.7    0.4
   18  562 A V    X   +     0   0   44     -3,-2.5     3,-2.6     1,-0.2   139,-0.2  -0.518  57.9 170.5 -88.4  71.1   -0.9   42.6    3.3
   19  563 A V  T 3  S+     0   0   50     -2,-1.8   171,-0.2     1,-0.3    -1,-0.2   0.606  70.9  63.9 -57.3 -15.6   -0.0   45.7    1.2
   20  564 A G  T 3  S-     0   0   50      1,-0.2    -1,-0.3    -3,-0.1   126,-0.1   0.621 106.8-130.2 -85.3 -13.1    0.9   47.6    4.4
   21  565 A G    <   -     0   0   21     -3,-2.6     2,-0.3    -6,-0.2   135,-0.2  -0.228  13.6-100.9  91.7 175.2    3.7   45.2    5.1
   22  566 A C  E     -A  155   0A  25    133,-2.4   133,-2.6    -3,-0.1     2,-0.4  -0.936  31.3 -99.9-135.7 157.2    4.8   43.3    8.1
   23  567 A V  E     -A  154   0A  41     -2,-0.3   131,-0.3   131,-0.2   130,-0.1  -0.672  52.4-120.5 -75.9 131.9    7.5   43.7   10.8
   24  568 A A        -     0   0    3    129,-2.5   129,-0.1    -2,-0.4    -1,-0.1  -0.353  24.1 -97.4 -74.0 155.1   10.2   41.4    9.7
   25  569 A H    >   -     0   0   82      1,-0.1     3,-1.9   -16,-0.1     4,-0.2  -0.520  60.1 -91.4 -65.6 136.3   11.5   38.5   11.8
   26  570 A P  T 3  S-     0   0   62      0, 0.0    -1,-0.1     0, 0.0    51,-0.1  -0.312 106.0  -0.3 -57.9 130.5   14.6   39.9   13.5
   27  571 A H  T 3  S+     0   0   23     49,-0.3   -18,-0.6     2,-0.2   -19,-0.4   0.643  90.6 122.7  66.4  22.1   17.7   39.3   11.4
   28  572 A S  S <  S+     0   0    0     -3,-1.9    -1,-0.1     1,-0.3     3,-0.1   0.455  75.0  51.7 -88.2  -4.3   15.9   37.4    8.6
   29  573 A W  S >  S+     0   0    6     -4,-0.2     3,-1.7    88,-0.1    -1,-0.3  -0.722  73.8 175.4-131.5  74.8   17.2   40.0    6.0
   30  574 A P  T 3  S+     0   0    2      0, 0.0    89,-0.9     0, 0.0    45,-0.2   0.593  73.5  55.9 -58.1 -21.3   21.0   39.7    7.0
   31  575 A W  T 3  S+     0   0    0     87,-0.2    17,-1.7    89,-0.1     2,-0.2   0.474  75.0 127.1 -94.5  -5.5   22.1   42.0    4.2
   32  576 A Q  E <   -I   47   0B   6     -3,-1.7    43,-0.6    15,-0.2    44,-0.3  -0.346  42.4-165.2 -58.6 121.5   19.9   44.9    5.3
   33  577 A V  E     -IJ  46  74B   1     13,-2.5    13,-0.9    -2,-0.2     2,-0.5  -0.758  14.4-152.5-109.1 154.6   22.0   48.0    5.7
   34  578 A S  E     -IJ  45  73B   0     39,-1.1    39,-2.1    -2,-0.3     2,-0.4  -0.978  13.6-145.7-127.1 114.9   21.2   51.3    7.4
   35  579 A L  E     -IJ  44  72B   2      9,-2.2     8,-3.0    -2,-0.5     9,-1.3  -0.690  24.2-162.8 -81.2 132.4   23.0   54.3    6.1
   36  580 A R  E     -IJ  42  71B  12     35,-2.3    35,-1.4    -2,-0.4     6,-0.2  -0.900  17.0-118.4-123.8 149.8   23.7   56.8    8.9
   37  581 A T    >   -     0   0   27      4,-2.1     3,-0.9    -2,-0.3    33,-0.1  -0.111  45.3 -94.2 -69.4 174.1   24.7   60.4    9.3
   38  582 A R  T 3  S+     0   0  158      1,-0.2    -1,-0.1    31,-0.2    32,-0.1   0.915 128.1  49.1 -57.7 -41.8   27.9   61.4   10.9
   39  583 A F  T 3  S-     0   0  179     30,-0.1    -1,-0.2     2,-0.1    30,-0.0   0.596 127.0 -94.1 -76.5 -13.4   26.1   61.8   14.2
   40  584 A G  S <  S+     0   0   36     -3,-0.9     2,-0.6     1,-0.3    -2,-0.1   0.696  73.0 140.5 110.4  23.2   24.3   58.4   14.0
   41  585 A M        -     0   0  106      2,-0.0    -4,-2.1     0, 0.0    -1,-0.3  -0.876  49.9-127.5-104.2 124.0   20.9   58.9   12.5
   42  586 A H  E     +I   36   0B  24     -2,-0.6    -6,-0.3    37,-0.4     3,-0.1  -0.424  41.6 155.2 -63.1 135.9   19.6   56.3   10.0
   43  587 A F  E     +     0   0B  57     -8,-3.0   154,-0.3     1,-0.3     2,-0.3   0.474  57.1  17.4-140.4 -10.7   18.6   58.1    6.8
   44  588 A C  E     -I   35   0B   5     -9,-1.3    -9,-2.2   152,-0.1    -1,-0.3  -0.925  64.8-125.0-153.7 173.9   18.8   55.5    4.0
   45  589 A G  E     +I   34   0B   0    152,-2.9    12,-0.4    -2,-0.3     2,-0.3  -0.639  26.9 165.6-118.7 179.7   19.0   51.8    3.3
   46  590 A G  E     -I   33   0B   1    -13,-0.9   -13,-2.5    -2,-0.2     2,-0.4  -0.965  28.7-108.4-176.7 177.8   21.4   49.7    1.4
   47  591 A T  E     -IK  32  55B   1      8,-2.4     8,-3.1    -2,-0.3     2,-0.5  -0.987  17.9-129.9-132.6 136.9   22.5   46.1    0.8
   48  592 A L  E     + K   0  54B   0    -17,-1.7    73,-3.1    -2,-0.4     6,-0.2  -0.712  31.4 166.5 -80.8 124.6   25.7   44.2    1.8
   49  593 A I  E    S+     0   0B  12      4,-2.0     5,-0.2    -2,-0.5    -1,-0.2   0.419  71.3   0.5-117.6  -4.1   27.0   42.5   -1.4
   50  594 A S  E >  S- K   0  53B  39      3,-1.2     3,-0.7    72,-0.1    -1,-0.5  -0.916  85.9 -94.8-171.6 159.6   30.4   41.6   -0.0
   51  595 A P  T 3  S+     0   0   37      0, 0.0    61,-2.5     0, 0.0    59,-0.1   0.825 126.8  34.3 -57.5 -29.3   32.1   42.2    3.4
   52  596 A E  T 3  S+     0   0   82     59,-0.2    56,-3.2    55,-0.1     2,-0.4   0.459 112.6  70.0-103.8  -3.3   33.7   45.4    2.1
   53  597 A W  E <   -KL  50 107B   9     -3,-0.7    -4,-2.0    54,-0.2    -3,-1.2  -0.947  50.0-174.6-126.5 141.5   31.0   46.6   -0.2
   54  598 A V  E     -KL  48 106B   1     52,-2.1    52,-2.3    -2,-0.4     2,-0.6  -0.987  15.7-147.3-127.4 134.9   27.5   48.0    0.2
   55  599 A L  E     +KL  47 105B   0     -8,-3.1    -8,-2.4    -2,-0.4    50,-0.2  -0.919  34.6 146.2-106.3 123.5   25.1   48.8   -2.7
   56  600 A T  E     - L   0 104B   0     48,-2.5    48,-2.4    -2,-0.6     2,-0.4  -0.584  48.9 -70.8-135.2-164.6   22.8   51.8   -2.2
   57  601 A A    >   -     0   0    0    -12,-0.4     3,-1.3    46,-0.3     4,-0.4  -0.814  28.5-134.7-100.9 140.9   21.1   54.6   -4.1
   58  602 A A  G >  S+     0   0   17     -2,-0.4     3,-2.0     1,-0.3     4,-0.1   0.871 104.1  68.4 -58.2 -35.9   23.0   57.6   -5.5
   59  603 A H  G >  S+     0   0   93      1,-0.3     3,-1.2     2,-0.2    -1,-0.3   0.787  90.0  63.4 -53.5 -31.9   20.3   59.8   -4.1
   60  604 A C  G <  S+     0   0    5     -3,-1.3     3,-0.3     1,-0.2    -1,-0.3   0.704 101.6  49.1 -68.7 -21.2   21.4   58.9   -0.6
   61  605 A L  G X  S+     0   0   12     -3,-2.0     3,-0.7    -4,-0.4    -1,-0.2   0.214  77.1 107.5-104.7  15.7   24.9   60.5   -1.1
   62  606 A E  T <  S+     0   0  150     -3,-1.2    -1,-0.2     1,-0.2    -2,-0.1   0.709  73.4  57.3 -66.6 -21.2   23.6   63.8   -2.5
   63  607 A K  T 3  S+     0   0  152     -3,-0.3    -1,-0.2     1,-0.2    -2,-0.1   0.741 116.2  15.6 -84.3 -24.4   24.4   65.8    0.7
   64  608 A S    <   -     0   0   13     -3,-0.7    -1,-0.2     1,-0.1     5,-0.1  -0.965  44.3-158.6-156.7 138.2   28.1   65.0    0.8
   65  609 A P  S    S+     0   0  106      0, 0.0    29,-0.2     0, 0.0    -1,-0.1   0.568  70.9 102.3 -85.8 -11.3   31.0   63.6   -1.3
   66  610 A R    >   -     0   0  156      1,-0.2     3,-2.2    27,-0.1     4,-0.2  -0.638  63.1-153.3 -79.6 121.0   33.0   62.7    1.8
   67  611 A P  G >  S+     0   0   17      0, 0.0     3,-2.5     0, 0.0    24,-0.6   0.873  95.8  68.5 -58.3 -35.2   32.9   59.0    2.6
   68  612 A S  G 3  S+     0   0   54      1,-0.3    24,-0.1    24,-0.2    -2,-0.1   0.560  85.3  69.4 -61.2  -9.2   33.6   60.1    6.2
   69  613 A S  G <  S+     0   0   25     -3,-2.2     2,-0.4    22,-0.1    -1,-0.3   0.521  98.5  61.2 -86.7  -4.9   30.1   61.6    6.2
   70  614 A Y    <   +     0   0    4     -3,-2.5    21,-2.5    21,-0.3     2,-0.3  -0.963  54.2 175.2-129.6 141.6   28.6   58.1    6.1
   71  615 A K  E     -JM  36  90B  71    -35,-1.4   -35,-2.3    -2,-0.4     2,-0.4  -0.979  23.3-135.3-137.0 144.8   28.8   55.0    8.4
   72  616 A V  E     -JM  35  89B   0     17,-2.9    17,-2.4    -2,-0.3     2,-0.6  -0.880   5.5-150.6-111.0 138.9   26.9   51.8    7.9
   73  617 A I  E     -JM  34  88B   3    -39,-2.1   -39,-1.1    -2,-0.4     2,-0.4  -0.920  17.6-170.0-107.3 121.7   25.0   49.8   10.6
   74  618 A L  E     +JM  33  87B   1     13,-2.6    13,-2.3    -2,-0.6   -41,-0.1  -0.887  61.1  22.8-115.5 142.7   24.8   46.0   10.0
   75  619 A G  S    S+     0   0    9    -43,-0.6    -1,-0.2    -2,-0.4    10,-0.1   0.532  85.3 145.1  86.4  10.7   22.7   43.4   11.8
   76  620 A A        +     0   0    8    -44,-0.3   -49,-0.3    -3,-0.2    -1,-0.2  -0.233  32.2 168.3 -80.7 165.0   20.1   45.8   13.1
   77  621 A H  S    S+     0   0   18      1,-0.2    76,-1.5   -51,-0.1     2,-0.3   0.298  71.0  70.1-141.0 -30.7   16.3   45.4   13.6
   78  622 A Q  B     -O  152   0C  47     74,-0.2    -1,-0.2     1,-0.1    74,-0.2  -0.679  66.9-153.5 -92.6 150.3   15.8   48.6   15.6
   79  623 A E  S    S+     0   0   59     72,-2.2   -37,-0.4    -2,-0.3     3,-0.2   0.828  89.1  11.3 -90.4 -38.4   16.1   51.9   13.9
   80  624 A V  S    S+     0   0   93     71,-0.3     2,-1.2     1,-0.2    -2,-0.1   0.830 125.9  48.2-108.0 -50.5   17.2   54.1   16.9
   81  625 A N  S    S-     0   0  129     70,-0.1    -1,-0.2     0, 0.0    -2,-0.1  -0.655  82.4-161.7 -99.8  80.4   18.0   51.9   19.8
   82  626 A L        -     0   0   46     -2,-1.2    -3,-0.1    -3,-0.2    -6,-0.1  -0.135  21.1-104.9 -61.7 152.1   20.3   49.4   18.2
   83  627 A E    >   -     0   0   49     -5,-0.1     3,-1.6     1,-0.1    -1,-0.1  -0.407  29.8-117.2 -73.6 151.7   21.2   46.1   19.7
   84  628 A P  T 3  S+     0   0  119      0, 0.0    -1,-0.1     0, 0.0    -2,-0.1   0.775 112.9  63.1 -63.6 -25.6   24.8   45.8   21.2
   85  629 A H  T 3  S+     0   0  150    -10,-0.1     2,-0.1     2,-0.1    -9,-0.0   0.518  79.1 119.1 -76.5  -4.6   25.7   43.1   18.7
   86  630 A V    <   -     0   0   16     -3,-1.6     2,-0.5     1,-0.1   -11,-0.2  -0.373  61.0-134.0 -65.9 138.3   25.2   45.7   15.9
   87  631 A Q  E     -M   74   0B  30    -13,-2.3   -13,-2.6    -2,-0.1     2,-0.5  -0.822  15.2-165.3 -97.7 130.8   28.3   46.5   13.7
   88  632 A E  E     +M   73   0B 118     -2,-0.5     2,-0.4   -15,-0.2   -15,-0.2  -0.965  13.0 175.6-117.2 115.7   29.1   50.1   12.9
   89  633 A I  E     -M   72   0B  17    -17,-2.4   -17,-2.9    -2,-0.5    23,-0.0  -0.976  25.4-130.1-128.1 122.4   31.6   50.6   10.1
   90  634 A E  E     -M   71   0B  85     -2,-0.4    19,-2.4   -19,-0.3     2,-0.5  -0.255  28.6-112.8 -64.3 150.8   32.7   53.9    8.6
   91  635 A V  E     -N  108   0B   0    -21,-2.5   -21,-0.3   -24,-0.6    17,-0.2  -0.775  27.3-173.7 -92.0 127.5   32.6   54.3    4.8
   92  636 A S  E     +     0   0B  45     15,-3.0     2,-0.3    -2,-0.5   -24,-0.2   0.847  65.5  12.9 -87.5 -40.1   36.0   54.7    3.1
   93  637 A R  E     -N  107   0B 140     14,-1.2    14,-2.9   -26,-0.1     2,-0.4  -0.998  60.6-147.8-143.0 146.6   35.1   55.4   -0.6
   94  638 A L  E     -N  106   0B  37     -2,-0.3     2,-0.4    12,-0.2    12,-0.2  -0.916   9.5-172.7-115.1 140.8   32.0   56.4   -2.6
   95  639 A F  E     -N  105   0B  42     10,-2.7    10,-3.0    -2,-0.4     2,-0.2  -0.902   6.7-162.0-136.3 107.2   31.2   55.4   -6.2
   96  640 A L  E     -N  104   0B  99     -2,-0.4     8,-0.2     8,-0.2     6,-0.1  -0.584  36.9 -94.9 -86.9 148.2   28.2   56.9   -8.1
   97  641 A E    >   -     0   0   19      6,-1.9     3,-1.4     4,-0.4    -1,-0.1  -0.443  33.6-131.6 -63.6 129.2   26.8   55.3  -11.2
   98  642 A P  T 3  S+     0   0   94      0, 0.0    -1,-0.1     0, 0.0    -2,-0.0   0.585  99.9  52.2 -58.1 -18.2   28.4   57.0  -14.3
   99  643 A T  T 3  S-     0   0   76      2,-0.1    -2,-0.1     0, 0.0    -3,-0.0   0.023 117.4-101.6-112.3  29.0   25.2   57.5  -16.2
  100  644 A R  S <  S+     0   0  236     -3,-1.4     2,-0.1     1,-0.2    -3,-0.0   0.659  70.2 149.5  65.8  18.5   23.2   59.3  -13.4
  101  645 A K        -     0   0   63      2,-0.1     2,-2.2     1,-0.1    -4,-0.4  -0.516  61.7-102.8 -80.1 153.9   21.1   56.3  -12.5
  102  646 A D  S    S+     0   0   32     -2,-0.1     2,-0.3   -45,-0.1   129,-0.2  -0.409  88.0  98.5 -79.0  67.6   20.0   56.0   -8.8
  103  647 A I        +     0   0    0     -2,-2.2    -6,-1.9   -46,-0.3     2,-0.3  -0.986  42.4 167.4-152.7 138.6   22.6   53.4   -7.7
  104  648 A A  E     -LN  56  96B   0    -48,-2.4   -48,-2.5    -2,-0.3     2,-0.4  -0.984  25.0-129.3-152.2 160.1   26.0   53.8   -6.0
  105  649 A L  E     -LN  55  95B   0    -10,-3.0   -10,-2.7    -2,-0.3     2,-0.4  -0.914  13.1-163.3-116.8 142.4   28.7   51.8   -4.2
  106  650 A L  E     -LN  54  94B   0    -52,-2.3   -52,-2.1    -2,-0.4     2,-0.6  -0.987  11.9-145.2-123.4 131.3   30.2   52.4   -0.8
  107  651 A K  E     -LN  53  93B  62    -14,-2.9   -15,-3.0    -2,-0.4   -14,-1.2  -0.857  19.4-129.5 -98.6 125.7   33.5   50.8    0.2
  108  652 A L  E     - N   0  91B   2    -56,-3.2   -17,-0.2    -2,-0.6   -18,-0.1  -0.577   6.4-139.1 -74.8 130.6   33.6   49.9    3.9
  109  653 A S  S    S+     0   0   54    -19,-2.4    -1,-0.2    -2,-0.3   -18,-0.1   0.721  94.5  26.8 -61.2 -18.2   36.8   51.1    5.5
  110  654 A S  S    S-     0   0   69    -20,-0.4    -1,-0.2   -59,-0.1   -18,-0.0  -0.997  97.9 -98.5-146.4 138.2   36.8   47.8    7.3
  111  655 A P        -     0   0   84      0, 0.0   -59,-0.2     0, 0.0     2,-0.2  -0.252  39.6-111.8 -58.8 141.0   35.4   44.4    6.3
  112  656 A A        -     0   0    6    -61,-2.5     2,-0.9   -62,-0.1   -60,-0.0  -0.506  27.2-120.8 -72.7 137.8   32.0   43.4    7.7
  113  657 A V        -     0   0   91     -2,-0.2     2,-0.5     6,-0.0    -1,-0.1  -0.743  28.1-135.0 -81.7 109.2   32.2   40.5   10.1
  114  658 A I        +     0   0   48     -2,-0.9     2,-0.2     2,-0.1     5,-0.2  -0.551  42.9 151.9 -70.7 120.2   30.0   37.8    8.5
  115  659 A T        -     0   0   44      3,-1.6     3,-0.1    -2,-0.5   -40,-0.0  -0.531  63.2 -80.5-130.8-165.0   27.8   36.4   11.3
  116  660 A D  S    S+     0   0   92      1,-0.2  -108,-0.7    -2,-0.2  -107,-0.3   0.714 133.0  38.6 -77.3 -19.4   24.3   34.8   11.6
  117  661 A K  S    S+     0   0   80      1,-0.2     2,-0.4  -110,-0.1   -42,-0.2   0.377 114.8  57.6-107.9  -1.3   22.8   38.3   11.5
  118  662 A V        +     0   0    2     -3,-0.1    -3,-1.6   -44,-0.1   -87,-0.2  -0.889  63.6 143.0-136.7 102.5   25.1   39.8    8.9
  119  663 A I        -     0   0    0    -89,-0.9   -71,-0.2    -2,-0.4     2,-0.1  -0.997  45.6-113.4-141.4 141.4   25.3   38.1    5.5
  120  664 A P        -     0   0   12      0, 0.0  -115,-2.1     0, 0.0  -114,-0.3  -0.406  28.3-122.1 -73.9 149.0   25.6   39.5    2.0
  121  665 A A        -     0   0    2    -73,-3.1    89,-0.1  -117,-0.3  -117,-0.1  -0.564  31.2-108.0 -86.9 156.0   22.9   39.2   -0.6
  122  666 A C  B     -b  210   0A   5     87,-1.4    89,-2.6    -2,-0.2    -1,-0.1  -0.454  28.1-131.2 -81.5 157.8   23.6   37.5   -3.9
  123  667 A L        -     0   0   51     87,-0.2    89,-0.1    -2,-0.1     2,-0.1  -0.863  18.2-116.1-111.7 146.7   23.9   39.4   -7.2
  124  668 A P        -     0   0    9      0, 0.0     3,-0.1     0, 0.0    -1,-0.0  -0.337  35.9 -98.6 -74.6 158.5   22.1   38.6  -10.5
  125  669 A S    >   -     0   0   90      1,-0.2     3,-2.0    -2,-0.1   112,-0.1  -0.504  64.2 -70.8 -73.7 148.2   24.1   37.7  -13.6
  126  670 A P  T 3  S-     0   0   48      0, 0.0   109,-0.2     0, 0.0    -1,-0.2  -0.066 114.9  -2.2 -44.4 133.1   24.5   40.7  -16.0
  127  671 A N  T 3  S+     0   0   87    107,-3.2     2,-0.2     1,-0.2   108,-0.1   0.605  85.4 160.5  57.9  18.4   21.3   41.8  -17.7
  128  672 A Y    <   -     0   0   82     -3,-2.0     2,-0.7   106,-0.2   106,-0.2  -0.484  31.8-146.3 -66.6 135.7   19.2   39.0  -16.2
  129  673 A V        -     0   0   70     -2,-0.2     3,-0.1    -3,-0.1    -1,-0.1  -0.909  16.2-128.5-108.3 107.6   15.5   40.0  -16.4
  130  674 A V        -     0   0    6     -2,-0.7     3,-0.1    82,-0.1     4,-0.0  -0.296  38.5 -99.3 -56.1 135.1   13.7   38.7  -13.4
  131  675 A A    >   -     0   0   53      1,-0.1     3,-2.1     2,-0.1    29,-0.3  -0.187  41.7 -87.3 -62.5 146.2   10.6   36.8  -14.6
  132  676 A D  T 3  S+     0   0   71      1,-0.3    29,-0.2    -3,-0.1    -1,-0.1  -0.205 111.5   9.3 -51.3 134.7    7.1   38.3  -14.7
  133  677 A R  T 3  S+     0   0  109     27,-2.6    -1,-0.3     1,-0.2    28,-0.1   0.527  84.1 158.0  70.7   8.2    5.2   37.8  -11.4
  134  678 A T    <   -     0   0   27     -3,-2.1    26,-2.3    25,-0.1     2,-0.5  -0.373  47.5-113.1 -62.0 143.3    8.3   36.5   -9.5
  135  679 A E  E     +C  159   0A 116     24,-0.2    69,-0.7    69,-0.2     2,-0.3  -0.701  46.6 168.3 -84.5 126.8    7.7   37.1   -5.8
  136  680 A C  E     -CD 158 203A   0     22,-1.5    22,-2.6    -2,-0.5     2,-0.4  -0.806  24.4-137.0-130.4 172.1   10.0   39.6   -4.2
  137  681 A F  E     -CD 157 202A   2     65,-2.6    65,-2.3    -2,-0.3     2,-0.4  -0.998   1.5-156.7-137.1 133.1   10.4   41.6   -1.0
  138  682 A I  E     -CD 156 201A   4     18,-1.8    18,-1.3    -2,-0.4     2,-0.3  -0.875  24.0-170.6-102.4 138.0   11.3   45.2   -0.3
  139  683 A T  E     +C  155   0A   1     61,-1.5    57,-0.6    -2,-0.4     2,-0.3  -0.944  23.4  97.4-132.0 155.3   12.7   45.7    3.2
  140  684 A G  E     -C  154   0A   3     14,-2.0    14,-2.4    -2,-0.3    55,-0.2  -0.914  62.1-103.0 156.4 179.1   13.6   48.7    5.3
  141  685 A W        +     0   0    8     -2,-0.3    54,-0.2    12,-0.2    11,-0.1   0.860  62.2 135.1 -96.9 -66.3   12.5   51.0    8.1
  142  686 A G        -     0   0   13      1,-0.1     2,-0.9    52,-0.1     9,-0.3   0.091  70.0 -19.4  49.3-162.4   11.4   54.2    6.3
  143  687 A E        -     0   0  159     52,-0.4     2,-1.0    50,-0.3    -1,-0.1  -0.682  62.0-149.0 -83.0 103.6    8.2   56.1    7.1
  144  688 A T        -     0   0   45     -2,-0.9     6,-0.1     1,-0.2    -2,-0.1  -0.621   4.2-161.8 -74.2 103.7    5.8   53.8    9.0
  145  689 A Q  S    S+     0   0  130     -2,-1.0    -1,-0.2  -125,-0.1    -2,-0.0   0.741  83.2  40.9 -59.1 -22.5    2.4   55.0    7.9
  146  690 A G  S    S-     0   0   46      2,-0.2     3,-0.1  -126,-0.1    -2,-0.1   0.428  85.0-132.4 -93.2-125.5    1.0   53.2   10.9
  147  691 A T  S >  S+     0   0   98      1,-0.1     3,-0.9     3,-0.0     2,-0.7   0.148  73.9 105.1-174.4  -7.4    2.8   53.2   14.3
  148  692 A F  T 3  S+     0   0  185      1,-0.3    -2,-0.2     3,-0.0    -1,-0.1  -0.809  99.3   7.0 -90.1 112.2    2.6   49.4   14.9
  149  693 A G  T >  S+     0   0   19     -2,-0.7     3,-1.6     1,-0.3    -1,-0.3   0.588  93.2 161.7  89.1  10.8    6.1   48.1   14.4
  150  694 A A  T <   +     0   0   45     -3,-0.9    -1,-0.3     1,-0.2     3,-0.1  -0.430  63.4  23.7 -66.2 136.8    7.4   51.7   13.9
  151  695 A G  T 3  S+     0   0   13      1,-0.3   -72,-2.2    -9,-0.3   -71,-0.3   0.321 106.7  97.3  90.2  -8.5   11.1   51.9   14.4
  152  696 A L  B <  S-O   78   0C  45     -3,-1.6    -1,-0.3   -74,-0.2   -74,-0.2  -0.760  86.6 -85.8-112.3 160.2   11.7   48.2   13.5
  153  697 A L        -     0   0    3    -76,-1.5  -129,-2.5    -2,-0.3     2,-0.3  -0.401  49.5-168.6 -65.8 134.0   12.6   46.6   10.2
  154  698 A K  E     -AC  23 140A  28    -14,-2.4   -14,-2.0  -131,-0.3     2,-0.3  -0.792   8.2-160.3-121.4 165.4    9.6   45.9    7.9
  155  699 A E  E     -AC  22 139A   3   -133,-2.6  -133,-2.4    -2,-0.3     2,-0.3  -0.933   3.2-164.8-140.5 162.4    9.0   43.9    4.8
  156  700 A A  E     - C   0 138A   7    -18,-1.3   -18,-1.8    -2,-0.3     2,-0.6  -0.978  21.3-129.3-150.8 135.4    6.5   43.8    1.9
  157  701 A Q  E     + C   0 137A  53     -2,-0.3   -20,-0.2  -142,-0.3  -136,-0.1  -0.799  31.7 176.1 -90.1 124.8    5.8   41.1   -0.7
  158  702 A L  E     - C   0 136A  17    -22,-2.6   -22,-1.5    -2,-0.6     2,-0.3  -0.986  20.9-144.1-131.7 120.5    5.7   42.6   -4.2
  159  703 A P  E     - C   0 135A  25      0, 0.0    25,-3.0     0, 0.0   -24,-0.2  -0.622  30.2-109.9 -82.9 145.8    5.3   40.5   -7.4
  160  704 A V  E     -E  183   0A   3    -26,-2.3   -27,-2.6    23,-0.3     2,-0.5  -0.476  23.1-152.6 -76.0 144.7    7.3   41.8  -10.4
  161  705 A I  E     -E  182   0A   3     21,-2.6    21,-0.8   -29,-0.2     5,-0.1  -0.980  27.8-114.8-116.7 114.9    5.3   43.3  -13.3
  162  706 A E    >>  -     0   0   51     -2,-0.5     4,-2.5     1,-0.1     3,-1.3  -0.182  23.8-116.6 -52.8 139.3    7.1   42.9  -16.6
  163  707 A N  H 3> S+     0   0   22      1,-0.3     4,-2.3     2,-0.2    11,-0.2   0.831 111.6  62.7 -44.7 -43.6    8.2   46.2  -18.1
  164  708 A K  H 34 S+     0   0  143      1,-0.2    -1,-0.3     2,-0.2    10,-0.1   0.865 112.7  34.1 -52.3 -45.0    6.0   45.7  -21.2
  165  709 A V  H X4 S+     0   0   47     -3,-1.3     3,-1.8     2,-0.2    -1,-0.2   0.853 113.5  58.6 -80.6 -38.9    2.8   45.7  -19.0
  166  710 A C  H 3< S+     0   0    0     -4,-2.5     6,-2.6     1,-0.3     7,-0.3   0.842 102.4  56.7 -59.7 -32.9    4.0   48.2  -16.5
  167  711 A N  T 3< S+     0   0   38     -4,-2.3     7,-1.1    -5,-0.3    -1,-0.3   0.489  78.6 126.0 -80.5  -1.8    4.5   50.7  -19.3
  168  712 A R  S X >S-     0   0  134     -3,-1.8     3,-2.5     5,-0.2     5,-1.9  -0.225  76.1-105.2 -58.1 148.9    0.9   50.4  -20.5
  169  713 A Y  T 3 5S+     0   0  177      1,-0.3    -1,-0.1     3,-0.2    -3,-0.0   0.761 117.7  54.0 -42.3 -46.5   -0.9   53.8  -20.7
  170  714 A E  T 3 5S+     0   0  100      2,-0.1    -1,-0.3     3,-0.0    -2,-0.1   0.553 121.8  28.1 -71.6  -7.8   -3.1   53.4  -17.6
  171  715 A F  T < 5S-     0   0   19     -3,-2.5    -4,-0.2    -6,-0.1    -2,-0.1   0.514 135.4 -13.8-117.2-100.2    0.1   52.7  -15.5
  172  716 A L  T > 5S-     0   0   12     -6,-2.6     3,-1.8    -4,-0.2    -5,-0.2   0.489  75.6-142.8 -90.7  -2.2    3.7   53.9  -16.2
  173  717 A N  T 3 < -     0   0  106     -5,-1.9    -5,-0.2    -7,-0.3    -6,-0.2   0.846  65.9 -50.2  44.9  50.7    2.9   55.0  -19.7
  174  718 A G  T 3  S+     0   0   42     -7,-1.1    -1,-0.3   -11,-0.2    -7,-0.1   0.574 108.2 116.9  70.4  11.9    6.2   54.0  -21.3
  175  719 A R    <   +     0   0  168     -3,-1.8     2,-0.7    -9,-0.2    -2,-0.1   0.586  48.3  93.2 -87.7 -10.0    8.4   55.7  -18.7
  176  720 A V        -     0   0    5    -13,-0.2     2,-0.1     2,-0.0    -9,-0.1  -0.755  61.2-167.5 -86.2 113.2   10.1   52.5  -17.3
  177  721 A Q    >   -     0   0  125     -2,-0.7     3,-1.9     4,-0.1    -2,-0.1  -0.315  39.8 -88.3 -95.0-178.9   13.3   51.8  -19.2
  178  722 A S  T 3  S+     0   0   73      1,-0.3    57,-0.1    -2,-0.1    -1,-0.1   0.734 123.9  63.0 -59.0 -24.6   15.6   48.7  -19.4
  179  723 A T  T 3  S+     0   0   31     52,-0.1    53,-1.9    55,-0.1    -1,-0.3   0.227 104.5  58.3 -87.1  14.7   17.5   50.0  -16.3
  180  724 A E  E <   - F   0 231A  20     -3,-1.9     2,-0.3    51,-0.3    51,-0.2  -0.892  60.4-164.2-137.6 168.0   14.4   49.7  -14.2
  181  725 A L  E     - F   0 230A   0     49,-2.2    49,-3.4    -2,-0.3     2,-0.4  -0.983  16.4-129.7-150.4 155.5   11.8   47.1  -13.1
  182  726 A C  E     +EF 161 229A   0    -21,-0.8   -21,-2.6    -2,-0.3     2,-0.3  -0.897  23.1 173.1-112.0 140.8    8.3   47.2  -11.6
  183  727 A A  E     +EF 160 228A   0     45,-1.6    45,-0.8    -2,-0.4     2,-0.3  -0.973  43.6  46.6-145.5 125.6    7.2   45.2   -8.5
  184  728 A G  S    S-     0   0    4    -25,-3.0     2,-0.4    -2,-0.3    -2,-0.0  -0.997  85.2 -34.1 146.6-150.6    3.9   45.6   -6.9
  185  729 A H        -     0   0   57     -2,-0.3    38,-0.3    41,-0.2     4,-0.2  -0.885  20.9-157.7-118.5 146.1    0.2   45.8   -7.7
  186  730 A L  S    S+     0   0   43     -2,-0.4     2,-0.3     1,-0.3    -1,-0.1   0.663  90.9  20.7 -87.8 -17.8   -1.6   47.2  -10.7
  187  731 A A  S    S+     0   0   64      1,-0.1    -1,-0.3    39,-0.1    38,-0.2  -0.988 122.4  20.2-152.0 139.1   -4.8   47.5   -8.6
  188  732 A G  S    S+     0   0   56     36,-0.4    37,-0.2    -2,-0.3  -169,-0.2   0.830  82.3 150.6  73.8  32.4   -5.5   47.6   -4.8
  189  733 A G        -     0   0   17     35,-3.5    -1,-0.2    34,-0.3     2,-0.1  -0.430  50.1 -95.8 -92.5 170.5   -2.0   48.6   -3.9
  190  734 A T        -     0   0   19   -171,-0.2     2,-0.7    -2,-0.1    -1,-0.1  -0.343  30.1-124.9 -77.9 164.1   -0.9   50.7   -0.9
  191  735 A D        +     0   0  110     32,-0.1     2,-0.3    33,-0.1    32,-0.2  -0.833  69.8  81.8-114.0  92.2   -0.3   54.4   -1.3
  192  736 A S  B    S-P  222   0D  33     30,-1.0    30,-0.8    -2,-0.7     2,-0.7  -0.908  80.1 -99.7 177.6 153.4    3.2   55.1   -0.1
  193  737 A C        -     0   0   49     -2,-0.3   -50,-0.3    28,-0.2     2,-0.2  -0.768  51.9-145.2 -83.0 118.4    6.9   55.0   -0.9
  194  738 A Q        -     0   0   27     -2,-0.7   -55,-0.1   -52,-0.1   -52,-0.1  -0.525  47.1  -3.6 -91.9 158.3    8.1   51.8    0.6
  195  739 A G  S    S-     0   0   15    -54,-0.2   -52,-0.4   -55,-0.2     2,-0.4  -0.231  98.3 -51.7  67.3-154.8   11.4   50.9    2.3
  196  740 A D    >   -     0   0    4    -57,-0.6     3,-3.2   -54,-0.1    19,-0.2  -0.905  62.4 -94.2-116.7 147.0   14.3   53.3    2.5
  197  741 A A  T 3  S+     0   0    5     -2,-0.4  -152,-2.9  -154,-0.3    19,-0.2  -0.411 121.5  21.9 -56.2 138.5   15.8   55.1   -0.4
  198  742 A G  T 3  S+     0   0    1     17,-2.8    -1,-0.3     1,-0.2    18,-0.1   0.306  97.4 141.0  84.0 -11.3   18.6   52.8   -1.5
  199  743 A G    <   -     0   0    0     -3,-3.2    16,-2.7    15,-0.1    -1,-0.2  -0.138  52.1 -99.7 -62.2 161.1   16.9   49.9    0.2
  200  744 A P  E     - G   0 214A   0      0, 0.0   -61,-1.5     0, 0.0     2,-0.4  -0.409  19.8-162.4 -86.4 159.3   16.9   46.4   -1.3
  201  745 A L  E     -DG 138 213A   0     12,-1.4    11,-1.9   -63,-0.2    12,-1.7  -0.942  23.7-174.8-136.1 106.6   14.3   44.5   -3.3
  202  746 A V  E     -DG 137 211A   0    -65,-2.3   -65,-2.6    -2,-0.4     2,-0.4  -0.851  13.0-160.9-111.5 146.3   15.2   40.8   -3.2
  203  747 A C  E     -DG 136 210A   6      7,-2.5     7,-2.7    -2,-0.4   -67,-0.2  -0.990  21.5-124.0-127.3 131.4   13.6   37.8   -5.0
  204  748 A F  E     + G   0 209A  76    -69,-0.7     5,-0.2    -2,-0.4   -69,-0.2  -0.479  32.7 172.5 -72.2 139.3   14.0   34.2   -4.0
  205  749 A E        -     0   0  104      3,-2.6    -1,-0.1    -2,-0.2     4,-0.1   0.453  60.0 -34.0-112.3-107.8   15.3   31.9   -6.7
  206  750 A K  S    S-     0   0  195      2,-0.1    -2,-0.1     3,-0.0     3,-0.1   0.961 127.7 -22.3 -83.8 -64.9   16.3   28.3   -6.1
  207  751 A D  S    S+     0   0   76      1,-0.1     2,-0.3     2,-0.0    -3,-0.0   0.210 126.3  51.4-131.6   8.5   17.7   28.2   -2.6
  208  752 A K  S    S-     0   0   74   -202,-0.1    -3,-2.6    -5,-0.1     2,-0.4  -0.978  77.1-106.4-149.1 161.5   18.8   31.9   -2.1
  209  753 A Y  E     - G   0 204A   8   -204,-2.1   -87,-1.4    -2,-0.3     2,-0.4  -0.745  30.7-156.7 -90.5 130.1   17.6   35.5   -2.3
  210  754 A I  E     -bG 122 203A   9     -7,-2.7    -7,-2.5    -2,-0.4     2,-0.8  -0.911  18.1-127.3-109.8 132.3   18.9   37.6   -5.2
  211  755 A L  E     + G   0 202A   0    -89,-2.6    -9,-0.2    -2,-0.4     3,-0.1  -0.681  41.4 159.3 -77.5 110.4   19.1   41.4   -5.0
  212  756 A Q  E     +     0   0A   3    -11,-1.9    21,-1.7    -2,-0.8    22,-0.4   0.591  55.8  32.8-109.6 -13.1   17.3   42.4   -8.2
  213  757 A G  E     -HG 232 201A   0    -12,-1.7   -12,-1.4    19,-0.2     2,-0.4  -0.997  56.0-148.9-148.3 149.8   16.3   46.0   -7.4
  214  758 A V  E     -HG 231 200A   1     17,-1.7    17,-2.3    -2,-0.3     2,-0.4  -0.920  37.8-108.0-112.9 141.1   17.4   49.1   -5.5
  215  759 A T  E     +H  230   0A   2    -16,-2.7   -17,-2.8    -2,-0.4     2,-0.4  -0.537  41.3 167.3 -77.0 126.5   14.8   51.5   -4.0
  216  760 A S    >   -     0   0    5     13,-0.6     3,-1.0    -2,-0.4     4,-0.5  -0.899  19.3-169.3-140.5 105.5   14.4   54.8   -5.8
  217  761 A W  G >  S+     0   0   86     -2,-0.4     3,-0.6     1,-0.3     4,-0.2   0.727  87.1  66.3 -67.3 -22.6   11.3   56.9   -4.9
  218  762 A G  G 3  S+     0   0   77      1,-0.2    -1,-0.3     2,-0.1     3,-0.1   0.788  93.6  60.1 -69.0 -26.5   12.0   59.2   -7.8
  219  763 A L  G <  S-     0   0   51     -3,-1.0    -1,-0.2    10,-0.2    -2,-0.2   0.736 129.7 -71.3 -72.0 -22.7   11.2   56.4  -10.2
  220  764 A G    <   -     0   0   26     -3,-0.6     9,-2.0    -4,-0.5     2,-0.2  -0.061  42.5-124.3 131.8 127.0    7.8   56.2   -8.7
  221  765 A C        -     0   0   31     -4,-0.2   -28,-0.2     7,-0.2    -4,-0.0  -0.592  43.5 -83.4 -93.8 156.2    6.1   55.1   -5.4
  222  766 A A  B     -P  192   0D  13    -30,-0.8   -30,-1.0    -2,-0.2    -1,-0.1  -0.213  50.3-176.6 -55.3 143.8    3.4   52.6   -5.0
  223  767 A R  B >   -Q  226   0E 146      3,-2.9     3,-1.3   -38,-0.3   -34,-0.3  -0.887  45.8 -93.0-136.7 164.8   -0.1   54.0   -5.6
  224  768 A P  T 3  S+     0   0   59      0, 0.0   -35,-3.5     0, 0.0   -36,-0.4   0.909 128.1  13.7 -47.8 -42.6   -3.5   52.4   -5.2
  225  769 A N  T 3  S+     0   0   88    -38,-0.2   -39,-0.1   -37,-0.2   -34,-0.1  -0.071 118.8  75.5-125.6  33.3   -3.3   51.6   -8.9
  226  770 A K  B <   -Q  223   0E  63     -3,-1.3    -3,-2.9   -41,-0.1   -41,-0.2  -0.982  69.3-136.3-144.6 127.6    0.3   52.2   -9.8
  227  771 A P        -     0   0    4      0, 0.0   -43,-0.2     0, 0.0     2,-0.2  -0.507  28.5-106.2 -83.7 156.8    3.3   49.9   -8.9
  228  772 A G  E     -F  183   0A   2    -45,-0.8   -45,-1.6    -2,-0.1     2,-0.4  -0.502  31.3-133.0 -77.7 151.7    6.5   51.3   -7.6
  229  773 A V  E     -F  182   0A   5     -9,-2.0   -13,-0.6   -13,-0.2     2,-0.3  -0.888  20.8-164.5-110.0 138.9    9.5   51.3   -9.9
  230  774 A Y  E     -FH 181 215A  11    -49,-3.4   -49,-2.2    -2,-0.4     2,-0.4  -0.859  30.1-101.8-122.4 154.1   13.0   50.0   -8.9
  231  775 A V  E     -FH 180 214A   4    -17,-2.3   -17,-1.7    -2,-0.3     2,-0.9  -0.628  42.7-123.3 -73.6 125.2   16.5   50.4  -10.3
  232  776 A R  E >   - H   0 213A   8    -53,-1.9     3,-1.6    -2,-0.4   -19,-0.2  -0.631  19.9-160.3 -76.6 104.2   17.2   47.1  -12.1
  233  777 A V  G >  S+     0   0    0    -21,-1.7     3,-2.3    -2,-0.9     4,-0.4   0.819  81.8  69.8 -51.3 -40.6   20.4   45.7  -10.4
  234  778 A S  G 3  S+     0   0    1    -22,-0.4  -107,-3.2     1,-0.3     3,-0.4   0.694  92.3  58.1 -54.6 -25.1   21.2   43.3  -13.3
  235  779 A R  G <  S+     0   0   79     -3,-1.6    -1,-0.3  -109,-0.2    -2,-0.2   0.512 111.1  42.0 -84.8  -4.5   22.1   46.2  -15.7
  236  780 A F  S <> S+     0   0    5     -3,-2.3     4,-2.8    -4,-0.2    -1,-0.2   0.291  83.8  98.6-122.9   8.5   24.8   47.5  -13.3
  237  781 A V  H  > S+     0   0    4     -3,-0.4     4,-3.0    -4,-0.4     5,-0.2   0.950  84.7  48.4 -62.0 -51.5   26.3   44.2  -12.3
  238  782 A T  H  > S+     0   0   89     -4,-0.4     4,-1.7     1,-0.2    -1,-0.2   0.893 114.2  48.7 -55.2 -40.4   29.2   44.5  -14.8
  239  783 A W  H  > S+     0   0   50      2,-0.2     4,-2.0     1,-0.2    -1,-0.2   0.920 110.9  48.9 -67.0 -44.1   29.8   48.0  -13.5
  240  784 A I  H  X S+     0   0    0     -4,-2.8     4,-2.5     1,-0.2     5,-0.2   0.922 109.3  53.5 -61.9 -43.2   29.7   46.9   -9.9
  241  785 A E  H  X S+     0   0   96     -4,-3.0     4,-1.9     1,-0.2    -1,-0.2   0.877 107.5  51.7 -58.9 -40.9   32.1   44.1  -10.6
  242  786 A G  H  X S+     0   0   28     -4,-1.7     4,-0.8    -5,-0.2    -1,-0.2   0.943 110.1  46.2 -63.6 -50.1   34.6   46.5  -12.1
  243  787 A V  H >< S+     0   0   18     -4,-2.0     3,-1.4     1,-0.2     4,-0.4   0.953 114.3  48.1 -58.7 -49.7   34.6   49.0   -9.3
  244  788 A M  H >< S+     0   0   36     -4,-2.5     3,-0.6     1,-0.3    -1,-0.2   0.850 112.9  50.8 -58.2 -34.7   35.0   46.2   -6.7
  245  789 A R  H 3< S+     0   0  200     -4,-1.9    -1,-0.3    -5,-0.2    -2,-0.2   0.539 115.9  39.6 -81.8  -8.8   37.8   44.8   -8.9
  246  790 A N  T <<        0   0  128     -3,-1.4    -1,-0.2    -4,-0.8    -2,-0.2   0.179 360.0 360.0-123.8  15.3   39.7   48.1   -9.1
  247  791 A N    <         0   0   97     -3,-0.6  -154,-0.0    -4,-0.4     0, 0.0  -0.788 360.0 360.0-155.7 360.0   39.2   49.3   -5.6
