==== Secondary Structure Definition by the program DSSP, CMBI version by M.L. Hekkelman/2010-10-21 ==== DATE=2014-07-07        .
REFERENCE W. KABSCH AND C.SANDER, BIOPOLYMERS 22 (1983) 2577-2637                                                              .
                                                                                                                               .
  342  1  0  0  0 TOTAL NUMBER OF RESIDUES, NUMBER OF CHAINS, NUMBER OF SS-BRIDGES(TOTAL,INTRACHAIN,INTERCHAIN)                .
 15444.7   ACCESSIBLE SURFACE OF PROTEIN (ANGSTROM**2)                                                                         .
  239 69.9   TOTAL NUMBER OF HYDROGEN BONDS OF TYPE O(I)-->H-N(J)  , SAME NUMBER PER 100 RESIDUES                              .
   29  8.5   TOTAL NUMBER OF HYDROGEN BONDS IN     PARALLEL BRIDGES, SAME NUMBER PER 100 RESIDUES                              .
   30  8.8   TOTAL NUMBER OF HYDROGEN BONDS IN ANTIPARALLEL BRIDGES, SAME NUMBER PER 100 RESIDUES                              .
    0  0.0   TOTAL NUMBER OF HYDROGEN BONDS OF TYPE O(I)-->H-N(I-5), SAME NUMBER PER 100 RESIDUES                              .
    0  0.0   TOTAL NUMBER OF HYDROGEN BONDS OF TYPE O(I)-->H-N(I-4), SAME NUMBER PER 100 RESIDUES                              .
    3  0.9   TOTAL NUMBER OF HYDROGEN BONDS OF TYPE O(I)-->H-N(I-3), SAME NUMBER PER 100 RESIDUES                              .
    1  0.3   TOTAL NUMBER OF HYDROGEN BONDS OF TYPE O(I)-->H-N(I-2), SAME NUMBER PER 100 RESIDUES                              .
    1  0.3   TOTAL NUMBER OF HYDROGEN BONDS OF TYPE O(I)-->H-N(I-1), SAME NUMBER PER 100 RESIDUES                              .
    0  0.0   TOTAL NUMBER OF HYDROGEN BONDS OF TYPE O(I)-->H-N(I+0), SAME NUMBER PER 100 RESIDUES                              .
    0  0.0   TOTAL NUMBER OF HYDROGEN BONDS OF TYPE O(I)-->H-N(I+1), SAME NUMBER PER 100 RESIDUES                              .
   35 10.2   TOTAL NUMBER OF HYDROGEN BONDS OF TYPE O(I)-->H-N(I+2), SAME NUMBER PER 100 RESIDUES                              .
   47 13.7   TOTAL NUMBER OF HYDROGEN BONDS OF TYPE O(I)-->H-N(I+3), SAME NUMBER PER 100 RESIDUES                              .
   78 22.8   TOTAL NUMBER OF HYDROGEN BONDS OF TYPE O(I)-->H-N(I+4), SAME NUMBER PER 100 RESIDUES                              .
    7  2.0   TOTAL NUMBER OF HYDROGEN BONDS OF TYPE O(I)-->H-N(I+5), SAME NUMBER PER 100 RESIDUES                              .
  1  2  3  4  5  6  7  8  9 10 11 12 13 14 15 16 17 18 19 20 21 22 23 24 25 26 27 28 29 30     *** HISTOGRAMS OF ***           .
  0  0  0  1  3  0  1  1  0  0  2  0  0  2  0  0  0  0  1  0  0  0  0  0  0  0  0  0  0  0    RESIDUES PER ALPHA HELIX         .
  1  0  1  2  2  0  0  0  0  0  0  0  0  0  0  0  0  0  0  0  0  0  0  0  0  0  0  0  0  0    PARALLEL BRIDGES PER LADDER      .
  2  2  1  2  1  0  0  0  0  0  0  0  0  0  0  0  0  0  0  0  0  0  0  0  0  0  0  0  0  0    ANTIPARALLEL BRIDGES PER LADDER  .
  2  0  1  0  0  0  1  0  0  0  0  0  0  0  0  0  0  0  0  0  0  0  0  0  0  0  0  0  0  0    LADDERS PER SHEET                .
  #  RESIDUE AA STRUCTURE BP1 BP2  ACC     N-H-->O    O-->H-N    N-H-->O    O-->H-N    TCO  KAPPA ALPHA  PHI   PSI    X-CA   Y-CA   Z-CA 
    1  106 A A              0   0   90      0, 0.0     2,-0.5     0, 0.0    98,-0.0   0.000 360.0 360.0 360.0 102.5  -17.7   -1.2   16.0
    2  107 A V        -     0   0   53     30,-0.1    99,-0.3     1,-0.0    30,-0.2  -0.751 360.0-166.7 -88.5 125.8  -15.7   -0.0   13.0
    3  108 A I        -     0   0    1     28,-2.6    99,-0.2    -2,-0.5     2,-0.1  -0.913   9.3-153.9-116.4 104.2  -12.8    2.2   13.9
    4  109 A P        -     0   0    0      0, 0.0    99,-2.8     0, 0.0     2,-0.7  -0.414  10.9-136.0 -77.5 149.1  -11.3    4.1   10.9
    5  110 A I  E     -ab  34 103A   1     28,-2.3    30,-2.8    97,-0.2     2,-0.7  -0.947  19.2-155.1-102.5 119.0   -7.7    5.3   10.8
    6  111 A L  E     -ab  35 104A   0     97,-3.0    99,-2.9    -2,-0.7     2,-0.5  -0.886   6.8-159.6 -99.8 111.4   -7.8    8.8    9.4
    7  112 A V  E     -ab  36 105A   0     28,-2.8    30,-3.2    -2,-0.7     2,-0.5  -0.830   4.2-150.6 -94.1 124.8   -4.5    9.6    7.8
    8  113 A I  E     +ab  37 106A  13     97,-1.9    99,-2.2    -2,-0.5     2,-0.3  -0.851  27.8 164.1 -97.6 124.0   -3.7   13.3    7.4
    9  114 A A  E     +a   38   0A   2     28,-2.5    30,-2.2    -2,-0.5     4,-0.1  -0.867  16.9 154.9-136.0 166.9   -1.5   14.1    4.4
   10  115 A C  S    S-     0   0   34     -2,-0.3    32,-0.7    28,-0.2    35,-0.1   0.145  73.0 -16.0-152.9 -81.7   -0.5   17.0    2.2
   11  116 A D  S    S+     0   0   89     30,-0.1     2,-0.5    34,-0.1    33,-0.1   0.106  94.6 102.0-133.7  24.5    2.7   17.2    0.2
   12  117 A R    >   -     0   0   52      1,-0.1     3,-1.2    30,-0.1    -2,-0.2  -0.956  50.0-159.9-114.2 120.2    5.1   14.5    1.4
   13  118 A S  T >  S+     0   0   26     -2,-0.5     3,-2.1     1,-0.3    -1,-0.1   0.683  84.3  82.8 -68.5 -18.2    5.4   11.4   -0.7
   14  119 A T  T >>  +     0   0   61      1,-0.3     4,-1.2     2,-0.2     3,-0.8   0.404  57.7  95.6 -67.6   3.6    6.8    9.6    2.3
   15  120 A V  H <> S+     0   0    0     -3,-1.2     4,-3.0     1,-0.2    -1,-0.3   0.760  72.6  75.4 -62.1 -17.7    3.1    9.2    3.3
   16  121 A R  H <> S+     0   0  132     -3,-2.1     4,-3.2     1,-0.2    -1,-0.2   0.938  90.9  48.9 -56.2 -49.5    4.1    5.9    1.5
   17  122 A R  H <> S+     0   0   94     -3,-0.8     4,-1.8     2,-0.2    -1,-0.2   0.899 111.3  50.6 -59.5 -40.8    6.0    4.7    4.6
   18  123 A C  H  X S+     0   0    0     -4,-1.2     4,-1.9    89,-0.5    93,-0.3   0.966 114.5  42.4 -61.6 -52.8    3.1    5.6    6.8
   19  124 A L  H  X S+     0   0    0     -4,-3.0     4,-2.5     1,-0.2     5,-0.3   0.883 108.6  58.7 -65.0 -39.6    0.6    3.7    4.6
   20  125 A D  H  X S+     0   0   85     -4,-3.2     4,-2.0    -5,-0.2    -1,-0.2   0.948 110.5  42.3 -55.6 -49.0    2.8    0.7    4.1
   21  126 A K  H  X S+     0   0   68     -4,-1.8     4,-2.3     2,-0.2    -1,-0.2   0.881 114.1  49.9 -65.9 -41.5    3.1   -0.0    7.8
   22  127 A L  H  X S+     0   0    0     -4,-1.9     4,-1.9     1,-0.2    -1,-0.2   0.933 115.9  42.9 -61.6 -47.7   -0.6    0.6    8.6
   23  128 A L  H  < S+     0   0   45     -4,-2.5    -1,-0.2     2,-0.2    -2,-0.2   0.815 112.3  54.8 -68.7 -32.0   -1.7   -1.7    5.8
   24  129 A H  H  < S+     0   0  135     -4,-2.0    -2,-0.2    -5,-0.3    -1,-0.2   0.913 118.0  33.5 -68.8 -41.3    1.0   -4.3    6.7
   25  130 A Y  H  < S+     0   0   65     -4,-2.3    -2,-0.2    -5,-0.1    -1,-0.2   0.658  85.4 119.9 -89.1 -18.7   -0.2   -4.5   10.3
   26  131 A R     <  -     0   0   44     -4,-1.9     3,-0.2    -5,-0.2    -3,-0.0  -0.232  46.2-162.7 -51.1 122.3   -3.9   -4.0    9.9
   27  132 A P  S    S+     0   0   92      0, 0.0     2,-0.3     0, 0.0    -1,-0.2   0.645  74.3  16.2 -84.8 -11.5   -5.7   -7.1   11.2
   28  133 A S     >  -     0   0   31      1,-0.1     4,-2.2     4,-0.1     0, 0.0  -0.841  53.5-157.0-163.3 121.9   -9.0   -6.5    9.4
   29  134 A A  T  4 S+     0   0   50     -2,-0.3    -1,-0.1     1,-0.2     5,-0.0   0.869 100.5  51.9 -66.7 -37.7   -9.9   -4.1    6.6
   30  135 A E  T  4 S+     0   0  147      1,-0.2    -1,-0.2     2,-0.1    -2,-0.0   0.881 113.4  42.3 -67.7 -38.7  -13.5   -4.1    7.7
   31  136 A L  T  4 S+     0   0   39      1,-0.2   -28,-2.6   -29,-0.1    -2,-0.2   0.856 125.9  33.0 -76.0 -35.5  -12.7   -3.2   11.3
   32  137 A F  S  < S-     0   0    3     -4,-2.2    -1,-0.2   -30,-0.2    -2,-0.1  -0.615  73.2-177.3-123.0  73.3  -10.1   -0.6   10.4
   33  138 A P        -     0   0   25      0, 0.0   -28,-2.3     0, 0.0     2,-0.6  -0.468  23.1-135.2 -69.5 141.4  -10.9    1.2    7.1
   34  139 A I  E     -a    5   0A   4     21,-0.5    23,-1.9   -30,-0.2     2,-0.6  -0.878  20.0-172.5-103.6 121.4   -8.2    3.6    6.2
   35  140 A I  E     -ac   6  57A   2    -30,-2.8   -28,-2.8    -2,-0.6     2,-0.7  -0.964   7.6-159.5-115.4 116.4   -9.3    7.1    5.0
   36  141 A V  E     -ac   7  58A   0     21,-2.9    23,-2.6    -2,-0.6     2,-0.7  -0.873   4.0-162.9 -98.1 111.5   -6.5    9.3    3.7
   37  142 A S  E     -ac   8  59A   0    -30,-3.2   -28,-2.5    -2,-0.7     2,-0.5  -0.857   9.9-164.1 -95.8 118.1   -7.5   12.9    3.8
   38  143 A Q  E     -ac   9  60A   2     21,-3.4    23,-2.1    -2,-0.7   -28,-0.2  -0.910   9.7-179.3-109.4 129.0   -5.1   14.9    1.5
   39  144 A D    >   +     0   0    7    -30,-2.2     3,-0.6    -2,-0.5     2,-0.4  -0.454  59.6  44.6-106.6 179.5   -4.8   18.7    1.7
   40  145 A C  T 3  S-     0   0   34      1,-0.2    -1,-0.1    -2,-0.2   -30,-0.1   0.136  93.1-113.1  74.4 -22.2   -2.6   20.9   -0.5
   41  146 A G  T 3   +     0   0   50     -2,-0.4     2,-0.6     1,-0.2    -1,-0.2   0.744  49.2 172.1  65.6  23.8   -3.2   19.3   -3.9
   42  147 A H    <>  -     0   0   53    -32,-0.7     4,-2.0    -3,-0.6    -1,-0.2  -0.576  23.1-152.3 -70.4 112.3    0.4   18.0   -4.3
   43  148 A E  H  > S+     0   0  151     -2,-0.6     4,-2.4     1,-0.2     5,-0.2   0.874  89.3  47.9 -55.0 -48.2    0.2   15.8   -7.5
   44  149 A E  H  > S+     0   0  115      1,-0.2     4,-2.3     2,-0.2    -1,-0.2   0.918 112.5  48.5 -63.8 -42.6    2.9   13.4   -6.7
   45  150 A T  H  > S+     0   0    0      1,-0.2     4,-2.0     2,-0.2    -1,-0.2   0.876 111.3  53.1 -64.7 -33.3    1.6   12.7   -3.2
   46  151 A A  H  X S+     0   0   17     -4,-2.0     4,-3.0     2,-0.2    -2,-0.2   0.911 108.7  47.8 -65.8 -43.3   -1.8   12.3   -4.8
   47  152 A Q  H  X S+     0   0  130     -4,-2.4     4,-2.2     2,-0.2    -2,-0.2   0.908 109.6  53.7 -65.1 -41.8   -0.6    9.7   -7.2
   48  153 A V  H  < S+     0   0    6     -4,-2.3     4,-0.3     2,-0.2    -1,-0.2   0.925 112.6  43.3 -56.9 -45.8    1.2    7.8   -4.4
   49  154 A I  H >< S+     0   0    0     -4,-2.0     3,-2.0     1,-0.2     4,-0.2   0.950 112.2  53.4 -66.2 -48.6   -2.0    7.6   -2.4
   50  155 A A  H >< S+     0   0   55     -4,-3.0     3,-2.2     1,-0.3    -1,-0.2   0.809  95.5  70.0 -54.7 -34.9   -4.0    6.7   -5.5
   51  156 A S  T 3< S+     0   0   69     -4,-2.2    -1,-0.3     1,-0.3    -2,-0.2   0.662  86.1  67.1 -61.1 -16.5   -1.6    3.8   -6.2
   52  157 A Y  T X  S-     0   0   38     -3,-2.0     3,-2.0    -4,-0.3    -1,-0.3   0.631  84.2-175.2 -79.0 -10.7   -3.0    2.0   -3.2
   53  158 A G  G X   -     0   0   45     -3,-2.2     3,-1.5     1,-0.3    -1,-0.2  -0.257  63.5  -2.2  55.2-135.5   -6.3    1.6   -5.0
   54  159 A S  G 3  S+     0   0  129      1,-0.3    -1,-0.3    -3,-0.1    -2,-0.1   0.549 113.7  85.6 -65.9 -10.0   -9.0    0.0   -2.9
   55  160 A A  G <  S+     0   0   31     -3,-2.0   -21,-0.5   -22,-0.1     2,-0.3   0.785 103.0  22.6 -64.0 -23.2   -6.8   -0.5    0.1
   56  161 A V  S <  S-     0   0   14     -3,-1.5     2,-0.5    -7,-0.1   -21,-0.2  -0.890  72.9-124.8-137.9 169.6   -7.7    3.1    1.1
   57  162 A T  E     -c   35   0A  66    -23,-1.9   -21,-2.9    -2,-0.3     2,-0.6  -0.981  28.6-154.6-115.0 118.1  -10.3    5.8    0.6
   58  163 A H  E     +c   36   0A  61     -2,-0.5     2,-0.3   -23,-0.2   -21,-0.2  -0.863  17.4 174.6-100.5 116.2   -8.7    9.0   -0.8
   59  164 A I  E     -c   37   0A  22    -23,-2.6   -21,-3.4    -2,-0.6     2,-0.5  -0.908  18.8-141.5-120.0 151.7  -10.5   12.3    0.0
   60  165 A R  E     -c   38   0A 168     -2,-0.3   -21,-0.2   -23,-0.2   -23,-0.1  -0.951  18.9-120.6-123.3 122.8   -9.3   15.8   -0.8
   61  166 A Q        -     0   0   11    -23,-2.1   -20,-0.1    -2,-0.5    24,-0.1  -0.344  29.1-147.8 -53.6 124.9   -9.7   18.9    1.4
   62  167 A P  S    S+     0   0   93      0, 0.0     2,-0.8     0, 0.0    -1,-0.1   0.673  73.0  71.8 -76.6 -17.8  -11.7   21.2   -1.0
   63  168 A D        +     0   0   76      1,-0.1   -23,-0.2    21,-0.1    -2,-0.1  -0.821  43.8 163.0-108.1 100.7  -10.5   24.6   -0.0
   64  169 A L        +     0   0   82     -2,-0.8    -1,-0.1   -25,-0.1     3,-0.1   0.316  34.4 127.3 -96.1  10.7   -6.9   25.4   -1.1
   65  170 A S        -     0   0   59      1,-0.1     2,-0.1     0, 0.0    -2,-0.0  -0.158  68.0 -99.7 -64.0 159.2   -7.1   29.1   -0.7
   66  171 A N        -     0   0  134      1,-0.1     2,-0.4    15,-0.0    -1,-0.1  -0.472  39.5-123.2 -75.8 154.9   -4.6   31.0    1.3
   67  172 A I        -     0   0   20     -2,-0.1     2,-0.9    -3,-0.1    13,-0.1  -0.859   9.7-126.6-108.5 135.1   -5.6   31.9    4.8
   68  173 A A        -     0   0   91     -2,-0.4     2,-0.1    12,-0.1    -2,-0.0  -0.680  34.4-158.2 -78.2 108.3   -5.7   35.4    6.2
   69  174 A V        -     0   0   40     -2,-0.9     5,-0.1     1,-0.1     8,-0.1  -0.402  20.3-100.0 -86.1 161.2   -3.7   35.2    9.5
   70  175 A Q    >   -     0   0  105     -2,-0.1     3,-2.2     1,-0.1    -1,-0.1  -0.351  45.1 -95.7 -72.7 163.4   -3.9   37.5   12.5
   71  176 A P  T 3  S+     0   0   94      0, 0.0     3,-0.4     0, 0.0    -1,-0.1   0.709 123.9  53.0 -53.4 -25.8   -1.2   40.2   12.8
   72  177 A D  T 3  S+     0   0  131      1,-0.2     3,-0.2     2,-0.1    -2,-0.0   0.510 103.2  60.0 -90.4  -1.4    0.9   38.1   15.1
   73  178 A H    X   +     0   0   52     -3,-2.2     3,-2.3     1,-0.1    -1,-0.2   0.083  52.2 125.2-119.1  27.5    1.0   35.1   12.8
   74  179 A R  G >  S+     0   0  202     -3,-0.4     3,-0.6     1,-0.3    -1,-0.1   0.887  85.2  45.2 -50.6 -43.1    2.6   36.1    9.5
   75  180 A K  G 3  S+     0   0  178      1,-0.2    -1,-0.3    -3,-0.2     3,-0.2   0.428 107.7  61.7 -82.9   3.4    5.2   33.2    9.9
   76  181 A F  G X>  +     0   0   67     -3,-2.3     4,-0.9     1,-0.1     3,-0.8   0.064  52.6 120.9-122.5  30.5    2.6   30.6   10.9
   77  182 A Q  H X> S+     0   0   62     -3,-0.6     4,-2.0     1,-0.2     3,-0.5   0.827  71.9  67.4 -61.7 -29.6    0.1   30.2    8.0
   78  183 A G  H 3> S+     0   0   24      1,-0.2     4,-2.1    -3,-0.2    -1,-0.2   0.908  97.6  52.5 -55.8 -41.8    1.0   26.6    7.9
   79  184 A Y  H <> S+     0   0   47     -3,-0.8     4,-2.1     1,-0.2   106,-0.3   0.804 105.9  53.8 -64.1 -30.1   -0.6   26.0   11.3
   80  185 A Y  H <X S+     0   0    3     -4,-0.9     4,-2.5    -3,-0.5    -1,-0.2   0.891 108.5  50.1 -70.1 -39.6   -3.8   27.7   10.1
   81  186 A K  H  X S+     0   0   77     -4,-2.0     4,-2.5     2,-0.2    -2,-0.2   0.892 108.5  52.5 -66.0 -38.0   -3.9   25.2    7.1
   82  187 A I  H  X S+     0   0   38     -4,-2.1     4,-2.9     2,-0.2     5,-0.2   0.947 111.1  46.1 -63.9 -47.7   -3.4   22.3    9.5
   83  188 A A  H  X S+     0   0    0     -4,-2.1     4,-2.8    99,-0.2     5,-0.2   0.955 112.1  50.2 -60.8 -49.1   -6.3   23.3   11.7
   84  189 A R  H  X S+     0   0   46     -4,-2.5     4,-2.2    98,-0.3    -1,-0.2   0.912 112.5  48.4 -54.8 -44.2   -8.6   24.0    8.7
   85  190 A H  H  X S+     0   0    5     -4,-2.5     4,-3.4     2,-0.2     5,-0.3   0.937 109.8  50.9 -63.5 -47.3   -7.7   20.5    7.3
   86  191 A Y  H  X S+     0   0    2     -4,-2.9     4,-3.1     1,-0.2     5,-0.4   0.925 109.7  51.5 -55.1 -44.9   -8.3   18.7   10.6
   87  192 A R  H  X S+     0   0  108     -4,-2.8     4,-1.9    -5,-0.2    -1,-0.2   0.951 115.2  41.1 -58.9 -48.8  -11.7   20.4   10.9
   88  193 A W  H  X S+     0   0   60     -4,-2.2     4,-1.8    -5,-0.2    -2,-0.2   0.935 117.4  47.1 -64.8 -46.4  -12.7   19.3    7.4
   89  194 A A  H  X S+     0   0    0     -4,-3.4     4,-1.9     1,-0.2    -2,-0.2   0.922 114.2  45.9 -63.6 -46.5  -11.2   15.8    7.7
   90  195 A L  H  X S+     0   0    0     -4,-3.1     4,-2.4    -5,-0.3     5,-0.3   0.876 110.6  54.4 -65.6 -34.5  -12.7   15.0   11.1
   91  196 A G  H  X>S+     0   0   10     -4,-1.9     4,-2.4    -5,-0.4     5,-1.0   0.848 106.6  52.5 -66.1 -33.4  -16.1   16.4    9.9
   92  197 A Q  H  X>S+     0   0   45     -4,-1.8     5,-3.2     3,-0.2     4,-0.9   0.937 110.5  47.8 -65.6 -45.5  -15.9   13.9    7.0
   93  198 A I  H  <5S+     0   0    0     -4,-1.9     6,-2.6     3,-0.2    -2,-0.2   0.905 124.8  28.3 -60.3 -47.0  -15.3   11.0    9.4
   94  199 A F  H  <5S+     0   0   10     -4,-2.4    -2,-0.2     4,-0.3    -1,-0.2   0.696 131.0  32.2 -94.2 -19.9  -18.1   11.9   11.8
   95  200 A H  H  <5S+     0   0  110     -4,-2.4    -3,-0.2    -5,-0.3    -2,-0.1   0.788 130.6  25.5-104.7 -39.7  -20.6   13.7    9.6
   96  201 A N  T  <<S+     0   0   98     -5,-1.0    -3,-0.2    -4,-0.9    -4,-0.1   0.934 135.4  28.6 -90.7 -60.8  -20.3   12.0    6.2
   97  202 A F  S   <S-     0   0   62     -5,-3.2    -4,-0.2    -6,-0.1    -3,-0.2   0.807  95.1-148.6 -69.6 -27.6  -18.9    8.6    6.9
   98  203 A N        +     0   0  124     -6,-0.5    -4,-0.3    -7,-0.2    -5,-0.1   0.885  28.4 171.9  62.6  45.0  -20.7    8.8   10.3
   99  204 A Y        -     0   0   50     -6,-2.6    -1,-0.2     1,-0.1   -96,-0.1  -0.535  38.4-131.5 -82.5 152.1  -18.1    6.6   12.2
  100  205 A P  S    S-     0   0   50      0, 0.0    70,-2.3     0, 0.0    71,-0.4   0.582  83.9 -10.8 -79.7 -10.8  -18.5    6.3   16.0
  101  206 A A  E     - D   0 169A   0    -99,-0.3     2,-0.3    68,-0.3    68,-0.2  -0.955  63.7-151.3-171.3 174.7  -14.8    7.1   16.6
  102  207 A A  E     - D   0 168A   0     66,-1.8    66,-2.0    -2,-0.3     2,-0.6  -0.973  16.9-133.1-163.0 148.6  -11.4    7.5   14.7
  103  208 A V  E     -bD   5 167A   0    -99,-2.8   -97,-3.0    -2,-0.3     2,-0.5  -0.937  27.9-147.3-106.6 116.6   -7.7    7.1   15.1
  104  209 A V  E     +bD   6 166A   1     62,-3.0    62,-1.7    -2,-0.6    61,-0.6  -0.750  20.5 177.8 -87.5 124.2   -5.9   10.2   13.7
  105  210 A V  E     -b    7   0A   0    -99,-2.9   -97,-1.9    -2,-0.5     2,-0.1  -0.969  20.8-139.5-131.9 116.7   -2.5    9.5   12.2
  106  211 A E  E >   -b    8   0A  50     -2,-0.4     3,-1.6   -99,-0.2   -97,-0.2  -0.413  29.4-109.7 -74.3 153.3   -0.3   12.1   10.5
  107  212 A D  T 3  S+     0   0   14    -99,-2.2   -89,-0.5     1,-0.3   -88,-0.1   0.579 113.0  58.6 -57.6 -15.4    1.5   11.1    7.3
  108  213 A D  T 3  S+     0   0   15    -91,-0.1   103,-2.3   104,-0.1   104,-0.8   0.087  85.1  98.4-106.1  25.2    4.9   11.1    9.0
  109  214 A L  E <   -H  210   0B   0     -3,-1.6     2,-0.5   101,-0.2   101,-0.2  -0.914  56.5-154.2-114.0 136.3    4.2    8.5   11.7
  110  215 A E  E     -H  209   0B  15     99,-2.2    99,-1.3    -2,-0.4     2,-0.2  -0.927  21.2-136.3-104.7 131.3    5.2    4.9   11.5
  111  216 A V  E     -H  208   0B   1     -2,-0.5    97,-0.3   -93,-0.3    96,-0.1  -0.584  13.9-118.5 -89.1 150.1    2.9    2.6   13.6
  112  217 A A    >   -     0   0    0     95,-2.7     3,-1.9    -2,-0.2     4,-0.3  -0.372  33.7-101.2 -77.6 164.3    4.1   -0.3   15.8
  113  218 A P  T 3  S+     0   0   20      0, 0.0     3,-0.3     0, 0.0     4,-0.3   0.796 124.1  45.3 -56.1 -33.9    3.1   -4.0   15.2
  114  219 A D  T 3> S+     0   0    0      1,-0.2     4,-2.4   118,-0.2     5,-0.2   0.039  78.0 116.3-101.9  28.1    0.5   -3.8   17.9
  115  220 A F  H <> S+     0   0    0     -3,-1.9     4,-1.7     2,-0.2    -1,-0.2   0.946  83.4  35.1 -58.9 -53.4   -0.9   -0.4   16.9
  116  221 A F  H  > S+     0   0    4     -3,-0.3     4,-2.9    -4,-0.3     5,-0.3   0.896 115.0  55.7 -70.3 -42.1   -4.4   -1.7   16.0
  117  222 A E  H  > S+     0   0   37     -4,-0.3     4,-1.9     1,-0.2     5,-0.2   0.940 107.3  53.1 -54.1 -45.7   -4.4   -4.3   18.8
  118  223 A Y  H  X S+     0   0    0     -4,-2.4     4,-1.7     1,-0.2    -1,-0.2   0.932 112.6  41.7 -56.8 -50.3   -3.7   -1.4   21.2
  119  224 A F  H  X S+     0   0    1     -4,-1.7     4,-1.7     1,-0.2    -1,-0.2   0.838 111.2  53.8 -71.7 -33.0   -6.6    0.7   20.0
  120  225 A Q  H  < S+     0   0   72     -4,-2.9    -1,-0.2     1,-0.2    -2,-0.2   0.833 112.6  47.3 -70.8 -27.4   -9.2   -2.2   19.7
  121  226 A A  H  < S+     0   0   15     -4,-1.9     4,-0.3    -5,-0.3    -2,-0.2   0.850 117.1  40.1 -79.7 -32.4   -8.4   -3.0   23.4
  122  227 A T  H >X S+     0   0    0     -4,-1.7     4,-2.2    -5,-0.2     3,-0.6   0.646  93.4  82.8 -91.6 -15.4   -8.6    0.5   24.7
  123  228 A Y  H 3X S+     0   0   13     -4,-1.7     4,-2.3     1,-0.2     5,-0.2   0.929  90.8  51.4 -55.1 -46.8  -11.6    1.7   22.7
  124  229 A P  H 3> S+     0   0   70      0, 0.0     4,-1.5     0, 0.0    -1,-0.2   0.837 108.6  52.3 -62.4 -27.2  -14.1    0.1   25.2
  125  230 A L  H <> S+     0   0   16     -3,-0.6     4,-2.0    -4,-0.3    -2,-0.2   0.906 108.4  49.9 -72.2 -41.9  -12.3    1.9   28.1
  126  231 A L  H  < S+     0   0    6     -4,-2.2     6,-0.2     1,-0.2    -1,-0.2   0.893 112.2  49.0 -63.1 -38.3  -12.6    5.3   26.4
  127  232 A K  H  < S+     0   0  105     -4,-2.3    -1,-0.2    -5,-0.2    -2,-0.2   0.829 115.9  42.9 -71.2 -30.1  -16.3    4.6   25.8
  128  233 A A  H  < S+     0   0   75     -4,-1.5    -2,-0.2    -5,-0.2    -1,-0.2   0.668 107.7  58.0 -90.9 -20.0  -16.9    3.6   29.5
  129  234 A D    ><  -     0   0   12     -4,-2.0     3,-1.9     1,-0.1    -1,-0.2  -0.881  56.0-173.0-120.1 101.1  -14.9    6.2   31.3
  130  235 A P  T 3  S+     0   0  112      0, 0.0    -1,-0.1     0, 0.0    -4,-0.1   0.540  83.9  71.4 -65.8  -9.6  -16.0    9.9   30.6
  131  236 A S  T 3  S+     0   0   23     67,-0.1    68,-2.7     2,-0.0     2,-0.4   0.555  91.4  72.7 -82.8  -7.4  -13.0   11.1   32.6
  132  237 A L  E <   +e  199   0A   6     -3,-1.9    68,-0.2    66,-0.2     3,-0.1  -0.891  54.9 174.4-104.1 135.1  -11.0    9.9   29.7
  133  238 A W  E     +     0   0A   8     66,-2.9    36,-0.3    -2,-0.4     2,-0.3   0.428  62.7   9.8-120.8   1.8  -11.1   11.9   26.4
  134  239 A C  E     -e  200   0A   0     65,-1.0    67,-1.5    34,-0.1     2,-0.4  -0.991  51.6-137.6-169.4 162.1   -8.5   10.1   24.3
  135  240 A V  E     -eF 201 167A   0     32,-1.2    32,-2.9    -2,-0.3     2,-0.4  -0.990  30.3-167.4-128.3 120.1   -6.2    7.1   23.8
  136  241 A S  E     - F   0 166A   0     65,-3.2    30,-0.2    -2,-0.4    29,-0.1  -0.862  27.3-151.5-115.2 145.5   -2.8    8.0   22.5
  137  242 A A  S    S+     0   0    0     28,-2.8    70,-2.5    26,-0.4    71,-0.5   0.614  71.8  99.3 -81.6 -13.0    0.0    5.9   21.1
  138  243 A W        -     0   0    1     25,-0.6     2,-0.7    27,-0.4    -2,-0.1  -0.612  51.1-168.7 -93.4 130.0    2.6    8.4   22.2
  139  244 A N    >   -     0   0    3     -2,-0.4     3,-2.4    91,-0.1    67,-0.2  -0.940  15.8-154.5-106.9 109.1    4.9    8.5   25.3
  140  245 A D  T 3  S+     0   0    3     -2,-0.7    -1,-0.1     1,-0.3   170,-0.1   0.748  97.3  37.2 -56.2 -25.4    6.3   12.1   25.4
  141  246 A N  T 3  S+     0   0    1    177,-0.1     2,-1.2     1,-0.1    -1,-0.3  -0.038  81.6 130.9-113.5  27.3    9.3   10.8   27.4
  142  247 A G    <   +     0   0    1     -3,-2.4    88,-2.5   177,-0.1    64,-0.2  -0.113  24.8 145.7 -78.3  41.0    9.5    7.5   25.5
  143  248 A K  B >   -I  229   0C  48     -2,-1.2     3,-1.7    86,-0.3     4,-0.3  -0.395  62.5-104.8 -72.6 156.6   13.3    7.6   24.6
  144  249 A E  G >  S+     0   0  116     84,-0.7     3,-0.9     1,-0.3     5,-0.2   0.865 118.6  42.9 -52.1 -47.8   15.0    4.2   24.6
  145  250 A Q  G 3  S+     0   0  142      1,-0.2   177,-0.6     3,-0.1   178,-0.4   0.465 111.0  59.3 -81.5   2.3   16.9    4.5   27.9
  146  251 A M  G <  S+     0   0    2     -3,-1.7   174,-2.5   175,-0.1     2,-0.3   0.281  95.3  67.6-111.7   8.2   13.9    6.0   29.6
  147  252 A V  S <  S-     0   0   10     -3,-0.9     2,-0.9    -4,-0.3    58,-0.1  -0.942  81.5-117.0-128.2 152.2   11.3    3.2   29.1
  148  253 A D    >   -     0   0   26     -2,-0.3     3,-2.1     3,-0.2     6,-0.2  -0.781  20.3-166.3 -90.3 102.5   11.2   -0.4   30.5
  149  254 A S  T 3  S+     0   0   76     -2,-0.9    -1,-0.1     1,-0.3    85,-0.1   0.617  86.2  64.0 -64.6 -12.7   11.5   -2.8   27.6
  150  255 A S  T 3  S+     0   0   88      1,-0.2    -1,-0.3     2,-0.1     3,-0.1   0.434 102.4  51.2 -90.9  -0.9   10.4   -5.7   29.8
  151  256 A K    X   +     0   0   90     -3,-2.1     3,-1.4     1,-0.1    -1,-0.2  -0.362  57.9 146.0-127.9  54.9    7.0   -4.0   30.3
  152  257 A P  T 3  S+     0   0    3      0, 0.0    53,-0.3     0, 0.0    84,-0.1   0.711  75.0  58.0 -67.5  -9.5    5.8   -3.2   26.8
  153  258 A E  T 3  S+     0   0   86     -3,-0.1     2,-0.2    51,-0.1    -2,-0.1   0.632  78.5 115.3 -90.5 -14.3    2.2   -3.9   28.0
  154  259 A L    <   -     0   0   46     -3,-1.4    50,-2.6    -6,-0.2    51,-0.4  -0.352  44.0-175.3 -64.3 126.3    2.3   -1.2   30.7
  155  260 A L  E     -G  203   0A   1     48,-0.2     2,-0.3    -2,-0.2    -2,-0.1  -0.799   4.6-168.4-119.6 164.7   -0.1    1.7   30.2
  156  261 A Y  E     -G  202   0A  12     46,-2.9    46,-2.2    -2,-0.3     2,-0.3  -0.899  23.8-115.9-142.8 169.6   -0.8    5.0   32.0
  157  262 A R  E     -G  201   0A   6     -2,-0.3     2,-0.3    44,-0.2    44,-0.2  -0.826  33.7-171.5-104.7 146.9   -3.2    7.9   32.3
  158  263 A T  E     -G  200   0A   0     42,-2.2    42,-2.4    -2,-0.3   155,-0.3  -0.990  29.7-156.7-144.1 138.5   -1.9   11.4   31.4
  159  264 A D  S    S+     0   0   14    153,-3.0     2,-0.7    -2,-0.3   154,-0.2   0.675  80.8  87.5 -80.8 -19.6   -3.4   14.9   31.7
  160  265 A F  S    S-     0   0    2    152,-1.0   151,-0.1   149,-0.2    40,-0.1  -0.740  82.4-133.6 -88.2 110.8   -1.0   16.0   28.9
  161  266 A F        -     0   0    0     -2,-0.7    29,-0.1     1,-0.2    -2,-0.1  -0.480  23.6-175.1 -63.2 114.7   -2.7   15.4   25.5
  162  267 A P        -     0   0    5      0, 0.0    -1,-0.2     0, 0.0     2,-0.1   0.777   5.2-177.0 -86.5 -27.8    0.0   13.7   23.3
  163  268 A G        +     0   0    4      1,-0.1   -25,-0.6   -25,-0.1   -26,-0.4  -0.443  39.0 116.8  64.9-138.4   -1.7   13.5   19.9
  164  269 A L  S    S+     0   0   39    -28,-0.1   -27,-0.2   -27,-0.1    -1,-0.1   0.887  99.2   0.0  40.7  66.6    0.6   11.6   17.5
  165  270 A G  S    S+     0   0    1    -61,-0.6   -28,-2.8     1,-0.2   -27,-0.4   0.812  96.3 166.6  90.7  84.4   -1.6    8.6   16.8
  166  271 A W  E     -DF 104 136A   2    -62,-1.7   -62,-3.0   -30,-0.2     2,-0.4  -0.995  32.3-141.4-143.5 143.4   -4.7    9.2   18.8
  167  272 A L  E     +DF 103 135A   0    -32,-2.9   -32,-1.2    -2,-0.4     2,-0.3  -0.778  22.2 175.5 -98.2 134.3   -8.3    7.9   19.2
  168  273 A L  E     -D  102   0A   0    -66,-2.0   -66,-1.8    -2,-0.4     2,-0.3  -0.950  26.2-120.1-134.5 156.5  -11.3   10.1   19.9
  169  274 A L  E >>  -D  101   0A  19     -2,-0.3     4,-1.7   -36,-0.3     3,-1.2  -0.661  24.3-118.8 -93.8 154.8  -15.0    9.5   20.1
  170  275 A A  H 3> S+     0   0   27    -70,-2.3     4,-1.8     1,-0.3     5,-0.2   0.846 116.5  66.0 -58.1 -30.6  -17.6   11.1   17.9
  171  276 A E  H 3> S+     0   0  122    -71,-0.4     4,-0.9     1,-0.2    -1,-0.3   0.856 101.2  46.7 -60.0 -36.6  -18.9   12.4   21.2
  172  277 A L  H X> S+     0   0    9     -3,-1.2     4,-2.4     2,-0.2     3,-0.5   0.900 107.2  55.1 -72.6 -41.7  -15.7   14.5   21.6
  173  278 A W  H 3X S+     0   0    2     -4,-1.7     4,-2.5     1,-0.3    -2,-0.2   0.864 103.4  57.5 -58.7 -34.4  -15.8   15.8   18.1
  174  279 A A  H 3< S+     0   0   69     -4,-1.8    -1,-0.3     1,-0.2    -2,-0.2   0.864 110.2  44.8 -62.3 -34.5  -19.3   17.1   18.9
  175  280 A E  H << S+     0   0   70     -4,-0.9     4,-0.3    -3,-0.5    -2,-0.2   0.875 120.8  37.0 -76.1 -40.1  -17.8   19.0   21.8
  176  281 A L  H >< S+     0   0    1     -4,-2.4     3,-1.8     1,-0.1     4,-0.4   0.902  99.4  69.7 -83.7 -45.1  -14.8   20.5   19.9
  177  282 A E  G >< S+     0   0   51     -4,-2.5     3,-1.3     1,-0.3    -1,-0.1   0.831  93.4  58.4 -46.6 -43.3  -16.0   21.2   16.4
  178  283 A P  G 3  S+     0   0   95      0, 0.0    -1,-0.3     0, 0.0    -2,-0.1   0.804 119.8  29.7 -59.6 -29.0  -18.2   24.2   17.4
  179  284 A K  G <  S+     0   0   78     -3,-1.8    -2,-0.2    -4,-0.3    -3,-0.1   0.168  82.8 154.4-117.0  17.4  -15.2   26.0   18.9
  180  285 A W    <   -     0   0   19     -3,-1.3    -3,-0.1    -4,-0.4     5,-0.0  -0.209  42.1-122.3 -50.5 128.7  -12.4   24.6   16.7
  181  286 A P        -     0   0   24      0, 0.0     4,-0.1     0, 0.0     3,-0.1  -0.151   7.5-122.0 -71.6 165.6   -9.5   27.2   16.7
  182  287 A K  S    S-     0   0  127      1,-0.2   -98,-0.3     2,-0.1     2,-0.3   0.677  89.5  -0.6 -80.7 -19.1   -7.9   29.0   13.7
  183  288 A A  S    S+     0   0   15      1,-0.1    -1,-0.2  -100,-0.1  -103,-0.2  -0.991 110.8  36.2-165.6 163.7   -4.5   27.5   14.5
  184  289 A F     >  +     0   0   56   -105,-0.3     4,-1.6    -2,-0.3     5,-0.2   0.953  58.5 178.2  51.7  58.6   -2.3   25.4   16.9
  185  290 A W  H  > S+     0   0   17   -106,-0.3     4,-1.8     1,-0.2     5,-0.1   0.852  70.8  53.3 -61.0 -39.0   -5.1   22.9   17.4
  186  291 A D  H  > S+     0   0   53      1,-0.2     4,-0.9     2,-0.2    -1,-0.2   0.896 110.4  45.0 -67.1 -41.4   -3.0   20.5   19.6
  187  292 A D  H  4 S+     0   0   33      1,-0.2     4,-0.4     2,-0.2    -1,-0.2   0.801 110.7  57.5 -70.2 -27.5   -2.0   23.2   22.2
  188  293 A W  H >< S+     0   0   29     -4,-1.6     3,-1.0     1,-0.2     6,-0.2   0.865 104.0  50.3 -69.1 -39.1   -5.6   24.5   22.1
  189  294 A M  H 3< S+     0   0    0     -4,-1.8    -1,-0.2     1,-0.2    -2,-0.2   0.765 101.8  64.6 -70.9 -21.2   -6.8   21.1   23.2
  190  295 A R  T 3< S+     0   0   18     -4,-0.9    -1,-0.2    -5,-0.1    -2,-0.2   0.657  82.4  99.1 -75.6 -13.9   -4.3   21.2   26.0
  191  296 A R  S X> S-     0   0  114     -3,-1.0     4,-2.9    -4,-0.4     3,-1.4  -0.380  83.3-122.2 -70.8 150.3   -6.0   24.2   27.6
  192  297 A P  H 3> S+     0   0   57      0, 0.0     4,-2.2     0, 0.0     6,-0.1   0.835 108.8  67.2 -65.1 -28.2   -8.4   23.5   30.5
  193  298 A E  H 34 S+     0   0  110      1,-0.2    -4,-0.1     2,-0.2    -3,-0.0   0.769 116.4  28.7 -61.4 -23.5  -11.3   25.1   28.7
  194  299 A Q  H <4 S+     0   0   13     -3,-1.4    -1,-0.2    -6,-0.2    -5,-0.1   0.834 124.1  45.3 -99.8 -49.0  -11.1   22.1   26.3
  195  300 A R  H >< S-     0   0   18     -4,-2.9     3,-1.6    -6,-0.2    -2,-0.2   0.886  76.5-166.3 -64.0 -45.3   -9.6   19.3   28.4
  196  301 A K  T 3< S-     0   0  127     -4,-2.2     3,-0.1    -5,-0.3    -3,-0.1   0.935  71.3 -56.5  53.2  51.2  -11.8   19.9   31.4
  197  302 A G  T 3  S+     0   0   54      1,-0.2    -1,-0.3    -5,-0.1     2,-0.1   0.465 101.2 140.9  65.6   2.6   -9.7   17.7   33.7
  198  303 A R    <   -     0   0   38     -3,-1.6   -66,-0.2    -6,-0.1     2,-0.2  -0.385  35.9-148.6 -79.7 155.1  -10.0   14.7   31.4
  199  304 A A  E     -e  132   0A   1    -68,-2.7   -66,-2.9    -3,-0.1   -65,-1.0  -0.682   4.8-138.8-119.0 170.0   -7.1   12.3   30.7
  200  305 A C  E     -eG 134 158A   1    -42,-2.4   -42,-2.2    -2,-0.2     2,-0.4  -0.881  23.3-118.1-122.7 160.1   -5.8   10.1   27.9
  201  306 A V  E     +eG 135 157A   0    -67,-1.5   -65,-3.2    -2,-0.3   -44,-0.2  -0.790  37.3 176.1 -94.1 140.5   -4.3    6.7   28.1
  202  307 A R  E     - G   0 156A   3    -46,-2.2   -46,-2.9    -2,-0.4     2,-0.2  -0.963  22.7-119.6-140.7 154.0   -0.7    6.6   26.9
  203  308 A P  E     - G   0 155A   0      0, 0.0   -48,-0.2     0, 0.0     3,-0.1  -0.554  15.8-123.0 -96.4 163.7    1.8    3.6   26.9
  204  309 A E  S    S+     0   0    1    -50,-2.6     2,-0.5   -53,-0.2   -49,-0.1   0.871 109.5  34.5 -65.3 -39.1    5.2    3.0   28.5
  205  310 A I  S    S-     0   0    3    -51,-0.4    -1,-0.2   -53,-0.3    26,-0.1  -0.984 100.7-110.9-122.1 125.6    6.5    2.3   25.0
  206  311 A S        -     0   0    0     24,-0.5    26,-2.7    -2,-0.5   -68,-0.2  -0.117  11.4-153.9 -58.5 146.1    5.1    4.4   22.0
  207  312 A R  S    S+     0   0    0    -70,-2.5   -95,-2.7    24,-0.2     2,-0.3   0.294  82.7  41.0-101.4   7.6    3.0    2.7   19.3
  208  313 A T  E     -H  111   0B   0    -71,-0.5     2,-0.3   -97,-0.3   -97,-0.2  -0.962  62.8-169.4-146.1 160.4    4.1    5.4   16.8
  209  314 A M  E     -H  110   0B  43    -99,-1.3   -99,-2.2    -2,-0.3     2,-0.4  -0.939  20.5-125.5-144.9 158.6    7.3    7.2   15.9
  210  315 A T  E     +H  109   0B   9     16,-0.5  -101,-0.2    -2,-0.3    19,-0.1  -0.925  27.0 171.1-117.5 140.7    7.9   10.1   13.7
  211  316 A F        +     0   0   12   -103,-2.3     2,-2.4    -2,-0.4     3,-0.3   0.251  44.3 122.3-120.9   5.8   10.2   10.5   10.7
  212  317 A G        +     0   0   12   -104,-0.8    10,-0.1     1,-0.2  -104,-0.1  -0.346  23.4 156.1 -74.6  66.0    8.9   13.9    9.6
  213  318 A R        +     0   0  126     -2,-2.4     2,-0.5     1,-0.1    -1,-0.2   0.930  68.7  42.1 -52.1 -56.4   12.1   15.9    9.8
  214  319 A K  S    S+     0   0  172     -3,-0.3     2,-0.2     8,-0.1    -1,-0.1  -0.857  84.7 110.7 -99.0 126.7   11.0   18.5    7.4
  215  320 A G  S    S-     0   0   46      2,-0.7     4,-0.1    -2,-0.5    -2,-0.0  -0.736  80.1 -50.1-162.5-149.0    7.4   19.7    7.8
  216  321 A V  S    S+     0   0   80     -2,-0.2    -1,-0.2     2,-0.1  -138,-0.1   0.993 118.8  55.7 -68.4 -66.0    5.3   22.7    8.8
  217  322 A S  S    S-     0   0   63      1,-0.1    -2,-0.7    -3,-0.1     2,-0.1  -0.202 101.6-101.1 -61.6 158.0    7.1   23.3   12.1
  218  323 A H        -     0   0  147     -4,-0.1     3,-0.5     1,-0.1     4,-0.5  -0.395  36.5-107.0 -76.5 160.2   10.9   23.8   11.9
  219  324 A G  S  > S+     0   0   13      1,-0.2     4,-2.3     2,-0.1     5,-0.1   0.272  92.1  93.7 -77.7  12.1   13.1   20.8   12.8
  220  325 A Q  H  > S+     0   0  108      2,-0.2     4,-2.5     1,-0.2     5,-0.3   0.960  90.2  41.9 -69.5 -50.1   14.4   21.8   16.3
  221  326 A F  H  >>S+     0   0   74     -3,-0.5     5,-1.8     1,-0.2     4,-1.5   0.903 119.5  47.1 -61.6 -38.8   11.8   20.1   18.4
  222  327 A F  H  4>S+     0   0   17     -4,-0.5     5,-2.5     3,-0.2    -1,-0.2   0.882 114.4  47.8 -67.6 -39.3   12.0   17.1   16.1
  223  328 A D  H  <5S+     0   0   82     -4,-2.3    -2,-0.2     1,-0.2    -1,-0.2   0.800 119.5  35.1 -73.6 -32.0   15.8   17.1   16.1
  224  329 A Q  H  <5S-     0   0  143     -4,-2.5    -1,-0.2    -5,-0.1    -2,-0.2   0.621 138.9  -2.7-100.4 -12.7   16.3   17.4   19.9
  225  330 A H  T ><5S+     0   0    9     -4,-1.5     3,-1.8    -5,-0.3     4,-0.4   0.567 117.4  57.4-139.6 -61.5   13.3   15.3   21.1
  226  331 A L  G > <S+     0   0   25     -5,-1.8     3,-1.4     1,-0.3   -16,-0.5   0.812 101.0  59.3 -53.1 -39.6   10.8   13.8   18.8
  227  332 A K  G 3 <S+     0   0   89     -5,-2.5    -1,-0.3     1,-0.2    -4,-0.1   0.650 100.7  59.0 -67.4 -14.3   13.2   11.7   16.7
  228  333 A F  G <  S+     0   0   79     -3,-1.8   -84,-0.7    -6,-0.2     2,-0.5   0.539  72.6 112.6 -94.4  -4.6   14.4    9.9   19.9
  229  334 A I  B <   -I  143   0C   6     -3,-1.4   -86,-0.3    -4,-0.4   -19,-0.2  -0.559  68.7-128.6 -71.7 119.3   11.0    8.5   20.9
  230  335 A K        -     0   0   72    -88,-2.5   -24,-0.5    -2,-0.5     2,-0.5  -0.477   8.8-130.6 -76.6 135.7   11.3    4.7   20.4
  231  336 A L        -     0   0   16     -2,-0.2   -24,-0.2   -24,-0.1   -22,-0.1  -0.696  27.9-116.0 -84.1 126.9    8.8    2.6   18.4
  232  337 A N        +     0   0    3    -26,-2.7  -118,-0.2    -2,-0.5    -1,-0.1  -0.364  33.9 176.6 -60.1 138.2    7.5   -0.5   20.2
  233  338 A Q        +     0   0  130   -121,-0.1     2,-0.7  -120,-0.1    -1,-0.1   0.572  53.5  85.8-117.6 -20.3    8.6   -3.7   18.5
  234  339 A Q  S    S-     0   0  122    -85,-0.1     2,-0.3     1,-0.0  -120,-0.1  -0.782  79.1-128.1 -92.1 117.9    7.3   -6.4   20.8
  235  340 A F        -     0   0  101     -2,-0.7   -82,-0.1  -122,-0.1    -2,-0.0  -0.465  22.8-164.4 -66.4 122.7    3.7   -7.3   20.0
  236  341 A V        -     0   0    7     -2,-0.3     2,-2.2   -84,-0.1     3,-0.2  -0.938  19.9-136.4-110.1 127.3    1.5   -7.1   23.1
  237  342 A P    >   +     0   0   56      0, 0.0     3,-3.0     0, 0.0     4,-0.3  -0.416  34.1 169.0 -80.6  67.2   -2.0   -8.8   22.9
  238  343 A F  G >  S+     0   0    1     -2,-2.2     3,-1.7     1,-0.3     5,-0.1   0.801  70.3  65.2 -49.0 -35.4   -3.7   -5.9   24.7
  239  344 A T  G 3  S+     0   0   61      1,-0.3    -1,-0.3    -3,-0.2     4,-0.1   0.691 102.1  50.4 -64.3 -14.4   -7.1   -7.4   23.8
  240  345 A Q  G <  S+     0   0  147     -3,-3.0    -1,-0.3     2,-0.1     2,-0.2   0.404  98.1  88.3-100.5   1.1   -6.3  -10.4   26.0
  241  346 A L  S <  S-     0   0   69     -3,-1.7     2,-0.9    -4,-0.3    -3,-0.0  -0.649  81.5-114.4-101.1 159.6   -5.2   -8.2   29.1
  242  347 A D        +     0   0  121     -2,-0.2     3,-0.4     1,-0.1    -3,-0.1  -0.785  34.7 173.6 -91.6 105.6   -7.3   -6.8   32.0
  243  348 A L    >   +     0   0   17     -2,-0.9     3,-1.7     1,-0.2     4,-0.2   0.113  43.9 112.3 -99.3  22.9   -7.1   -3.1   31.5
  244  349 A S  G >   +     0   0   49      1,-0.3     3,-1.4     2,-0.2     7,-0.2   0.679  61.6  76.8 -68.2 -15.7   -9.5   -2.2   34.3
  245  350 A Y  G 3  S+     0   0   76     -3,-0.4    -1,-0.3     1,-0.2    10,-0.2   0.683  86.3  63.0 -67.4 -15.6   -6.6   -0.7   36.2
  246  351 A L  G <  S+     0   0    0     -3,-1.7    -1,-0.2     4,-0.1    -2,-0.2   0.564  75.7 108.5 -85.2 -11.2   -6.9    2.3   33.9
  247  352 A Q  S X> S-     0   0   64     -3,-1.4     4,-2.8    -4,-0.2     3,-1.6  -0.467  80.8-117.1 -67.5 140.6  -10.4    3.3   35.0
  248  353 A Q  H 3> S+     0   0   73      1,-0.3     4,-2.3     2,-0.2     5,-0.2   0.837 109.4  54.2 -45.6 -50.3  -10.4    6.5   37.1
  249  354 A E  H 34 S+     0   0  107      1,-0.2    -1,-0.3     2,-0.2     5,-0.1   0.700 118.1  36.7 -65.6 -18.6  -11.7    5.0   40.4
  250  355 A A  H X> S+     0   0   26     -3,-1.6     4,-3.0    -6,-0.2     3,-1.3   0.868 117.7  48.2 -94.9 -51.9   -8.9    2.3   40.4
  251  356 A Y  H 3X>S+     0   0   10     -4,-2.8     4,-1.3     1,-0.3     5,-1.1   0.908 108.6  52.6 -54.4 -50.8   -6.0    4.4   39.0
  252  357 A D  H 3<5S+     0   0   20     -4,-2.3    -1,-0.3    -5,-0.2    -3,-0.1   0.578 118.8  37.5 -67.1  -8.8   -6.4    7.4   41.3
  253  358 A R  H <>5S+     0   0  170     -3,-1.3     4,-1.4    -5,-0.2    -2,-0.2   0.809 126.8  31.9-102.1 -56.3   -6.4    5.2   44.3
  254  359 A D  H  X5S+     0   0  114     -4,-3.0     4,-2.6     2,-0.2    -3,-0.2   0.964 121.6  42.8 -68.8 -58.0   -3.8    2.6   43.4
  255  360 A F  H  X5S+     0   0   27     -4,-1.3     4,-2.5    -5,-0.3    -3,-0.2   0.922 117.4  46.9 -58.9 -46.9   -1.3    4.4   41.1
  256  361 A L  H  ><S+     0   0   18     -5,-1.1     4,-2.8     2,-0.2    -1,-0.2   0.866 112.0  50.5 -62.5 -37.7   -1.2    7.5   43.4
  257  362 A A  H  X S+     0   0   62     -4,-1.4     4,-1.1     2,-0.2    -1,-0.2   0.926 110.1  51.8 -66.1 -40.3   -0.8    5.4   46.5
  258  363 A R  H  X S+     0   0  155     -4,-2.6     4,-0.9     2,-0.2     3,-0.3   0.943 113.0  44.7 -58.0 -49.5    2.0    3.6   44.6
  259  364 A V  H  < S+     0   0    0     -4,-2.5     3,-0.4     1,-0.2    -2,-0.2   0.920 118.9  39.3 -63.2 -50.7    3.7    7.0   43.8
  260  365 A Y  H  < S+     0   0   39     -4,-2.8    -1,-0.2     1,-0.2    -2,-0.2   0.505 112.6  58.0 -83.0  -0.9    3.3    8.6   47.2
  261  366 A G  H  < S+     0   0   64     -4,-1.1    -1,-0.2    -3,-0.3    -2,-0.2   0.615  88.3  95.7 -95.6 -18.8    4.2    5.3   48.9
  262  367 A A  S  < S-     0   0   10     -4,-0.9    19,-0.1    -3,-0.4    20,-0.0  -0.422  88.3 -99.4 -72.0 145.6    7.5    5.1   47.1
  263  368 A P        -     0   0   57      0, 0.0    19,-2.2     0, 0.0     2,-0.3  -0.291  34.4-119.6 -65.9 151.1   10.5    6.4   49.0
  264  369 A Q  B     -j  282   0D 118     17,-0.2     2,-0.4    -4,-0.1    19,-0.2  -0.723  30.6-170.9 -90.9 137.7   11.8    9.9   48.2
  265  370 A L        -     0   0   18     17,-2.4    19,-0.2    -2,-0.3     5,-0.1  -0.995  30.2-104.9-133.8 138.9   15.3   10.3   46.8
  266  371 A Q    >>  -     0   0  120     -2,-0.4     4,-1.6     1,-0.1     3,-1.0  -0.348  32.0-123.9 -57.9 134.4   17.4   13.4   46.2
  267  372 A V  H 3> S+     0   0    7      1,-0.3     4,-2.7     2,-0.2     3,-0.3   0.886 111.2  55.6 -48.7 -42.9   17.5   14.2   42.5
  268  373 A E  H 3> S+     0   0  110      1,-0.2     4,-1.9     2,-0.2    -1,-0.3   0.856 104.1  53.3 -60.2 -37.5   21.4   14.1   42.6
  269  374 A K  H <4>S+     0   0   92     -3,-1.0     5,-3.3     2,-0.2    -1,-0.2   0.870 111.1  46.8 -66.9 -33.9   21.3   10.6   44.1
  270  375 A V  H ><5S+     0   0    0     -4,-1.6     3,-1.4    -3,-0.3    -2,-0.2   0.945 109.6  53.5 -70.3 -49.4   19.1    9.4   41.2
  271  376 A R  H 3<5S+     0   0  138     -4,-2.7    -2,-0.2     1,-0.3    -1,-0.2   0.876 114.7  39.9 -53.5 -44.0   21.2   11.1   38.5
  272  377 A T  T 3<5S-     0   0   98     -4,-1.9    -1,-0.3    -5,-0.2    -2,-0.2   0.384 113.6-116.1 -90.4   4.0   24.4    9.4   39.7
  273  378 A N  T < 5 +     0   0   66     -3,-1.4     3,-0.4    -4,-0.2    -3,-0.2   0.876  57.7 159.3  66.4  38.6   22.7    6.1   40.4
  274  379 A D      < +     0   0   70     -5,-3.3    -1,-0.2     1,-0.2    -2,-0.0  -0.517  57.6  26.5 -86.8 161.8   23.3    6.1   44.1
  275  380 A R    >   +     0   0  132     -2,-0.2     3,-2.1     1,-0.1    -1,-0.2   0.906  69.5 175.4  53.9  49.1   21.2    4.0   46.4
  276  381 A K  T 3   +     0   0  157     -3,-0.4    -1,-0.1     1,-0.3    -2,-0.1   0.639  64.7  80.4 -62.8 -12.1   20.4    1.4   43.7
  277  382 A E  T 3  S+     0   0  113      1,-0.2     2,-1.2     2,-0.1    -1,-0.3   0.676  76.8  81.2 -68.7 -11.9   18.5   -0.8   46.2
  278  383 A L    <   +     0   0   38     -3,-2.1    -1,-0.2     1,-0.2     3,-0.1  -0.746  58.8 175.3 -95.4  87.1   15.6    1.7   45.6
  279  384 A G  S    S+     0   0   52     -2,-1.2    46,-2.3     1,-0.2     2,-0.3   0.550  71.0  34.6 -69.0  -9.4   14.2    0.3   42.4
  280  385 A E  E    S+ k   0 325D  41     44,-0.2     2,-0.3    -3,-0.1    46,-0.2  -0.906  76.6 165.3-149.9 116.3   11.3    2.8   42.5
  281  386 A V  E     - k   0 326D   0     44,-2.7    46,-2.1    -2,-0.3     2,-0.4  -0.812  32.3-129.9-131.3 172.4   11.5    6.4   43.8
  282  387 A R  E     -jk 264 327D  20    -19,-2.2   -17,-2.4    -2,-0.3     2,-0.6  -0.980  11.6-163.1-121.4 127.4    9.9    9.7   44.0
  283  388 A V  E     - k   0 328D   1     44,-2.0    46,-2.5    -2,-0.4     2,-0.4  -0.979  23.5-147.6-108.7 113.9   11.9   12.9   43.2
  284  389 A Q  E     - k   0 329D  79     -2,-0.6     2,-0.3   -19,-0.2   -17,-0.2  -0.731  15.3-170.3 -92.7 132.6    9.8   15.7   44.6
  285  390 A Y        -     0   0    7     44,-2.4     3,-0.1    -2,-0.4    -2,-0.0  -0.885   7.2-175.3-114.6 149.9    9.7   19.1   43.1
  286  391 A T        +     0   0  103     -2,-0.3     2,-0.2    44,-0.2    -1,-0.1   0.636  62.2  22.6-119.6 -22.3    8.0   22.0   44.8
  287  392 A G  S  > S-     0   0   16      1,-0.1     4,-2.2    43,-0.0     5,-0.1  -0.788  84.4 -93.9-136.3-178.2    8.1   25.0   42.4
  288  393 A R  H  > S+     0   0  116     -2,-0.2     4,-2.2     1,-0.2     5,-0.2   0.884 122.1  50.4 -65.4 -39.7    8.4   25.8   38.8
  289  394 A D  H  > S+     0   0  119      2,-0.2     4,-2.0     1,-0.2    -1,-0.2   0.899 111.8  46.2 -66.7 -42.2   12.2   26.2   39.0
  290  395 A S  H  > S+     0   0   19      2,-0.2     4,-3.0     1,-0.2     5,-0.3   0.896 110.8  54.7 -68.3 -39.2   12.7   22.9   40.8
  291  396 A F  H  X S+     0   0    0     -4,-2.2     4,-2.9     1,-0.2     5,-0.2   0.979 112.5  41.0 -57.5 -56.6   10.4   21.1   38.3
  292  397 A K  H  X S+     0   0   64     -4,-2.2     4,-2.2     2,-0.2    -1,-0.2   0.852 116.6  50.2 -62.1 -33.9   12.4   22.3   35.2
  293  398 A A  H  X S+     0   0   54     -4,-2.0     4,-2.8    -5,-0.2    -1,-0.2   0.958 115.4  40.9 -69.0 -49.9   15.7   21.8   36.9
  294  399 A F  H  X S+     0   0   45     -4,-3.0     4,-1.7     2,-0.2     6,-0.2   0.898 115.0  53.1 -64.6 -40.2   15.0   18.2   38.0
  295  400 A A  H  X>S+     0   0    0     -4,-2.9     5,-2.5    -5,-0.3     4,-0.6   0.947 113.8  42.2 -57.6 -51.5   13.3   17.5   34.7
  296  401 A K  H ><5S+     0   0  131     -4,-2.2     3,-0.9     1,-0.2    -2,-0.2   0.899 110.1  58.0 -63.8 -41.7   16.3   18.6   32.8
  297  402 A A  H 3<5S+     0   0   24     -4,-2.8    -1,-0.2     1,-0.2    -2,-0.2   0.837 114.3  37.5 -60.7 -30.8   18.7   16.9   35.2
  298  403 A L  H 3<5S-     0   0    2     -4,-1.7    -1,-0.2    -3,-0.3    -2,-0.2   0.418 116.7-106.6-103.6   2.8   17.0   13.5   34.5
  299  404 A G  T <<5 +     0   0   26     -3,-0.9     2,-0.2    -4,-0.6    -3,-0.2   0.679  68.2 142.8  84.7  19.4   16.4   14.0   30.7
  300  405 A V      < -     0   0    4     -5,-2.5    -1,-0.3    -6,-0.2     2,-0.2  -0.616  65.3 -94.0 -89.9 149.9   12.6   14.5   30.8
  301  406 A M        -     0   0   35     -2,-0.2     9,-0.4     1,-0.1    -1,-0.1  -0.500  42.2-164.6 -63.0 128.3   10.9   17.0   28.4
  302  407 A D        +     0   0   25     -2,-0.2    -1,-0.1     7,-0.1    -6,-0.1   0.401  47.2 104.1-102.2   3.1   10.8   20.1   30.5
  303  408 A D        -     0   0   32    -11,-0.0     7,-0.7     6,-0.0     2,-0.4  -0.357  56.6-144.2 -80.6 165.0    8.3   22.4   28.7
  304  409 A L  E     -M  309   0E  19      5,-0.2     2,-0.6    -2,-0.1    -2,-0.1  -0.993   7.2-154.2-132.1 140.5    4.8   22.9   30.0
  305  410 A K  E >  S-M  308   0E  51      3,-2.2     3,-2.3    -2,-0.4    37,-0.1  -0.952  86.3 -19.7-115.5 119.9    1.4   23.4   28.2
  306  411 A S  T 3  S-     0   0   33     -2,-0.6    -1,-0.2     1,-0.3    34,-0.2   0.847 129.2 -54.9  52.7  33.4   -1.2   25.3   30.2
  307  412 A G  T 3  S+     0   0    4     34,-0.5    31,-0.4    32,-0.4    -1,-0.3   0.328 111.8 122.6  86.9  -8.6    0.9   24.3   33.3
  308  413 A V  E <   -M  305   0E   4     -3,-2.3    -3,-2.2  -118,-0.1    -1,-0.2  -0.756  55.6-134.3 -93.1 127.0    0.8   20.6   32.5
  309  414 A P  E >   -M  304   0E   2      0, 0.0     3,-2.3     0, 0.0  -149,-0.2  -0.347  39.7 -77.1 -76.8 160.7    4.2   18.7   32.2
  310  415 A R  T 3  S-     0   0   15     -7,-0.7    -9,-0.1    -9,-0.4  -149,-0.0  -0.368 116.2  -6.5 -57.7 122.9    4.9   16.2   29.4
  311  416 A A  T 3  S+     0   0    6      1,-0.2     7,-0.5    -2,-0.1    -1,-0.3   0.608 100.6 156.1  63.4  15.0    3.2   12.9   30.2
  312  417 A G    <   -     0   0    0     -3,-2.3  -153,-3.0     5,-0.1  -152,-1.0  -0.387  27.9-171.6 -75.5 150.3    2.2   14.3   33.6
  313  418 A Y  B >  S-N  316   0F  10      3,-1.4     3,-2.5  -155,-0.3  -155,-0.0  -0.957  82.5 -12.5-140.8 118.9   -0.8   13.1   35.6
  314  419 A R  T 3  S-     0   0   80     -2,-0.4    20,-0.1     1,-0.3     3,-0.1   0.866 132.9 -56.9  51.9  35.5   -1.7   15.1   38.8
  315  420 A G  T 3  S+     0   0    0      1,-0.2     2,-0.5    -6,-0.1    -1,-0.3   0.295 110.0 131.3  81.8  -6.8    1.7   16.7   38.1
  316  421 A I  B <   -N  313   0F   2     -3,-2.5    -3,-1.4    13,-0.1     2,-0.6  -0.670  40.3-163.8 -86.3 124.0    3.5   13.4   38.2
  317  422 A V  E     -L  328   0D   0     11,-2.8    11,-2.9    -2,-0.5     2,-0.4  -0.934  11.5-164.7-106.6 118.7    5.9   12.5   35.4
  318  423 A T  E     +L  327   0D   4     -2,-0.6     2,-0.3    -7,-0.5     9,-0.2  -0.899  24.1 133.2-109.4 132.9    6.8    8.8   35.4
  319  424 A F  E     -L  326   0D   4      7,-2.3     7,-3.1    -2,-0.4     2,-0.4  -0.940  52.2 -94.5-161.6 174.8    9.8    7.3   33.5
  320  425 A L  E     -L  325   0D  18   -174,-2.5     2,-0.4    -2,-0.3     5,-0.2  -0.859  32.1-173.7-103.7 139.6   12.8    5.0   33.7
  321  426 A F  E >  S-L  324   0D  20      3,-2.6     3,-2.0    -2,-0.4  -175,-0.1  -0.923  72.8 -27.4-137.0 110.8   16.2    6.4   34.6
  322  427 A R  T 3  S-     0   0  151   -177,-0.6     3,-0.1    -2,-0.4  -176,-0.1   0.890 128.2 -47.2  50.8  43.9   19.2    4.2   34.4
  323  428 A G  T 3  S+     0   0   63   -178,-0.4     2,-0.4     1,-0.2    -1,-0.3   0.407 116.3 115.5  82.1  -0.1   17.0    1.2   35.1
  324  429 A R  E <   - L   0 321D   7     -3,-2.0    -3,-2.6   -54,-0.1     2,-0.6  -0.838  67.4-125.6-106.5 138.0   15.1    2.8   38.0
  325  430 A R  E     -kL 280 320D  21    -46,-2.3   -44,-2.7    -2,-0.4     2,-0.4  -0.696  36.6-170.5 -79.6 122.6   11.4    3.7   38.0
  326  431 A V  E     -kL 281 319D   0     -7,-3.1    -7,-2.3    -2,-0.6     2,-0.6  -0.960  22.5-165.4-124.2 136.2   11.2    7.4   38.8
  327  432 A H  E     -kL 282 318D   3    -46,-2.1   -44,-2.0    -2,-0.4     2,-1.1  -0.919   9.6-159.3-115.6  99.9    8.2    9.6   39.6
  328  433 A L  E     +kL 283 317D   0    -11,-2.9   -11,-2.8    -2,-0.6   -44,-0.2  -0.730  38.5 168.5 -76.2 107.5    9.1   13.3   39.4
  329  434 A A  E     -k  284   0D   0    -46,-2.5   -44,-2.4    -2,-1.1   -13,-0.1  -0.890  39.0-124.4-131.6 159.1    6.2   14.4   41.5
  330  435 A P        -     0   0    5      0, 0.0   -44,-0.2     0, 0.0   -43,-0.0  -0.368  55.9 -71.3 -87.9 175.0    4.9   17.4   43.4
  331  436 A P    >   -     0   0   35      0, 0.0     3,-2.2     0, 0.0   -71,-0.0  -0.307  51.0-105.1 -64.8 154.2    4.0   17.2   47.1
  332  437 A Q  T 3  S+     0   0  150      1,-0.3   -72,-0.0    -3,-0.1     0, 0.0   0.541 115.9  73.5 -58.8  -7.1    1.0   15.2   48.0
  333  438 A T  T 3   +     0   0  124      2,-0.0    -1,-0.3     0, 0.0     0, 0.0   0.426  66.2 138.7 -88.0   0.8   -1.0   18.4   48.6
  334  439 A W    <   +     0   0   75     -3,-2.2     3,-0.1     1,-0.1   -19,-0.0  -0.141  25.2 175.9 -44.6 138.5   -1.1   19.0   44.8
  335  440 A D        -     0   0  156      1,-0.5    -1,-0.1     0, 0.0     2,-0.1  -0.315  51.9 -34.3-149.1  56.9   -4.5   20.3   43.9
  336  441 A G  S    S-     0   0   41      2,-0.0    -1,-0.5  -139,-0.0     2,-0.1  -0.055  73.0 -72.2 107.8 151.6   -4.7   21.3   40.2
  337  442 A Y        -     0   0   47     -3,-0.1   -29,-0.1    -2,-0.1   -30,-0.1  -0.347  31.5-139.8 -79.6 159.5   -2.5   22.7   37.5
  338  443 A D    >   -     0   0   69    -31,-0.4     3,-2.4     1,-0.1    -2,-0.0  -0.941   1.7-158.9-123.0 108.5   -1.3   26.3   37.3
  339  444 A P  T 3  S+     0   0   70      0, 0.0   -32,-0.4     0, 0.0   -33,-0.2   0.661  89.3  73.1 -58.8 -15.9   -1.2   27.8   33.7
  340  445 A S  T 3  S+     0   0   54    -34,-0.2     2,-1.0   -33,-0.1   -33,-0.1   0.581  71.2  95.7 -76.6  -9.5    1.3   30.4   34.9
  341  446 A W    <         0   0   43     -3,-2.4   -34,-0.5   -36,-0.0    -3,-0.0  -0.754 360.0 360.0 -81.8 106.2    3.9   27.6   35.1
  342  447 A T              0   0  137     -2,-1.0   -37,-0.1   -36,-0.1    -2,-0.1  -0.684 360.0 360.0-124.4 360.0    5.5   28.2   31.7
