==== Secondary Structure Definition by the program DSSP, CMBI version by M.L. Hekkelman/2010-10-21 ==== DATE=2014-07-07        .
REFERENCE W. KABSCH AND C.SANDER, BIOPOLYMERS 22 (1983) 2577-2637                                                              .
                                                                                                                               .
  146  1  0  0  0 TOTAL NUMBER OF RESIDUES, NUMBER OF CHAINS, NUMBER OF SS-BRIDGES(TOTAL,INTRACHAIN,INTERCHAIN)                .
  8019.5   ACCESSIBLE SURFACE OF PROTEIN (ANGSTROM**2)                                                                         .
   92 63.0   TOTAL NUMBER OF HYDROGEN BONDS OF TYPE O(I)-->H-N(J)  , SAME NUMBER PER 100 RESIDUES                              .
   18 12.3   TOTAL NUMBER OF HYDROGEN BONDS IN     PARALLEL BRIDGES, SAME NUMBER PER 100 RESIDUES                              .
   10  6.8   TOTAL NUMBER OF HYDROGEN BONDS IN ANTIPARALLEL BRIDGES, SAME NUMBER PER 100 RESIDUES                              .
    0  0.0   TOTAL NUMBER OF HYDROGEN BONDS OF TYPE O(I)-->H-N(I-5), SAME NUMBER PER 100 RESIDUES                              .
    2  1.4   TOTAL NUMBER OF HYDROGEN BONDS OF TYPE O(I)-->H-N(I-4), SAME NUMBER PER 100 RESIDUES                              .
    0  0.0   TOTAL NUMBER OF HYDROGEN BONDS OF TYPE O(I)-->H-N(I-3), SAME NUMBER PER 100 RESIDUES                              .
    0  0.0   TOTAL NUMBER OF HYDROGEN BONDS OF TYPE O(I)-->H-N(I-2), SAME NUMBER PER 100 RESIDUES                              .
    1  0.7   TOTAL NUMBER OF HYDROGEN BONDS OF TYPE O(I)-->H-N(I-1), SAME NUMBER PER 100 RESIDUES                              .
    0  0.0   TOTAL NUMBER OF HYDROGEN BONDS OF TYPE O(I)-->H-N(I+0), SAME NUMBER PER 100 RESIDUES                              .
    0  0.0   TOTAL NUMBER OF HYDROGEN BONDS OF TYPE O(I)-->H-N(I+1), SAME NUMBER PER 100 RESIDUES                              .
   10  6.8   TOTAL NUMBER OF HYDROGEN BONDS OF TYPE O(I)-->H-N(I+2), SAME NUMBER PER 100 RESIDUES                              .
   14  9.6   TOTAL NUMBER OF HYDROGEN BONDS OF TYPE O(I)-->H-N(I+3), SAME NUMBER PER 100 RESIDUES                              .
   29 19.9   TOTAL NUMBER OF HYDROGEN BONDS OF TYPE O(I)-->H-N(I+4), SAME NUMBER PER 100 RESIDUES                              .
    1  0.7   TOTAL NUMBER OF HYDROGEN BONDS OF TYPE O(I)-->H-N(I+5), SAME NUMBER PER 100 RESIDUES                              .
  1  2  3  4  5  6  7  8  9 10 11 12 13 14 15 16 17 18 19 20 21 22 23 24 25 26 27 28 29 30     *** HISTOGRAMS OF ***           .
  0  0  0  0  0  0  1  0  0  1  0  0  0  0  0  0  1  0  0  0  0  0  0  0  0  0  0  0  0  0    RESIDUES PER ALPHA HELIX         .
  1  0  1  1  0  1  0  0  0  0  0  0  0  0  0  0  0  0  0  0  0  0  0  0  0  0  0  0  0  0    PARALLEL BRIDGES PER LADDER      .
  3  0  1  0  0  0  0  0  0  0  0  0  0  0  0  0  0  0  0  0  0  0  0  0  0  0  0  0  0  0    ANTIPARALLEL BRIDGES PER LADDER  .
  0  0  0  1  0  0  0  0  0  0  0  0  0  0  0  0  0  0  0  0  0  0  0  0  0  0  0  0  0  0    LADDERS PER SHEET                .
  #  RESIDUE AA STRUCTURE BP1 BP2  ACC     N-H-->O    O-->H-N    N-H-->O    O-->H-N    TCO  KAPPA ALPHA  PHI   PSI    X-CA   Y-CA   Z-CA 
    1    1 A A              0   0  141      0, 0.0     2,-0.2     0, 0.0    59,-0.0   0.000 360.0 360.0 360.0 150.4  -15.6   11.4   -2.5
    2    6 A K        -     0   0  138     59,-0.1    59,-1.3     0, 0.0     2,-0.2  -0.873 360.0 -92.5-154.4-178.1  -16.3    9.0    0.5
    3    7 A Q  B     -A   60   0A 136     -2,-0.2    57,-0.3    57,-0.2    56,-0.1  -0.643  49.9 -95.5-100.0 155.3  -15.6    7.6    4.0
    4    8 A R        -     0   0   12     55,-2.6    67,-0.1    -2,-0.2    -1,-0.1  -0.312  17.9-142.1 -69.5 156.2  -13.3    4.7    4.9
    5    9 A E  S    S-     0   0  198     65,-0.7     2,-0.2     1,-0.2    -1,-0.1   0.962  81.4  -1.0 -79.9 -54.4  -14.6    1.2    5.3
    6   10 A S        -     0   0   53     64,-0.4     2,-0.3   104,-0.0    -1,-0.2  -0.635  58.9-134.3-125.6 178.4  -12.3    0.3    8.2
    7   11 A T        +     0   0   12     -2,-0.2    65,-0.2   104,-0.2    64,-0.1  -0.775  31.5 160.0-137.4  88.1   -9.5    1.9   10.4
    8   12 A D        +     0   0   95     63,-2.0   106,-2.3    -2,-0.3     2,-0.3   0.693  64.2  18.3 -78.2 -24.6   -6.8   -0.6   10.7
    9   13 A A  E     -bc  72 114B   6     62,-1.2    64,-1.9   104,-0.3     2,-0.5  -0.979  51.1-143.8-150.2 160.3   -4.1    2.0   11.7
   10   14 A I  E     -bc  73 115B   0    104,-2.0   106,-3.2    -2,-0.3     2,-0.4  -0.997  31.6-158.4-121.3 117.8   -3.2    5.5   13.0
   11   15 A F  E     -bc  74 116B   1     62,-3.2    64,-2.6    -2,-0.5     2,-0.4  -0.829   3.4-147.9 -97.6 143.0   -0.1    6.7   11.2
   12   16 A V  E     +bc  75 117B   0    104,-2.0   106,-1.9    -2,-0.4     2,-0.3  -0.891  23.7 166.8-112.6 137.8    2.1    9.4   12.6
   13   17 A H  E     -b   76   0B   4     62,-2.5    64,-2.8    -2,-0.4     2,-0.3  -0.871  27.0-136.0-134.5 167.3    4.0   11.8   10.3
   14   18 A C  E     -b   77   0B   7     -2,-0.3    64,-0.2    62,-0.3    66,-0.1  -0.854  22.3-126.2-118.6 157.5    6.0   15.1   10.6
   15   19 A S        -     0   0   19     62,-2.1    65,-0.2    64,-0.3    63,-0.1   0.407  40.5-122.1 -82.1  -0.8    5.5   18.0    8.1
   16   20 A A        +     0   0   55     63,-1.4    64,-0.3    61,-0.3     2,-0.3   0.905  64.7 137.2  55.0  46.9    9.3   18.2    7.4
   17   21 A T  B     -f   80   0C   6     62,-0.9    64,-2.3     4,-0.1    -1,-0.2  -0.725  53.0-106.8-116.1 162.3    9.7   21.8    8.5
   18   22 A K    >   -     0   0   57     -2,-0.3     3,-2.5    61,-0.2    64,-0.2  -0.595  36.1 -98.6 -80.5 157.6   12.2   23.6   10.6
   19   23 A P  T 3  S+     0   0   66      0, 0.0    29,-0.1     0, 0.0    63,-0.1   0.814 120.1  55.8 -34.3 -49.8   11.9   25.0   14.2
   20   24 A S  T 3  S+     0   0  107      1,-0.2     2,-1.8     2,-0.1     0, 0.0   0.579  83.3  96.8 -70.8 -11.3   11.1   28.5   13.1
   21   25 A Q    <   -     0   0   76     -3,-2.5     2,-2.1     1,-0.1    -1,-0.2  -0.579  51.4-179.8 -87.6  86.9    8.2   27.4   11.0
   22   26 A N        +     0   0  138     -2,-1.8     2,-0.2    25,-0.1    -1,-0.1  -0.404  29.4 146.2 -80.0  67.8    5.3   27.9   13.3
   23   27 A V        +     0   0   20     -2,-2.1    25,-0.3     3,-0.0     2,-0.2  -0.613  24.9 177.0-107.2 169.9    2.7   26.6   10.9
   24   28 A G    >>  -     0   0    4     -2,-0.2     4,-2.0    23,-0.1     3,-0.8  -0.673  56.1 -51.8-144.7-160.2   -0.6   24.7   11.0
   25   29 A V  H 3> S+     0   0   13      1,-0.2     4,-2.2     2,-0.2     5,-0.3   0.747 122.5  65.3 -60.0 -32.8   -3.5   23.5    8.7
   26   30 A R  H 3> S+     0   0  206      2,-0.2     4,-1.3     3,-0.2    -1,-0.2   0.916 113.5  33.2 -56.6 -41.2   -4.1   26.9    7.0
   27   31 A E  H <> S+     0   0   40     -3,-0.8     4,-2.4     2,-0.2     5,-0.2   0.986 119.3  48.1 -81.8 -53.0   -0.5   26.7    5.4
   28   32 A I  H  X S+     0   0    1     -4,-2.0     4,-1.4     2,-0.2    -2,-0.2   0.761 110.6  53.5 -61.8 -29.5   -0.2   22.9    4.9
   29   33 A R  H  X S+     0   0  105     -4,-2.2     4,-2.2    -5,-0.3     3,-0.3   0.971 110.6  48.1 -66.1 -45.6   -3.6   22.7    3.2
   30   34 A Q  H  X S+     0   0  102     -4,-1.3     4,-2.3    -5,-0.3    -2,-0.2   0.886 111.4  49.7 -58.3 -45.2   -2.4   25.5    0.9
   31   35 A W  H  X S+     0   0   79     -4,-2.4     4,-1.0     2,-0.2    -1,-0.2   0.823 111.2  48.9 -64.7 -33.5    0.8   23.6    0.2
   32   36 A H  H  <>S+     0   0   22     -4,-1.4     5,-2.1    -3,-0.3    -2,-0.2   0.863 111.1  48.8 -78.1 -36.0   -1.0   20.3   -0.6
   33   37 A K  H ><5S+     0   0  104     -4,-2.2     3,-2.0     3,-0.2    -2,-0.2   0.886 105.6  56.7 -72.7 -38.9   -3.5   22.0   -2.9
   34   38 A E  H 3<5S+     0   0  152     -4,-2.3    -1,-0.2     1,-0.3    -2,-0.2   0.851 104.9  55.8 -58.0 -32.8   -0.7   23.8   -4.8
   35   39 A Q  T 3<5S-     0   0  127     -4,-1.0    -1,-0.3    -5,-0.2    -2,-0.2   0.461 129.4 -97.9 -78.8   5.7    0.7   20.2   -5.3
   36   40 A G  T < 5S+     0   0   63     -3,-2.0    -3,-0.2     1,-0.3    -2,-0.1   0.444  80.3 126.4 101.7  -4.0   -2.6   19.1   -7.0
   37   41 A W      < -     0   0  113     -5,-2.1    -1,-0.3     1,-0.1     3,-0.1  -0.447  64.0-121.6 -86.4 170.4   -4.5   17.3   -4.2
   38   42 A L  S    S-     0   0  159     -2,-0.1     2,-0.3     1,-0.1    -5,-0.1   0.724  80.5 -22.5 -82.6 -19.0   -8.0   18.2   -3.1
   39   43 A D  S    S-     0   0   35     -7,-0.1     2,-0.2    24,-0.0    -1,-0.1  -0.902  94.8 -45.7-168.4-177.1   -7.3   19.1    0.5
   40   44 A V        -     0   0    2     -2,-0.3   -11,-0.1     1,-0.1    24,-0.1  -0.543  49.7-142.4 -60.9 140.0   -4.9   18.5    3.4
   41   45 A G  S    S+     0   0    4     22,-0.2     2,-0.3    -2,-0.2    -1,-0.1   0.532  73.0  83.2 -85.1  -6.3   -4.1   14.8    3.4
   42   46 A Y        -     0   0   27     20,-0.1    14,-2.5     1,-0.1    33,-0.2  -0.709  64.8-150.0-104.4 151.5   -4.0   14.5    7.3
   43   47 A H  S    S+     0   0    1     31,-2.0    12,-3.2    -2,-0.3     2,-0.3   0.851  86.7  23.4 -84.0 -32.5   -6.9   14.0    9.6
   44   48 A F  E     -De  54  75B  26     30,-1.6    32,-3.1    10,-0.3     2,-0.4  -0.995  60.0-165.2-140.3 134.8   -5.0   15.9   12.5
   45   49 A I  E     -De  53  76B   0      8,-3.0     8,-2.7    -2,-0.3     2,-0.7  -0.972   9.7-155.4-112.7 132.1   -2.1   18.5   12.7
   46   50 A I  E     -De  52  77B   0     30,-2.9    32,-1.9    -2,-0.4     6,-0.2  -0.898  16.3-149.0-108.5 109.3   -0.4   19.2   16.0
   47   51 A K    >   -     0   0   53      4,-2.7     3,-2.0    -2,-0.7   -23,-0.1  -0.219  30.8 -98.5 -67.6 168.1    1.1   22.8   15.9
   48   52 A R  T 3  S+     0   0   45    -25,-0.3    47,-0.3     1,-0.3    46,-0.2   0.682 122.4  57.6 -72.9 -21.3    4.3   23.5   17.9
   49   53 A D  T 3  S-     0   0  105     45,-0.1    -1,-0.3     2,-0.1    -2,-0.1   0.364 125.0-100.7 -81.8   4.2    2.6   25.0   20.9
   50   54 A G  S <  S+     0   0   10     -3,-2.0     2,-0.2     1,-0.3    -2,-0.2   0.427  74.5 144.7  95.5  -0.4    0.6   21.7   21.3
   51   55 A T        -     0   0   58     -5,-0.1    -4,-2.7     1,-0.0     2,-0.5  -0.591  39.4-149.0 -70.6 132.0   -2.7   22.9   19.6
   52   56 A V  E     -D   46   0B  55     -6,-0.2     2,-0.4    -2,-0.2    -6,-0.2  -0.915  15.7-170.6-106.2 127.3   -4.3   20.0   17.6
   53   57 A E  E     -D   45   0B  57     -8,-2.7    -8,-3.0    -2,-0.5     2,-0.3  -0.898  21.3-119.5-116.0 147.3   -6.2   21.2   14.5
   54   58 A A  E     +D   44   0B  72     -2,-0.4   -10,-0.3   -10,-0.2     3,-0.1  -0.634  30.0 175.3 -87.9 146.6   -8.4   19.0   12.4
   55   59 A G        +     0   0   15    -12,-3.2   -12,-0.3     1,-0.6    -1,-0.1   0.440  61.8   9.4-112.3-107.1   -7.7   18.5    8.7
   56   60 A R  S    S-     0   0   61    -14,-2.5    -1,-0.6     1,-0.1     6,-0.1  -0.362 102.6 -76.5 -67.2 159.1   -9.8   16.1    6.7
   57   61 A D    >   -     0   0  109      1,-0.1     3,-1.9    -3,-0.1    -1,-0.1  -0.344  43.8-117.7 -59.7 140.2  -12.9   14.7    8.4
   58   62 A E  T 3  S+     0   0   54      1,-0.3    -1,-0.1   -15,-0.1    -2,-0.1   0.809 113.0  45.7 -51.8 -33.3  -12.0   12.1   10.9
   59   63 A M  T 3  S+     0   0   47    -56,-0.1   -55,-2.6     2,-0.1    -1,-0.3   0.499  95.4  96.2 -95.1   1.8  -13.9    9.4    8.9
   60   64 A A  B <  S-A    3   0A  11     -3,-1.9     2,-0.3   -57,-0.3   -57,-0.2  -0.355  81.1-101.3 -92.8 163.9  -12.7   10.3    5.3
   61   65 A V        -     0   0   29    -59,-1.3     2,-0.2    -2,-0.1     9,-0.1  -0.632  47.0-173.4 -77.4 132.9  -10.0    8.8    3.1
   62   66 A G        -     0   0    8      7,-0.7     2,-0.5    -2,-0.3     3,-0.2  -0.678  27.5-114.0-118.1-173.6   -7.0   11.2    3.3
   63   67 A S  S    S+     0   0   50     -2,-0.2   -22,-0.2     1,-0.1     3,-0.1  -0.786  73.1 103.3-125.4  91.7   -3.7   11.2    1.4
   64   68 A H  S    S+     0   0   19     -2,-0.5     2,-0.4     1,-0.4    -1,-0.1   0.572  81.9  28.2-142.2 -29.2   -0.8   10.6    3.7
   65   69 A A  S >  S-     0   0    1     -3,-0.2     3,-1.6   -24,-0.1     4,-0.5  -0.940  83.0-132.1-141.9 116.4    0.5    7.0    3.3
   66   70 A K  T 3  S+     0   0  197     -2,-0.4    -3,-0.1     1,-0.3     0, 0.0  -0.589  92.5  22.8 -86.5 136.5   -0.1    5.6   -0.2
   67   71 A G  T 3  S+     0   0   73     -2,-0.3    -1,-0.3     0, 0.0     0, 0.0   0.423 124.0  60.5  91.0   3.6   -1.6    2.2   -0.3
   68   72 A Y    X   +     0   0  105     -3,-1.6     3,-1.2     2,-0.1    -2,-0.2   0.297  68.2  96.1-137.0   2.1   -2.9    2.9    3.2
   69   73 A N  G >  S+     0   0   17     -4,-0.5    -7,-0.7     1,-0.3     3,-0.7   0.822  77.9  66.1 -70.3 -23.9   -5.1    5.8    2.7
   70   74 A H  G 3  S+     0   0  122      1,-0.2   -65,-0.7    -9,-0.1   -64,-0.4   0.667 114.5  21.9 -64.3 -22.0   -8.1    3.5    2.4
   71   75 A N  G <  S+     0   0   57     -3,-1.2   -63,-2.0   -67,-0.1   -62,-1.2  -0.062 106.8  69.5-142.7  43.8   -8.0    2.3    6.0
   72   76 A S  E <   -b    9   0B   0     -3,-0.7     2,-0.4   -65,-0.2   -10,-0.2  -0.965  62.6-119.1-159.3 165.8   -6.2    4.7    8.4
   73   77 A I  E     -b   10   0B   0    -64,-1.9   -62,-3.2    -2,-0.3     2,-0.5  -0.880  28.0-150.4-105.5 140.9   -5.9    8.0   10.3
   74   78 A G  E     -b   11   0B   0     -2,-0.4   -31,-2.0   -64,-0.2   -30,-1.6  -0.975  11.5-170.8-117.7 129.0   -3.0   10.2    9.5
   75   79 A V  E     -be  12  44B   0    -64,-2.6   -62,-2.5    -2,-0.5     2,-0.5  -0.953   6.9-156.2-118.5 135.0   -1.6   12.5   12.2
   76   80 A C  E     -be  13  45B   0    -32,-3.1   -30,-2.9    -2,-0.4     2,-0.4  -0.924   7.7-157.5-120.9 127.3    1.0   15.1   11.5
   77   81 A L  E     -be  14  46B   0    -64,-2.8   -62,-2.1    -2,-0.5     2,-0.6  -0.810  26.7-123.9 -91.4 129.5    3.6   16.8   13.8
   78   82 A V  S    S+     0   0    0    -32,-1.9     2,-0.3    -2,-0.4    17,-0.1  -0.599  82.2  38.1 -73.9 114.8    4.9   20.3   12.7
   79   83 A G        +     0   0    0     -2,-0.6   -63,-1.4    12,-0.1   -62,-0.9  -0.910  42.3 146.3 142.7-164.4    8.7   19.9   12.5
   80   84 A G  B     +f   17   0C   0     -2,-0.3     8,-2.5     8,-0.3     2,-0.3   0.164  60.8  62.7 124.1 -21.1   11.0   17.1   11.4
   81   85 A I  B     -G   87   0D  36    -64,-2.3    -1,-0.2     6,-0.3     6,-0.2  -0.969  62.2-137.4-136.1 154.1   14.1   18.8    9.9
   82   86 A D    >   -     0   0   21      4,-2.1     3,-1.8    -2,-0.3     6,-0.0  -0.353  46.6 -83.3 -87.0-172.4   16.9   21.1   10.9
   83   87 A D  T 3  S+     0   0  130      1,-0.3   -65,-0.1     2,-0.1    -1,-0.0   0.672 127.3  59.1 -70.2 -20.5   18.3   24.1    9.0
   84   88 A K  T 3  S-     0   0  155      2,-0.1    -1,-0.3     3,-0.0     3,-0.1   0.590 117.6-111.5 -80.9 -10.3   20.6   21.8    7.0
   85   89 A G  S <  S+     0   0   45     -3,-1.8     2,-0.2     1,-0.3    -2,-0.1   0.504  74.7 134.0  91.6   4.9   17.5   19.9    5.6
   86   90 A K        -     0   0  133      1,-0.1    -4,-2.1     0, 0.0    -1,-0.3  -0.561  66.5 -95.5 -86.1 154.5   18.3   16.7    7.5
   87   91 A F  B     +G   81   0D  77     -6,-0.2     2,-0.3    -2,-0.2    -6,-0.3  -0.394  51.8 169.2 -73.6 143.4   15.7   14.8    9.5
   88   92 A D        -     0   0   57     -8,-2.5     2,-2.0    -2,-0.1    -8,-0.3  -0.955  41.2-126.8-155.3 130.0   15.7   15.7   13.2
   89   93 A A        +     0   0   16     -2,-0.3    53,-0.1    39,-0.2    39,-0.1  -0.539  50.4 150.8 -84.9  79.5   13.3   15.0   16.1
   90   94 A N        +     0   0   23     -2,-2.0    -1,-0.2     2,-0.0     2,-0.1   0.061  16.4 142.6 -99.8  28.4   12.9   18.6   17.0
   91   95 A F        -     0   0   14      1,-0.1   -12,-0.1   -12,-0.1    49,-0.0  -0.409  50.4-115.4 -78.0 142.4    9.3   18.4   18.4
   92   96 A T    >>  -     0   0   32     -2,-0.1     4,-1.9     1,-0.1     3,-0.5  -0.426  20.6-114.0 -61.3 145.9    8.4   20.4   21.4
   93   97 A P  H 3> S+     0   0  116      0, 0.0     4,-2.1     0, 0.0     5,-0.1   0.898 119.0  53.8 -47.0 -42.1    7.3   18.9   24.9
   94   98 A A  H 3> S+     0   0   41      1,-0.2     4,-2.1     2,-0.2     5,-0.2   0.839 105.3  51.1 -69.0 -33.3    3.9   20.3   24.4
   95   99 A Q  H <> S+     0   0    0     -3,-0.5     4,-2.2   -47,-0.3    -1,-0.2   0.941 111.1  48.5 -68.1 -42.7    3.5   18.7   20.9
   96  100 A M  H  X S+     0   0   12     -4,-1.9     4,-2.4     1,-0.2    -2,-0.2   0.857 109.8  52.3 -69.8 -32.2    4.4   15.3   22.4
   97  101 A Q  H  X S+     0   0  128     -4,-2.1     4,-1.5     2,-0.2    -1,-0.2   0.918 112.1  44.8 -65.4 -47.0    2.0   15.7   25.3
   98  102 A S  H  X S+     0   0   30     -4,-2.1     4,-2.2     2,-0.2    -2,-0.2   0.883 111.2  55.0 -65.1 -34.7   -0.9   16.5   23.0
   99  103 A L  H  X S+     0   0    0     -4,-2.2     4,-2.9     1,-0.2     5,-0.2   0.953 103.9  53.7 -62.9 -48.6    0.1   13.6   20.7
  100  104 A R  H  X S+     0   0   54     -4,-2.4     4,-2.1     1,-0.2    -1,-0.2   0.879 112.1  43.0 -59.7 -39.5   -0.0   11.1   23.5
  101  105 A S  H  X S+     0   0   67     -4,-1.5     4,-2.6     2,-0.2    -1,-0.2   0.887 112.9  52.7 -73.5 -38.5   -3.7   12.0   24.6
  102  106 A L  H  X S+     0   0   22     -4,-2.2     4,-2.4     2,-0.2    -2,-0.2   0.984 113.0  45.6 -57.5 -47.3   -5.0   12.2   21.0
  103  107 A L  H  X S+     0   0    0     -4,-2.9     4,-3.2     2,-0.2     5,-0.3   0.902 110.2  50.8 -66.3 -47.0   -3.5    8.7   20.3
  104  108 A V  H  X S+     0   0   82     -4,-2.1     4,-1.0     1,-0.2    -1,-0.2   0.963 114.9  47.4 -54.5 -43.3   -4.9    7.1   23.6
  105  109 A T  H  X S+     0   0   82     -4,-2.6     4,-1.6     1,-0.2    -2,-0.2   0.895 115.0  44.8 -62.0 -40.9   -8.3    8.6   22.5
  106  110 A L  H  X S+     0   0    1     -4,-2.4     4,-1.2     1,-0.2     3,-0.2   0.936 110.2  52.1 -73.8 -42.4   -8.0    7.3   18.9
  107  111 A L  H  < S+     0   0   50     -4,-3.2     5,-0.3     1,-0.2    -1,-0.2   0.716 111.4  50.8 -66.7 -18.3   -6.8    3.8   19.8
  108  112 A A  H  < S+     0   0   69     -4,-1.0    -1,-0.2    -5,-0.3    -2,-0.2   0.846 111.5  44.0 -89.0 -36.0   -9.7    3.6   22.1
  109  113 A K  H  < S+     0   0   97     -4,-1.6     2,-0.6    -3,-0.2    -2,-0.2   0.547 106.3  60.6 -88.3  -4.1  -12.4    4.6   19.6
  110  114 A Y  S >< S-     0   0   31     -4,-1.2     3,-3.1    -5,-0.1    -1,-0.2  -0.746  89.5-141.2-128.5  72.0  -11.2    2.6   16.6
  111  115 A E  T 3  S+     0   0  163     -2,-0.6  -104,-0.2     1,-0.3    -3,-0.1  -0.024  80.2   7.1 -27.6 116.3  -11.5   -0.8   18.0
  112  116 A G  T 3  S+     0   0   82     -5,-0.3    -1,-0.3     1,-0.2    -5,-0.1   0.348  89.3 144.8  86.8  -9.8   -8.6   -3.0   16.9
  113  117 A A    <   -     0   0   16     -3,-3.1     2,-0.3    -6,-0.2  -104,-0.3  -0.285  40.0-140.2 -66.2 148.6   -6.5   -0.1   15.2
  114  118 A V  E     -c    9   0B  63   -106,-2.3  -104,-2.0     2,-0.0     2,-0.5  -0.792  12.7-121.1-109.6 149.8   -2.7   -0.4   15.4
  115  119 A L  E     +c   10   0B  24     -2,-0.3     2,-0.3  -106,-0.2  -104,-0.2  -0.822  39.3 178.2 -94.5 126.8   -0.4    2.6   16.0
  116  120 A R  E     -c   11   0B  95   -106,-3.2  -104,-2.0    -2,-0.5     2,-0.4  -0.964  30.5-139.6-139.0 153.3    2.2    3.1   13.2
  117  121 A A  E >   -c   12   0B   0     -2,-0.3     3,-1.8  -106,-0.3     4,-0.5  -0.841  29.0-126.7-102.5 133.1    5.1    5.3   12.1
  118  122 A H  G >> S+     0   0   13   -106,-1.9     3,-2.1    -2,-0.4     4,-1.3   0.928 106.1  65.6 -54.5 -47.5    5.2    6.1    8.3
  119  123 A H  G 34 S+     0   0   17      7,-2.3    -1,-0.3     1,-0.3    27,-0.1   0.469  89.7  67.0 -56.7  -1.1    8.8    4.9    8.1
  120  124 A E  G <4 S+     0   0   76     -3,-1.8    -1,-0.3    25,-0.1    -2,-0.2   0.808 113.8  27.3 -81.4 -32.6    7.8    1.3    9.0
  121  125 A V  T <4 S+     0   0   53     -3,-2.1    -2,-0.2    -4,-0.5    -3,-0.1   0.542 122.7  42.7-108.3 -17.3    5.9    0.9    5.7
  122  126 A A  S  < S-     0   0   25     -4,-1.3     2,-2.2     2,-0.2    -1,-0.0  -0.916  88.6-102.9-130.5 160.3    7.7    3.3    3.2
  123  127 A P  S    S+     0   0  141      0, 0.0     2,-0.3     0, 0.0    -4,-0.1  -0.232  83.7 111.9 -76.0  55.9   11.4    4.1    2.5
  124  128 A K  S    S-     0   0  116     -2,-2.2    -2,-0.2     2,-0.2     4,-0.1  -0.879  70.6-136.1-128.4 159.6   11.2    7.4    4.4
  125  129 A A    >   +     0   0   26     -2,-0.3     3,-2.6     2,-0.1     4,-0.3   0.730  57.2 154.0 -82.8 -19.5   12.6    8.9    7.6
  126  130 A C  T 3   +     0   0   28      1,-0.4    -7,-2.3     2,-0.2    -2,-0.2  -0.223  60.9  27.5 -47.8 124.9    9.2   10.4    8.4
  127  131 A P  T 3  S-     0   0    0      0, 0.0    -1,-0.4     0, 0.0  -111,-0.1  -0.906  94.8-138.7 -87.7   4.5    8.2   11.0   11.3
  128  132 A S  S <  S+     0   0    4     -3,-2.6    15,-1.8    15,-0.4     2,-0.3   0.402  72.0  73.3  81.5  14.1   12.0   11.5   12.2
  129  133 A F  B    S-H  142   0E   0     13,-0.3     2,-0.9    -4,-0.3    -1,-0.3  -0.943  91.2 -97.1-148.3 164.8   11.8    9.7   15.6
  130  134 A D     >  -     0   0    6     11,-1.3     4,-1.6    -2,-0.3    11,-0.2  -0.808  33.4-166.0 -85.1 105.5   11.5    6.2   16.9
  131  135 A L  H  > S+     0   0    8     -2,-0.9     4,-2.9     2,-0.2     5,-0.2   0.883  83.0  52.7 -61.8 -48.7    7.8    5.8   17.7
  132  136 A K  H  > S+     0   0  121     14,-1.7     4,-2.8     1,-0.2     5,-0.3   0.955 110.0  47.8 -56.0 -47.5    8.1    2.7   19.8
  133  137 A R  H  > S+     0   0  123      1,-0.2     4,-2.4     2,-0.2     6,-1.1   0.854 115.6  43.9 -66.7 -38.4   10.7    4.1   22.1
  134  138 A W  H  X S+     0   0    3     -4,-1.6     4,-1.7     4,-0.2    -1,-0.2   0.936 114.1  49.6 -70.3 -46.2    8.8    7.4   22.7
  135  139 A W  H  < S+     0   0   76     -4,-2.9    -2,-0.2     1,-0.2    -3,-0.2   0.894 124.0  32.3 -59.8 -40.7    5.4    5.6   23.1
  136  140 A E  H  < S+     0   0  131     -4,-2.8    -2,-0.2    -5,-0.2    -1,-0.2   0.842 135.5  17.8 -83.1 -44.6    7.0    3.2   25.7
  137  141 A K  H  < S-     0   0  143     -4,-2.4    -3,-0.2    -5,-0.3    -2,-0.2   0.393  91.9-122.5-109.7  -5.6    9.7    5.1   27.5
  138  142 A N     <  +     0   0  111     -4,-1.7     2,-0.5    -5,-0.3    -4,-0.2   0.844  67.2 137.9  57.7  37.2    8.8    8.7   26.8
  139  143 A E        -     0   0  108     -6,-1.1     2,-0.6    -9,-0.1    -1,-0.2  -0.951  43.6-152.0-113.7 127.3   12.3    9.2   25.3
  140  144 A L        +     0   0   58     -2,-0.5     2,-0.4    -3,-0.1    -9,-0.1  -0.888  23.4 167.4-102.2 111.1   12.5   11.2   22.0
  141  145 A V        -     0   0   52     -2,-0.6   -11,-1.3   -11,-0.2    -7,-0.1  -0.987  40.9-106.4-126.8 141.1   15.4   10.2   19.8
  142  146 A T  B     +H  129   0E  72     -2,-0.4     2,-0.3   -13,-0.2   -13,-0.3  -0.349  56.0 155.7 -58.7 125.9   16.1   11.2   16.2
  143  147 A S        -     0   0   17    -15,-1.8   -15,-0.4   -18,-0.1   -55,-0.1  -0.970  52.1-156.9-163.0 145.9   15.5    8.1   13.9
  144  148 A D  S    S+     0   0   63     -2,-0.3     2,-0.3   -16,-0.1   -20,-0.1   0.497  92.5  43.8 -93.2  -6.1   14.7    6.8   10.5
  145  149 A R              0   0  170    -17,-0.1   -25,-0.1     1,-0.1   -26,-0.0  -0.920 360.0 360.0-135.3 157.6   13.4    3.5   12.0
  146  150 A G              0   0   35     -2,-0.3   -14,-1.7   -16,-0.2   -16,-0.2  -0.146 360.0 360.0 115.3 360.0   11.3    2.6   15.0
