            pdb_name            exp_best             sp_best          sp_default             sp_diff                nres
              132L_A              -2.100              -0.531              -0.529               0.002                 124
              13PK_A              -0.700              -0.565              -0.542               0.023                 415
              1A26_A              -2.500              -0.499              -0.492               0.007                 351
              1A2T_A              -2.800              -0.399              -0.394               0.006                 134
              1A4L_A              -1.800              -0.496              -0.494               0.001                 348
              1A65_A              -2.600              -0.493              -0.481               0.011                 504
              1A8H_A              -2.500              -0.256              -0.251               0.005                 500
              1A8S_A              -2.300              -0.422              -0.421               0.001                 273
              1AF7_A              -1.900              -0.612              -0.611               0.001                 274
              1AGM_A              -3.200              -0.284              -0.277               0.008                 470
              1AGY_A              -3.400              -0.478              -0.455               0.024                 197
              1AH7_A              -2.300              -0.450              -0.447               0.003                 245
              1AJ0_A              -1.000              -0.492              -0.483               0.009                 282
              1AK0_A              -2.400              -0.541              -0.540               0.001                 264
              1AKO_A              -2.600              -0.434              -0.428               0.006                 268
              1AMY_A              -2.300              -0.422              -0.422               0.000                 403
              1AQ2_A              -0.900              -0.596              -0.584               0.012                 534
              1AQL_A              -2.500              -0.474              -0.467               0.008                 532
              1AST_A              -2.400              -0.527              -0.524               0.003                 200
              1B04_A              -2.700              -0.418              -0.410               0.008                 310
              1B2R_A              -1.600              -0.441              -0.439               0.002                 295
              1BBS_A              -2.700              -0.553              -0.546               0.007                 331
              1BF2_A              -1.600              -0.410              -0.407               0.002                 750
              1BG0_A              -2.600              -0.593              -0.591               0.002                 356
              1BH2_A              -0.200              -0.558              -0.507               0.051                 315
              1BOL_A              -2.300              -0.386              -0.383               0.003                 222
              1BP2_A              -1.900              -0.540              -0.538               0.002                 123
              1BQC_A              -1.300              -0.505              -0.499               0.005                 302
              1BS0_A              -2.800              -0.460              -0.454               0.007                 383
              1BS4_A              -0.600              -0.539              -0.515               0.024                 168
              1BS9_A              -2.400              -0.402              -0.401               0.001                 207
              1BT1_A              -1.900              -0.437              -0.437               0.000                 336
              1BU7_A              -2.900              -0.302              -0.290               0.012                 455
              1BVV_A              30.000               0.360              -0.347               0.013                 185
              1BVZ_A              -2.500              -0.455              -0.445               0.010                 585
              1BWL_A              -2.400              -0.460              -0.452               0.009                 399
              1BWZ_A              -0.200              -0.559              -0.545               0.014                 274
              1BYA_A              -2.500              -0.428              -0.423               0.005                 491
              1BZC_A              -1.000              -0.609              -0.598               0.011                 297
              1C82_A              -3.000              -0.437              -0.412               0.025                 719
              1CA2_A              -1.300              -0.552              -0.547               0.005                 256
              1CB8_A              -2.700              -0.515              -0.500               0.014                 674
              1CBX_A              -3.000              -0.494              -0.487               0.007                 307
              1CDG_A              -3.500              -0.295              -0.248               0.047                 686
              1CEL_A              -3.100              -0.535              -0.510               0.025                 433
              1CHD_A              -3.400              -0.418              -0.389               0.030                 198
              1CHK_B              -2.400              -0.333              -0.325               0.007                 238
              1CM0_A               0.600               0.347              -0.303               0.044                 162
              1CNS_A              -3.100              -0.504              -0.488               0.015                 243
              1COY_A              -2.400              -0.462              -0.459               0.003                 501
              1CQQ_A              30.000               0.370              -0.297               0.073                 180
              1CVR_A              -3.000              -0.374              -0.364               0.010                 432
              1CWY_A              -1.900              -0.574              -0.574               0.000                 500
              1CZ1_A              -1.100              -0.566              -0.562               0.004                 394
              1CZF_A              -3.100              -0.374              -0.341               0.033                 335
              1D1Q_A              -1.400              -0.534              -0.530               0.005                 159
              1D4C_A              -3.300              -0.449              -0.416               0.033                 570
              1D6O_A              -1.700              -0.301              -0.296               0.006                 107
              1DDJ_A              -2.300              -0.621              -0.619               0.002                 247
              1DGK_N              -2.700              -0.471              -0.457               0.014                 898
              1DGS_A              -1.800              -0.385              -0.383               0.002                 581
              1DIN_A              -2.300              -0.551              -0.547               0.004                 232
              1DNP_A              -2.500              -0.544              -0.533               0.010                 469
              1DVE_A              -2.200              -0.487              -0.484               0.002                 214
              1E0C_A              -3.100              -0.482              -0.457               0.026                 270
              1E1A_A              -1.100              -0.333              -0.329               0.004                 312
              1E6E_A              -1.700              -0.647              -0.645               0.003                 457
              1EB6_A              -1.300              -0.375              -0.372               0.003                 177
              1EH5_A              -2.300              -0.540              -0.538               0.002                 279
              1EUG_A              -2.300              -0.607              -0.605               0.002                 225
              1EUU_A              -3.500              -0.120              -0.061               0.059                 601
              1EX1_A              -3.200              -0.454              -0.430               0.024                 602
              1EXN_A              -1.300              -0.310              -0.307               0.003                 267
              1EXP_A              -0.600              -0.516              -0.493               0.022                 312
              1EYP_A              30.000               0.250              -0.246               0.004                 212
              1FF3_A              -2.400              -0.458              -0.457               0.001                 210
              1FGH_A              -1.400              -0.633              -0.629               0.004                 753
              1FHL_A              -0.800              -0.468              -0.463               0.006                 334
              1FOA_A              -1.200              -0.571              -0.563               0.007                 342
              1G24_A              -0.900              -0.434              -0.427               0.007                 210
              1G6T_A              -1.700              -0.579              -0.577               0.002                 427
              1G8O_A              -2.400              -0.414              -0.409               0.005                 287
              1GA8_A               5.900               0.560              -0.490               0.070                 271
              1GAL_A              -2.500              -0.474              -0.470               0.004                 581
              1GCU_A              -2.900              -0.382              -0.368               0.014                 292
              1GOG_A              -3.400              -0.318              -0.270               0.049                 639
              1GP5_A              -2.500              -0.423              -0.418               0.005                 346
              1GQ8_A              -3.200              -0.470              -0.448               0.023                 318
              1H19_A              -1.800              -0.597              -0.595               0.003                 610
              1H3I_A              -1.200              -0.198              -0.195               0.003                 293
              1HKA_A              12.200               0.459              -0.434               0.025                 158
              1HPL_A              -2.800              -0.569              -0.548               0.021                 449
              1HPM_A               0.300               0.591              -0.547               0.044                 378
              1HQC_A              29.600               0.355              -0.307               0.048                 314
              1I1E_A              -3.500              -0.343              -0.260               0.082                1287
              1I1I_P               3.000               0.407              -0.386               0.021                 665
              1I9A_A              -1.500              -0.502              -0.495               0.006                 175
              1IDJ_A              -3.100              -0.546              -0.503               0.044                 359
              1IG8_A              -1.500              -0.563              -0.559               0.004                 469
              1IM5_A              -2.400              -0.513              -0.511               0.003                 179
              1INP_A               1.200               0.431              -0.403               0.028                 400
              1IU4_A              -2.800              -0.275              -0.269               0.006                 331
              1J00_A               6.100               0.434              -0.375               0.059                 176
              1J09_A              -1.300              -0.495              -0.479               0.017                 468
              1JH6_A              -1.600              -0.418              -0.416               0.002                 181
              1JMS_A              -1.900              -0.492              -0.491               0.001                 360
              1JOA_A              -2.000              -0.443              -0.443               0.000                 446
              1JS4_A              -2.300              -0.556              -0.550               0.006                 605
              1K30_A               9.400               0.487              -0.417               0.070                 363
              1KL7_A              -0.900              -0.665              -0.653               0.012                 503
              1KNP_A              -2.300              -0.547              -0.544               0.003                 529
              1L1D_A              -2.700              -0.564              -0.546               0.018                 142
              1L1L_A              -1.000              -0.465              -0.455               0.010                 717
              1L6P_A              -0.800              -0.306              -0.265               0.041                 121
              1L7N_A              -3.000              -0.535              -0.506               0.029                 207
              1L7Q_A              -3.600              -0.284              -0.224               0.060                 571
              1L8T_A              -0.800              -0.556              -0.537               0.019                 263
              1L9X_A              -1.300              -0.585              -0.577               0.008                 288
              1LBA_A              -0.700              -0.561              -0.553               0.007                 146
              1LDM_A              -1.100              -0.488              -0.481               0.006                 329
              1LJL_A              -1.000              -0.545              -0.532               0.013                 130
              1LVH_A              -1.400              -0.602              -0.594               0.008                 220
              1M53_A              -2.700              -0.589              -0.576               0.013                 556
              1MBB_A              -0.500              -0.633              -0.604               0.029                 340
              1MJ9_A               0.400               0.599              -0.529               0.071                 273
              1MLA_A              -2.100              -0.525              -0.525               0.000                 305
              1MRQ_A              -2.300              -0.463              -0.462               0.001                 323
              1MUD_A              -0.900              -0.451              -0.429               0.022                 225
              1MUG_A               0.300               0.488              -0.463               0.025                 165
              1NDH_A              27.300               0.424              -0.405               0.019                 270
              1NDI_A              -3.000              -0.518              -0.498               0.020                 596
              1NLU_A               0.100               0.551              -0.541               0.009                 368
              1O8A_A              -2.400              -0.431              -0.429               0.002                 574
              1O98_A              -0.500              -0.654              -0.630               0.024                 509
              1OG1_A              -1.400              -0.467              -0.462               0.005                 223
              1OGO_X              -1.100              -0.088              -0.086               0.002                 572
              1OJ4_A              -1.900              -0.626              -0.625               0.001                 277
              1ONR_A               0.000               0.733              -0.722               0.011                 316
              1OPM_A              -2.700              -0.372              -0.364               0.008                 310
              1OXA_A              -3.900              -0.321              -0.276               0.046                 403
              1OYG_A              -1.800              -0.456              -0.455               0.001                 440
              1P1X_A              -0.200              -0.551              -0.537               0.014                 250
              1P3D_A              -1.800              -0.564              -0.563               0.001                 449
              1P5D_X              -1.400              -0.586              -0.581               0.005                 454
              1PA9_A              -0.300              -0.536              -0.510               0.026                 279
              1PII_A              -2.900              -0.560              -0.523               0.037                 452
              1PKN_A               3.700               0.474              -0.462               0.012                 514
              1PMI_A              -0.100              -0.597              -0.567               0.029                 440
              1PP4_A              -1.500              -0.412              -0.411               0.001                 233
              1PS9_A              -2.400              -0.572              -0.566               0.006                 671
              1PTD_A              -0.800              -0.571              -0.560               0.011                 296
              1PUD_A              -1.900              -0.447              -0.447               0.000                 372
              1PYL_A              20.100               0.284              -0.243               0.041                  95
              1Q91_A              -1.000              -0.452              -0.436               0.016                 194
              1QAM_A              -1.800              -0.366              -0.362               0.004                 235
              1QAZ_A              30.000              -0.149              -0.019               0.131                 351
              1QBA_A              -2.800              -0.460              -0.440               0.019                 858
              1QFM_A              -2.800              -0.460              -0.447               0.012                 705
              1QGX_A              -1.900              -0.515              -0.515               0.000                 354
              1QJE_A              -2.100              -0.279              -0.279               0.000                 327
              1QK2_A               4.800               0.509              -0.504               0.005                 363
              1QWN_A              -2.500              -0.501              -0.496               0.004                1014
              1R1J_A              -2.700              -0.393              -0.378               0.014                 696
              1R44_A              -1.500              -0.570              -0.563               0.007                 202
              1R4Z_A              -1.800              -0.469              -0.467               0.002                 179
              1RBN_A              -2.100              -0.481              -0.476               0.004                 124
              1RDD_A              -2.700              -0.365              -0.360               0.004                 155
              1RU4_A              -3.700              -0.349              -0.319               0.030                 400
              1S3I_A               0.100               0.480              -0.451               0.029                 307
              1S95_A              -2.300              -0.555              -0.553               0.001                 324
              1SCA_A              -2.300              -0.621              -0.620               0.001                 274
              1SLL_A              -3.700              -0.193              -0.134               0.058                 679
              1SML_A              -1.600              -0.337              -0.335               0.002                 266
              1SNZ_A              -2.500              -0.364              -0.359               0.005                 344
              1TAH_B              -2.000              -0.499              -0.499               0.000                 318
              1TLP_E              -2.800              -0.536              -0.530               0.006                 316
              1U3F_A              -0.700              -0.481              -0.463               0.018                 164
              1U5U_A              11.500               0.138              -0.102               0.035                 366
              1UAS_A              -1.700              -0.550              -0.548               0.002                 362
              1UN1_A              -2.800              -0.458              -0.450               0.008                 267
              1VID_A              -1.600              -0.436              -0.434               0.003                 213
              1VLB_A              -3.600              -0.309              -0.241               0.067                 907
              1VNC_A              -2.500              -0.250              -0.245               0.005                 576
              1VQ1_A              -1.000              -0.590              -0.579               0.011                 263
              1W0H_A              -2.100              -0.530              -0.529               0.001                 194
              1XQW_A              -2.800              -0.452              -0.440               0.012                 290
              1Y9M_A              -1.300              -0.561              -0.555               0.006                 517
              1YON_A              -2.000              -0.454              -0.454               0.000                 292
              1YSC_A              -2.600              -0.577              -0.572               0.005                 421
              1ZE1_A              -1.200              -0.435              -0.416               0.019                 308
              1ZIO_A              -2.100              -0.528              -0.527               0.001                 217
              206L_A              -2.200              -0.384              -0.382               0.002                 162
              2A0N_A              13.000               0.608              -0.482               0.125                 251
              2ABK_A              -0.700              -0.493              -0.459               0.034                 211
              2ACY_A              -2.100              -0.296              -0.292               0.003                  98
              2AYH_A              -2.700              -0.394              -0.388               0.006                 214
              2CPO_A              -1.900              -0.117              -0.116               0.001                 298
              2CPU_A              -2.500              -0.512              -0.504               0.008                 495
              2DLN_A              -1.900              -0.650              -0.649               0.001                 306
              2EBN_A               3.300               0.396              -0.337               0.059                 285
              2ENG_A              -2.800              -0.462              -0.449               0.014                 205
              2F61_A              -2.400              -0.474              -0.471               0.003                 497
              2F9R_A              29.900               0.447              -0.237               0.210                 285
              2NLR_A              -2.000              -0.288              -0.288               0.000                 222
              2NMT_A              -2.400              -0.434              -0.428               0.006                 422
              2PEC_A              -2.300              -0.423              -0.421               0.002                 352
              2PIA_A              -2.600              -0.541              -0.534               0.006                 321
              2PTH_A              27.600               0.419              -0.388               0.031                 193
              2SQC_A              -3.100              -0.498              -0.474               0.025                 623
              2THI_A              -3.400              -0.135              -0.106               0.029                 362
              2TPS_A              24.800               0.592              -0.526               0.066                 226
              5EAT_A              -3.400              -0.239              -0.197               0.042                 532
              7ATJ_A              -2.600              -0.553              -0.544               0.010                 305
