                 pdb     free_param_best         sp_cor_best                nres
              132L_A               9.500              -0.666                 124
              13PK_A              25.000              -0.711                 415
              1A26_A              15.300              -0.694                 351
              1A2T_A               7.300              -0.640                 134
              1A4L_A              10.600              -0.757                 348
              1A65_A              11.700              -0.647                 504
              1A8H_A              12.500              -0.353                 500
              1A8S_A              27.200              -0.551                 273
              1AF7_A              17.900              -0.698                 274
              1AGM_A               9.800              -0.621                 470
              1AGY_A              10.100              -0.716                 197
              1AH7_A              14.300              -0.711                 245
              1AJ0_A              34.700              -0.598                 282
              1AK0_A              15.100              -0.754                 264
              1AKO_A              10.800              -0.555                 268
              1AMY_A              20.200              -0.570                 403
              1AQ2_A              22.100              -0.723                 534
              1AQL_A               9.600              -0.601                 532
              1AST_A              14.000              -0.677                 200
              1B04_A               9.100              -0.531                 310
              1B2R_A              24.100              -0.657                 295
              1BBS_A              10.800              -0.655                 331
              1BF2_A              33.600              -0.535                 750
              1BG0_A              19.500              -0.712                 356
              1BH2_A              26.300              -0.669                 315
              1BOL_A              10.300              -0.635                 222
              1BP2_A              13.100              -0.713                 123
              1BQC_A              24.200              -0.683                 302
              1BS0_A               9.100              -0.581                 383
              1BS4_A              12.200              -0.603                 168
              1BS9_A              10.800              -0.613                 207
              1BT1_A              11.900              -0.624                 336
              1BU7_A               9.900              -0.511                 455
              1BVV_A              30.400              -0.583                 185
              1BVZ_A              13.800              -0.587                 585
              1BWL_A              11.300              -0.618                 399
              1BWZ_A              20.900              -0.678                 274
              1BYA_A              10.100              -0.637                 491
              1BZC_A              14.200              -0.695                 297
              1C82_A              14.300              -0.690                 719
              1CA2_A               8.700              -0.735                 256
              1CB8_A              12.600              -0.702                 674
              1CBX_A              10.400              -0.618                 307
              1CDG_A              14.300              -0.513                 686
              1CEL_A              10.000              -0.670                 433
              1CHD_A               8.100              -0.544                 198
              1CHK_B               9.000              -0.611                 238
              1CM0_A              23.300              -0.575                 162
              1CNS_A               9.400              -0.666                 243
              1COY_A              10.800              -0.625                 501
              1CQQ_A              27.800              -0.462                 180
              1CVR_A              13.300              -0.503                 432
              1CWY_A              17.100              -0.656                 500
              1CZ1_A              15.200              -0.744                 394
              1CZF_A               9.800              -0.563                 335
              1D1Q_A               8.900              -0.687                 159
              1D4C_A              13.700              -0.694                 570
              1D6O_A               7.600              -0.600                 107
              1DDJ_A              15.100              -0.698                 247
              1DGK_N               9.500              -0.585                 898
              1DGS_A               9.300              -0.488                 581
              1DIN_A               9.300              -0.640                 232
              1DNP_A              15.900              -0.696                 469
              1DVE_A              12.000              -0.702                 214
              1E0C_A               9.100              -0.634                 270
              1E1A_A              10.800              -0.605                 312
              1E6E_A              24.100              -0.736                 457
              1EB6_A              14.600              -0.668                 177
              1EH5_A              11.000              -0.730                 279
              1EUG_A              10.000              -0.706                 225
              1EUU_A              28.800              -0.511                 601
              1EX1_A              19.400              -0.607                 602
              1EXN_A              10.000              -0.417                 267
              1EXP_A              18.600              -0.663                 312
              1EYP_A              11.900              -0.485                 212
              1FF3_A              13.300              -0.516                 210
              1FGH_A              26.900              -0.757                 753
              1FHL_A              17.900              -0.654                 334
              1FOA_A              18.200              -0.759                 342
              1G24_A              18.000              -0.622                 210
              1G6T_A              26.000              -0.751                 427
              1G8O_A              10.100              -0.652                 287
              1GA8_A              24.000              -0.735                 271
              1GAL_A              27.100              -0.617                 581
              1GCU_A              13.700              -0.555                 292
              1GOG_A              10.800              -0.658                 639
              1GP5_A              11.000              -0.630                 346
              1GQ8_A               8.600              -0.601                 318
              1H19_A              15.100              -0.752                 610
              1H3I_A              10.000              -0.379                 293
              1HKA_A              35.300              -0.573                 158
              1HPL_A              11.100              -0.709                 449
              1HPM_A              28.300              -0.621                 378
              1HQC_A              22.100              -0.397                 314
              1I1E_A              10.500              -0.461                1287
              1I1I_P              41.900              -0.596                 665
              1I9A_A              19.500              -0.657                 175
              1IDJ_A              10.500              -0.611                 359
              1IG8_A              18.500              -0.704                 469
              1IM5_A               9.300              -0.700                 179
              1INP_A              17.600              -0.647                 400
              1IU4_A               8.900              -0.369                 331
              1J00_A              32.300              -0.570                 176
              1J09_A              25.800              -0.608                 468
              1JH6_A              16.800              -0.663                 181
              1JMS_A              14.100              -0.649                 360
              1JOA_A              18.800              -0.520                 446
              1JS4_A              17.000              -0.660                 605
              1K30_A              36.900              -0.601                 363
              1KL7_A              40.600              -0.790                 503
              1KNP_A              13.000              -0.635                 529
              1L1D_A               7.500              -0.670                 142
              1L1L_A              46.100              -0.702                 717
              1L6P_A              10.900              -0.518                 121
              1L7N_A               9.900              -0.702                 207
              1L7Q_A              11.700              -0.539                 571
              1L8T_A              19.600              -0.674                 263
              1L9X_A              24.400              -0.652                 288
              1LBA_A              18.600              -0.702                 146
              1LDM_A              23.400              -0.586                 329
              1LJL_A               9.600              -0.718                 130
              1LVH_A              17.800              -0.728                 220
              1M53_A              14.800              -0.696                 556
              1MBB_A              21.400              -0.742                 340
              1MJ9_A              29.800              -0.636                 273
              1MLA_A              16.800              -0.675                 305
              1MRQ_A              15.000              -0.610                 323
              1MUD_A              19.800              -0.560                 225
              1MUG_A              24.600              -0.675                 165
              1NDH_A               9.200              -0.567                 270
              1NDI_A              12.400              -0.701                 596
              1NLU_A              18.200              -0.657                 368
              1O8A_A              11.000              -0.663                 574
              1O98_A              29.200              -0.760                 509
              1OG1_A              11.700              -0.691                 223
              1OGO_X              19.100              -0.414                 572
              1OJ4_A              15.200              -0.754                 277
              1ONR_A              26.900              -0.802                 316
              1OPM_A               9.000              -0.483                 310
              1OXA_A               8.800              -0.470                 403
              1OYG_A              28.500              -0.686                 440
              1P1X_A              17.800              -0.689                 250
              1P3D_A              19.700              -0.673                 449
              1P5D_X              18.400              -0.708                 454
              1PA9_A              17.800              -0.616                 279
              1PII_A              14.000              -0.727                 452
              1PKN_A              20.500              -0.549                 514
              1PMI_A              28.200              -0.729                 440
              1PP4_A              10.200              -0.575                 233
              1PS9_A              18.000              -0.652                 671
              1PTD_A              17.500              -0.693                 296
              1PUD_A              14.600              -0.566                 372
              1PYL_A               9.900              -0.585                  95
              1Q91_A              26.400              -0.621                 194
              1QAM_A              20.100              -0.486                 235
              1QAZ_A              12.200              -0.308                 351
              1QBA_A              13.100              -0.644                 858
              1QFM_A              10.100              -0.629                 705
              1QGX_A              27.400              -0.735                 354
              1QJE_A              12.100              -0.590                 327
              1QK2_A               9.500              -0.664                 363
              1QWN_A              14.500              -0.659                1014
              1R1J_A              10.800              -0.620                 696
              1R44_A              14.900              -0.775                 202
              1R4Z_A               9.700              -0.633                 179
              1RBN_A               8.500              -0.672                 124
              1RDD_A               7.800              -0.611                 155
              1RU4_A              10.100              -0.553                 400
              1S3I_A              29.000              -0.604                 307
              1S95_A              15.100              -0.681                 324
              1SCA_A              10.400              -0.742                 274
              1SLL_A               9.800              -0.455                 679
              1SML_A              11.200              -0.565                 266
              1SNZ_A               8.700              -0.614                 344
              1TAH_B              15.400              -0.535                 318
              1TLP_E              15.400              -0.647                 316
              1U3F_A              16.600              -0.585                 164
              1U5U_A              21.300              -0.367                 366
              1UAS_A              22.100              -0.648                 362
              1UN1_A              10.300              -0.557                 267
              1VID_A               9.600              -0.629                 213
              1VLB_A              10.300              -0.581                 907
              1VNC_A              11.300              -0.559                 576
              1VQ1_A              10.900              -0.664                 263
              1W0H_A              15.800              -0.693                 194
              1XQW_A               9.200              -0.695                 290
              1Y9M_A              24.500              -0.687                 517
              1YON_A              19.300              -0.695                 292
              1YSC_A              13.900              -0.701                 421
              1ZE1_A              19.600              -0.522                 308
              1ZIO_A              10.000              -0.734                 217
              206L_A              14.700              -0.606                 162
              2A0N_A              37.900              -0.706                 251
              2ABK_A              21.400              -0.628                 211
              2ACY_A              10.000              -0.562                  98
              2AYH_A              12.300              -0.611                 214
              2CPO_A              14.500              -0.426                 298
              2CPU_A              11.600              -0.677                 495
              2DLN_A              23.300              -0.757                 306
              2EBN_A              32.700              -0.527                 285
              2ENG_A              10.800              -0.594                 205
              2F61_A              17.300              -0.670                 497
              2F9R_A              39.100              -0.637                 285
              2NLR_A              14.200              -0.523                 222
              2NMT_A              13.200              -0.554                 422
              2PEC_A              14.400              -0.538                 352
              2PIA_A               9.800              -0.721                 321
              2PTH_A               9.200              -0.508                 193
              2SQC_A              15.200              -0.647                 623
              2THI_A              15.400              -0.466                 362
              2TPS_A              18.700              -0.748                 226
              5EAT_A               9.000              -0.400                 532
              7ATJ_A               9.200              -0.701                 305
