                 pdb     free_param_best         sp_cor_best                nres
              132L_A               2.600              -0.610                 124
              13PK_A              16.000              -0.685                 415
              1A26_A               4.400              -0.636                 351
              1A2T_A               5.800              -0.483                 134
              1A4L_A               5.200              -0.680                 348
              1A65_A               4.000              -0.618                 504
              1A8H_A               4.800              -0.291                 500
              1A8S_A               7.200              -0.513                 273
              1AF7_A               5.200              -0.642                 274
              1AGM_A               4.000              -0.551                 470
              1AGY_A               2.800              -0.635                 197
              1AH7_A               4.000              -0.677                 245
              1AJ0_A              47.400              -0.514                 282
              1AK0_A               3.400              -0.682                 264
              1AKO_A               2.800              -0.522                 268
              1AMY_A               6.200              -0.527                 403
              1AQ2_A               9.200              -0.681                 534
              1AQL_A               3.200              -0.566                 532
              1AST_A               4.200              -0.599                 200
              1B04_A               3.600              -0.457                 310
              1B2R_A              11.600              -0.637                 295
              1BBS_A               3.400              -0.589                 331
              1BF2_A              13.400              -0.534                 750
              1BG0_A               8.800              -0.692                 356
              1BH2_A              23.000              -0.619                 315
              1BOL_A               3.800              -0.517                 222
              1BP2_A               3.200              -0.604                 123
              1BQC_A              11.600              -0.620                 302
              1BS0_A               5.200              -0.533                 383
              1BS4_A              14.000              -0.571                 168
              1BS9_A               3.200              -0.552                 207
              1BT1_A               4.600              -0.580                 336
              1BU7_A               3.800              -0.431                 455
              1BVV_A              22.600              -0.443                 185
              1BVZ_A               4.600              -0.525                 585
              1BWL_A               3.800              -0.589                 399
              1BWZ_A              10.200              -0.617                 274
              1BYA_A               3.800              -0.535                 491
              1BZC_A               6.800              -0.654                 297
              1C82_A               4.200              -0.672                 719
              1CA2_A               6.200              -0.619                 256
              1CB8_A               4.000              -0.675                 674
              1CBX_A               2.800              -0.576                 307
              1CDG_A               5.200              -0.473                 686
              1CEL_A               3.400              -0.617                 433
              1CHD_A               2.200              -0.440                 198
              1CHK_B               3.800              -0.489                 238
              1CM0_A              49.400              -0.493                 162
              1CNS_A               2.600              -0.582                 243
              1COY_A               4.800              -0.598                 501
              1CQQ_A              48.000              -0.385                 180
              1CVR_A               4.000              -0.462                 432
              1CWY_A               6.600              -0.608                 500
              1CZ1_A               7.200              -0.692                 394
              1CZF_A               2.600              -0.449                 335
              1D1Q_A               3.200              -0.636                 159
              1D4C_A               4.000              -0.671                 570
              1D6O_A               4.600              -0.377                 107
              1DDJ_A               6.000              -0.655                 247
              1DGK_N               4.400              -0.527                 898
              1DGS_A               5.600              -0.414                 581
              1DIN_A               4.400              -0.610                 232
              1DNP_A               4.600              -0.645                 469
              1DVE_A               4.400              -0.601                 214
              1E0C_A               2.800              -0.601                 270
              1E1A_A               3.400              -0.578                 312
              1E6E_A               9.800              -0.729                 457
              1EB6_A               4.400              -0.538                 177
              1EH5_A               4.000              -0.677                 279
              1EUG_A               3.400              -0.641                 225
              1EUU_A              10.000              -0.471                 601
              1EX1_A               4.800              -0.567                 602
              1EXN_A               5.400              -0.353                 267
              1EXP_A               7.400              -0.571                 312
              1EYP_A               4.000              -0.427                 212
              1FF3_A               4.200              -0.475                 210
              1FGH_A              11.000              -0.732                 753
              1FHL_A              10.400              -0.567                 334
              1FOA_A               8.800              -0.696                 342
              1G24_A               5.200              -0.627                 210
              1G6T_A               9.200              -0.680                 427
              1G8O_A               3.400              -0.573                 287
              1GA8_A              41.200              -0.688                 271
              1GAL_A              12.000              -0.591                 581
              1GCU_A               4.600              -0.528                 292
              1GOG_A               4.000              -0.602                 639
              1GP5_A               4.600              -0.567                 346
              1GQ8_A               2.400              -0.524                 318
              1H19_A              33.600              -0.725                 610
              1H3I_A               3.400              -0.267                 293
              1HKA_A              43.600              -0.482                 158
              1HPL_A               4.400              -0.640                 449
              1HPM_A              35.800              -0.590                 378
              1HQC_A              17.000              -0.335                 314
              1I1E_A               2.600              -0.427                1287
              1I1I_P              49.800              -0.539                 665
              1I9A_A               6.000              -0.562                 175
              1IDJ_A               2.400              -0.617                 359
              1IG8_A              11.200              -0.663                 469
              1IM5_A               3.400              -0.531                 179
              1INP_A               7.200              -0.634                 400
              1IU4_A               3.200              -0.284                 331
              1J00_A              48.200              -0.430                 176
              1J09_A              11.400              -0.570                 468
              1JH6_A              14.800              -0.612                 181
              1JMS_A               4.200              -0.623                 360
              1JOA_A               6.200              -0.474                 446
              1JS4_A               6.600              -0.632                 605
              1K30_A              45.200              -0.560                 363
              1KL7_A              50.000              -0.739                 503
              1KNP_A               4.200              -0.588                 529
              1L1D_A               2.600              -0.604                 142
              1L1L_A              40.000              -0.686                 717
              1L6P_A               7.800              -0.336                 121
              1L7N_A               3.200              -0.609                 207
              1L7Q_A               3.400              -0.471                 571
              1L8T_A               9.200              -0.645                 263
              1L9X_A               8.000              -0.620                 288
              1LBA_A              33.400              -0.636                 146
              1LDM_A              17.600              -0.531                 329
              1LJL_A               7.600              -0.619                 130
              1LVH_A              12.600              -0.676                 220
              1M53_A               4.400              -0.668                 556
              1MBB_A              10.800              -0.690                 340
              1MJ9_A              21.600              -0.624                 273
              1MLA_A               7.000              -0.612                 305
              1MRQ_A               4.000              -0.554                 323
              1MUD_A               9.800              -0.508                 225
              1MUG_A              19.000              -0.595                 165
              1NDH_A              49.200              -0.515                 270
              1NDI_A               4.000              -0.640                 596
              1NLU_A               6.800              -0.629                 368
              1O8A_A               4.200              -0.568                 574
              1O98_A              38.800              -0.715                 509
              1OG1_A               4.800              -0.624                 223
              1OGO_X               6.000              -0.398                 572
              1OJ4_A               5.600              -0.698                 277
              1ONR_A              21.600              -0.758                 316
              1OPM_A               2.600              -0.453                 310
              1OXA_A               2.800              -0.435                 403
              1OYG_A              12.200              -0.681                 440
              1P1X_A              11.000              -0.614                 250
              1P3D_A               8.400              -0.626                 449
              1P5D_X               9.600              -0.682                 454
              1PA9_A              10.200              -0.590                 279
              1PII_A               3.600              -0.629                 452
              1PKN_A              23.400              -0.513                 514
              1PMI_A              33.200              -0.708                 440
              1PP4_A               5.400              -0.522                 233
              1PS9_A               5.400              -0.618                 671
              1PTD_A              12.800              -0.648                 296
              1PUD_A               5.600              -0.489                 372
              1PYL_A              48.800              -0.423                  95
              1Q91_A               7.800              -0.589                 194
              1QAM_A               7.200              -0.448                 235
              1QAZ_A               2.000              -0.314                 351
              1QBA_A               4.200              -0.618                 858
              1QFM_A               3.400              -0.559                 705
              1QGX_A              20.200              -0.692                 354
              1QJE_A               4.600              -0.538                 327
              1QK2_A               4.000              -0.598                 363
              1QWN_A               5.000              -0.632                1014
              1R1J_A               4.200              -0.544                 696
              1R44_A               5.000              -0.672                 202
              1R4Z_A               3.800              -0.528                 179
              1RBN_A               3.200              -0.563                 124
              1RDD_A               3.600              -0.429                 155
              1RU4_A               2.000              -0.594                 400
              1S3I_A              31.000              -0.592                 307
              1S95_A               5.800              -0.604                 324
              1SCA_A               4.200              -0.656                 274
              1SLL_A              10.400              -0.419                 679
              1SML_A               3.600              -0.487                 266
              1SNZ_A               3.400              -0.439                 344
              1TAH_B               6.400              -0.510                 318
              1TLP_E               7.400              -0.584                 316
              1U3F_A               9.600              -0.523                 164
              1U5U_A              13.200              -0.349                 366
              1UAS_A               8.200              -0.599                 362
              1UN1_A               2.800              -0.502                 267
              1VID_A               5.600              -0.539                 213
              1VLB_A               3.400              -0.542                 907
              1VNC_A               3.000              -0.542                 576
              1VQ1_A              12.400              -0.607                 263
              1W0H_A               4.800              -0.628                 194
              1XQW_A               3.600              -0.644                 290
              1Y9M_A               9.000              -0.654                 517
              1YON_A               7.400              -0.631                 292
              1YSC_A               3.600              -0.675                 421
              1ZE1_A              10.000              -0.473                 308
              1ZIO_A               3.800              -0.642                 217
              206L_A               5.000              -0.501                 162
              2A0N_A              50.000              -0.601                 251
              2ABK_A              10.600              -0.572                 211
              2ACY_A               4.000              -0.404                  98
              2AYH_A               3.000              -0.527                 214
              2CPO_A               4.200              -0.398                 298
              2CPU_A               3.800              -0.617                 495
              2DLN_A               9.000              -0.701                 306
              2EBN_A              45.200              -0.479                 285
              2ENG_A               2.400              -0.502                 205
              2F61_A               5.600              -0.624                 497
              2F9R_A              49.000              -0.540                 285
              2NLR_A               6.200              -0.461                 222
              2NMT_A               4.600              -0.494                 422
              2PEC_A               3.400              -0.536                 352
              2PIA_A               4.400              -0.640                 321
              2PTH_A              29.000              -0.434                 193
              2SQC_A               6.400              -0.628                 623
              2THI_A               5.200              -0.434                 362
              2TPS_A              31.800              -0.669                 226
              5EAT_A               2.800              -0.319                 532
              7ATJ_A               3.200              -0.604                 305
