                 pdb     free_param_best         sp_cor_best                nres
              132L_A               9.700              -0.620                 124
              13PK_A              26.900              -0.664                 415
              1A26_A              14.300              -0.637                 351
              1A2T_A              11.500              -0.503                 134
              1A4L_A              16.800              -0.674                 348
              1A65_A              14.600              -0.602                 504
              1A8H_A              10.000              -0.293                 500
              1A8S_A              27.100              -0.513                 273
              1AF7_A              14.600              -0.639                 274
              1AGM_A               9.800              -0.546                 470
              1AGY_A               8.400              -0.681                 197
              1AH7_A              10.900              -0.661                 245
              1AJ0_A              35.900              -0.522                 282
              1AK0_A              10.400              -0.674                 264
              1AKO_A               9.400              -0.555                 268
              1AMY_A              20.600              -0.512                 403
              1AQ2_A              30.100              -0.663                 534
              1AQL_A              13.700              -0.553                 532
              1AST_A              12.000              -0.619                 200
              1B04_A               9.500              -0.447                 310
              1B2R_A              21.300              -0.628                 295
              1BBS_A              11.900              -0.577                 331
              1BF2_A              37.100              -0.515                 750
              1BG0_A              20.500              -0.667                 356
              1BH2_A              26.000              -0.642                 315
              1BOL_A              10.000              -0.553                 222
              1BP2_A               8.900              -0.651                 123
              1BQC_A              24.300              -0.629                 302
              1BS0_A               9.400              -0.524                 383
              1BS4_A              24.300              -0.562                 168
              1BS9_A              12.100              -0.575                 207
              1BT1_A              20.000              -0.581                 336
              1BU7_A               9.500              -0.443                 455
              1BVV_A              30.000              -0.457                 185
              1BVZ_A              15.600              -0.538                 585
              1BWL_A              12.600              -0.586                 399
              1BWZ_A              21.600              -0.611                 274
              1BYA_A              16.500              -0.522                 491
              1BZC_A              15.400              -0.660                 297
              1C82_A              11.200              -0.667                 719
              1CA2_A              12.500              -0.617                 256
              1CB8_A              11.800              -0.671                 674
              1CBX_A              10.300              -0.612                 307
              1CDG_A              15.900              -0.451                 686
              1CEL_A              13.800              -0.586                 433
              1CHD_A               9.700              -0.477                 198
              1CHK_B              10.600              -0.502                 238
              1CM0_A              24.500              -0.531                 162
              1CNS_A              11.100              -0.574                 243
              1COY_A              14.800              -0.584                 501
              1CQQ_A              25.600              -0.411                 180
              1CVR_A              14.800              -0.457                 432
              1CWY_A              12.200              -0.584                 500
              1CZ1_A              15.800              -0.680                 394
              1CZF_A               9.700              -0.463                 335
              1D1Q_A               9.800              -0.657                 159
              1D4C_A              11.600              -0.665                 570
              1D6O_A               9.700              -0.383                 107
              1DDJ_A              13.500              -0.651                 247
              1DGK_N              12.000              -0.533                 898
              1DGS_A              12.500              -0.395                 581
              1DIN_A               9.800              -0.598                 232
              1DNP_A              13.000              -0.651                 469
              1DVE_A              12.100              -0.590                 214
              1E0C_A              10.800              -0.614                 270
              1E1A_A              17.400              -0.569                 312
              1E6E_A              22.000              -0.693                 457
              1EB6_A               8.400              -0.601                 177
              1EH5_A              11.500              -0.655                 279
              1EUG_A               8.500              -0.650                 225
              1EUU_A              29.200              -0.516                 601
              1EX1_A              17.200              -0.564                 602
              1EXN_A              16.400              -0.361                 267
              1EXP_A              22.700              -0.569                 312
              1EYP_A               8.000              -0.436                 212
              1FF3_A              10.200              -0.482                 210
              1FGH_A              28.500              -0.727                 753
              1FHL_A              22.400              -0.555                 334
              1FOA_A              21.900              -0.691                 342
              1G24_A              10.600              -0.614                 210
              1G6T_A              23.000              -0.678                 427
              1G8O_A              12.100              -0.589                 287
              1GA8_A              23.100              -0.690                 271
              1GAL_A              28.400              -0.587                 581
              1GCU_A               9.700              -0.527                 292
              1GOG_A              11.800              -0.581                 639
              1GP5_A              12.200              -0.562                 346
              1GQ8_A              10.000              -0.541                 318
              1H19_A              39.200              -0.706                 610
              1H3I_A               9.700              -0.301                 293
              1HKA_A              32.300              -0.517                 158
              1HPL_A              11.400              -0.615                 449
              1HPM_A              25.500              -0.612                 378
              1HQC_A              21.900              -0.343                 314
              1I1E_A              11.900              -0.423                1287
              1I1I_P              41.700              -0.556                 665
              1I9A_A              22.500              -0.556                 175
              1IDJ_A               8.700              -0.593                 359
              1IG8_A              23.600              -0.638                 469
              1IM5_A               9.500              -0.587                 179
              1INP_A              20.500              -0.636                 400
              1IU4_A              11.500              -0.299                 331
              1J00_A              29.800              -0.454                 176
              1J09_A              33.100              -0.556                 468
              1JH6_A              21.900              -0.592                 181
              1JMS_A              11.900              -0.616                 360
              1JOA_A              20.600              -0.461                 446
              1JS4_A              21.800              -0.611                 605
              1K30_A              37.000              -0.566                 363
              1KL7_A              37.000              -0.741                 503
              1KNP_A               9.500              -0.588                 529
              1L1D_A              11.300              -0.600                 142
              1L1L_A              46.900              -0.677                 717
              1L6P_A              44.800              -0.384                 121
              1L7N_A               9.000              -0.632                 207
              1L7Q_A              12.400              -0.486                 571
              1L8T_A              21.100              -0.635                 263
              1L9X_A              23.900              -0.618                 288
              1LBA_A              12.400              -0.625                 146
              1LDM_A              26.500              -0.526                 329
              1LJL_A              12.900              -0.658                 130
              1LVH_A              18.500              -0.658                 220
              1M53_A              15.000              -0.651                 556
              1MBB_A              22.000              -0.672                 340
              1MJ9_A              23.000              -0.617                 273
              1MLA_A              18.700              -0.587                 305
              1MRQ_A              14.900              -0.557                 323
              1MUD_A              17.400              -0.482                 225
              1MUG_A              21.400              -0.604                 165
              1NDH_A              33.700              -0.509                 270
              1NDI_A              13.000              -0.624                 596
              1NLU_A              18.400              -0.627                 368
              1O8A_A              12.000              -0.554                 574
              1O98_A              29.400              -0.707                 509
              1OG1_A              10.400              -0.609                 223
              1OGO_X              20.300              -0.398                 572
              1OJ4_A              19.500              -0.679                 277
              1ONR_A              28.700              -0.745                 316
              1OPM_A              10.000              -0.471                 310
              1OXA_A              12.500              -0.437                 403
              1OYG_A              20.600              -0.674                 440
              1P1X_A              21.700              -0.618                 250
              1P3D_A              19.400              -0.604                 449
              1P5D_X              23.000              -0.654                 454
              1PA9_A              16.800              -0.599                 279
              1PII_A              11.100              -0.636                 452
              1PKN_A              34.600              -0.505                 514
              1PMI_A              30.700              -0.689                 440
              1PP4_A              11.200              -0.525                 233
              1PS9_A              20.000              -0.611                 671
              1PTD_A              21.800              -0.640                 296
              1PUD_A              18.100              -0.471                 372
              1PYL_A              11.600              -0.463                  95
              1Q91_A              24.300              -0.585                 194
              1QAM_A              18.700              -0.441                 235
              1QAZ_A               7.500              -0.318                 351
              1QBA_A              15.500              -0.587                 858
              1QFM_A               9.700              -0.565                 705
              1QGX_A              23.700              -0.685                 354
              1QJE_A              12.600              -0.535                 327
              1QK2_A              10.100              -0.602                 363
              1QWN_A              22.600              -0.612                1014
              1R1J_A              11.500              -0.541                 696
              1R44_A              10.900              -0.670                 202
              1R4Z_A              10.100              -0.556                 179
              1RBN_A              11.500              -0.580                 124
              1RDD_A               9.300              -0.450                 155
              1RU4_A               7.700              -0.587                 400
              1S3I_A              30.800              -0.579                 307
              1S95_A              10.300              -0.598                 324
              1SCA_A              10.300              -0.659                 274
              1SLL_A              28.500              -0.416                 679
              1SML_A              12.100              -0.501                 266
              1SNZ_A               9.900              -0.455                 344
              1TAH_B              27.100              -0.505                 318
              1TLP_E              24.300              -0.564                 316
              1U3F_A              17.300              -0.538                 164
              1U5U_A              29.300              -0.356                 366
              1UAS_A              23.400              -0.592                 362
              1UN1_A              11.400              -0.492                 267
              1VID_A              11.300              -0.536                 213
              1VLB_A              17.000              -0.511                 907
              1VNC_A              10.600              -0.524                 576
              1VQ1_A              17.900              -0.573                 263
              1W0H_A              12.100              -0.639                 194
              1XQW_A              12.900              -0.635                 290
              1Y9M_A              24.800              -0.648                 517
              1YON_A              20.900              -0.627                 292
              1YSC_A              17.700              -0.654                 421
              1ZE1_A              24.700              -0.454                 308
              1ZIO_A              12.100              -0.643                 217
              206L_A              12.800              -0.504                 162
              2A0N_A              36.500              -0.654                 251
              2ABK_A              21.300              -0.546                 211
              2ACY_A              12.300              -0.489                  98
              2AYH_A              11.200              -0.518                 214
              2CPO_A              15.000              -0.399                 298
              2CPU_A              13.400              -0.596                 495
              2DLN_A              23.200              -0.700                 306
              2EBN_A              28.400              -0.476                 285
              2ENG_A               8.900              -0.485                 205
              2F61_A              18.800              -0.614                 497
              2F9R_A              33.500              -0.579                 285
              2NLR_A              12.900              -0.451                 222
              2NMT_A              16.000              -0.511                 422
              2PEC_A              19.200              -0.514                 352
              2PIA_A              12.900              -0.632                 321
              2PTH_A              18.000              -0.451                 193
              2SQC_A              18.400              -0.613                 623
              2THI_A              16.100              -0.437                 362
              2TPS_A              30.300              -0.664                 226
              5EAT_A              10.300              -0.357                 532
              7ATJ_A              10.400              -0.607                 305
