1.5	0.5	17098.375		5541.31	#../pdb_crd/132L_A.xyz
1.5	0.5	56901.75		14419.4	#../pdb_crd/13PK_A.xyz
1.5	0.5	51116.75		14432.5	#../pdb_crd/1A26_A.xyz
1.5	0.5	19566		6288.23	#../pdb_crd/1A2T_A.xyz
1.5	0.5	50397.625		11795.4	#../pdb_crd/1A4L_A.xyz
1.5	0.5	70332.125		16135.1	#../pdb_crd/1A65_A.xyz
1.5	0.5	74543.25		18621.1	#../pdb_crd/1A8H_A.xyz
1.5	0.5	37640.375		8984.37	#../pdb_crd/1A8S_A.xyz
1.5	0.5	40432.125		12230.5	#../pdb_crd/1AF7_A.xyz
1.5	0.5	63875.375		14349	#../pdb_crd/1AGM_A.xyz
1.5	0.5	26135.75		7018.84	#../pdb_crd/1AGY_A.xyz
1.5	0.5	35565.75		9221.16	#../pdb_crd/1AH7_A.xyz
1.5	0.5	39646.125		10950.9	#../pdb_crd/1AJ0_A.xyz
1.5	0.5	36098		9437.37	#../pdb_crd/1AK0_A.xyz
1.5	0.5	39532.25		10502	#../pdb_crd/1AKO_A.xyz
1.5	0.5	57032.75		13230.7	#../pdb_crd/1AMY_A.xyz
1.5	0.5	76675.375		18521.5	#../pdb_crd/1AQ2_A.xyz
1.5	0.5	75737.625		19298.8	#../pdb_crd/1AQL_A.xyz
1.5	0.5	28232.25		7506.42	#../pdb_crd/1AST_A.xyz
1.5	0.5	44469.125		14008.3	#../pdb_crd/1B04_A.xyz
1.5	0.5	42117.5		11850.3	#../pdb_crd/1B2R_A.xyz
1.5	0.5	47032.875		12572.4	#../pdb_crd/1BBS_A.xyz
1.5	0.5	102756.125		21611.2	#../pdb_crd/1BF2_A.xyz
1.5	0.5	51321.25		12951.3	#../pdb_crd/1BG0_A.xyz
1.5	0.5	46199.25		12836	#../pdb_crd/1BH2_A.xyz
1.5	0.5	30135.75		8492.19	#../pdb_crd/1BOL_A.xyz
1.5	0.5	16901.75		5813.21	#../pdb_crd/1BP2_A.xyz
1.5	0.5	41201.125		9196.01	#../pdb_crd/1BQC_A.xyz
1.5	0.5	53197		14948	#../pdb_crd/1BS0_A.xyz
1.5	0.5	24581.375		7699.37	#../pdb_crd/1BS4_A.xyz
1.5	0.5	25672.5		6819.63	#../pdb_crd/1BS9_A.xyz
1.5	0.5	47855.5		11340.9	#../pdb_crd/1BT1_A.xyz
1.5	0.5	67201		17429.4	#../pdb_crd/1BU7_A.xyz
1.5	0.5	25472.375		6605.95	#../pdb_crd/1BVV_A.xyz
1.5	0.5	86398.5		20735.9	#../pdb_crd/1BVZ_A.xyz
1.5	0.5	57665.125		13857.7	#../pdb_crd/1BWL_A.xyz
1.5	0.5	38872.5		10866	#../pdb_crd/1BWZ_A.xyz
1.5	0.5	71404.75		16902.4	#../pdb_crd/1BYA_A.xyz
1.5	0.5	44057.25		11564.1	#../pdb_crd/1BZC_A.xyz
1.5	0.5	104428.125		24742.7	#../pdb_crd/1C82_A.xyz
1.5	0.5	36983		9692.32	#../pdb_crd/1CA2_A.xyz
1.5	0.5	98370.125		23074.9	#../pdb_crd/1CB8_A.xyz
1.5	0.5	43687.375		10371.8	#../pdb_crd/1CBX_A.xyz
1.5	0.5	95369.875		20557	#../pdb_crd/1CDG_A.xyz
1.5	0.5	57367.75		14790.3	#../pdb_crd/1CEL_A.xyz
1.5	0.5	26746.875		7298.12	#../pdb_crd/1CHD_A.xyz
1.5	0.5	32619.75		9160.95	#../pdb_crd/1CHK_B.xyz
1.5	0.5	24145.75		7685.83	#../pdb_crd/1CM0_A.xyz
1.5	0.5	32542.75		8680.26	#../pdb_crd/1CNS_A.xyz
1.5	0.5	69975.5		16337.2	#../pdb_crd/1COY_A.xyz
1.5	0.5	25568		7112.75	#../pdb_crd/1CQQ_A.xyz
1.5	0.5	61359.75		14335	#../pdb_crd/1CVR_A.xyz
1.5	0.5	73475.375		18525.4	#../pdb_crd/1CWY_A.xyz
1.5	0.5	57042.25		13354.7	#../pdb_crd/1CZ1_A.xyz
1.5	0.5	43423.625		10237	#../pdb_crd/1CZF_A.xyz
1.5	0.5	23222.375		6859.77	#../pdb_crd/1D1Q_A.xyz
1.5	0.5	77131.875		21162.1	#../pdb_crd/1D4C_A.xyz
1.5	0.5	15076.25		4819.41	#../pdb_crd/1D6O_A.xyz
1.5	0.5	34589.5		9638.11	#../pdb_crd/1DDJ_A.xyz
1.5	0.5	129202		32686.9	#../pdb_crd/1DGK_N.xyz
1.5	0.5	87149.375		25494.8	#../pdb_crd/1DGS_A.xyz
1.5	0.5	32086.5		8430.1	#../pdb_crd/1DIN_A.xyz
1.5	0.5	68375.875		18066.4	#../pdb_crd/1DNP_A.xyz
1.5	0.5	31672.375		8765.59	#../pdb_crd/1DVE_A.xyz
1.5	0.5	36956.25		9366.64	#../pdb_crd/1E0C_A.xyz
1.5	0.5	44129.625		11243.4	#../pdb_crd/1E1A_A.xyz
1.5	0.5	64348.75		17755.6	#../pdb_crd/1E6E_A.xyz
1.5	0.5	23406.5		6499.37	#../pdb_crd/1EB6_A.xyz
1.5	0.5	40609.5		10667	#../pdb_crd/1EH5_A.xyz
1.5	0.5	32106.375		8916.16	#../pdb_crd/1EUG_A.xyz
1.5	0.5	81461.875		21446.1	#../pdb_crd/1EUU_A.xyz
1.5	0.5	84291.5		17960.9	#../pdb_crd/1EX1_A.xyz
1.5	0.5	38907.875		11800.7	#../pdb_crd/1EXN_A.xyz
1.5	0.5	43321.375		10285.7	#../pdb_crd/1EXP_A.xyz
1.5	0.5	29257.875		8398.96	#../pdb_crd/1EYP_A.xyz
1.5	0.5	28877.75		8280.52	#../pdb_crd/1FF3_A.xyz
1.5	0.5	107167.75		23339.8	#../pdb_crd/1FGH_A.xyz
1.5	0.5	46491.875		10518.8	#../pdb_crd/1FHL_A.xyz
1.5	0.5	50737.625		13175.3	#../pdb_crd/1FOA_A.xyz
1.5	0.5	30048.625		8792.73	#../pdb_crd/1G24_A.xyz
1.5	0.5	59426.125		13256.1	#../pdb_crd/1G6T_A.xyz
1.5	0.5	43657.375		11305	#../pdb_crd/1G8O_A.xyz
1.5	0.5	39059.375		10748.1	#../pdb_crd/1GA8_A.xyz
1.5	0.5	79571.5		17745	#../pdb_crd/1GAL_A.xyz
1.5	0.5	42372.125		12832.7	#../pdb_crd/1GCU_A.xyz
1.5	0.5	86841.625		19162.7	#../pdb_crd/1GOG_A.xyz
1.5	0.5	51892.125		14487.6	#../pdb_crd/1GP5_A.xyz
1.5	0.5	44984.375		11039	#../pdb_crd/1GQ8_A.xyz
1.5	0.5	89147.125		21114.3	#../pdb_crd/1H19_A.xyz
1.5	0.5	40676.5		12885	#../pdb_crd/1H3I_A.xyz
1.5	0.5	22986		7218.78	#../pdb_crd/1HKA_A.xyz
1.5	0.5	63064		16051.5	#../pdb_crd/1HPL_A.xyz
1.5	0.5	53592.375		14594.5	#../pdb_crd/1HPM_A.xyz
1.5	0.5	44688.375		13618.3	#../pdb_crd/1HQC_A.xyz
1.5	0.5	195385.5		48762.4	#../pdb_crd/1I1E_A.xyz
1.5	0.5	97648.875		26167.6	#../pdb_crd/1I1I_P.xyz
1.5	0.5	25017.375		7520.09	#../pdb_crd/1I9A_A.xyz
1.5	0.5	47620		11337.6	#../pdb_crd/1IDJ_A.xyz
1.5	0.5	67701		17288.2	#../pdb_crd/1IG8_A.xyz
1.5	0.5	25461.75		7103.44	#../pdb_crd/1IM5_A.xyz
1.5	0.5	57538.625		17232.3	#../pdb_crd/1INP_A.xyz
1.5	0.5	47516.375		13844.6	#../pdb_crd/1IU4_A.xyz
1.5	0.5	25424.25		7182.65	#../pdb_crd/1J00_A.xyz
1.5	0.5	69069.5		18905	#../pdb_crd/1J09_A.xyz
1.5	0.5	25965		8038.09	#../pdb_crd/1JH6_A.xyz
1.5	0.5	53341.375		16395.5	#../pdb_crd/1JMS_A.xyz
1.5	0.5	62980.5		17296.7	#../pdb_crd/1JOA_A.xyz
1.5	0.5	85041.5		19071.5	#../pdb_crd/1JS4_A.xyz
1.5	0.5	51720.75		14794.3	#../pdb_crd/1K30_A.xyz
1.5	0.5	72368.5		18718.5	#../pdb_crd/1KL7_A.xyz
1.5	0.5	75440.125		18697.4	#../pdb_crd/1KNP_A.xyz
1.5	0.5	19835.25		6509.83	#../pdb_crd/1L1D_A.xyz
1.5	0.5	101908.125		25999.4	#../pdb_crd/1L1L_A.xyz
1.5	0.5	17411.375		5803.46	#../pdb_crd/1L6P_A.xyz
1.5	0.5	30108.875		8427.17	#../pdb_crd/1L7N_A.xyz
1.5	0.5	78991.625		18068.3	#../pdb_crd/1L7Q_A.xyz
1.5	0.5	39275.125		11608.6	#../pdb_crd/1L8T_A.xyz
1.5	0.5	42207.5		10926.2	#../pdb_crd/1L9X_A.xyz
1.5	0.5	20697.25		6401.61	#../pdb_crd/1LBA_A.xyz
1.5	0.5	47296.25		13610.1	#../pdb_crd/1LDM_A.xyz
1.5	0.5	18474.875		5629.56	#../pdb_crd/1LJL_A.xyz
1.5	0.5	30754.625		9426.75	#../pdb_crd/1LVH_A.xyz
1.5	0.5	83848.5		19764.5	#../pdb_crd/1M53_A.xyz
1.5	0.5	47950		13535.5	#../pdb_crd/1MBB_A.xyz
1.5	0.5	41945		13066.2	#../pdb_crd/1MJ9_A.xyz
1.5	0.5	41153.75		10386.5	#../pdb_crd/1MLA_A.xyz
1.5	0.5	47195		12259.3	#../pdb_crd/1MRQ_A.xyz
1.5	0.5	31858.625		9322.25	#../pdb_crd/1MUD_A.xyz
1.5	0.5	23668.875		7161.6	#../pdb_crd/1MUG_A.xyz
1.5	0.5	39455.75		11914.3	#../pdb_crd/1NDH_A.xyz
1.5	0.5	88470.375		22688.7	#../pdb_crd/1NDI_A.xyz
1.5	0.5	47290.75		10902	#../pdb_crd/1NLU_A.xyz
1.5	0.5	84638.375		20567.2	#../pdb_crd/1O8A_A.xyz
1.5	0.5	72583.625		16971	#../pdb_crd/1O98_A.xyz
1.5	0.5	32577.125		9219.64	#../pdb_crd/1OG1_A.xyz
1.5	0.5	79374.875		17418.8	#../pdb_crd/1OGO_X.xyz
1.5	0.5	38685.75		10749.1	#../pdb_crd/1OJ4_A.xyz
1.5	0.5	44970		11616.2	#../pdb_crd/1ONR_A.xyz
1.5	0.5	43870.5		12285.6	#../pdb_crd/1OPM_A.xyz
1.5	0.5	57495.875		14996.4	#../pdb_crd/1OXA_A.xyz
1.5	0.5	63309.625		15349.6	#../pdb_crd/1OYG_A.xyz
1.5	0.5	34249.5		8791.93	#../pdb_crd/1P1X_A.xyz
1.5	0.5	62703.625		18143.4	#../pdb_crd/1P3D_A.xyz
1.5	0.5	63650.875		14788.1	#../pdb_crd/1P5D_X.xyz
1.5	0.5	38792.375		10355.5	#../pdb_crd/1PA9_A.xyz
1.5	0.5	63391.25		16451.4	#../pdb_crd/1PII_A.xyz
1.5	0.5	73696.875		20176.3	#../pdb_crd/1PKN_A.xyz
1.5	0.5	63098.125		15681.9	#../pdb_crd/1PMI_A.xyz
1.5	0.5	31122.5		8370.22	#../pdb_crd/1PP4_A.xyz
1.5	0.5	93680.75		23127.3	#../pdb_crd/1PS9_A.xyz
1.5	0.5	44042		10714.9	#../pdb_crd/1PTD_A.xyz
1.5	0.5	52622.375		12972.7	#../pdb_crd/1PUD_A.xyz
1.5	0.5	13444		4866.19	#../pdb_crd/1PYL_A.xyz
1.5	0.5	28694.875		8780.15	#../pdb_crd/1Q91_A.xyz
1.5	0.5	35873		10614.5	#../pdb_crd/1QAM_A.xyz
1.5	0.5	50843		12677	#../pdb_crd/1QAZ_A.xyz
1.5	0.5	123154.25		28256.5	#../pdb_crd/1QBA_A.xyz
1.5	0.5	103216.375		25218	#../pdb_crd/1QFM_A.xyz
1.5	0.5	49653		12376.4	#../pdb_crd/1QGX_A.xyz
1.5	0.5	47050.625		12283.6	#../pdb_crd/1QJE_A.xyz
1.5	0.5	49248.125		12129.1	#../pdb_crd/1QK2_A.xyz
1.5	0.5	150073.5		33150.1	#../pdb_crd/1QWN_A.xyz
1.5	0.5	101547.125		25725.5	#../pdb_crd/1R1J_A.xyz
1.5	0.5	29121.125		7708.21	#../pdb_crd/1R44_A.xyz
1.5	0.5	24502.625		6530.58	#../pdb_crd/1R4Z_A.xyz
1.5	0.5	16871.5		5621.4	#../pdb_crd/1RBN_A.xyz
1.5	0.5	22436.625		7356.2	#../pdb_crd/1RDD_A.xyz
1.5	0.5	53251		12841.2	#../pdb_crd/1RU4_A.xyz
1.5	0.5	43375.125		12388.3	#../pdb_crd/1S3I_A.xyz
1.5	0.5	46967.875		11470.5	#../pdb_crd/1S95_A.xyz
1.5	0.5	34570.875		8280.31	#../pdb_crd/1SCA_A.xyz
1.5	0.5	95304.75		22062	#../pdb_crd/1SLL_A.xyz
1.5	0.5	36197.375		9916.41	#../pdb_crd/1SML_A.xyz
1.5	0.5	48609.25		12147.4	#../pdb_crd/1SNZ_A.xyz
1.5	0.5	41872.875		10934.8	#../pdb_crd/1TAH_B.xyz
1.5	0.5	43392.375		10727.2	#../pdb_crd/1TLP_E.xyz
1.5	0.5	24790		7491.67	#../pdb_crd/1U3F_A.xyz
1.5	0.5	53835.375		14430.4	#../pdb_crd/1U5U_A.xyz
1.5	0.5	49917.625		11595	#../pdb_crd/1UAS_A.xyz
1.5	0.5	39925.5		10359	#../pdb_crd/1UN1_A.xyz
1.5	0.5	30960.625		7990.03	#../pdb_crd/1VID_A.xyz
1.5	0.5	123930.75		26452.1	#../pdb_crd/1VLB_A.xyz
1.5	0.5	81891.875		19715.6	#../pdb_crd/1VNC_A.xyz
1.5	0.5	38435		11678.7	#../pdb_crd/1VQ1_A.xyz
1.5	0.5	29261.375		8784.39	#../pdb_crd/1W0H_A.xyz
1.5	0.5	42135.375		10396.9	#../pdb_crd/1XQW_A.xyz
1.5	0.5	72354.875		16562.7	#../pdb_crd/1Y9M_A.xyz
1.5	0.5	41426.75		11183.9	#../pdb_crd/1YON_A.xyz
1.5	0.5	60318.125		14574.6	#../pdb_crd/1YSC_A.xyz
1.5	0.5	45788		13194.8	#../pdb_crd/1ZE1_A.xyz
1.5	0.5	30806.25		9421.29	#../pdb_crd/1ZIO_A.xyz
1.5	0.5	23539.625		7260.12	#../pdb_crd/206L_A.xyz
1.5	0.5	35647.625		9778.47	#../pdb_crd/2A0N_A.xyz
1.5	0.5	30567.5		9051.98	#../pdb_crd/2ABK_A.xyz
1.5	0.5	14078.375		4597.97	#../pdb_crd/2ACY_A.xyz
1.5	0.5	30139		8003.93	#../pdb_crd/2AYH_A.xyz
1.5	0.5	41803.5		11352.3	#../pdb_crd/2CPO_A.xyz
1.5	0.5	70337.375		15537.5	#../pdb_crd/2CPU_A.xyz
1.5	0.5	42596.25		11471.5	#../pdb_crd/2DLN_A.xyz
1.5	0.5	40351.125		10014.7	#../pdb_crd/2EBN_A.xyz
1.5	0.5	27970.75		7678.58	#../pdb_crd/2ENG_A.xyz
1.5	0.5	71504.75		15787.4	#../pdb_crd/2F61_A.xyz
1.5	0.5	39932.125		10758.6	#../pdb_crd/2F9R_A.xyz
1.5	0.5	29348.375		7638.9	#../pdb_crd/2NLR_A.xyz
1.5	0.5	63047.75		17771.7	#../pdb_crd/2NMT_A.xyz
1.5	0.5	47423.625		11556	#../pdb_crd/2PEC_A.xyz
1.5	0.5	45279.125		13359.1	#../pdb_crd/2PIA_A.xyz
1.5	0.5	27080.25		7587.61	#../pdb_crd/2PTH_A.xyz
1.5	0.5	90135.625		21095.2	#../pdb_crd/2SQC_A.xyz
1.5	0.5	52936.25		13454.5	#../pdb_crd/2THI_A.xyz
1.5	0.5	30890.125		8958.75	#../pdb_crd/2TPS_A.xyz
1.5	0.5	79145		19995.5	#../pdb_crd/5EAT_A.xyz
1.5	0.5	43028.25		11582.7	#../pdb_crd/7ATJ_A.xyz
