                      pdb                     nres          radius_gyration
                   132L_A                      124              0.14131E+02
                   13PK_A                      415              0.21796E+02
                   1A26_A                      351              0.21224E+02
                   1A2T_A                      134              0.14325E+02
                   1A4L_A                      348              0.19046E+02
                   1A65_A                      504              0.22147E+02
                   1A8H_A                      500              0.26533E+02
                   1A8S_A                      273              0.17156E+02
                   1AF7_A                      274              0.21031E+02
                   1AGM_A                      470              0.21238E+02
                   1AGY_A                      197              0.15459E+02
                   1AH7_A                      245              0.17994E+02
                   1AJ0_A                      282              0.18107E+02
                   1AK0_A                      264              0.17978E+02
                   1AKO_A                      268              0.17778E+02
                   1AMY_A                      403              0.22028E+02
                   1AQ2_A                      534              0.23455E+02
                   1AQL_A                      532              0.23295E+02
                   1AST_A                      200              0.16892E+02
                   1B04_A                      310              0.21025E+02
                   1B2R_A                      295              0.19596E+02
                   1BBS_A                      331              0.20210E+02
                   1BF2_A                      750              0.27730E+02
                   1BG0_A                      356              0.20401E+02
                   1BH2_A                      315              0.20787E+02
                   1BOL_A                      222              0.17868E+02
                   1BP2_A                      123              0.14753E+02
                   1BQC_A                      302              0.17571E+02
                   1BS0_A                      383              0.21678E+02
                   1BS4_A                      168              0.16266E+02
                   1BS9_A                      207              0.15663E+02
                   1BT1_A                      336              0.19010E+02
                   1BU7_A                      455              0.22362E+02
                   1BVV_A                      185              0.15392E+02
                   1BVZ_A                      585              0.26365E+02
                   1BWL_A                      399              0.20449E+02
                   1BWZ_A                      274              0.19022E+02
                   1BYA_A                      491              0.22208E+02
                   1BZC_A                      297              0.19089E+02
                   1C82_A                      719              0.27427E+02
                   1CA2_A                      256              0.17641E+02
                   1CB8_A                      674              0.27814E+02
                   1CBX_A                      307              0.18329E+02
                   1CDG_A                      686              0.25860E+02
                   1CEL_A                      433              0.20954E+02
                   1CHD_A                      198              0.15341E+02
                   1CHK_B                      238              0.18653E+02
                   1CM0_A                      162              0.15596E+02
                   1CNS_A                      243              0.17335E+02
                   1COY_A                      501              0.22077E+02
                   1CQQ_A                      180              0.15311E+02
                   1CVR_A                      432              0.21576E+02
                   1CWY_A                      500              0.23134E+02
                   1CZ1_A                      394              0.20185E+02
                   1CZF_A                      335              0.20160E+02
                   1D1Q_A                      159              0.15020E+02
                   1D4C_A                      570              0.24313E+02
                   1D6O_A                      107              0.13563E+02
                   1DDJ_A                      247              0.17080E+02
                   1DGK_N                      898              0.39560E+02
                   1DGS_A                      581              0.30299E+02
                   1DIN_A                      232              0.16522E+02
                   1DNP_A                      469              0.23801E+02
                   1DVE_A                      214              0.17070E+02
                   1E0C_A                      270              0.18240E+02
                   1E1A_A                      312              0.18060E+02
                   1E6E_A                      457              0.23771E+02
                   1EB6_A                      177              0.15268E+02
                   1EH5_A                      279              0.18421E+02
                   1EUG_A                      225              0.17167E+02
                   1EUU_A                      601              0.27142E+02
                   1EX1_A                      602              0.25066E+02
                   1EXN_A                      267              0.19708E+02
                   1EXP_A                      312              0.18846E+02
                   1EYP_A                      212              0.16572E+02
                   1FF3_A                      210              0.16696E+02
                   1FGH_A                      753              0.25304E+02
                   1FHL_A                      334              0.19214E+02
                   1FOA_A                      342              0.20372E+02
                   1G24_A                      210              0.17595E+02
                   1G6T_A                      427              0.21265E+02
                   1G8O_A                      287              0.18376E+02
                   1GA8_A                      271              0.17972E+02
                   1GAL_A                      581              0.23046E+02
                   1GCU_A                      292              0.20115E+02
                   1GOG_A                      639              0.24992E+02
                   1GP5_A                      346              0.20477E+02
                   1GQ8_A                      318              0.19620E+02
                   1H19_A                      610              0.24845E+02
                   1H3I_A                      293              0.21889E+02
                   1HKA_A                      158              0.15526E+02
                   1HPL_A                      449              0.25702E+02
                   1HPM_A                      378              0.21107E+02
                   1HQC_A                      314              0.23599E+02
                   1I1E_A                     1287              0.40420E+02
                   1I1I_P                      665              0.26351E+02
                   1I9A_A                      175              0.15721E+02
                   1IDJ_A                      359              0.19994E+02
                   1IG8_A                      469              0.24329E+02
                   1IM5_A                      179              0.15372E+02
                   1INP_A                      400              0.21582E+02
                   1IU4_A                      331              0.21036E+02
                   1J00_A                      176              0.15496E+02
                   1J09_A                      468              0.31324E+02
                   1JH6_A                      181              0.16621E+02
                   1JMS_A                      360              0.22223E+02
                   1JOA_A                      446              0.23606E+02
                   1JS4_A                      605              0.29119E+02
                   1K30_A                      363              0.21135E+02
                   1KL7_A                      503              0.22479E+02
                   1KNP_A                      529              0.22678E+02
                   1L1D_A                      142              0.14779E+02
                   1L1L_A                      717              0.26327E+02
                   1L6P_A                      121              0.16319E+02
                   1L7N_A                      207              0.16658E+02
                   1L7Q_A                      571              0.24143E+02
                   1L8T_A                      263              0.18897E+02
                   1L9X_A                      288              0.18125E+02
                   1LBA_A                      146              0.14581E+02
                   1LDM_A                      329              0.21456E+02
                   1LJL_A                      130              0.13942E+02
                   1LVH_A                      220              0.18610E+02
                   1M53_A                      556              0.23902E+02
                   1MBB_A                      340              0.20543E+02
                   1MJ9_A                      273              0.20998E+02
                   1MLA_A                      305              0.18731E+02
                   1MRQ_A                      323              0.19132E+02
                   1MUD_A                      225              0.18233E+02
                   1MUG_A                      165              0.14783E+02
                   1NDH_A                      270              0.18965E+02
                   1NDI_A                      596              0.25277E+02
                   1NLU_A                      368              0.18716E+02
                   1O8A_A                      574              0.23774E+02
                   1O98_A                      509              0.23130E+02
                   1OG1_A                      223              0.17124E+02
                   1OGO_X                      572              0.23322E+02
                   1OJ4_A                      277              0.19044E+02
                   1ONR_A                      316              0.19407E+02
                   1OPM_A                      310              0.20160E+02
                   1OXA_A                      403              0.21124E+02
                   1OYG_A                      440              0.21170E+02
                   1P1X_A                      250              0.17245E+02
                   1P3D_A                      449              0.22189E+02
                   1P5D_X                      454              0.21802E+02
                   1PA9_A                      279              0.18409E+02
                   1PII_A                      452              0.24846E+02
                   1PKN_A                      514              0.24712E+02
                   1PMI_A                      440              0.23466E+02
                   1PP4_A                      233              0.17108E+02
                   1PS9_A                      671              0.26459E+02
                   1PTD_A                      296              0.18505E+02
                   1PUD_A                      372              0.20478E+02
                   1PYL_A                       95              0.13058E+02
                   1Q91_A                      194              0.17152E+02
                   1QAM_A                      235              0.20466E+02
                   1QAZ_A                      351              0.19928E+02
                   1QBA_A                      858              0.28252E+02
                   1QFM_A                      705              0.25813E+02
                   1QGX_A                      354              0.19596E+02
                   1QJE_A                      327              0.19512E+02
                   1QK2_A                      363              0.19312E+02
                   1QWN_A                     1014              0.29962E+02
                   1R1J_A                      696              0.26509E+02
                   1R44_A                      202              0.16316E+02
                   1R4Z_A                      179              0.14727E+02
                   1RBN_A                      124              0.14748E+02
                   1RDD_A                      155              0.15644E+02
                   1RU4_A                      400              0.21557E+02
                   1S3I_A                      307              0.22356E+02
                   1S95_A                      324              0.18924E+02
                   1SCA_A                      274              0.16692E+02
                   1SLL_A                      679              0.27847E+02
                   1SML_A                      266              0.18030E+02
                   1SNZ_A                      344              0.19291E+02
                   1TAH_B                      318              0.18627E+02
                   1TLP_E                      316              0.19960E+02
                   1U3F_A                      164              0.15791E+02
                   1U5U_A                      366              0.20276E+02
                   1UAS_A                      362              0.20956E+02
                   1UN1_A                      267              0.18519E+02
                   1VID_A                      213              0.16537E+02
                   1VLB_A                      907              0.27074E+02
                   1VNC_A                      576              0.23220E+02
                   1VQ1_A                      263              0.20875E+02
                   1W0H_A                      194              0.16831E+02
                   1XQW_A                      290              0.18260E+02
                   1Y9M_A                      517              0.23179E+02
                   1YON_A                      292              0.19068E+02
                   1YSC_A                      421              0.20729E+02
                   1ZE1_A                      308              0.24205E+02
                   1ZIO_A                      217              0.17286E+02
                   206L_A                      162              0.16764E+02
                   2A0N_A                      251              0.17406E+02
                   2ABK_A                      211              0.19047E+02
                   2ACY_A                       98              0.13061E+02
                   2AYH_A                      214              0.16558E+02
                   2CPO_A                      298              0.18763E+02
                   2CPU_A                      495              0.23282E+02
                   2DLN_A                      306              0.19588E+02
                   2EBN_A                      285              0.18875E+02
                   2ENG_A                      205              0.16127E+02
                   2F61_A                      497              0.22857E+02
                   2F9R_A                      285              0.18019E+02
                   2NLR_A                      222              0.16253E+02
                   2NMT_A                      422              0.22192E+02
                   2PEC_A                      352              0.19935E+02
                   2PIA_A                      321              0.20752E+02
                   2PTH_A                      193              0.15797E+02
                   2SQC_A                      623              0.24473E+02
                   2THI_A                      362              0.20585E+02
                   2TPS_A                      226              0.16414E+02
                   5EAT_A                      532              0.24231E+02
                   7ATJ_A                      305              0.19329E+02
