pdb	variable	value
132L_A	nres	124
132L_A	nchains	5
132L_A	nssb	0
132L_A	asa	6938.2
132L_A	nhbon	77
132L_A	nhbps	2
132L_A	nhbas	9
132L_A	mhbe	-0.717540322581
132L_A	vhbe	0.150634877406
132L_A	mrsa	0.289889495397
132L_A	vrsa	0.0634009359285
132L_A	mwcn	0.795140593043
132L_A	vwcn	0.0204317818464
13PK_A	nres	415
13PK_A	nchains	1
13PK_A	nssb	0
13PK_A	asa	17186.1
13PK_A	nhbon	306
13PK_A	nhbps	51
13PK_A	nhbas	11
13PK_A	mhbe	-0.857831325301
13PK_A	vhbe	0.213360357091
13PK_A	mrsa	0.209488893764
13PK_A	vrsa	0.0504517797429
13PK_A	mwcn	1.25619185982
13PK_A	vwcn	0.0510013035109
1A26_A	nres	351
1A26_A	nchains	1
1A26_A	nssb	0
1A26_A	asa	17447.0
1A26_A	nhbon	241
1A26_A	nhbps	11
1A26_A	nhbas	55
1A26_A	mhbe	-0.775142450142
1A26_A	vhbe	0.202293427001
1A26_A	mrsa	0.251799225248
1A26_A	vrsa	0.0557832240411
1A26_A	mwcn	1.09402846684
1A26_A	vwcn	0.046411879316
1A2T_A	nres	134
1A2T_A	nchains	2
1A2T_A	nssb	0
1A2T_A	asa	7602.1
1A2T_A	nhbon	91
1A2T_A	nhbps	4
1A2T_A	nhbas	26
1A2T_A	mhbe	-0.805223880597
1A2T_A	vhbe	0.202360770773
1A2T_A	mrsa	0.271478789422
1A2T_A	vrsa	0.0488199058025
1A2T_A	mwcn	0.828075420882
1A2T_A	vwcn	0.0228821136199
1A4L_A	nres	348
1A4L_A	nchains	1
1A4L_A	nssb	0
1A4L_A	asa	14250.2
1A4L_A	nhbon	260
1A4L_A	nhbps	43
1A4L_A	nhbas	2
1A4L_A	mhbe	-0.828735632184
1A4L_A	vhbe	0.167773401374
1A4L_A	mrsa	0.200534158072
1A4L_A	vrsa	0.0500820243256
1A4L_A	mwcn	1.20503980257
1A4L_A	vwcn	0.0481010120311
1A65_A	nres	504
1A65_A	nchains	1
1A65_A	nssb	0
1A65_A	asa	18623.7
1A65_A	nhbon	330
1A65_A	nhbps	41
1A65_A	nhbas	117
1A65_A	mhbe	-0.743799603175
1A65_A	vhbe	0.262490076905
1A65_A	mrsa	0.208572075474
1A65_A	vrsa	0.0498723040054
1A65_A	mwcn	1.34223333591
1A65_A	vwcn	0.0651220515508
1A8H_A	nres	500
1A8H_A	nchains	1
1A8H_A	nssb	0
1A8H_A	asa	22592.7
1A8H_A	nhbon	362
1A8H_A	nhbps	31
1A8H_A	nhbas	31
1A8H_A	mhbe	-0.77555
1A8H_A	vhbe	0.1830134475
1A8H_A	mrsa	0.218372607951
1A8H_A	vrsa	0.0486813617755
1A8H_A	mwcn	1.2138695236
1A8H_A	vwcn	0.0476104233724
1A8S_A	nres	273
1A8S_A	nchains	1
1A8S_A	nssb	0
1A8S_A	asa	10673.6
1A8S_A	nhbon	202
1A8S_A	nhbps	31
1A8S_A	nhbas	9
1A8S_A	mhbe	-0.854761904762
1A8S_A	vhbe	0.198589961626
1A8S_A	mrsa	0.210345419279
1A8S_A	vrsa	0.0500245368967
1A8S_A	mwcn	1.13004548905
1A8S_A	vwcn	0.046185825518
1AF7_A	nres	274
1AF7_A	nchains	1
1AF7_A	nssb	0
1AF7_A	asa	14832.0
1AF7_A	nhbon	188
1AF7_A	nhbps	23
1AF7_A	nhbas	18
1AF7_A	mhbe	-0.759489051095
1AF7_A	vhbe	0.194430943311
1AF7_A	mrsa	0.268686635719
1AF7_A	vrsa	0.0603610261664
1AF7_A	mwcn	0.971131435704
1AF7_A	vwcn	0.0414992089939
1AGM_A	nres	470
1AGM_A	nchains	1
1AGM_A	nssb	0
1AGM_A	asa	16438.2
1AGM_A	nhbon	318
1AGM_A	nhbps	0
1AGM_A	nhbas	29
1AGM_A	mhbe	-0.783510638298
1AGM_A	vhbe	0.191260015844
1AGM_A	mrsa	0.198664574954
1AGM_A	vrsa	0.0485274172964
1AGM_A	mwcn	1.34277135511
1AGM_A	vwcn	0.0661211965173
1AGY_A	nres	197
1AGY_A	nchains	1
1AGY_A	nssb	0
1AGY_A	asa	8479.3
1AGY_A	nhbon	131
1AGY_A	nhbps	25
1AGY_A	nhbas	2
1AGY_A	mhbe	-0.773604060914
1AGY_A	vhbe	0.159480919374
1AGY_A	mrsa	0.235059885056
1AGY_A	vrsa	0.0563756765117
1AGY_A	mwcn	1.00623173099
1AGY_A	vwcn	0.0376293769769
1AH7_A	nres	245
1AH7_A	nchains	1
1AH7_A	nssb	0
1AH7_A	asa	11258.3
1AH7_A	nhbon	180
1AH7_A	nhbps	0
1AH7_A	nhbas	2
1AH7_A	mhbe	-0.843163265306
1AH7_A	vhbe	0.164175197834
1AH7_A	mrsa	0.226042310134
1AH7_A	vrsa	0.0508629631357
1AH7_A	mwcn	1.06113634751
1AH7_A	vwcn	0.0439134329654
1AJ0_A	nres	282
1AJ0_A	nchains	1
1AJ0_A	nssb	0
1AJ0_A	asa	13157.9
1AJ0_A	nhbon	201
1AJ0_A	nhbps	34
1AJ0_A	nhbas	5
1AJ0_A	mhbe	-0.799290780142
1AJ0_A	vhbe	0.195597901263
1AJ0_A	mrsa	0.240277042675
1AJ0_A	vrsa	0.053840875121
1AJ0_A	mwcn	1.07607739613
1AJ0_A	vwcn	0.0384310889134
1AK0_A	nres	264
1AK0_A	nchains	1
1AK0_A	nssb	0
1AK0_A	asa	11454.9
1AK0_A	nhbon	201
1AK0_A	nhbps	2
1AK0_A	nhbas	7
1AK0_A	mhbe	-0.81240530303
1AK0_A	vhbe	0.147059650123
1AK0_A	mrsa	0.235126316596
1AK0_A	vrsa	0.0508352360066
1AK0_A	mwcn	1.06994854477
1AK0_A	vwcn	0.0429872664928
1AKO_A	nres	268
1AKO_A	nchains	1
1AKO_A	nssb	0
1AKO_A	asa	12715.1
1AKO_A	nhbon	198
1AKO_A	nhbps	13
1AKO_A	nhbas	58
1AKO_A	mhbe	-0.836007462687
1AKO_A	vhbe	0.208586858153
1AKO_A	mrsa	0.230114917528
1AKO_A	vrsa	0.0518364881434
1AKO_A	mwcn	1.07619935971
1AKO_A	vwcn	0.0448230129629
1AMY_A	nres	403
1AMY_A	nchains	1
1AMY_A	nssb	0
1AMY_A	asa	15532.4
1AMY_A	nhbon	275
1AMY_A	nhbps	32
1AMY_A	nhbas	39
1AMY_A	mhbe	-0.8182382134
1AMY_A	vhbe	0.209645655413
1AMY_A	mrsa	0.20158592929
1AMY_A	vrsa	0.0454509858689
1AMY_A	mwcn	1.22203633927
1AMY_A	vwcn	0.0472703919421
1AQ2_A	nres	534
1AQ2_A	nchains	2
1AQ2_A	nssb	0
1AQ2_A	asa	21709.7
1AQ2_A	nhbon	369
1AQ2_A	nhbps	42
1AQ2_A	nhbas	69
1AQ2_A	mhbe	-0.711891385768
1AQ2_A	vhbe	0.173332377716
1AQ2_A	mrsa	0.210949307554
1AQ2_A	vrsa	0.0528400930247
1AQ2_A	mwcn	1.33241052697
1AQ2_A	vwcn	0.0654143667896
1AQL_A	nres	532
1AQL_A	nchains	1
1AQL_A	nssb	0
1AQL_A	asa	22504.5
1AQL_A	nhbon	349
1AQL_A	nhbps	41
1AQL_A	nhbas	33
1AQL_A	mhbe	-0.728430451128
1AQL_A	vhbe	0.197449463208
1AQL_A	mrsa	0.214367406235
1AQL_A	vrsa	0.0497113576806
1AQL_A	mwcn	1.35340080226
1AQL_A	vwcn	0.0796036268224
1AST_A	nres	200
1AST_A	nchains	1
1AST_A	nssb	0
1AST_A	asa	9127.8
1AST_A	nhbon	126
1AST_A	nhbps	16
1AST_A	nhbas	15
1AST_A	mhbe	-0.730125
1AST_A	vhbe	0.205526859375
1AST_A	mrsa	0.239882683401
1AST_A	vrsa	0.0462882520182
1AST_A	mwcn	0.934018983085
1AST_A	vwcn	0.028997529339
1B04_A	nres	310
1B04_A	nchains	2
1B04_A	nssb	0
1B04_A	asa	16605.5
1B04_A	nhbon	224
1B04_A	nhbps	3
1B04_A	nhbas	49
1B04_A	mhbe	-0.828790322581
1B04_A	vhbe	0.233685230229
1B04_A	mrsa	0.263014987464
1B04_A	vrsa	0.0518952470182
1B04_A	mwcn	1.05336001213
1B04_A	vwcn	0.0404863656777
1B2R_A	nres	295
1B2R_A	nchains	1
1B2R_A	nssb	0
1B2R_A	asa	14259.1
1B2R_A	nhbon	196
1B2R_A	nhbps	28
1B2R_A	nhbas	45
1B2R_A	mhbe	-0.781355932203
1B2R_A	vhbe	0.2211651106
1B2R_A	mrsa	0.246972404453
1B2R_A	vrsa	0.0534441691304
1B2R_A	mwcn	1.05766263938
1B2R_A	vwcn	0.047354979066
1BBS_A	nres	331
1BBS_A	nchains	2
1BBS_A	nssb	0
1BBS_A	asa	15203.5
1BBS_A	nhbon	236
1BBS_A	nhbps	19
1BBS_A	nhbas	102
1BBS_A	mhbe	-0.767145015106
1BBS_A	vhbe	0.264809900421
1BBS_A	mrsa	0.23852076744
1BBS_A	vrsa	0.055073429911
1BBS_A	mwcn	1.12731088429
1BBS_A	vwcn	0.0417556316273
1BF2_A	nres	750
1BF2_A	nchains	1
1BF2_A	nssb	0
1BF2_A	asa	24347.3
1BF2_A	nhbon	452
1BF2_A	nhbps	37
1BF2_A	nhbas	91
1BF2_A	mhbe	-0.696333333333
1BF2_A	vhbe	0.207723222222
1BF2_A	mrsa	0.18615241814
1BF2_A	vrsa	0.043041577116
1BF2_A	mwcn	1.50437553714
1BF2_A	vwcn	0.0745888795311
1BG0_A	nres	356
1BG0_A	nchains	1
1BG0_A	nssb	0
1BG0_A	asa	15496.2
1BG0_A	nhbon	244
1BG0_A	nhbps	2
1BG0_A	nhbas	59
1BG0_A	mhbe	-0.806530898876
1BG0_A	vhbe	0.200317249045
1BG0_A	mrsa	0.224149869474
1BG0_A	vrsa	0.0520225125965
1BG0_A	mwcn	1.15739742305
1BG0_A	vwcn	0.0444446404362
1BH2_A	nres	315
1BH2_A	nchains	1
1BH2_A	nssb	0
1BH2_A	asa	15132.6
1BH2_A	nhbon	235
1BH2_A	nhbps	26
1BH2_A	nhbas	12
1BH2_A	mhbe	-0.822142857143
1BH2_A	vhbe	0.196245804989
1BH2_A	mrsa	0.237298408772
1BH2_A	vrsa	0.0502674833382
1BH2_A	mwcn	1.05502295233
1BH2_A	vwcn	0.0353288484882
1BOL_A	nres	222
1BOL_A	nchains	1
1BOL_A	nssb	0
1BOL_A	asa	10310.0
1BOL_A	nhbon	143
1BOL_A	nhbps	2
1BOL_A	nhbas	37
1BOL_A	mhbe	-0.765202702703
1BOL_A	vhbe	0.226449621074
1BOL_A	mrsa	0.258623436385
1BOL_A	vrsa	0.0535757742343
1BOL_A	mwcn	0.963713041595
1BOL_A	vwcn	0.0283474778698
1BP2_A	nres	123
1BP2_A	nchains	1
1BP2_A	nssb	0
1BP2_A	asa	7178.2
1BP2_A	nhbon	77
1BP2_A	nhbps	0
1BP2_A	nhbas	9
1BP2_A	mhbe	-0.732317073171
1BP2_A	vhbe	0.176887517351
1BP2_A	mrsa	0.299110638682
1BP2_A	vrsa	0.0534036332825
1BP2_A	mwcn	0.779350299099
1BP2_A	vwcn	0.0182566517704
1BQC_A	nres	302
1BQC_A	nchains	1
1BQC_A	nssb	0
1BQC_A	asa	11110.7
1BQC_A	nhbon	221
1BQC_A	nhbps	38
1BQC_A	nhbas	8
1BQC_A	mhbe	-0.854801324503
1BQC_A	vhbe	0.198317179071
1BQC_A	mrsa	0.201053876147
1BQC_A	vrsa	0.0478288393122
1BQC_A	mwcn	1.18489370181
1BQC_A	vwcn	0.0436060916552
1BS0_A	nres	383
1BS0_A	nchains	1
1BS0_A	nssb	0
1BS0_A	asa	18209.6
1BS0_A	nhbon	266
1BS0_A	nhbps	24
1BS0_A	nhbas	36
1BS0_A	mhbe	-0.834334203655
1BS0_A	vhbe	0.20407573165
1BS0_A	mrsa	0.241954300942
1BS0_A	vrsa	0.0525013975691
1BS0_A	mwcn	1.16017423269
1BS0_A	vwcn	0.0549751003232
1BS4_A	nres	168
1BS4_A	nchains	1
1BS4_A	nssb	0
1BS4_A	asa	9688.7
1BS4_A	nhbon	112
1BS4_A	nhbps	2
1BS4_A	nhbas	32
1BS4_A	mhbe	-0.794047619048
1BS4_A	vhbe	0.214585104875
1BS4_A	mrsa	0.278603843853
1BS4_A	vrsa	0.0583482008246
1BS4_A	mwcn	0.870355059958
1BS4_A	vwcn	0.0273754092378
1BS9_A	nres	207
1BS9_A	nchains	1
1BS9_A	nssb	0
1BS9_A	asa	8370.2
1BS9_A	nhbon	132
1BS9_A	nhbps	27
1BS9_A	nhbas	4
1BS9_A	mhbe	-0.793599033816
1BS9_A	vhbe	0.19467823053
1BS9_A	mrsa	0.246983850473
1BS9_A	vrsa	0.0619485906361
1BS9_A	mwcn	1.03230016202
1BS9_A	vwcn	0.0407216720313
1BT1_A	nres	336
1BT1_A	nchains	2
1BT1_A	nssb	0
1BT1_A	asa	13425.3
1BT1_A	nhbon	204
1BT1_A	nhbps	10
1BT1_A	nhbas	10
1BT1_A	mhbe	-0.675
1BT1_A	vhbe	0.191458333333
1BT1_A	mrsa	0.215973422679
1BT1_A	vrsa	0.050238802117
1BT1_A	mwcn	1.16896160688
1BT1_A	vwcn	0.0463511869696
1BU7_A	nres	455
1BU7_A	nchains	1
1BU7_A	nssb	0
1BU7_A	asa	20397.1
1BU7_A	nhbon	311
1BU7_A	nhbps	5
1BU7_A	nhbas	33
1BU7_A	mhbe	-0.822087912088
1BU7_A	vhbe	0.191795091173
1BU7_A	mrsa	0.22557765565
1BU7_A	vrsa	0.0463684405838
1BU7_A	mwcn	1.22710288225
1BU7_A	vwcn	0.0563021273708
1BVV_A	nres	185
1BVV_A	nchains	1
1BVV_A	nssb	0
1BVV_A	asa	7942.1
1BVV_A	nhbon	141
1BVV_A	nhbps	7
1BVV_A	nhbas	86
1BVV_A	mhbe	-0.880810810811
1BVV_A	vhbe	0.273679072316
1BVV_A	mrsa	0.23456784539
1BVV_A	vrsa	0.0477713267142
1BVV_A	mwcn	0.95308820921
1BVV_A	vwcn	0.0257896515093
1BVZ_A	nres	585
1BVZ_A	nchains	1
1BVZ_A	nssb	0
1BVZ_A	asa	24294.8
1BVZ_A	nhbon	406
1BVZ_A	nhbps	34
1BVZ_A	nhbas	100
1BVZ_A	mhbe	-0.749188034188
1BVZ_A	vhbe	0.20603246037
1BVZ_A	mrsa	0.205195598301
1BVZ_A	vrsa	0.044622445451
1BVZ_A	mwcn	1.31347711953
1BVZ_A	vwcn	0.0614161584071
1BWL_A	nres	399
1BWL_A	nchains	1
1BWL_A	nssb	0
1BWL_A	asa	16005.0
1BWL_A	nhbon	262
1BWL_A	nhbps	43
1BWL_A	nhbas	8
1BWL_A	mhbe	-0.705513784461
1BWL_A	vhbe	0.178791653319
1BWL_A	mrsa	0.202716539144
1BWL_A	vrsa	0.047348445775
1BWL_A	mwcn	1.24203174515
1BWL_A	vwcn	0.050127776688
1BWZ_A	nres	274
1BWZ_A	nchains	1
1BWZ_A	nssb	0
1BWZ_A	asa	13071.7
1BWZ_A	nhbon	186
1BWZ_A	nhbps	19
1BWZ_A	nhbas	69
1BWZ_A	mhbe	-0.806113138686
1BWZ_A	vhbe	0.283336260922
1BWZ_A	mrsa	0.241702172102
1BWZ_A	vrsa	0.053860094126
1BWZ_A	mwcn	1.06174586442
1BWZ_A	vwcn	0.0419581483418
1BYA_A	nres	491
1BYA_A	nchains	1
1BYA_A	nssb	0
1BYA_A	asa	19543.6
1BYA_A	nhbon	344
1BYA_A	nhbps	41
1BYA_A	nhbas	13
1BYA_A	mhbe	-0.759572301426
1BYA_A	vhbe	0.212685865954
1BYA_A	mrsa	0.205206348648
1BYA_A	vrsa	0.0527922718338
1BYA_A	mwcn	1.31795230382
1BYA_A	vwcn	0.057553467208
1BZC_A	nres	297
1BZC_A	nchains	1
1BZC_A	nssb	0
1BZC_A	asa	13941.5
1BZC_A	nhbon	217
1BZC_A	nhbps	16
1BZC_A	nhbas	39
1BZC_A	mhbe	-0.797053872054
1BZC_A	vhbe	0.218221539185
1BZC_A	mrsa	0.228453701881
1BZC_A	vrsa	0.0551350043774
1BZC_A	mwcn	1.0946527162
1BZC_A	vwcn	0.0483795124121
1C82_A	nres	719
1C82_A	nchains	1
1C82_A	nssb	0
1C82_A	asa	28433.3
1C82_A	nhbon	514
1C82_A	nhbps	2
1C82_A	nhbas	157
1C82_A	mhbe	-0.807962447844
1C82_A	vhbe	0.216583852554
1C82_A	mrsa	0.197911550305
1C82_A	vrsa	0.046950208571
1C82_A	mwcn	1.45602942565
1C82_A	vwcn	0.0766270250333
1CA2_A	nres	256
1CA2_A	nchains	1
1CA2_A	nssb	0
1CA2_A	asa	11740.3
1CA2_A	nhbon	165
1CA2_A	nhbps	16
1CA2_A	nhbas	56
1CA2_A	mhbe	-0.709765625
1CA2_A	vhbe	0.227360687256
1CA2_A	mrsa	0.234700725607
1CA2_A	vrsa	0.0502445061787
1CA2_A	mwcn	1.04489055254
1CA2_A	vwcn	0.0356086301711
1CB8_A	nres	674
1CB8_A	nchains	1
1CB8_A	nssb	0
1CB8_A	asa	26385.0
1CB8_A	nhbon	486
1CB8_A	nhbps	3
1CB8_A	nhbas	169
1CB8_A	mhbe	-0.839651335312
1CB8_A	vhbe	0.221646428878
1CB8_A	mrsa	0.194385798208
1CB8_A	vrsa	0.0436628146949
1CB8_A	mwcn	1.41040182093
1CB8_A	vwcn	0.0761372024545
1CBX_A	nres	307
1CBX_A	nchains	1
1CBX_A	nssb	0
1CBX_A	asa	12249.0
1CBX_A	nhbon	203
1CBX_A	nhbps	27
1CBX_A	nhbas	17
1CBX_A	mhbe	-0.788925081433
1CBX_A	vhbe	0.230447378752
1CBX_A	mrsa	0.209089175627
1CBX_A	vrsa	0.048354419003
1CBX_A	mwcn	1.15777620211
1CBX_A	vwcn	0.0478785515661
1CDG_A	nres	686
1CDG_A	nchains	1
1CDG_A	nssb	0
1CDG_A	asa	23235.6
1CDG_A	nhbon	442
1CDG_A	nhbps	47
1CDG_A	nhbas	120
1CDG_A	mhbe	-0.762463556851
1CDG_A	vhbe	0.222000271996
1CDG_A	mrsa	0.19065325412
1CDG_A	vrsa	0.0425778634304
1CDG_A	mwcn	1.45224851178
1CDG_A	vwcn	0.0727229796642
1CEL_A	nres	433
1CEL_A	nchains	1
1CEL_A	nssb	0
1CEL_A	asa	16682.2
1CEL_A	nhbon	272
1CEL_A	nhbps	10
1CEL_A	nhbas	125
1CEL_A	mhbe	-0.728464203233
1CEL_A	vhbe	0.202115597448
1CEL_A	mrsa	0.218479491441
1CEL_A	vrsa	0.0483158123943
1CEL_A	mwcn	1.28419555714
1CEL_A	vwcn	0.0505466941534
1CHD_A	nres	198
1CHD_A	nchains	1
1CHD_A	nssb	0
1CHD_A	asa	9045.4
1CHD_A	nhbon	137
1CHD_A	nhbps	33
1CHD_A	nhbas	14
1CHD_A	mhbe	-0.812752525253
1CHD_A	vhbe	0.20760568118
1CHD_A	mrsa	0.235079478044
1CHD_A	vrsa	0.0539580376384
1CHD_A	mwcn	1.02681154075
1CHD_A	vwcn	0.0371891392159
1CHK_B	nres	238
1CHK_B	nchains	1
1CHK_B	nssb	0
1CHK_B	asa	11112.8
1CHK_B	nhbon	173
1CHK_B	nhbps	0
1CHK_B	nhbas	13
1CHK_B	mhbe	-0.841596638655
1CHK_B	vhbe	0.17719303898
1CHK_B	mrsa	0.256238917599
1CHK_B	vrsa	0.0532161937014
1CHK_B	mwcn	0.98066444917
1CHK_B	vwcn	0.025868138153
1CM0_A	nres	162
1CM0_A	nchains	1
1CM0_A	nssb	0
1CM0_A	asa	9373.5
1CM0_A	nhbon	116
1CM0_A	nhbps	5
1CM0_A	nhbas	33
1CM0_A	mhbe	-0.834722222222
1CM0_A	vhbe	0.243219521605
1CM0_A	mrsa	0.287438872225
1CM0_A	vrsa	0.0608823216222
1CM0_A	mwcn	0.861385682186
1CM0_A	vwcn	0.0291927653435
1CNS_A	nres	243
1CNS_A	nchains	1
1CNS_A	nssb	0
1CNS_A	asa	10467.7
1CNS_A	nhbon	151
1CNS_A	nhbps	0
1CNS_A	nhbas	6
1CNS_A	mhbe	-0.684979423868
1CNS_A	vhbe	0.174244546902
1CNS_A	mrsa	0.245632939038
1CNS_A	vrsa	0.0570359853967
1CNS_A	mwcn	1.03512827674
1CNS_A	vwcn	0.0393806655928
1COY_A	nres	501
1COY_A	nchains	2
1COY_A	nssb	0
1COY_A	asa	18759.1
1COY_A	nhbon	326
1COY_A	nhbps	27
1COY_A	nhbas	74
1COY_A	mhbe	-0.799351297405
1COY_A	vhbe	0.225911505333
1COY_A	mrsa	0.197252799987
1COY_A	vrsa	0.0441015484101
1COY_A	mwcn	1.36436848802
1COY_A	vwcn	0.0692615988405
1CQQ_A	nres	180
1CQQ_A	nchains	1
1CQQ_A	nssb	0
1CQQ_A	asa	8851.3
1CQQ_A	nhbon	139
1CQQ_A	nhbps	2
1CQQ_A	nhbas	75
1CQQ_A	mhbe	-0.876111111111
1CQQ_A	vhbe	0.278693209877
1CQQ_A	mrsa	0.251105421896
1CQQ_A	vrsa	0.0563270166188
1CQQ_A	mwcn	0.955485854879
1CQQ_A	vwcn	0.0353552692158
1CVR_A	nres	432
1CVR_A	nchains	1
1CVR_A	nssb	0
1CVR_A	asa	17102.5
1CVR_A	nhbon	303
1CVR_A	nhbps	50
1CVR_A	nhbas	51
1CVR_A	mhbe	-0.801967592593
1CVR_A	vhbe	0.206185364691
1CVR_A	mrsa	0.204624979525
1CVR_A	vrsa	0.0510325523104
1CVR_A	mwcn	1.27992805563
1CVR_A	vwcn	0.0601883574867
1CWY_A	nres	500
1CWY_A	nchains	1
1CWY_A	nssb	0
1CWY_A	asa	21740.7
1CWY_A	nhbon	340
1CWY_A	nhbps	32
1CWY_A	nhbas	21
1CWY_A	mhbe	-0.78825
1CWY_A	vhbe	0.1915181875
1CWY_A	mrsa	0.21631818842
1CWY_A	vrsa	0.0503734379043
1CWY_A	mwcn	1.27524632861
1CWY_A	vwcn	0.0526648769341
1CZ1_A	nres	394
1CZ1_A	nchains	1
1CZ1_A	nssb	0
1CZ1_A	asa	15570.1
1CZ1_A	nhbon	259
1CZ1_A	nhbps	38
1CZ1_A	nhbas	4
1CZ1_A	mhbe	-0.783248730964
1CZ1_A	vhbe	0.213066476204
1CZ1_A	mrsa	0.202355374486
1CZ1_A	vrsa	0.0467410460763
1CZ1_A	mwcn	1.22184189689
1CZ1_A	vwcn	0.0522330919318
1CZF_A	nres	335
1CZF_A	nchains	1
1CZF_A	nssb	0
1CZF_A	asa	12420.4
1CZF_A	nhbon	278
1CZF_A	nhbps	170
1CZF_A	nhbas	3
1CZF_A	mhbe	-0.965746268657
1CZF_A	vhbe	0.302425562486
1CZF_A	mrsa	0.206070441181
1CZF_A	vrsa	0.0430967640596
1CZF_A	mwcn	1.21703699319
1CZF_A	vwcn	0.0430263753662
1D1Q_A	nres	159
1D1Q_A	nchains	1
1D1Q_A	nssb	0
1D1Q_A	asa	8481.5
1D1Q_A	nhbon	105
1D1Q_A	nhbps	22
1D1Q_A	nhbas	0
1D1Q_A	mhbe	-0.808490566038
1D1Q_A	vhbe	0.220525394565
1D1Q_A	mrsa	0.259035039351
1D1Q_A	vrsa	0.0565914067293
1D1Q_A	mwcn	0.89161279559
1D1Q_A	vwcn	0.0334487970876
1D4C_A	nres	570
1D4C_A	nchains	1
1D4C_A	nssb	0
1D4C_A	asa	23795.3
1D4C_A	nhbon	387
1D4C_A	nhbps	27
1D4C_A	nhbas	57
1D4C_A	mhbe	-0.773070175439
1D4C_A	vhbe	0.210632240689
1D4C_A	mrsa	0.219728251199
1D4C_A	vrsa	0.0475588093491
1D4C_A	mwcn	1.37807961807
1D4C_A	vwcn	0.0840138832431
1D6O_A	nres	107
1D6O_A	nchains	1
1D6O_A	nssb	0
1D6O_A	asa	6057.4
1D6O_A	nhbon	80
1D6O_A	nhbps	0
1D6O_A	nhbas	36
1D6O_A	mhbe	-0.86308411215
1D6O_A	vhbe	0.314805441523
1D6O_A	mrsa	0.28886451174
1D6O_A	vrsa	0.0508491163896
1D6O_A	mwcn	0.757537138275
1D6O_A	vwcn	0.0159109363051
1DDJ_A	nres	247
1DDJ_A	nchains	1
1DDJ_A	nssb	0
1DDJ_A	asa	11521.0
1DDJ_A	nhbon	156
1DDJ_A	nhbps	2
1DDJ_A	nhbas	71
1DDJ_A	mhbe	-0.702024291498
1DDJ_A	vhbe	0.20767302775
1DDJ_A	mrsa	0.234587872056
1DDJ_A	vrsa	0.0528275004081
1DDJ_A	mwcn	1.08827642732
1DDJ_A	vwcn	0.0486729329888
1DGK_N	nres	898
1DGK_N	nchains	1
1DGK_N	nssb	0
1DGK_N	asa	38147.0
1DGK_N	nhbon	656
1DGK_N	nhbps	57
1DGK_N	nhbas	81
1DGK_N	mhbe	-0.882989977728
1DGK_N	vhbe	0.211122825067
1DGK_N	mrsa	0.209241509035
1DGK_N	vrsa	0.0489086876795
1DGK_N	mwcn	1.40675477159
1DGK_N	vwcn	0.0674149887715
1DGS_A	nres	581
1DGS_A	nchains	1
1DGS_A	nssb	0
1DGS_A	asa	30065.6
1DGS_A	nhbon	389
1DGS_A	nhbps	5
1DGS_A	nhbas	93
1DGS_A	mhbe	-0.697117039587
1DGS_A	vhbe	0.190904984581
1DGS_A	mrsa	0.247575632102
1DGS_A	vrsa	0.0478824860983
1DGS_A	mwcn	1.16611163355
1DGS_A	vwcn	0.0387772521941
1DIN_A	nres	232
1DIN_A	nchains	1
1DIN_A	nssb	0
1DIN_A	asa	10347.7
1DIN_A	nhbon	168
1DIN_A	nhbps	30
1DIN_A	nhbas	10
1DIN_A	mhbe	-0.867456896552
1DIN_A	vhbe	0.208698489521
1DIN_A	mrsa	0.23144602122
1DIN_A	vrsa	0.0569700221975
1DIN_A	mwcn	1.04257303316
1DIN_A	vwcn	0.038891678689
1DNP_A	nres	469
1DNP_A	nchains	1
1DNP_A	nssb	0
1DNP_A	asa	20680.2
1DNP_A	nhbon	317
1DNP_A	nhbps	23
1DNP_A	nhbas	0
1DNP_A	mhbe	-0.771801705757
1DNP_A	vhbe	0.19014168989
1DNP_A	mrsa	0.221371341689
1DNP_A	vrsa	0.0458881735759
1DNP_A	mwcn	1.22571440596
1DNP_A	vwcn	0.0484897056885
1DVE_A	nres	214
1DVE_A	nchains	1
1DVE_A	nssb	0
1DVE_A	asa	10629.1
1DVE_A	nhbon	165
1DVE_A	nhbps	0
1DVE_A	nhbas	0
1DVE_A	mhbe	-0.847663551402
1DVE_A	vhbe	0.157920942877
1DVE_A	mrsa	0.246427831519
1DVE_A	vrsa	0.0490564036399
1DVE_A	mwcn	0.960115118203
1DVE_A	vwcn	0.0241162838019
1E0C_A	nres	270
1E0C_A	nchains	2
1E0C_A	nssb	0
1E0C_A	asa	11178.3
1E0C_A	nhbon	180
1E0C_A	nhbps	30
1E0C_A	nhbas	7
1E0C_A	mhbe	-0.768703703704
1E0C_A	vhbe	0.213279801097
1E0C_A	mrsa	0.225541931124
1E0C_A	vrsa	0.0520618511423
1E0C_A	mwcn	1.08010293093
1E0C_A	vwcn	0.0455874150011
1E1A_A	nres	312
1E1A_A	nchains	1
1E1A_A	nssb	0
1E1A_A	asa	13493.7
1E1A_A	nhbon	204
1E1A_A	nhbps	5
1E1A_A	nhbas	131
1E1A_A	mhbe	-0.816426282051
1E1A_A	vhbe	0.306955738155
1E1A_A	mrsa	0.213553717178
1E1A_A	vrsa	0.0537302351709
1E1A_A	mwcn	1.20390654337
1E1A_A	vwcn	0.0644123175925
1E6E_A	nres	457
1E6E_A	nchains	1
1E6E_A	nssb	0
1E6E_A	asa	21036.1
1E6E_A	nhbon	319
1E6E_A	nhbps	48
1E6E_A	nhbas	30
1E6E_A	mhbe	-0.765153172867
1E6E_A	vhbe	0.207017372599
1E6E_A	mrsa	0.235434978143
1E6E_A	vrsa	0.0522061197
1E6E_A	mwcn	1.21130693245
1E6E_A	vwcn	0.0545630688939
1EB6_A	nres	177
1EB6_A	nchains	1
1EB6_A	nssb	0
1EB6_A	asa	8074.3
1EB6_A	nhbon	124
1EB6_A	nhbps	10
1EB6_A	nhbas	7
1EB6_A	mhbe	-0.814830508475
1EB6_A	vhbe	0.19585703342
1EB6_A	mrsa	0.239255308905
1EB6_A	vrsa	0.0490545607102
1EB6_A	mwcn	0.972382116719
1EB6_A	vwcn	0.0318918569617
1EH5_A	nres	279
1EH5_A	nchains	1
1EH5_A	nssb	0
1EH5_A	asa	12841.4
1EH5_A	nhbon	191
1EH5_A	nhbps	31
1EH5_A	nhbas	3
1EH5_A	mhbe	-0.76146953405
1EH5_A	vhbe	0.186602320756
1EH5_A	mrsa	0.232547040647
1EH5_A	vrsa	0.049768201862
1EH5_A	mwcn	1.07517811733
1EH5_A	vwcn	0.0403795449302
1EUG_A	nres	225
1EUG_A	nchains	1
1EUG_A	nssb	0
1EUG_A	asa	10882.2
1EUG_A	nhbon	139
1EUG_A	nhbps	16
1EUG_A	nhbas	5
1EUG_A	mhbe	-0.743777777778
1EUG_A	vhbe	0.217283506173
1EUG_A	mrsa	0.25140347351
1EUG_A	vrsa	0.0614992875549
1EUG_A	mwcn	0.978534977196
1EUG_A	vwcn	0.036429357126
1EUU_A	nres	601
1EUU_A	nchains	1
1EUU_A	nssb	0
1EUU_A	asa	25118.4
1EUU_A	nhbon	364
1EUU_A	nhbps	7
1EUU_A	nhbas	219
1EUU_A	mhbe	-0.718552412646
1EUU_A	vhbe	0.266983179033
1EUU_A	mrsa	0.22831409573
1EUU_A	vrsa	0.0485898296235
1EUU_A	mwcn	1.3176017662
1EUU_A	vwcn	0.0605606443803
1EX1_A	nres	602
1EX1_A	nchains	1
1EX1_A	nssb	0
1EX1_A	asa	20596.2
1EX1_A	nhbon	406
1EX1_A	nhbps	58
1EX1_A	nhbas	13
1EX1_A	mhbe	-0.762790697674
1EX1_A	vhbe	0.179468873136
1EX1_A	mrsa	0.179250243859
1EX1_A	vrsa	0.0440897477811
1EX1_A	mwcn	1.44614036725
1EX1_A	vwcn	0.0826861144951
1EXN_A	nres	267
1EXN_A	nchains	5
1EXN_A	nssb	0
1EXN_A	asa	14146.1
1EXN_A	nhbon	197
1EXN_A	nhbps	15
1EXN_A	nhbas	8
1EXN_A	mhbe	-0.839232209738
1EXN_A	vhbe	0.174315234468
1EXN_A	mrsa	0.258240246237
1EXN_A	vrsa	0.0491814657955
1EXN_A	mwcn	0.991907053551
1EXN_A	vwcn	0.0295102871417
1EXP_A	nres	312
1EXP_A	nchains	1
1EXP_A	nssb	0
1EXP_A	asa	12285.2
1EXP_A	nhbon	224
1EXP_A	nhbps	50
1EXP_A	nhbas	9
1EXP_A	mhbe	-0.836298076923
1EXP_A	vhbe	0.177053843842
1EXP_A	mrsa	0.215643659485
1EXP_A	vrsa	0.0481910543992
1EXP_A	mwcn	1.13654963485
1EXP_A	vwcn	0.0405694387902
1EYP_A	nres	212
1EYP_A	nchains	1
1EYP_A	nssb	0
1EYP_A	asa	10293.7
1EYP_A	nhbon	163
1EYP_A	nhbps	0
1EYP_A	nhbas	53
1EYP_A	mhbe	-0.868278301887
1EYP_A	vhbe	0.256036776322
1EYP_A	mrsa	0.257482184321
1EYP_A	vrsa	0.0573319768293
1EYP_A	mwcn	0.976031917082
1EYP_A	vwcn	0.0307207662615
1FF3_A	nres	210
1FF3_A	nchains	2
1FF3_A	nssb	0
1FF3_A	asa	9941.2
1FF3_A	nhbon	114
1FF3_A	nhbps	3
1FF3_A	nhbas	28
1FF3_A	mhbe	-0.658571428571
1FF3_A	vhbe	0.215283673469
1FF3_A	mrsa	0.2579472366
1FF3_A	vrsa	0.0597805218004
1FF3_A	mwcn	0.967416670354
1FF3_A	vwcn	0.038252346976
1FGH_A	nres	753
1FGH_A	nchains	1
1FGH_A	nssb	0
1FGH_A	asa	26166.7
1FGH_A	nhbon	516
1FGH_A	nhbps	81
1FGH_A	nhbas	59
1FGH_A	mhbe	-0.785026560425
1FGH_A	vhbe	0.206966201154
1FGH_A	mrsa	0.175818716351
1FGH_A	vrsa	0.0404575215618
1FGH_A	mwcn	1.57178797119
1FGH_A	vwcn	0.106343744647
1FHL_A	nres	334
1FHL_A	nchains	1
1FHL_A	nssb	0
1FHL_A	asa	12737.7
1FHL_A	nhbon	226
1FHL_A	nhbps	43
1FHL_A	nhbas	8
1FHL_A	mhbe	-0.785628742515
1FHL_A	vhbe	0.181526251389
1FHL_A	mrsa	0.208397263024
1FHL_A	vrsa	0.0509711380123
1FHL_A	mwcn	1.17592202333
1FHL_A	vwcn	0.0413761497074
1FOA_A	nres	342
1FOA_A	nchains	1
1FOA_A	nssb	0
1FOA_A	asa	15444.7
1FOA_A	nhbon	239
1FOA_A	nhbps	29
1FOA_A	nhbas	30
1FOA_A	mhbe	-0.768640350877
1FOA_A	vhbe	0.206693838489
1FOA_A	mrsa	0.225818663834
1FOA_A	vrsa	0.0507774575075
1FOA_A	mwcn	1.12401102474
1FOA_A	vwcn	0.0457815824433
1G24_A	nres	210
1G24_A	nchains	1
1G24_A	nssb	0
1G24_A	asa	10815.8
1G24_A	nhbon	152
1G24_A	nhbps	9
1G24_A	nhbas	38
1G24_A	mhbe	-0.829761904762
1G24_A	vhbe	0.240221371882
1G24_A	mrsa	0.270274474963
1G24_A	vrsa	0.0557302954573
1G24_A	mwcn	0.930783913682
1G24_A	vwcn	0.030367519323
1G6T_A	nres	427
1G6T_A	nchains	1
1G6T_A	nssb	0
1G6T_A	asa	15796.6
1G6T_A	nhbon	328
1G6T_A	nhbps	33
1G6T_A	nhbas	58
1G6T_A	mhbe	-0.867096018735
1G6T_A	vhbe	0.205995782349
1G6T_A	mrsa	0.189223065916
1G6T_A	vrsa	0.0450402223809
1G6T_A	mwcn	1.29195617698
1G6T_A	vwcn	0.0394253126762
1G8O_A	nres	287
1G8O_A	nchains	1
1G8O_A	nssb	0
1G8O_A	asa	13173.5
1G8O_A	nhbon	193
1G8O_A	nhbps	35
1G8O_A	nhbas	19
1G8O_A	mhbe	-0.753919860627
1G8O_A	vhbe	0.21278297964
1G8O_A	mrsa	0.223415221027
1G8O_A	vrsa	0.0544931315238
1G8O_A	mwcn	1.07873039779
1G8O_A	vwcn	0.0442383902468
1GA8_A	nres	271
1GA8_A	nchains	7
1GA8_A	nssb	0
1GA8_A	asa	12619.2
1GA8_A	nhbon	173
1GA8_A	nhbps	20
1GA8_A	nhbas	15
1GA8_A	mhbe	-0.738560885609
1GA8_A	vhbe	0.198236305334
1GA8_A	mrsa	0.244300540428
1GA8_A	vrsa	0.0580871667339
1GA8_A	mwcn	1.0394417027
1GA8_A	vwcn	0.038431445884
1GAL_A	nres	581
1GAL_A	nchains	1
1GAL_A	nssb	0
1GAL_A	asa	20277.9
1GAL_A	nhbon	421
1GAL_A	nhbps	38
1GAL_A	nhbas	82
1GAL_A	mhbe	-0.831583476764
1GAL_A	vhbe	0.218286046818
1GAL_A	mrsa	0.184187493022
1GAL_A	vrsa	0.0446485079287
1GAL_A	mwcn	1.46222441673
1GAL_A	vwcn	0.0757060712525
1GCU_A	nres	292
1GCU_A	nchains	1
1GCU_A	nssb	0
1GCU_A	asa	15470.9
1GCU_A	nhbon	211
1GCU_A	nhbps	33
1GCU_A	nhbas	37
1GCU_A	mhbe	-0.883732876712
1GCU_A	vhbe	0.232757640974
1GCU_A	mrsa	0.260935185516
1GCU_A	vrsa	0.0557866446666
1GCU_A	mwcn	1.03220503078
1GCU_A	vwcn	0.0387008805716
1GOG_A	nres	639
1GOG_A	nchains	1
1GOG_A	nssb	0
1GOG_A	asa	22025.8
1GOG_A	nhbon	383
1GOG_A	nhbps	10
1GOG_A	nhbas	221
1GOG_A	mhbe	-0.754499217527
1GOG_A	vhbe	0.276987777386
1GOG_A	mrsa	0.187586737126
1GOG_A	vrsa	0.0430202608607
1GOG_A	mwcn	1.48815619661
1GOG_A	vwcn	0.0890609588817
1GP5_A	nres	346
1GP5_A	nchains	1
1GP5_A	nssb	0
1GP5_A	asa	17029.3
1GP5_A	nhbon	225
1GP5_A	nhbps	6
1GP5_A	nhbas	59
1GP5_A	mhbe	-0.738150289017
1GP5_A	vhbe	0.217460740419
1GP5_A	mrsa	0.24782361531
1GP5_A	vrsa	0.0536722070934
1GP5_A	mwcn	1.1031165151
1GP5_A	vwcn	0.0463219680065
1GQ8_A	nres	318
1GQ8_A	nchains	1
1GQ8_A	nssb	0
1GQ8_A	asa	13247.4
1GQ8_A	nhbon	223
1GQ8_A	nhbps	112
1GQ8_A	nhbas	0
1GQ8_A	mhbe	-0.743081761006
1GQ8_A	vhbe	0.192000093944
1GQ8_A	mrsa	0.226048108157
1GQ8_A	vrsa	0.0517405682753
1GQ8_A	mwcn	1.1362350665
1GQ8_A	vwcn	0.0506322592132
1H19_A	nres	610
1H19_A	nchains	1
1H19_A	nssb	0
1H19_A	asa	24168.1
1H19_A	nhbon	436
1H19_A	nhbps	22
1H19_A	nhbas	93
1H19_A	mhbe	-0.852213114754
1H19_A	vhbe	0.21403608573
1H19_A	mrsa	0.199491408114
1H19_A	vrsa	0.0455484531772
1H19_A	mwcn	1.39031678664
1H19_A	vwcn	0.0698347895883
1H3I_A	nres	293
1H3I_A	nchains	1
1H3I_A	nssb	0
1H3I_A	asa	15843.8
1H3I_A	nhbon	181
1H3I_A	nhbps	4
1H3I_A	nhbas	105
1H3I_A	mhbe	-0.781996587031
1H3I_A	vhbe	0.288526133094
1H3I_A	mrsa	0.277272057325
1H3I_A	vrsa	0.0576411208533
1H3I_A	mwcn	1.00961048406
1H3I_A	vwcn	0.0412447684862
1HKA_A	nres	158
1HKA_A	nchains	1
1HKA_A	nssb	0
1HKA_A	asa	8925.3
1HKA_A	nhbon	96
1HKA_A	nhbps	0
1HKA_A	nhbas	35
1HKA_A	mhbe	-0.798417721519
1HKA_A	vhbe	0.253905724243
1HKA_A	mrsa	0.279543862493
1HKA_A	vrsa	0.054854851583
1HKA_A	mwcn	0.848911559794
1HKA_A	vwcn	0.0268311424655
1HPL_A	nres	449
1HPL_A	nchains	1
1HPL_A	nssb	0
1HPL_A	asa	18768.1
1HPL_A	nhbon	291
1HPL_A	nhbps	35
1HPL_A	nhbas	81
1HPL_A	mhbe	-0.753730512249
1HPL_A	vhbe	0.211101061007
1HPL_A	mrsa	0.216916328358
1HPL_A	vrsa	0.0470245626331
1HPL_A	mwcn	1.20453367174
1HPL_A	vwcn	0.0647884940114
1HPM_A	nres	378
1HPM_A	nchains	1
1HPM_A	nssb	0
1HPM_A	asa	17066.5
1HPM_A	nhbon	288
1HPM_A	nhbps	19
1HPM_A	nhbas	62
1HPM_A	mhbe	-0.891071428571
1HPM_A	vhbe	0.20428039966
1HPM_A	mrsa	0.227798832429
1HPM_A	vrsa	0.04641531396
1HPM_A	mwcn	1.18277718396
1HPM_A	vwcn	0.0565794815499
1HQC_A	nres	314
1HQC_A	nchains	1
1HQC_A	nssb	0
1HQC_A	asa	16947.0
1HQC_A	nhbon	208
1HQC_A	nhbps	18
1HQC_A	nhbas	10
1HQC_A	mhbe	-0.812420382166
1HQC_A	vhbe	0.258567867865
1HQC_A	mrsa	0.269925217824
1HQC_A	vrsa	0.0568067652936
1HQC_A	mwcn	0.996172709814
1HQC_A	vwcn	0.0318244566271
1I1E_A	nres	1287
1I1E_A	nchains	2
1I1E_A	nssb	0
1I1E_A	asa	55465.2
1I1E_A	nhbon	848
1I1E_A	nhbps	27
1I1E_A	nhbas	230
1I1E_A	mhbe	-0.759246309246
1I1E_A	vhbe	0.22304873265
1I1E_A	mrsa	0.212417838967
1I1E_A	vrsa	0.0458808490875
1I1E_A	mwcn	1.5413295327
1I1E_A	vwcn	0.0905664657011
1I1I_P	nres	665
1I1I_P	nchains	1
1I1I_P	nssb	0
1I1I_P	asa	30424.8
1I1I_P	nhbon	494
1I1I_P	nhbps	7
1I1I_P	nhbas	31
1I1I_P	mhbe	-0.846992481203
1I1I_P	vhbe	0.177056744304
1I1I_P	mrsa	0.227737432354
1I1I_P	vrsa	0.0458603938625
1I1I_P	mwcn	1.34638699727
1I1I_P	vwcn	0.0555643161231
1I9A_A	nres	175
1I9A_A	nchains	4
1I9A_A	nssb	0
1I9A_A	asa	9165.4
1I9A_A	nhbon	112
1I9A_A	nhbps	11
1I9A_A	nhbas	36
1I9A_A	mhbe	-0.745285714286
1I9A_A	vhbe	0.215938489796
1I9A_A	mrsa	0.268503338629
1I9A_A	vrsa	0.0581200049234
1I9A_A	mwcn	0.896415618601
1I9A_A	vwcn	0.0237358114681
1IDJ_A	nres	359
1IDJ_A	nchains	1
1IDJ_A	nssb	0
1IDJ_A	asa	13792.9
1IDJ_A	nhbon	280
1IDJ_A	nhbps	125
1IDJ_A	nhbas	14
1IDJ_A	mhbe	-0.823816155989
1IDJ_A	vhbe	0.246904935561
1IDJ_A	mrsa	0.210346165101
1IDJ_A	vrsa	0.0461797686251
1IDJ_A	mwcn	1.24103280553
1IDJ_A	vwcn	0.0583374020812
1IG8_A	nres	469
1IG8_A	nchains	1
1IG8_A	nssb	0
1IG8_A	asa	20688.4
1IG8_A	nhbon	326
1IG8_A	nhbps	25
1IG8_A	nhbas	41
1IG8_A	mhbe	-0.784488272921
1IG8_A	vhbe	0.191080015321
1IG8_A	mrsa	0.225932786546
1IG8_A	vrsa	0.0501104850466
1IG8_A	mwcn	1.2204800194
1IG8_A	vwcn	0.0640864844921
1IM5_A	nres	179
1IM5_A	nchains	1
1IM5_A	nssb	0
1IM5_A	asa	8677.3
1IM5_A	nhbon	126
1IM5_A	nhbps	35
1IM5_A	nhbas	2
1IM5_A	mhbe	-0.84874301676
1IM5_A	vhbe	0.243109453513
1IM5_A	mrsa	0.239833360232
1IM5_A	vrsa	0.0519304519773
1IM5_A	mwcn	0.94764750617
1IM5_A	vwcn	0.029150395294
1INP_A	nres	400
1INP_A	nchains	1
1INP_A	nssb	0
1INP_A	asa	20276.8
1INP_A	nhbon	255
1INP_A	nhbps	14
1INP_A	nhbas	53
1INP_A	mhbe	-0.7021875
1INP_A	vhbe	0.192290527344
1INP_A	mrsa	0.256947849847
1INP_A	vrsa	0.0573755400356
1INP_A	mwcn	1.18165293186
1INP_A	vwcn	0.0745800917799
1IU4_A	nres	331
1IU4_A	nchains	1
1IU4_A	nssb	0
1IU4_A	asa	16493.5
1IU4_A	nhbon	209
1IU4_A	nhbps	0
1IU4_A	nhbas	50
1IU4_A	mhbe	-0.719712990937
1IU4_A	vhbe	0.225376126085
1IU4_A	mrsa	0.248361089889
1IU4_A	vrsa	0.0537968740175
1IU4_A	mwcn	1.1018578913
1IU4_A	vwcn	0.048171719666
1J00_A	nres	176
1J00_A	nchains	3
1J00_A	nssb	0
1J00_A	asa	8933.0
1J00_A	nhbon	127
1J00_A	nhbps	21
1J00_A	nhbas	2
1J00_A	mhbe	-0.789630681818
1J00_A	vhbe	0.219455687468
1J00_A	mrsa	0.2565096571
1J00_A	vrsa	0.0587483307935
1J00_A	mwcn	0.904460068246
1J00_A	vwcn	0.0249022372654
1J09_A	nres	468
1J09_A	nchains	1
1J09_A	nssb	0
1J09_A	asa	22647.3
1J09_A	nhbon	321
1J09_A	nhbps	19
1J09_A	nhbas	23
1J09_A	mhbe	-0.781730769231
1J09_A	vhbe	0.176306192472
1J09_A	mrsa	0.239297512474
1J09_A	vrsa	0.0477275221498
1J09_A	mwcn	1.08681156752
1J09_A	vwcn	0.0375111790845
1JH6_A	nres	181
1JH6_A	nchains	1
1JH6_A	nssb	0
1JH6_A	asa	9960.0
1JH6_A	nhbon	128
1JH6_A	nhbps	2
1JH6_A	nhbas	45
1JH6_A	mhbe	-0.843508287293
1JH6_A	vhbe	0.272454404627
1JH6_A	mrsa	0.274917330208
1JH6_A	vrsa	0.0575895343657
1JH6_A	mwcn	0.904076004852
1JH6_A	vwcn	0.0261480466721
1JMS_A	nres	360
1JMS_A	nchains	2
1JMS_A	nssb	0
1JMS_A	asa	19603.7
1JMS_A	nhbon	247
1JMS_A	nhbps	8
1JMS_A	nhbas	33
1JMS_A	mhbe	-0.759791666667
1JMS_A	vhbe	0.179669748264
1JMS_A	mrsa	0.264983146789
1JMS_A	vrsa	0.0545471402496
1JMS_A	mwcn	1.06544475124
1JMS_A	vwcn	0.038379490883
1JOA_A	nres	446
1JOA_A	nchains	2
1JOA_A	nssb	0
1JOA_A	asa	20312.7
1JOA_A	nhbon	323
1JOA_A	nhbps	49
1JOA_A	nhbas	70
1JOA_A	mhbe	-0.85201793722
1JOA_A	vhbe	0.223815995194
1JOA_A	mrsa	0.230444014014
1JOA_A	vrsa	0.0455993867574
1JOA_A	mwcn	1.19937487449
1JOA_A	vwcn	0.0471495990457
1JS4_A	nres	605
1JS4_A	nchains	1
1JS4_A	nssb	0
1JS4_A	asa	22590.5
1JS4_A	nhbon	403
1JS4_A	nhbps	2
1JS4_A	nhbas	78
1JS4_A	mhbe	-0.755619834711
1JS4_A	vhbe	0.198429161259
1JS4_A	mrsa	0.197423224987
1JS4_A	vrsa	0.0471809905264
1JS4_A	mwcn	1.35191817076
1JS4_A	vwcn	0.081818599354
1K30_A	nres	363
1K30_A	nchains	2
1K30_A	nssb	0
1K30_A	asa	17648.1
1K30_A	nhbon	264
1K30_A	nhbps	27
1K30_A	nhbas	11
1K30_A	mhbe	-0.853719008264
1K30_A	vhbe	0.202799529859
1K30_A	mrsa	0.247424162635
1K30_A	vrsa	0.0527482773006
1K30_A	mwcn	1.13665629172
1K30_A	vwcn	0.0482082974526
1KL7_A	nres	503
1KL7_A	nchains	7
1KL7_A	nssb	0
1KL7_A	asa	21545.3
1KL7_A	nhbon	328
1KL7_A	nhbps	40
1KL7_A	nhbas	14
1KL7_A	mhbe	-0.763667992048
1KL7_A	vhbe	0.200433215814
1KL7_A	mrsa	0.216014096988
1KL7_A	vrsa	0.0490796907252
1KL7_A	mwcn	1.30310197965
1KL7_A	vwcn	0.0632556755846
1KNP_A	nres	529
1KNP_A	nchains	1
1KNP_A	nssb	0
1KNP_A	asa	21554.2
1KNP_A	nhbon	383
1KNP_A	nhbps	33
1KNP_A	nhbas	55
1KNP_A	mhbe	-0.859310018904
1KNP_A	vhbe	0.260077548501
1KNP_A	mrsa	0.201599769033
1KNP_A	vrsa	0.0476747883227
1KNP_A	mwcn	1.3887662234
1KNP_A	vwcn	0.086622191622
1L1D_A	nres	142
1L1D_A	nchains	3
1L1D_A	nssb	0
1L1D_A	asa	8066.0
1L1D_A	nhbon	83
1L1D_A	nhbps	0
1L1D_A	nhbas	33
1L1D_A	mhbe	-0.724471830986
1L1D_A	vhbe	0.23854285484
1L1D_A	mrsa	0.287156543689
1L1D_A	vrsa	0.0620433665243
1L1D_A	mwcn	0.834118861862
1L1D_A	vwcn	0.0298570244939
1L1L_A	nres	717
1L1L_A	nchains	2
1L1L_A	nssb	0
1L1L_A	asa	29785.9
1L1L_A	nhbon	493
1L1L_A	nhbps	53
1L1L_A	nhbas	50
1L1L_A	mhbe	-0.795118549512
1L1L_A	vhbe	0.184236980367
1L1L_A	mrsa	0.211763482789
1L1L_A	vrsa	0.0468975516413
1L1L_A	mwcn	1.44543106914
1L1L_A	vwcn	0.0870909845541
1L6P_A	nres	121
1L6P_A	nchains	1
1L6P_A	nssb	0
1L6P_A	asa	7306.4
1L6P_A	nhbon	81
1L6P_A	nhbps	0
1L6P_A	nhbas	52
1L6P_A	mhbe	-0.84194214876
1L6P_A	vhbe	0.339206765248
1L6P_A	mrsa	0.311672030408
1L6P_A	vrsa	0.0591775047706
1L6P_A	mwcn	0.732009115036
1L6P_A	vwcn	0.0168714021779
1L7N_A	nres	207
1L7N_A	nchains	3
1L7N_A	nssb	0
1L7N_A	asa	10165.4
1L7N_A	nhbon	153
1L7N_A	nhbps	28
1L7N_A	nhbas	10
1L7N_A	mhbe	-0.874154589372
1L7N_A	vhbe	0.166167763542
1L7N_A	mrsa	0.233742769116
1L7N_A	vrsa	0.0500661303214
1L7N_A	mwcn	0.984249836496
1L7N_A	vwcn	0.0261202025015
1L7Q_A	nres	571
1L7Q_A	nchains	1
1L7Q_A	nssb	0
1L7Q_A	asa	20802.3
1L7Q_A	nhbon	396
1L7Q_A	nhbps	44
1L7Q_A	nhbas	100
1L7Q_A	mhbe	-0.793169877408
1L7Q_A	vhbe	0.229922701439
1L7Q_A	mrsa	0.197246981083
1L7Q_A	vrsa	0.0464110032898
1L7Q_A	mwcn	1.39294406189
1L7Q_A	vwcn	0.0701533819902
1L8T_A	nres	263
1L8T_A	nchains	1
1L8T_A	nssb	0
1L8T_A	asa	14011.7
1L8T_A	nhbon	177
1L8T_A	nhbps	2
1L8T_A	nhbas	39
1L8T_A	mhbe	-0.770817490494
1L8T_A	vhbe	0.230733457185
1L8T_A	mrsa	0.261479606041
1L8T_A	vrsa	0.0567189316689
1L8T_A	mwcn	0.997926561401
1L8T_A	vwcn	0.0345272008924
1L9X_A	nres	288
1L9X_A	nchains	1
1L9X_A	nssb	0
1L9X_A	asa	13133.0
1L9X_A	nhbon	204
1L9X_A	nhbps	19
1L9X_A	nhbas	40
1L9X_A	mhbe	-0.802256944444
1L9X_A	vhbe	0.201978413146
1L9X_A	mrsa	0.222601962538
1L9X_A	vrsa	0.0555817935244
1L9X_A	mwcn	1.11201349383
1L9X_A	vwcn	0.0446671254018
1LBA_A	nres	146
1LBA_A	nchains	1
1LBA_A	nssb	0
1LBA_A	asa	8019.5
1LBA_A	nhbon	92
1LBA_A	nhbps	18
1LBA_A	nhbas	10
1LBA_A	mhbe	-0.747602739726
1LBA_A	vhbe	0.185670623006
1LBA_A	mrsa	0.279133892908
1LBA_A	vrsa	0.0635123523555
1LBA_A	mwcn	0.860213190819
1LBA_A	vwcn	0.0260871159512
1LDM_A	nres	329
1LDM_A	nchains	1
1LDM_A	nssb	0
1LDM_A	asa	16477.6
1LDM_A	nhbon	238
1LDM_A	nhbps	25
1LDM_A	nhbas	25
1LDM_A	mhbe	-0.803875379939
1LDM_A	vhbe	0.20136985985
1LDM_A	mrsa	0.25311802798
1LDM_A	vrsa	0.0553030410435
1LDM_A	mwcn	1.10324394378
1LDM_A	vwcn	0.0702402265186
1LJL_A	nres	130
1LJL_A	nchains	1
1LJL_A	nssb	0
1LJL_A	asa	7137.0
1LJL_A	nhbon	93
1LJL_A	nhbps	19
1LJL_A	nhbas	0
1LJL_A	mhbe	-0.707115384615
1LJL_A	vhbe	0.173829178994
1LJL_A	mrsa	0.273472458478
1LJL_A	vrsa	0.0622610614509
1LJL_A	mwcn	0.8341463734
1LJL_A	vwcn	0.0274817967976
1LVH_A	nres	220
1LVH_A	nchains	2
1LVH_A	nssb	0
1LVH_A	asa	11702.2
1LVH_A	nhbon	155
1LVH_A	nhbps	22
1LVH_A	nhbas	0
1LVH_A	mhbe	-0.811818181818
1LVH_A	vhbe	0.167996694215
1LVH_A	mrsa	0.273396503503
1LVH_A	vrsa	0.0570926323662
1LVH_A	mwcn	0.942361745597
1LVH_A	vwcn	0.0282205400592
1M53_A	nres	556
1M53_A	nchains	1
1M53_A	nssb	0
1M53_A	asa	22657.4
1M53_A	nhbon	366
1M53_A	nhbps	33
1M53_A	nhbas	51
1M53_A	mhbe	-0.739658273381
1M53_A	vhbe	0.205025692575
1M53_A	mrsa	0.199701060843
1M53_A	vrsa	0.0486798785332
1M53_A	mwcn	1.34764528737
1M53_A	vwcn	0.062245924967
1MBB_A	nres	340
1MBB_A	nchains	1
1MBB_A	nssb	0
1MBB_A	asa	16188.8
1MBB_A	nhbon	253
1MBB_A	nhbps	17
1MBB_A	nhbas	64
1MBB_A	mhbe	-0.82375
1MBB_A	vhbe	0.226349540441
1MBB_A	mrsa	0.238532732237
1MBB_A	vrsa	0.0484421896568
1MBB_A	mwcn	1.12153142104
1MBB_A	vwcn	0.0393788795378
1MJ9_A	nres	273
1MJ9_A	nchains	1
1MJ9_A	nssb	0
1MJ9_A	asa	15547.9
1MJ9_A	nhbon	178
1MJ9_A	nhbps	8
1MJ9_A	nhbas	47
1MJ9_A	mhbe	-0.778937728938
1MJ9_A	vhbe	0.230375977807
1MJ9_A	mrsa	0.27269633485
1MJ9_A	vrsa	0.0570135595762
1MJ9_A	mwcn	0.979776156117
1MJ9_A	vwcn	0.0373851298903
1MLA_A	nres	305
1MLA_A	nchains	1
1MLA_A	nssb	0
1MLA_A	asa	12514.4
1MLA_A	nhbon	232
1MLA_A	nhbps	20
1MLA_A	nhbas	24
1MLA_A	mhbe	-0.861721311475
1MLA_A	vhbe	0.168786791185
1MLA_A	mrsa	0.223042320008
1MLA_A	vrsa	0.0482285773165
1MLA_A	mwcn	1.1392437807
1MLA_A	vwcn	0.0398159711467
1MRQ_A	nres	323
1MRQ_A	nchains	1
1MRQ_A	nssb	0
1MRQ_A	asa	14612.1
1MRQ_A	nhbon	212
1MRQ_A	nhbps	37
1MRQ_A	nhbas	10
1MRQ_A	mhbe	-0.730417956656
1MRQ_A	vhbe	0.176921110142
1MRQ_A	mrsa	0.225280100738
1MRQ_A	vrsa	0.0523756383251
1MRQ_A	mwcn	1.13302319994
1MRQ_A	vwcn	0.046819157325
1MUD_A	nres	225
1MUD_A	nchains	1
1MUD_A	nssb	0
1MUD_A	asa	11209.3
1MUD_A	nhbon	145
1MUD_A	nhbps	0
1MUD_A	nhbas	0
1MUD_A	mhbe	-0.776222222222
1MUD_A	vhbe	0.179967950617
1MUD_A	mrsa	0.25471393492
1MUD_A	vrsa	0.0496469085808
1MUD_A	mwcn	0.967621594433
1MUD_A	vwcn	0.0276341678083
1MUG_A	nres	165
1MUG_A	nchains	1
1MUG_A	nssb	0
1MUG_A	asa	8774.6
1MUG_A	nhbon	107
1MUG_A	nhbps	17
1MUG_A	nhbas	10
1MUG_A	mhbe	-0.744393939394
1MUG_A	vhbe	0.209245087236
1MUG_A	mrsa	0.268081748692
1MUG_A	vrsa	0.0597723330922
1MUG_A	mwcn	0.913150377565
1MUG_A	vwcn	0.0241780011201
1NDH_A	nres	270
1NDH_A	nchains	1
1NDH_A	nssb	0
1NDH_A	asa	14395.8
1NDH_A	nhbon	173
1NDH_A	nhbps	30
1NDH_A	nhbas	43
1NDH_A	mhbe	-0.74212962963
1NDH_A	vhbe	0.271579260974
1NDH_A	mrsa	0.265716464023
1NDH_A	vrsa	0.053279487051
1NDH_A	mwcn	1.01536564875
1NDH_A	vwcn	0.0357829427957
1NDI_A	nres	596
1NDI_A	nchains	1
1NDI_A	nssb	0
1NDI_A	asa	25930.2
1NDI_A	nhbon	413
1NDI_A	nhbps	22
1NDI_A	nhbas	56
1NDI_A	mhbe	-0.725503355705
1NDI_A	vhbe	0.172944377506
1NDI_A	mrsa	0.216639155813
1NDI_A	vrsa	0.0518742775242
1NDI_A	mwcn	1.34924726517
1NDI_A	vwcn	0.073854937178
1NLU_A	nres	368
1NLU_A	nchains	1
1NLU_A	nssb	0
1NLU_A	asa	13127.4
1NLU_A	nhbon	261
1NLU_A	nhbps	44
1NLU_A	nhbas	37
1NLU_A	mhbe	-0.84035326087
1NLU_A	vhbe	0.21812704912
1NLU_A	mrsa	0.202367661701
1NLU_A	vrsa	0.0494023583974
1NLU_A	mwcn	1.29680661423
1NLU_A	vwcn	0.0729506536257
1O8A_A	nres	574
1O8A_A	nchains	2
1O8A_A	nssb	0
1O8A_A	asa	23516.5
1O8A_A	nhbon	415
1O8A_A	nhbps	5
1O8A_A	nhbas	9
1O8A_A	mhbe	-0.822952961672
1O8A_A	vhbe	0.161810922875
1O8A_A	mrsa	0.206484394574
1O8A_A	vrsa	0.0434829932687
1O8A_A	mwcn	1.3519876038
1O8A_A	vwcn	0.0557332556016
1O98_A	nres	509
1O98_A	nchains	1
1O98_A	nssb	0
1O98_A	asa	20044.8
1O98_A	nhbon	353
1O98_A	nhbps	58
1O98_A	nhbas	19
1O98_A	mhbe	-0.79047151277
1O98_A	vhbe	0.205611565495
1O98_A	mrsa	0.195490014082
1O98_A	vrsa	0.0490103303143
1O98_A	mwcn	1.35094525331
1O98_A	vwcn	0.0633286218838
1OG1_A	nres	223
1OG1_A	nchains	1
1OG1_A	nssb	0
1OG1_A	asa	11033.5
1OG1_A	nhbon	150
1OG1_A	nhbps	9
1OG1_A	nhbas	30
1OG1_A	mhbe	-0.789798206278
1OG1_A	vhbe	0.250145362867
1OG1_A	mrsa	0.246031184483
1OG1_A	vrsa	0.049907430842
1OG1_A	mwcn	0.993051871154
1OG1_A	vwcn	0.0312206121165
1OGO_X	nres	572
1OGO_X	nchains	1
1OGO_X	nssb	0
1OGO_X	asa	19977.6
1OGO_X	nhbon	384
1OGO_X	nhbps	160
1OGO_X	nhbas	64
1OGO_X	mhbe	-0.740646853147
1OGO_X	vhbe	0.239838217945
1OGO_X	mrsa	0.196499601743
1OGO_X	vrsa	0.048331923982
1OGO_X	mwcn	1.41066520665
1OGO_X	vwcn	0.0762216234309
1OJ4_A	nres	277
1OJ4_A	nchains	6
1OJ4_A	nssb	0
1OJ4_A	asa	13223.6
1OJ4_A	nhbon	181
1OJ4_A	nhbps	6
1OJ4_A	nhbas	58
1OJ4_A	mhbe	-0.799277978339
1OJ4_A	vhbe	0.225617709732
1OJ4_A	mrsa	0.244570270305
1OJ4_A	vrsa	0.058499076035
1OJ4_A	mwcn	1.05703165886
1OJ4_A	vwcn	0.044075302487
1ONR_A	nres	316
1ONR_A	nchains	1
1ONR_A	nssb	0
1ONR_A	asa	14035.1
1ONR_A	nhbon	242
1ONR_A	nhbps	36
1ONR_A	nhbas	2
1ONR_A	mhbe	-0.90253164557
1ONR_A	vhbe	0.175179508492
1ONR_A	mrsa	0.220534080448
1ONR_A	vrsa	0.0483894637792
1ONR_A	mwcn	1.13039848994
1ONR_A	vwcn	0.0507227542174
1OPM_A	nres	310
1OPM_A	nchains	1
1OPM_A	nssb	0
1OPM_A	asa	14657.3
1OPM_A	nhbon	200
1OPM_A	nhbps	12
1OPM_A	nhbas	118
1OPM_A	mhbe	-0.766370967742
1OPM_A	vhbe	0.277129168835
1OPM_A	mrsa	0.243976785894
1OPM_A	vrsa	0.0532450237001
1OPM_A	mwcn	1.08187950542
1OPM_A	vwcn	0.0410436455297
1OXA_A	nres	403
1OXA_A	nchains	1
1OXA_A	nssb	0
1OXA_A	asa	17813.2
1OXA_A	nhbon	284
1OXA_A	nhbps	7
1OXA_A	nhbas	31
1OXA_A	mhbe	-0.807009925558
1OXA_A	vhbe	0.197790501142
1OXA_A	mrsa	0.23276565374
1OXA_A	vrsa	0.0521125908802
1OXA_A	mwcn	1.19693675003
1OXA_A	vwcn	0.0461990167907
1OYG_A	nres	440
1OYG_A	nchains	1
1OYG_A	nssb	0
1OYG_A	asa	17633.8
1OYG_A	nhbon	288
1OYG_A	nhbps	10
1OYG_A	nhbas	134
1OYG_A	mhbe	-0.75375
1OYG_A	vhbe	0.222375142045
1OYG_A	mrsa	0.204080984422
1OYG_A	vrsa	0.0481053782737
1OYG_A	mwcn	1.29752329874
1OYG_A	vwcn	0.0656510682047
1P1X_A	nres	250
1P1X_A	nchains	1
1P1X_A	nssb	0
1P1X_A	asa	10755.3
1P1X_A	nhbon	188
1P1X_A	nhbps	35
1P1X_A	nhbas	3
1P1X_A	mhbe	-0.8966
1P1X_A	vhbe	0.17031844
1P1X_A	mrsa	0.222243037271
1P1X_A	vrsa	0.0512513612347
1P1X_A	mwcn	1.08790415447
1P1X_A	vwcn	0.0414637610549
1P3D_A	nres	449
1P3D_A	nchains	15
1P3D_A	nssb	0
1P3D_A	asa	20873.3
1P3D_A	nhbon	314
1P3D_A	nhbps	54
1P3D_A	nhbas	35
1P3D_A	mhbe	-0.814309576837
1P3D_A	vhbe	0.221628476545
1P3D_A	mrsa	0.237668805649
1P3D_A	vrsa	0.0512798802436
1P3D_A	mwcn	1.2306984678
1P3D_A	vwcn	0.052209166296
1P5D_X	nres	454
1P5D_X	nchains	2
1P5D_X	nssb	0
1P5D_X	asa	17491.5
1P5D_X	nhbon	335
1P5D_X	nhbps	44
1P5D_X	nhbas	58
1P5D_X	mhbe	-0.838546255507
1P5D_X	vhbe	0.187104494556
1P5D_X	mrsa	0.199645018105
1P5D_X	vrsa	0.0452343261752
1P5D_X	mwcn	1.2916834553
1P5D_X	vwcn	0.0565057814346
1PA9_A	nres	279
1PA9_A	nchains	2
1PA9_A	nssb	0
1PA9_A	asa	12390.8
1PA9_A	nhbon	192
1PA9_A	nhbps	12
1PA9_A	nhbas	39
1PA9_A	mhbe	-0.809050179211
1PA9_A	vhbe	0.230574456263
1PA9_A	mrsa	0.236555701881
1PA9_A	vrsa	0.0568698587714
1PA9_A	mwcn	1.07815159747
1PA9_A	vwcn	0.0501013576737
1PII_A	nres	452
1PII_A	nchains	1
1PII_A	nssb	0
1PII_A	asa	19485.5
1PII_A	nhbon	347
1PII_A	nhbps	76
1PII_A	nhbas	10
1PII_A	mhbe	-0.857466814159
1PII_A	vhbe	0.225512554208
1PII_A	mrsa	0.223651447961
1PII_A	vrsa	0.0520795184133
1PII_A	mwcn	1.21344197777
1PII_A	vwcn	0.0484840050214
1PKN_A	nres	514
1PKN_A	nchains	2
1PKN_A	nssb	0
1PKN_A	asa	23539.0
1PKN_A	nhbon	352
1PKN_A	nhbps	56
1PKN_A	nhbas	34
1PKN_A	mhbe	-0.749562256809
1PKN_A	vhbe	0.215616296708
1PKN_A	mrsa	0.231674832277
1PKN_A	vrsa	0.0500554034753
1PKN_A	mwcn	1.29127129902
1PKN_A	vwcn	0.0655362971656
1PMI_A	nres	440
1PMI_A	nchains	1
1PMI_A	nssb	0
1PMI_A	asa	18638.3
1PMI_A	nhbon	300
1PMI_A	nhbps	0
1PMI_A	nhbas	114
1PMI_A	mhbe	-0.850738636364
1PMI_A	vhbe	0.237688374871
1PMI_A	mrsa	0.21786162859
1PMI_A	vrsa	0.049116272135
1PMI_A	mwcn	1.22018928519
1PMI_A	vwcn	0.0471958903522
1PP4_A	nres	233
1PP4_A	nchains	1
1PP4_A	nssb	0
1PP4_A	asa	10051.8
1PP4_A	nhbon	153
1PP4_A	nhbps	22
1PP4_A	nhbas	8
1PP4_A	mhbe	-0.745708154506
1PP4_A	vhbe	0.202272352594
1PP4_A	mrsa	0.241124175574
1PP4_A	vrsa	0.0504116388384
1PP4_A	mwcn	1.02407210549
1PP4_A	vwcn	0.0407944604432
1PS9_A	nres	671
1PS9_A	nchains	1
1PS9_A	nssb	0
1PS9_A	asa	26273.3
1PS9_A	nhbon	457
1PS9_A	nhbps	90
1PS9_A	nhbas	22
1PS9_A	mhbe	-0.753800298063
1PS9_A	vhbe	0.208521325246
1PS9_A	mrsa	0.203106323326
1PS9_A	vrsa	0.0445176456206
1PS9_A	mwcn	1.42655605061
1PS9_A	vwcn	0.0686745761121
1PTD_A	nres	296
1PTD_A	nchains	1
1PTD_A	nssb	0
1PTD_A	asa	12591.8
1PTD_A	nhbon	191
1PTD_A	nhbps	33
1PTD_A	nhbas	17
1PTD_A	mhbe	-0.703293918919
1PTD_A	vhbe	0.206405957531
1PTD_A	mrsa	0.209858954353
1PTD_A	vrsa	0.0464203663375
1PTD_A	mwcn	1.12040939981
1PTD_A	vwcn	0.0402045476258
1PUD_A	nres	372
1PUD_A	nchains	1
1PUD_A	nssb	0
1PUD_A	asa	15443.7
1PUD_A	nhbon	261
1PUD_A	nhbps	30
1PUD_A	nhbas	33
1PUD_A	mhbe	-0.833400537634
1PUD_A	vhbe	0.208728154086
1PUD_A	mrsa	0.207930213013
1PUD_A	vrsa	0.0459956934797
1PUD_A	mwcn	1.20276544631
1PUD_A	vwcn	0.0461395118095
1PYL_A	nres	95
1PYL_A	nchains	1
1PYL_A	nssb	0
1PYL_A	asa	6029.1
1PYL_A	nhbon	49
1PYL_A	nhbps	5
1PYL_A	nhbas	16
1PYL_A	mhbe	-0.632105263158
1PYL_A	vhbe	0.226561357341
1PYL_A	mrsa	0.333365175338
1PYL_A	vrsa	0.0659278846895
1PYL_A	mwcn	0.690482651071
1PYL_A	vwcn	0.020013017505
1Q91_A	nres	194
1Q91_A	nchains	1
1Q91_A	nssb	0
1Q91_A	asa	10593.4
1Q91_A	nhbon	128
1Q91_A	nhbps	24
1Q91_A	nhbas	2
1Q91_A	mhbe	-0.694201030928
1Q91_A	vhbe	0.216103614226
1Q91_A	mrsa	0.270547084653
1Q91_A	vrsa	0.056409736215
1Q91_A	mwcn	0.889175436494
1Q91_A	vwcn	0.0259225276428
1QAM_A	nres	235
1QAM_A	nchains	1
1QAM_A	nssb	0
1QAM_A	asa	12897.4
1QAM_A	nhbon	175
1QAM_A	nhbps	22
1QAM_A	nhbas	20
1QAM_A	mhbe	-0.832765957447
1QAM_A	vhbe	0.203282775011
1QAM_A	mrsa	0.25938879745
1QAM_A	vrsa	0.054458000898
1QAM_A	mwcn	0.933561154107
1QAM_A	vwcn	0.0273742253211
1QAZ_A	nres	351
1QAZ_A	nchains	1
1QAZ_A	nssb	0
1QAZ_A	asa	15061.2
1QAZ_A	nhbon	235
1QAZ_A	nhbps	0
1QAZ_A	nhbas	6
1QAZ_A	mhbe	-0.695227920228
1QAZ_A	vhbe	0.147425589078
1QAZ_A	mrsa	0.221638370862
1QAZ_A	vrsa	0.0507461405993
1QAZ_A	mwcn	1.15177622802
1QAZ_A	vwcn	0.0602580608889
1QBA_A	nres	858
1QBA_A	nchains	1
1QBA_A	nssb	0
1QBA_A	asa	32002.7
1QBA_A	nhbon	548
1QBA_A	nhbps	65
1QBA_A	nhbas	98
1QBA_A	mhbe	-0.739889277389
1QBA_A	vhbe	0.21089209147
1QBA_A	mrsa	0.195380567992
1QBA_A	vrsa	0.0451752951141
1QBA_A	mwcn	1.53591467954
1QBA_A	vwcn	0.0882689371974
1QFM_A	nres	705
1QFM_A	nchains	6
1QFM_A	nssb	0
1QFM_A	asa	28297.6
1QFM_A	nhbon	477
1QFM_A	nhbps	29
1QFM_A	nhbas	154
1QFM_A	mhbe	-0.786170212766
1QFM_A	vhbe	0.250769729893
1QFM_A	mrsa	0.20187079762
1QFM_A	vrsa	0.0439848429087
1QFM_A	mwcn	1.44086070746
1QFM_A	vwcn	0.0689519794462
1QGX_A	nres	354
1QGX_A	nchains	1
1QGX_A	nssb	0
1QGX_A	asa	14789.8
1QGX_A	nhbon	240
1QGX_A	nhbps	12
1QGX_A	nhbas	54
1QGX_A	mhbe	-0.820833333333
1QGX_A	vhbe	0.225079743409
1QGX_A	mrsa	0.211925899328
1QGX_A	vrsa	0.053658398137
1QGX_A	mwcn	1.22177211172
1QGX_A	vwcn	0.062530240288
1QJE_A	nres	327
1QJE_A	nchains	1
1QJE_A	nssb	0
1QJE_A	asa	14474.2
1QJE_A	nhbon	223
1QJE_A	nhbps	8
1QJE_A	nhbas	57
1QJE_A	mhbe	-0.801758409786
1QJE_A	vhbe	0.233240409524
1QJE_A	mrsa	0.227120745618
1QJE_A	vrsa	0.0494568150004
1QJE_A	mwcn	1.12148941125
1QJE_A	vwcn	0.0436001692319
1QK2_A	nres	363
1QK2_A	nchains	1
1QK2_A	nssb	0
1QK2_A	asa	14201.8
1QK2_A	nhbon	245
1QK2_A	nhbps	34
1QK2_A	nhbas	6
1QK2_A	mhbe	-0.727134986226
1QK2_A	vhbe	0.17916727379
1QK2_A	mrsa	0.217615501011
1QK2_A	vrsa	0.0490141409973
1QK2_A	mwcn	1.2168123909
1QK2_A	vwcn	0.0473269452433
1QWN_A	nres	1014
1QWN_A	nchains	1
1QWN_A	nssb	0
1QWN_A	asa	37130.7
1QWN_A	nhbon	664
1QWN_A	nhbps	48
1QWN_A	nhbas	207
1QWN_A	mhbe	-0.772140039448
1QWN_A	vhbe	0.24797505534
1QWN_A	mrsa	0.185896642598
1QWN_A	vrsa	0.0459199104126
1QWN_A	mwcn	1.65027668625
1QWN_A	vwcn	0.111613479904
1R1J_A	nres	696
1R1J_A	nchains	1
1R1J_A	nssb	0
1R1J_A	asa	29315.0
1R1J_A	nhbon	507
1R1J_A	nhbps	12
1R1J_A	nhbas	25
1R1J_A	mhbe	-0.814367816092
1R1J_A	vhbe	0.171289614711
1R1J_A	mrsa	0.209357826862
1R1J_A	vrsa	0.0439657911797
1R1J_A	mwcn	1.40491530096
1R1J_A	vwcn	0.0525424717138
1R44_A	nres	202
1R44_A	nchains	1
1R44_A	nssb	0
1R44_A	asa	9463.8
1R44_A	nhbon	123
1R44_A	nhbps	5
1R44_A	nhbas	22
1R44_A	mhbe	-0.7375
1R44_A	vhbe	0.22005105198
1R44_A	mrsa	0.233835196989
1R44_A	vrsa	0.0495197979434
1R44_A	mwcn	0.976518381722
1R44_A	vwcn	0.0292735801601
1R4Z_A	nres	179
1R4Z_A	nchains	1
1R4Z_A	nssb	0
1R4Z_A	asa	8014.2
1R4Z_A	nhbon	126
1R4Z_A	nhbps	30
1R4Z_A	nhbas	2
1R4Z_A	mhbe	-0.84594972067
1R4Z_A	vhbe	0.21569937736
1R4Z_A	mrsa	0.228272241371
1R4Z_A	vrsa	0.0515174734657
1R4Z_A	mwcn	0.988395687152
1R4Z_A	vwcn	0.0343013878369
1RBN_A	nres	124
1RBN_A	nchains	1
1RBN_A	nssb	0
1RBN_A	asa	6933.9
1RBN_A	nhbon	75
1RBN_A	nhbps	2
1RBN_A	nhbas	32
1RBN_A	mhbe	-0.806653225806
1RBN_A	vhbe	0.276230936199
1RBN_A	mrsa	0.296779601681
1RBN_A	vrsa	0.0553603656113
1RBN_A	mwcn	0.779727248148
1RBN_A	vwcn	0.0195489525522
1RDD_A	nres	155
1RDD_A	nchains	1
1RDD_A	nssb	0
1RDD_A	asa	9055.8
1RDD_A	nhbon	110
1RDD_A	nhbps	12
1RDD_A	nhbas	21
1RDD_A	mhbe	-0.775483870968
1RDD_A	vhbe	0.237463475546
1RDD_A	mrsa	0.282846137096
1RDD_A	vrsa	0.057897794433
1RDD_A	mwcn	0.875364527621
1RDD_A	vwcn	0.0343288353425
1RU4_A	nres	400
1RU4_A	nchains	1
1RU4_A	nssb	0
1RU4_A	asa	15299.2
1RU4_A	nhbon	264
1RU4_A	nhbps	123
1RU4_A	nhbas	6
1RU4_A	mhbe	-0.7709375
1RU4_A	vhbe	0.227666308594
1RU4_A	mrsa	0.207088703783
1RU4_A	vrsa	0.0477929922271
1RU4_A	mwcn	1.26935084782
1RU4_A	vwcn	0.0698959070349
1S3I_A	nres	307
1S3I_A	nchains	1
1S3I_A	nssb	0
1S3I_A	asa	14935.6
1S3I_A	nhbon	199
1S3I_A	nhbps	23
1S3I_A	nhbas	49
1S3I_A	mhbe	-0.758143322476
1S3I_A	vhbe	0.229151927341
1S3I_A	mrsa	0.250028837491
1S3I_A	vrsa	0.0546001033615
1S3I_A	mwcn	1.03695720905
1S3I_A	vwcn	0.0374751639461
1S95_A	nres	324
1S95_A	nchains	1
1S95_A	nssb	0
1S95_A	asa	13679.7
1S95_A	nhbon	212
1S95_A	nhbps	25
1S95_A	nhbas	31
1S95_A	mhbe	-0.791512345679
1S95_A	vhbe	0.225784441206
1S95_A	mrsa	0.211285071111
1S95_A	vrsa	0.0511274986351
1S95_A	mwcn	1.176974276
1S95_A	vwcn	0.0536327830598
1SCA_A	nres	274
1SCA_A	nchains	1
1SCA_A	nssb	0
1SCA_A	asa	10153.0
1SCA_A	nhbon	189
1SCA_A	nhbps	35
1SCA_A	nhbas	12
1SCA_A	mhbe	-0.822627737226
1SCA_A	vhbe	0.215975211785
1SCA_A	mrsa	0.209652667825
1SCA_A	vrsa	0.0503700633677
1SCA_A	mwcn	1.20619358614
1SCA_A	vwcn	0.0559626291489
1SLL_A	nres	679
1SLL_A	nchains	1
1SLL_A	nssb	0
1SLL_A	asa	25542.5
1SLL_A	nhbon	417
1SLL_A	nhbps	5
1SLL_A	nhbas	248
1SLL_A	mhbe	-0.753865979381
1SLL_A	vhbe	0.253557403246
1SLL_A	mrsa	0.199650646019
1SLL_A	vrsa	0.0437419652189
1SLL_A	mwcn	1.41884965776
1SLL_A	vwcn	0.0776795251367
1SML_A	nres	266
1SML_A	nchains	1
1SML_A	nssb	0
1SML_A	asa	12167.4
1SML_A	nhbon	177
1SML_A	nhbps	17
1SML_A	nhbas	39
1SML_A	mhbe	-0.798966165414
1SML_A	vhbe	0.231274777051
1SML_A	mrsa	0.246407137286
1SML_A	vrsa	0.0614307316932
1SML_A	mwcn	1.06992970938
1SML_A	vwcn	0.0530439291086
1SNZ_A	nres	344
1SNZ_A	nchains	1
1SNZ_A	nssb	0
1SNZ_A	asa	14106.0
1SNZ_A	nhbon	238
1SNZ_A	nhbps	2
1SNZ_A	nhbas	139
1SNZ_A	mhbe	-0.86039244186
1SNZ_A	vhbe	0.310380732617
1SNZ_A	mrsa	0.212840169047
1SNZ_A	vrsa	0.0507986610914
1SNZ_A	mwcn	1.19193944998
1SNZ_A	vwcn	0.0463152270468
1TAH_B	nres	318
1TAH_B	nchains	1
1TAH_B	nssb	0
1TAH_B	asa	12859.1
1TAH_B	nhbon	223
1TAH_B	nhbps	28
1TAH_B	nhbas	19
1TAH_B	mhbe	-0.8
1TAH_B	vhbe	0.177507861635
1TAH_B	mrsa	0.224054754092
1TAH_B	vrsa	0.052667368204
1TAH_B	mwcn	1.18434434477
1TAH_B	vwcn	0.0554747486971
1TLP_E	nres	316
1TLP_E	nchains	1
1TLP_E	nssb	0
1TLP_E	asa	12897.6
1TLP_E	nhbon	225
1TLP_E	nhbps	15
1TLP_E	nhbas	34
1TLP_E	mhbe	-0.817405063291
1TLP_E	vhbe	0.206868740987
1TLP_E	mrsa	0.21526332908
1TLP_E	vrsa	0.0473521348836
1TLP_E	mwcn	1.15002278096
1TLP_E	vwcn	0.0440517446473
1U3F_A	nres	164
1U3F_A	nchains	1
1U3F_A	nssb	0
1U3F_A	asa	9158.1
1U3F_A	nhbon	96
1U3F_A	nhbps	17
1U3F_A	nhbas	11
1U3F_A	mhbe	-0.698475609756
1U3F_A	vhbe	0.223976334771
1U3F_A	mrsa	0.27244363397
1U3F_A	vrsa	0.0533112983548
1U3F_A	mwcn	0.84622361951
1U3F_A	vwcn	0.0208158594494
1U5U_A	nres	366
1U5U_A	nchains	1
1U5U_A	nssb	0
1U5U_A	asa	16608.9
1U5U_A	nhbon	235
1U5U_A	nhbps	0
1U5U_A	nhbas	62
1U5U_A	mhbe	-0.739139344262
1U5U_A	vhbe	0.201953425938
1U5U_A	mrsa	0.227575025788
1U5U_A	vrsa	0.0448762964493
1U5U_A	mwcn	1.16454035053
1U5U_A	vwcn	0.0477935915391
1UAS_A	nres	362
1UAS_A	nchains	1
1UAS_A	nssb	0
1UAS_A	asa	13798.6
1UAS_A	nhbon	250
1UAS_A	nhbps	31
1UAS_A	nhbas	48
1UAS_A	mhbe	-0.825690607735
1UAS_A	vhbe	0.234029219194
1UAS_A	mrsa	0.202428151078
1UAS_A	vrsa	0.0458546806754
1UAS_A	mwcn	1.2022962963
1UAS_A	vwcn	0.0480299199495
1UN1_A	nres	267
1UN1_A	nchains	1
1UN1_A	nssb	0
1UN1_A	asa	12425.3
1UN1_A	nhbon	172
1UN1_A	nhbps	0
1UN1_A	nhbas	93
1UN1_A	mhbe	-0.772846441948
1UN1_A	vhbe	0.254370362188
1UN1_A	mrsa	0.228782770591
1UN1_A	vrsa	0.0517457723125
1UN1_A	mwcn	1.04073867665
1UN1_A	vwcn	0.0377182808932
1VID_A	nres	213
1VID_A	nchains	1
1VID_A	nssb	0
1VID_A	asa	9657.7
1VID_A	nhbon	157
1VID_A	nhbps	24
1VID_A	nhbas	15
1VID_A	mhbe	-0.861854460094
1VID_A	vhbe	0.200607711213
1VID_A	mrsa	0.229853541672
1VID_A	vrsa	0.0542501197932
1VID_A	mwcn	0.986259207693
1VID_A	vwcn	0.0274798023813
1VLB_A	nres	907
1VLB_A	nchains	1
1VLB_A	nssb	0
1VLB_A	asa	29956.3
1VLB_A	nhbon	598
1VLB_A	nhbps	37
1VLB_A	nhbas	133
1VLB_A	mhbe	-0.798897464168
1VLB_A	vhbe	0.217633845054
1VLB_A	mrsa	0.173059545832
1VLB_A	vrsa	0.0420219344838
1VLB_A	mwcn	1.67792600776
1VLB_A	vwcn	0.124141197524
1VNC_A	nres	576
1VNC_A	nchains	1
1VNC_A	nssb	0
1VNC_A	asa	22847.8
1VNC_A	nhbon	342
1VNC_A	nhbps	4
1VNC_A	nhbas	33
1VNC_A	mhbe	-0.681206597222
1VNC_A	vhbe	0.194912650026
1VNC_A	mrsa	0.207337209762
1VNC_A	vrsa	0.0529334955805
1VNC_A	mwcn	1.40638639435
1VNC_A	vwcn	0.0915620837831
1VQ1_A	nres	263
1VQ1_A	nchains	5
1VQ1_A	nssb	0
1VQ1_A	asa	14141.8
1VQ1_A	nhbon	175
1VQ1_A	nhbps	16
1VQ1_A	nhbas	11
1VQ1_A	mhbe	-0.744296577947
1VQ1_A	vhbe	0.203066330292
1VQ1_A	mrsa	0.269250714111
1VQ1_A	vrsa	0.0560970494723
1VQ1_A	mwcn	0.972747396701
1VQ1_A	vwcn	0.0351969347317
1W0H_A	nres	194
1W0H_A	nchains	6
1W0H_A	nssb	0
1W0H_A	asa	10351.4
1W0H_A	nhbon	122
1W0H_A	nhbps	12
1W0H_A	nhbas	18
1W0H_A	mhbe	-0.75824742268
1W0H_A	vhbe	0.202296670741
1W0H_A	mrsa	0.260748300044
1W0H_A	vrsa	0.0501744912533
1W0H_A	mwcn	0.905546696002
1W0H_A	vwcn	0.0289814159551
1XQW_A	nres	290
1XQW_A	nchains	1
1XQW_A	nssb	0
1XQW_A	asa	12739.3
1XQW_A	nhbon	220
1XQW_A	nhbps	28
1XQW_A	nhbas	14
1XQW_A	mhbe	-0.87974137931
1XQW_A	vhbe	0.221294329667
1XQW_A	mrsa	0.212559951761
1XQW_A	vrsa	0.0507330803849
1XQW_A	mwcn	1.13254170674
1XQW_A	vwcn	0.0467838013511
1Y9M_A	nres	517
1Y9M_A	nchains	1
1Y9M_A	nssb	0
1Y9M_A	asa	19188.7
1Y9M_A	nhbon	320
1Y9M_A	nhbps	7
1Y9M_A	nhbas	200
1Y9M_A	mhbe	-0.771856866538
1Y9M_A	vhbe	0.273642200016
1Y9M_A	mrsa	0.199403886448
1Y9M_A	vrsa	0.048110627634
1Y9M_A	mwcn	1.36120743952
1Y9M_A	vwcn	0.0732727975609
1YON_A	nres	292
1YON_A	nchains	1
1YON_A	nssb	0
1YON_A	asa	13455.4
1YON_A	nhbon	221
1YON_A	nhbps	29
1YON_A	nhbas	20
1YON_A	mhbe	-0.851113013699
1YON_A	vhbe	0.206302271474
1YON_A	mrsa	0.233008991337
1YON_A	vrsa	0.049532255008
1YON_A	mwcn	1.08011753096
1YON_A	vwcn	0.0331853989235
1YSC_A	nres	421
1YSC_A	nchains	1
1YSC_A	nssb	0
1YSC_A	asa	17268.8
1YSC_A	nhbon	290
1YSC_A	nhbps	29
1YSC_A	nhbas	30
1YSC_A	mhbe	-0.756591448931
1YSC_A	vhbe	0.221831552801
1YSC_A	mrsa	0.210708491748
1YSC_A	vrsa	0.0483853874179
1YSC_A	mwcn	1.27228272687
1YSC_A	vwcn	0.0589448950644
1ZE1_A	nres	308
1ZE1_A	nchains	1
1ZE1_A	nssb	0
1ZE1_A	asa	16239.1
1ZE1_A	nhbon	200
1ZE1_A	nhbps	12
1ZE1_A	nhbas	75
1ZE1_A	mhbe	-0.740016233766
1ZE1_A	vhbe	0.226192938048
1ZE1_A	mrsa	0.250184883891
1ZE1_A	vrsa	0.0506828438449
1ZE1_A	mwcn	0.991889650077
1ZE1_A	vwcn	0.030944022733
1ZIO_A	nres	217
1ZIO_A	nchains	1
1ZIO_A	nssb	0
1ZIO_A	asa	11319.7
1ZIO_A	nhbon	163
1ZIO_A	nhbps	20
1ZIO_A	nhbas	11
1ZIO_A	mhbe	-0.814285714286
1ZIO_A	vhbe	0.188424950625
1ZIO_A	mrsa	0.266387501044
1ZIO_A	vrsa	0.0495322624056
1ZIO_A	mwcn	0.937469966851
1ZIO_A	vwcn	0.0246548826962
206L_A	nres	162
206L_A	nchains	1
206L_A	nssb	0
206L_A	asa	8975.8
206L_A	nhbon	118
206L_A	nhbps	0
206L_A	nhbas	13
206L_A	mhbe	-0.841512345679
206L_A	vhbe	0.136559904169
206L_A	mrsa	0.272706665607
206L_A	vrsa	0.046952988811
206L_A	mwcn	0.849531677701
206L_A	vwcn	0.0164132430403
2A0N_A	nres	251
2A0N_A	nchains	1
2A0N_A	nssb	0
2A0N_A	asa	11981.5
2A0N_A	nhbon	197
2A0N_A	nhbps	43
2A0N_A	nhbas	14
2A0N_A	mhbe	-0.882071713147
2A0N_A	vhbe	0.182158656212
2A0N_A	mrsa	0.237363758152
2A0N_A	vrsa	0.0568275078851
2A0N_A	mwcn	1.06078717202
2A0N_A	vwcn	0.0353390327658
2ABK_A	nres	211
2ABK_A	nchains	1
2ABK_A	nssb	0
2ABK_A	asa	11064.4
2ABK_A	nhbon	136
2ABK_A	nhbps	0
2ABK_A	nhbas	0
2ABK_A	mhbe	-0.760426540284
2ABK_A	vhbe	0.18366498394
2ABK_A	mrsa	0.264016326672
2ABK_A	vrsa	0.0498976403832
2ABK_A	mwcn	0.908897830048
2ABK_A	vwcn	0.0201224541956
2ACY_A	nres	98
2ACY_A	nchains	1
2ACY_A	nssb	0
2ACY_A	asa	5894.4
2ACY_A	nhbon	67
2ACY_A	nhbps	5
2ACY_A	nhbas	27
2ACY_A	mhbe	-0.832142857143
2ACY_A	vhbe	0.228954081633
2ACY_A	mrsa	0.297146024253
2ACY_A	vrsa	0.0598967548709
2ACY_A	mwcn	0.748776360889
2ACY_A	vwcn	0.0163690551811
2AYH_A	nres	214
2AYH_A	nchains	1
2AYH_A	nssb	0
2AYH_A	asa	9583.0
2AYH_A	nhbon	138
2AYH_A	nhbps	3
2AYH_A	nhbas	93
2AYH_A	mhbe	-0.806074766355
2AYH_A	vhbe	0.274075246746
2AYH_A	mrsa	0.241399195789
2AYH_A	vrsa	0.0510991456595
2AYH_A	mwcn	0.989065392271
2AYH_A	vwcn	0.034372157221
2CPO_A	nres	298
2CPO_A	nchains	1
2CPO_A	nssb	0
2CPO_A	asa	13216.9
2CPO_A	nhbon	160
2CPO_A	nhbps	2
2CPO_A	nhbas	11
2CPO_A	mhbe	-0.606208053691
2CPO_A	vhbe	0.174898540606
2CPO_A	mrsa	0.248324620888
2CPO_A	vrsa	0.0515233943567
2CPO_A	mwcn	1.07479636186
2CPO_A	vwcn	0.0384916170875
2CPU_A	nres	495
2CPU_A	nchains	1
2CPU_A	nssb	0
2CPU_A	asa	18282.5
2CPU_A	nhbon	316
2CPU_A	nhbps	36
2CPU_A	nhbas	67
2CPU_A	mhbe	-0.737272727273
2CPU_A	vhbe	0.215961753903
2CPU_A	mrsa	0.196231529973
2CPU_A	vrsa	0.0467026198929
2CPU_A	mwcn	1.29981981743
2CPU_A	vwcn	0.0553483519796
2DLN_A	nres	306
2DLN_A	nchains	1
2DLN_A	nssb	0
2DLN_A	asa	13349.5
2DLN_A	nhbon	204
2DLN_A	nhbps	16
2DLN_A	nhbas	42
2DLN_A	mhbe	-0.718545751634
2DLN_A	vhbe	0.193841104116
2DLN_A	mrsa	0.232705539381
2DLN_A	vrsa	0.0480224215165
2DLN_A	mwcn	1.10490202024
2DLN_A	vwcn	0.0406124507529
2EBN_A	nres	285
2EBN_A	nchains	1
2EBN_A	nssb	0
2EBN_A	asa	11959.5
2EBN_A	nhbon	202
2EBN_A	nhbps	47
2EBN_A	nhbas	18
2EBN_A	mhbe	-0.823771929825
2EBN_A	vhbe	0.227454632195
2EBN_A	mrsa	0.224642934212
2EBN_A	vrsa	0.0507962149698
2EBN_A	mwcn	1.09081349883
2EBN_A	vwcn	0.0396843749186
2ENG_A	nres	205
2ENG_A	nchains	2
2ENG_A	nssb	0
2ENG_A	asa	9106.8
2ENG_A	nhbon	130
2ENG_A	nhbps	16
2ENG_A	nhbas	37
2ENG_A	mhbe	-0.706707317073
2ENG_A	vhbe	0.173939767995
2ENG_A	mrsa	0.242221030399
2ENG_A	vrsa	0.0524544381509
2ENG_A	mwcn	0.980610166383
2ENG_A	vwcn	0.0318371520148
2F61_A	nres	497
2F61_A	nchains	1
2F61_A	nssb	0
2F61_A	asa	18309.4
2F61_A	nhbon	325
2F61_A	nhbps	49
2F61_A	nhbas	74
2F61_A	mhbe	-0.776911468813
2F61_A	vhbe	0.239113549506
2F61_A	mrsa	0.187170945929
2F61_A	vrsa	0.0454087102057
2F61_A	mwcn	1.33978905473
2F61_A	vwcn	0.0623821494907
2F9R_A	nres	285
2F9R_A	nchains	1
2F9R_A	nssb	0
2F9R_A	asa	12910.3
2F9R_A	nhbon	216
2F9R_A	nhbps	42
2F9R_A	nhbas	9
2F9R_A	mhbe	-0.891403508772
2F9R_A	vhbe	0.275158556479
2F9R_A	mrsa	0.23547914063
2F9R_A	vrsa	0.0564547575055
2F9R_A	mwcn	1.12832082441
2F9R_A	vwcn	0.0466523069804
2NLR_A	nres	222
2NLR_A	nchains	1
2NLR_A	nssb	0
2NLR_A	asa	9222.4
2NLR_A	nhbon	151
2NLR_A	nhbps	7
2NLR_A	nhbas	89
2NLR_A	mhbe	-0.85518018018
2NLR_A	vhbe	0.280936003571
2NLR_A	mrsa	0.236753421304
2NLR_A	vrsa	0.0510740096511
2NLR_A	mwcn	1.03499993998
2NLR_A	vwcn	0.0314009643488
2NMT_A	nres	422
2NMT_A	nchains	1
2NMT_A	nssb	0
2NMT_A	asa	20809.7
2NMT_A	nhbon	281
2NMT_A	nhbps	11
2NMT_A	nhbas	78
2NMT_A	mhbe	-0.744549763033
2NMT_A	vhbe	0.241122546102
2NMT_A	mrsa	0.244199942467
2NMT_A	vrsa	0.0528298477696
2NMT_A	mwcn	1.18254533572
2NMT_A	vwcn	0.054099878754
2PEC_A	nres	352
2PEC_A	nchains	1
2PEC_A	nssb	0
2PEC_A	asa	13732.5
2PEC_A	nhbon	258
2PEC_A	nhbps	112
2PEC_A	nhbas	7
2PEC_A	mhbe	-0.792613636364
2PEC_A	vhbe	0.228418452996
2PEC_A	mrsa	0.214003300438
2PEC_A	vrsa	0.0494280084835
2PEC_A	mwcn	1.22157993792
2PEC_A	vwcn	0.0620496507464
2PIA_A	nres	321
2PIA_A	nchains	1
2PIA_A	nssb	0
2PIA_A	asa	15951.9
2PIA_A	nhbon	201
2PIA_A	nhbps	31
2PIA_A	nhbas	49
2PIA_A	mhbe	-0.751557632399
2PIA_A	vhbe	0.255686826118
2PIA_A	mrsa	0.258048555162
2PIA_A	vrsa	0.049692509617
2PIA_A	mwcn	1.05840810346
2PIA_A	vwcn	0.0378739353298
2PTH_A	nres	193
2PTH_A	nchains	1
2PTH_A	nssb	0
2PTH_A	asa	9378.9
2PTH_A	nhbon	148
2PTH_A	nhbps	16
2PTH_A	nhbas	19
2PTH_A	mhbe	-0.850259067358
2PTH_A	vhbe	0.223050451019
2PTH_A	mrsa	0.252802231155
2PTH_A	vrsa	0.0553786435293
2PTH_A	mwcn	0.973789887819
2PTH_A	vwcn	0.0354134404145
2SQC_A	nres	623
2SQC_A	nchains	1
2SQC_A	nssb	0
2SQC_A	asa	23997.3
2SQC_A	nhbon	421
2SQC_A	nhbps	0
2SQC_A	nhbas	18
2SQC_A	mhbe	-0.830738362761
2SQC_A	vhbe	0.194225698801
2SQC_A	mrsa	0.18921240902
2SQC_A	vrsa	0.0457078396527
2SQC_A	mwcn	1.43031593363
2SQC_A	vwcn	0.0694309110831
2THI_A	nres	362
2THI_A	nchains	1
2THI_A	nssb	0
2THI_A	asa	15904.7
2THI_A	nhbon	242
2THI_A	nhbps	21
2THI_A	nhbas	38
2THI_A	mhbe	-0.711325966851
2THI_A	vhbe	0.187944926895
2THI_A	mrsa	0.226031871975
2THI_A	vrsa	0.0518975964937
2THI_A	mwcn	1.15379731678
2THI_A	vwcn	0.040285261035
2TPS_A	nres	226
2TPS_A	nchains	1
2TPS_A	nssb	0
2TPS_A	asa	10875.2
2TPS_A	nhbon	153
2TPS_A	nhbps	35
2TPS_A	nhbas	0
2TPS_A	mhbe	-0.785398230088
2TPS_A	vhbe	0.159366434333
2TPS_A	mrsa	0.247258610371
2TPS_A	vrsa	0.0565592112456
2TPS_A	mwcn	1.02806609875
2TPS_A	vwcn	0.036484526849
5EAT_A	nres	532
5EAT_A	nchains	1
5EAT_A	nssb	0
5EAT_A	asa	23124.5
5EAT_A	nhbon	392
5EAT_A	nhbps	0
5EAT_A	nhbas	2
5EAT_A	mhbe	-0.796005639098
5EAT_A	vhbe	0.137762475532
5EAT_A	mrsa	0.218675752687
5EAT_A	vrsa	0.0489902712819
5EAT_A	mwcn	1.27871445753
5EAT_A	vwcn	0.0573807614373
7ATJ_A	nres	305
7ATJ_A	nchains	1
7ATJ_A	nssb	0
7ATJ_A	asa	13476.1
7ATJ_A	nhbon	199
7ATJ_A	nhbps	0
7ATJ_A	nhbas	10
7ATJ_A	mhbe	-0.742540983607
7ATJ_A	vhbe	0.164643133566
7ATJ_A	mrsa	0.231049618125
7ATJ_A	vrsa	0.049624698465
7ATJ_A	mwcn	1.10712570395
7ATJ_A	vwcn	0.0380188028718
