                 pdb     free_param_best         sp_cor_best                nres
              132L_A               2.000               1.000                 124
              13PK_A               2.000               1.000                 415
              1A26_A               2.000               1.000                 351
              1A2T_A               2.000               1.000                 134
              1A4L_A               2.000               1.000                 348
              1A65_A               2.000               1.000                 504
              1A8H_A               2.000               1.000                 500
              1A8S_A               2.000               1.000                 273
              1AF7_A               2.000               1.000                 274
              1AGM_A               2.000               1.000                 470
              1AGY_A               2.000               1.000                 197
              1AH7_A               2.000               1.000                 245
              1AJ0_A               2.000               1.000                 282
              1AK0_A               2.000               1.000                 264
              1AKO_A               2.000               1.000                 268
              1AMY_A               2.000               1.000                 403
              1AQ2_A               2.000               1.000                 534
              1AQL_A               2.000               1.000                 532
              1AST_A               2.000               1.000                 200
              1B04_A               2.000               1.000                 310
              1B2R_A               2.000               1.000                 295
              1BBS_A               2.000               1.000                 331
              1BF2_A               2.000               1.000                 750
              1BG0_A               2.000               1.000                 356
              1BH2_A               2.000               1.000                 315
              1BOL_A               2.000               1.000                 222
              1BP2_A               2.000               1.000                 123
              1BQC_A               2.000               1.000                 302
              1BS0_A               2.000               1.000                 383
              1BS4_A               2.000               1.000                 168
              1BS9_A               2.000               1.000                 207
              1BT1_A               2.000               1.000                 336
              1BU7_A               2.000               1.000                 455
              1BVV_A               2.000               1.000                 185
              1BVZ_A               2.000               1.000                 585
              1BWL_A               2.000               1.000                 399
              1BWZ_A               2.000               1.000                 274
              1BYA_A               2.000               1.000                 491
              1BZC_A               2.000               1.000                 297
              1C82_A               2.000               1.000                 719
              1CA2_A               2.000               1.000                 256
              1CB8_A               2.000               1.000                 674
              1CBX_A               2.000               1.000                 307
              1CDG_A               2.000               1.000                 686
              1CEL_A               2.000               1.000                 433
              1CHD_A               2.000               1.000                 198
              1CHK_B               2.000               1.000                 238
              1CM0_A               2.000               1.000                 162
              1CNS_A               2.000               1.000                 243
              1COY_A               2.000               1.000                 501
              1CQQ_A               2.000               1.000                 180
              1CVR_A               2.000               1.000                 432
              1CWY_A               2.000               1.000                 500
              1CZ1_A               2.000               1.000                 394
              1CZF_A               2.000               1.000                 335
              1D1Q_A               2.000               1.000                 159
              1D4C_A               2.000               1.000                 570
              1D6O_A               2.000               1.000                 107
              1DDJ_A               2.000               1.000                 247
              1DGK_N               2.000               1.000                 898
              1DGS_A               2.000               1.000                 581
              1DIN_A               2.000               1.000                 232
              1DNP_A               2.000               1.000                 469
              1DVE_A               2.000               1.000                 214
              1E0C_A               2.000               1.000                 270
              1E1A_A               2.000               1.000                 312
              1E6E_A               2.000               1.000                 457
              1EB6_A               2.000               1.000                 177
              1EH5_A               2.000               1.000                 279
              1EUG_A               2.000               1.000                 225
              1EUU_A               2.000               1.000                 601
              1EX1_A               2.000               1.000                 602
              1EXN_A               2.000               1.000                 267
              1EXP_A               2.000               1.000                 312
              1EYP_A               2.000               1.000                 212
              1FF3_A               2.000               1.000                 210
              1FGH_A               2.000               1.000                 753
              1FHL_A               2.000               1.000                 334
              1FOA_A               2.000               1.000                 342
              1G24_A               2.000               1.000                 210
              1G6T_A               2.000               1.000                 427
              1G8O_A               2.000               1.000                 287
              1GA8_A               2.000               1.000                 271
              1GAL_A               2.000               1.000                 581
              1GCU_A               2.000               1.000                 292
              1GOG_A               2.000               1.000                 639
              1GP5_A               2.000               1.000                 346
              1GQ8_A               2.000               1.000                 318
              1H19_A               2.000               1.000                 610
              1H3I_A               2.000               1.000                 293
              1HKA_A               2.000               1.000                 158
              1HPL_A               2.000               1.000                 449
              1HPM_A               2.000               1.000                 378
              1HQC_A               2.000               1.000                 314
              1I1E_A               2.000               1.000                1287
              1I1I_P               2.000               1.000                 665
              1I9A_A               2.000               1.000                 175
              1IDJ_A               2.000               1.000                 359
              1IG8_A               2.000               1.000                 469
              1IM5_A               2.000               1.000                 179
              1INP_A               2.000               1.000                 400
              1IU4_A               2.000               1.000                 331
              1J00_A               2.000               1.000                 176
              1J09_A               2.000               1.000                 468
              1JH6_A               2.000               1.000                 181
              1JMS_A               2.000               1.000                 360
              1JOA_A               2.000               1.000                 446
              1JS4_A               2.000               1.000                 605
              1K30_A               2.000               1.000                 363
              1KL7_A               2.000               1.000                 503
              1KNP_A               2.000               1.000                 529
              1L1D_A               2.000               1.000                 142
              1L1L_A               2.000               1.000                 717
              1L6P_A               2.000               1.000                 121
              1L7N_A               2.000               1.000                 207
              1L7Q_A               2.000               1.000                 571
              1L8T_A               2.000               1.000                 263
              1L9X_A               2.000               1.000                 288
              1LBA_A               2.000               1.000                 146
              1LDM_A               2.000               1.000                 329
              1LJL_A               2.000               1.000                 130
              1LVH_A               2.000               1.000                 220
              1M53_A               2.000               1.000                 556
              1MBB_A               2.000               1.000                 340
              1MJ9_A               2.000               1.000                 273
              1MLA_A               2.000               1.000                 305
              1MRQ_A               2.000               1.000                 323
              1MUD_A               2.000               1.000                 225
              1MUG_A               2.000               1.000                 165
              1NDH_A               2.000               1.000                 270
              1NDI_A               2.000               1.000                 596
              1NLU_A               2.000               1.000                 368
              1O8A_A               2.000               1.000                 574
              1O98_A               2.000               1.000                 509
              1OG1_A               2.000               1.000                 223
              1OGO_X               2.000               1.000                 572
              1OJ4_A               2.000               1.000                 277
              1ONR_A               2.000               1.000                 316
              1OPM_A               2.000               1.000                 310
              1OXA_A               2.000               1.000                 403
              1OYG_A               2.000               1.000                 440
              1P1X_A               2.000               1.000                 250
              1P3D_A               2.000               1.000                 449
              1P5D_X               2.000               1.000                 454
              1PA9_A               2.000               1.000                 279
              1PII_A               2.000               1.000                 452
              1PKN_A               2.000               1.000                 514
              1PMI_A               2.000               1.000                 440
              1PP4_A               2.000               1.000                 233
              1PS9_A               2.000               1.000                 671
              1PTD_A               2.000               1.000                 296
              1PUD_A               2.000               1.000                 372
              1PYL_A               2.000               1.000                  95
              1Q91_A               2.000               1.000                 194
              1QAM_A               2.000               1.000                 235
              1QAZ_A               2.000               1.000                 351
              1QBA_A               2.000               1.000                 858
              1QFM_A               2.000               1.000                 705
              1QGX_A               2.000               1.000                 354
              1QJE_A               2.000               1.000                 327
              1QK2_A               2.000               1.000                 363
              1QWN_A               2.000               1.000                1014
              1R1J_A               2.000               1.000                 696
              1R44_A               2.000               1.000                 202
              1R4Z_A               2.000               1.000                 179
              1RBN_A               2.000               1.000                 124
              1RDD_A               2.000               1.000                 155
              1RU4_A               2.000               1.000                 400
              1S3I_A               2.000               1.000                 307
              1S95_A               2.000               1.000                 324
              1SCA_A               2.000               1.000                 274
              1SLL_A               2.000               1.000                 679
              1SML_A               2.000               1.000                 266
              1SNZ_A               2.000               1.000                 344
              1TAH_B               2.000               1.000                 318
              1TLP_E               2.000               1.000                 316
              1U3F_A               2.000               1.000                 164
              1U5U_A               2.000               1.000                 366
              1UAS_A               2.000               1.000                 362
              1UN1_A               2.000               1.000                 267
              1VID_A               2.000               1.000                 213
              1VLB_A               2.000               1.000                 907
              1VNC_A               2.000               1.000                 576
              1VQ1_A               2.000               1.000                 263
              1W0H_A               2.000               1.000                 194
              1XQW_A               2.000               1.000                 290
              1Y9M_A               2.000               1.000                 517
              1YON_A               2.000               1.000                 292
              1YSC_A               2.000               1.000                 421
              1ZE1_A               2.000               1.000                 308
              1ZIO_A               2.000               1.000                 217
              206L_A               2.000               1.000                 162
              2A0N_A               2.000               1.000                 251
              2ABK_A               2.000               1.000                 211
              2ACY_A               2.000               1.000                  98
              2AYH_A               2.000               1.000                 214
              2CPO_A               2.000               1.000                 298
              2CPU_A               2.000               1.000                 495
              2DLN_A               2.000               1.000                 306
              2EBN_A               2.000               1.000                 285
              2ENG_A               2.000               1.000                 205
              2F61_A               2.000               1.000                 497
              2F9R_A               2.000               1.000                 285
              2NLR_A               2.000               1.000                 222
              2NMT_A               2.000               1.000                 422
              2PEC_A               2.000               1.000                 352
              2PIA_A               2.000               1.000                 321
              2PTH_A               2.000               1.000                 193
              2SQC_A               2.000               1.000                 623
              2THI_A               2.000               1.000                 362
              2TPS_A               2.000               1.000                 226
              5EAT_A               2.000               1.000                 532
              7ATJ_A               2.000               1.000                 305
