                 pdb     free_param_best         sp_cor_best                nres
              132L_A              49.800              -0.999                 124
              13PK_A              50.000              -0.998                 415
              1A26_A              50.000              -0.999                 351
              1A2T_A              50.000              -1.000                 134
              1A4L_A              50.000              -1.000                 348
              1A65_A              50.000              -0.999                 504
              1A8H_A              50.000              -0.993                 500
              1A8S_A              50.000              -1.000                 273
              1AF7_A              50.000              -0.996                 274
              1AGM_A              50.000              -0.999                 470
              1AGY_A              49.800              -0.999                 197
              1AH7_A              50.000              -0.999                 245
              1AJ0_A              50.000              -1.000                 282
              1AK0_A              50.000              -0.999                 264
              1AKO_A              50.000              -1.000                 268
              1AMY_A              50.000              -0.997                 403
              1AQ2_A              50.000              -0.997                 534
              1AQL_A              50.000              -0.999                 532
              1AST_A              49.800              -0.999                 200
              1B04_A              50.000              -0.998                 310
              1B2R_A              50.000              -0.999                 295
              1BBS_A              50.000              -0.998                 331
              1BF2_A              50.000              -0.993                 750
              1BG0_A              50.000              -0.999                 356
              1BH2_A              50.000              -0.998                 315
              1BOL_A              50.000              -0.999                 222
              1BP2_A              49.800              -0.999                 123
              1BQC_A              50.000              -1.000                 302
              1BS0_A              50.000              -0.999                 383
              1BS4_A              49.600              -0.999                 168
              1BS9_A              49.400              -1.000                 207
              1BT1_A              50.000              -1.000                 336
              1BU7_A              50.000              -0.999                 455
              1BVV_A              48.600              -1.000                 185
              1BVZ_A              50.000              -0.997                 585
              1BWL_A              50.000              -0.999                 399
              1BWZ_A              50.000              -0.999                 274
              1BYA_A              50.000              -0.999                 491
              1BZC_A              50.000              -0.999                 297
              1C82_A              50.000              -0.993                 719
              1CA2_A              49.600              -1.000                 256
              1CB8_A              50.000              -0.992                 674
              1CBX_A              50.000              -1.000                 307
              1CDG_A              50.000              -0.998                 686
              1CEL_A              50.000              -0.999                 433
              1CHD_A              50.000              -1.000                 198
              1CHK_B              50.000              -0.998                 238
              1CM0_A              50.000              -1.000                 162
              1CNS_A              50.000              -1.000                 243
              1COY_A              50.000              -0.998                 501
              1CQQ_A              50.000              -1.000                 180
              1CVR_A              50.000              -0.997                 432
              1CWY_A              50.000              -0.998                 500
              1CZ1_A              50.000              -1.000                 394
              1CZF_A              50.000              -0.998                 335
              1D1Q_A              49.600              -1.000                 159
              1D4C_A              50.000              -0.997                 570
              1D6O_A              48.400              -0.999                 107
              1DDJ_A              50.000              -1.000                 247
              1DGK_N              50.000              -0.960                 898
              1DGS_A              50.000              -0.988                 581
              1DIN_A              50.000              -1.000                 232
              1DNP_A              50.000              -0.997                 469
              1DVE_A              50.000              -0.999                 214
              1E0C_A              50.000              -0.999                 270
              1E1A_A              49.800              -1.000                 312
              1E6E_A              50.000              -0.997                 457
              1EB6_A              50.000              -0.999                 177
              1EH5_A              50.000              -0.999                 279
              1EUG_A              50.000              -1.000                 225
              1EUU_A              50.000              -0.991                 601
              1EX1_A              50.000              -0.996                 602
              1EXN_A              50.000              -0.998                 267
              1EXP_A              50.000              -0.999                 312
              1EYP_A              49.800              -1.000                 212
              1FF3_A              50.000              -1.000                 210
              1FGH_A              50.000              -0.998                 753
              1FHL_A              50.000              -0.999                 334
              1FOA_A              50.000              -0.998                 342
              1G24_A              49.400              -0.999                 210
              1G6T_A              50.000              -0.998                 427
              1G8O_A              50.000              -1.000                 287
              1GA8_A              50.000              -0.999                 271
              1GAL_A              50.000              -0.998                 581
              1GCU_A              50.000              -0.998                 292
              1GOG_A              50.000              -0.995                 639
              1GP5_A              50.000              -0.999                 346
              1GQ8_A              50.000              -0.999                 318
              1H19_A              50.000              -0.997                 610
              1H3I_A              50.000              -0.995                 293
              1HKA_A              49.200              -1.000                 158
              1HPL_A              50.000              -0.989                 449
              1HPM_A              50.000              -0.999                 378
              1HQC_A              50.000              -0.998                 314
              1I1E_A              50.000              -0.960                1287
              1I1I_P              50.000              -0.997                 665
              1I9A_A              50.000              -0.999                 175
              1IDJ_A              50.000              -0.999                 359
              1IG8_A              50.000              -0.995                 469
              1IM5_A              49.800              -1.000                 179
              1INP_A              50.000              -0.999                 400
              1IU4_A              50.000              -0.999                 331
              1J00_A              50.000              -1.000                 176
              1J09_A              50.000              -0.984                 468
              1JH6_A              50.000              -0.999                 181
              1JMS_A              50.000              -0.999                 360
              1JOA_A              50.000              -0.999                 446
              1JS4_A              50.000              -0.973                 605
              1K30_A              50.000              -0.998                 363
              1KL7_A              50.000              -0.999                 503
              1KNP_A              50.000              -0.999                 529
              1L1D_A              49.000              -1.000                 142
              1L1L_A              50.000              -0.998                 717
              1L6P_A              49.600              -0.999                 121
              1L7N_A              50.000              -0.999                 207
              1L7Q_A              50.000              -0.997                 571
              1L8T_A              50.000              -0.999                 263
              1L9X_A              50.000              -1.000                 288
              1LBA_A              50.000              -1.000                 146
              1LDM_A              50.000              -0.996                 329
              1LJL_A              49.400              -1.000                 130
              1LVH_A              50.000              -0.996                 220
              1M53_A              50.000              -0.998                 556
              1MBB_A              50.000              -0.999                 340
              1MJ9_A              50.000              -0.998                 273
              1MLA_A              50.000              -0.999                 305
              1MRQ_A              49.800              -0.999                 323
              1MUD_A              50.000              -0.999                 225
              1MUG_A              49.800              -1.000                 165
              1NDH_A              50.000              -0.999                 270
              1NDI_A              50.000              -0.997                 596
              1NLU_A              50.000              -1.000                 368
              1O8A_A              50.000              -0.998                 574
              1O98_A              50.000              -0.997                 509
              1OG1_A              50.000              -0.999                 223
              1OGO_X              50.000              -0.999                 572
              1OJ4_A              50.000              -0.999                 277
              1ONR_A              50.000              -0.999                 316
              1OPM_A              50.000              -0.999                 310
              1OXA_A              50.000              -0.999                 403
              1OYG_A              50.000              -0.999                 440
              1P1X_A              50.000              -0.999                 250
              1P3D_A              50.000              -0.999                 449
              1P5D_X              50.000              -0.999                 454
              1PA9_A              50.000              -0.999                 279
              1PII_A              50.000              -0.995                 452
              1PKN_A              50.000              -0.995                 514
              1PMI_A              50.000              -0.996                 440
              1PP4_A              50.000              -0.999                 233
              1PS9_A              50.000              -0.995                 671
              1PTD_A              50.000              -0.999                 296
              1PUD_A              50.000              -0.999                 372
              1PYL_A              49.800              -1.000                  95
              1Q91_A              50.000              -0.999                 194
              1QAM_A              50.000              -0.996                 235
              1QAZ_A              50.000              -0.999                 351
              1QBA_A              50.000              -0.997                 858
              1QFM_A              50.000              -0.997                 705
              1QGX_A              50.000              -0.999                 354
              1QJE_A              50.000              -0.999                 327
              1QK2_A              50.000              -1.000                 363
              1QWN_A              50.000              -0.994                1014
              1R1J_A              50.000              -0.995                 696
              1R44_A              49.800              -1.000                 202
              1R4Z_A              49.600              -1.000                 179
              1RBN_A              50.000              -0.999                 124
              1RDD_A              50.000              -0.999                 155
              1RU4_A              50.000              -0.998                 400
              1S3I_A              50.000              -0.996                 307
              1S95_A              50.000              -0.999                 324
              1SCA_A              50.000              -1.000                 274
              1SLL_A              50.000              -0.995                 679
              1SML_A              50.000              -0.999                 266
              1SNZ_A              50.000              -0.999                 344
              1TAH_B              50.000              -0.999                 318
              1TLP_E              50.000              -0.998                 316
              1U3F_A              49.800              -0.999                 164
              1U5U_A              50.000              -1.000                 366
              1UAS_A              50.000              -0.998                 362
              1UN1_A              50.000              -0.999                 267
              1VID_A              49.800              -0.999                 213
              1VLB_A              50.000              -0.999                 907
              1VNC_A              50.000              -0.998                 576
              1VQ1_A              50.000              -0.996                 263
              1W0H_A              50.000              -0.999                 194
              1XQW_A              50.000              -0.999                 290
              1Y9M_A              50.000              -0.997                 517
              1YON_A              50.000              -0.999                 292
              1YSC_A              50.000              -0.999                 421
              1ZE1_A              50.000              -0.995                 308
              1ZIO_A              50.000              -0.999                 217
              206L_A              50.000              -0.998                 162
              2A0N_A              50.000              -1.000                 251
              2ABK_A              50.000              -0.998                 211
              2ACY_A              47.400              -1.000                  98
              2AYH_A              49.600              -0.999                 214
              2CPO_A              50.000              -1.000                 298
              2CPU_A              50.000              -0.997                 495
              2DLN_A              50.000              -0.999                 306
              2EBN_A              50.000              -0.999                 285
              2ENG_A              50.000              -1.000                 205
              2F61_A              50.000              -0.997                 497
              2F9R_A              50.000              -1.000                 285
              2NLR_A              50.000              -0.999                 222
              2NMT_A              50.000              -0.999                 422
              2PEC_A              50.000              -0.999                 352
              2PIA_A              50.000              -0.999                 321
              2PTH_A              50.000              -1.000                 193
              2SQC_A              50.000              -0.998                 623
              2THI_A              50.000              -0.998                 362
              2TPS_A              50.000              -1.000                 226
              5EAT_A              50.000              -0.997                 532
              7ATJ_A              50.000              -0.998                 305
