==== Secondary Structure Definition by the program DSSP, CMBI version by M.L. Hekkelman/2010-10-21 ==== DATE=2014-07-07        .
REFERENCE W. KABSCH AND C.SANDER, BIOPOLYMERS 22 (1983) 2577-2637                                                              .
                                                                                                                               .
  534  2  0  0  0 TOTAL NUMBER OF RESIDUES, NUMBER OF CHAINS, NUMBER OF SS-BRIDGES(TOTAL,INTRACHAIN,INTERCHAIN)                .
 21709.7   ACCESSIBLE SURFACE OF PROTEIN (ANGSTROM**2)                                                                         .
  369 69.1   TOTAL NUMBER OF HYDROGEN BONDS OF TYPE O(I)-->H-N(J)  , SAME NUMBER PER 100 RESIDUES                              .
   42  7.9   TOTAL NUMBER OF HYDROGEN BONDS IN     PARALLEL BRIDGES, SAME NUMBER PER 100 RESIDUES                              .
   69 12.9   TOTAL NUMBER OF HYDROGEN BONDS IN ANTIPARALLEL BRIDGES, SAME NUMBER PER 100 RESIDUES                              .
    2  0.4   TOTAL NUMBER OF HYDROGEN BONDS OF TYPE O(I)-->H-N(I-5), SAME NUMBER PER 100 RESIDUES                              .
    4  0.7   TOTAL NUMBER OF HYDROGEN BONDS OF TYPE O(I)-->H-N(I-4), SAME NUMBER PER 100 RESIDUES                              .
    1  0.2   TOTAL NUMBER OF HYDROGEN BONDS OF TYPE O(I)-->H-N(I-3), SAME NUMBER PER 100 RESIDUES                              .
    0  0.0   TOTAL NUMBER OF HYDROGEN BONDS OF TYPE O(I)-->H-N(I-2), SAME NUMBER PER 100 RESIDUES                              .
    0  0.0   TOTAL NUMBER OF HYDROGEN BONDS OF TYPE O(I)-->H-N(I-1), SAME NUMBER PER 100 RESIDUES                              .
    0  0.0   TOTAL NUMBER OF HYDROGEN BONDS OF TYPE O(I)-->H-N(I+0), SAME NUMBER PER 100 RESIDUES                              .
    0  0.0   TOTAL NUMBER OF HYDROGEN BONDS OF TYPE O(I)-->H-N(I+1), SAME NUMBER PER 100 RESIDUES                              .
   45  8.4   TOTAL NUMBER OF HYDROGEN BONDS OF TYPE O(I)-->H-N(I+2), SAME NUMBER PER 100 RESIDUES                              .
   66 12.4   TOTAL NUMBER OF HYDROGEN BONDS OF TYPE O(I)-->H-N(I+3), SAME NUMBER PER 100 RESIDUES                              .
  115 21.5   TOTAL NUMBER OF HYDROGEN BONDS OF TYPE O(I)-->H-N(I+4), SAME NUMBER PER 100 RESIDUES                              .
    6  1.1   TOTAL NUMBER OF HYDROGEN BONDS OF TYPE O(I)-->H-N(I+5), SAME NUMBER PER 100 RESIDUES                              .
  1  2  3  4  5  6  7  8  9 10 11 12 13 14 15 16 17 18 19 20 21 22 23 24 25 26 27 28 29 30     *** HISTOGRAMS OF ***           .
  0  0  0  2  2  2  0  1  0  2  0  1  0  2  1  0  0  0  1  0  0  0  0  0  0  0  0  0  0  0    RESIDUES PER ALPHA HELIX         .
  1  0  4  1  2  1  0  0  0  0  0  0  0  0  0  0  0  0  0  0  0  0  0  0  0  0  0  0  0  0    PARALLEL BRIDGES PER LADDER      .
  4  2  6  1  3  0  1  0  0  0  0  0  0  0  0  0  0  0  0  0  0  0  0  0  0  0  0  0  0  0    ANTIPARALLEL BRIDGES PER LADDER  .
  2  0  1  1  0  0  0  2  0  0  0  0  0  0  0  0  0  0  0  0  0  0  0  0  0  0  0  0  0  0    LADDERS PER SHEET                .
  #  RESIDUE AA STRUCTURE BP1 BP2  ACC     N-H-->O    O-->H-N    N-H-->O    O-->H-N    TCO  KAPPA ALPHA  PHI   PSI    X-CA   Y-CA   Z-CA 
    1    4 A N     >        0   0  136      0, 0.0     4,-0.9     0, 0.0     3,-0.4   0.000 360.0 360.0 360.0 126.5   57.4  -25.4   17.0
    2    5 A N  T  4  +     0   0  174      1,-0.2     2,-0.8     2,-0.1     6,-0.0   0.079 360.0  31.2 -43.4 146.5   55.5  -24.5   20.2
    3    6 A G  T  4 S-     0   0   62    155,-0.1    -1,-0.2     1,-0.1     0, 0.0  -0.738 119.3 -69.4 109.6 -84.0   55.5  -20.9   21.5
    4    7 A L  T  4  +     0   0   21     -2,-0.8    -1,-0.1    -3,-0.4    -2,-0.1   0.152  69.2 175.7 151.5  62.6   55.7  -18.7   18.4
    5    8 A T    >X  -     0   0   33     -4,-0.9     3,-1.5     1,-0.1     4,-0.8  -0.348  46.5-108.0 -81.1 165.3   59.2  -19.2   17.1
    6    9 A P  H 3> S+     0   0   39      0, 0.0     4,-0.9     0, 0.0     3,-0.5   0.812 119.5  66.1 -65.0 -26.8   60.6  -17.7   13.9
    7   10 A Q  H 34 S+     0   0  112      1,-0.2     4,-0.2     2,-0.2     7,-0.0   0.588  95.6  57.5 -68.9 -12.0   60.4  -21.2   12.4
    8   11 A E  H X4 S+     0   0   65     -3,-1.5     3,-0.7     2,-0.2     4,-0.3   0.786 103.4  50.5 -87.1 -32.5   56.6  -21.0   12.8
    9   12 A L  H ><>S+     0   0    0     -4,-0.8     5,-1.8    -3,-0.5     3,-0.8   0.678  96.3  72.3 -76.1 -20.0   56.5  -17.8   10.6
   10   13 A E  G ><5S+     0   0  130     -4,-0.9     3,-1.0     1,-0.2    -1,-0.2   0.748  86.6  64.2 -65.5 -25.1   58.6  -19.7    8.0
   11   14 A A  G < 5S+     0   0   83     -3,-0.7    -1,-0.2     1,-0.3    -2,-0.2   0.826  98.8  53.5 -66.4 -31.7   55.4  -21.8    7.2
   12   15 A Y  G < 5S-     0   0   33     -3,-0.8    -1,-0.3    -4,-0.3    -2,-0.2   0.509 128.5-102.3 -78.8  -7.5   53.8  -18.5    6.0
   13   16 A G  T < 5S+     0   0   32     -3,-1.0     2,-0.4     1,-0.3    -3,-0.2   0.552  78.4 137.1  97.2   9.0   56.8  -18.1    3.7
   14   17 A I      < -     0   0    1     -5,-1.8    -1,-0.3    -8,-0.1     2,-0.3  -0.744  33.5-165.9 -90.7 136.1   58.6  -15.4    5.9
   15   18 A S        +     0   0   58     92,-0.4    97,-2.6    -2,-0.4    98,-0.3  -0.830  53.9  18.8-124.3 162.1   62.4  -15.9    6.3
   16   19 A D        +     0   0  136     -2,-0.3     2,-0.8    95,-0.2    -1,-0.2   0.856  68.0 180.0  50.8  44.1   65.2  -14.6    8.4
   17   20 A V        +     0   0   15     -3,-0.2    -1,-0.2    95,-0.2    97,-0.1  -0.668   5.3 175.3 -78.0 111.8   62.9  -13.4   11.2
   18   21 A H        +     0   0  164     95,-0.8     2,-0.4    -2,-0.8    -1,-0.2   0.968  61.4  19.4 -78.9 -72.9   65.2  -11.9   13.8
   19   22 A D        -     0   0   65     94,-0.2    96,-2.2   -13,-0.0     2,-0.5  -0.847  62.3-164.8-108.1 135.2   63.1  -10.4   16.5
   20   23 A I  E     -a  115   0A  31     -2,-0.4     2,-1.0    94,-0.2    96,-0.2  -0.975   6.0-160.7-120.8 115.8   59.4  -11.2   17.1
   21   24 A V  E     -a  116   0A  11     94,-2.4    96,-2.3    -2,-0.5     2,-0.5  -0.805  20.0-164.2 -95.9  92.0   57.3   -8.9   19.3
   22   25 A Y  E     -a  117   0A  72     -2,-1.0    96,-0.2     1,-0.2    94,-0.1  -0.718  61.1 -20.5 -87.5 122.9   54.4  -11.1   20.2
   23   26 A N  S    S-     0   0   34     94,-2.8    -1,-0.2    -2,-0.5    95,-0.1   0.948  82.4-147.9  47.7  62.7   51.2   -9.6   21.7
   24   27 A P        -     0   0    2      0, 0.0    -1,-0.1     0, 0.0    -3,-0.0  -0.272   9.0-122.3 -60.5 142.2   52.8   -6.3   22.8
   25   28 A S     >  -     0   0   41      1,-0.1     4,-2.1     4,-0.0     5,-0.2  -0.268  29.2-103.9 -74.3 171.4   51.4   -4.7   25.9
   26   29 A Y  H  > S+     0   0   24      1,-0.2     4,-1.5     2,-0.2   278,-0.1   0.815 122.5  53.1 -68.2 -30.0   50.1   -1.1   25.7
   27   30 A D  H  > S+     0   0  105      2,-0.2     4,-1.9     1,-0.2    -1,-0.2   0.860 107.8  49.3 -71.2 -39.7   53.2    0.2   27.4
   28   31 A L  H  > S+     0   0   60      2,-0.2     4,-2.2     1,-0.2    -2,-0.2   0.962 112.4  48.7 -62.8 -50.8   55.5   -1.6   24.9
   29   32 A L  H  X S+     0   0    0     -4,-2.1     4,-2.1     1,-0.2    -2,-0.2   0.841 107.4  57.5 -56.7 -37.7   53.5   -0.1   22.0
   30   33 A Y  H  X S+     0   0   38     -4,-1.5     4,-1.1     1,-0.2    -1,-0.2   0.930 110.9  39.7 -62.3 -48.7   53.7    3.3   23.7
   31   34 A Q  H  < S+     0   0  138     -4,-1.9     4,-0.4     1,-0.2    -1,-0.2   0.815 112.5  57.8 -72.1 -29.5   57.5    3.4   23.8
   32   35 A E  H >< S+     0   0   30     -4,-2.2     3,-0.7     1,-0.2    -2,-0.2   0.903 108.1  46.0 -64.5 -42.3   57.8    1.8   20.3
   33   36 A E  H 3< S+     0   0    1     -4,-2.1    11,-1.7     1,-0.2    -1,-0.2   0.749 113.2  48.4 -73.6 -28.0   55.7    4.6   18.7
   34   37 A L  T 3< S+     0   0   45     -4,-1.1    -1,-0.2    -5,-0.2    -2,-0.2   0.403  75.4 135.2 -94.2   0.0   57.6    7.4   20.4
   35   38 A D    X   -     0   0   49     -3,-0.7     3,-0.9    -4,-0.4     9,-0.2  -0.327  54.0-143.1 -52.0 117.5   61.0    6.1   19.6
   36   39 A P  T 3  S+     0   0  114      0, 0.0    -1,-0.2     0, 0.0     7,-0.0   0.685  95.9  69.0 -58.7 -20.7   63.0    9.2   18.3
   37   40 A S  T 3  S+     0   0   88      2,-0.0     6,-0.1     6,-0.0    -2,-0.1   0.929  76.1 106.0 -63.3 -47.6   64.7    7.0   15.8
   38   41 A L    <   -     0   0   39     -3,-0.9     2,-0.3    -6,-0.2    -5,-0.0   0.087  50.6-169.2 -40.8 135.1   61.5    6.5   13.8
   39   42 A T    >   -     0   0  109      4,-0.0     3,-1.1     0, 0.0     4,-0.2  -0.892  44.0  -2.4-127.0 158.2   61.1    8.3   10.4
   40   43 A G  G >  S-     0   0   53     -2,-0.3     3,-1.4     1,-0.2    15,-0.1  -0.271 122.6 -13.0  66.2-146.9   58.2    8.9    8.0
   41   44 A Y  G 3  S+     0   0  120      1,-0.3    14,-0.4    13,-0.1    -1,-0.2   0.582 126.9  69.2 -67.4 -12.9   54.8    7.4    8.6
   42   45 A E  G <  S+     0   0   56     -3,-1.1    98,-0.3    12,-0.1     2,-0.3   0.730  80.4 100.9 -76.2 -22.4   56.0    5.1   11.3
   43   46 A R    <   -     0   0  117     -3,-1.4    12,-0.4    -4,-0.2     2,-0.2  -0.449  55.3-166.5 -71.7 126.6   56.6    8.1   13.5
   44   47 A G        -     0   0    0    -11,-1.7     2,-0.3    -2,-0.3    10,-0.2  -0.696   5.5-149.0-107.3 160.1   54.0    8.9   16.2
   45   48 A V  E     -I   53   0B  57      8,-1.9     8,-2.7    -2,-0.2     2,-0.4  -0.955  15.5-120.4-128.8 151.6   53.7   12.1   18.2
   46   49 A L  E     -I   52   0B  72     -2,-0.3     6,-0.2     6,-0.2     2,-0.2  -0.791  26.6-156.1 -95.0 131.5   52.4   12.8   21.7
   47   50 A T    >   -     0   0    8      4,-2.1     3,-2.2    -2,-0.4   270,-0.2  -0.590  33.2-104.4-101.4 165.5   49.4   15.1   22.2
   48   51 A N  T 3  S+     0   0  123    268,-1.8   269,-0.1     1,-0.3    -1,-0.1   0.541 119.1  63.2 -65.5  -7.3   48.4   17.1   25.3
   49   52 A L  T 3  S-     0   0   52    267,-0.3   254,-0.4     2,-0.3    -1,-0.3   0.360 116.9-111.6 -96.1   2.0   45.7   14.5   25.9
   50   53 A G  S <  S+     0   0   24     -3,-2.2     2,-0.3     1,-0.3   254,-0.3   0.496  81.6 119.4  82.3   1.3   48.3   11.8   26.5
   51   54 A A        -     0   0    0    252,-0.2    -4,-2.1   250,-0.2     2,-0.4  -0.775  62.5-125.3-100.7 146.4   47.3   10.0   23.3
   52   55 A V  E     -Ij  46 306B   2    253,-0.9   255,-2.1    -2,-0.3     2,-0.4  -0.736  20.4-152.7 -92.3 138.7   49.7    9.4   20.4
   53   56 A A  E     -Ij  45 307B   5     -8,-2.7    -8,-1.9    -2,-0.4     2,-0.2  -0.917  12.6-175.0-113.5 135.9   48.8   10.5   16.9
   54   57 A V  E     - j   0 308B   4    253,-2.3   255,-2.4    -2,-0.4     2,-0.5  -0.774  23.8-124.1-122.8 167.8   50.0    9.0   13.6
   55   58 A D        -     0   0   71    -14,-0.4     3,-0.1   -12,-0.4   253,-0.0  -0.961   9.3-154.1-111.9 129.1   49.7    9.7    9.9
   56   59 A T        -     0   0    0     -2,-0.5   147,-0.6     1,-0.3     3,-0.5   0.413  40.1-132.1 -84.6   4.1   48.4    6.9    7.8
   57   60 A G        -     0   0    7      1,-0.2    -1,-0.3   146,-0.1   145,-0.1  -0.621  60.3 -17.1  90.2-144.8   50.2    8.3    4.7
   58   61 A I  S    S+     0   0  137     -2,-0.3     2,-0.8     1,-0.1    -1,-0.2   0.902 126.1  67.9 -67.7 -42.4   48.7    8.9    1.3
   59   62 A F        +     0   0   35     -3,-0.5   145,-0.2   142,-0.2   144,-0.1  -0.717  52.0 165.9 -85.6 111.5   45.7    6.6    2.0
   60   63 A T        +     0   0   30     -2,-0.8     2,-0.3     2,-0.1    -1,-0.1   0.036  69.4  16.6-112.2  25.0   43.5    8.2    4.6
   61   64 A G  S    S-     0   0   19     -5,-0.1   143,-0.2   265,-0.0   146,-0.1  -0.953 101.0 -55.8-176.7 173.3   40.6    5.9    3.9
   62   65 A R        -     0   0   94     -2,-0.3    -2,-0.1   144,-0.1   143,-0.0  -0.172  36.5-144.1 -62.5 162.7   39.8    2.5    2.3
   63   66 A S    >   +     0   0   13      1,-0.1     3,-1.5    -4,-0.1     4,-0.1  -0.793  20.0 175.7-132.3  83.5   40.6    1.8   -1.4
   64   67 A P  G >  S+     0   0   42      0, 0.0     3,-1.3     0, 0.0    -1,-0.1   0.765  77.0  66.1 -60.4 -27.8   37.7   -0.4   -2.8
   65   68 A K  G 3  S+     0   0  117      1,-0.3   118,-0.3   118,-0.0   119,-0.1   0.666 101.8  49.8 -68.9 -17.5   39.2   -0.2   -6.3
   66   69 A D  G <  S+     0   0    4     -3,-1.5   122,-2.2   117,-0.1     2,-0.4   0.293  85.3 111.0-104.2   8.6   42.2   -2.2   -5.0
   67   70 A K  E <   +b  188   0A  15     -3,-1.3    25,-0.8   120,-0.2     2,-0.3  -0.709  40.8 170.0 -88.6 129.8   40.2   -5.0   -3.2
   68   71 A Y  E     -bc 189  92A  13    120,-2.1   122,-1.7    -2,-0.4     2,-0.4  -0.979  21.7-156.8-138.8 149.5   40.3   -8.4   -4.8
   69   72 A I  E     -bc 190  93A   0     23,-2.8    25,-1.1    -2,-0.3   122,-0.2  -0.998  30.7-114.4-128.5 127.2   39.1  -11.9   -3.8
   70   73 A V  E     - c   0  94A   0    120,-2.8     2,-0.8    -2,-0.4   122,-0.3  -0.381  24.2-141.5 -62.0 128.5   40.8  -15.0   -5.2
   71   74 A R        +     0   0   70     23,-2.6     2,-0.2    -2,-0.1    -1,-0.1  -0.860  45.8 130.3 -97.2 109.4   38.4  -17.0   -7.4
   72   75 A D  S  > S-     0   0   23     -2,-0.8     4,-2.0    23,-0.1     3,-0.1  -0.653  74.7 -66.1-137.5-164.4   38.9  -20.7   -6.8
   73   76 A D  T  4 S+     0   0  132     -2,-0.2     4,-0.2     1,-0.2    -2,-0.0   0.593 128.4  50.5 -70.4  -8.7   36.9  -23.8   -6.0
   74   77 A T  T  4 S+     0   0   63      2,-0.1    -1,-0.2     3,-0.0    -3,-0.1   0.838 121.7  26.1 -94.6 -39.6   36.0  -22.5   -2.6
   75   78 A T  T >> S+     0   0    0     -5,-0.2     4,-2.4     3,-0.1     3,-0.8   0.603  98.0  88.8 -99.6 -18.3   34.7  -19.0   -3.4
   76   79 A R  T 3< S+     0   0  120     -4,-2.0     5,-0.2     1,-0.2    -3,-0.1   0.902  96.0  30.8 -49.4 -59.1   33.5  -19.4   -7.0
   77   80 A D  T 34 S+     0   0  157     -4,-0.2    -1,-0.2     1,-0.1    -2,-0.1   0.400 125.8  42.7 -86.7   3.9   29.9  -20.5   -6.6
   78   81 A T  T <4 S+     0   0   57     -3,-0.8    -2,-0.2    -4,-0.0    -1,-0.1   0.733  89.3  92.7-117.3 -34.5   29.2  -18.7   -3.3
   79   82 A F  S  < S-     0   0   10     -4,-2.4     2,-1.3     1,-0.1   332,-0.2  -0.206  75.2-122.6 -67.3 151.1   30.7  -15.2   -3.6
   80   83 A W        -     0   0    8    330,-1.7    11,-0.3   329,-0.0     2,-0.2  -0.733  41.9-159.7 -93.3  83.5   28.9  -12.1   -4.8
   81   84 A W    >   -     0   0    4     -2,-1.3     3,-1.4    -5,-0.2    11,-0.2  -0.432  22.6-136.1 -70.4 141.8   31.3  -11.3   -7.7
   82   85 A A  T 3  S+     0   0   35      9,-2.1     7,-0.1     1,-0.3    10,-0.1   0.689 106.4  48.4 -69.5 -20.7   31.6   -7.9   -9.3
   83   86 A D  T 3  S+     0   0   84      8,-0.3    -1,-0.3     5,-0.1     2,-0.2   0.208  95.6  97.3-102.9   9.5   31.7   -9.4  -12.8
   84   87 A K  S <  S-     0   0  105     -3,-1.4    -4,-0.0     3,-0.2     0, 0.0  -0.476  94.6 -96.1 -93.7 170.9   28.7  -11.7  -12.2
   85   88 A G  S    S+     0   0   92     -2,-0.2    -1,-0.1     0, 0.0    -3,-0.0   0.781 100.2  89.8 -56.0 -25.7   25.1  -11.0  -13.2
   86   89 A K  S    S-     0   0  112     -5,-0.2    -2,-0.2     1,-0.1     3,-0.2  -0.261  87.5 -53.2 -75.3 160.9   24.5   -9.8   -9.7
   87   90 A G        -     0   0   30      1,-0.2     2,-0.5   431,-0.1    -3,-0.2   0.569  62.4 -77.5 -27.5 165.4   24.8   -6.2   -8.4
   88   91 A K        +     0   0  174     -5,-0.1     2,-0.2     2,-0.1    -1,-0.2  -0.596  68.0 140.1 -74.6 117.0   27.6   -3.6   -8.5
   89   92 A N        -     0   0   25     -2,-0.5   318,-0.1    -3,-0.2   317,-0.0  -0.836  60.2-110.6-147.1-177.7   30.3   -4.3   -5.9
   90   93 A D  S    S+     0   0   46    316,-0.3     2,-2.2    -2,-0.2    -9,-0.1   0.236  73.4 117.1-104.4   9.8   34.0   -4.4   -5.2
   91   94 A N        -     0   0    3    -11,-0.3    -9,-2.1   318,-0.1    -8,-0.3  -0.481  46.6-179.5 -80.2  70.9   34.5   -8.1   -5.0
   92   95 A K  E     -c   68   0A  45     -2,-2.2   -23,-2.8   -25,-0.8    -2,-0.1  -0.541  27.0-116.2 -75.7 131.5   36.8   -8.3   -8.0
   93   96 A P  E     -c   69   0A  44      0, 0.0     2,-0.3     0, 0.0   -23,-0.2  -0.355  29.9-168.6 -69.6 149.3   38.1  -11.8   -9.0
   94   97 A L  E     -c   70   0A   9    -25,-1.1   -23,-2.6    96,-0.1   -26,-0.0  -0.998  20.2-121.2-139.5 138.1   41.8  -12.6   -8.8
   95   98 A S     >  -     0   0   46     -2,-0.3     4,-1.5   -25,-0.2   -23,-0.1  -0.448  21.6-122.5 -78.2 151.7   43.6  -15.7  -10.1
   96   99 A P  H  > S+     0   0   43      0, 0.0     4,-2.5     0, 0.0     5,-0.2   0.862 112.4  58.8 -60.3 -33.4   45.6  -17.9   -7.7
   97  100 A E  H  > S+     0   0  134      1,-0.2     4,-1.4     2,-0.2     5,-0.1   0.935 106.1  43.8 -62.3 -50.0   48.6  -17.2   -9.8
   98  101 A T  H  > S+     0   0   20      1,-0.2     4,-2.2     2,-0.2    -1,-0.2   0.795 110.9  59.0 -66.6 -26.5   48.6  -13.5   -9.3
   99  102 A W  H  X S+     0   0    2     -4,-1.5     4,-2.8     2,-0.2    -2,-0.2   0.970 103.9  48.8 -63.5 -54.8   47.8  -14.2   -5.6
  100  103 A Q  H  X S+     0   0  132     -4,-2.5     4,-1.6     1,-0.2    -1,-0.2   0.795 110.4  52.9 -55.2 -32.4   51.1  -16.2   -5.3
  101  104 A H  H  X S+     0   0   55     -4,-1.4     4,-1.4     2,-0.2    -1,-0.2   0.934 111.5  44.3 -69.0 -48.1   52.9  -13.3   -6.9
  102  105 A L  H  X S+     0   0    0     -4,-2.2     4,-1.6     1,-0.2    -2,-0.2   0.857 111.1  55.2 -63.6 -36.1   51.4  -10.8   -4.5
  103  106 A K  H  X S+     0   0   50     -4,-2.8     4,-2.6     1,-0.2     5,-0.3   0.888 104.2  54.7 -65.5 -37.0   52.1  -13.2   -1.6
  104  107 A G  H  X S+     0   0   10     -4,-1.6     4,-1.6     1,-0.2    -1,-0.2   0.862 106.0  51.8 -64.7 -36.2   55.8  -13.3   -2.6
  105  108 A L  H  X S+     0   0   38     -4,-1.4     4,-1.4     2,-0.2    -1,-0.2   0.878 113.8  44.0 -68.0 -37.7   56.0   -9.5   -2.5
  106  109 A V  H  X S+     0   0    0     -4,-1.6     4,-1.7     2,-0.2    -2,-0.2   0.977 113.5  45.9 -73.7 -54.7   54.6   -9.4    1.1
  107  110 A T  H  < S+     0   0    8     -4,-2.6   -92,-0.4     1,-0.2     4,-0.4   0.875 114.5  50.5 -56.9 -37.3   56.5  -12.3    2.7
  108  111 A R  H >< S+     0   0  186     -4,-1.6     3,-0.9    -5,-0.3    -1,-0.2   0.898 108.6  51.9 -66.7 -41.8   59.8  -11.0    1.1
  109  112 A Q  H 3< S+     0   0   51     -4,-1.4    -1,-0.2     1,-0.2    -2,-0.2   0.785 113.1  45.2 -65.1 -28.4   59.0   -7.5    2.5
  110  113 A L  T >< S+     0   0    0     -4,-1.7     3,-0.7    -3,-0.1    -1,-0.2   0.421  92.7 105.7 -95.9  -0.7   58.5   -9.0    5.9
  111  114 A S  T <  S+     0   0   15     -3,-0.9   -95,-0.2    -4,-0.4   -94,-0.1  -0.502  81.3  15.7 -80.1 147.2   61.6  -11.2    5.8
  112  115 A G  T 3  S+     0   0   30    -97,-2.6     2,-0.3     1,-0.2    -1,-0.2   0.840 106.1 108.6  61.0  36.1   64.7  -10.3    7.8
  113  116 A K  S <  S-     0   0   96     -3,-0.7   -95,-0.8   -98,-0.3     2,-0.8  -0.818  80.5 -95.6-136.6 171.5   62.9   -7.8   10.0
  114  117 A R        -     0   0   98     -2,-0.3     2,-0.4   -96,-0.2   -94,-0.2  -0.864  50.5-157.4 -89.4 113.5   61.6   -7.2   13.5
  115  118 A L  E     -a   20   0A   0    -96,-2.2   -94,-2.4    -2,-0.8     2,-0.5  -0.854  14.9-145.7-105.2 130.3   57.9   -8.4   13.2
  116  119 A F  E     -aD  21 136A   7     20,-2.4    20,-1.9    -2,-0.4     2,-0.5  -0.789  20.1-169.9 -88.8 123.3   55.0   -7.4   15.4
  117  120 A V  E     -aD  22 135A   0    -96,-2.3   -94,-2.8    -2,-0.5     2,-0.5  -0.948   4.6-174.6-121.3 114.1   52.6  -10.4   15.8
  118  121 A V  E     - D   0 134A   6     16,-1.9    16,-2.9    -2,-0.5     2,-0.4  -0.924   7.1-161.5-111.8 120.9   49.2   -9.8   17.4
  119  122 A D  E     + D   0 133A   1     -2,-0.5     2,-0.3    14,-0.2    14,-0.2  -0.844  29.6 141.8 -97.7 137.6   46.9  -12.8   18.0
  120  123 A A  E     - D   0 132A   2     12,-2.1    12,-2.0    -2,-0.4     2,-0.3  -0.913  41.9-101.6-159.0-176.5   43.2  -11.9   18.6
  121  124 A F  E     -ED 150 131A  14     29,-1.5    29,-2.3    -2,-0.3     2,-0.5  -0.897   9.1-155.8-122.7 151.6   39.6  -12.8   18.1
  122  125 A C  E    S+ D   0 130A   1      8,-1.8     8,-2.4    -2,-0.3   157,-0.2  -0.966  76.1  31.3-125.0 103.4   36.9  -11.5   15.7
  123  126 A G  S    S-     0   0    0    155,-2.5   155,-0.3    -2,-0.5    -1,-0.2   0.255  74.0-123.8 115.3 125.1   33.6  -12.2   17.3
  124  127 A A  S    S+     0   0    8    153,-2.2   154,-0.1   222,-0.2    -1,-0.1   0.672  90.5  76.8 -69.7 -21.5   32.6  -12.3   21.0
  125  128 A N  S >> S-     0   0   12    152,-0.2     3,-2.0     1,-0.1     4,-1.0  -0.846  72.6-144.7 -99.3 122.7   31.2  -15.9   20.9
  126  129 A P  T 34 S+     0   0   87      0, 0.0    -1,-0.1     0, 0.0    -2,-0.0   0.647  96.2  61.9 -55.2 -20.2   33.7  -18.8   20.8
  127  130 A D  T 34 S+     0   0  152      1,-0.2    -3,-0.0     3,-0.0    -2,-0.0   0.668 120.2  20.6 -83.0 -17.5   31.5  -20.9   18.5
  128  131 A T  T <4 S+     0   0   14     -3,-2.0    -1,-0.2     2,-0.0     2,-0.2   0.263  97.3 115.1-132.3   8.1   31.5  -18.4   15.6
  129  132 A R     <  -     0   0   44     -4,-1.0     2,-0.5    -6,-0.1    -6,-0.2  -0.485  57.7-131.3 -84.4 155.1   34.6  -16.3   16.3
  130  133 A L  E     -D  122   0A   9     -8,-2.4    -8,-1.8    -2,-0.2     2,-0.9  -0.894   7.9-141.7-106.5 131.1   37.7  -16.2   14.1
  131  134 A S  E     -D  121   0A  20     -2,-0.5    32,-3.7   -10,-0.2    33,-1.7  -0.847  31.3-169.6 -89.6 107.0   41.2  -16.5   15.6
  132  135 A V  E     -Df 120 164A   0    -12,-2.0   -12,-2.1    -2,-0.9     2,-0.6  -0.884  17.4-158.8-108.4 134.9   43.2  -14.0   13.6
  133  136 A R  E     -Df 119 165A   6     31,-2.1    33,-2.3    -2,-0.4     2,-0.4  -0.947  12.5-162.1-111.9 114.6   47.0  -13.6   13.6
  134  137 A F  E     -Df 118 166A   4    -16,-2.9   -16,-1.9    -2,-0.6     2,-0.4  -0.813   4.1-168.1 -98.1 139.0   48.1  -10.2   12.3
  135  138 A I  E     +Df 117 167A   1     31,-2.2    33,-2.7    -2,-0.4     2,-0.3  -0.993  19.8 146.1-129.3 129.9   51.7   -9.6   11.2
  136  139 A T  E     -D  116   0A   6    -20,-1.9   -20,-2.4    -2,-0.4    33,-0.1  -0.912  44.3-142.1-151.5 173.5   53.2   -6.2   10.6
  137  140 A E  S    S+     0   0   21     31,-0.3     2,-0.4    -2,-0.3   -23,-0.1   0.334  81.7  81.8-123.2   1.9   56.5   -4.2   10.8
  138  141 A V     >  -     0   0    2      1,-0.1     4,-1.0   -22,-0.1     3,-0.3  -0.913  68.8-147.8-111.1 130.7   55.0   -0.9   12.0
  139  142 A A  H >> S+     0   0    9     -2,-0.4     4,-1.9     1,-0.2     3,-0.9   0.945  95.2  54.6 -64.8 -50.0   54.2   -0.5   15.7
  140  143 A W  H 3> S+     0   0    2    -98,-0.3     4,-2.1     1,-0.3    -1,-0.2   0.741 104.6  57.8 -58.7 -22.2   51.1    1.7   15.4
  141  144 A Q  H 3> S+     0   0    2     -3,-0.3     4,-1.5     2,-0.2    -1,-0.3   0.851 106.6  45.9 -75.1 -37.9   49.6   -0.8   13.1
  142  145 A A  H <X S+     0   0    0     -4,-1.0     4,-1.1    -3,-0.9    -2,-0.2   0.797 110.7  56.2 -72.0 -27.5   49.8   -3.6   15.7
  143  146 A H  H >X S+     0   0    0     -4,-1.9     4,-2.5     2,-0.2     3,-0.6   0.955 103.8  53.4 -66.6 -47.3   48.4   -1.0   18.1
  144  147 A F  H 3X S+     0   0    0     -4,-2.1     4,-2.6     1,-0.3    -2,-0.2   0.880 110.8  45.2 -55.0 -43.0   45.4   -0.5   15.9
  145  148 A V  H 3X S+     0   0    1     -4,-1.5     4,-1.3     2,-0.2    -1,-0.3   0.704 109.7  55.8 -76.2 -20.7   44.6   -4.3   15.8
  146  149 A K  H << S+     0   0   33     -4,-1.1    -2,-0.2    -3,-0.6    -1,-0.2   0.917 113.7  40.7 -74.1 -43.8   45.1   -4.5   19.5
  147  150 A N  H  < S+     0   0    0     -4,-2.5   188,-0.3     1,-0.2    -2,-0.2   0.949 120.2  42.8 -66.8 -50.9   42.5   -1.8   20.1
  148  151 A M  H  < S+     0   0    0     -4,-2.6   132,-1.5    -5,-0.2   133,-0.8   0.660 108.1  56.3 -75.1 -24.9   40.0   -2.9   17.4
  149  152 A F  S  < S-     0   0    2     -4,-1.3     2,-0.7   130,-0.3   -27,-0.2  -0.631  98.3 -80.8-106.4 171.4   39.9   -6.7   17.9
  150  153 A I  B     -E  121   0A  31    -29,-2.3   -29,-1.5   128,-0.4    -3,-0.1  -0.599  42.5-137.0 -76.5 109.8   39.2   -8.9   20.9
  151  154 A R        -     0   0   70     -2,-0.7   -31,-0.1    -5,-0.2    -1,-0.1  -0.530  22.5-136.6 -69.2 114.8   42.2   -9.1   23.2
  152  155 A P        -     0   0   24      0, 0.0     2,-0.1     0, 0.0    -1,-0.1  -0.247  14.0-113.3 -71.9 159.1   42.7  -12.7   24.3
  153  156 A S    >>  -     0   0   38      1,-0.1     4,-2.0    -2,-0.0     3,-0.7  -0.462  30.6-105.4 -87.3 163.5   43.6  -13.8   27.9
  154  157 A D  H 3> S+     0   0  145      1,-0.3     4,-0.9     2,-0.2    -1,-0.1   0.885 124.2  51.9 -55.8 -39.3   46.9  -15.5   28.8
  155  158 A E  H 3> S+     0   0  164      1,-0.2     4,-0.6     2,-0.2    -1,-0.3   0.783 108.4  51.5 -69.8 -25.7   45.0  -18.8   29.1
  156  159 A E  H X4 S+     0   0   73     -3,-0.7     3,-0.6     1,-0.2    -2,-0.2   0.837 103.1  56.7 -79.3 -33.9   43.5  -18.3   25.6
  157  160 A L  H >< S+     0   0   36     -4,-2.0     3,-0.9     1,-0.2    -1,-0.2   0.762  95.8  69.4 -67.8 -23.8   46.8  -17.6   23.9
  158  161 A A  H 3< S+     0   0   85     -4,-0.9    -1,-0.2     1,-0.3    -2,-0.2   0.874 111.8  27.6 -61.8 -42.5   48.0  -21.0   25.2
  159  162 A G  T << S+     0   0   68     -4,-0.6     2,-0.4    -3,-0.6    -1,-0.3   0.119  90.7 144.1-108.0  23.1   45.7  -22.9   22.9
  160  163 A F    <   +     0   0   24     -3,-0.9    -3,-0.1    -4,-0.0    -4,-0.0  -0.469  17.0 168.0 -70.8 117.3   45.6  -20.2   20.2
  161  164 A K        -     0   0  148     -2,-0.4   -30,-0.2   -29,-0.0    -2,-0.0  -0.958  32.4-127.9-130.4 108.0   45.5  -21.6   16.7
  162  165 A P        -     0   0    5      0, 0.0   -30,-0.2     0, 0.0     3,-0.1  -0.187  19.3-170.0 -60.3 143.9   44.7  -19.0   14.0
  163  166 A D  S    S+     0   0   59    -32,-3.7     2,-0.3     1,-0.3   -31,-0.2   0.540  80.0  26.5-100.8 -24.7   41.9  -19.5   11.5
  164  167 A F  E     -f  132   0A   1    -33,-1.7   -31,-2.1     2,-0.0     2,-0.4  -0.994  67.8-155.4-142.3 144.7   42.9  -16.5    9.4
  165  168 A I  E     -fg 133 196A  16     30,-1.9    32,-1.9    -2,-0.3     2,-0.5  -0.974   3.5-165.5-124.1 134.2   46.2  -14.7    8.8
  166  169 A V  E     -fg 134 197A   1    -33,-2.3   -31,-2.2    -2,-0.4     2,-0.6  -0.987   3.1-167.1-123.5 117.6   46.6  -11.1    7.8
  167  170 A M  E     -fg 135 198A   0     30,-2.8    32,-1.6    -2,-0.5     2,-0.8  -0.939   8.1-155.1-105.2 114.9   50.0  -10.0    6.5
  168  171 A N  E     + g   0 199A   2    -33,-2.7   -31,-0.3    -2,-0.6     3,-0.2  -0.808  20.8 169.2 -96.2 107.5   50.4   -6.2    6.2
  169  172 A G  E >   + g   0 200A   0     30,-3.0     3,-2.6    -2,-0.8    32,-0.9  -0.255  15.5 153.0-108.6  44.9   53.0   -5.3    3.7
  170  173 A A  T 3   +     0   0    5      1,-0.3    31,-0.2    30,-0.3    -1,-0.2   0.744  68.0  58.1 -42.6 -37.4   52.2   -1.5    3.6
  171  174 A K  T 3  S+     0   0   93     -3,-0.2    -1,-0.3    29,-0.1     2,-0.3   0.621  97.9  71.8 -74.9 -14.3   55.7   -0.6    2.6
  172  175 A C    <   -     0   0   14     -3,-2.6    29,-1.4    27,-0.2     2,-0.3  -0.733  60.3-168.2-105.4 153.2   55.7   -2.7   -0.5
  173  176 A T        -     0   0   68     -2,-0.3    13,-0.2    27,-0.2    28,-0.1  -0.832  28.6-109.0-130.5 166.3   53.9   -2.2   -3.8
  174  177 A N    >   -     0   0    1     11,-2.3     3,-1.1    -2,-0.3   -72,-0.0  -0.857  27.0-178.0-104.8 101.8   53.2   -4.3   -6.9
  175  178 A P  T 3  S+     0   0   86      0, 0.0     3,-0.4     0, 0.0    -1,-0.1   0.696  80.0  59.4 -69.4 -21.7   55.3   -3.0   -9.9
  176  179 A Q  T 3> S+     0   0   71      1,-0.2     4,-1.0     2,-0.1     3,-0.3   0.163  70.4 115.0 -95.8  21.9   53.9   -5.6  -12.4
  177  180 A W  H X>> +     0   0   59     -3,-1.1     5,-1.8     1,-0.2     4,-1.0   0.874  69.0  55.2 -59.1 -45.4   50.3   -4.5  -11.9
  178  181 A K  H 345S+     0   0  157     -3,-0.4     3,-0.5     1,-0.3    -1,-0.2   0.864 108.2  50.2 -56.5 -40.1   49.6   -3.2  -15.4
  179  182 A E  H 345S+     0   0  169     -3,-0.3    -1,-0.3     1,-0.2    -2,-0.2   0.742 112.5  48.2 -71.2 -22.4   50.6   -6.6  -16.8
  180  183 A Q  H <<5S-     0   0   54     -4,-1.0    -1,-0.2    -3,-0.7    -2,-0.2   0.535 110.2-118.0 -97.0  -7.8   48.2   -8.3  -14.4
  181  184 A G  T  <5 +     0   0   65     -4,-1.0    -3,-0.2    -3,-0.5     2,-0.1   0.754  62.4 145.1  77.8  26.1   45.2   -6.1  -15.0
  182  185 A L      < -     0   0   17     -5,-1.8    -1,-0.2     1,-0.1  -116,-0.1  -0.405  61.0-111.2 -90.3 170.4   44.9   -4.7  -11.5
  183  186 A N  S    S-     0   0   60   -118,-0.3     2,-0.3     1,-0.1  -117,-0.1   0.850  84.0 -34.1 -70.0 -40.7   43.8   -1.2  -10.6
  184  187 A S  S    S-     0   0   14      2,-0.4    -1,-0.1  -119,-0.1    -2,-0.1  -0.908  72.9 -72.8-162.3-171.0   47.2   -0.0   -9.4
  185  188 A E  S    S+     0   0   72     -2,-0.3   -11,-2.3    -3,-0.1    -9,-0.1   0.775 106.1  81.4 -68.4 -28.6   50.4   -1.0   -7.6
  186  189 A N        -     0   0   10    -13,-0.2    -2,-0.4    15,-0.1     2,-0.3  -0.209  62.9-174.2 -74.2 165.9   48.5   -1.1   -4.3
  187  190 A F  E     - H   0 200A   1     13,-2.3    13,-2.6    -4,-0.1     2,-0.3  -0.941  30.6-173.4-168.1 143.9   46.5   -4.2   -3.2
  188  191 A V  E     +bH  67 199A   1   -122,-2.2  -120,-2.1    -2,-0.3     2,-0.3  -0.826  34.5 174.9-136.9  91.4   44.1   -5.6   -0.6
  189  192 A A  E     -bH  68 198A   0      9,-1.8     9,-2.5    -2,-0.3     2,-0.4  -0.794  18.7-162.9-110.7 150.8   43.6   -9.3   -1.4
  190  193 A F  E     -bH  69 197A   1   -122,-1.7  -120,-2.8    -2,-0.3     2,-0.4  -0.965   4.3-171.4-129.1 142.4   41.8  -12.2    0.2
  191  194 A N  E  >> - H   0 196A   7      5,-2.1     5,-1.9    -2,-0.4     4,-1.0  -0.954   3.2-170.9-134.3 111.1   42.2  -15.9   -0.4
  192  195 A L  T  45S+     0   0   21     -2,-0.4    -1,-0.1  -122,-0.3     5,-0.0   0.565  85.4  58.3 -79.0 -12.2   39.6  -18.1    1.3
  193  196 A T  T  45S+     0   0   80      1,-0.1    -1,-0.2     3,-0.1    -2,-0.0   0.848 120.1  29.2 -82.0 -38.8   41.4  -21.4    0.5
  194  197 A E  T  45S-     0   0   99      2,-0.1    -2,-0.2   -29,-0.0   -29,-0.1   0.566 104.9-134.2 -92.3 -13.2   44.5  -20.2    2.3
  195  198 A R  T  <5 +     0   0   92     -4,-1.0   -30,-1.9     1,-0.2     2,-0.3   0.961  58.0 130.4  55.9  59.5   42.5  -18.1    4.7
  196  199 A M  E   < -gH 165 191A   8     -5,-1.9    -5,-2.1   -32,-0.2     2,-0.4  -0.952  47.7-151.2-139.9 158.4   44.7  -15.0    4.4
  197  200 A Q  E     -gH 166 190A   0    -32,-1.9   -30,-2.8    -2,-0.3     2,-0.4  -0.999  12.9-164.1-130.7 132.6   44.6  -11.3    3.7
  198  201 A L  E     -gH 167 189A   0     -9,-2.5    -9,-1.8    -2,-0.4     2,-0.4  -0.936   2.9-170.0-116.9 140.3   47.5   -9.4    2.0
  199  202 A I  E     +gH 168 188A   0    -32,-1.6   -30,-3.0    -2,-0.4     2,-0.4  -1.000   9.1 172.2-132.2 130.8   47.9   -5.7    2.1
  200  203 A G  E     +gH 169 187A   0    -13,-2.6   -13,-2.3    -2,-0.4     2,-0.9  -0.999  60.4   2.8-139.6 139.9   50.4   -3.7    0.0
  201  204 A G  S    S+     0   0    9    -29,-1.4     2,-0.4   -32,-0.9  -142,-0.2  -0.105 102.4  89.6  85.3 -44.2   50.9   -0.0   -0.5
  202  205 A T        -     0   0    1     -2,-0.9   -30,-0.1   -15,-0.3  -145,-0.1  -0.814  49.3-171.7 -95.2 133.9   48.2    1.3    1.7
  203  206 A W        +     0   0   24   -147,-0.6    -1,-0.1    -2,-0.4  -146,-0.1   0.663  45.4 124.9 -90.7 -23.8   49.0    2.0    5.4
  204  207 A Y    >   -     0   0   11   -148,-0.3     3,-1.1  -145,-0.2     4,-0.3  -0.130  52.9-151.4 -45.3 118.5   45.4    2.7    6.4
  205  208 A G  T >> S+     0   0    0      1,-0.2     3,-1.9     2,-0.2     4,-1.2   0.780  85.7  77.5 -65.3 -29.4   44.5    0.5    9.3
  206  209 A G  H 3> S+     0   0    2      1,-0.3     4,-2.6     2,-0.2     5,-0.4   0.746  80.8  69.9 -54.0 -25.7   40.8    0.4    8.4
  207  210 A E  H <> S+     0   0   10     -3,-1.1     4,-0.7     1,-0.2    -1,-0.3   0.826 101.3  44.8 -63.3 -31.3   41.6   -2.1    5.6
  208  211 A M  H <> S+     0   0    5     -3,-1.9     4,-1.7    -4,-0.3    -1,-0.2   0.866 115.6  47.5 -78.6 -38.6   42.3   -4.8    8.3
  209  212 A K  H >X S+     0   0    3     -4,-1.2     4,-1.8     2,-0.2     3,-0.6   0.996 119.9  36.4 -63.0 -64.4   39.2   -3.9   10.3
  210  213 A K  H 3X S+     0   0   26     -4,-2.6     4,-2.3     1,-0.2    -1,-0.2   0.714 112.6  62.7 -63.7 -22.8   36.8   -3.8    7.4
  211  214 A G  H 3X S+     0   0    3     -4,-0.7     4,-1.1    -5,-0.4    -1,-0.2   0.909 106.6  41.6 -69.5 -43.6   38.7   -6.7    5.8
  212  215 A M  H <X S+     0   0    0     -4,-1.7     4,-1.9    -3,-0.6    -2,-0.2   0.851 111.7  56.8 -71.9 -31.6   37.9   -9.1    8.7
  213  216 A F  H  X S+     0   0    2     -4,-1.8     4,-2.5     1,-0.2     3,-0.3   0.959 103.7  53.5 -62.2 -46.9   34.3   -7.7    8.7
  214  217 A S  H  < S+     0   0    0     -4,-2.3    -1,-0.2     1,-0.3    -2,-0.2   0.818 108.5  50.3 -56.5 -34.8   34.0   -8.7    5.0
  215  218 A M  H >X S+     0   0    0     -4,-1.1     4,-2.3     2,-0.2     3,-0.8   0.863 109.8  48.6 -72.5 -36.6   35.1  -12.2    6.0
  216  219 A M  H 3X S+     0   0    0     -4,-1.9     4,-2.0    -3,-0.3    -2,-0.2   0.853 105.5  59.7 -69.1 -34.2   32.5  -12.4    8.8
  217  220 A N  H 3< S+     0   0    4     -4,-2.5   193,-0.3   191,-0.2    -1,-0.2   0.570 111.4  42.4 -69.4  -9.3   29.9  -11.1    6.3
  218  221 A Y  H <> S+     0   0   21     -3,-0.8     4,-0.6    -5,-0.2    -2,-0.2   0.837 117.4  40.2-101.3 -49.6   30.7  -14.2    4.3
  219  222 A L  H  < S+     0   0   37     -4,-2.3    -2,-0.2     1,-0.1    -3,-0.2   0.879 112.8  50.7 -70.6 -43.8   30.9  -17.0    6.9
  220  223 A L  T ><>S+     0   0    1     -4,-2.0     3,-2.9     1,-0.2     5,-2.1   0.935 103.1  52.3 -66.0 -54.2   28.0  -16.1    9.2
  221  224 A P  G >45S+     0   0   18      0, 0.0     3,-1.2     0, 0.0    -1,-0.2   0.827 104.1  61.9 -55.4 -27.2   25.0  -15.6    6.8
  222  225 A L  G 3<5S+     0   0   86     -4,-0.6    -2,-0.2     1,-0.3    -3,-0.1   0.606 106.9  45.2 -72.4 -11.4   25.9  -19.1    5.5
  223  226 A K  G < 5S-     0   0  115     -3,-2.9    -1,-0.3     2,-0.2    -3,-0.1   0.277 125.4-101.1-110.9   4.4   25.2  -20.4    9.0
  224  227 A G  T < 5S+     0   0   19     -3,-1.2     2,-0.6    -4,-0.3    -2,-0.1   0.651  82.4 130.7  83.3  16.5   22.0  -18.4    9.5
  225  228 A I      < -     0   0   21     -5,-2.1    -1,-0.3    -6,-0.1    -2,-0.2  -0.909  58.2-126.4-107.9 120.5   23.7  -15.7   11.6
  226  229 A A  E     -M  270   0C   1     44,-1.6    44,-1.7    -2,-0.6     2,-0.5  -0.360  18.6-159.0 -63.8 138.8   23.0  -12.1   10.7
  227  230 A S  E     -M  269   0C  10     42,-0.2     2,-0.4   -10,-0.1    42,-0.2  -0.993  21.1-168.6-121.8 122.2   26.2  -10.1   10.1
  228  231 A M  E     -M  268   0C   4     40,-3.6    40,-2.0    -2,-0.5     2,-1.3  -0.907  37.9-143.7-129.3 146.7   25.5   -6.4   10.5
  229  232 A H        +     0   0   13    174,-0.4    16,-0.8    -2,-0.4     2,-0.3  -0.688  69.4 110.6 -97.4  79.1   27.0   -2.9    9.9
  230  233 A C  E     -P  244   0D   0     -2,-1.3    14,-0.2    36,-0.4    36,-0.2  -0.987  63.3-126.4-151.2 156.4   25.4   -1.4   13.1
  231  234 A S  E     -P  243   0D   0     12,-2.0    12,-1.9    -2,-0.3     2,-0.3  -0.402  33.1-162.2 -92.8 175.0   26.2   -0.1   16.5
  232  235 A A  E     +PQ 242 264D   0     32,-2.3    31,-2.8    10,-0.2    32,-1.8  -0.945  16.5 170.9-165.0 142.4   24.3   -1.5   19.6
  233  236 A N  E     -PQ 241 262D   1      8,-1.8     8,-2.7    -2,-0.3     2,-0.3  -0.955  18.0-137.9-148.2 163.9   23.4   -0.9   23.2
  234  237 A V  E     -PQ 240 261D   3     27,-2.2    27,-2.3    -2,-0.3     6,-0.2  -0.926  12.3-136.5-124.2 153.0   21.2   -2.2   26.0
  235  238 A G    >   -     0   0    5      4,-1.4     3,-1.7    -2,-0.3    25,-0.1  -0.496  36.8 -99.6 -99.7 171.7   19.0   -0.6   28.6
  236  239 A E  T 3  S+     0   0  192      1,-0.3    -1,-0.1    23,-0.2    24,-0.0   0.767 126.0  56.2 -62.5 -24.8   18.8   -1.5   32.3
  237  240 A K  T 3  S-     0   0  175      2,-0.1    -1,-0.3     1,-0.0    -3,-0.0   0.552 123.2-108.4 -83.8  -6.3   15.6   -3.5   31.5
  238  241 A G    <   +     0   0   41     -3,-1.7     2,-0.5     1,-0.3   111,-0.2   0.632  65.2 152.4  90.9  13.6   17.6   -5.5   29.0
  239  242 A D        -     0   0   25    112,-0.1    -4,-1.4   109,-0.1     2,-0.4  -0.696  32.9-148.5 -81.3 121.3   16.1   -4.0   25.8
  240  243 A V  E     -Pr 234 351D   1    110,-0.6   112,-2.5    -2,-0.5   113,-1.4  -0.795  12.2-168.5 -97.1 133.9   18.6   -4.1   23.0
  241  244 A A  E     -Pr 233 353D   0     -8,-2.7    -8,-1.8    -2,-0.4     2,-0.4  -0.958   4.2-160.4-121.4 133.2   18.7   -1.5   20.2
  242  245 A V  E     -Pr 232 354D   0    111,-2.1   113,-2.8    -2,-0.4     2,-0.6  -0.929   4.5-156.5-113.6 137.2   20.7   -1.8   16.9
  243  246 A F  E     -Pr 231 355D   0    -12,-1.9   -12,-2.0    -2,-0.4   113,-0.2  -0.925  10.1-170.5-116.3 106.0   21.6    1.2   14.8
  244  247 A F  E     +Pr 230 356D   2    111,-2.8   113,-2.5    -2,-0.6     2,-0.2  -0.482  24.5 126.4 -86.4 164.7   22.3    0.6   11.0
  245  248 A G        -     0   0    0    -16,-0.8   113,-0.1   159,-0.2     3,-0.1  -0.778  52.4 -94.6 156.8 155.1   23.6    3.3    8.8
  246  249 A L    >   -     0   0   20    111,-0.5     3,-1.7    -2,-0.2     5,-0.3  -0.257  68.4 -56.7 -81.7 176.8   26.3    4.3    6.3
  247  250 A S  T 3  S+     0   0   68      1,-0.2    -1,-0.2     2,-0.1   157,-0.0  -0.244 124.0  15.7 -57.2 139.2   29.5    6.1    7.2
  248  251 A G  T 3  S+     0   0   39     -3,-0.1    -1,-0.2     1,-0.1   110,-0.1   0.428  91.8 111.7  78.6   1.0   29.0    9.4    9.0
  249  252 A T  S <  S-     0   0    1     -3,-1.7   109,-0.2   108,-0.1    -2,-0.1   0.744  92.2 -94.6 -79.0 -28.7   25.4    8.8    9.8
  250  253 A G  S  > S+     0   0   11     -4,-0.3     4,-2.5   107,-0.1     5,-0.4   0.541  77.4 133.4 128.6   9.4   25.7    8.5   13.6
  251  254 A K  H  > S+     0   0   10     -5,-0.3     4,-1.2     1,-0.2   -19,-0.1   0.901  86.8  35.5 -55.6 -43.4   26.1    4.9   14.6
  252  255 A T  H  > S+     0   0   17      2,-0.2     4,-1.0     1,-0.1    -1,-0.2   0.936 119.8  45.2 -78.2 -48.2   29.0    5.7   16.9
  253  256 A T  H  4 S+     0   0    7      1,-0.2    -2,-0.2     2,-0.2    -1,-0.1   0.874 119.2  42.6 -64.6 -37.4   28.0    9.1   18.2
  254  257 A L  H  < S+     0   0    9     -4,-2.5    -1,-0.2     1,-0.2    -2,-0.2   0.797 110.5  52.0 -81.7 -30.9   24.4    8.0   18.9
  255  258 A S  H  < S+     0   0    0     -4,-1.2     2,-1.9    -5,-0.4    -1,-0.2   0.693  90.3  85.4 -76.4 -19.3   25.0    4.6   20.5
  256  259 A T     <  +     0   0    5     -4,-1.0    40,-0.2    -5,-0.1    -1,-0.2  -0.647  61.8 150.5 -83.9  81.6   27.5    6.2   22.8
  257  260 A D    >   -     0   0   30     -2,-1.9     3,-1.8     3,-0.3     5,-0.1  -0.983  45.7-147.6-121.6 117.7   24.7    7.2   25.3
  258  261 A P  T 3  S+     0   0   44      0, 0.0    -1,-0.1     0, 0.0     4,-0.0   0.757  98.5  60.4 -54.8 -28.3   25.6    7.4   29.0
  259  262 A K  T 3  S+     0   0  167      2,-0.0     2,-0.3    -3,-0.0   -23,-0.2   0.724 106.7  51.2 -75.3 -20.2   22.1    6.2   29.9
  260  263 A R  S <  S-     0   0   23     -3,-1.8     2,-0.6   -25,-0.1    -3,-0.3  -0.869  87.8-108.9-122.8 152.6   22.6    2.9   28.1
  261  264 A R  E     -Q  234   0D  93    -27,-2.3   -27,-2.2    -2,-0.3     2,-0.3  -0.694  34.7-130.5 -82.2 116.9   25.3    0.2   28.1
  262  265 A L  E     +Qs 233 341D   3     78,-2.3    80,-1.9    -2,-0.6   -29,-0.3  -0.462  27.4 176.6 -70.4 122.1   27.3    0.2   24.9
  263  266 A I  E     -     0   0D   0    -31,-2.8     2,-0.3     1,-0.4   -30,-0.2   0.859  66.3 -42.4 -88.3 -49.6   27.6   -3.3   23.3
  264  267 A G  E     -Q  232   0D   0    -32,-1.8   -32,-2.3    13,-0.1    -1,-0.4  -0.954  40.9-135.5-168.2 174.6   29.6   -2.2   20.2
  265  268 A D  S    S+     0   0    1     16,-0.3   -34,-0.2   -34,-0.3   -10,-0.1   0.471  86.8   6.6-126.7   2.4   29.6    0.6   17.6
  266  269 A D  S    S+     0   0   18      1,-0.2     2,-0.4   -36,-0.2   -36,-0.4   0.609 111.2  42.0-153.6 -34.4   30.1   -0.9   14.2
  267  270 A E        +     0   0    1    -38,-0.2    11,-2.1   -35,-0.1    12,-0.5  -0.931  56.5 155.8-137.2 118.5   30.1   -4.6   13.6
  268  271 A H  E     -MN 228 277C   0    -40,-2.0   -40,-3.6    -2,-0.4     2,-0.3  -0.934  25.1-148.5-139.8 156.0   27.7   -7.2   15.2
  269  272 A G  E     -MN 227 276C   0      7,-2.5     7,-2.1    -2,-0.3     2,-0.4  -0.733  10.6-147.1-114.3 166.9   26.2  -10.6   14.6
  270  273 A W  E     +MN 226 275C   0    -44,-1.7   -44,-1.6    -2,-0.3     5,-0.2  -0.896  28.4 157.4-142.2 105.7   22.8  -11.9   15.6
  271  274 A D        -     0   0   32      3,-2.1   -46,-0.0    -2,-0.4   -47,-0.0  -0.253  61.0 -68.1-109.9-160.4   22.4  -15.6   16.5
  272  275 A D  S    S+     0   0  125      1,-0.2    78,-0.1    -2,-0.1     3,-0.1   0.760 132.0  46.5 -65.2 -27.1   20.0  -17.7   18.5
  273  276 A D  S    S-     0   0  126      1,-0.3     2,-0.3    76,-0.1    77,-0.3   0.755 117.6-102.3 -86.9 -29.2   21.2  -16.1   21.8
  274  277 A G        -     0   0    2     75,-0.2    -3,-2.1    76,-0.0     2,-0.4  -0.975  60.3 -12.0 145.1-157.7   21.1  -12.5   20.6
  275  278 A V  E     -N  270   0C   0     74,-1.2    73,-2.3    -2,-0.3     2,-0.4  -0.681  55.5-178.1 -88.2 130.1   23.3   -9.6   19.4
  276  279 A F  E     -NO 269 347C   1     -7,-2.1    -7,-2.5    -2,-0.4    71,-0.2  -0.989  23.8-120.9-134.0 140.9   27.1   -9.9   19.8
  277  280 A N  E     -N  268   0C   1     69,-2.6  -153,-2.2    -2,-0.4    -9,-0.2  -0.380   8.4-160.3 -76.0 147.2   30.0   -7.6   19.0
  278  281 A F  S    S+     0   0    0    -11,-2.1  -155,-2.5  -155,-0.3  -128,-0.4   0.740  71.4  60.6 -93.1 -33.6   32.8   -8.6   16.6
  279  282 A E        -     0   0    1    -12,-0.5  -130,-0.3  -157,-0.2    67,-0.1  -0.375  62.8-146.9 -96.9 172.0   35.3   -6.0   17.9
  280  283 A G  S    S+     0   0    4   -132,-1.5    55,-2.6    -2,-0.1    56,-0.3   0.242  81.6  27.8-120.4   9.0   37.2   -5.1   21.1
  281  284 A G  E    S-K  334   0B   0   -133,-0.8   -16,-0.3    53,-0.3     2,-0.3  -0.902  73.7-107.6-155.3-177.8   37.3   -1.3   20.5
  282  285 A C  E     -K  333   0B   1     51,-2.6    51,-1.6    -2,-0.3     2,-0.4  -0.895  10.6-152.9-122.8 154.6   35.7    1.7   18.9
  283  286 A Y  E     -K  332   0B  14     -2,-0.3    49,-0.2    49,-0.2     2,-0.1  -0.770  24.8-172.7-130.5  84.2   36.7    3.8   15.9
  284  287 A A  E     -K  331   0B   1     47,-1.5    47,-1.0    -2,-0.4     2,-0.3  -0.428  23.5-121.9 -83.7 153.0   35.3    7.4   16.3
  285  288 A K  E     -K  330   0B  65     45,-0.2    45,-0.2    -2,-0.1    43,-0.1  -0.699  23.1-172.4 -88.4 140.3   35.3   10.3   13.9
  286  289 A T    >   +     0   0    0     43,-2.0     3,-2.0    -2,-0.3    44,-0.1   0.495  35.3 126.2-117.4  -2.2   37.0   13.4   15.2
  287  290 A I  T 3  S-     0   0   56     42,-0.5    34,-0.3    40,-0.4     3,-0.1  -0.362  95.8  -6.7 -60.1 134.4   36.4   16.3   12.7
  288  291 A K  T 3  S-     0   0  138     32,-1.8    -1,-0.3     1,-0.2    33,-0.2   0.795  91.9-175.6  48.8  33.7   35.0   19.2   14.6
  289  292 A L    <   -     0   0   12     -3,-2.0     2,-0.5    31,-0.3    -1,-0.2  -0.435  10.0-155.1 -63.4 127.9   34.7   17.0   17.7
  290  293 A S     >  -     0   0   37     -2,-0.2     4,-2.7    -3,-0.1     8,-0.2  -0.940  13.6-156.6-109.2 123.3   33.0   18.9   20.5
  291  294 A K  T  4 S+     0   0  102     -2,-0.5    -1,-0.1     2,-0.2     8,-0.1   0.757  98.8  51.0 -69.3 -22.6   33.7   17.8   24.1
  292  295 A E  T  4 S+     0   0  140      2,-0.2    -1,-0.2     1,-0.1    -3,-0.0   0.942 115.9  39.5 -77.0 -47.8   30.4   19.4   25.1
  293  296 A A  T  4 S+     0   0   19      1,-0.2    -2,-0.2     2,-0.1    -1,-0.1   0.839 133.7  21.1 -70.2 -38.5   28.4   17.5   22.4
  294  297 A E  S  X S+     0   0   22     -4,-2.7     4,-2.0     1,-0.1    -1,-0.2  -0.540  70.2 157.7-133.3  70.1   30.2   14.2   22.6
  295  298 A P  H  > S+     0   0   46      0, 0.0     4,-2.3     0, 0.0     5,-0.1   0.818  72.3  55.3 -63.3 -37.3   31.9   14.0   26.1
  296  299 A E  H  > S+     0   0   30      2,-0.2     4,-0.6     1,-0.2    43,-0.1   0.930 111.7  43.3 -63.9 -46.4   32.2   10.2   26.3
  297  300 A I  H >> S+     0   0    2      1,-0.2     3,-0.9     2,-0.2     4,-0.6   0.922 113.6  52.4 -66.0 -41.4   34.1   10.0   23.0
  298  301 A Y  H >< S+     0   0   41     -4,-2.0     3,-1.1     1,-0.3    -2,-0.2   0.889 107.8  50.6 -62.4 -41.3   36.3   13.0   23.9
  299  302 A N  H 3< S+     0   0  109     -4,-2.3    -1,-0.3     1,-0.3    -2,-0.2   0.616  99.0  66.6 -74.0 -11.7   37.3   11.5   27.3
  300  303 A A  H << S+     0   0    0     -3,-0.9     2,-1.5    -4,-0.6    -1,-0.3   0.684  78.0  93.0 -79.2 -19.0   38.2    8.2   25.6
  301  304 A I    <<  +     0   0    7     -3,-1.1     2,-0.3    -4,-0.6  -250,-0.2  -0.607  63.2 102.9 -79.3  89.9   41.0   10.1   23.8
  302  305 A R  S >  S-     0   0   96     -2,-1.5     3,-2.4  -252,-0.2  -252,-0.2  -0.860  80.7 -29.7-152.9-179.1   43.8    9.4   26.3
  303  306 A R  T 3  S+     0   0  123   -254,-0.4  -252,-0.2    -2,-0.3    -1,-0.1  -0.090 128.5  27.9 -44.7 136.0   46.9    7.2   26.5
  304  307 A D  T 3  S+     0   0   31      1,-0.4    -1,-0.3  -254,-0.3     2,-0.3   0.081  96.1 106.9  93.8 -17.9   46.3    3.9   24.6
  305  308 A A    <   -     0   0    0     -3,-2.4  -253,-0.9    28,-0.1     2,-0.6  -0.636  66.0-138.8 -84.8 149.0   43.9    5.5   22.2
  306  309 A L  E     -jL  52 332B   0     26,-2.4    26,-1.8    -2,-0.3  -253,-0.2  -0.917   9.6-153.3-119.9 109.3   45.4    6.1   18.7
  307  310 A L  E     -jL  53 331B   0   -255,-2.1  -253,-2.3    -2,-0.6     2,-0.4  -0.517  11.3-153.6 -77.0 144.3   44.7    9.3   16.9
  308  311 A E  E     -jL  54 330B   0     22,-2.6    22,-1.3  -255,-0.2  -253,-0.2  -0.984  61.1 -24.1-128.5 126.7   44.8    9.3   13.1
  309  312 A N  S    S+     0   0    2   -255,-2.4    16,-0.3    -2,-0.4    17,-0.3   0.530  86.9 143.5  56.5  11.6   45.5   12.1   10.6
  310  313 A V        -     0   0   13   -256,-0.3     2,-0.6    20,-0.2    -1,-0.2  -0.439  55.8-112.4 -75.2 155.7   44.5   14.8   13.1
  311  314 A T  E     -X  319   0E  49      8,-0.5     8,-2.4    11,-0.4     2,-0.5  -0.819  28.7-160.4 -96.1 119.8   46.6   18.0   13.0
  312  315 A V  E     -X  318   0E  38     -2,-0.6     6,-0.2     6,-0.2     5,-0.1  -0.888  13.0-136.5-102.1 123.0   48.7   18.5   16.1
  313  316 A R    >   -     0   0  118      4,-3.5     3,-1.5    -2,-0.5    -1,-0.0  -0.106  32.1 -95.7 -66.2 173.5   49.9   22.1   16.8
  314  317 A E  T 3  S+     0   0  201      1,-0.3    -1,-0.1     2,-0.1    -2,-0.0   0.909 124.7  56.1 -58.5 -44.2   53.5   22.9   17.9
  315  318 A D  T 3  S-     0   0   93      1,-0.1    -1,-0.3     2,-0.1     3,-0.1   0.318 122.7-105.0 -72.8   8.4   52.5   23.0   21.6
  316  319 A G  S <  S+     0   0   14     -3,-1.5  -268,-1.8     1,-0.3  -267,-0.3   0.344  78.2 135.5  85.3  -9.2   51.1   19.4   21.3
  317  320 A T        -     0   0   34   -270,-0.2    -4,-3.5  -269,-0.1     2,-0.4  -0.480  52.5-125.2 -76.0 145.8   47.4   20.6   21.2
  318  321 A I  E     -X  312   0E  24     -6,-0.2     2,-0.9    -2,-0.2    -6,-0.2  -0.730   6.3-150.6 -94.2 136.4   45.1   19.1   18.7
  319  322 A D  E >   -X  311   0E  68     -8,-2.4     3,-1.5    -2,-0.4    -8,-0.5  -0.799  16.6-179.0-103.8  85.6   43.0   21.1   16.2
  320  323 A F  T 3  S+     0   0   19     -2,-0.9   -32,-1.8     1,-0.3   -31,-0.3   0.735  77.0  60.1 -58.0 -24.4   40.0   18.8   15.8
  321  324 A D  T 3  S+     0   0  106    -34,-0.3     2,-0.7   -33,-0.2    -1,-0.3   0.677  80.3  98.9 -79.7 -18.8   38.4   21.2   13.4
  322  325 A D    <   +     0   0   54     -3,-1.5   -11,-0.4   -11,-0.2     3,-0.2  -0.614  38.1 167.3 -76.6 114.6   41.2   21.1   10.8
  323  326 A G        +     0   0   35     -2,-0.7    -1,-0.1     1,-0.1     5,-0.1  -0.006  33.9 123.6-114.4  27.9   40.4   18.7    8.0
  324  327 A S  S    S+     0   0   99      1,-0.2    -1,-0.1     3,-0.1     3,-0.1   0.869  82.1  35.1 -55.8 -47.0   43.2   19.7    5.7
  325  328 A K  S    S-     0   0   74      1,-0.3     2,-0.3   -16,-0.3    -1,-0.2   0.911 139.0 -28.6 -75.5 -40.4   44.7   16.3    5.4
  326  329 A T        -     0   0   11    -17,-0.3    -1,-0.3    -4,-0.2     3,-0.3  -0.981  36.2-134.9-170.3 154.9   41.3   14.6    5.5
  327  330 A E  S    S+     0   0  139     -2,-0.3     2,-0.9     1,-0.2   -40,-0.4   0.616  99.2  80.1 -87.5 -16.1   37.8   14.9    6.8
  328  331 A N        +     0   0   34     -5,-0.1     2,-0.2  -268,-0.1    -1,-0.2  -0.204  60.8 153.3 -85.5  43.9   38.2   11.2    7.8
  329  332 A T        +     0   0    3     -2,-0.9   -43,-2.0    -3,-0.3   -42,-0.5  -0.557  20.8 175.1 -72.7 138.9   40.2   11.9   11.0
  330  333 A R  E     -KL 285 308B  47    -22,-1.3   -22,-2.6   -45,-0.2     2,-0.3  -0.735  27.1-156.4-135.7-177.5   39.7    9.1   13.4
  331  334 A V  E     -KL 284 307B   0    -47,-1.0   -47,-1.5   -24,-0.3     2,-0.3  -0.881  11.0-155.5-165.2 124.8   40.8    7.6   16.8
  332  335 A S  E     +KL 283 306B   0    -26,-1.8   -26,-2.4    -2,-0.3   -49,-0.2  -0.791  17.1 171.1-104.6 155.4   40.6    4.1   17.9
  333  336 A Y  E     -K  282   0B   1    -51,-1.6   -51,-2.6    -2,-0.3   -28,-0.1  -0.965  40.5 -95.8-160.1 145.8   40.4    3.0   21.5
  334  337 A P  E >   -K  281   0B   0      0, 0.0     3,-1.7     0, 0.0   -53,-0.3  -0.325  45.4-110.8 -60.8 153.7   39.8   -0.3   23.4
  335  338 A I  G >  S+     0   0   13    -55,-2.6     3,-2.2  -188,-0.3   -54,-0.1   0.873 111.4  69.9 -59.8 -33.7   36.1   -0.5   24.4
  336  339 A Y  G 3  S+     0   0  100    -56,-0.3    -1,-0.3     1,-0.3     5,-0.1   0.513  76.6  82.6 -63.5  -4.4   36.8   -0.1   28.2
  337  340 A H  G <  S+     0   0    8     -3,-1.7     2,-0.5   -35,-0.0    -1,-0.3   0.539  82.2  73.7 -74.8  -7.8   37.7    3.6   27.5
  338  341 A I  S <  S-     0   0    7     -3,-2.2     3,-0.2     1,-0.2   -41,-0.1  -0.933  80.3-147.7-104.0 128.7   33.9    4.1   27.6
  339  342 A D  S    S+     0   0  114     -2,-0.5     2,-1.6     1,-0.2    -1,-0.2   0.995  83.8  53.2 -60.4 -66.7   32.6    3.9   31.1
  340  343 A N  S    S+     0   0   80    -80,-0.1   -78,-2.3   -79,-0.0     2,-0.3  -0.520  79.7 130.4 -78.5  87.3   29.1    2.4   30.7
  341  344 A I  B     -s  262   0D  18     -2,-1.6     2,-0.4   -80,-0.3   -78,-0.2  -0.914  64.7 -93.7-134.1 160.9   29.7   -0.8   28.6
  342  345 A V        -     0   0   17    -80,-1.9     6,-0.0    -2,-0.3    -2,-0.0  -0.631  57.7-128.7 -75.6 124.6   28.7   -4.4   28.8
  343  346 A K        -     0   0  144     -2,-0.4     3,-0.0     1,-0.1   -80,-0.0  -0.966  62.2  -3.8-130.9 149.7   31.4   -6.4   30.6
  344  347 A P  S    S+     0   0  127      0, 0.0     2,-0.4     0, 0.0    -1,-0.1  -0.990 129.1  28.7 -90.1 -15.7   33.2   -8.7   30.4
  345  348 A V  S    S-     0   0   58      2,-0.1     2,-1.7   -69,-0.0  -220,-0.0  -0.898  77.9-127.5-107.8 132.2   31.8  -10.1   27.1
  346  349 A S        +     0   0   16     -2,-0.4   -69,-2.6   -67,-0.1     2,-0.3  -0.588  68.9 101.0 -80.4  78.9   30.3   -7.8   24.5
  347  350 A K  B     +O  276   0C  83     -2,-1.7     2,-0.2   -71,-0.2   -71,-0.2  -0.972  37.1 171.1-153.6 163.0   26.9   -9.4   23.9
  348  351 A A        -     0   0   25    -73,-2.3   -73,-0.2    -2,-0.3     3,-0.1  -0.850  39.1 -63.5-155.7-170.6   23.3   -9.0   24.9
  349  352 A G  S    S-     0   0   33     -2,-0.2   -74,-1.2  -111,-0.2   -75,-0.2  -0.090  71.5 -56.4 -80.1-176.2   19.8  -10.3   24.1
  350  353 A H        -     0   0   63    -77,-0.3  -110,-0.6   -76,-0.2    -1,-0.2  -0.282  61.8-108.5 -60.0 141.8   17.8  -10.1   20.8
  351  354 A A  E     +r  240   0D   0      1,-0.1  -110,-0.2  -112,-0.1    -1,-0.1  -0.475  32.2 179.6 -75.3 142.2   17.2   -6.6   19.5
  352  355 A T  E    S+     0   0D  45   -112,-2.5    78,-2.6     1,-0.2     2,-0.5   0.540  71.2  53.5-114.7 -17.9   13.7   -5.2   19.8
  353  356 A K  E     -rt 241 430D  14   -113,-1.4  -111,-2.1    76,-0.2     2,-0.6  -0.990  63.8-170.8-122.0 126.2   14.3   -1.8   18.3
  354  357 A V  E     -rt 242 431D   0     76,-2.9    78,-2.5    -2,-0.5     2,-0.4  -0.934   8.2-169.4-120.9 104.9   15.9   -1.6   14.8
  355  358 A I  E     -rt 243 432D   0   -113,-2.8  -111,-2.8    -2,-0.6     2,-0.6  -0.817  10.3-156.0-100.9 131.3   16.9    2.0   13.8
  356  359 A F  E     -rt 244 433D   0     76,-2.4    78,-2.8    -2,-0.4     2,-0.3  -0.925  14.5-155.6-105.0 117.2   18.0    2.9   10.3
  357  360 A L  E     + t   0 434D   0   -113,-2.5  -111,-0.5    -2,-0.6     2,-0.3  -0.738  18.5 168.2 -94.4 142.9   20.2    6.0   10.3
  358  361 A T  E     - t   0 435D   4     76,-1.7    78,-2.4    -2,-0.3    79,-0.8  -0.984  30.9-144.1-152.4 141.3   20.5    8.2    7.2
  359  362 A A        -     0   0    6     -2,-0.3    27,-2.5    77,-0.2     2,-1.0  -0.895  23.0-162.1-109.6  94.3   21.9   11.7    6.6
  360  363 A D    >   +     0   0    0     -2,-0.8    78,-1.6    25,-0.2     3,-0.9  -0.723  15.3 179.9 -83.3 103.4   19.5   13.1    4.0
  361  364 A A  T 3  S+     0   0   10     -2,-1.0    -1,-0.2     1,-0.2    78,-0.1   0.705  77.8  69.6 -74.2 -20.7   21.2   16.1    2.4
  362  365 A F  T 3  S-     0   0   17     -3,-0.1    -1,-0.2    76,-0.1    77,-0.1   0.666 100.3-133.7 -69.6 -18.7   18.1   16.6    0.2
  363  366 A G  S <  S+     0   0    1     -3,-0.9    77,-0.4    75,-0.2    -2,-0.1   0.817  73.1 111.1  67.1  35.5   16.2   17.8    3.2
  364  367 A V        +     0   0    0     75,-0.1   141,-0.1   140,-0.1   128,-0.1   0.834  49.0  77.0-103.9 -51.9   13.2   15.6    2.4
  365  368 A L  S    S-     0   0    2      1,-0.1    -5,-0.1    73,-0.1     4,-0.0  -0.282  81.8-110.6 -66.8 149.7   12.9   12.8    4.9
  366  369 A P        -     0   0    0      0, 0.0    69,-0.6     0, 0.0   123,-0.1  -0.448  25.7-109.8 -79.7 158.1   11.5   13.4    8.4
  367  370 A P  S    S+     0   0    0      0, 0.0    68,-1.6     0, 0.0     2,-0.3   0.892  99.9   1.9 -52.3 -43.3   13.6   13.3   11.6
  368  371 A V  E     +U  434   0D   0    121,-0.3     2,-0.3    66,-0.2    66,-0.2  -0.999  64.4 167.3-150.0 146.7   11.8   10.1   12.6
  369  372 A S  E     -U  433   0D   0     64,-1.0    64,-2.3    -2,-0.3     2,-0.4  -0.962  34.0-119.2-157.8 141.6    9.2    7.7   11.3
  370  373 A R  E     -UV 432 476D  93    106,-2.0   106,-0.9    -2,-0.3     2,-0.3  -0.727  33.6-141.8 -85.1 132.5    7.9    4.3   12.2
  371  374 A L        -     0   0   12     60,-2.3    60,-0.4    -2,-0.4     2,-0.2  -0.684   2.5-132.5 -98.4 150.8    8.4    1.7    9.4
  372  375 A T     >  -     0   0   71     -2,-0.3     4,-1.5   159,-0.1     3,-0.2  -0.464  38.1 -99.1 -88.5 168.6    6.1   -1.1    8.4
  373  376 A A  H  > S+     0   0   71      1,-0.2     4,-1.3     2,-0.2     5,-0.1   0.853 123.1  47.4 -59.9 -36.7    7.6   -4.6    7.8
  374  377 A D  H  > S+     0   0   93      1,-0.2     4,-2.1     2,-0.2    -1,-0.2   0.808 110.4  51.2 -74.8 -31.3    7.8   -4.2    4.0
  375  378 A Q  H  > S+     0   0   13     -3,-0.2     4,-2.4     2,-0.2    -1,-0.2   0.729 102.6  62.4 -74.4 -26.4    9.3   -0.7    4.2
  376  379 A T  H  X S+     0   0   12     -4,-1.5     4,-1.7     2,-0.2    -2,-0.2   0.966 110.1  38.9 -62.4 -50.7   12.0   -2.2    6.6
  377  380 A Q  H  X S+     0   0   53     -4,-1.3     4,-2.5     2,-0.2     5,-0.3   0.917 114.0  54.6 -66.0 -44.8   13.2   -4.5    3.8
  378  381 A Y  H  X S+     0   0    4     -4,-2.1     4,-1.2     1,-0.2    -1,-0.2   0.918 114.6  40.1 -55.1 -48.7   12.8   -1.8    1.1
  379  382 A H  H  X S+     0   0    9     -4,-2.4     4,-2.3     2,-0.2     5,-0.4   0.762 111.1  57.5 -73.3 -26.7   15.0    0.6    3.0
  380  383 A F  H  < S+     0   0    7     -4,-1.7    23,-1.6     2,-0.2    24,-0.5   0.977 112.1  41.0 -67.7 -51.9   17.5   -2.0    4.1
  381  384 A L  H  < S+     0   0    8     -4,-2.5    -2,-0.2    21,-0.2    -1,-0.2   0.758 114.9  54.6 -66.3 -27.0   18.2   -3.1    0.5
  382  385 A S  H  < S-     0   0   10     -4,-1.2    -1,-0.2    -5,-0.3    -2,-0.2   0.908  78.4-171.4 -73.3 -45.6   18.1    0.6   -0.6
  383  386 A G     <  -     0   0    0     -4,-2.3    18,-2.8    17,-0.2     2,-0.1   0.898  18.0-172.0  52.1  52.7   20.8    1.8    1.9
  384  387 A F  E     +Y  400   0F   4     -5,-0.4     2,-0.3    16,-0.2  -138,-0.2  -0.432  21.8 141.9 -81.9 149.4   20.3    5.5    1.2
  385  388 A T  E     -Y  399   0F   6     14,-1.3    14,-2.2   -27,-0.2     2,-0.4  -0.886  28.1-151.0-172.2 153.0   22.3    8.5    2.4
  386  389 A A  E     -Y  398   0F   0    -27,-2.5   -25,-0.2    -2,-0.3    -2,-0.0  -0.990   3.4-165.6-139.0 128.7   23.4   11.7    0.8
  387  390 A K        -     0   0  108     10,-1.6    -1,-0.2    -2,-0.4    12,-0.0   0.913  33.2-115.2 -75.5 -93.4   26.5   13.7    1.6
  388  391 A L        -     0   0   20      7,-0.2     2,-0.6     9,-0.1     6,-0.3   0.249  33.6-173.5 151.6  50.5   26.5   17.3    0.2
  389  392 A A        +     0   0   67      4,-0.2    -2,-0.0     6,-0.2     2,-0.0  -0.565  44.1  93.1 -71.1 115.5   29.4   17.5   -2.3
  390  393 A G              0   0   31     -2,-0.6     4,-1.7     7,-0.0     5,-0.0  -0.038 360.0 360.0 157.1  90.0   29.8   21.0   -3.5
  391  394 A T              0   0  182      2,-0.2    -2,-0.1     3,-0.0    -3,-0.0  -0.227 360.0 360.0 -50.6 360.0   32.2   23.6   -2.1
  392        !              0   0    0      0, 0.0     0, 0.0     0, 0.0     0, 0.0   0.000 360.0 360.0 360.0 360.0    0.0    0.0    0.0
  393  398 A I              0   0  113      1,-0.1     2,-0.3    -5,-0.0    -2,-0.2   0.000 360.0 360.0 360.0  93.5   28.0   22.0    0.9
  394  399 A T        +     0   0   83     -4,-1.7    -6,-0.1    -6,-0.3    -1,-0.1  -0.911 360.0  17.4-121.8 146.7   26.2   22.7   -2.3
  395  400 A E  S    S-     0   0  144     -2,-0.3    -1,-0.2     1,-0.1    -6,-0.2   0.941  81.4-121.6  58.1  96.1   24.2   20.2   -4.4
  396  401 A P        -     0   0   30      0, 0.0    -1,-0.1     0, 0.0    -8,-0.0  -0.429  24.1-153.5 -66.6 138.1   23.3   17.1   -2.4
  397  402 A T        -     0   0   59     -2,-0.1   -10,-1.6     2,-0.0    -9,-0.1  -0.972  10.9-133.2-121.6 121.3   24.6   13.9   -3.9
  398  403 A P  E     -Y  386   0F  44      0, 0.0     2,-0.4     0, 0.0   -12,-0.2  -0.248  14.7-166.3 -70.7 155.1   22.9   10.5   -3.2
  399  404 A T  E     -Y  385   0F  35    -14,-2.2   -14,-1.3   -12,-0.0     2,-0.6  -0.981   2.0-168.7-143.8 123.7   24.5    7.2   -2.2
  400  405 A F  E     +Y  384   0F  44     -2,-0.4     2,-0.5   -16,-0.2   -16,-0.2  -0.955  12.9 171.7-118.5 108.7   22.6    3.9   -2.3
  401  406 A S    >   -     0   0   16    -18,-2.8     3,-1.8    -2,-0.6     4,-0.3  -0.906  34.8-119.0-124.1 103.8   24.5    1.1   -0.6
  402  407 A A  G >  S+     0   0    7     -2,-0.5     3,-1.9     1,-0.3   -21,-0.2   0.032  93.9   3.9 -39.3 135.4   22.7   -2.1   -0.1
  403  408 A C  G 3  S-     0   0    6    -23,-1.6  -174,-0.4     1,-0.3    -1,-0.3   0.669 121.2 -79.4  59.1  19.4   22.2   -3.3    3.5
  404  409 A F  G <  S+     0   0    1     -3,-1.8    -1,-0.3   -24,-0.5  -159,-0.2   0.675 130.7  55.3  62.3  21.7   23.8    0.0    4.7
  405  410 A G    X   +     0   0    4     -3,-1.9     3,-1.6    -4,-0.3     4,-0.3  -0.049  53.3 155.6-176.2  55.6   27.3   -1.4    4.0
  406  411 A A  G >  S+     0   0   21      1,-0.3     3,-1.6     2,-0.2  -316,-0.3   0.838  71.4  67.9 -59.2 -36.0   27.6   -2.7    0.4
  407  412 A A  G 3  S+     0   0   24      1,-0.3    -1,-0.3  -318,-0.1  -193,-0.1   0.629 104.9  42.7 -61.0 -14.8   31.4   -2.2    0.5
  408  413 A F  G <  S+     0   0   13     -3,-1.6     2,-0.4  -195,-0.1    -1,-0.3   0.354  84.9 116.7-114.9   2.8   31.7   -5.1    3.0
  409  414 A L    <   +     0   0    8     -3,-1.6  -319,-0.2    -4,-0.3  -318,-0.1  -0.593  31.2 174.7 -78.0 127.7   29.2   -7.6    1.5
  410  415 A S  S    S+     0   0    0     -2,-0.4  -330,-1.7  -193,-0.3     2,-0.3   0.439  71.5  48.3-106.1  -9.2   30.7  -10.9    0.4
  411  416 A L  S    S-     0   0    1   -332,-0.2  -332,-0.1  -194,-0.2     5,-0.1  -0.766 106.0 -73.3-124.1 169.7   27.3  -12.4   -0.4
  412  417 A H    >>  -     0   0   35     -2,-0.3     3,-2.1     1,-0.1     4,-0.8  -0.443  45.0-118.3 -66.7 138.4   24.3  -11.0   -2.4
  413  418 A P  H >> S+     0   0    0      0, 0.0     4,-1.8     0, 0.0     3,-0.8   0.806 111.5  59.2 -45.4 -40.7   22.3   -8.3   -0.5
  414  419 A T  H 3> S+     0   0   38      1,-0.2     4,-2.2     2,-0.2     5,-0.1   0.770  96.6  63.1 -64.7 -24.1   19.1  -10.3   -0.3
  415  420 A Q  H <> S+     0   0   71     -3,-2.1     4,-1.3     2,-0.2    -1,-0.2   0.856 106.4  44.2 -67.3 -33.2   20.9  -13.0    1.6
  416  421 A Y  H <X S+     0   0    6     -3,-0.8     4,-1.8    -4,-0.8    -2,-0.2   0.881 112.1  51.4 -76.7 -40.8   21.6  -10.5    4.4
  417  422 A A  H  X S+     0   0    9     -4,-1.8     4,-2.5     1,-0.2     5,-0.2   0.903 107.4  55.4 -63.2 -39.0   18.0   -9.1    4.3
  418  423 A E  H  X S+     0   0  135     -4,-2.2     4,-1.7     1,-0.2    -1,-0.2   0.918 110.7  42.0 -60.3 -48.2   16.7  -12.6    4.6
  419  424 A V  H  X S+     0   0    9     -4,-1.3     4,-1.4     1,-0.2  -193,-0.3   0.817 114.5  53.0 -71.6 -27.7   18.6  -13.5    7.7
  420  425 A L  H  X S+     0   0    5     -4,-1.8     4,-2.2     2,-0.2    -2,-0.2   0.887 108.3  49.2 -73.1 -42.6   17.8  -10.1    9.3
  421  426 A V  H  X S+     0   0   52     -4,-2.5     4,-2.2     1,-0.2    -2,-0.2   0.886 108.7  54.3 -64.4 -39.7   14.1  -10.4    8.7
  422  427 A K  H  X S+     0   0  122     -4,-1.7     4,-1.8    -5,-0.2    -1,-0.2   0.875 111.6  43.9 -61.6 -42.3   14.1  -13.9   10.3
  423  428 A R  H  X S+     0   0   25     -4,-1.4     4,-0.7     2,-0.2    -1,-0.2   0.865 112.4  51.7 -71.6 -39.7   15.8  -12.6   13.5
  424  429 A M  H  X>S+     0   0   17     -4,-2.2     5,-2.6     2,-0.2     4,-0.7   0.882 110.0  50.3 -65.0 -37.9   13.5   -9.5   13.7
  425  430 A Q  H ><5S+     0   0  149     -4,-2.2     3,-1.8     1,-0.2    -2,-0.2   0.969 105.4  54.0 -64.0 -55.5   10.4  -11.7   13.4
  426  431 A A  H 3<5S+     0   0   86     -4,-1.8    -1,-0.2     1,-0.3    -2,-0.2   0.681 117.4  39.7 -53.4 -20.3   11.4  -14.1   16.1
  427  432 A A  H 3<5S-     0   0   31     -4,-0.7    -1,-0.3    -3,-0.4    -2,-0.2   0.465 105.4-122.2-109.7  -5.1   11.9  -11.1   18.5
  428  433 A G  T <<5 -     0   0   51     -3,-1.8    -3,-0.2    -4,-0.7     2,-0.1   0.922  47.7-177.3  62.6  41.3    8.9   -9.0   17.4
  429  434 A A      < -     0   0   20     -5,-2.6     2,-0.4    -6,-0.1   -76,-0.2  -0.467  18.1-142.7 -76.0 145.8   11.4   -6.2   16.6
  430  435 A Q  E     -t  353   0D  55    -78,-2.6   -76,-2.9    -2,-0.1     2,-0.3  -0.920  11.7-143.7-111.9 135.9   10.1   -2.8   15.4
  431  436 A A  E     -t  354   0D   4    -60,-0.4   -60,-2.3    -2,-0.4     2,-0.3  -0.742  16.8-178.1-103.5 145.2   12.0   -0.7   12.8
  432  437 A Y  E     -tU 355 370D   0    -78,-2.5   -76,-2.4    -2,-0.3     2,-0.5  -0.932  18.3-142.1-137.0 158.5   12.4    3.0   12.6
  433  438 A L  E     -tU 356 369D   2    -64,-2.3   -64,-1.0    -2,-0.3     2,-0.5  -0.984  18.3-169.2-125.8 120.3   14.0    5.5   10.1
  434  439 A V  E     -tU 357 368D   0    -78,-2.8   -76,-1.7    -2,-0.5     2,-1.1  -0.933  17.0-146.3-116.9 128.3   15.8    8.5   11.5
  435  440 A N  E     +t  358   0D   0    -68,-1.6   -76,-0.2   -69,-0.6    10,-0.1  -0.757  22.2 170.6 -90.5  95.9   17.1   11.5    9.4
  436  441 A T        +     0   0    7    -78,-2.4   -77,-0.2    -2,-1.1    -1,-0.2   0.423  63.0  74.7 -82.6   3.5   20.3   12.6   11.2
  437  442 A G  S    S-     0   0    0    -79,-0.8     8,-2.6     1,-0.2   -76,-0.2   0.492  88.7 -45.5 -87.8-134.8   20.8   14.8    8.2
  438  443 A W  B     -Z  444   0G  33    -78,-1.6     2,-0.2     6,-0.2    -1,-0.2  -0.448  35.5-170.3-103.5 173.0   19.4   18.1    6.9
  439  444 A N    >   -     0   0   13      4,-0.5     3,-2.4    -2,-0.1     4,-0.2  -0.801  56.6 -62.1-145.3-174.7   16.0   19.8    6.3
  440  445 A G  T 3  S+     0   0   25     51,-0.5    56,-0.2   -77,-0.4   -76,-0.0   0.529 120.9  75.1 -56.2  -4.7   14.7   22.9    4.6
  441  446 A T  T 3  S-     0   0   96      2,-0.3    -1,-0.3    54,-0.1     3,-0.1   0.651  99.6-128.6 -83.3 -15.2   16.8   25.0    6.9
  442  447 A G  S <  S+     0   0   40     -3,-2.4     2,-0.4     1,-0.3    -2,-0.1   0.569  78.1  99.7  78.6   7.5   20.1   24.2    5.1
  443  448 A K  S    S-     0   0  138     -4,-0.2    -4,-0.5    -6,-0.0    -1,-0.3  -0.968  79.9-108.6-126.2 141.5   21.7   23.2    8.5
  444  449 A R  B     -Z  438   0G 112     -2,-0.4    -6,-0.2    -6,-0.2    -7,-0.1  -0.404  43.8 -97.2 -68.9 143.4   22.1   19.7    9.8
  445  450 A I        -     0   0   25     -8,-2.6    -1,-0.1     1,-0.1     5,-0.0  -0.387  48.8-104.7 -61.0 135.4   19.9   18.7   12.8
  446  451 A S     >  -     0   0   50      1,-0.1     4,-2.0    -3,-0.1     5,-0.1  -0.186  16.2-122.3 -62.7 153.9   21.7   19.2   16.1
  447  452 A I  H  > S+     0   0   40      2,-0.2     4,-2.4     1,-0.2     5,-0.2   0.856 113.2  59.3 -64.1 -33.4   23.0   16.2   18.0
  448  453 A K  H  > S+     0   0  133      1,-0.2     4,-1.8     2,-0.2    -1,-0.2   0.948 107.8  43.4 -60.4 -51.1   20.9   17.4   21.0
  449  454 A D  H  > S+     0   0   54      1,-0.2     4,-1.6     2,-0.2    -1,-0.2   0.873 113.5  52.6 -63.2 -37.8   17.7   17.1   18.9
  450  455 A T  H  X S+     0   0    6     -4,-2.0     4,-1.6     1,-0.2    -1,-0.2   0.863 107.1  51.0 -67.7 -36.2   18.8   13.8   17.5
  451  456 A R  H  X S+     0   0   64     -4,-2.4     4,-2.1     2,-0.2    -1,-0.2   0.880 107.7  53.9 -68.3 -36.3   19.5   12.3   21.0
  452  457 A A  H  X S+     0   0   26     -4,-1.8     4,-1.9     1,-0.2    -1,-0.2   0.883 107.6  50.8 -63.6 -38.9   16.0   13.4   22.1
  453  458 A I  H  X S+     0   0    1     -4,-1.6     4,-1.3     1,-0.2    -1,-0.2   0.871 108.5  51.3 -67.2 -37.6   14.5   11.5   19.2
  454  459 A I  H  X S+     0   0    4     -4,-1.6     4,-2.6     2,-0.2    -2,-0.2   0.889 108.3  52.2 -67.2 -38.0   16.4    8.4   20.0
  455  460 A D  H  X S+     0   0   85     -4,-2.1     4,-3.1     1,-0.2     6,-0.2   0.918 106.9  52.6 -62.5 -44.1   15.2    8.5   23.6
  456  461 A A  H  < S+     0   0    1     -4,-1.9     6,-1.8     1,-0.2     7,-0.4   0.807 112.1  46.1 -61.6 -32.8   11.6    8.8   22.5
  457  462 A I  H >< S+     0   0    0     -4,-1.3     3,-0.6     4,-0.2    -1,-0.2   0.913 116.4  44.7 -75.4 -43.4   12.1    5.7   20.3
  458  463 A L  H 3< S+     0   0   14     -4,-2.6    -2,-0.2     1,-0.2    -3,-0.2   0.822 113.0  49.3 -72.5 -30.6   13.8    3.8   23.1
  459  464 A N  T 3< S-     0   0   85     -4,-3.1    -1,-0.2    -5,-0.2    -2,-0.2   0.480 110.2-117.1 -88.4  -3.5   11.4    4.7   25.9
  460  465 A G  S X> S+     0   0   13     -3,-0.6     4,-1.2    -4,-0.3     3,-0.5   0.227  82.6 118.1  90.5 -14.5    8.3    3.8   23.8
  461  466 A S  T 34 S+     0   0   36      1,-0.2     4,-0.3    -6,-0.2    -4,-0.2   0.682  76.0  55.4 -60.5 -17.2    6.7    7.3   23.7
  462  467 A L  T >4 S+     0   0    4     -6,-1.8     3,-0.8     2,-0.2    -1,-0.2   0.877 103.0  53.8 -80.6 -39.9    7.1    7.2   19.9
  463  468 A D  T <4 S+     0   0   45     -3,-0.5    -2,-0.2    -7,-0.4    -1,-0.2   0.731 112.6  44.7 -64.5 -25.2    5.1    3.9   19.7
  464  469 A N  T 3< S+     0   0  142     -4,-1.2    -1,-0.2     2,-0.1    -2,-0.2   0.502  92.5 108.7 -97.2  -7.5    2.2    5.5   21.6
  465  470 A A  S <  S-     0   0   26     -3,-0.8     2,-0.4    -4,-0.3    16,-0.1  -0.283  76.9-110.6 -70.2 154.0    2.3    8.7   19.7
  466  471 A E        -     0   0  153     14,-0.1    13,-2.5    -2,-0.0    14,-0.4  -0.730  42.9-164.0 -83.9 132.9   -0.4    9.6   17.2
  467  472 A T  E     -W  478   0D  68     -2,-0.4     2,-0.3    11,-0.2     9,-0.1  -0.869  17.1-163.6-124.2 156.2    0.9    9.5   13.7
  468  473 A F  E     -W  477   0D  78      9,-2.3     9,-2.7    -2,-0.3     2,-0.5  -0.915  33.4 -99.0-129.5 158.5   -0.1   10.7   10.2
  469  474 A T  E     -W  476   0D  85     -2,-0.3     7,-0.2     7,-0.2     5,-0.1  -0.676  23.5-140.2 -86.8 125.4    1.2    9.7    6.8
  470  475 A L  E  >> -W  475   0D   0      5,-2.9     4,-1.4    -2,-0.5     5,-0.9  -0.702  34.3-114.0 -81.1 126.5    3.8   11.7    4.9
  471  476 A P  T  45S+     0   0   60      0, 0.0     2,-2.0     0, 0.0     4,-0.1  -0.177  87.0  12.6 -61.7 152.1    2.9   11.8    1.2
  472  477 A M  T  45S+     0   0   27      1,-0.2    62,-1.5    62,-0.1    -2,-0.0  -0.403 132.3  45.3  80.7 -59.8    4.9   10.1   -1.6
  473  478 A F  T  45S-     0   0    4     -2,-2.0    -1,-0.2    60,-0.2    62,-0.1   0.671  98.1-141.4 -85.6 -17.4    7.1    8.1    0.8
  474  479 A N  T  <5 +     0   0   92     -4,-1.4     2,-0.4     1,-0.2    -2,-0.1   0.911  38.1 165.5  56.8  50.3    4.1    7.0    2.9
  475  480 A L  E   < - W   0 470D   0     -5,-0.9    -5,-2.9    -4,-0.1     2,-1.0  -0.827  39.9-127.7-104.1 132.0    5.9    7.3    6.2
  476  481 A A  E     -VW 370 469D  28   -106,-0.9  -106,-2.0    -2,-0.4    -7,-0.2  -0.659  36.0-177.5 -77.7 103.2    4.1    7.3    9.5
  477  482 A I  E     - W   0 468D   0     -9,-2.7    -9,-2.3    -2,-1.0  -108,-0.1  -0.858  26.0-107.5-109.0 141.2    5.4   10.4   11.3
  478  483 A P  E     - W   0 467D   2      0, 0.0   -11,-0.2     0, 0.0     3,-0.1  -0.222   9.0-141.9 -63.7 149.8    4.4   11.6   14.9
  479  484 A T  S    S-     0   0   71    -13,-2.5     2,-0.3     1,-0.3   -12,-0.1   0.809  85.7 -10.6 -78.0 -33.7    2.2   14.6   15.6
  480  485 A E        -     0   0  117    -14,-0.4    -1,-0.3   -18,-0.1   -14,-0.1  -0.977  62.7-158.5-161.3 160.3    4.4   15.5   18.6
  481  486 A L    >   -     0   0    8      3,-0.4     3,-1.2    -2,-0.3     2,-0.2  -0.992  29.7-102.8-150.8 139.3    7.2   14.0   20.7
  482  487 A P  T 3  S+     0   0   75      0, 0.0   -26,-0.2     0, 0.0     3,-0.1  -0.391 103.8  11.0 -63.1 126.9    8.6   14.7   24.2
  483  488 A G  T 3  S+     0   0   78      1,-0.2     2,-0.3    -2,-0.2   -31,-0.1   0.175 111.2  88.8  92.7 -19.1   11.8   16.7   24.2
  484  489 A V  S <  S-     0   0   13     -3,-1.2     2,-0.4   -32,-0.1    -3,-0.4  -0.814  82.1-100.5-117.5 156.6   11.7   17.8   20.6
  485  490 A D    >   -     0   0   98     -2,-0.3     3,-1.3     1,-0.1     4,-0.5  -0.590  22.5-145.4 -74.6 124.7   10.3   20.7   18.6
  486  491 A T  G >> S+     0   0   47     -2,-0.4     3,-1.0     1,-0.3     4,-0.6   0.780  92.8  70.8 -59.6 -29.8    7.0   19.8   16.8
  487  492 A K  G 34 S+     0   0  125      1,-0.2     3,-0.4     2,-0.2    -1,-0.3   0.801  97.7  47.8 -59.7 -31.0    7.9   22.1   13.9
  488  493 A I  G <4 S+     0   0   36     -3,-1.3    -1,-0.2     1,-0.2    -2,-0.2   0.589  91.2  79.4 -88.4 -10.7   10.7   19.8   12.7
  489  494 A L  T <4 S+     0   0    3     -3,-1.0  -121,-0.3    -4,-0.5    -1,-0.2   0.797  92.0  53.9 -66.6 -30.5    8.7   16.5   12.8
  490  495 A D  S >< S-     0   0   12     -4,-0.6     3,-2.2    -3,-0.4     4,-0.5  -0.925  79.3-152.8-107.2 106.1    7.0   17.4    9.5
  491  496 A P  G >  S+     0   0    0      0, 0.0     3,-1.1     0, 0.0   -51,-0.5   0.768  91.6  66.5 -48.7 -28.9    9.8   18.1    7.0
  492  497 A R  G >  S+     0   0   81      1,-0.2     3,-1.3     2,-0.2     9,-0.2   0.796  89.2  64.4 -66.8 -27.8    7.5   20.4    5.1
  493  498 A N  G <  S+     0   0   63     -3,-2.2    -1,-0.2     1,-0.3    -5,-0.1   0.724  91.4  64.8 -68.9 -20.8    7.4   22.9    8.0
  494  499 A T  G <  S+     0   0   27     -3,-1.1     2,-0.3    -4,-0.5    -1,-0.3   0.360  92.8  75.5 -84.5   2.9   11.1   23.7    7.6
  495  500 A Y  S <  S-     0   0   19     -3,-1.3   -54,-0.1     1,-0.1   -55,-0.0  -0.825  85.4-123.2-112.4 156.0   10.6   25.2    4.1
  496  501 A A  S    S+     0   0   99     -2,-0.3    -1,-0.1     1,-0.2    -4,-0.0   0.916 102.2  15.3 -63.1 -42.2    9.1   28.6    3.2
  497  502 A S  S >> S-     0   0   27     -3,-0.1     3,-1.9     1,-0.0     4,-0.8  -0.991  74.8-128.7-133.9 139.1    6.4   26.9    1.1
  498  503 A P  H 3> S+     0   0   69      0, 0.0     4,-2.1     0, 0.0     5,-0.1   0.629 105.5  74.5 -61.9 -10.1    5.5   23.2    1.1
  499  504 A E  H 3> S+     0   0  124      2,-0.2     4,-2.1     1,-0.2     5,-0.2   0.825  89.5  55.8 -70.8 -31.9    6.0   23.4   -2.7
  500  505 A Q  H <> S+     0   0   81     -3,-1.9     4,-1.9     2,-0.2     5,-0.2   0.926 108.8  47.2 -64.4 -45.0    9.7   23.5   -2.2
  501  506 A W  H  X S+     0   0    5     -4,-0.8     4,-3.0     1,-0.2    -2,-0.2   0.941 109.3  55.6 -59.6 -48.4    9.5   20.2   -0.3
  502  507 A Q  H  X S+     0   0  101     -4,-2.1     4,-2.1     1,-0.2    -2,-0.2   0.898 107.7  46.7 -50.7 -52.6    7.3   18.7   -3.0
  503  508 A E  H  X S+     0   0  127     -4,-2.1     4,-1.5     1,-0.2    -1,-0.2   0.929 116.3  43.8 -59.7 -48.2    9.7   19.4   -5.8
  504  509 A K  H  X S+     0   0   75     -4,-1.9     4,-2.4     1,-0.2    -1,-0.2   0.863 110.9  56.5 -66.6 -35.0   12.7   18.0   -4.0
  505  510 A A  H  X S+     0   0    0     -4,-3.0     4,-2.8     1,-0.2    -1,-0.2   0.883 104.7  51.4 -64.9 -38.6   10.7   15.1   -2.7
  506  511 A E  H  X S+     0   0   88     -4,-2.1     4,-2.0     2,-0.2    -1,-0.2   0.875 109.1  51.3 -66.7 -36.3    9.8   14.0   -6.3
  507  512 A T  H  X S+     0   0   76     -4,-1.5     4,-1.8     2,-0.2    -2,-0.2   0.962 113.3  44.0 -63.6 -51.8   13.5   14.1   -7.2
  508  513 A L  H  X S+     0   0    0     -4,-2.4     4,-2.3     1,-0.2    -2,-0.2   0.924 111.2  53.5 -60.0 -47.4   14.4   11.9   -4.3
  509  514 A A  H  X S+     0   0    0     -4,-2.8     4,-2.4     1,-0.2    -1,-0.2   0.896 107.7  51.9 -55.2 -42.8   11.5    9.5   -4.9
  510  515 A K  H  X S+     0   0  118     -4,-2.0     4,-2.8     2,-0.2    -1,-0.2   0.893 107.5  51.7 -62.1 -41.6   12.6    9.1   -8.5
  511  516 A L  H  X S+     0   0   46     -4,-1.8     4,-2.6     2,-0.2    -2,-0.2   0.934 110.3  49.3 -60.3 -46.3   16.2    8.2   -7.4
  512  517 A F  H  X S+     0   0    2     -4,-2.3     4,-2.6     2,-0.2    -2,-0.2   0.917 112.6  47.2 -58.3 -47.4   14.9    5.6   -5.0
  513  518 A I  H  X S+     0   0   62     -4,-2.4     4,-1.2     2,-0.2    -2,-0.2   0.931 112.2  49.2 -62.1 -46.5   12.7    4.0   -7.7
  514  519 A D  H  < S+     0   0  119     -4,-2.8     4,-0.3     1,-0.2     3,-0.2   0.901 114.5  47.0 -60.1 -40.6   15.5    4.0  -10.2
  515  520 A N  H >< S+     0   0   41     -4,-2.6     3,-1.0     1,-0.2    -2,-0.2   0.893 108.8  51.2 -69.3 -44.0   17.8    2.4   -7.7
  516  521 A F  H >X S+     0   0    7     -4,-2.6     3,-2.4     1,-0.2     4,-0.7   0.693  87.7  86.5 -70.3 -16.2   15.4   -0.3   -6.4
  517  522 A D  G >< S+     0   0  106     -4,-1.2     3,-0.8     1,-0.3    -1,-0.2   0.788  78.4  63.4 -54.7 -32.2   14.7   -1.5  -10.0
  518  523 A K  G <4 S+     0   0   97     -3,-1.0    -1,-0.3    -4,-0.3     3,-0.3   0.599 101.2  53.0 -71.3  -9.3   17.7   -3.8  -10.0
  519  524 A Y  G X4 S+     0   0   33     -3,-2.4     3,-1.2     1,-0.2     6,-0.3   0.637  84.3  83.9 -98.1 -17.1   16.1   -5.8   -7.2
  520  525 A T  T <<  +     0   0   44     -3,-0.8     6,-0.2    -4,-0.7    -1,-0.2   0.398  60.6  97.3 -68.8   4.0   12.8   -6.4   -8.9
  521  526 A D  T 3  S+     0   0  155     -3,-0.3    -1,-0.3    -4,-0.1    -2,-0.1   0.884  81.7  55.3 -60.1 -37.6   14.3   -9.4  -10.8
  522  527 A T  S <> S-     0   0   58     -3,-1.2     4,-2.5     1,-0.1     5,-0.2  -0.691  90.7-120.8 -98.5 149.8   12.8  -11.7   -8.2
  523  528 A P  H  > S+     0   0  106      0, 0.0     4,-1.8     0, 0.0     5,-0.1   0.846 112.6  55.3 -53.8 -39.9    9.1  -11.8   -7.2
  524  529 A A  H  > S+     0   0   63      2,-0.2     4,-1.4     1,-0.2    -4,-0.1   0.920 113.0  40.4 -62.1 -45.6    9.9  -10.9   -3.6
  525  530 A G  H  > S+     0   0    5     -6,-0.3     4,-0.6     2,-0.2    -5,-0.2   0.833 113.6  53.3 -72.6 -34.2   11.8   -7.8   -4.6
  526  531 A A  H  < S+     0   0   40     -4,-2.5     3,-0.4    -7,-0.2     4,-0.3   0.799 107.7  53.0 -69.6 -28.8    9.2   -6.9   -7.2
  527  532 A A  H >< S+     0   0   70     -4,-1.8     3,-1.3    -5,-0.2     4,-0.2   0.870 102.0  60.2 -71.8 -36.8    6.6   -7.2   -4.5
  528  533 A L  H >< S+     0   0   14     -4,-1.4     3,-1.8     1,-0.2     4,-0.4   0.647  80.2  83.6 -65.8 -18.4    8.5   -4.8   -2.3
  529  534 A V  G >< S+     0   0   66     -4,-0.6     3,-1.4    -3,-0.4    -1,-0.2   0.832  84.0  61.9 -56.7 -29.5    8.3   -2.0   -4.9
  530  535 A A  G <  S+     0   0   66     -3,-1.3    -1,-0.3    -4,-0.3    -2,-0.2   0.781  96.8  58.7 -65.6 -27.4    4.9   -1.3   -3.4
  531  536 A A  G <  S+     0   0   14     -3,-1.8    -1,-0.3    -4,-0.2    -2,-0.2   0.523  98.8  79.8 -79.7  -6.2    6.7   -0.5   -0.1
  532  537 A G  S <  S-     0   0    6     -3,-1.4   -60,-0.1    -4,-0.4   -23,-0.0  -0.312  95.5 -64.0 -95.1-179.2    8.7    2.2   -1.8
  533  538 A P        -     0   0    6      0, 0.0     2,-0.3     0, 0.0   -60,-0.2  -0.082  46.7-163.3 -58.3 162.8    7.9    5.9   -2.8
  534  539 A K              0   0   93    -62,-1.5   -60,-0.1    -3,-0.1   -62,-0.1  -0.956 360.0 360.0-154.6 129.1    5.2    6.6   -5.4
  535  540 A L              0   0  123     -2,-0.3   -63,-0.0   -26,-0.1   -29,-0.0  -0.487 360.0 360.0 -79.0 360.0    4.6    9.8   -7.4
