==== Secondary Structure Definition by the program DSSP, CMBI version by M.L. Hekkelman/2010-10-21 ==== DATE=2014-07-07        .
REFERENCE W. KABSCH AND C.SANDER, BIOPOLYMERS 22 (1983) 2577-2637                                                              .
                                                                                                                               .
  297  1  0  0  0 TOTAL NUMBER OF RESIDUES, NUMBER OF CHAINS, NUMBER OF SS-BRIDGES(TOTAL,INTRACHAIN,INTERCHAIN)                .
 13941.5   ACCESSIBLE SURFACE OF PROTEIN (ANGSTROM**2)                                                                         .
  217 73.1   TOTAL NUMBER OF HYDROGEN BONDS OF TYPE O(I)-->H-N(J)  , SAME NUMBER PER 100 RESIDUES                              .
   16  5.4   TOTAL NUMBER OF HYDROGEN BONDS IN     PARALLEL BRIDGES, SAME NUMBER PER 100 RESIDUES                              .
   39 13.1   TOTAL NUMBER OF HYDROGEN BONDS IN ANTIPARALLEL BRIDGES, SAME NUMBER PER 100 RESIDUES                              .
    3  1.0   TOTAL NUMBER OF HYDROGEN BONDS OF TYPE O(I)-->H-N(I-5), SAME NUMBER PER 100 RESIDUES                              .
    0  0.0   TOTAL NUMBER OF HYDROGEN BONDS OF TYPE O(I)-->H-N(I-4), SAME NUMBER PER 100 RESIDUES                              .
    2  0.7   TOTAL NUMBER OF HYDROGEN BONDS OF TYPE O(I)-->H-N(I-3), SAME NUMBER PER 100 RESIDUES                              .
    0  0.0   TOTAL NUMBER OF HYDROGEN BONDS OF TYPE O(I)-->H-N(I-2), SAME NUMBER PER 100 RESIDUES                              .
    0  0.0   TOTAL NUMBER OF HYDROGEN BONDS OF TYPE O(I)-->H-N(I-1), SAME NUMBER PER 100 RESIDUES                              .
    0  0.0   TOTAL NUMBER OF HYDROGEN BONDS OF TYPE O(I)-->H-N(I+0), SAME NUMBER PER 100 RESIDUES                              .
    0  0.0   TOTAL NUMBER OF HYDROGEN BONDS OF TYPE O(I)-->H-N(I+1), SAME NUMBER PER 100 RESIDUES                              .
   32 10.8   TOTAL NUMBER OF HYDROGEN BONDS OF TYPE O(I)-->H-N(I+2), SAME NUMBER PER 100 RESIDUES                              .
   30 10.1   TOTAL NUMBER OF HYDROGEN BONDS OF TYPE O(I)-->H-N(I+3), SAME NUMBER PER 100 RESIDUES                              .
   86 29.0   TOTAL NUMBER OF HYDROGEN BONDS OF TYPE O(I)-->H-N(I+4), SAME NUMBER PER 100 RESIDUES                              .
    7  2.4   TOTAL NUMBER OF HYDROGEN BONDS OF TYPE O(I)-->H-N(I+5), SAME NUMBER PER 100 RESIDUES                              .
  1  2  3  4  5  6  7  8  9 10 11 12 13 14 15 16 17 18 19 20 21 22 23 24 25 26 27 28 29 30     *** HISTOGRAMS OF ***           .
  0  0  0  0  0  1  0  1  0  1  2  0  0  1  0  1  0  1  0  0  0  0  0  0  0  0  0  0  0  0    RESIDUES PER ALPHA HELIX         .
  1  0  1  2  0  0  0  0  0  0  0  0  0  0  0  0  0  0  0  0  0  0  0  0  0  0  0  0  0  0    PARALLEL BRIDGES PER LADDER      .
  1  1  1  0  0  1  0  0  1  1  0  0  0  0  0  0  0  0  0  0  0  0  0  0  0  0  0  0  0  0    ANTIPARALLEL BRIDGES PER LADDER  .
  0  0  0  0  0  0  0  1  0  0  0  0  0  0  0  0  0  0  0  0  0  0  0  0  0  0  0  0  0  0    LADDERS PER SHEET                .
  #  RESIDUE AA STRUCTURE BP1 BP2  ACC     N-H-->O    O-->H-N    N-H-->O    O-->H-N    TCO  KAPPA ALPHA  PHI   PSI    X-CA   Y-CA   Z-CA 
    1    2 A E     >        0   0  140      0, 0.0     4,-1.7     0, 0.0     5,-0.1   0.000 360.0 360.0 360.0 117.1  -45.2   58.3   -2.8
    2    3 A M  H  >  +     0   0   14      2,-0.2     4,-2.3   238,-0.2     5,-0.1   0.950 360.0  42.8 -62.2 -60.8  -42.4   60.0   -0.9
    3    4 A E  H  > S+     0   0  115      1,-0.2     4,-1.8     2,-0.2    -1,-0.2   0.845 114.7  52.9 -59.4 -36.1  -43.8   63.4    0.3
    4    5 A K  H  > S+     0   0  126      2,-0.2     4,-2.4     1,-0.2    -1,-0.2   0.950 109.5  48.2 -63.7 -50.6  -47.1   61.7    1.3
    5    6 A E  H  X S+     0   0   67     -4,-1.7     4,-2.8     1,-0.2     5,-0.3   0.906 107.9  56.2 -57.1 -43.7  -45.2   59.1    3.4
    6    7 A F  H  X S+     0   0   11     -4,-2.3     4,-2.3     1,-0.2    -1,-0.2   0.914 110.4  43.0 -55.5 -49.5  -43.2   61.9    5.0
    7    8 A E  H  X S+     0   0  111     -4,-1.8     4,-2.6     2,-0.2    -1,-0.2   0.884 112.6  54.8 -64.3 -39.5  -46.3   63.7    6.2
    8    9 A Q  H  X S+     0   0  103     -4,-2.4     4,-1.5     1,-0.2    -2,-0.2   0.922 113.3  40.5 -58.6 -48.1  -47.8   60.4    7.3
    9   10 A I  H  X>S+     0   0    4     -4,-2.8     5,-2.2     2,-0.2     4,-0.9   0.846 114.1  53.7 -70.8 -37.3  -44.8   59.5    9.5
   10   11 A D  H  <5S+     0   0   53     -4,-2.3     3,-0.5    -5,-0.3    -2,-0.2   0.943 108.1  49.6 -63.6 -48.2  -44.4   63.1   10.8
   11   12 A K  H  <5S+     0   0  160     -4,-2.6    -2,-0.2     1,-0.2    -1,-0.2   0.892 118.0  38.0 -58.5 -48.5  -48.0   63.3   12.0
   12   13 A S  H  <5S-     0   0   70     -4,-1.5    -1,-0.2    -5,-0.2    -2,-0.2   0.527 106.4-126.6 -82.3  -7.7  -48.0   60.0   13.9
   13   14 A G  T  <5 +     0   0   59     -4,-0.9     3,-0.2    -3,-0.5    -3,-0.2   0.935  59.4 144.5  61.0  50.7  -44.4   60.6   15.1
   14   15 A S     >< +     0   0   36     -5,-2.2     4,-3.2     1,-0.2     5,-0.3   0.254  24.9 112.3-104.4  13.1  -43.2   57.2   13.8
   15   16 A W  H  > S+     0   0   24     -6,-0.4     4,-2.8     1,-0.2     5,-0.2   0.907  81.3  46.8 -53.2 -47.1  -39.7   58.2   12.7
   16   17 A A  H  > S+     0   0   62     -3,-0.2     4,-2.9     2,-0.2    -1,-0.2   0.885 115.3  47.6 -62.6 -39.0  -38.0   56.1   15.4
   17   18 A A  H  > S+     0   0   53      2,-0.2     4,-2.5    -4,-0.2    -2,-0.2   0.946 112.9  46.9 -65.9 -49.6  -40.3   53.1   14.6
   18   19 A I  H  X S+     0   0   29     -4,-3.2     4,-1.4     2,-0.2    -2,-0.2   0.931 115.6  47.2 -57.1 -47.5  -39.7   53.4   10.8
   19   20 A Y  H >X S+     0   0   16     -4,-2.8     4,-1.9    -5,-0.3     3,-0.6   0.959 112.3  48.3 -60.2 -53.0  -36.0   53.7   11.4
   20   21 A Q  H 3X S+     0   0   79     -4,-2.9     4,-2.3     1,-0.3    -1,-0.2   0.820 105.7  57.7 -60.1 -33.7  -35.9   50.7   13.8
   21   22 A D  H 3X S+     0   0   98     -4,-2.5     4,-0.6     2,-0.2    -1,-0.3   0.889 107.1  50.4 -64.3 -33.6  -37.9   48.5   11.4
   22   23 A I  H XX S+     0   0    0     -4,-1.4     4,-1.4    -3,-0.6     3,-1.0   0.926 109.1  49.8 -68.6 -43.8  -35.1   49.2    8.9
   23   24 A R  H 3< S+     0   0  147     -4,-1.9    -1,-0.2     1,-0.3    -2,-0.2   0.875 109.1  52.7 -61.9 -38.5  -32.4   48.2   11.4
   24   25 A H  H 3< S+     0   0  150     -4,-2.3    -1,-0.3     1,-0.2    -2,-0.2   0.620 113.4  43.4 -74.4 -12.2  -34.3   45.0   12.2
   25   26 A E  H << S+     0   0  128     -3,-1.0    -1,-0.2    -4,-0.6    -2,-0.2   0.565  86.6 127.8-103.6 -17.2  -34.5   44.2    8.5
   26   27 A A     <  -     0   0   30     -4,-1.4   228,-0.1    -3,-0.2   224,-0.1  -0.092  65.0-105.6 -47.4 136.0  -30.9   45.1    7.8
   27   28 A S        -     0   0   35    223,-0.4     2,-0.3   229,-0.1    -1,-0.1  -0.004  28.6-151.7 -55.4 165.3  -28.7   42.5    6.0
   28   29 A D        +     0   0  145    229,-0.1   226,-0.1   226,-0.0    -1,-0.0  -0.906  22.3 160.8-150.6 111.6  -26.1   40.6    7.9
   29   30 A F        -     0   0   68     -2,-0.3   228,-0.1     1,-0.0   226,-0.0  -0.910  43.9 -88.4-127.7 155.7  -22.9   39.3    6.3
   30   31 A P        -     0   0   70      0, 0.0    22,-2.9     0, 0.0    23,-0.4  -0.285  20.2-164.0 -66.7 152.8  -19.6   38.2    8.0
   31   32 A C     >  +     0   0   17     20,-0.3     4,-1.2    21,-0.1    20,-0.1  -0.439  35.0 148.2-128.2  50.4  -16.7   40.5    8.7
   32   33 A R  T  4  +     0   0  170      1,-0.2     3,-0.5     2,-0.2     4,-0.2   0.889  69.7  47.9 -55.3 -48.0  -14.2   37.7    9.2
   33   34 A V  T >4 S+     0   0   29      1,-0.2     3,-1.3     2,-0.2    -1,-0.2   0.875 107.2  56.8 -64.9 -36.7  -11.2   39.6    7.9
   34   35 A A  T 34 S+     0   0    1     16,-0.3    -1,-0.2     1,-0.3    -2,-0.2   0.776 108.3  49.0 -64.2 -28.8  -12.0   42.7   10.0
   35   36 A K  T 3< S+     0   0  115     -4,-1.2    -1,-0.3    -3,-0.5    -2,-0.2   0.316  78.0 120.5 -95.4   4.1  -11.9   40.6   13.1
   36   37 A L  S X  S-     0   0   67     -3,-1.3     3,-2.7    -4,-0.2     4,-0.5  -0.520  76.3-116.6 -67.1 138.1   -8.6   38.8   12.5
   37   38 A P  G >  S+     0   0   93      0, 0.0     3,-0.6     0, 0.0     4,-0.3   0.734 112.9  60.6 -48.7 -26.7   -6.2   39.7   15.4
   38   39 A K  G 3  S+     0   0  121      1,-0.2     3,-0.1     2,-0.1    -4,-0.1   0.599 103.6  49.6 -79.5 -10.2   -3.9   41.5   13.0
   39   40 A N  G X  S+     0   0    0     -3,-2.7     3,-2.2    -6,-0.2     4,-0.4   0.424  76.9 101.9-107.8   1.8   -6.5   44.0   12.0
   40   41 A K  G X  S+     0   0  129     -3,-0.6     3,-1.4    -4,-0.5    -1,-0.1   0.904  84.2  48.2 -51.6 -47.7   -7.6   45.0   15.4
   41   42 A N  G 3  S+     0   0  126     -4,-0.3    -1,-0.3     1,-0.3    48,-0.2   0.401 103.0  63.3 -77.4   3.2   -5.6   48.3   15.3
   42   43 A R  G <  S+     0   0   37     -3,-2.2    25,-0.5    -8,-0.2     2,-0.5   0.400  90.7  79.7-103.6  -1.4   -7.0   49.1   11.8
   43   44 A N    <   -     0   0   19     -3,-1.4     3,-0.1    -4,-0.4     6,-0.1  -0.924  59.2-165.0-110.2 128.9  -10.5   49.4   13.1
   44   45 A R  S    S+     0   0   38     -2,-0.5     2,-0.4     1,-0.2    -1,-0.1   0.895  80.8  30.5 -77.6 -41.1  -11.6   52.5   14.9
   45   46 A Y    >   -     0   0   64      3,-0.4     3,-0.9   171,-0.1    -1,-0.2  -0.961  67.6-143.5-124.8 137.5  -14.8   50.9   16.4
   46   47 A R  T 3  S+     0   0  208     -2,-0.4    -1,-0.1     1,-0.2    -2,-0.0   0.810 103.0  46.3 -63.0 -37.7  -15.4   47.3   17.4
   47   48 A D  T 3  S+     0   0  122      1,-0.1     2,-0.6     2,-0.0    -1,-0.2   0.397 101.1  74.0 -88.9   2.8  -19.0   47.3   16.3
   48   49 A V    <   +     0   0   14     -3,-0.9    -3,-0.4     2,-0.0    -4,-0.2  -0.899  60.5 145.9-121.2 101.8  -18.3   48.9   12.9
   49   50 A S        -     0   0    8     -2,-0.6   208,-0.6    -6,-0.1     2,-0.3  -0.880  48.0-108.2-133.0 157.1  -16.6   46.6   10.4
   50   51 A P        -     0   0    0      0, 0.0   -16,-0.3     0, 0.0   206,-0.1  -0.711  38.3-111.7 -86.1 142.7  -16.8   46.2    6.6
   51   52 A F    >>  -     0   0    4    204,-0.5     4,-1.1    -2,-0.3     3,-0.6  -0.452  24.5-123.7 -67.1 146.9  -18.5   43.0    5.3
   52   53 A D  T 34 S+     0   0   21    -22,-2.9     3,-0.3     1,-0.2    -1,-0.1   0.861 107.0  58.1 -61.5 -37.6  -16.1   40.6    3.7
   53   54 A H  T 34 S+     0   0  101    -23,-0.4    -1,-0.2     1,-0.2   -22,-0.1   0.785 119.5  26.4 -66.7 -24.7  -18.0   40.6    0.4
   54   55 A S  T <4 S+     0   0   10     -3,-0.6    16,-2.7   201,-0.1    -1,-0.2   0.351  86.4 125.6-121.8   5.5  -17.7   44.3   -0.2
   55   56 A R  E  <  -A   69   0A  47     -4,-1.1     2,-0.4    -3,-0.3    14,-0.3  -0.294  63.9-113.6 -67.3 148.5  -14.6   45.5    1.7
   56   57 A I  E     -     0   0A   8     12,-1.9    10,-0.5    10,-0.3     2,-0.4  -0.711  30.5-143.8 -84.2 132.0  -12.0   47.4   -0.2
   57   58 A K  E     -A   65   0A 118     -2,-0.4     2,-0.3     8,-0.1     8,-0.2  -0.827   5.1-135.3 -99.7 136.1   -8.7   45.4   -0.5
   58   59 A L        -     0   0    0      6,-2.8     2,-1.3    -2,-0.4    39,-0.1  -0.674  20.5-124.9 -85.2 142.3   -5.3   47.1   -0.4
   59   60 A H  S    S+     0   0  148     -2,-0.3     2,-0.3    37,-0.1     5,-0.1  -0.222  75.1 118.4 -82.9  44.4   -2.9   45.9   -3.1
   60   61 A Q        -     0   0   39     -2,-1.3    -2,-0.1     1,-0.1    77,-0.0  -0.778  59.1-145.6-103.5 154.6   -0.4   45.1   -0.3
   61   62 A E  S    S+     0   0  202     -2,-0.3     3,-0.3     2,-0.1    -1,-0.1   0.926  91.3  45.6 -90.2 -49.6    0.7   41.5    0.1
   62   63 A D  S    S+     0   0  124      1,-0.3     2,-0.3     2,-0.0    -1,-0.1   0.860 132.7   5.3 -62.0 -40.4    1.2   41.0    3.9
   63   64 A N        +     0   0   12      1,-0.1    -1,-0.3     2,-0.0    -2,-0.1  -0.825  53.3 178.6-152.7 110.4   -2.1   42.8    4.8
   64   65 A D        +     0   0   41     -3,-0.3    -6,-2.8    -2,-0.3     2,-0.3   0.247  46.0 129.1 -92.8  12.9   -4.7   44.0    2.4
   65   66 A Y  E     +A   57   0A   0     -8,-0.2     2,-0.3   -32,-0.1    -8,-0.1  -0.555  18.4 147.0 -85.5 135.5   -7.0   45.3    5.1
   66   67 A I  E     -     0   0A   6    -10,-0.5     2,-1.7    -2,-0.3   -10,-0.3  -0.974  52.8-111.9-154.0 139.3   -8.7   48.7    5.5
   67   68 A N  E    S+     0   0A   0    -25,-0.5    17,-1.5    -2,-0.3     2,-0.3  -0.642  75.3 116.6 -77.9  87.5  -12.0   49.5    7.1
   68   69 A A  E     - B   0  83A   0     -2,-1.7   -12,-1.9    15,-0.2     2,-0.4  -0.975  45.4-156.6-152.3 148.4  -13.8   50.6    3.9
   69   70 A S  E     -AB  55  82A   0     13,-2.9    13,-2.5    -2,-0.3     2,-0.8  -0.973  17.5-131.2-133.1 144.4  -16.7   49.3    1.8
   70   71 A L  E     - B   0  81A  36    -16,-2.7     2,-0.9    -2,-0.4    11,-0.2  -0.842  18.4-159.6 -95.1 107.8  -17.7   49.6   -1.8
   71   72 A I  E     - B   0  80A   0      9,-3.3     9,-1.6    -2,-0.8     2,-0.8  -0.837  12.0-169.7 -87.0 108.1  -21.4   50.6   -1.9
   72   73 A K  E     - B   0  79A 106     -2,-0.9     2,-1.2     7,-0.2     7,-0.2  -0.798   7.3-168.2-107.7  92.6  -22.3   49.6   -5.4
   73   74 A M  E  >> - B   0  78A  17      5,-2.0     5,-1.4    -2,-0.8     4,-1.0  -0.663   3.7-172.4 -82.4  96.2  -25.8   50.9   -6.3
   74   75 A E  T  45S+     0   0  158     -2,-1.2     3,-0.4     2,-0.2    -1,-0.2   0.918  79.6  40.3 -55.0 -55.7  -26.6   49.1   -9.5
   75   76 A E  T  45S+     0   0   75      1,-0.2    -1,-0.2     2,-0.1    -2,-0.1   0.918 119.1  45.3 -64.6 -45.0  -29.8   50.9  -10.6
   76   77 A A  T  45S-     0   0   11      2,-0.1    -1,-0.2     1,-0.0    -2,-0.2   0.617 103.9-137.9 -72.7 -13.0  -28.6   54.3   -9.6
   77   78 A Q  T  <5 +     0   0  141     -4,-1.0     2,-0.3    -3,-0.4    -3,-0.2   0.909  59.8 116.1  54.6  52.8  -25.3   53.5  -11.3
   78   79 A R  E   < -B   73   0A  46     -5,-1.4    -5,-2.0     2,-0.0     2,-0.3  -0.990  46.3-158.4-150.7 136.6  -23.0   55.0   -8.7
   79   80 A S  E     -B   72   0A  38     -2,-0.3   131,-0.7    -7,-0.2     2,-0.3  -0.847   9.7-177.0-112.8 150.5  -20.4   53.5   -6.4
   80   81 A Y  E     -Bc  71 210A   0     -9,-1.6    -9,-3.3    -2,-0.3     2,-0.6  -0.976  21.4-139.2-142.3 144.5  -19.1   55.1   -3.2
   81   82 A I  E     -Bc  70 211A   0    129,-2.7   131,-3.5    -2,-0.3     2,-0.5  -0.958  20.4-161.8-107.2 117.6  -16.4   53.8   -0.9
   82   83 A L  E     +Bc  69 212A   0    -13,-2.5   -13,-2.9    -2,-0.6     2,-0.3  -0.905  19.5 165.3 -99.4 133.9  -17.5   54.4    2.7
   83   84 A T  E     -Bc  68 213A   2    129,-2.1   131,-0.7    -2,-0.5   -15,-0.2  -0.939  36.3-101.9-145.1 162.5  -14.7   54.3    5.2
   84   85 A Q        -     0   0    2    -17,-1.5   132,-0.2    -2,-0.3   131,-0.2  -0.368  55.5 -81.2 -77.5 166.5  -14.0   55.2    8.8
   85   86 A G        -     0   0    0    130,-2.5    -1,-0.1    34,-0.3   130,-0.1  -0.543  63.8 -98.0 -67.7 131.2  -12.0   58.3    9.7
   86   87 A P        -     0   0    2      0, 0.0    35,-2.0     0, 0.0    -1,-0.1  -0.163  35.3-133.9 -53.8 141.5   -8.3   57.3    9.2
   87   88 A L    >>  -     0   0   20     33,-0.1     3,-1.7   -45,-0.1     4,-0.7  -0.501  32.2 -97.7 -90.6 165.2   -6.4   56.3   12.4
   88   89 A P  T 34 S+     0   0   93      0, 0.0     3,-0.3     0, 0.0    -1,-0.1   0.848 128.6  40.7 -51.6 -31.7   -2.9   57.6   13.2
   89   90 A N  T 34 S+     0   0   84    -48,-0.2     4,-0.2     1,-0.2     3,-0.1   0.454 111.5  54.2 -98.1  -1.7   -1.7   54.3   11.7
   90   91 A T  T <> S+     0   0    5     -3,-1.7     4,-2.4     2,-0.1    -1,-0.2   0.278  72.4  98.4-117.4  13.1   -4.0   54.0    8.6
   91   92 A C  H  X S+     0   0   12     -4,-0.7     4,-2.4    -3,-0.3     5,-0.2   0.870  87.0  50.1 -67.5 -35.9   -3.5   57.3    6.8
   92   93 A G  H  > S+     0   0    8      2,-0.2     4,-2.0     1,-0.2    -1,-0.2   0.885 110.9  49.3 -68.9 -36.8   -1.1   55.7    4.4
   93   94 A H  H  > S+     0   0   16      2,-0.2     4,-2.4     1,-0.2    -2,-0.2   0.886 109.4  54.1 -66.4 -41.7   -3.6   52.9    3.8
   94   95 A F  H  X S+     0   0    2     -4,-2.4     4,-2.4     2,-0.2     3,-0.3   0.976 112.9  39.8 -56.9 -58.7   -6.3   55.5    3.2
   95   96 A W  H  X S+     0   0    0     -4,-2.4     4,-2.5     1,-0.3    -1,-0.2   0.837 113.2  56.8 -63.5 -29.8   -4.3   57.4    0.6
   96   97 A E  H  X S+     0   0   25     -4,-2.0     4,-2.8     2,-0.2    -1,-0.3   0.894 107.5  48.4 -64.3 -41.9   -3.1   54.1   -0.9
   97   98 A M  H  X S+     0   0    1     -4,-2.4     4,-2.6    -3,-0.3     6,-0.3   0.923 109.3  52.9 -63.1 -44.8   -6.8   53.1   -1.3
   98   99 A V  H  <>S+     0   0    0     -4,-2.4     5,-1.6     1,-0.2     4,-0.4   0.931 112.8  45.6 -56.6 -44.3   -7.5   56.5   -2.9
   99  100 A W  H ><5S+     0   0   37     -4,-2.5     3,-1.2     1,-0.2    -2,-0.2   0.968 115.5  42.7 -64.1 -57.3   -4.6   55.8   -5.3
  100  101 A E  H 3<5S+     0   0   39     -4,-2.8    -1,-0.2     1,-0.3    -2,-0.2   0.799 115.9  47.4 -61.9 -34.1   -5.5   52.2   -6.2
  101  102 A Q  T 3<5S-     0   0   58     -4,-2.6    -1,-0.3    -5,-0.2    -2,-0.2   0.442 106.7-129.0 -86.9  -3.5   -9.2   52.7   -6.6
  102  103 A K  T < 5 +     0   0  132     -3,-1.2   106,-3.0    -4,-0.4    -3,-0.2   0.783  41.5 174.8  60.5  34.0   -8.5   55.8   -8.7
  103  104 A S  B   < -i  208   0B   0     -5,-1.6    -1,-0.2    -6,-0.3   107,-0.1  -0.339  21.1-168.6 -68.4 150.8  -10.8   58.1   -6.7
  104  105 A R        +     0   0   69    104,-0.5    67,-2.7    98,-0.4     2,-0.3   0.589  68.0  39.0-114.7 -19.5  -10.8   61.8   -7.6
  105  106 A G  E     -d  171   0A   0     97,-0.4   106,-2.0    65,-0.2     2,-0.4  -0.959  59.0-157.8-136.2 151.0  -12.6   63.2   -4.7
  106  107 A V  E     -de 172 211A   0     65,-2.7    67,-2.9    -2,-0.3     2,-0.6  -0.997   9.6-155.9-126.8 128.5  -12.8   62.6   -0.9
  107  108 A V  E     -de 173 212A   0    104,-3.0   106,-2.9    -2,-0.4     2,-0.5  -0.944   8.2-171.0-109.6 114.3  -15.8   63.7    1.1
  108  109 A M  E     +de 174 213A   0     65,-2.8    67,-2.9    -2,-0.6   106,-0.2  -0.931  10.4 173.6-105.2 121.4  -15.2   64.3    4.8
  109  110 A L        +     0   0    0    104,-2.8    69,-0.3    -2,-0.5   105,-0.2   0.430  58.7  59.0-108.0   1.1  -18.3   64.9    6.9
  110  111 A N  S    S-     0   0    2    103,-0.3     2,-0.3   104,-0.1     3,-0.0  -0.509  79.1-110.1-117.6-174.5  -16.9   65.0   10.4
  111  112 A R        -     0   0  118     -2,-0.2     3,-0.3    67,-0.1     8,-0.2  -0.911  18.7-128.3-119.7 147.4  -14.3   67.1   12.3
  112  113 A V  S    S+     0   0   16     -2,-0.3     7,-1.7     1,-0.3     8,-0.9   0.866 109.1  39.8 -60.1 -34.6  -10.9   65.9   13.4
  113  114 A M  B    S+J  118   0C 109      5,-0.2     2,-0.5     6,-0.2    -1,-0.3  -0.873  75.5 169.4-120.0  92.1  -11.8   67.2   16.9
  114  115 A E  S    S-     0   0   10      3,-0.9     2,-1.9    -2,-0.6     3,-0.2  -0.936  70.6 -35.5-106.5 128.4  -15.4   66.4   17.7
  115  116 A K  S    S-     0   0  183     -2,-0.5    -2,-0.0     1,-0.2     0, 0.0  -0.415 126.3 -32.8  62.3 -81.6  -16.5   67.0   21.3
  116  117 A G  S    S+     0   0   70     -2,-1.9     2,-0.3     1,-0.0    -1,-0.2  -0.230 112.6  52.8-170.2  68.7  -13.2   65.9   22.9
  117  118 A S  S    S-     0   0   82     -3,-0.2     2,-1.4    -5,-0.1    -3,-0.9  -0.940  91.4 -65.9 175.4 169.2  -11.1   63.2   21.2
  118  119 A L  B     +J  113   0C  65     -2,-0.3    -5,-0.2     1,-0.2     3,-0.1  -0.624  47.9 167.3 -75.6  92.1   -9.5   62.1   17.9
  119  120 A K  S    S-     0   0   50     -7,-1.7     2,-0.3    -2,-1.4   -34,-0.3   0.587  76.0  -3.2 -81.2  -9.0  -12.7   61.5   15.8
  120  121 A C  S    S-     0   0    0     -8,-0.9    -1,-0.3    -3,-0.1     2,-0.2  -0.930  79.9-107.1-174.3 149.6  -10.3   61.3   12.8
  121  122 A A        -     0   0    7    -35,-2.0     2,-1.5    -2,-0.3     3,-0.1  -0.578  39.2-105.8 -84.6 153.9   -6.6   61.7   12.2
  122  123 A Q        +     0   0  121     -2,-0.2     4,-0.1     1,-0.2    -1,-0.1  -0.685  50.7 169.1 -79.1  92.4   -5.3   64.8   10.3
  123  124 A Y        +     0   0    0     -2,-1.5    -1,-0.2     2,-0.1   -28,-0.1   0.396  51.2  54.9 -92.7   2.9   -4.7   63.0    7.1
  124  125 A W  S    S-     0   0   24     -3,-0.1    18,-0.1     7,-0.0     2,-0.0  -0.947  92.3 -94.4-132.2 153.6   -4.0   65.9    4.7
  125  126 A P        -     0   0    4      0, 0.0     6,-0.1     0, 0.0     3,-0.1  -0.369  21.9-160.1 -67.2 146.6   -1.5   68.8    5.0
  126  127 A Q  S    S+     0   0  146      4,-0.2     2,-0.4     1,-0.2     5,-0.1   0.641  79.6  45.3 -98.2 -20.1   -2.8   72.0    6.5
  127  128 A K  S >  S-     0   0   92      3,-0.4     3,-1.8     1,-0.1    16,-0.3  -0.989  74.7-138.5-126.7 132.9   -0.0   74.2    5.0
  128  129 A E  T 3  S+     0   0  101     -2,-0.4     3,-0.2     1,-0.3    -1,-0.1   0.774 104.2  57.6 -60.9 -22.0    1.1   74.0    1.4
  129  130 A E  T 3  S+     0   0   98      1,-0.2     2,-0.4    13,-0.1    -1,-0.3   0.534 101.0  60.9 -84.6 -10.1    4.8   74.3    2.5
  130  131 A K  S <  S-     0   0  134     -3,-1.8    -3,-0.4    13,-0.1    -4,-0.2  -0.709  74.2-173.4-119.8  77.9    4.5   71.3    4.7
  131  132 A E        -     0   0   74     -2,-0.4     2,-0.4    -3,-0.2    11,-0.2  -0.193  20.0-125.7 -63.3 162.5    3.7   68.3    2.5
  132  133 A M  E     -F  141   0A  51      9,-2.9     9,-3.1    -9,-0.1     2,-0.4  -0.917  19.2-163.3-115.0 139.8    2.9   64.9    4.1
  133  134 A I  E     -F  140   0A  60     -2,-0.4     2,-0.8     7,-0.2     7,-0.2  -0.981  10.7-156.6-125.3 131.5    4.7   61.7    3.2
  134  135 A F  E  >> -F  139   0A  17      5,-2.7     5,-1.9    -2,-0.4     4,-0.8  -0.921  11.7-174.0-107.9  96.3    3.4   58.3    4.1
  135  136 A E  T  45S+     0   0  146     -2,-0.8     3,-0.4     1,-0.2    -1,-0.2   0.845  78.4  61.1 -61.7 -34.9    6.6   56.3    4.1
  136  137 A D  T  45S+     0   0  144      1,-0.2    -1,-0.2    -3,-0.1    -2,-0.0   0.872 117.5  28.3 -63.1 -37.1    4.8   53.0    4.6
  137  138 A T  T  45S-     0   0    9     -3,-0.3    -1,-0.2     2,-0.1    -2,-0.2   0.351 105.0-120.8-106.6   6.5    2.8   53.4    1.3
  138  139 A N  T  <5 +     0   0   66     -4,-0.8    24,-2.3    -3,-0.4    25,-0.6   0.910  65.1 138.1  56.4  46.7    5.3   55.5   -0.7
  139  140 A L  E   < -FG 134 161A   0     -5,-1.9    -5,-2.7    22,-0.2     2,-0.4  -0.920  39.9-157.6-125.2 149.4    2.8   58.3   -1.2
  140  141 A K  E     -FG 133 160A  61     20,-2.2    20,-2.9    -2,-0.3     2,-0.4  -0.983   6.9-167.9-126.4 135.6    3.2   62.1   -1.0
  141  142 A L  E     -FG 132 159A   0     -9,-3.1    -9,-2.9    -2,-0.4     2,-0.4  -0.989   6.6-179.8-128.1 124.7    0.4   64.5   -0.4
  142  143 A T  E     - G   0 158A  38     16,-2.0    16,-2.3    -2,-0.4     2,-0.5  -0.954  27.4-126.2-125.9 142.9    0.6   68.3   -0.9
  143  144 A L  E     + G   0 157A   2     -2,-0.4    14,-0.2   -16,-0.3     3,-0.1  -0.790  27.1 176.3 -87.4 125.8   -2.0   71.0   -0.3
  144  145 A I  E     -     0   0A  63     12,-2.9     2,-0.3    -2,-0.5    13,-0.2   0.801  61.9 -19.2 -97.8 -42.4   -2.4   73.1   -3.5
  145  146 A S  E     - G   0 156A  51     11,-1.2    11,-2.2     2,-0.0    -1,-0.4  -0.975  53.3-147.7-160.3 167.5   -5.2   75.4   -2.6
  146  147 A E  E     - G   0 155A  82     -2,-0.3     2,-0.4     9,-0.2     9,-0.2  -0.983   1.2-162.6-144.0 144.4   -8.1   75.8   -0.1
  147  148 A D  E     - G   0 154A 109      7,-2.4     7,-2.3    -2,-0.3     2,-0.4  -0.851  18.0-164.2-132.9  92.7  -11.5   77.4   -0.5
  148  149 A I  E     + G   0 153A 107     -2,-0.4     5,-0.2     5,-0.2     2,-0.2  -0.680  12.7 171.2 -85.8 130.6  -13.0   78.0    2.9
  149  150 A K        -     0   0   51      3,-1.8   148,-0.2    -2,-0.4   147,-0.1  -0.614  49.3 -87.2-121.0-175.5  -16.8   78.8    3.3
  150  151 A S  S    S+     0   0   77    146,-2.8   147,-0.1    -2,-0.2     3,-0.1   0.920 120.1  12.3 -65.8 -46.7  -18.9   79.0    6.4
  151  152 A Y  S    S+     0   0    3      1,-0.2    25,-1.8   145,-0.1    26,-0.8   0.370 129.1  33.1-114.5   3.5  -19.9   75.4    6.8
  152  153 A Y  E     - H   0 175A   3     23,-0.2    -3,-1.8   144,-0.2     2,-0.4  -0.987  57.1-150.2-158.8 149.8  -17.6   73.6    4.4
  153  154 A T  E     -GH 148 174A  10     21,-2.2    21,-3.0    -2,-0.3     2,-0.5  -0.985   9.3-157.3-123.1 130.4  -14.0   73.8    2.9
  154  155 A V  E     -GH 147 173A  15     -7,-2.3    -7,-2.4    -2,-0.4     2,-0.3  -0.924  17.3-171.8-107.7 132.6  -13.0   72.5   -0.5
  155  156 A R  E     -GH 146 172A  24     17,-2.5    17,-3.0    -2,-0.5     2,-0.5  -0.922  21.4-142.0-127.0 152.4   -9.3   71.6   -1.0
  156  157 A Q  E     -GH 145 171A  72    -11,-2.2   -12,-2.9    -2,-0.3   -11,-1.2  -0.958  27.4-178.6-110.8 126.0   -7.1   70.7   -4.0
  157  158 A L  E     -GH 143 170A   0     13,-2.7    13,-2.4    -2,-0.5     2,-0.5  -0.876  21.7-143.5-124.9 153.3   -4.5   68.1   -3.1
  158  159 A E  E     -GH 142 169A  74    -16,-2.3   -16,-2.0    -2,-0.3     2,-0.5  -0.983  15.7-165.3-119.2 114.4   -1.8   66.5   -5.2
  159  160 A L  E     -GH 141 168A   0      9,-2.7     9,-2.0    -2,-0.5     2,-0.5  -0.895   7.0-168.8-101.2 127.6   -1.2   62.9   -4.5
  160  161 A E  E     -GH 140 167A  51    -20,-2.9   -20,-2.2    -2,-0.5     2,-0.9  -0.974  21.3-141.1-123.3 129.9    2.0   61.5   -5.8
  161  162 A N  E  >> -GH 139 166A  20      5,-2.3     4,-2.9    -2,-0.5     5,-0.8  -0.793  16.1-158.6 -83.4 108.6    2.9   57.8   -6.0
  162  163 A L  T  45S+     0   0   41    -24,-2.3    -1,-0.2    -2,-0.9   -23,-0.1   0.691  87.8  57.1 -65.1 -19.6    6.6   58.1   -5.1
  163  164 A T  T  45S+     0   0  102    -25,-0.6    -1,-0.2     1,-0.1   -24,-0.1   0.936 122.9  23.3 -73.8 -47.6    7.4   54.7   -6.8
  164  165 A T  T  45S-     0   0   80      2,-0.1    -2,-0.2    -3,-0.1    -1,-0.1   0.651  94.5-135.2 -90.6 -23.0    6.0   55.7  -10.2
  165  166 A Q  T  <5 +     0   0  132     -4,-2.9     2,-0.4     1,-0.3    -3,-0.2   0.798  54.7 148.2  65.0  27.4    6.4   59.5   -9.8
  166  167 A E  E   < - H   0 161A 116     -5,-0.8    -5,-2.3     2,-0.0     2,-0.3  -0.770  33.6-152.5 -91.5 143.8    2.9   59.8  -11.2
  167  168 A T  E     - H   0 160A  54     -2,-0.4     2,-0.3    -7,-0.2    -7,-0.2  -0.868  14.2-179.2-120.9 146.3    0.8   62.7   -9.9
  168  169 A R  E     - H   0 159A  46     -9,-2.0    -9,-2.7    -2,-0.3     2,-0.5  -0.993  25.8-123.2-143.7 152.4   -2.9   63.2   -9.5
  169  170 A E  E     - H   0 158A  58     -2,-0.3     2,-0.4   -11,-0.2   -11,-0.2  -0.835  25.0-169.2 -98.1 128.2   -5.3   65.9   -8.3
  170  171 A I  E     - H   0 157A   0    -13,-2.4   -13,-2.7    -2,-0.5     2,-0.5  -0.948  12.3-144.8-116.7 133.3   -7.7   64.9   -5.5
  171  172 A L  E     -dH 105 156A  23    -67,-2.7   -65,-2.7    -2,-0.4     2,-0.6  -0.875  11.6-156.3 -99.5 134.4  -10.6   67.2   -4.5
  172  173 A H  E     -dH 106 155A   0    -17,-3.0   -17,-2.5    -2,-0.5     2,-0.7  -0.928   7.2-169.9-117.6 112.8  -11.4   67.3   -0.8
  173  174 A F  E     -dH 107 154A   1    -67,-2.9   -65,-2.8    -2,-0.6     2,-0.6  -0.895   9.0-171.5-103.2 110.6  -14.9   68.3    0.2
  174  175 A H  E     -dH 108 153A  11    -21,-3.0   -21,-2.2    -2,-0.7     2,-0.8  -0.895  13.8-159.8-111.9 108.7  -15.0   68.9    4.0
  175  176 A Y  E     - H   0 152A   0    -67,-2.9     3,-0.4    -2,-0.6   -23,-0.2  -0.750  14.2-177.4 -83.0 110.8  -18.4   69.5    5.7
  176  177 A T        +     0   0   33    -25,-1.8   -24,-0.2    -2,-0.8    -1,-0.1   0.469  67.9  53.8 -94.4  -1.4  -17.4   71.1    8.9
  177  178 A T  S    S+     0   0   39    -26,-0.8    -1,-0.2     2,-0.1     6,-0.1   0.041  71.4 110.3-122.0  26.8  -20.7   71.5   10.7
  178  179 A W        -     0   0    2     -3,-0.4   -67,-0.1   -69,-0.3     3,-0.1  -0.874  58.5-148.7-106.7 101.2  -22.2   68.1   10.7
  179  180 A P    >   -     0   0   51      0, 0.0     3,-2.5     0, 0.0     2,-0.1  -0.344  29.1 -92.9 -66.6 148.4  -22.2   66.8   14.3
  180  181 A D  T 3  S+     0   0   49      1,-0.3     3,-0.1    -2,-0.1   -70,-0.0  -0.443 115.5   6.2 -66.2 127.6  -21.8   63.1   15.0
  181  182 A F  T 3  S+     0   0  109      1,-0.3    -1,-0.3    -2,-0.1     2,-0.2   0.651 119.2 104.2  71.3  18.0  -25.3   61.6   15.3
  182  183 A G    <   -     0   0   16     -3,-2.5    -1,-0.3    82,-0.1    80,-0.1  -0.504  67.8-118.1-115.8-174.2  -26.6   65.0   14.2
  183  184 A V        -     0   0   52     -2,-0.2    82,-0.1     1,-0.1    37,-0.0  -0.759  33.9 -88.3-124.4 164.5  -28.0   66.4   11.0
  184  185 A P        -     0   0    7      0, 0.0    -1,-0.1     0, 0.0    -6,-0.1  -0.259  47.6 -98.2 -66.0 167.8  -26.9   69.2    8.6
  185  186 A E  S    S-     0   0   91      1,-0.2     3,-0.1     2,-0.1    -7,-0.0   0.867  94.7 -33.2 -54.4 -40.3  -28.0   72.8    9.2
  186  187 A S     >  -     0   0   61      1,-0.1     4,-2.4   108,-0.0     5,-0.2  -0.968  63.9 -91.9-172.3 166.7  -30.8   72.4    6.7
  187  188 A P  H  > S+     0   0   26      0, 0.0     4,-3.1     0, 0.0     5,-0.2   0.882 125.0  55.9 -58.0 -36.3  -31.7   70.6    3.4
  188  189 A A  H  > S+     0   0    7      2,-0.2     4,-2.3     1,-0.2     5,-0.2   0.936 108.1  45.2 -61.1 -51.5  -30.4   73.7    1.6
  189  190 A S  H  > S+     0   0    4      2,-0.2     4,-1.9     1,-0.2    -1,-0.2   0.959 117.2  44.4 -58.6 -51.4  -27.0   73.6    3.3
  190  191 A F  H  X S+     0   0    0     -4,-2.4     4,-2.9     1,-0.2    -2,-0.2   0.936 116.2  46.1 -58.5 -51.3  -26.6   69.8    2.7
  191  192 A L  H  X S+     0   0    0     -4,-3.1     4,-2.6     2,-0.2    -1,-0.2   0.800 108.6  55.7 -62.7 -33.1  -27.8   70.0   -0.9
  192  193 A N  H  X S+     0   0   10     -4,-2.3     4,-1.3    -5,-0.2    -1,-0.2   0.892 112.6  44.6 -66.5 -35.6  -25.6   73.0   -1.6
  193  194 A F  H  X S+     0   0    1     -4,-1.9     4,-1.7    -5,-0.2    -2,-0.2   0.927 112.1  50.8 -73.1 -47.3  -22.7   70.8   -0.5
  194  195 A L  H  X S+     0   0    0     -4,-2.9     4,-2.2     1,-0.2     3,-0.3   0.943 110.5  48.8 -57.0 -51.3  -23.8   67.7   -2.4
  195  196 A F  H  X S+     0   0   22     -4,-2.6     4,-3.2     1,-0.2    -1,-0.2   0.833 105.6  56.1 -61.8 -32.4  -24.2   69.6   -5.7
  196  197 A K  H  X S+     0   0   80     -4,-1.3     4,-1.3     2,-0.2    -1,-0.2   0.913 109.9  48.2 -65.1 -36.6  -20.8   71.3   -5.4
  197  198 A V  H  X>S+     0   0    0     -4,-1.7     5,-0.8    -3,-0.3     4,-0.6   0.900 112.4  48.3 -67.4 -41.6  -19.4   67.7   -5.1
  198  199 A R  H ><5S+     0   0   53     -4,-2.2     3,-1.0     1,-0.2     5,-0.3   0.932 111.2  50.9 -63.4 -45.0  -21.5   66.6   -8.1
  199  200 A E  H 3<5S+     0   0  130     -4,-3.2    -1,-0.2     1,-0.2    -2,-0.2   0.696  96.7  67.4 -66.2 -25.7  -20.3   69.7  -10.1
  200  201 A S  H 3<5S-     0   0   37     -4,-1.3    -1,-0.2    -3,-0.2    -2,-0.2   0.750 107.7-119.8 -67.2 -26.2  -16.6   69.1   -9.5
  201  202 A G  T X<5S+     0   0   19     -3,-1.0     3,-0.9    -4,-0.6    -3,-0.1   0.469  78.6 125.7  96.2   5.8  -16.7   65.9  -11.5
  202  203 A S  T 3 <S+     0   0    0     -5,-0.8   -98,-0.4     1,-0.2   -97,-0.4   0.782  73.4  48.3 -66.6 -27.0  -15.6   63.8   -8.5
  203  204 A L  T 3  S+     0   0   14     -6,-0.5    -1,-0.2    -5,-0.3  -124,-0.2   0.466  82.5 124.7 -93.4  -3.0  -18.6   61.5   -8.9
  204  205 A S    X   -     0   0   50     -3,-0.9     3,-1.7     1,-0.1  -126,-0.0  -0.224  69.2-124.3 -58.1 145.7  -18.3   60.9  -12.7
  205  206 A P  T 3  S+     0   0  130      0, 0.0    -1,-0.1     0, 0.0    -3,-0.0   0.533 106.9  72.2 -69.1  -8.3  -18.0   57.3  -13.8
  206  207 A E  T 3  S+     0   0  162      2,-0.1     2,-0.2     0, 0.0    -2,-0.1   0.550  97.7  58.0 -82.9  -8.4  -14.7   58.1  -15.6
  207  208 A H  S <  S-     0   0   43     -3,-1.7  -104,-0.2     1,-0.1     3,-0.1  -0.701  98.9 -93.5-113.8 167.6  -13.2   58.3  -12.1
  208  209 A G  B     -i  103   0B  11   -106,-3.0  -104,-0.5    -2,-0.2  -103,-0.2  -0.258  65.9 -66.0 -71.3 172.3  -13.0   55.7   -9.3
  209  210 A P        -     0   0   18      0, 0.0  -129,-0.2     0, 0.0    -1,-0.2  -0.255  57.4-106.6 -60.2 144.5  -15.7   55.8   -6.6
  210  211 A V  E     -c   80   0A   1   -131,-0.7  -129,-2.7  -107,-0.1     2,-0.6  -0.441  32.1-126.7 -68.2 145.9  -15.7   58.9   -4.5
  211  212 A V  E     -ce  81 106A   0   -106,-2.0  -104,-3.0  -131,-0.2     2,-0.4  -0.912  29.5-168.8 -98.2 120.0  -14.3   58.1   -1.0
  212  213 A V  E     +ce  82 107A   0   -131,-3.5  -129,-2.1    -2,-0.6     2,-0.3  -0.922  12.6 162.4-112.3 137.6  -16.8   59.2    1.6
  213  214 A H  E     +ce  83 108A   0   -106,-2.9  -104,-2.8    -2,-0.4  -103,-0.3  -0.997  21.1 161.2-155.6 157.6  -16.1   59.3    5.4
  214  215 A C  S    S-     0   0    3   -131,-0.7  -104,-0.1    -2,-0.3   -34,-0.0  -0.362  70.2 -58.4-140.0-138.5  -17.1   60.7    8.8
  215  216 A S  S    S+     0   0    1     -2,-0.2  -130,-2.5  -131,-0.2  -171,-0.1   0.963 134.1  11.9 -82.8 -58.0  -15.9   59.1   12.1
  216  217 A A  S    S-     0   0   17   -132,-0.2  -171,-0.1  -172,-0.1  -172,-0.1   0.700 100.8-122.7 -89.5 -21.6  -17.3   55.5   11.9
  217  218 A G  S    S+     0   0    0   -133,-0.1  -133,-0.1    41,-0.0    -5,-0.1   0.769  91.5  74.8  84.7  29.9  -18.1   55.8    8.2
  218  219 A I  S  > S+     0   0   10     40,-0.1    42,-2.1     3,-0.1     4,-1.0   0.596  83.4  47.4-137.9 -44.0  -21.8   55.0    8.6
  219  220 A G  H  > S+     0   0    3     40,-0.2     4,-2.1    41,-0.2     5,-0.1   0.998 126.2  17.7 -69.9 -76.3  -24.0   57.7   10.0
  220  221 A R  H  > S+     0   0    0      2,-0.2     4,-2.4     1,-0.2     5,-0.2   0.887 128.3  54.7 -64.3 -39.6  -23.2   60.9    8.2
  221  222 A S  H  > S+     0   0    0      1,-0.2     4,-2.2     2,-0.2    -1,-0.2   0.913 109.8  48.0 -59.9 -42.2  -21.6   58.9    5.4
  222  223 A G  H  X S+     0   0    0     -4,-1.0     4,-2.3     2,-0.2    -2,-0.2   0.866 109.6  51.1 -66.6 -39.3  -24.8   56.9    5.0
  223  224 A T  H  X S+     0   0    1     -4,-2.1     4,-2.1     2,-0.2     5,-0.2   0.927 109.9  50.9 -64.6 -43.6  -27.0   60.0    5.0
  224  225 A F  H  X S+     0   0    0     -4,-2.4     4,-2.3     1,-0.2    -2,-0.2   0.956 114.8  41.9 -57.6 -53.2  -24.9   61.6    2.3
  225  226 A C  H  X S+     0   0    0     -4,-2.2     4,-2.5     2,-0.2    -1,-0.2   0.804 110.2  55.8 -66.0 -36.2  -25.0   58.5    0.1
  226  227 A L  H  X S+     0   0    0     -4,-2.3     4,-2.7     2,-0.2     5,-0.2   0.961 110.8  45.5 -61.9 -48.8  -28.7   57.8    0.6
  227  228 A A  H  X S+     0   0    1     -4,-2.1     4,-2.6     1,-0.2     5,-0.2   0.959 114.4  47.4 -59.5 -52.8  -29.6   61.3   -0.5
  228  229 A D  H  X S+     0   0    0     -4,-2.3     4,-2.1     1,-0.2    -1,-0.2   0.879 114.0  47.7 -57.2 -42.6  -27.4   61.2   -3.5
  229  230 A T  H  X S+     0   0    1     -4,-2.5     4,-2.3     2,-0.2    -1,-0.2   0.917 111.8  48.7 -66.4 -44.0  -28.6   57.8   -4.6
  230  231 A C  H  X S+     0   0    0     -4,-2.7     4,-2.2     1,-0.2    -2,-0.2   0.921 110.9  50.9 -63.8 -40.8  -32.3   58.7   -4.2
  231  232 A L  H  X S+     0   0    0     -4,-2.6     4,-1.3    -5,-0.2    -1,-0.2   0.924 108.9  51.9 -62.5 -42.0  -31.8   61.9   -6.2
  232  233 A L  H >X S+     0   0   29     -4,-2.1     4,-0.9    -5,-0.2     3,-0.6   0.938 109.7  49.9 -58.1 -46.3  -30.1   59.9   -9.0
  233  234 A L  H 3X S+     0   0    5     -4,-2.3     4,-3.1     1,-0.2     3,-0.4   0.850 107.3  52.8 -61.5 -38.5  -33.0   57.5   -9.0
  234  235 A M  H 3< S+     0   0   14     -4,-2.2    -1,-0.2     1,-0.2    -2,-0.2   0.744 108.9  51.1 -70.1 -22.2  -35.6   60.3   -9.3
  235  236 A D  H << S+     0   0  112     -4,-1.3    -1,-0.2    -3,-0.6    -2,-0.2   0.666 120.2  35.4 -85.6 -17.1  -33.7   61.6  -12.2
  236  237 A K  H  < S+     0   0  113     -4,-0.9    -2,-0.2    -3,-0.4    -3,-0.2   0.814  96.8  84.5-104.2 -43.3  -33.7   58.2  -13.9
  237  238 A R  S  < S-     0   0   66     -4,-3.1     6,-0.0    -5,-0.1     4,-0.0  -0.297  82.5-117.8 -66.6 150.8  -37.0   56.5  -13.1
  238  239 A K  S    S+     0   0  193      1,-0.2    -1,-0.1     2,-0.1    -4,-0.0   0.851 105.8  19.2 -54.3 -37.0  -40.1   57.1  -15.2
  239  240 A D    >   -     0   0   43      1,-0.1     3,-1.9     0, 0.0    -1,-0.2  -0.958  64.6-151.5-142.6 119.0  -41.8   58.5  -12.0
  240  241 A P  G >  S+     0   0   29      0, 0.0     3,-1.2     0, 0.0  -238,-0.2   0.612  90.6  81.2 -60.7 -13.4  -39.9   59.7   -8.9
  241  242 A S  G 3  S+     0   0   57      1,-0.2  -239,-0.1  -240,-0.1    -7,-0.0   0.737  85.8  59.2 -64.7 -24.4  -43.0   58.7   -6.9
  242  243 A S  G <  S+     0   0   58     -3,-1.9     2,-0.5  -241,-0.1    -1,-0.2   0.588  74.6 110.3 -81.4 -15.7  -41.7   55.1   -7.0
  243  244 A V    <   -     0   0    4     -3,-1.2     2,-0.8    -4,-0.2     3,-0.1  -0.512  53.7-161.3 -67.7 112.3  -38.4   55.9   -5.2
  244  245 A D     >  -     0   0   34     -2,-0.5     4,-2.3     1,-0.2     3,-0.2  -0.871   8.4-164.8 -99.9 107.8  -38.6   54.2   -1.8
  245  246 A I  H  > S+     0   0    2     -2,-0.8     4,-2.9     1,-0.2     5,-0.2   0.888  90.4  54.8 -56.6 -39.5  -36.0   55.8    0.5
  246  247 A K  H  > S+     0   0   65      1,-0.2     4,-1.7     2,-0.2    -1,-0.2   0.884 109.5  45.6 -63.4 -41.1  -36.4   52.9    2.9
  247  248 A K  H  > S+     0   0  132      2,-0.2     4,-1.6    -3,-0.2    -1,-0.2   0.872 112.2  52.5 -69.6 -37.4  -35.8   50.3    0.2
  248  249 A V  H  X S+     0   0    8     -4,-2.3     4,-2.1     2,-0.2     3,-0.5   0.957 108.5  49.0 -63.5 -50.2  -32.8   52.2   -1.0
  249  250 A L  H  X S+     0   0    0     -4,-2.9     4,-2.3     1,-0.2    -1,-0.2   0.886 109.8  54.4 -57.1 -38.2  -31.2   52.4    2.5
  250  251 A L  H  < S+     0   0   35     -4,-1.7  -223,-0.4     1,-0.2    -1,-0.2   0.829 106.9  48.4 -66.2 -34.1  -31.8   48.7    2.8
  251  252 A D  H >< S+     0   0   97     -4,-1.6     3,-1.3    -3,-0.5     4,-0.2   0.867 110.6  53.2 -73.8 -33.6  -29.9   47.9   -0.4
  252  253 A M  H >X S+     0   0    0     -4,-2.1     3,-2.8     1,-0.3     4,-1.0   0.943 100.7  59.3 -64.3 -45.8  -27.1   50.1    0.8
  253  254 A R  T 3< S+     0   0    8     -4,-2.3    -1,-0.3     1,-0.3    -2,-0.2   0.425  90.7  71.7 -64.4   1.7  -26.8   48.2    4.1
  254  255 A K  T <4 S+     0   0   95     -3,-1.3    -1,-0.3    -5,-0.1    -2,-0.2   0.586 105.4  39.8 -86.0 -17.5  -26.1   45.1    2.1
  255  256 A F  T <4 S+     0   0   30     -3,-2.8  -204,-0.5     1,-0.4     2,-0.3   0.694 131.4   9.1-101.4 -29.9  -22.7   46.7    1.4
  256  257 A R  S >< S-     0   0    0     -4,-1.0     3,-0.6  -206,-0.1    -1,-0.4  -0.966  78.5-116.7-153.3 139.0  -21.9   48.2    4.7
  257  258 A M  T 3  S+     0   0   46   -208,-0.6    -3,-0.1    -2,-0.3  -229,-0.1  -0.355  85.1  19.7 -75.8 157.8  -23.5   47.9    8.1
  258  259 A G  T 3   +     0   0   18      1,-0.2    -1,-0.2    -5,-0.1   -36,-0.1   0.462  68.6 175.3  66.6  10.2  -25.2   50.7   10.2
  259  260 A L    <   +     0   0    0     -3,-0.6   -40,-0.2   -10,-0.1    -1,-0.2  -0.246  65.2  18.8 -54.2 123.6  -25.8   53.2    7.4
  260  261 A I  S    S-     0   0    0    -42,-2.1   -41,-0.2   -41,-0.1   -40,-0.1   0.671  71.3-157.6  75.7 113.7  -27.8   56.1    8.9
  261  262 A Q        +     0   0   57      1,-0.1     2,-0.3   -42,-0.0   -42,-0.1   0.459  64.0  43.4-102.7  -3.3  -27.4   56.1   12.7
  262  263 A T  S  > S-     0   0    9    -43,-0.1     4,-1.4     1,-0.1     3,-0.2  -0.982  70.6-126.7-143.6 154.5  -30.5   58.1   13.8
  263  264 A A  H  > S+     0   0   11     -2,-0.3     4,-2.4     1,-0.2     5,-0.2   0.861 114.7  57.0 -64.5 -34.7  -34.2   58.3   13.1
  264  265 A E  H  > S+     0   0  119      1,-0.2     4,-2.3     2,-0.2    -1,-0.2   0.836 103.1  52.6 -65.2 -35.6  -33.6   62.1   12.6
  265  266 A Q  H  > S+     0   0    0      2,-0.2     4,-1.6     1,-0.2    -1,-0.2   0.830 109.2  49.3 -71.1 -32.0  -31.0   61.4    9.9
  266  267 A L  H  X S+     0   0    0     -4,-1.4     4,-1.6     2,-0.2    -2,-0.2   0.942 112.0  48.6 -69.7 -45.5  -33.5   59.2    8.0
  267  268 A R  H  X S+     0   0   80     -4,-2.4     4,-2.2     1,-0.2    -2,-0.2   0.876 109.6  52.4 -58.5 -43.2  -36.1   61.9    8.3
  268  269 A F  H  X S+     0   0   13     -4,-2.3     4,-3.5     1,-0.2    -1,-0.2   0.873 103.7  57.3 -62.0 -37.5  -33.6   64.5    7.1
  269  270 A S  H  X S+     0   0    0     -4,-1.6     4,-2.5     2,-0.2    -1,-0.2   0.888 106.4  49.7 -60.7 -39.3  -32.8   62.2    4.0
  270  271 A Y  H  X S+     0   0    5     -4,-1.6     4,-2.8     2,-0.2     5,-0.2   0.965 113.6  46.1 -61.6 -50.8  -36.5   62.4    3.2
  271  272 A L  H  X S+     0   0   51     -4,-2.2     4,-2.7     1,-0.2     5,-0.3   0.924 113.8  47.3 -55.8 -51.5  -36.3   66.2    3.5
  272  273 A A  H  X S+     0   0    0     -4,-3.5     4,-2.8     1,-0.2    -1,-0.2   0.894 114.7  46.4 -60.0 -42.7  -33.1   66.5    1.5
  273  274 A V  H  X S+     0   0    0     -4,-2.5     4,-1.7    -5,-0.2    -2,-0.2   0.924 112.6  48.9 -68.7 -43.3  -34.4   64.3   -1.3
  274  275 A I  H  X S+     0   0   24     -4,-2.8     4,-1.1    -5,-0.2     3,-0.2   0.946 116.2  43.3 -61.8 -46.1  -37.8   66.0   -1.5
  275  276 A E  H >X S+     0   0   50     -4,-2.7     4,-0.9     1,-0.2     3,-0.7   0.942 114.5  50.0 -65.1 -44.8  -36.1   69.4   -1.7
  276  277 A G  H 3< S+     0   0    0     -4,-2.8    -1,-0.2    -5,-0.3    -2,-0.2   0.732  99.8  66.4 -65.7 -23.4  -33.5   68.2   -4.1
  277  278 A A  H >X S+     0   0    6     -4,-1.7     4,-1.9    -3,-0.2     3,-1.5   0.894  93.1  61.3 -63.6 -39.7  -36.3   66.7   -6.3
  278  279 A K  H <<>S+     0   0  115     -4,-1.1     5,-0.8    -3,-0.7     2,-0.6   0.937 104.0  48.0 -51.5 -50.0  -37.4   70.3   -7.0
  279  280 A F  T 3<5S+     0   0   19     -4,-0.9    -1,-0.3     1,-0.2    -2,-0.1  -0.115 112.5  48.5 -89.3  38.8  -34.1   71.2   -8.6
  280  281 A I  T <45S+     0   0   33     -3,-1.5     2,-1.0    -2,-0.6    -1,-0.2   0.334  97.9  68.5-140.2 -31.8  -34.0   68.0  -10.8
  281  282 A M  T  <5S-     0   0  106     -4,-1.9     2,-0.7    -3,-0.4    -2,-0.1  -0.330 130.3 -76.0 -90.9  50.2  -37.6   68.3  -12.1
  282  283 A G  T > 5S+     0   0   59     -2,-1.0     3,-0.8     1,-0.1    -3,-0.1  -0.231 114.9  96.3  91.3 -45.6  -36.8   71.4  -14.2
  283  284 A D  G > < +     0   0  102     -5,-0.8     3,-2.2    -2,-0.7    -4,-0.2   0.322  45.2 117.4 -65.7  14.7  -36.7   74.1  -11.5
  284  285 A S  G >   +     0   0   70      1,-0.3     3,-1.8    -6,-0.2    -1,-0.3   0.688  53.3  85.6 -56.1 -16.8  -32.9   73.7  -11.4
  285  286 A S  G <  S+     0   0  105     -3,-0.8    -1,-0.3     1,-0.3     3,-0.2   0.670  89.9  46.2 -60.0 -19.5  -32.8   77.4  -12.6
  286  287 A V  G X   +     0   0   65     -3,-2.2     3,-2.8     1,-0.1     4,-0.3   0.034  68.1 126.5-114.0  27.3  -33.0   78.6   -8.9
  287  288 A Q  T X>  +     0   0   37     -3,-1.8     3,-1.9     1,-0.3     4,-0.8   0.798  64.4  73.7 -53.4 -28.2  -30.4   76.3   -7.4
  288  289 A D  H 3> S+     0   0   96      1,-0.3     4,-1.9    -3,-0.2    -1,-0.3   0.620  76.1  79.9 -62.7 -11.1  -28.8   79.4   -6.0
  289  290 A Q  H <> S+     0   0   86     -3,-2.8     4,-2.4     1,-0.2    -1,-0.3   0.889  94.3  47.1 -63.0 -37.6  -31.7   79.4   -3.6
  290  291 A W  H <> S+     0   0    0     -3,-1.9     4,-2.6    -4,-0.3    -1,-0.2   0.896 108.0  53.8 -71.0 -43.0  -29.7   76.8   -1.6
  291  292 A K  H  < S+     0   0  106     -4,-0.8     4,-0.3     2,-0.2    -2,-0.2   0.841 113.6  43.9 -60.6 -35.0  -26.5   78.8   -1.8
  292  293 A E  H >< S+     0   0  142     -4,-1.9     3,-1.2     2,-0.2    -2,-0.2   0.943 115.3  46.5 -75.3 -48.4  -28.2   81.8   -0.3
  293  294 A L  H 3< S+     0   0   87     -4,-2.4    -2,-0.2     1,-0.3    -3,-0.2   0.805 108.0  56.6 -63.9 -30.6  -30.1   79.8    2.3
  294  295 A S  T 3< S-     0   0    7     -4,-2.6     2,-2.2  -106,-0.2    -1,-0.3   0.629  96.8-146.1 -76.3 -11.5  -27.0   77.9    3.3
  295  296 A H    <   -     0   0  146     -3,-1.2     2,-2.3    -4,-0.3    -1,-0.2  -0.477  24.2-179.9  78.4 -63.6  -25.4   81.3    4.0
  296  297 A E              0   0   12     -2,-2.2  -146,-2.8    -3,-0.1  -144,-0.2  -0.015 360.0 360.0  63.1 -35.4  -22.0   80.0    2.9
  297  298 A D              0   0  190     -2,-2.3  -148,-0.1  -148,-0.2     0, 0.0  -0.861 360.0 360.0-126.1 360.0  -20.2   83.3    3.5
