==== Secondary Structure Definition by the program DSSP, CMBI version by M.L. Hekkelman/2010-10-21 ==== DATE=2014-07-07        .
REFERENCE W. KABSCH AND C.SANDER, BIOPOLYMERS 22 (1983) 2577-2637                                                              .
                                                                                                                               .
  601  1  0  0  0 TOTAL NUMBER OF RESIDUES, NUMBER OF CHAINS, NUMBER OF SS-BRIDGES(TOTAL,INTRACHAIN,INTERCHAIN)                .
 25118.4   ACCESSIBLE SURFACE OF PROTEIN (ANGSTROM**2)                                                                         .
  364 60.6   TOTAL NUMBER OF HYDROGEN BONDS OF TYPE O(I)-->H-N(J)  , SAME NUMBER PER 100 RESIDUES                              .
    7  1.2   TOTAL NUMBER OF HYDROGEN BONDS IN     PARALLEL BRIDGES, SAME NUMBER PER 100 RESIDUES                              .
  219 36.4   TOTAL NUMBER OF HYDROGEN BONDS IN ANTIPARALLEL BRIDGES, SAME NUMBER PER 100 RESIDUES                              .
    2  0.3   TOTAL NUMBER OF HYDROGEN BONDS OF TYPE O(I)-->H-N(I-5), SAME NUMBER PER 100 RESIDUES                              .
    5  0.8   TOTAL NUMBER OF HYDROGEN BONDS OF TYPE O(I)-->H-N(I-4), SAME NUMBER PER 100 RESIDUES                              .
    0  0.0   TOTAL NUMBER OF HYDROGEN BONDS OF TYPE O(I)-->H-N(I-3), SAME NUMBER PER 100 RESIDUES                              .
    2  0.3   TOTAL NUMBER OF HYDROGEN BONDS OF TYPE O(I)-->H-N(I-2), SAME NUMBER PER 100 RESIDUES                              .
    0  0.0   TOTAL NUMBER OF HYDROGEN BONDS OF TYPE O(I)-->H-N(I-1), SAME NUMBER PER 100 RESIDUES                              .
    0  0.0   TOTAL NUMBER OF HYDROGEN BONDS OF TYPE O(I)-->H-N(I+0), SAME NUMBER PER 100 RESIDUES                              .
    0  0.0   TOTAL NUMBER OF HYDROGEN BONDS OF TYPE O(I)-->H-N(I+1), SAME NUMBER PER 100 RESIDUES                              .
   57  9.5   TOTAL NUMBER OF HYDROGEN BONDS OF TYPE O(I)-->H-N(I+2), SAME NUMBER PER 100 RESIDUES                              .
   40  6.7   TOTAL NUMBER OF HYDROGEN BONDS OF TYPE O(I)-->H-N(I+3), SAME NUMBER PER 100 RESIDUES                              .
    4  0.7   TOTAL NUMBER OF HYDROGEN BONDS OF TYPE O(I)-->H-N(I+4), SAME NUMBER PER 100 RESIDUES                              .
    0  0.0   TOTAL NUMBER OF HYDROGEN BONDS OF TYPE O(I)-->H-N(I+5), SAME NUMBER PER 100 RESIDUES                              .
  1  2  3  4  5  6  7  8  9 10 11 12 13 14 15 16 17 18 19 20 21 22 23 24 25 26 27 28 29 30     *** HISTOGRAMS OF ***           .
  0  0  0  0  0  0  0  0  0  0  0  0  0  0  0  0  0  0  0  0  0  0  0  0  0  0  0  0  0  0    RESIDUES PER ALPHA HELIX         .
  0  1  1  0  0  0  0  0  0  0  0  0  0  0  0  0  0  0  0  0  0  0  0  0  0  0  0  0  0  0    PARALLEL BRIDGES PER LADDER      .
  6  4  1  5  6  5  6  1  1  0  0  0  1  0  0  0  0  0  0  0  0  0  0  0  0  0  0  0  0  0    ANTIPARALLEL BRIDGES PER LADDER  .
  0  0  6  1  1  0  1  0  0  0  0  0  0  0  0  0  0  0  0  0  0  0  0  0  0  0  0  0  0  0    LADDERS PER SHEET                .
  #  RESIDUE AA STRUCTURE BP1 BP2  ACC     N-H-->O    O-->H-N    N-H-->O    O-->H-N    TCO  KAPPA ALPHA  PHI   PSI    X-CA   Y-CA   Z-CA 
    1   47 A G              0   0   95      0, 0.0     3,-0.1     0, 0.0   350,-0.0   0.000 360.0 360.0 360.0-125.3    3.5    7.4   -4.0
    2   48 A E        -     0   0  166      1,-0.1   351,-0.2   352,-0.0   352,-0.2  -0.469 360.0-105.4 -70.8 134.1    5.7    4.5   -5.0
    3   49 A P        -     0   0   90      0, 0.0     2,-0.4     0, 0.0    -1,-0.1  -0.393  38.4-162.2 -63.7 137.9    5.0    1.3   -2.9
    4   50 A L        +     0   0   62    347,-0.1   347,-1.3    -2,-0.1   350,-0.2  -0.974  26.1 147.9-131.0 136.2    7.6    0.4   -0.3
    5   51 A Y  E     +A  350   0A  57     -2,-0.4     2,-0.3   345,-0.2   345,-0.2  -0.714  15.6 158.4-164.9 109.4    8.3   -2.8    1.6
    6   52 A T  E     -A  349   0A  86    343,-1.8   343,-2.2    -2,-0.2     2,-0.3  -0.892  13.7-171.0-133.8 149.9   11.8   -3.7    2.7
    7   53 A E  E     +A  348   0A  64     -2,-0.3     2,-0.3   341,-0.2   341,-0.2  -0.959  11.5 173.8-143.1 163.3   13.1   -6.0    5.5
    8   54 A Q  E     -A  347   0A 137    339,-2.1   339,-3.2    -2,-0.3     2,-0.4  -0.909  34.1-107.9-163.6 146.4   16.2   -7.1    7.3
    9   55 A D  E     -A  346   0A  54     -2,-0.3   337,-0.2   337,-0.3     3,-0.1  -0.684  22.3-178.0 -86.1 136.6   17.0   -9.3   10.4
   10   56 A L  E    S+     0   0A   9    335,-1.7     2,-0.4    -2,-0.4   336,-0.2   0.754  78.1  25.4 -97.3 -31.6   18.0   -7.8   13.7
   11   57 A A  E     -A  345   0A   3    334,-2.0   334,-1.4    10,-0.0     2,-0.5  -0.998  63.1-168.6-138.3 133.9   18.4  -11.1   15.5
   12   58 A V  E >   -A  344   0A  44     -2,-0.4     3,-2.6   332,-0.2   332,-0.2  -0.989  36.2-108.1-126.2 122.2   19.2  -14.6   14.0
   13   59 A N  T 3  S+     0   0   35    330,-2.8     7,-0.2    -2,-0.5     3,-0.1  -0.178 104.6  18.0 -50.2 124.7   18.8  -17.6   16.3
   14   60 A G  T 3  S+     0   0   48      4,-2.4     3,-0.4     1,-0.3    -1,-0.3   0.054 107.5  96.9 100.8 -23.7   22.2  -19.0   17.2
   15   61 A R  S X  S+     0   0  152     -3,-2.6     3,-0.9     1,-0.2    -1,-0.3  -0.622  77.1  20.0-101.7 156.6   24.2  -15.9   16.2
   16   62 A E  T 3  S-     0   0  129      1,-0.2    -1,-0.2    -2,-0.2    -3,-0.0   0.724 131.5 -49.8  62.4  25.3   25.4  -13.0   18.4
   17   63 A G  T 3  S+     0   0   69     -3,-0.4    -1,-0.2     1,-0.1    -2,-0.1   0.338 112.2  80.1 104.6  -9.6   25.3  -14.9   21.6
   18   64 A F    <   -     0   0   42     -3,-0.9    -4,-2.4    -6,-0.2    -1,-0.1  -0.993  56.8-147.8-136.4 144.1   21.9  -16.7   22.1
   19   65 A P  S    S+     0   0   58      0, 0.0     2,-0.4     0, 0.0    -1,-0.1   0.763  91.1  34.0 -74.7 -25.9   20.3  -19.9   20.7
   20   66 A N        -     0   0   54     21,-0.5    21,-3.2    -7,-0.2     2,-0.4  -0.997  58.4-177.7-139.9 135.8   16.8  -18.3   20.8
   21   67 A Y  E     +D   40   0B   2     -2,-0.4     2,-0.3    19,-0.2    19,-0.2  -0.994  26.4 144.1-128.2 129.6   15.5  -14.7   20.1
   22   68 A R  E     +D   39   0B  74     17,-1.2    17,-3.2    -2,-0.4    63,-0.1  -0.941  28.5  57.6-155.5 179.3   11.8  -14.0   20.5
   23   69 A I  E     -     0   0B   1     -2,-0.3    -1,-0.2    15,-0.2    16,-0.2   0.985  64.4-143.4  52.7  82.3    9.1  -11.5   21.6
   24   70 A P  E     -     0   0B   1      0, 0.0     2,-0.3     0, 0.0    14,-0.2  -0.294  20.7-179.8 -73.6 150.3    9.5   -8.2   19.6
   25   71 A A  E     -D   37   0B   0     12,-1.6    12,-2.6   135,-0.1     2,-0.4  -0.945   8.7-170.3-149.8 122.7    8.9   -4.6   20.8
   26   72 A L  E     +D   36   0B   0     -2,-0.3     2,-0.3    10,-0.2    10,-0.2  -0.919  11.9 155.9-120.1 145.2    9.4   -1.5   18.6
   27   73 A T  E     -D   35   0B   0      8,-2.1     8,-2.2    -2,-0.4     2,-0.4  -0.931  33.2-131.4-155.6 172.3    9.4    2.2   19.3
   28   74 A V  E     -D   34   0B   8     -2,-0.3     6,-0.2     6,-0.2   301,-0.1  -0.989  27.5-137.6-130.6 120.2   10.7    5.6   18.1
   29   75 A T    >   -     0   0    2      4,-2.9     3,-2.9    -2,-0.4     4,-0.1  -0.380  32.1 -99.5 -72.3 162.3   12.4    7.9   20.6
   30   76 A P  T 3  S+     0   0   67      0, 0.0    -1,-0.1     0, 0.0    66,-0.0   0.749 124.6  57.5 -55.4 -24.7   11.7   11.6   20.7
   31   77 A D  T 3  S-     0   0  147      2,-0.1     3,-0.1   103,-0.1    -2,-0.0   0.355 124.0-103.5 -85.1   1.4   14.9   12.2   18.7
   32   78 A G  S <  S+     0   0   28     -3,-2.9    29,-0.3     1,-0.3     2,-0.2   0.506  73.9 142.9  91.2   3.0   13.6   10.0   15.9
   33   79 A D        -     0   0   25     -4,-0.1    -4,-2.9    27,-0.1     2,-0.4  -0.517  47.3-131.4 -75.3 144.3   15.8    7.0   16.8
   34   80 A L  E     -DE  28  58B   2     24,-2.5    24,-2.5    -6,-0.2     2,-0.4  -0.815  20.0-162.1 -97.4 139.6   14.2    3.6   16.3
   35   81 A L  E     -DE  27  57B   0     -8,-2.2    -8,-2.1    -2,-0.4     2,-0.5  -0.989   6.3-171.9-125.1 127.5   14.5    1.1   19.2
   36   82 A A  E     -DE  26  56B   0     20,-2.5    20,-2.9    -2,-0.4     2,-0.3  -0.988   7.0-179.4-120.4 125.2   14.0   -2.6   18.8
   37   83 A S  E     +DE  25  55B   0    -12,-2.6   -12,-1.6    -2,-0.5     2,-0.3  -0.930   8.4 158.1-121.9 148.3   14.0   -4.8   22.0
   38   84 A Y  E     - E   0  54B   0     16,-0.6    16,-2.8    -2,-0.3     2,-0.2  -0.946  42.1 -89.2-159.5 163.8   13.5   -8.6   22.1
   39   85 A D  E     -DE  22  53B   0    -17,-3.2   -17,-1.2    -2,-0.3     2,-0.6  -0.601  23.7-149.5 -79.5 151.6   14.2  -11.6   24.5
   40   86 A G  E     -DE  21  52B   0     12,-2.4    12,-2.0    43,-0.3   -19,-0.2  -0.976  17.7-162.8-119.8 105.7   17.5  -13.4   24.3
   41   87 A R    >   -     0   0    2    -21,-3.2     3,-1.3    -2,-0.6   -21,-0.5  -0.778  15.9-177.8 -99.0  95.5   16.6  -17.0   25.5
   42   88 A P  T 3  S+     0   0   49      0, 0.0    -1,-0.1     0, 0.0     9,-0.1   0.736  93.8  33.4 -61.4 -20.6   19.8  -19.1   26.5
   43   89 A T  T 3  S-     0   0   68      2,-0.2     3,-0.1   -23,-0.1    -2,-0.0   0.300 111.1-118.9-113.2  -3.6   17.5  -22.1   27.1
   44   90 A G  S <  S+     0   0   28     -3,-1.3     2,-0.2     1,-0.2   -23,-0.1   0.556  79.3 103.5  69.6  22.0   14.9  -21.3   24.4
   45   91 A I        -     0   0   87      1,-0.2    -1,-0.2   -25,-0.1    -2,-0.2  -0.725  67.6-119.8-130.0 161.6   12.1  -21.0   26.9
   46   92 A D    >   +     0   0   66      1,-0.3     3,-1.8    -2,-0.2    -1,-0.2  -0.032  66.9   0.1 -83.1-158.2   10.1  -18.2   28.5
   47   93 A A  T 3  S+     0   0   21      1,-0.3    62,-0.3     3,-0.1    -1,-0.3  -0.341 121.0  36.1 -57.7 146.9    9.9  -17.5   32.3
   48   94 A P  T 3  S+     0   0   47      0, 0.0    -1,-0.3     0, 0.0    59,-0.1  -0.988 101.3 105.0 -71.5  -6.1   11.3  -19.0   34.7
   49   95 A G  S <  S-     0   0    6     -3,-1.8     2,-3.2     1,-0.2    55,-0.1  -0.100  87.9-104.3 -45.9 140.2   14.1  -19.3   32.2
   50   96 A P        +     0   0   16      0, 0.0    24,-0.3     0, 0.0    32,-0.2  -0.173  61.6 164.2 -64.9  54.5   17.2  -17.1   32.5
   51   97 A N        -     0   0    0     -2,-3.2    32,-2.5   -10,-0.1     2,-0.3  -0.312  24.9-147.0 -81.2 158.0   16.2  -14.8   29.7
   52   98 A S  E     -E   40   0B   8    -12,-2.0   -12,-2.4    30,-0.2     2,-0.6  -0.898  13.4-127.3-125.3 151.1   17.6  -11.3   28.9
   53   99 A I  E     -EF  39  72B   0     19,-2.9    18,-3.2    -2,-0.3    19,-1.4  -0.897  35.1-172.9 -99.0 116.1   16.1   -8.1   27.4
   54  100 A L  E     -EF  38  70B   2    -16,-2.8   -16,-0.6    -2,-0.6     2,-0.3  -0.471   7.5-158.6-101.8 174.2   18.2   -7.0   24.5
   55  101 A Q  E     -EF  37  69B  14     14,-1.6    14,-3.0   -18,-0.2     2,-0.4  -0.938   9.9-169.0-160.2 135.4   18.1   -3.8   22.4
   56  102 A R  E     -E   36   0B  42    -20,-2.9   -20,-2.5    -2,-0.3     2,-0.4  -0.949  18.0-150.9-122.5 143.1   19.3   -2.6   18.9
   57  103 A R  E     -E   35   0B  51     -2,-0.4     9,-3.5    10,-0.3     2,-0.5  -0.956   8.7-162.7-122.6 137.3   19.2    1.0   17.9
   58  104 A S  E     +E   34   0B   0    -24,-2.5   -24,-2.5    -2,-0.4     3,-0.3  -0.969  10.3 176.6-118.7 122.2   18.9    2.8   14.5
   59  105 A T  S    S+     0   0   93     -2,-0.5    -1,-0.1   -26,-0.2     6,-0.1   0.413  77.4  59.8-100.7  -0.7   19.9    6.4   14.2
   60  106 A D  S >  S-     0   0   83      4,-0.5     3,-0.9   -26,-0.1    -1,-0.2  -0.236 125.7 -82.0-122.3  40.3   19.2    6.6   10.4
   61  107 A G  T 3  S-     0   0   35     -3,-0.3   271,-0.1   -29,-0.3    -2,-0.1   0.435  88.8 -52.1  79.0   3.5   15.5    5.7   10.3
   62  108 A G  T 3  S+     0   0   13      2,-0.3    -1,-0.2   -28,-0.1     3,-0.1   0.425 110.3 108.9 111.9   2.1   15.9    2.0   10.4
   63  109 A R  S <  S+     0   0  205     -3,-0.9     2,-0.3     1,-0.1    -2,-0.1   0.871  85.3  23.5 -74.1 -50.2   18.4    1.4    7.6
   64  110 A T  S    S-     0   0  106     -4,-0.0    -4,-0.5     0, 0.0     2,-0.4  -0.916  76.1-153.1-116.9 145.6   21.4    0.4    9.7
   65  111 A W        -     0   0   24     -2,-0.3    -7,-0.2    -7,-0.1     3,-0.1  -0.991  10.1-129.8-127.0 137.5   21.2   -1.0   13.2
   66  112 A G        -     0   0   36     -9,-3.5     3,-0.1    -2,-0.4    -8,-0.0   0.090  44.7 -59.7 -71.9-173.7   23.7   -0.8   16.0
   67  113 A E        -     0   0  118      1,-0.1     2,-0.6   -11,-0.1   -10,-0.3  -0.282  56.6 -98.8 -73.0 151.3   25.1   -3.5   18.3
   68  114 A Q        -     0   0   27    -12,-0.1     2,-0.2    -3,-0.1   -12,-0.2  -0.628  48.6-174.9 -69.9 109.4   22.9   -5.7   20.5
   69  115 A Q  E     -F   55   0B 120    -14,-3.0   -14,-1.6    -2,-0.6     2,-0.4  -0.688  23.9-111.9-107.2 162.0   23.1   -4.2   24.0
   70  116 A V  E     +F   54   0B  84     -2,-0.2   -16,-0.2   -16,-0.2     3,-0.2  -0.824  29.1 173.3-100.9 133.2   21.5   -5.5   27.2
   71  117 A V  E    S+     0   0B   9    -18,-3.2     2,-0.3    -2,-0.4   -17,-0.2   0.712  81.3   9.5-100.6 -39.6   18.7   -3.7   29.0
   72  118 A S  E    S-F   53   0B   7    -19,-1.4   -19,-2.9    11,-0.1    -1,-0.4  -0.914  78.1-148.9-147.2 115.3   17.9   -6.3   31.7
   73  119 A A        -     0   0   66     -2,-0.3     2,-0.3   -21,-0.2   -21,-0.1  -0.756   6.1-146.6 -95.0 132.3   20.4   -9.2   32.2
   74  120 A G        -     0   0   23     -2,-0.4     2,-0.6   -24,-0.3     8,-0.2  -0.711  15.1-125.4 -94.9 151.0   19.2  -12.6   33.4
   75  121 A Q  B     -G   81   0C  80      6,-1.2     6,-1.6    -2,-0.3   -24,-0.1  -0.872  18.9-173.8-101.5 121.0   21.3  -14.9   35.6
   76  122 A T        +     0   0  104     -2,-0.6     2,-0.2     4,-0.2     4,-0.2   0.749  68.7  70.6 -81.9 -28.9   21.9  -18.4   34.3
   77  123 A T  S    S-     0   0   91      2,-0.2     4,-0.1     1,-0.1    -2,-0.0  -0.540 102.1 -44.9 -86.3 156.0   23.7  -19.6   37.4
   78  124 A A  S    S+     0   0   87      1,-0.2    -1,-0.1    -2,-0.2    -2,-0.1  -0.411 126.8  47.4 -67.5 134.2   21.8  -20.2   40.7
   79  125 A P  S    S-     0   0   98      0, 0.0    -1,-0.2     0, 0.0    -2,-0.2   0.394  94.6-145.6 -85.9 131.2   20.0  -18.3   41.8
   80  126 A I        +     0   0   69     -4,-0.2     2,-0.3    25,-0.1    -4,-0.2  -0.369  20.8 178.8 -60.2 124.1   18.3  -18.1   38.3
   81  127 A K  B     -G   75   0C  76     -6,-1.6    -6,-1.2    -4,-0.1     2,-0.3  -0.990   4.3-175.0-127.4 140.1   16.9  -14.7   37.3
   82  128 A G  E     -H  104   0D   0     22,-2.0    22,-2.5    -2,-0.3     2,-0.4  -0.966  17.7-155.8-141.9 155.8   15.2  -13.9   34.0
   83  129 A F  E     +H  103   0D  18    -32,-2.5     2,-0.3    -2,-0.3   -43,-0.3  -0.995  27.3 169.1-133.0 122.0   13.7  -11.0   32.1
   84  130 A S  E     +H  102   0D   0     18,-1.7    18,-3.2    -2,-0.4   -31,-0.1  -0.954  37.0  21.3-139.4 161.0   11.1  -11.5   29.4
   85  131 A D  E     -     0   0D  15     -2,-0.3    73,-0.2    16,-0.2    -1,-0.2   0.982  65.4-150.8  56.6  79.9    8.5  -10.1   27.1
   86  132 A P  E     -     0   0D   0      0, 0.0    75,-1.0     0, 0.0     2,-0.3  -0.426  16.0-176.2 -82.9 153.2    9.4   -6.5   26.6
   87  133 A S  E     -Hi 100 161D   1     13,-1.5    13,-3.3    73,-0.3    75,-0.3  -0.922  14.3-145.0-147.8 119.9    6.9   -3.7   25.8
   88  134 A Y  E     -Hi  99 162D   0     73,-1.7    75,-3.1    -2,-0.3     2,-0.4  -0.636  15.0-179.0 -87.9 149.5    7.9   -0.1   25.1
   89  135 A L  E     -H   98   0D   0      9,-2.2     9,-3.3    -2,-0.3     2,-0.5  -0.974  10.1-161.1-147.8 120.2    6.0    3.1   26.1
   90  136 A V  E     -H   97   0D   8     -2,-0.4     2,-1.0     7,-0.2     7,-0.2  -0.943  13.4-143.7-108.1 126.8    7.3    6.5   25.2
   91  137 A D     >  -     0   0    0      5,-3.0     4,-2.8    -2,-0.5     5,-0.2  -0.859  14.4-169.2 -91.2 104.2    6.0    9.6   27.0
   92  138 A R  T  4 S+     0   0  104     -2,-1.0    -1,-0.2     1,-0.2     5,-0.0   0.717  82.3  54.4 -68.3 -23.2    5.9   12.1   24.1
   93  139 A E  T  4 S+     0   0  134     80,-0.1    -1,-0.2     1,-0.1    -2,-0.1   0.937 124.3  19.4 -76.5 -49.2    5.4   14.9   26.5
   94  140 A T  T  4 S-     0   0   68      2,-0.1    -2,-0.2   104,-0.0    -1,-0.1   0.672  98.6-124.0 -97.7 -19.9    8.3   14.4   28.9
   95  141 A G     <  +     0   0   22     -4,-2.8    39,-0.3     1,-0.3     2,-0.1   0.398  58.3 143.6  93.8  -2.3   10.5   12.2   26.6
   96  142 A T        -     0   0   21     -5,-0.2    -5,-3.0   102,-0.1     2,-0.5  -0.446  38.0-147.5 -75.0 143.9   10.9    9.3   29.0
   97  143 A I  E     -HJ  90 131D   0     34,-2.3    34,-2.0    -7,-0.2     2,-0.4  -0.945   9.8-164.1-117.1 131.0   11.0    5.7   27.6
   98  144 A F  E     -HJ  89 130D   1     -9,-3.3    -9,-2.2    -2,-0.5     2,-0.5  -0.932   7.1-166.6-116.1 136.4    9.7    2.8   29.5
   99  145 A N  E     -HJ  88 129D   0     30,-2.5    30,-2.8    -2,-0.4     2,-0.3  -0.976  13.9-161.1-126.0 105.0   10.4   -0.9   28.7
  100  146 A F  E     +HJ  87 128D   0    -13,-3.3   -13,-1.5    -2,-0.5     2,-0.3  -0.712  22.4 151.4 -84.1 141.0    8.0   -3.1   30.6
  101  147 A H  E     - J   0 127D   2     26,-1.8    26,-2.5    -2,-0.3     2,-0.2  -0.984  44.7 -90.1-164.5 165.7    8.9   -6.8   31.1
  102  148 A V  E     -HJ  84 126D   2    -18,-3.2   -18,-1.7    -2,-0.3     2,-0.5  -0.581  27.1-156.2 -81.3 139.0    8.6   -9.9   33.3
  103  149 A Y  E     -HJ  83 125D  21     22,-1.7    22,-2.0    -2,-0.2     2,-0.3  -0.979  21.5-176.2-119.3 109.7   11.1  -10.5   36.1
  104  150 A S  E     +H   82   0D   0    -22,-2.5   -22,-2.0    -2,-0.5     4,-0.1  -0.769  24.2 161.4-109.7 158.9   11.1  -14.2   37.0
  105  151 A Q  S    S-     0   0   28      2,-0.6    17,-0.1    16,-0.3    -1,-0.1   0.416  81.2 -17.1-132.5 -72.3   12.9  -16.3   39.6
  106  152 A R  S    S+     0   0  150     15,-2.2     2,-0.3    17,-0.2    16,-0.2   0.715 122.2  51.6-113.9 -35.2   11.4  -19.8   40.2
  107  153 A Q        -     0   0   64     14,-0.8    -2,-0.6    16,-0.2     2,-0.2  -0.720  61.1-154.5-110.1 155.2    8.0  -19.6   38.7
  108  154 A G     >  -     0   0   11     -2,-0.3     4,-1.0   -61,-0.2     3,-0.3  -0.323  50.2 -69.0-102.8-157.9    6.6  -18.5   35.3
  109  155 A F  T  4 S+     0   0   39    -62,-0.3     3,-0.5     1,-0.2    15,-0.1   0.930 129.8  41.4 -66.0 -49.3    3.1  -17.2   34.4
  110  156 A A  T  4 S+     0   0   97      1,-0.2    -1,-0.2    45,-0.0    45,-0.0   0.669 122.3  41.5 -74.8 -16.9    1.0  -20.4   35.0
  111  157 A G  T  4 S+     0   0   34     -3,-0.3    -1,-0.2     2,-0.1    -2,-0.2   0.420  79.6 126.8-110.1  -2.0    2.9  -21.4   38.2
  112  158 A S     <  -     0   0   13     -4,-1.0    11,-0.2    -3,-0.5    42,-0.1  -0.280  48.9-143.8 -58.4 141.4    3.3  -18.1   40.0
  113  159 A R        -     0   0  171      9,-3.1    11,-0.1     1,-0.1    -6,-0.1  -0.813  32.9 -75.5-109.0 151.4    2.0  -18.1   43.6
  114  160 A P  S    S+     0   0   35      0, 0.0     2,-0.2     0, 0.0    -1,-0.1  -0.016  78.6  90.8 -46.7 141.5    0.2  -15.2   45.4
  115  161 A G        -     0   0   30     38,-0.3     9,-0.1    36,-0.2    -2,-0.0  -0.524  53.3-144.5 143.1 154.7    2.3  -12.3   46.6
  116  162 A T        +     0   0   61     -2,-0.2    29,-0.4     7,-0.1    28,-0.1   0.387  58.6 122.8-123.8   1.6    3.7   -8.8   45.8
  117  163 A D    >   -     0   0   94      1,-0.2     3,-1.4    27,-0.1     6,-0.2  -0.503  56.0-146.9 -74.5 117.2    7.1   -9.2   47.7
  118  164 A P  T 3  S+     0   0   66      0, 0.0    -1,-0.2     0, 0.0     7,-0.1   0.792 100.3  55.7 -52.2 -28.7   10.0   -8.5   45.3
  119  165 A A  T 3  S+     0   0   69      2,-0.0    -2,-0.1     3,-0.0     0, 0.0   0.774  78.7 100.2 -76.3 -32.2   11.9  -11.1   47.4
  120  166 A D    X   -     0   0   46     -3,-1.4     3,-1.1     1,-0.2   -15,-0.1  -0.454  59.4-160.3 -61.7 113.2    9.4  -13.9   47.0
  121  167 A P  T 3  S+     0   0   38      0, 0.0   -15,-2.2     0, 0.0   -14,-0.8   0.383  81.4  67.0 -75.5   0.8   11.0  -16.1   44.3
  122  168 A N  T 3  S+     0   0   42    -16,-0.2    -9,-3.1   -17,-0.1     2,-0.4   0.273  84.4  77.2-105.9   3.6    7.6  -17.7   43.5
  123  169 A V  S <  S-     0   0    1     -3,-1.1     2,-0.7   -11,-0.2   -16,-0.2  -0.898  79.3-124.4-112.4 148.0    5.7  -14.8   42.1
  124  170 A L        -     0   0    1     30,-0.4    32,-0.2    -2,-0.4   -20,-0.2  -0.852  36.4-145.4 -89.0 113.1    6.1  -13.5   38.6
  125  171 A H  E     -J  103   0D   0    -22,-2.0   -22,-1.7    -2,-0.7     2,-0.7  -0.461   9.6-131.0 -82.5 161.6    6.9   -9.8   39.0
  126  172 A A  E     -J  102   0D   2    -24,-0.2    17,-3.1    -2,-0.1    18,-0.3  -0.927  34.9-175.1-110.6 109.5    6.0   -6.8   36.8
  127  173 A N  E     -JK 101 142D   9    -26,-2.5   -26,-1.8    -2,-0.7     2,-0.3  -0.714  15.1-161.4-107.6 163.1    9.1   -4.8   36.1
  128  174 A V  E     -JK 100 141D   0     13,-2.1    13,-1.8    -2,-0.2     2,-0.5  -0.978   5.9-158.3-144.4 125.4    9.8   -1.4   34.4
  129  175 A A  E     -JK  99 140D   0    -30,-2.8   -30,-2.5    -2,-0.3     2,-0.4  -0.896  19.9-161.2-101.8 130.1   13.1   -0.1   33.1
  130  176 A T  E     -JK  98 139D  20      9,-2.0     9,-1.9    -2,-0.5     2,-0.4  -0.920   9.5-173.4-117.1 138.9   13.0    3.7   32.8
  131  177 A S  E     +J   97   0D   3    -34,-2.0   -34,-2.3    -2,-0.4     3,-0.2  -0.998  18.4 177.3-134.4 133.4   15.3    5.9   30.6
  132  178 A T  S    S+     0   0  119     -2,-0.4     6,-0.1     5,-0.2    -1,-0.1   0.242  80.3  64.5-114.3   6.7   15.5    9.7   30.5
  133  179 A D  S >  S-     0   0   58      4,-0.4     3,-0.7   -36,-0.1    -1,-0.1  -0.111 124.2 -82.2-122.8  32.1   18.4    9.7   28.1
  134  180 A G  T 3  S-     0   0   16    -39,-0.3  -105,-0.1     1,-0.2  -103,-0.1   0.437  86.6 -54.9  86.6  -0.0   16.9    8.2   24.9
  135  181 A G  T 3  S+     0   0    0      2,-0.3    -1,-0.2   -38,-0.1     3,-0.1   0.320 107.6 114.6 111.5  -3.4   17.3    4.5   25.9
  136  182 A L  S <  S+     0   0  115     -3,-0.7     2,-0.3     1,-0.1    -2,-0.1   0.976  82.6  18.1 -62.6 -60.6   21.1    4.5   26.6
  137  183 A T  S    S-     0   0   91      2,-0.0    -4,-0.4    -4,-0.0    -2,-0.3  -0.856  75.6-154.9-113.7 153.8   21.0    3.8   30.4
  138  184 A W        -     0   0   35     -2,-0.3     2,-0.4    -7,-0.1    -7,-0.2  -0.894  11.0-148.7-129.5 159.2   18.0    2.4   32.4
  139  185 A S  E     -K  130   0D  82     -9,-1.9    -9,-2.0    -2,-0.3     2,-0.3  -0.989  23.6-140.4-127.5 123.7   16.7    2.3   35.9
  140  186 A H  E     +K  129   0D  96     -2,-0.4     2,-0.3   -11,-0.2   -11,-0.2  -0.675  22.2 172.3 -97.9 139.8   14.8   -0.7   37.2
  141  187 A R  E     -K  128   0D  72    -13,-1.8   -13,-2.1    -2,-0.3     2,-0.6  -0.955  26.8-142.3-135.4 149.7   11.7   -0.9   39.4
  142  188 A T  E     +K  127   0D  49     -2,-0.3   -15,-0.2   -15,-0.2     3,-0.2  -0.984  22.3 179.2-112.8 116.9    9.6   -3.9   40.4
  143  189 A I     >  +     0   0    8    -17,-3.1     4,-1.5    -2,-0.6   -16,-0.1   0.120  38.6 119.8-111.3  25.5    6.0   -2.5   40.4
  144  190 A T  T  4 S+     0   0    0    -18,-0.3     4,-0.4     1,-0.2     3,-0.1   0.868  77.0  48.4 -57.6 -43.4    4.0   -5.6   41.3
  145  191 A A  T >4 S+     0   0   63    -29,-0.4     3,-1.4     1,-0.2    -1,-0.2   0.951 107.5  55.9 -63.0 -47.9    2.5   -4.1   44.5
  146  192 A D  T 34 S+     0   0   86      1,-0.3    58,-0.5    -4,-0.1    -1,-0.2   0.818 116.9  35.9 -53.2 -35.3    1.5   -0.9   42.7
  147  193 A I  T 3< S+     0   0    2     -4,-1.5    -1,-0.3    56,-0.2    -2,-0.2   0.248  95.6  82.0-108.2  12.7   -0.5   -2.9   40.2
  148  194 A T    <   +     0   0   17     -3,-1.4    -1,-0.2    -4,-0.4     5,-0.1  -0.562  45.0 161.4-114.7  71.0   -2.0   -5.8   42.2
  149  195 A P        +     0   0   89      0, 0.0    -1,-0.1     0, 0.0    -4,-0.0   0.642  66.9  51.4 -65.2 -13.9   -5.1   -4.2   43.8
  150  196 A D  S >  S-     0   0   82     -3,-0.1     3,-2.4     1,-0.1    -3,-0.0  -0.991  77.1-142.1-128.2 121.3   -6.7   -7.5   44.5
  151  197 A P  T 3  S+     0   0  107      0, 0.0   -36,-0.2     0, 0.0    -1,-0.1   0.603  98.7  68.9 -54.3 -18.2   -4.8  -10.3   46.4
  152  198 A G  T 3   +     0   0   11      1,-0.1     2,-2.0   -38,-0.1     3,-0.1   0.662  69.1  99.4 -75.1 -20.5   -6.4  -12.9   44.2
  153  199 A W    <   +     0   0   17     -3,-2.4   -38,-0.3     1,-0.2    30,-0.2  -0.512  50.8 170.8 -65.4  87.4   -4.4  -11.6   41.1
  154  200 A R        +     0   0  118     -2,-2.0   -30,-0.4    28,-1.9     2,-0.3   0.611  54.7  24.7 -82.0 -13.6   -1.8  -14.4   41.4
  155  201 A S  E     +L  182   0E   1     27,-0.8    27,-1.2    -3,-0.1     2,-0.3  -0.991  60.6 172.9-148.3 155.6    0.0  -13.8   38.2
  156  202 A R  E     +L  181   0E   3     -2,-0.3     2,-0.3   -32,-0.2    25,-0.2  -0.986   8.7 174.9-160.9 155.3    0.8  -11.1   35.6
  157  203 A F  E     -L  180   0E  17     23,-1.1    23,-1.6    -2,-0.3     2,-0.5  -0.949  33.6-115.4-161.0 138.9    2.7  -10.1   32.6
  158  204 A A  E     -L  179   0E   2     -2,-0.3     2,-0.5    21,-0.2    21,-0.3  -0.751  36.3-114.0 -78.9 129.1    2.8   -7.1   30.3
  159  205 A A        -     0   0    3     19,-2.2    19,-0.3    -2,-0.5   -59,-0.1  -0.535  39.3-123.0 -65.9 115.0    1.6   -7.7   26.8
  160  206 A S  S    S+     0   0    4     -2,-0.5     2,-0.5     1,-0.1   -73,-0.3  -0.142  75.7  61.3 -59.7 153.9    4.7   -7.2   24.6
  161  207 A G  E    S-i   87   0D   0    -75,-1.0   -73,-1.7  -138,-0.1     2,-0.3  -0.940  99.4 -41.8 133.7-109.1    4.8   -4.7   21.8
  162  208 A E  E     -i   88   0D  44     -2,-0.5   -73,-0.2   -75,-0.3   165,-0.1  -0.954  44.5-143.3-162.2 138.0    4.2   -1.1   22.7
  163  209 A G        -     0   0   12    -75,-3.1     2,-0.3    -2,-0.3    14,-0.2  -0.001  22.9-117.8 -87.9-164.7    1.9    0.9   24.9
  164  210 A I  E     -M  176   0E  38     12,-2.2    12,-2.8   -75,-0.1     2,-0.5  -0.974   5.6-143.8-143.8 154.1    0.3    4.3   24.4
  165  211 A Q  E     -M  175   0E  15     -2,-0.3    10,-0.2    10,-0.2     9,-0.1  -0.978  36.1-123.6-113.8 119.6    0.1    7.9   25.7
  166  212 A L        -     0   0    5      8,-3.0     7,-2.3    -2,-0.5     3,-0.0  -0.370  26.8-177.5 -60.2 145.2   -3.5    9.3   25.5
  167  213 A R        +     0   0  115      5,-0.2     2,-0.2     6,-0.1     5,-0.1   0.588  56.0  67.4-117.5 -23.9   -3.7   12.5   23.5
  168  214 A Y  S >  S-     0   0   29      3,-0.1     3,-0.6    55,-0.1    54,-0.1  -0.592  85.9  -3.4-102.2 163.6   -7.4   13.4   23.8
  169  215 A G  G >  S-     0   0   59     -2,-0.2     3,-1.0     1,-0.2    54,-0.1  -0.045 105.0 -35.4  62.6-160.6   -9.9   14.4   26.5
  170  216 A P  G 3  S+     0   0  115      0, 0.0    -1,-0.2     0, 0.0    76,-0.0   0.495 134.9  52.5 -75.3 -13.0   -9.4   14.9   30.3
  171  217 A H  G X  S+     0   0   56     -3,-0.6     3,-2.2     3,-0.1    -5,-0.3   0.160  75.7 143.4-112.1  20.2   -6.9   12.0   30.6
  172  218 A A  T <   +     0   0   52     -3,-1.0    -5,-0.2     1,-0.3     3,-0.1  -0.363  63.9  37.5 -61.2 127.9   -4.6   13.3   27.9
  173  219 A G  T 3  S+     0   0   16     -7,-2.3    -1,-0.3     1,-0.4   -80,-0.1  -0.048  84.7 136.1 113.2 -23.4   -1.0   12.6   28.9
  174  220 A R    <   -     0   0    8     -3,-2.2    -8,-3.0    -9,-0.1     2,-0.4  -0.288  47.3-143.7 -63.2 130.0   -1.8    9.2   30.5
  175  221 A L  E     -MN 165 195E   0     20,-1.7    20,-1.7   -10,-0.2     2,-0.4  -0.790  18.3-168.5 -92.4 130.9    0.5    6.3   29.7
  176  222 A I  E     +MN 164 194E   0    -12,-2.8   -12,-2.2    -2,-0.4     2,-0.4  -0.992  10.1 179.2-127.3 134.7   -1.4    2.9   29.4
  177  223 A Q  E     - N   0 193E   2     16,-2.6    16,-2.9    -2,-0.4     2,-0.3  -0.999  25.6-129.0-134.2 126.4    0.4   -0.5   29.3
  178  224 A Q  E     - N   0 192E   7     -2,-0.4   -19,-2.2   -19,-0.3     2,-0.2  -0.635  25.9-176.4 -85.3 148.0   -1.8   -3.6   29.0
  179  225 A Y  E     -LN 158 191E   2     12,-2.8    12,-1.8    -2,-0.3     2,-0.4  -0.779  21.2-139.4-131.7 169.2   -1.5   -6.7   31.2
  180  226 A T  E     -LN 157 190E   0    -23,-1.6   -23,-1.1    -2,-0.2     2,-0.2  -0.999  25.3-171.3-132.7 128.6   -3.0  -10.2   31.6
  181  227 A I  E     -LN 156 189E   1      8,-1.9     8,-1.7    -2,-0.4     2,-0.5  -0.734  23.4-138.6-118.4 162.0   -3.7  -11.4   35.1
  182  228 A I  E     -LN 155 188E  22    -27,-1.2   -28,-1.9    -2,-0.2   -27,-0.8  -0.988  32.6-154.3-120.9 109.2   -4.8  -14.8   36.6
  183  229 A N    >   -     0   0   24      4,-2.4     3,-1.4    -2,-0.5   -30,-0.1  -0.083  33.2 -88.9 -76.5-176.4   -7.5  -14.1   39.2
  184  230 A A  T 3  S+     0   0   62      1,-0.3    -1,-0.1     2,-0.1   -31,-0.1   0.855 126.5  58.3 -59.8 -38.6   -8.5  -16.1   42.3
  185  231 A A  T 3  S-     0   0   93      1,-0.1    -1,-0.3     2,-0.1    -2,-0.0   0.333 120.5-108.9 -75.0   4.3  -11.0  -18.0   40.3
  186  232 A G  S <  S+     0   0   48     -3,-1.4    -2,-0.1     1,-0.2     2,-0.1   0.396  72.6 144.6  81.3  -3.5   -8.2  -19.2   38.0
  187  233 A A        -     0   0   22     -5,-0.1    -4,-2.4     1,-0.1     2,-0.7  -0.371  51.0-129.7 -74.5 147.5   -9.4  -17.0   35.1
  188  234 A F  E     +N  182   0E  54     -6,-0.2    24,-2.5    -2,-0.1    23,-0.3  -0.858  39.1 171.7 -96.4 111.0   -7.2  -15.1   32.6
  189  235 A Q  E     -N  181   0E  36     -8,-1.7    -8,-1.9    -2,-0.7     2,-0.4  -0.691  29.7-120.5-116.5 172.9   -8.3  -11.5   32.4
  190  236 A A  E     +NO 180 208E   0     18,-2.2    18,-2.5   -10,-0.2     2,-0.3  -0.931  28.8 178.3-116.0 136.6   -7.1   -8.2   30.8
  191  237 A V  E     -N  179   0E   1    -12,-1.8   -12,-2.8    -2,-0.4     2,-0.4  -0.996  24.5-131.4-143.2 138.1   -6.2   -5.1   32.8
  192  238 A S  E     -N  178   0E   1     -2,-0.3    13,-2.3    14,-0.3     2,-0.6  -0.800  15.7-158.1 -88.3 129.0   -4.9   -1.6   31.9
  193  239 A V  E     +NP 177 204E   1    -16,-2.9   -16,-2.6    -2,-0.4     2,-0.3  -0.947  25.1 175.0-109.0 116.4   -1.9   -0.3   33.9
  194  240 A Y  E     -NP 176 203E   5      9,-2.7     9,-2.5    -2,-0.6     2,-0.4  -0.846  26.3-154.3-126.8 164.8   -1.7    3.5   33.7
  195  241 A S  E     -N  175   0E   0    -20,-1.7   -20,-1.7    -2,-0.3     3,-0.3  -0.998   8.7-177.1-139.0 130.3    0.2    6.5   35.1
  196  242 A D  S    S+     0   0   78     -2,-0.4    -1,-0.1     5,-0.3     6,-0.1   0.526  83.8  60.7-104.9  -1.6   -1.1   10.0   35.4
  197  243 A D  S >  S-     0   0   35      4,-0.5     3,-1.4   -22,-0.1    -1,-0.2  -0.345 123.2 -91.9-119.8  44.6    2.1   11.5   36.7
  198  244 A H  T 3  S-     0   0   47     -3,-0.3  -102,-0.1     1,-0.3  -107,-0.1   0.733  87.1 -47.6  51.4  34.5    4.3   10.6   33.7
  199  245 A G  T 3  S+     0   0    3      2,-0.4    -1,-0.3   -24,-0.1     3,-0.1   0.559 104.4 114.1  92.4   7.7    5.4    7.3   35.1
  200  246 A R  S <  S+     0   0  180     -3,-1.4     2,-0.4     1,-0.3    -2,-0.1   0.940  90.3  20.4 -74.1 -42.6    6.5    7.9   38.6
  201  247 A T  S    S-     0   0   76     -4,-0.1    -4,-0.5   -55,-0.0     2,-0.4  -0.969  70.8-157.3-127.9 141.4    3.6    5.8   39.9
  202  248 A W        -     0   0    3     -2,-0.4     2,-0.3    -7,-0.1    -7,-0.2  -0.965   8.5-174.2-121.0 125.8    1.5    3.1   38.2
  203  249 A R  E     -P  194   0E 134     -9,-2.5    -9,-2.7    -2,-0.4     2,-0.3  -0.824  19.3-131.7-115.7 154.0   -2.0    2.0   39.1
  204  250 A A  E     -P  193   0E  18    -58,-0.5   -11,-0.2    -2,-0.3     2,-0.1  -0.804  20.1-151.0-102.2 146.4   -4.0   -0.9   37.6
  205  251 A G        -     0   0   10    -13,-2.3     2,-0.3    -2,-0.3    43,-0.2  -0.182  43.5 -46.4 -98.9-160.3   -7.7   -0.3   36.6
  206  252 A E        -     0   0  136     42,-2.0   -14,-0.3    41,-0.5    44,-0.2  -0.567  59.8-121.3 -76.7 129.7  -10.6   -2.8   36.5
  207  253 A A        -     0   0   19     -2,-0.3     2,-0.3   -16,-0.1   -16,-0.2  -0.210  27.0-152.3 -68.2 153.2  -10.0   -6.2   34.9
  208  254 A V  B     -O  190   0E  11    -18,-2.5   -18,-2.2    41,-0.1     4,-0.2  -0.958  36.3  -8.1-132.6 153.1  -12.0   -7.5   31.9
  209  255 A G        -     0   0   20     -2,-0.3     2,-0.3   -20,-0.2   -19,-0.0   0.093  59.9-100.6  64.1-178.5  -13.2  -10.7   30.3
  210  256 A V  S    S+     0   0  107    -21,-0.1   -21,-0.1     1,-0.1    23,-0.1  -0.970  99.6  23.2-141.9 138.1  -12.6  -14.4   30.8
  211  257 A G  S    S+     0   0   15     -2,-0.3    21,-1.9   -23,-0.3    22,-1.1   0.779  89.7 143.4  72.8  26.5  -10.2  -16.4   28.7
  212  258 A M        +     0   0    0    -24,-2.5     2,-0.3    19,-0.2    19,-0.1  -0.054  19.3 163.5 -84.1-172.7   -8.2  -13.3   27.7
  213  259 A D        +     0   0   13     17,-0.4    17,-0.1   -34,-0.1   -54,-0.1  -0.892  53.9  11.8-175.7-154.1   -4.4  -13.0   27.1
  214  260 A E  S    S-     0   0    8     -2,-0.3    16,-2.0    15,-0.1     2,-0.3  -0.095  75.5-176.4 -44.0 110.5   -2.0  -10.6   25.5
  215  261 A N  E     -Q  229   0F   0     14,-0.2     2,-0.3   -24,-0.1    14,-0.2  -0.750  15.9-152.9-116.6 164.0   -4.1   -7.6   24.8
  216  262 A K  E     -Q  228   0F  15     12,-1.3    12,-2.9    -2,-0.3     2,-0.3  -0.976   3.6-153.0-137.0 147.1   -3.6   -4.2   23.1
  217  263 A T  E     -Q  227   0F  11     -2,-0.3     2,-0.3    10,-0.2    10,-0.2  -0.903  10.1-179.8-123.9 149.6   -5.1   -0.7   23.3
  218  264 A V  E     -Q  226   0F   3      8,-1.8     8,-2.3    -2,-0.3     2,-0.6  -0.995  30.0-118.7-143.2 149.4   -5.5    2.2   20.9
  219  265 A E  E     -Q  225   0F  11     -2,-0.3     6,-0.2     6,-0.2     5,-0.1  -0.784  32.1-145.8 -93.8 121.4   -7.0    5.7   21.2
  220  266 A L    >   -     0   0    7      4,-3.3     3,-1.2    -2,-0.6    63,-0.1  -0.175  32.3 -92.4 -75.1 177.7  -10.0    6.2   18.8
  221  267 A S  T 3  S+     0   0    4      1,-0.2    57,-1.4     2,-0.1    58,-0.2   0.713 125.1  46.0 -66.0 -24.1  -10.9    9.5   17.1
  222  268 A D  T 3  S-     0   0   85     55,-0.2    -1,-0.2    56,-0.1     3,-0.1   0.281 124.4 -96.2-101.0   6.7  -13.3   10.5   19.9
  223  269 A G  S <  S+     0   0   24     -3,-1.2    -2,-0.1     1,-0.3   -55,-0.1   0.296  79.6 138.4  97.5 -12.7  -11.0    9.6   22.8
  224  270 A R        -     0   0  101     -5,-0.1    -4,-3.3     1,-0.1     2,-0.6  -0.308  50.1-132.5 -63.0 151.9  -12.5    6.2   23.4
  225  271 A V  E     -QR 219 243F   3     18,-2.6    18,-1.9    -6,-0.2     2,-0.3  -0.931  18.4-157.2-113.3 113.8   -9.9    3.4   24.2
  226  272 A L  E     -QR 218 242F  25     -8,-2.3    -8,-1.8    -2,-0.6     2,-0.4  -0.747   2.2-153.6 -92.0 143.2  -10.4    0.2   22.2
  227  273 A L  E     -QR 217 241F   0     14,-3.5    14,-2.1    -2,-0.3     2,-0.5  -0.955   6.6-167.9-118.4 133.7   -9.0   -3.1   23.5
  228  274 A N  E     -QR 216 240F   3    -12,-2.9   -12,-1.3    -2,-0.4     2,-0.3  -0.950  16.1-163.4-128.2 112.1   -8.1   -5.9   21.1
  229  275 A S  E     -QR 215 239F   0     10,-3.9    10,-2.3    -2,-0.5   -14,-0.2  -0.743  26.6-131.0-111.2 146.6   -7.3   -9.3   22.7
  230  276 A R        -     0   0   39    -16,-2.0     2,-0.6    -2,-0.3   -17,-0.4  -0.461  37.4-132.5 -71.3 153.5   -5.7  -12.7   22.0
  231  277 A D    >   -     0   0    1      6,-0.3     3,-1.2   -19,-0.1   -19,-0.2  -0.930  19.5-169.2-118.1 108.9   -8.3  -15.4   23.1
  232  278 A S  T 3  S+     0   0   21    -21,-1.9   -20,-0.2    -2,-0.6    -1,-0.1   0.819  87.1  68.6 -66.4 -24.5   -6.9  -18.1   25.3
  233  279 A A  T 3  S-     0   0   63    -22,-1.1    -1,-0.3   -23,-0.1   -21,-0.1   0.160 105.8-130.7 -77.0  12.5  -10.2  -20.0   24.8
  234  280 A R    <   +     0   0  150     -3,-1.2    -2,-0.1     1,-0.1    -1,-0.0   0.740  51.1 154.1  36.7  65.5   -9.2  -20.4   21.2
  235  281 A S        -     0   0   26      2,-0.3    -1,-0.1    -4,-0.1     3,-0.1   0.466  64.9-110.6 -91.2  -3.2  -12.3  -19.3   19.0
  236  282 A G  S    S+     0   0   11      1,-0.3    25,-1.3    -5,-0.2     2,-0.3   0.689  87.6  82.3  79.8  22.3  -10.0  -18.5   16.1
  237  283 A Y  E    S- S   0 260F  33     23,-0.3     2,-0.3    -6,-0.1    -1,-0.3  -0.882  80.8 -96.4-148.2 173.6  -10.7  -14.7   16.5
  238  284 A R  E     - S   0 256F   1     21,-1.2    18,-2.7    18,-0.8     2,-0.4  -0.715  30.6-138.8 -94.3 145.9   -9.8  -11.5   18.4
  239  285 A K  E     -RS 229 255F  28    -10,-2.3   -10,-3.9    -2,-0.3     2,-0.3  -0.883  22.9-165.4-101.8 137.1  -11.8  -10.4   21.4
  240  286 A V  E     +RS 228 254F  19     14,-3.1    14,-2.1    -2,-0.4     2,-0.3  -0.948  14.8 169.2-125.7 149.4  -12.5   -6.7   21.5
  241  287 A A  E     -R  227   0F   6    -14,-2.1   -14,-3.5    -2,-0.3     2,-0.3  -0.956  17.4-146.2-148.7 155.5  -13.8   -4.4   24.3
  242  288 A V  E     -R  226   0F  44     10,-0.4     9,-2.5    -2,-0.3     2,-0.3  -0.934   5.1-157.1-132.3 156.4  -14.0   -0.5   24.5
  243  289 A S  E     -R  225   0F   3    -18,-1.9   -18,-2.6    -2,-0.3     7,-0.2  -0.974  16.3-173.0-132.1 151.4  -13.7    2.1   27.3
  244  290 A T        +     0   0  121      5,-0.4     2,-0.1    -2,-0.3     6,-0.1   0.136  61.6  76.1-124.7  16.0  -14.8    5.6   27.7
  245  291 A D        -     0   0   45      4,-0.4    -2,-0.1   -20,-0.1   -74,-0.0  -0.479  64.9-131.5-130.7-170.7  -13.0    6.5   31.0
  246  292 A G  S    S+     0   0   27     -2,-0.1    -3,-0.0     2,-0.1    -1,-0.0  -0.416 103.9  52.3-138.8  55.9  -10.1    7.4   33.4
  247  293 A G  S    S-     0   0   42    -41,-0.0   -41,-0.5     2,-0.0    -1,-0.1  -0.096 118.1-117.0-168.8  16.2  -10.3    5.0   36.4
  248  294 A H        +     0   0    1    -43,-0.2   -42,-2.0     1,-0.1     2,-0.3   0.903  53.0 153.4  21.1 108.7  -10.3    2.5   33.5
  249  295 A S        -     0   0   54    -44,-0.1    -4,-0.4   -58,-0.1    -5,-0.4  -0.979  25.3-147.9-144.1 145.2  -13.1    0.0   32.7
  250  296 A Y        -     0   0   24     -2,-0.3    -7,-0.2   -44,-0.2     3,-0.1  -0.878  17.1-127.1-113.9 149.5  -14.2   -1.7   29.5
  251  297 A G        -     0   0   37     -9,-2.5    -1,-0.2    -2,-0.3    -8,-0.0   0.202  62.6 -33.5 -74.7-154.1  -17.7   -2.7   28.5
  252  298 A P        -     0   0  124      0, 0.0   -10,-0.4     0, 0.0     2,-0.4  -0.247  61.9-126.4 -64.7 152.7  -18.6   -6.2   27.5
  253  299 A V        +     0   0   41    -12,-0.1     2,-0.3    -3,-0.1   -12,-0.2  -0.799  33.7 173.6 -97.2 140.4  -16.1   -8.3   25.6
  254  300 A T  E     -S  240   0F  88    -14,-2.1   -14,-3.1    -2,-0.4     2,-0.3  -0.956  33.9-103.1-142.6 162.7  -17.2   -9.8   22.2
  255  301 A I  E     -S  239   0F  62     -2,-0.3     2,-0.7   -16,-0.2   -16,-0.2  -0.714  26.7-142.3 -89.1 134.9  -15.5  -11.7   19.4
  256  302 A D  E >   -S  238   0F  34    -18,-2.7     3,-1.0    -2,-0.3   -18,-0.8  -0.908   8.5-164.2-101.1 117.0  -14.7   -9.8   16.2
  257  303 A R  E 3  S+     0   0F 178     -2,-0.7    -1,-0.1     1,-0.2    -2,-0.0   0.537  82.2  66.4 -80.1  -7.8  -15.3  -11.9   13.2
  258  304 A D  E 3  S+     0   0F  70      1,-0.2    -1,-0.2   -20,-0.1   -21,-0.0   0.495  95.1  67.7 -88.2  -4.9  -13.4   -9.8   10.7
  259  305 A L  E <   -     0   0F   1     -3,-1.0   -21,-1.2   -21,-0.2     2,-0.2  -0.795  68.0-169.1-122.5  86.8  -10.2  -10.6   12.6
  260  306 A P  E     +S  237   0F  29      0, 0.0   -23,-0.3     0, 0.0    33,-0.1  -0.542  14.1 173.6 -72.2 141.5   -9.1  -14.3   12.3
  261  307 A D        -     0   0    0    -25,-1.3    30,-0.1    -2,-0.2    32,-0.1  -0.980  38.3-141.2-152.8 136.0   -6.3  -15.2   14.8
  262  308 A P  S    S-     0   0   24      0, 0.0    31,-0.1     0, 0.0    34,-0.1   0.143  71.6 -82.8 -84.9  25.1   -4.6  -18.5   15.7
  263  309 A T  S    S+     0   0   22      1,-0.2     2,-0.3   -26,-0.1   -33,-0.1   0.955  94.1 126.9  66.1  77.1   -4.4  -17.4   19.4
  264  310 A N        -     0   0    3    -50,-0.1    -1,-0.2    26,-0.1   -33,-0.1  -0.897  64.0 -81.7-149.8 173.0   -1.3  -15.3   19.0
  265  311 A N        -     0   0    2     -2,-0.3    25,-0.3   -35,-0.1     2,-0.3  -0.365  46.8-179.9 -79.0 169.9   -0.2  -11.8   19.7
  266  312 A A        -     0   0    0    -38,-0.1     2,-0.3    23,-0.1    23,-0.2  -0.968  22.1-121.5-167.8 155.3   -1.0   -8.8   17.4
  267  313 A S  E     +T  288   0G   6     21,-1.8    21,-2.3    -2,-0.3     2,-0.3  -0.727  19.1 178.7-107.7 148.1   -0.5   -5.1   16.9
  268  314 A I  E     +T  287   0G  10     -2,-0.3     2,-0.3    19,-0.2    19,-0.2  -0.898  18.0 162.7-148.8 112.3   -3.1   -2.4   16.5
  269  315 A I  E     -T  286   0G  23     17,-2.6    17,-2.3    -2,-0.3     2,-0.5  -0.848  43.8 -99.2-128.3 167.3   -2.0    1.2   16.2
  270  316 A R  E     -T  285   0G  21     -2,-0.3    15,-0.2    15,-0.2    59,-0.1  -0.757  25.2-150.6 -85.0 125.0   -3.2    4.7   15.0
  271  317 A A  S    S+     0   0    4     13,-2.9    -1,-0.1    -2,-0.5    14,-0.1   0.816  94.9  32.3 -65.9 -34.4   -2.0    5.3   11.5
  272  318 A F  S >  S+     0   0   40     12,-0.5     3,-1.4     9,-0.5    -1,-0.3  -0.807  72.7 177.0-124.6  82.3   -1.9    9.1   12.1
  273  319 A P  T 3  S+     0   0   57      0, 0.0    -1,-0.1     0, 0.0    -2,-0.1   0.800  78.0  47.8 -56.2 -35.5   -1.0    9.5   15.8
  274  320 A D  T 3  S+     0   0  156     -4,-0.1     8,-0.1     2,-0.0    -2,-0.0   0.122  83.0 124.8 -96.1  18.3   -0.9   13.3   15.8
  275  321 A A    <   -     0   0   11     -3,-1.4     2,-0.1     6,-0.1     3,-0.1  -0.421  66.4-101.9 -75.5 153.8   -4.2   13.8   14.0
  276  322 A P    >   -     0   0   87      0, 0.0     3,-1.2     0, 0.0     6,-0.3  -0.430  44.9 -87.3 -75.4 155.9   -6.9   16.0   15.6
  277  323 A A  T 3  S+     0   0   64      1,-0.2   -55,-0.2    -2,-0.1     3,-0.1  -0.337 109.8  15.5 -64.1 137.6   -9.9   14.6   17.4
  278  324 A G  T 3  S+     0   0   48    -57,-1.4    -1,-0.2     1,-0.3   -56,-0.1   0.015  95.4 125.3  91.4 -25.1  -12.9   13.8   15.2
  279  325 A S  S <  S-     0   0   32     -3,-1.2     4,-0.5   -58,-0.2     3,-0.4  -0.185  72.7-114.3 -65.5 161.0  -11.0   14.0   11.9
  280  326 A A  S >  S+     0   0   58      1,-0.2     3,-1.6     2,-0.2     4,-0.2   0.902 116.4  54.9 -60.6 -46.6  -10.9   11.3    9.2
  281  327 A R  G >  S+     0   0  150      1,-0.3     3,-1.2     2,-0.2    -9,-0.5   0.817 100.8  60.1 -59.5 -32.4   -7.2   10.7    9.8
  282  328 A A  G 3  S+     0   0    0     -3,-0.4    -1,-0.3    -6,-0.3    -2,-0.2   0.683  99.8  58.7 -68.9 -18.2   -7.9   10.1   13.5
  283  329 A K  G <  S+     0   0   51     -3,-1.6    24,-2.2    -4,-0.5     2,-0.7   0.391  79.8 106.7 -92.4   1.2  -10.1    7.2   12.5
  284  330 A V    <   -     0   0   14     -3,-1.2   -13,-2.9    -4,-0.2   -12,-0.5  -0.749  46.5-176.9 -92.8 111.5   -7.5    5.2   10.6
  285  331 A L  E     -TU 270 304G   0     19,-1.1    19,-2.2    -2,-0.7     2,-0.4  -0.721  15.1-156.3-105.6 152.7   -6.2    2.0   12.3
  286  332 A L  E     -TU 269 303G   0    -17,-2.3   -17,-2.6    -2,-0.3     2,-0.4  -0.994  14.2-175.8-124.8 131.1   -3.5   -0.5   11.2
  287  333 A F  E     -TU 268 302G   1     15,-2.2    15,-2.9    -2,-0.4     2,-0.4  -0.980   4.0-169.2-130.3 136.8   -3.7   -4.0   12.6
  288  334 A S  E     +TU 267 301G   0    -21,-2.3   -21,-1.8    -2,-0.4     2,-0.3  -0.993  25.3 124.1-129.7 139.2   -1.1   -6.7   12.1
  289  335 A N  E     - U   0 300G   4     11,-1.4    11,-2.7    -2,-0.4     2,-0.6  -0.899  65.3 -75.4-169.4-177.9   -1.4  -10.5   13.0
  290  336 A A  E     - U   0 299G   0    -25,-0.3     9,-0.3     9,-0.3     8,-0.2  -0.945  38.3-154.1 -95.8 117.3   -1.3  -14.0   11.5
  291  337 A A        +     0   0   37      7,-3.8     7,-0.2    -2,-0.6     8,-0.1   0.594  62.7 100.4 -71.9 -13.4   -4.5  -14.4    9.5
  292  338 A S        -     0   0   26      5,-1.4    -2,-0.1     3,-0.2     5,-0.0  -0.425  56.0-160.6 -72.2 147.4   -4.6  -18.2    9.8
  293  339 A Q  S    S+     0   0   90    -32,-0.1    -1,-0.1   -31,-0.1     3,-0.1   0.486  93.2  38.8-103.5  -9.7   -6.8  -19.8   12.4
  294  340 A T  S    S+     0   0  135      1,-0.2     2,-0.3     3,-0.1    -1,-0.1   0.453 121.8  33.0-113.5 -11.7   -5.0  -23.1   12.5
  295  341 A S  S    S-     0   0   42      2,-0.2     2,-1.6    -5,-0.0    -3,-0.2  -0.985  74.0-115.3-147.2 159.4   -1.5  -21.8   12.2
  296  342 A R  S    S+     0   0  136     -2,-0.3    26,-2.4    -3,-0.1     2,-0.3  -0.643  85.4  89.6 -90.8  74.8    1.0  -19.0   13.0
  297  343 A S  E     + V   0 321G  22     -2,-1.6    -5,-1.4    24,-0.3    24,-0.2  -0.903  44.7  68.7-152.7-179.2    1.5  -18.0    9.4
  298  344 A Q  E     -     0   0G  86     22,-1.4    -7,-3.8    21,-1.0     2,-0.5   0.992  65.4-158.3  60.6  59.6   -0.1  -15.7    6.8
  299  345 A G  E     -UV 290 318G   0     19,-3.5    18,-2.8    21,-0.4    19,-1.8  -0.639  17.8-179.4 -72.0 121.8    1.0  -12.5    8.4
  300  346 A T  E     -UV 289 316G   3    -11,-2.7   -11,-1.4    -2,-0.5     2,-0.5  -0.972  28.6-145.0-135.2 139.3   -1.2   -9.7    7.3
  301  347 A I  E     -UV 288 315G   0     14,-2.1    14,-1.2    -2,-0.4     2,-0.3  -0.880  25.2-169.7 -97.4 127.1   -1.6   -5.9    7.8
  302  348 A R  E     -UV 287 314G  31    -15,-2.9   -15,-2.2    -2,-0.5     2,-0.4  -0.854   7.4-145.4-113.8 159.0   -5.2   -4.8    7.7
  303  349 A M  E     -UV 286 313G  15     10,-1.6    10,-1.3    -2,-0.3     2,-0.3  -0.972  10.6-172.3-133.4 135.4   -6.7   -1.2    7.6
  304  350 A S  E     -U  285   0G   0    -19,-2.2   -19,-1.1    -2,-0.4     7,-0.1  -0.912   9.7-176.8-117.5 154.3   -9.7    0.4    9.1
  305  351 A C  S    S+     0   0   29      5,-0.3   -21,-0.2    -2,-0.3   -22,-0.2   0.272  78.8  57.6-134.1   9.6  -11.0    4.0    8.5
  306  352 A D  S >  S-     0   0   36      4,-0.4     3,-0.7   -24,-0.1   -22,-0.1  -0.225 123.6 -81.9-135.8  41.8  -14.0    4.1   10.9
  307  353 A D  T 3  S-     0   0   21    -24,-2.2   -23,-0.1     1,-0.2   -87,-0.0   0.686  92.0 -49.6  65.8  25.1  -12.4    3.4   14.2
  308  354 A G  T 3  S+     0   0   13    -25,-0.4    -1,-0.2     2,-0.3     3,-0.1   0.581 106.8 114.5  94.6  10.5  -12.3   -0.3   13.9
  309  355 A Q  S <  S+     0   0  147     -3,-0.7     2,-0.3     1,-0.2    -2,-0.1   0.882  84.4  23.1 -76.2 -44.1  -15.9   -1.0   12.8
  310  356 A T        -     0   0   42     51,-0.0    -4,-0.4   -52,-0.0    -5,-0.3  -0.895  59.2-161.3-123.4 154.4  -14.9   -2.3    9.3
  311  357 A W        +     0   0    6     -2,-0.3    -7,-0.2    -7,-0.1    -8,-0.1  -0.380  26.3 155.1-133.2  59.2  -11.7   -3.7    8.0
  312  358 A P        +     0   0    8      0, 0.0   136,-2.0     0, 0.0     2,-0.3   0.773  56.3  69.7 -55.6 -37.7  -11.8   -3.4    4.1
  313  359 A V  E     +V  303   0G   0    -10,-1.3   -10,-1.6   134,-0.2     2,-0.3  -0.664  53.7 150.3 -92.8 143.6   -8.0   -3.4    3.5
  314  360 A S  E     +V  302   0G  53     41,-0.3     2,-0.3    -2,-0.3   -12,-0.2  -0.941  10.1 171.6-162.4 150.3   -5.7   -6.3    4.0
  315  361 A K  E     -V  301   0G  77    -14,-1.2   -14,-2.1    -2,-0.3     2,-0.5  -0.942  32.8-116.0-162.0 145.4   -2.4   -7.4    2.4
  316  362 A V  E     +V  300   0G  56     -2,-0.3   -16,-0.3   -16,-0.2    -2,-0.0  -0.794  25.7 176.3 -93.4 130.5   -0.0  -10.2    3.3
  317  363 A F  E    S+     0   0G  13    -18,-2.8   -17,-0.2    -2,-0.5    -1,-0.1   0.673  82.0  22.2-100.5 -23.7    3.5   -9.3    4.4
  318  364 A Q  E     -V  299   0G  38    -19,-1.8   -19,-3.5     1,-0.1   -20,-0.4  -0.832  57.6-179.2-147.8  98.6    4.6  -12.9    5.2
  319  365 A P  E    S+     0   0G  77      0, 0.0   -21,-1.0     0, 0.0     3,-0.1   0.870  74.9  60.1 -66.6 -32.6    2.7  -15.8    3.6
  320  366 A G  E    S-     0   0G  32      1,-0.2   -22,-1.4   -23,-0.2   -21,-0.4   0.375 110.7 -21.2 -75.3-153.3    5.0  -18.1    5.5
  321  367 A S  E     +V  297   0G  81    -24,-0.2     2,-0.3    20,-0.2   -24,-0.3  -0.340  65.9 165.6 -59.8 125.8    5.6  -18.6    9.2
  322  368 A M        +     0   0    0    -26,-2.4     3,-0.1    -3,-0.1    -4,-0.0  -0.898   7.9 156.2-147.1 118.0    4.6  -15.6   11.2
  323  369 A S        +     0   0    8     17,-2.7     2,-0.2     1,-0.3   -33,-0.1   0.647  60.5  17.7-106.2 -98.3    4.2  -15.4   15.0
  324  370 A Y        -     0   0   21    -60,-0.1    16,-2.0   -58,-0.1     2,-0.4  -0.567  63.9-178.3 -79.8 142.4    4.4  -12.2   17.0
  325  371 A S  E     -B  339   0A   3     -2,-0.2     2,-0.4    14,-0.2    14,-0.2  -0.999   7.3-171.4-140.8 139.9    4.2   -8.9   15.2
  326  372 A T  E     -B  338   0A   3     12,-2.4    12,-2.2    -2,-0.4     2,-0.3  -0.989   9.4-150.5-134.3 139.5    4.5   -5.3   16.5
  327  373 A L  E     +B  337   0A   0     -2,-0.4     2,-0.3    10,-0.2    10,-0.2  -0.818  12.3 179.1-110.7 153.9    3.8   -2.0   14.7
  328  374 A T  E     -B  336   0A   7      8,-2.1     8,-3.6    -2,-0.3     2,-0.5  -0.987  28.1-125.5-155.7 137.5    5.1    1.6   14.9
  329  375 A A  E     -B  335   0A  32     -2,-0.3     6,-0.2     6,-0.2     5,-0.1  -0.713  29.1-148.1 -79.5 122.7    4.5    4.9   13.2
  330  376 A L    >   -     0   0   11      4,-2.1     3,-2.0    -2,-0.5  -302,-0.0  -0.681  19.7-121.3 -92.4 148.3    7.8    6.3   11.9
  331  377 A P  T 3  S+     0   0  100      0, 0.0    -1,-0.1     0, 0.0     4,-0.0   0.660 109.5  65.6 -64.8 -11.0    8.3   10.1   11.7
  332  378 A D  T 3  S-     0   0  108   -271,-0.1     3,-0.1     2,-0.0    -3,-0.0   0.419 121.9-102.4 -86.8   1.0    8.9    9.9    8.0
  333  379 A G  S <  S+     0   0   51     -3,-2.0    19,-0.3     1,-0.3     2,-0.0   0.330  90.5 104.8 100.5 -14.3    5.4    8.7    7.4
  334  380 A T        -     0   0   16     17,-0.1    -4,-2.1    -5,-0.1     2,-0.4  -0.074  68.0-116.5 -86.4-169.1    6.1    5.0    6.9
  335  381 A Y  E     -BC 329 350A  10     15,-1.9    15,-2.1    -6,-0.2     2,-0.4  -0.995  14.6-142.2-135.3 139.2    5.4    2.2    9.4
  336  382 A G  E     -BC 328 349A   0     -8,-3.6    -8,-2.1    -2,-0.4     2,-0.4  -0.883  15.5-168.9-103.1 140.5    7.9    0.0   11.1
  337  383 A L  E     -BC 327 348A   0     11,-3.1    11,-3.4    -2,-0.4     2,-0.5  -0.992   6.3-171.5-131.9 127.6    7.1   -3.7   11.7
  338  384 A L  E     +BC 326 347A   0    -12,-2.2   -12,-2.4    -2,-0.4     2,-0.3  -0.990  25.0 159.6-119.1 125.9    9.1   -6.0   14.0
  339  385 A Y  E     -BC 325 346A   0      7,-2.5     7,-3.0    -2,-0.5   -14,-0.2  -0.896  43.3-107.3-145.2 171.6    8.1   -9.7   13.8
  340  386 A E        +     0   0    4    -16,-2.0   -17,-2.7    -2,-0.3     5,-0.2  -0.917  27.3 172.0-105.7 110.1    9.0  -13.3   14.3
  341  387 A P        -     0   0   19      0, 0.0   -20,-0.2     0, 0.0     4,-0.1   0.149  63.6 -97.0 -97.9  11.1    9.6  -15.3   11.1
  342  388 A G  S    S+     0   0   58      2,-0.5     3,-0.1     1,-0.0   -20,-0.1   0.217 116.8  79.4  92.1 -19.7   10.8  -18.4   12.9
  343  389 A T  S    S-     0   0   54      1,-0.1  -330,-2.8  -332,-0.1     2,-0.3   0.456 115.0 -80.7 -96.3  -8.1   14.5  -17.5   12.4
  344  390 A G  E    S-A   12   0A   3   -332,-0.2    -2,-0.5  -324,-0.1     2,-0.4  -0.962  81.6 -27.1 147.4-123.1   14.5  -14.9   15.3
  345  391 A I  E     -A   11   0A   0   -334,-1.4  -334,-2.0    -2,-0.3  -335,-1.7  -0.996  57.4-165.8-132.1 133.1   13.2  -11.4   15.0
  346  392 A R  E     -AC   9 339A  48     -7,-3.0    -7,-2.5    -2,-0.4     2,-0.4  -0.948  12.7-136.6-125.0 142.5   13.1   -9.3   11.7
  347  393 A Y  E     +AC   8 338A   9   -339,-3.2  -339,-2.1    -2,-0.4     2,-0.3  -0.820  23.4 179.3-100.6 132.9   12.6   -5.7   10.9
  348  394 A A  E     -AC   7 337A   1    -11,-3.4   -11,-3.1    -2,-0.4     2,-0.4  -0.921  12.1-162.5-131.3 154.0   10.3   -4.4    8.1
  349  395 A N  E     +AC   6 336A  20   -343,-2.2  -343,-1.8    -2,-0.3     2,-0.3  -0.997  17.3 163.5-138.9 130.9    9.3   -1.0    6.8
  350  396 A F  E     -AC   5 335A   0    -15,-2.1   -15,-1.9    -2,-0.4     2,-0.2  -0.968  22.7-144.1-147.9 153.8    6.3   -0.2    4.6
  351  397 A N    >   -     0   0   30   -347,-1.3     3,-0.8    -2,-0.3     4,-0.5  -0.676  36.5-102.2-111.2 173.1    4.2    2.7    3.4
  352  398 A L  G >> S+     0   0   54    -19,-0.3     3,-0.6     1,-0.2     4,-0.6   0.742 115.8  67.6 -69.0 -18.8    0.4    3.0    2.7
  353  399 A A  G 34 S+     0   0   35      1,-0.2     3,-0.4  -351,-0.2    -1,-0.2   0.799  98.0  55.3 -68.2 -29.1    1.0    2.8   -1.1
  354  400 A W  G <4 S+     0   0   37     -3,-0.8    -1,-0.2  -350,-0.2    -2,-0.2   0.694  93.8  69.6 -77.6 -19.4    2.2   -0.8   -0.6
  355  401 A L  T <4 S-     0   0    1     -3,-0.6     2,-0.7    -4,-0.5   -41,-0.3   0.776 102.2-121.2 -73.6 -25.8   -1.1   -1.8    1.2
  356  402 A G     <  -     0   0   25     -4,-0.6     2,-0.4    -3,-0.4    -1,-0.2  -0.904  48.4-152.8 118.6 -94.6   -3.3   -1.7   -1.8
  357  403 A G        +     0   0    9     -2,-0.7    88,-0.3    89,-0.2     3,-0.2  -0.979  47.0 126.7 146.3-156.9   -5.8    0.8   -0.7
  358  404 A I        -     0   0    4     86,-1.4     2,-1.9    -2,-0.4    -1,-0.2   0.937  41.5-134.8  42.4 116.0   -9.3    2.3   -0.7
  359  405 A C        +     0   0   14      1,-0.1    25,-0.3    88,-0.1    -1,-0.2  -0.510  63.7 123.7 -87.3  68.5  -11.4    2.9    2.3
  360  406 A A        -     0   0    0     -2,-1.9    23,-0.2    -3,-0.2    -1,-0.1  -0.636  40.6-170.5-127.9  71.4  -14.6    1.6    0.8
  361  407 A P        -     0   0   19      0, 0.0    21,-2.7     0, 0.0     2,-0.3  -0.435  12.2-169.3 -61.5 141.2  -15.9   -1.2    3.0
  362  408 A F  E     -W  381   0H  15     19,-0.2     2,-0.4    86,-0.2    19,-0.2  -0.978  14.6-146.4-134.6 152.7  -18.8   -3.1    1.3
  363  409 A T  E     +W  380   0H  91     17,-2.6    17,-2.2    -2,-0.3    88,-0.1  -0.909  11.8 179.8-121.6 141.1  -21.4   -5.7    2.3
  364  410 A I        -     0   0    6     -2,-0.4    15,-0.2    86,-0.2    86,-0.1  -0.972  34.3-122.3-133.1 119.2  -22.9   -8.5    0.3
  365  411 A P        -     0   0   62      0, 0.0     2,-0.4     0, 0.0    12,-0.0  -0.058  27.6 -93.5 -65.8 165.4  -25.5  -10.6    2.2
  366  412 A D        -     0   0  117     85,-0.1     2,-0.4    87,-0.1    87,-0.2  -0.665  44.3-152.0 -78.7 132.6  -25.4  -14.3    2.9
  367  413 A V  E     -z  453   0I  11     85,-2.1    87,-3.1    -2,-0.4     2,-0.4  -0.890  14.4-165.5-114.2 141.7  -27.4  -16.3    0.3
  368  414 A A  E     +z  454   0I  43     -2,-0.4     2,-0.3    85,-0.2    87,-0.2  -0.949  23.9 154.8-121.7 132.3  -29.2  -19.7    0.4
  369  415 A L  E     -z  455   0I  15     85,-1.9    87,-2.0    -2,-0.4    88,-0.2  -0.927  41.6-106.8-147.9 170.6  -30.2  -21.4   -2.8
  370  416 A E    >   -     0   0   88     -2,-0.3     3,-1.4    85,-0.2    55,-0.2  -0.816  52.7 -89.4-101.2 141.9  -31.0  -24.8   -4.3
  371  417 A P  T 3  S+     0   0   28      0, 0.0    56,-0.3     0, 0.0     3,-0.1  -0.252 117.0  34.0 -48.8 134.0  -28.5  -26.4   -6.7
  372  418 A G  T 3  S+     0   0   47     53,-2.9     2,-0.2     1,-0.4    55,-0.1   0.507  96.8 119.7  95.4   0.9  -29.2  -25.4  -10.2
  373  419 A Q    <   -     0   0   91     -3,-1.4    52,-2.3    52,-0.3    -1,-0.4  -0.552  50.7-153.6 -97.2 175.0  -30.4  -21.9   -9.2
  374  420 A Q        -     0   0  122     50,-0.2    49,-0.9    -2,-0.2    -1,-0.1   0.651  18.4-178.7-121.2 -31.6  -29.1  -18.4  -10.0
  375  421 A V        -     0   0   47     47,-0.2    48,-2.2     1,-0.1     2,-0.5   0.763  17.4-145.5  23.6 132.4  -29.8  -15.7   -7.4
  376  422 A T  E     - X   0 422H  69     46,-0.2    46,-0.2    44,-0.0    -1,-0.1  -0.972  18.7-172.7-119.3 127.6  -28.9  -12.0   -7.6
  377  423 A V  E     - X   0 421H  12     44,-2.4    44,-2.6    -2,-0.5   -10,-0.0  -0.975  22.7-112.1-123.0 142.4  -27.9  -10.2   -4.3
  378  424 A P  E     - X   0 420H  75      0, 0.0     2,-0.4     0, 0.0    42,-0.3  -0.310  19.2-149.2 -73.2 153.4  -27.3   -6.5   -3.7
  379  425 A V  E     - X   0 419H   4     40,-2.1    40,-1.2   -15,-0.2     2,-0.4  -0.948   7.7-164.6-121.3 136.3  -23.9   -4.9   -2.8
  380  426 A A  E     -WX 363 418H  28    -17,-2.2   -17,-2.6    -2,-0.4     2,-0.4  -0.998   7.2-170.9-125.9 125.8  -23.7   -1.8   -0.6
  381  427 A V  E     -WX 362 417H   0     36,-2.3    36,-2.0    -2,-0.4     2,-0.6  -0.966  12.0-152.9-120.8 138.9  -20.4    0.2   -0.6
  382  428 A T  E     - X   0 416H  71    -21,-2.7     2,-0.2    -2,-0.4    34,-0.2  -0.959  22.4-146.8-115.4 116.6  -19.5    3.0    1.8
  383  429 A N        -     0   0   20     32,-1.7   -23,-0.2    -2,-0.6    31,-0.1  -0.607   8.6-153.4 -91.7 150.5  -17.0    5.5    0.4
  384  430 A Q        -     0   0   61    -25,-0.3    30,-1.4    -2,-0.2     3,-0.4   0.240  37.9 -49.7 -90.6-154.2  -14.1    7.6    1.8
  385  431 A S  S    S+     0   0   78      1,-0.2     2,-3.2    28,-0.2    29,-0.1   0.928 109.2  11.7 -57.2-123.0  -12.3   10.9    0.9
  386  432 A G  S    S+     0   0   75      1,-0.1     2,-0.2    27,-0.1    -1,-0.2  -0.468  93.9 126.2 -67.0  75.5  -10.7   12.1   -2.3
  387  433 A I        +     0   0   15     -2,-3.2     2,-0.8    -3,-0.4    -1,-0.1  -0.680  19.5 152.5-144.4  86.6  -12.4    9.3   -4.0
  388  434 A A        -     0   0   67     -2,-0.2    24,-0.2    24,-0.2    -2,-0.0  -0.962  26.3-179.2-109.3  95.2  -14.5   10.0   -7.1
  389  435 A V  B     -C  411   0J   9     22,-2.9    22,-2.4    -2,-0.8    -2,-0.0  -0.870  13.4-178.4-105.5  99.7  -14.0    6.6   -8.7
  390  436 A P  S    S+     0   0   77      0, 0.0    -1,-0.1     0, 0.0    22,-0.0   0.808  74.8  35.5 -67.9 -32.0  -15.9    6.3  -12.0
  391  437 A K        +     0   0  176     20,-0.1     2,-0.4    19,-0.1    52,-0.2  -0.703  68.6 163.7-129.5  82.5  -15.0    2.8  -12.9
  392  438 A P        -     0   0   13      0, 0.0    16,-0.5     0, 0.0    50,-0.2  -0.799  22.8-145.4 -96.7 144.3  -14.7    0.2  -10.0
  393  439 A S  E     -A  441   0I  70     48,-2.9    48,-1.7    -2,-0.4     2,-0.4  -0.635   4.8-144.8-106.1 160.9  -14.7   -3.6  -10.6
  394  440 A L  E     -A  440   0I  16     12,-0.5     2,-0.6    46,-0.2    12,-0.5  -0.941  16.2-175.3-127.9 103.3  -16.1   -6.5   -8.6
  395  441 A Q  E     -A  439   0I 124     44,-2.6    44,-2.1    -2,-0.4     2,-0.3  -0.909   9.9-160.8-103.1 111.9  -14.0   -9.7   -8.8
  396  442 A L  E     -A  438   0I  22     -2,-0.6     2,-0.5    42,-0.2    42,-0.3  -0.699   7.3-147.1 -92.0 150.8  -15.6  -12.6   -6.9
  397  443 A D  E     +A  437   0I 109     40,-3.2    40,-2.3    -2,-0.3     2,-0.2  -0.959  40.7 129.8-123.3 110.8  -13.6  -15.7   -5.8
  398  444 A A        -     0   0   27     -2,-0.5    38,-0.1    38,-0.2     6,-0.0  -0.648  61.1 -46.8-141.4-169.7  -15.6  -19.0   -5.9
  399  445 A S    >   -     0   0   60     -2,-0.2     3,-2.0     1,-0.1    -1,-0.0  -0.582  57.0-118.6 -67.4 137.0  -15.6  -22.7   -7.0
  400  446 A P  T 3  S+     0   0  137      0, 0.0    -1,-0.1     0, 0.0    -2,-0.0   0.775 109.9  50.2 -50.3 -38.5  -14.5  -22.9  -10.7
  401  447 A D  T 3  S+     0   0  130      2,-0.1     2,-0.4    25,-0.0    -2,-0.1   0.138  92.7  92.4 -92.0  24.4  -17.7  -24.5  -12.1
  402  448 A W  S <  S-     0   0   20     -3,-2.0     2,-0.7    23,-0.1    23,-0.2  -0.905  75.2-135.0-109.5 139.5  -19.8  -21.8  -10.4
  403  449 A Q  E     +Y  424   0H 130     21,-2.1    21,-3.1    -2,-0.4     2,-0.4  -0.906  31.6 173.1-100.4 115.9  -20.7  -18.7  -12.5
  404  450 A V  E     +Y  423   0H  40     -2,-0.7     2,-0.3    19,-0.2    19,-0.2  -0.998   2.6 164.9-127.5 128.0  -20.2  -15.7  -10.4
  405  451 A Q  E     -Y  422   0H 124     17,-2.3    17,-3.2    -2,-0.4     2,-0.3  -0.994   7.1-179.6-140.0 146.9  -20.4  -12.1  -11.7
  406  452 A G  E     -Y  421   0H  24    -12,-0.5   -12,-0.5    -2,-0.3     2,-0.3  -0.982   7.5-172.3-147.7 157.9  -20.7   -8.7  -10.0
  407  453 A S  E     -Y  420   0H  85     13,-2.2    13,-2.1    -2,-0.3     2,-0.3  -0.993   3.8-164.2-148.2 152.9  -21.0   -5.0  -10.8
  408  454 A V  E     -Y  419   0H  15    -16,-0.5    11,-0.2    -2,-0.3     3,-0.1  -0.976  21.7-123.0-137.9 145.0  -21.0   -1.7   -8.8
  409  455 A E        -     0   0   67      9,-2.7     8,-0.1    -2,-0.3   -18,-0.0  -0.313  55.8 -65.3 -77.0 173.6  -22.1    1.8   -9.7
  410  456 A P        -     0   0   57      0, 0.0     2,-0.6     0, 0.0    -1,-0.2  -0.248  45.6-121.2 -63.7 151.2  -19.5    4.7   -9.4
  411  457 A L  B     -C  389   0J   1    -22,-2.4   -22,-2.9    -3,-0.1   -20,-0.1  -0.842  30.0-172.8 -95.4 119.8  -18.0    5.7   -6.1
  412  458 A M    >   -     0   0   76     -2,-0.6     3,-1.5   -24,-0.2   -29,-0.2  -0.800  40.4 -82.0-107.5 151.5  -18.7    9.4   -5.3
  413  459 A P  T 3  S-     0   0   53      0, 0.0   -28,-0.2     0, 0.0   -29,-0.1  -0.263 107.3  -5.7 -60.4 133.6  -17.1   11.2   -2.3
  414  460 A G  T 3  S+     0   0   65    -30,-1.4     2,-0.3     1,-0.2   -30,-0.1   0.724 109.5 105.0  58.4  29.3  -19.0   10.5    0.9
  415  461 A R  S <  S-     0   0  173     -3,-1.5   -32,-1.7   -31,-0.2     2,-0.4  -0.808  70.3-109.6-130.2 171.5  -21.9    8.7   -0.6
  416  462 A Q  E     -X  382   0H 132     -2,-0.3     2,-0.3   -34,-0.2   -34,-0.2  -0.875  29.0-148.8-105.2 136.1  -23.0    5.0   -0.7
  417  463 A A  E     -X  381   0H   3    -36,-2.0   -36,-2.3    -2,-0.4     2,-0.2  -0.759   5.5-142.7-104.2 155.9  -22.8    3.0   -3.9
  418  464 A K  E     +X  380   0H 131     -2,-0.3    -9,-2.7   -38,-0.2     2,-0.3  -0.719  29.1 142.1-112.9 160.1  -25.1    0.2   -5.1
  419  465 A G  E     -XY 379 408H  14    -40,-1.2   -40,-2.1   -11,-0.2     2,-0.3  -0.950  28.4-129.6-173.7-171.9  -24.3   -3.0   -7.0
  420  466 A Q  E     -XY 378 407H 109    -13,-2.1   -13,-2.2   -42,-0.3     2,-0.4  -0.993   2.3-142.6-159.9 157.8  -25.2   -6.7   -7.3
  421  467 A V  E     -XY 377 406H   0    -44,-2.6   -44,-2.4    -2,-0.3     2,-0.5  -0.991   9.6-158.0-126.9 128.4  -23.8  -10.2   -7.6
  422  468 A T  E     -XY 376 405H  29    -17,-3.2   -17,-2.3    -2,-0.4     2,-0.5  -0.964  11.8-175.3-110.8 121.8  -25.2  -13.0   -9.7
  423  469 A I  E     - Y   0 404H   0    -48,-2.2     2,-0.5   -49,-0.9   -19,-0.2  -0.969   5.2-173.6-114.5 121.6  -24.3  -16.5   -8.6
  424  470 A T  E     - Y   0 403H  22    -21,-3.1   -21,-2.1    -2,-0.5   -50,-0.2  -0.964   8.1-168.5-115.5 123.5  -25.3  -19.6  -10.6
  425  471 A V        -     0   0    0    -52,-2.3   -53,-2.9    -2,-0.5   -52,-0.3  -0.960  22.0-114.9-115.9 128.2  -24.6  -22.9   -9.0
  426  472 A P    >   -     0   0   40      0, 0.0     3,-1.3     0, 0.0   -54,-0.3  -0.129  22.2-113.8 -57.0 157.6  -24.8  -26.3  -10.9
  427  473 A A  T 3  S+     0   0   82      1,-0.3    -2,-0.0   -56,-0.3   -54,-0.0   0.721 112.4  57.3 -65.6 -28.1  -27.3  -29.0  -10.2
  428  474 A G  T 3  S+     0   0   75      2,-0.1     2,-0.5   -56,-0.0    -1,-0.3  -0.010  76.5 135.6 -94.1  29.1  -24.7  -31.5   -9.0
  429  475 A T    <   -     0   0   17     -3,-1.3     3,-0.1    -4,-0.1    -4,-0.0  -0.686  57.9-122.9 -83.4 122.3  -23.4  -29.2   -6.4
  430  476 A T        -     0   0   72     -2,-0.5    25,-0.2     1,-0.1    -1,-0.1  -0.456  33.7-102.0 -64.2 130.1  -22.8  -30.9   -3.1
  431  477 A P        +     0   0   24      0, 0.0     2,-0.3     0, 0.0    25,-0.2  -0.122  69.6 104.3 -52.2 144.0  -24.8  -29.4   -0.2
  432  478 A G  E     - B   0 455I   7     23,-2.2    23,-1.8    -3,-0.1     2,-0.6  -0.977  69.8 -67.8 165.3 178.1  -22.7  -27.2    2.1
  433  479 A R  E     - B   0 454I 122     -2,-0.3     2,-0.6    21,-0.2    21,-0.2  -0.894  46.6-162.0-100.0 120.9  -21.5  -23.8    3.4
  434  480 A Y  E     - B   0 453I  58     19,-2.1    19,-3.3    -2,-0.6     2,-0.4  -0.919  11.4-150.3-117.0 127.1  -19.6  -21.8    0.8
  435  481 A R  E     - B   0 452I 177     -2,-0.6     2,-0.5    17,-0.2    17,-0.2  -0.669  15.9-166.1 -88.0 123.0  -17.3  -18.9    1.4
  436  482 A V  E     - B   0 451I   1     15,-3.2    15,-2.0    -2,-0.4     2,-0.3  -0.957  10.4-142.6-117.6 120.1  -17.2  -16.5   -1.5
  437  483 A G  E     -AB 397 450I   9    -40,-2.3   -40,-3.2    -2,-0.5     2,-0.4  -0.591  13.2-163.5 -79.1 142.7  -14.5  -13.9   -1.7
  438  484 A A  E     -AB 396 449I   0     11,-3.1    11,-2.3    -2,-0.3     2,-0.4  -0.986   4.7-171.9-126.0 132.3  -15.3  -10.4   -3.1
  439  485 A T  E     -AB 395 448I  35    -44,-2.1   -44,-2.6    -2,-0.4     2,-0.9  -0.944  13.7-153.3-130.5 111.5  -12.7   -7.8   -4.2
  440  486 A L  E     -AB 394 447I   0      7,-3.0     7,-0.8    -2,-0.4     2,-0.4  -0.765  20.9-160.1 -80.5 103.7  -13.6   -4.2   -5.2
  441  487 A R  E     +A  393   0I 131    -48,-1.7   -48,-2.9    -2,-0.9     2,-0.3  -0.764  21.1 158.8 -90.6 136.9  -10.9   -3.3   -7.6
  442  488 A T    >   -     0   0   20     -2,-0.4     3,-1.1     3,-0.3   -53,-0.0  -0.945  52.6-112.4-151.9 157.2  -10.3    0.4   -8.2
  443  489 A S  T 3  S+     0   0  131     -2,-0.3     3,-0.1     1,-0.2    -2,-0.0   0.438 116.2  54.3 -77.7   3.3   -7.4    2.5   -9.5
  444  490 A A  T 3  S-     0   0   42      1,-0.4   -86,-1.4   -87,-0.0    -1,-0.2  -0.046 121.3 -61.7-122.1  24.7   -7.0    3.9   -6.0
  445  491 A G    <   -     0   0   11     -3,-1.1    -1,-0.4   -88,-0.3    -3,-0.3  -0.349  57.0 -62.5 119.5 164.9   -6.7    0.7   -4.0
  446  492 A N        +     0   0   58     -5,-0.1     2,-0.3    -2,-0.1   -89,-0.2  -0.493  29.8 178.7 -86.7 159.0   -8.2   -2.7   -2.9
  447  493 A A  E     - B   0 440I   0     -7,-0.8    -7,-3.0    -2,-0.2     2,-0.3  -0.948  13.7-173.5-158.9 127.4  -11.3   -3.4   -0.7
  448  494 A S  E     + B   0 439I  52   -136,-2.0     2,-0.3    -2,-0.3    -9,-0.2  -0.948  12.1 165.7-134.6 150.9  -12.4   -7.0    0.1
  449  495 A T  E     - B   0 438I  36    -11,-2.3   -11,-3.1    -2,-0.3     2,-0.3  -0.864  19.9-141.3-144.5 179.7  -15.2   -8.9    1.7
  450  496 A T  E     - B   0 437I  56     -2,-0.3     2,-0.3   -13,-0.2   -13,-0.2  -0.987  14.7-177.2-149.4 137.7  -16.6  -12.4    2.0
  451  497 A F  E     - B   0 436I   1    -15,-2.0   -15,-3.2    -2,-0.3     2,-0.5  -0.873  25.1-115.4-130.3 171.0  -20.1  -13.7    2.0
  452  498 A T  E     - B   0 435I  29     -2,-0.3   -85,-2.1   -17,-0.2     2,-0.6  -0.934  15.5-165.2-117.4 132.0  -21.6  -17.2    2.4
  453  499 A V  E     -zB 367 434I   0    -19,-3.3   -19,-2.1    -2,-0.5     2,-0.7  -0.967  11.9-162.4-114.0 112.4  -23.6  -19.1   -0.2
  454  500 A T  E     -zB 368 433I  28    -87,-3.1   -85,-1.9    -2,-0.6     2,-0.5  -0.902   6.0-163.5-100.9 114.0  -25.3  -22.0    1.4
  455  501 A V  E     -zB 369 432I   0    -23,-1.8   -23,-2.2    -2,-0.7   -85,-0.2  -0.845  62.2  -9.8-105.1 126.9  -26.5  -24.6   -1.1
  456  502 A G  S    S+     0   0   12    -87,-2.0   143,-1.4    -2,-0.5     2,-0.3   0.596  94.3 118.3  70.8  23.7  -29.1  -27.3   -0.3
  457  503 A L  B     -D  598   0K  13    141,-0.3   141,-0.2   -88,-0.2   144,-0.2  -0.864  60.4-116.9-121.9 149.8  -29.4  -27.0    3.5
  458  504 A L        -     0   0   10    139,-2.7     2,-0.6    -2,-0.3   139,-0.3  -0.406  42.3 -89.7 -77.7 165.0  -32.4  -26.2    5.6
  459  505 A D    >   -     0   0   64      1,-0.2     3,-2.0    53,-0.1     4,-0.3  -0.670  26.5-160.3 -85.6 115.4  -32.6  -23.1    7.8
  460  506 A Q  G >  S+     0   0   35     -2,-0.6     3,-1.9     1,-0.3    -1,-0.2   0.794  89.1  69.4 -62.2 -31.0  -31.2  -23.7   11.3
  461  507 A A  G 3  S+     0   0   74      1,-0.3    -1,-0.3    -3,-0.0    -2,-0.0   0.564  99.3  49.7 -65.7 -10.9  -33.0  -20.6   12.5
  462  508 A R  G <  S+     0   0  159     -3,-2.0    -1,-0.3    50,-0.1    -2,-0.2   0.459  99.9  93.6-102.6  -4.0  -36.3  -22.5   12.0
  463  509 A M    <   +     0   0   17     -3,-1.9     2,-0.3    -4,-0.3    49,-0.2  -0.530  46.4 169.5 -91.4 151.6  -34.8  -25.5   14.0
  464  510 A S  E     -E  511   0K  67     47,-1.8    47,-2.8    -2,-0.2     2,-0.5  -0.909  40.7 -86.2-147.7 174.4  -35.2  -26.4   17.6
  465  511 A I  E     -E  510   0K  33     -2,-0.3    45,-0.2    45,-0.2     3,-0.1  -0.771  29.3-177.9 -94.8 127.3  -34.4  -29.3   19.9
  466  512 A A  E    S-     0   0K  45     43,-2.8     2,-0.3    -2,-0.5    44,-0.2   0.828  70.3 -26.2 -85.8 -45.2  -37.1  -31.9   20.1
  467  513 A D  E     -E  509   0K  42     42,-1.2    42,-2.5     0, 0.0    -1,-0.4  -0.968  53.5-170.0-163.2 161.1  -35.2  -34.1   22.7
  468  514 A V  E     -E  508   0K  35     -2,-0.3    40,-0.2    40,-0.2     3,-0.1  -0.948  25.5-135.3-153.2 150.8  -31.7  -34.9   23.9
  469  515 A D  S    S-     0   0   53     38,-2.0     2,-0.3     1,-0.3    39,-0.1   0.896  84.7 -13.4 -80.0 -37.1  -30.5  -37.6   26.3
  470  516 A S        -     0   0    7     37,-0.3     2,-0.4    31,-0.1    -1,-0.3  -0.961  54.8-165.3-164.3 147.8  -28.2  -35.3   28.2
  471  517 A E        -     0   0   63     -2,-0.3     2,-0.6    23,-0.2    23,-0.3  -0.999  24.1-128.9-134.9 137.5  -26.6  -31.8   28.1
  472  518 A E  B     +K  478   0L   7     21,-2.5     6,-2.5     6,-0.8    21,-0.2  -0.758  46.0 146.8 -87.2 124.6  -23.7  -30.5   30.1
  473  519 A T        +     0   0   92     -2,-0.6    -1,-0.2     4,-0.2     4,-0.1   0.368  55.6  60.2-139.7   0.5  -24.9  -27.2   31.5
  474  520 A A  S    S+     0   0   82      4,-0.0     3,-0.1     3,-0.0    -2,-0.1   0.918 113.4  25.4 -96.2 -62.8  -23.2  -26.8   34.9
  475  521 A R  S    S-     0   0  171     22,-0.2     2,-0.3     1,-0.1    -3,-0.0   0.740 135.8  -7.5 -74.3 -29.4  -19.5  -26.8   34.5
  476  522 A E  S    S-     0   0   57     17,-0.0     2,-1.0     0, 0.0    -1,-0.1  -0.944  82.0 -81.1-155.9 177.5  -19.7  -25.5   30.9
  477  523 A D        +     0   0   60     -2,-0.3    14,-0.5     1,-0.1    -4,-0.2  -0.791  55.8 146.1 -91.0  98.2  -22.0  -24.7   27.9
  478  524 A G  B     +K  472   0L   0     -6,-2.5    15,-2.5    -2,-1.0    -6,-0.8  -0.243  27.5 163.9-124.9  37.0  -22.7  -28.1   26.3
  479  525 A R    >   -     0   0  121     13,-0.2     3,-2.1    12,-0.2     2,-1.1  -0.321  46.1-128.7 -60.8 135.2  -26.2  -27.1   25.3
  480  526 A A  T 3  S+     0   0    4      1,-0.3   -15,-0.1     2,-0.2    -1,-0.1  -0.815 106.7  59.7 -83.5 103.2  -28.2  -29.1   22.8
  481  527 A S  T >  S+     0   0   51     -2,-1.1     3,-0.7   -17,-0.1    -1,-0.3  -0.144  80.6  84.9 157.5 -15.6  -29.0  -26.0   20.7
  482  528 A N  T <  S+     0   0    5     -3,-2.1     3,-0.5     1,-0.2     5,-0.3   0.521  80.7  65.7 -79.7  -4.9  -25.4  -25.3   20.2
  483  529 A V  T 3  S+     0   0    0      1,-0.2   112,-2.8    -4,-0.2     3,-0.3   0.723 102.1  46.6 -86.2 -20.8  -25.6  -27.7   17.2
  484  530 A I  S <  S+     0   0   18     -3,-0.7    -1,-0.2   110,-0.2   -21,-0.2  -0.116  87.1  87.8-111.8  34.2  -28.0  -25.3   15.3
  485  531 A D  S    S-     0   0  117     -3,-0.5    -1,-0.1     2,-0.2    -2,-0.1   0.464  93.3-115.3-114.3   1.5  -26.3  -22.0   15.7
  486  532 A G  S    S+     0   0   17     -3,-0.3   108,-0.1     1,-0.2    -3,-0.1   0.601  79.8 113.1  76.4  16.7  -23.9  -21.9   12.7
  487  533 A N    >   -     0   0   65     -5,-0.3     3,-1.3   106,-0.2    -2,-0.2  -0.942  49.1-166.2-127.5 111.6  -20.8  -21.9   14.9
  488  534 A P  T 3  S+     0   0   42      0, 0.0    39,-0.6     0, 0.0    -1,-0.1   0.629  88.1  69.1 -68.1  -9.5  -18.3  -24.8   15.0
  489  535 A S  T 3  S+     0   0   56   -254,-0.1     2,-0.4    37,-0.1    39,-0.1   0.633  91.8  65.3 -80.6 -21.5  -16.7  -23.2   18.1
  490  536 A T  S <  S-     0   0   36     -3,-1.3     2,-0.3    -8,-0.2    -5,-0.1  -0.893  71.3-174.6-101.8 143.6  -19.8  -24.0   20.3
  491  537 A F        -     0   0   26    -14,-0.5     2,-0.4    -2,-0.4   102,-0.2  -0.884  30.2-119.5-140.3 157.2  -20.8  -27.6   20.9
  492  538 A W  E     -F  592   0K   0    100,-2.5   100,-1.0    -2,-0.3     2,-0.4  -0.786  37.2-167.7 -87.9 140.0  -23.4  -29.8   22.5
  493  539 A H  E     -F  591   0K   2    -15,-2.5   -21,-2.5    -2,-0.4    98,-0.2  -0.994  21.9-121.6-134.9 139.1  -21.8  -31.9   25.3
  494  540 A T        -     0   0    0     96,-1.7   -23,-0.2    -2,-0.4     2,-0.1  -0.542  56.4 -78.2 -71.8 146.1  -23.2  -34.8   27.1
  495  541 A E        -     0   0   76     -2,-0.2     6,-0.3   -24,-0.1    -1,-0.1  -0.309  67.5-162.1 -46.8 108.2  -23.4  -34.2   30.9
  496  542 A W        -     0   0   45      1,-0.2   -21,-0.1     2,-0.1     5,-0.1  -0.261  27.3 -40.3 -92.5-173.1  -19.8  -34.8   31.8
  497  543 A S  S    S+     0   0   55      1,-0.1    -1,-0.2     3,-0.1   -22,-0.2   0.192 108.0  64.3 -38.5 164.4  -17.8  -35.6   34.9
  498  544 A R  S    S+     0   0  201     -3,-0.1    -1,-0.1     3,-0.0   -23,-0.1   0.911 115.4  46.5  70.6  45.7  -18.6  -33.9   38.3
  499  545 A A  S    S-     0   0   51     -4,-0.1     2,-2.0     2,-0.1     0, 0.0   0.107  92.6-134.8 148.2  92.5  -21.8  -35.8   37.8
  500  546 A D        +     0   0  156     -3,-0.1    -3,-0.1    -2,-0.0    -4,-0.1  -0.515  45.4 170.2 -71.3  84.5  -21.4  -39.4   36.8
  501  547 A A        -     0   0   22     -2,-2.0    -2,-0.1    -6,-0.3   -31,-0.1   0.099  32.6 -48.0 -82.9-170.6  -24.0  -39.4   34.1
  502  548 A P        -     0   0   63      0, 0.0    -1,-0.2     0, 0.0     2,-0.1  -0.157  47.9-134.0 -67.3 164.6  -25.0  -41.8   31.3
  503  549 A G        -     0   0   32      2,-0.1    85,-0.1    86,-0.1    86,-0.1  -0.203  49.0 -39.8 -97.7-159.9  -22.9  -43.6   28.8
  504  550 A Y  S    S+     0   0   24     83,-0.1     2,-2.8    -2,-0.1    76,-0.0   0.226  94.1  90.7 -55.5 -22.7  -23.1  -44.1   25.1
  505  551 A P        +     0   0  110      0, 0.0     2,-0.3     0, 0.0    76,-0.2  -0.653  69.6 164.5 -74.6  91.2  -26.4  -44.9   23.6
  506  552 A H  E     - G   0 580K   1     -2,-2.8    74,-3.7    74,-2.0     2,-0.3  -0.791  14.1-179.7-100.8 154.2  -26.5  -41.0   23.2
  507  553 A R  E     - G   0 579K 107     -2,-0.3   -38,-2.0    72,-0.3     2,-0.4  -0.998  20.5-167.8-159.7 150.2  -29.0  -39.1   21.0
  508  554 A I  E     -EG 468 578K   1     70,-2.4    70,-3.0    -2,-0.3     2,-0.4  -0.997  12.4-162.4-138.0 129.7  -30.1  -35.7   19.8
  509  555 A S  E     -EG 467 577K   0    -42,-2.5   -43,-2.8    -2,-0.4   -42,-1.2  -0.974   5.1-153.6-118.4 139.4  -33.3  -34.9   17.9
  510  556 A L  E     -EG 465 576K   1     66,-3.0    66,-1.9    -2,-0.4     2,-0.7  -0.816  11.4-143.9-113.0 136.5  -34.1  -31.8   15.9
  511  557 A D  E     -EG 464 575K  44    -47,-2.8   -47,-1.8    -2,-0.4    64,-0.2  -0.920  13.7-157.3 -96.1 115.0  -37.5  -30.3   15.1
  512  558 A L  E     -     0   0K   3     62,-3.0    63,-0.1    -2,-0.7    -1,-0.1   0.608  36.8-115.5 -71.4 -13.1  -37.0  -29.0   11.6
  513  559 A G  E    S+     0   0K  43     61,-0.5     2,-0.2   -49,-0.1    62,-0.1   0.647  82.2   2.7  88.6  16.8  -39.8  -26.5   12.1
  514  560 A G  E    S-     0   0K  23     60,-0.4     2,-0.2     2,-0.0    -2,-0.1  -0.761 100.4 -58.2 151.2 166.5  -42.2  -27.9    9.5
  515  561 A T  E     +     0   0K  81     -2,-0.2     2,-0.3    57,-0.1    59,-0.2  -0.487  58.6 169.3 -76.8 135.6  -42.3  -30.8    7.0
  516  562 A H  E     - G   0 573K  40     57,-1.9    57,-2.6    -2,-0.2     2,-0.9  -0.970  41.5-112.7-143.2 156.8  -39.5  -30.9    4.5
  517  563 A T  E     - G   0 572K  48     83,-0.4    83,-1.5    -2,-0.3     2,-0.3  -0.870  47.6-176.0 -93.4 105.1  -38.2  -33.3    1.9
  518  564 A I  E     +HG 599 571K   0     53,-3.2    53,-1.9    -2,-0.9    81,-0.2  -0.823  28.2 174.2-111.1 147.6  -34.8  -34.3    3.3
  519  565 A S  E     -     0   0K  37     79,-2.3    49,-1.5    -2,-0.3     2,-0.3   0.076  62.5  -2.0-134.1  21.8  -32.0  -36.4    2.0
  520  566 A G  E     -HG 598 567K   0     78,-0.8    78,-1.9    47,-0.2     2,-0.3  -0.944  47.2-131.2 168.6 171.4  -29.1  -36.1    4.5
  521  567 A L  E     -HG 597 566K   2     45,-2.0    45,-2.0    -2,-0.3     2,-0.4  -0.989  14.7-157.3-147.2 135.7  -27.4  -34.7    7.5
  522  568 A Q  E     -HG 596 565K   8     74,-2.8    74,-2.9    -2,-0.3     2,-0.4  -0.958  12.1-170.2-116.0 140.6  -24.0  -33.2    8.0
  523  569 A Y  E     -HG 595 564K   4     41,-1.5    41,-2.5    -2,-0.4     2,-0.4  -0.984  12.0-151.9-133.6 145.3  -22.2  -33.2   11.3
  524  570 A T  E     -H  594   0K   4     70,-1.9    69,-2.1    -2,-0.4    70,-0.9  -0.963  22.8-126.4-116.7 128.9  -19.0  -31.4   12.5
  525  571 A R  E     -H  592   0K  33     35,-0.6     2,-0.5    -2,-0.4    67,-0.1  -0.099  42.0 -83.7 -64.7 165.9  -17.0  -32.9   15.3
  526  572 A R    >   -     0   0   40     65,-0.6     3,-0.6     1,-0.1    -1,-0.1  -0.687  47.6-145.8 -71.3 126.6  -16.1  -30.8   18.4
  527  573 A Q  T 3  S+     0   0   50    -39,-0.6    -1,-0.1    -2,-0.5   -38,-0.1   0.831  81.8  37.5 -66.8 -45.7  -12.9  -29.0   17.1
  528  574 A N  T 3  S+     0   0  114    -39,-0.1     2,-0.3     1,-0.0    -1,-0.2   0.117 111.4  56.8-101.1  22.9  -10.5  -28.5   20.1
  529  575 A S    <   -     0   0   22     -3,-0.6     3,-0.2     1,-0.1    -3,-0.1  -0.970  54.4-166.6-149.6 136.9  -11.1  -31.8   21.9
  530  576 A A  S >  S+     0   0   47     -2,-0.3     3,-0.5     1,-0.1    55,-0.1   0.515  71.7  75.6-105.1   2.1  -10.7  -35.3   20.7
  531  577 A N  T 3  S+     0   0   81      1,-0.2    58,-0.5    53,-0.1    -1,-0.1   0.300  90.4  51.3 -98.2   6.2  -12.4  -37.5   23.4
  532  578 A E  T 3  S+     0   0   18     -3,-0.2    59,-1.9    -6,-0.1     2,-0.5   0.031  74.5 141.0-126.9  26.6  -16.1  -37.0   22.6
  533  579 A Q    <   -     0   0    8     -3,-0.5    51,-2.7    57,-0.2    52,-0.2  -0.556  52.4-122.9 -75.5 122.1  -16.0  -37.8   18.9
  534  580 A V  B     +L  583   0M   6     -2,-0.5    49,-0.2    57,-0.4     3,-0.1  -0.329  34.7 169.5 -66.8 131.0  -19.0  -39.7   17.6
  535  581 A A        +     0   0    3     47,-2.8    22,-2.1     1,-0.3     2,-0.3   0.605  60.6  32.8-103.1 -90.4  -18.1  -43.0   15.8
  536  582 A D  E    S+I  556   0K  43     20,-0.2    45,-3.3    18,-0.1    46,-0.8  -0.497  72.1 173.3 -77.0 129.8  -21.1  -45.3   15.1
  537  583 A Y  E     -IJ 555 580K  20     18,-2.6    18,-1.6    -2,-0.3     2,-0.3  -0.847  21.7-163.4-128.8 170.4  -24.4  -43.5   14.3
  538  584 A E  E     -IJ 554 579K  54     41,-1.3    41,-2.0    -2,-0.3     2,-0.4  -0.966  16.4-143.6-151.3 133.4  -27.9  -44.3   13.2
  539  585 A I  E     -IJ 553 578K   0     14,-2.4    13,-2.9    -2,-0.3    14,-0.8  -0.840  16.3-177.6-107.8 139.1  -30.4  -41.8   11.8
  540  586 A Y  E     - J   0 577K  51     37,-1.9    37,-2.9    -2,-0.4     2,-0.3  -0.947   7.0-161.5-127.6 148.9  -34.1  -41.9   12.5
  541  587 A T  E     +IJ 549 576K   0      8,-2.5     8,-3.0    -2,-0.3     2,-0.3  -0.813   8.6 180.0-126.5 166.4  -36.8  -39.5   11.1
  542  588 A S  E     - J   0 575K   1     33,-1.9    33,-3.0    -2,-0.3    32,-2.7  -0.976  27.8-166.2-163.0 155.9  -40.4  -38.6   12.0
  543  589 A L  S    S+     0   0   81      4,-0.4     5,-0.1    -2,-0.3    30,-0.1   0.565  99.7  39.6-118.0 -21.8  -43.3  -36.4   11.1
  544  590 A N  S    S-     0   0   77      3,-0.4     4,-0.1    31,-0.1    -2,-0.1   0.739  97.9-135.1 -99.2 -22.5  -45.4  -36.8   14.3
  545  591 A G  S    S+     0   0   22      2,-0.4     3,-0.1    30,-0.1    -3,-0.0   0.238  91.1  66.5  88.1  -8.4  -42.3  -36.6   16.6
  546  592 A T  S    S+     0   0  111      1,-0.3     2,-0.7     0, 0.0    -1,-0.0   0.758  93.1  54.6-110.8 -39.6  -43.4  -39.6   18.8
  547  593 A T  S    S-     0   0   93      2,-0.0    -3,-0.4     0, 0.0    -2,-0.4  -0.881  76.3-161.3-102.4 115.1  -43.1  -42.5   16.4
  548  594 A W        -     0   0   49     -2,-0.7     2,-0.5    -6,-0.1    -6,-0.2  -0.812   3.3-154.1 -99.9 132.9  -39.7  -42.6   14.9
  549  595 A D  E     -I  541   0K  70     -8,-3.0    -8,-2.5    -2,-0.4     3,-0.2  -0.914  37.6  -4.1-115.3 132.4  -38.8  -44.5   11.8
  550  596 A G  E     -     0   0K  38     -2,-0.5   -10,-0.2     1,-0.3     2,-0.1  -0.959  46.7-119.2 165.3-163.7  -35.4  -45.9   10.9
  551  597 A P  E     +     0   0K  74      0, 0.0    -1,-0.3     0, 0.0   -11,-0.2   0.324  51.4 168.9 -67.1 130.2  -32.6  -46.5   10.9
  552  598 A V  E    S+     0   0K  32    -13,-2.9     2,-0.3     1,-0.3   -12,-0.1   0.694  72.2   7.3 -84.3 -19.5  -32.7  -44.6    7.7
  553  599 A A  E     +I  539   0K  14    -14,-0.8   -14,-2.4    15,-0.1     2,-0.3  -0.983  64.3 179.8-157.1 157.5  -28.9  -44.5    7.7
  554  600 A S  E     +I  538   0K  79     -2,-0.3     2,-0.3   -16,-0.2   -16,-0.2  -0.965  21.3 122.7-156.2 158.0  -26.1  -46.0    9.7
  555  601 A G  E     -I  537   0K  26    -18,-1.6   -18,-2.6    -2,-0.3     2,-0.4  -0.965  52.8 -99.0 166.6-177.2  -22.4  -45.8    9.5
  556  602 A R  E     -I  536   0K 172     -2,-0.3   -20,-0.2   -20,-0.3     2,-0.2  -0.998  38.2-147.6-128.4 124.9  -19.2  -44.9   11.5
  557  603 A F        -     0   0   22    -22,-2.1    -2,-0.0    -2,-0.4     9,-0.0  -0.637  12.7-110.5-102.3 162.2  -17.8  -41.5   10.8
  558  604 A T        -     0   0   66     -2,-0.2    -1,-0.1     1,-0.1    26,-0.1  -0.070  25.8-105.3 -74.4-176.1  -14.3  -40.3   10.9
  559  605 A T        +     0   0   73     25,-0.0    -1,-0.1   -26,-0.0   -24,-0.0   0.213  69.9 141.1 -92.2   8.7  -12.1  -38.1   12.9
  560  606 A S        -     0   0   51      1,-0.1   -35,-0.6   -36,-0.0     4,-0.1  -0.301  48.4-149.7 -60.9 135.0  -12.4  -35.4   10.2
  561  607 A L  S    S+     0   0   88    -37,-0.1    -1,-0.1     2,-0.1     3,-0.1   0.584  78.2  76.3 -80.1 -17.6  -12.7  -31.8   11.5
  562  608 A A  S    S-     0   0   64      1,-0.1   -37,-0.4   -38,-0.1     2,-0.1  -0.392 103.3 -71.3 -86.3 169.9  -14.8  -30.7    8.4
  563  609 A P        -     0   0   55      0, 0.0     2,-0.4     0, 0.0   -39,-0.2  -0.414  46.3-149.0 -69.5 141.9  -18.5  -31.7    8.0
  564  610 A Q  E     -G  523   0K  60    -41,-2.5   -41,-1.5    -2,-0.1     2,-0.2  -0.919  11.5-129.5-114.3 133.2  -19.4  -35.3    7.3
  565  611 A R  E     -G  522   0K 102     -2,-0.4     2,-0.4   -43,-0.2   -43,-0.2  -0.507  18.0-173.7 -90.1 146.3  -22.3  -36.4    5.3
  566  612 A A  E     -G  521   0K   1    -45,-2.0   -45,-2.0    -2,-0.2     2,-0.3  -0.953  24.4-171.6-133.5  95.8  -24.9  -39.0    6.2
  567  613 A V  E     +G  520   0K  73     -2,-0.4   -47,-0.2   -47,-0.2   -48,-0.0  -0.737  12.3 170.7 -98.7 148.8  -27.1  -39.4    3.1
  568  614 A F  E     -     0   0K   5    -49,-1.5     3,-0.1    -2,-0.3   -15,-0.1  -0.970  47.7 -77.6-150.3 152.8  -30.3  -41.2    2.5
  569  615 A P  E    S-     0   0K 112      0, 0.0   -51,-0.1     0, 0.0   -49,-0.1  -0.444  70.7 -89.8 -52.9 130.0  -33.0  -41.5   -0.3
  570  616 A A  E     +     0   0K  66    -51,-0.1     2,-0.3   -53,-0.1   -51,-0.2   0.035  60.3 160.6 -42.1 146.4  -35.1  -38.4   -0.0
  571  617 A R  E     -G  518   0K  79    -53,-1.9   -53,-3.2    -3,-0.1     2,-0.4  -0.977  40.7 -98.5-165.2 158.6  -38.1  -38.4    2.2
  572  618 A D  E     +G  517   0K  86     -2,-0.3     2,-0.3   -55,-0.3   -55,-0.2  -0.717  48.7 153.4 -87.8 140.4  -40.5  -36.1    4.0
  573  619 A A  E     -G  516   0K   0    -57,-2.6   -57,-1.9    -2,-0.4   -30,-0.2  -0.980  38.4-163.7-163.5 147.4  -39.9  -35.5    7.7
  574  620 A R  E    S+     0   0K  85    -32,-2.7   -62,-3.0    -2,-0.3   -61,-0.5   0.628  86.7  39.7-105.1 -21.6  -40.5  -32.8   10.3
  575  621 A Y  E     -GJ 511 542K  32    -33,-3.0   -33,-1.9   -64,-0.2     2,-0.4  -0.969  61.9-167.5-133.7 141.5  -38.0  -34.3   12.7
  576  622 A I  E     -GJ 510 541K   2    -66,-1.9   -66,-3.0    -2,-0.3     2,-0.4  -0.969   8.5-164.3-128.3 142.4  -34.5  -35.9   12.4
  577  623 A R  E     -GJ 509 540K  24    -37,-2.9   -37,-1.9    -2,-0.4     2,-0.5  -0.988   9.4-157.2-132.4 135.9  -32.7  -37.8   15.1
  578  624 A L  E     -GJ 508 539K   4    -70,-3.0   -70,-2.4    -2,-0.4     2,-0.5  -0.954   9.1-163.1-111.3 129.4  -29.0  -38.8   15.4
  579  625 A V  E     -GJ 507 538K  18    -41,-2.0   -41,-1.3    -2,-0.5     2,-0.5  -0.980   7.1-154.4-112.7 116.0  -28.4  -41.7   17.7
  580  626 A A  E     +GJ 506 537K   1    -74,-3.7   -74,-2.0    -2,-0.5   -43,-0.2  -0.888  15.7 177.2 -93.6 130.9  -24.7  -42.0   18.7
  581  627 A L        +     0   0   64    -45,-3.3     2,-0.3    -2,-0.5   -44,-0.2   0.603  60.7   2.2-106.7 -25.3  -23.8  -45.6   19.6
  582  628 A S        -     0   0   31    -46,-0.8   -47,-2.8   -76,-0.1     2,-0.4  -0.980  64.9-116.7-158.3 166.3  -20.1  -45.3   20.3
  583  629 A E  B >   -L  534   0M   8      4,-0.3     3,-2.4    -2,-0.3   -49,-0.2  -0.889  34.4-111.5-111.7 145.4  -17.1  -42.9   20.6
  584  630 A Q  T 3  S+     0   0   76    -51,-2.7   -50,-0.1    -2,-0.4   -53,-0.1   0.723 116.3  24.0 -42.2 -45.2  -14.1  -43.0   18.4
  585  631 A T  T 3  S-     0   0   94    -52,-0.2    -1,-0.3   -55,-0.1   -55,-0.0  -0.200 119.3 -96.6-119.4  35.1  -11.7  -44.1   21.2
  586  632 A G  S <  S+     0   0   69     -3,-2.4    -2,-0.1     1,-0.1   -55,-0.1   0.499  75.0 146.1  66.5   7.4  -14.2  -45.7   23.5
  587  633 A H        -     0   0   86    -54,-0.1    -4,-0.3     1,-0.1    -1,-0.1  -0.102  52.7-118.2 -68.5 172.9  -14.7  -42.7   25.8
  588  634 A K  S    S+     0   0   84    -85,-0.1     2,-0.3    -6,-0.1   -56,-0.1   0.554  77.3  71.1 -98.5  -3.3  -18.1  -41.9   27.4
  589  635 A Y        -     0   0   33    -58,-0.5     2,-0.4   -86,-0.1    -2,-0.1  -0.735  56.2-150.7-114.7 159.4  -19.2  -38.5   26.2
  590  636 A A        +     0   0    0     -2,-0.3   -96,-1.7    -7,-0.1     2,-0.4  -0.975  13.6 177.5-126.4 140.2  -20.5  -37.1   23.0
  591  637 A A  E     -F  493   0K   1    -59,-1.9   -65,-0.6    -2,-0.4     2,-0.5  -0.991   6.5-169.1-142.4 129.4  -20.1  -33.6   21.7
  592  638 A V  E     -FH 492 525K   5   -100,-1.0  -100,-2.5    -2,-0.4   -67,-0.2  -0.993   9.2-165.3-124.4 126.7  -21.3  -32.2   18.4
  593  639 A A  E    S-     0   0K   0    -69,-2.1     2,-0.3    -2,-0.5  -106,-0.2   0.940  73.0  -1.1 -72.8 -49.5  -20.2  -28.8   17.2
  594  640 A E  E     - H   0 524K   4    -70,-0.9   -70,-1.9  -110,-0.1     2,-0.4  -0.990  52.2-157.6-144.9 152.0  -22.8  -28.4   14.4
  595  641 A L  E     - H   0 523K   3   -112,-2.8     2,-0.4    -2,-0.3   -72,-0.2  -0.996  15.2-175.5-132.7 121.8  -25.7  -30.3   12.8
  596  642 A E  E     - H   0 522K  22    -74,-2.9   -74,-2.8    -2,-0.4     2,-0.5  -0.923  13.0-148.1-119.5 137.2  -26.7  -29.3    9.2
  597  643 A V  E     - H   0 521K   1     -2,-0.4  -139,-2.7  -139,-0.3     2,-0.6  -0.957   8.7-143.2-111.7 123.2  -29.8  -30.9    7.5
  598  644 A E  E     +DH 457 520K   7    -78,-1.9   -79,-2.3    -2,-0.5   -78,-0.8  -0.757  52.9  95.1 -84.8 122.8  -29.7  -31.4    3.7
  599  645 A G  E    S- H   0 518K  16   -143,-1.4     2,-0.5    -2,-0.6   -81,-0.2  -0.957  73.4 -61.8-179.5-171.3  -33.1  -30.7    2.1
  600  646 A Q              0   0  102    -83,-1.5   -83,-0.4    -2,-0.3  -142,-0.1  -0.907 360.0 360.0-104.5 126.9  -35.4  -28.3    0.4
  601  647 A R              0   0  161     -2,-0.5   -85,-0.1  -144,-0.2  -143,-0.0  -0.484 360.0 360.0 -68.3 360.0  -36.5  -25.1    2.2
