==== Secondary Structure Definition by the program DSSP, CMBI version by M.L. Hekkelman/2010-10-21 ==== DATE=2014-07-07        .
REFERENCE W. KABSCH AND C.SANDER, BIOPOLYMERS 22 (1983) 2577-2637                                                              .
                                                                                                                               .
  368  1  0  0  0 TOTAL NUMBER OF RESIDUES, NUMBER OF CHAINS, NUMBER OF SS-BRIDGES(TOTAL,INTRACHAIN,INTERCHAIN)                .
 13127.4   ACCESSIBLE SURFACE OF PROTEIN (ANGSTROM**2)                                                                         .
  261 70.9   TOTAL NUMBER OF HYDROGEN BONDS OF TYPE O(I)-->H-N(J)  , SAME NUMBER PER 100 RESIDUES                              .
   44 12.0   TOTAL NUMBER OF HYDROGEN BONDS IN     PARALLEL BRIDGES, SAME NUMBER PER 100 RESIDUES                              .
   37 10.1   TOTAL NUMBER OF HYDROGEN BONDS IN ANTIPARALLEL BRIDGES, SAME NUMBER PER 100 RESIDUES                              .
    0  0.0   TOTAL NUMBER OF HYDROGEN BONDS OF TYPE O(I)-->H-N(I-5), SAME NUMBER PER 100 RESIDUES                              .
    3  0.8   TOTAL NUMBER OF HYDROGEN BONDS OF TYPE O(I)-->H-N(I-4), SAME NUMBER PER 100 RESIDUES                              .
    1  0.3   TOTAL NUMBER OF HYDROGEN BONDS OF TYPE O(I)-->H-N(I-3), SAME NUMBER PER 100 RESIDUES                              .
    0  0.0   TOTAL NUMBER OF HYDROGEN BONDS OF TYPE O(I)-->H-N(I-2), SAME NUMBER PER 100 RESIDUES                              .
    0  0.0   TOTAL NUMBER OF HYDROGEN BONDS OF TYPE O(I)-->H-N(I-1), SAME NUMBER PER 100 RESIDUES                              .
    0  0.0   TOTAL NUMBER OF HYDROGEN BONDS OF TYPE O(I)-->H-N(I+0), SAME NUMBER PER 100 RESIDUES                              .
    0  0.0   TOTAL NUMBER OF HYDROGEN BONDS OF TYPE O(I)-->H-N(I+1), SAME NUMBER PER 100 RESIDUES                              .
   27  7.3   TOTAL NUMBER OF HYDROGEN BONDS OF TYPE O(I)-->H-N(I+2), SAME NUMBER PER 100 RESIDUES                              .
   40 10.9   TOTAL NUMBER OF HYDROGEN BONDS OF TYPE O(I)-->H-N(I+3), SAME NUMBER PER 100 RESIDUES                              .
   91 24.7   TOTAL NUMBER OF HYDROGEN BONDS OF TYPE O(I)-->H-N(I+4), SAME NUMBER PER 100 RESIDUES                              .
    6  1.6   TOTAL NUMBER OF HYDROGEN BONDS OF TYPE O(I)-->H-N(I+5), SAME NUMBER PER 100 RESIDUES                              .
  1  2  3  4  5  6  7  8  9 10 11 12 13 14 15 16 17 18 19 20 21 22 23 24 25 26 27 28 29 30     *** HISTOGRAMS OF ***           .
  0  0  0  1  0  1  0  0  0  1  1  0  2  1  0  0  1  1  0  0  0  0  0  0  0  0  0  0  0  0    RESIDUES PER ALPHA HELIX         .
  4  0  2  2  1  0  0  1  0  0  0  0  0  0  0  0  0  0  0  0  0  0  0  0  0  0  0  0  0  0    PARALLEL BRIDGES PER LADDER      .
  3  2  2  0  2  0  0  0  0  0  0  0  0  0  0  0  0  0  0  0  0  0  0  0  0  0  0  0  0  0    ANTIPARALLEL BRIDGES PER LADDER  .
  3  2  0  0  0  0  0  1  0  0  0  0  0  0  0  0  0  0  0  0  0  0  0  0  0  0  0  0  0  0    LADDERS PER SHEET                .
  #  RESIDUE AA STRUCTURE BP1 BP2  ACC     N-H-->O    O-->H-N    N-H-->O    O-->H-N    TCO  KAPPA ALPHA  PHI   PSI    X-CA   Y-CA   Z-CA 
    1    3 A G              0   0   84      0, 0.0     2,-0.4     0, 0.0   206,-0.2   0.000 360.0 360.0 360.0 157.1   38.8   11.7   36.2
    2    4 A T  B     -A  206   0A  60    204,-2.9   204,-2.2     2,-0.0     2,-0.6  -0.925 360.0-135.1-121.4 145.3   35.0   11.9   35.9
    3    5 A A        +     0   0   56     -2,-0.4     2,-0.3   202,-0.2   265,-0.1  -0.883  47.5 132.8 -96.7 118.3   32.7   11.4   33.0
    4    6 A K        -     0   0   91     -2,-0.6   200,-0.1   200,-0.4     2,-0.1  -0.956  56.1 -83.9-156.3 166.9   30.0   14.1   32.9
    5    7 A G        -     0   0    6     -2,-0.3     2,-0.4   263,-0.1   265,-0.2  -0.342  42.7-149.0 -74.2 160.9   28.3   16.6   30.5
    6    8 A H  B     -i  270   0B   1    263,-2.7   265,-2.5    -2,-0.1     5,-0.0  -0.990  17.3-121.3-135.6 138.0   29.9   20.0   29.8
    7    9 A N    >   -     0   0   27     -2,-0.4     3,-2.8   263,-0.2     4,-0.3  -0.603  35.1-123.3 -62.0 132.0   28.7   23.5   29.0
    8   10 A P  G >  S+     0   0    0      0, 0.0     3,-1.5     0, 0.0    -1,-0.1   0.750 110.0  71.3 -52.5 -25.7   30.4   24.3   25.6
    9   11 A T  G 3  S+     0   0   54      1,-0.3     4,-0.4     2,-0.1    76,-0.0   0.654  90.3  63.1 -65.4 -11.1   31.9   27.4   27.3
   10   12 A E  G <> S+     0   0   51     -3,-2.8     4,-2.3     1,-0.2     3,-0.4   0.649  78.0  85.1 -82.4 -19.0   34.1   24.8   29.2
   11   13 A F  H <> S+     0   0    0     -3,-1.5     4,-2.6    -4,-0.3     6,-0.2   0.864  83.1  57.4 -61.5 -33.1   35.9   23.5   26.1
   12   14 A P  H  4>S+     0   0    9      0, 0.0     5,-3.2     0, 0.0     6,-0.6   0.943 110.5  43.8 -58.9 -42.9   38.5   26.3   26.0
   13   15 A T  H >45S+     0   0   80     -3,-0.4     3,-1.3    -4,-0.4   199,-0.3   0.941 113.9  51.1 -66.8 -41.0   39.7   25.4   29.5
   14   16 A I  H 3<5S+     0   0    2     -4,-2.3    -1,-0.2     1,-0.3    -3,-0.2   0.884 117.3  37.9 -62.7 -39.6   39.6   21.7   28.7
   15   17 A Y  T 3<5S-     0   0    0     -4,-2.6   341,-2.4    -5,-0.2   342,-0.3   0.101 115.3-109.8-102.1  20.7   41.7   22.0   25.5
   16   18 A D  T < 5S+     0   0   83     -3,-1.3   341,-1.8   339,-0.2    -3,-0.2   0.879  79.8 124.9  62.5  43.5   44.0   24.7   26.9
   17   19 A A    > < +     0   0    0     -5,-3.2     3,-1.8    -6,-0.2    -4,-0.2   0.365  31.7 103.0-112.2   4.0   42.7   27.6   24.8
   18   20 A S  T 3  S+     0   0   84     -6,-0.6    -1,-0.1     1,-0.3    -5,-0.1   0.773  81.7  52.7 -63.0 -27.2   41.8   30.2   27.5
   19   21 A S  T 3  S+     0   0  125     -7,-0.1    -1,-0.3    -3,-0.1    -2,-0.1   0.474  93.9  89.3 -88.3  -3.4   45.0   32.3   26.8
   20   22 A A  S <  S-     0   0   15     -3,-1.8   278,-0.1     1,-0.1   337,-0.1  -0.551  89.0 -97.3 -84.0 159.5   44.3   32.5   23.1
   21   23 A P        -     0   0   55      0, 0.0   280,-0.2     0, 0.0    -1,-0.1  -0.268  42.6-106.8 -62.9 159.8   42.3   35.3   21.5
   22   24 A T    >   -     0   0   49     69,-0.1     3,-0.5   278,-0.1    69,-0.2  -0.258  33.5-102.6 -70.9 173.7   38.6   34.6   20.8
   23   25 A A  E >  S+b   94   0A   0     67,-1.4     3,-2.5    70,-1.1    72,-1.4   0.145  82.0 125.0 -85.8  23.8   37.5   34.1   17.2
   24   26 A A  E 3  S+     0   0A  41     70,-0.3    -1,-0.2     1,-0.3    70,-0.2   0.730  75.2  47.7 -57.8 -19.6   36.1   37.6   17.2
   25   27 A N  E <  S+     0   0A 105     -3,-0.5     2,-0.4   271,-0.1    -1,-0.3   0.267 102.2  76.8-104.5  13.2   38.2   38.4   14.1
   26   28 A T  E <   -     0   0A   0     -3,-2.5    69,-2.1    99,-0.0    70,-0.7  -0.972  69.4-138.2-126.8 134.6   37.3   35.2   12.1
   27   29 A T  E     -b   96   0A   8     -2,-0.4    99,-2.3    97,-0.3   100,-1.0  -0.762  23.0-163.2 -90.6 134.7   34.2   34.4   10.2
   28   30 A V  E     -bc  97 127A   0     68,-2.4    70,-2.6    -2,-0.4     2,-0.3  -0.932   2.8-154.8-120.0 138.9   32.9   30.8   10.6
   29   31 A G  E     -bc  98 128A   0     98,-2.6   100,-2.8    -2,-0.4     2,-0.4  -0.796   4.0-161.8-111.3 155.8   30.5   28.8    8.5
   30   32 A I  E     -bc  99 129A   0     68,-2.5    70,-2.5    -2,-0.3     2,-0.5  -0.993  16.4-139.3-129.9 126.3   28.2   25.9    9.2
   31   33 A I  E     +b  100   0A   0     98,-2.6   100,-0.4    -2,-0.4     2,-0.3  -0.758  31.5 176.9 -83.0 129.2   26.8   23.7    6.5
   32   34 A T  E     -b  101   0A   0     68,-2.6    70,-2.6    -2,-0.5     2,-0.6  -0.863  33.5-128.8-126.3 164.8   23.2   22.8    7.2
   33   35 A I  E    S-b  102   0A  53     -2,-0.3    39,-0.3    68,-0.2    70,-0.1  -0.981  81.2 -21.2-109.7 113.7   20.3   20.9    5.5
   34   36 A G  S    S-     0   0    0     68,-2.3    37,-0.2    -2,-0.6    68,-0.2  -0.252 105.8 -21.3  77.4-166.6   17.3   23.2    5.5
   35   37 A G  B     -k   71   0C   2     35,-2.1    37,-0.6    66,-0.1    -2,-0.1  -0.088  35.1-152.7 -84.7 174.1   16.6   26.1    7.7
   36   38 A V     >  +     0   0    4     33,-0.2     4,-2.4    35,-0.1     5,-0.2  -0.033  49.9 126.2-134.3  29.2   17.9   27.2   11.1
   37   39 A S  H  > S+     0   0   88      1,-0.2     4,-1.3     2,-0.2     5,-0.1   0.952  83.1  39.2 -64.3 -47.2   15.0   29.3   12.5
   38   40 A Q  H  > S+     0   0   45      1,-0.2     4,-2.7     2,-0.2     3,-0.4   0.913 112.5  58.8 -66.8 -36.7   14.7   27.4   15.8
   39   41 A T  H  > S+     0   0    0      1,-0.3     4,-2.1     2,-0.2    -1,-0.2   0.874 102.6  52.8 -59.0 -39.6   18.5   27.1   16.0
   40   42 A L  H  X S+     0   0   40     -4,-2.4     4,-1.7     2,-0.2    -1,-0.3   0.865 109.4  48.5 -67.6 -30.9   18.9   30.9   16.0
   41   43 A Q  H  X S+     0   0  104     -4,-1.3     4,-2.2    -3,-0.4    -2,-0.2   0.920 112.2  49.3 -71.6 -40.5   16.4   31.2   18.9
   42   44 A D  H  X S+     0   0    1     -4,-2.7     4,-2.6     1,-0.2    -2,-0.2   0.837 108.5  54.1 -64.3 -32.1   18.4   28.4   20.7
   43   45 A L  H  X S+     0   0    7     -4,-2.1     4,-3.0    -5,-0.2     5,-0.2   0.893 107.1  50.1 -70.2 -37.5   21.6   30.3   20.0
   44   46 A Q  H  X S+     0   0  107     -4,-1.7     4,-2.6     2,-0.2     5,-0.3   0.894 110.0  50.8 -64.1 -41.4   20.1   33.5   21.6
   45   47 A Q  H  X S+     0   0   80     -4,-2.2     4,-2.9     1,-0.2     5,-0.3   0.944 111.6  49.9 -60.3 -44.9   19.2   31.4   24.6
   46   48 A F  H  X S+     0   0    0     -4,-2.6     4,-2.0     2,-0.2     6,-0.2   0.951 114.5  40.1 -59.2 -53.8   22.8   30.1   24.7
   47   49 A T  H  <>S+     0   0    3     -4,-3.0     5,-2.8     1,-0.2     4,-0.3   0.946 118.9  47.6 -66.2 -39.9   24.6   33.5   24.5
   48   50 A S  H ><5S+     0   0   91     -4,-2.6     3,-1.6    -5,-0.2    -2,-0.2   0.939 111.0  50.3 -65.7 -43.4   22.1   35.2   26.8
   49   51 A A  H 3<5S+     0   0   52     -4,-2.9    -1,-0.2    -5,-0.3    -2,-0.2   0.890 113.0  46.8 -62.7 -35.4   22.2   32.4   29.4
   50   52 A N  T 3<5S-     0   0   50     -4,-2.0    -1,-0.3    -5,-0.3    -2,-0.2   0.380 114.1-117.1 -88.2   5.9   26.0   32.5   29.4
   51   53 A G  T < 5 +     0   0   69     -3,-1.6     2,-0.3    -4,-0.3    -3,-0.2   0.763  65.5 146.3  70.6  24.1   26.1   36.3   29.7
   52   54 A L      < -     0   0   52     -5,-2.8    -1,-0.2    -6,-0.2     3,-0.1  -0.633  57.1-100.7 -95.4 154.2   27.8   36.6   26.3
   53   55 A A        -     0   0   84     -2,-0.3    -1,-0.1     1,-0.1    -5,-0.0  -0.329  55.9 -91.9 -59.3 150.7   27.5   39.3   23.7
   54   56 A S        -     0   0  102      1,-0.1     2,-0.4    39,-0.0    -1,-0.1  -0.284  37.2-116.9 -69.4 154.9   25.2   38.2   20.9
   55   57 A V        -     0   0   21     -3,-0.1     2,-0.5   -12,-0.1    -1,-0.1  -0.791  19.0-126.8 -92.7 132.8   26.6   36.5   17.8
   56   58 A N        -     0   0   91     -2,-0.4    41,-2.7    38,-0.4     2,-0.3  -0.654  39.0-176.5 -73.7 121.9   26.2   38.1   14.4
   57   59 A T  E     -d   97   0A  46     -2,-0.5     2,-0.3    39,-0.2    41,-0.2  -0.853  18.7-172.7-121.6 155.4   24.6   35.5   12.2
   58   60 A Q  E     -d   98   0A 102     39,-2.1    41,-2.8    -2,-0.3     2,-0.4  -0.989  11.9-149.9-139.2 146.3   23.6   35.3    8.5
   59   61 A T  E     -d   99   0A  38     -2,-0.3     2,-0.5    39,-0.2    41,-0.2  -0.955  12.0-158.8-116.9 144.2   21.7   32.6    6.7
   60   62 A I  E     -d  100   0A  24     39,-3.0    41,-2.4    -2,-0.4     2,-0.8  -0.978  14.9-145.2-127.4 120.5   22.3   31.8    3.1
   61   63 A Q  E     -d  101   0A 110     -2,-0.5    41,-0.1     1,-0.2    39,-0.1  -0.745  21.3-173.2 -79.0 110.6   19.9   30.0    0.7
   62   64 A T        +     0   0   10     39,-2.0    -1,-0.2    -2,-0.8    40,-0.1   0.639  59.3  38.1 -90.5 -11.5   22.5   28.1   -1.3
   63   65 A G  S    S-     0   0   30      1,-0.4    -2,-0.1    38,-0.3     4,-0.0  -0.002 110.5 -16.4-111.6-146.2   20.2   26.7   -4.0
   64   66 A S    >   -     0   0   81      1,-0.1     3,-1.9     2,-0.1    -1,-0.4  -0.336  57.4-126.6 -57.7 140.6   17.2   27.9   -6.0
   65   67 A S  T 3  S+     0   0  130      1,-0.3    -1,-0.1    -3,-0.1    -3,-0.0   0.688 114.5  51.9 -64.9 -19.2   15.5   31.0   -4.5
   66   68 A N  T 3  S+     0   0  154      2,-0.1    -1,-0.3    37,-0.0    -2,-0.1   0.121  89.7 120.6 -96.0  13.1   12.3   28.8   -4.6
   67   69 A G  S <  S-     0   0   17     -3,-1.9     2,-0.9     1,-0.1    36,-0.0  -0.118  74.9 -94.2 -75.6 178.5   13.9   25.9   -2.8
   68   70 A D        +     0   0   67      1,-0.1    36,-2.7     2,-0.0    38,-0.1  -0.806  49.5 157.5 -98.2 104.7   12.8   24.4    0.5
   69   71 A Y        +     0   0   35     -2,-0.9   -33,-0.2    34,-0.2    -1,-0.1  -0.004  27.2 137.2-112.3  25.0   14.6   26.0    3.4
   70   72 A S        -     0   0   64      1,-0.1   -35,-2.1   -36,-0.1     2,-0.2  -0.282  65.7 -86.7 -62.1 157.2   12.1   25.2    6.1
   71   73 A D  B     -k   35   0C  51    -37,-0.2     2,-0.6     1,-0.1    -1,-0.1  -0.462  30.2-144.2 -65.3 131.0   13.4   23.9    9.4
   72   74 A D     >  -     0   0   76    -37,-0.6     4,-1.9   -39,-0.3   -39,-0.1  -0.856  13.8-145.3 -89.5 125.1   14.0   20.2    9.7
   73   75 A Q  H >> S+     0   0  127     -2,-0.6     4,-0.7     1,-0.3     3,-0.5   0.957  98.6  40.7 -62.8 -52.0   13.1   19.4   13.3
   74   76 A Q  H >> S+     0   0  141      1,-0.2     4,-0.9     2,-0.2     3,-0.9   0.886 110.1  61.3 -61.3 -35.8   15.7   16.8   13.9
   75   77 A G  H >> S+     0   0    6      1,-0.2     4,-2.3     2,-0.2     3,-0.6   0.850  91.3  67.8 -58.8 -34.9   18.2   18.9   11.9
   76   78 A Q  H <X S+     0   0    0     -4,-1.9     4,-2.8    -3,-0.5    -1,-0.2   0.883  93.5  57.2 -61.1 -34.1   17.8   21.7   14.5
   77   79 A G  H <X S+     0   0    7     -3,-0.9     4,-2.4    -4,-0.7    -1,-0.3   0.897 109.5  46.7 -58.9 -40.2   19.5   19.5   17.2
   78   80 A E  H <X S+     0   0   52     -4,-0.9     4,-2.6    -3,-0.6    -2,-0.2   0.942 113.9  45.0 -65.1 -47.5   22.5   19.2   14.8
   79   81 A W  H  X S+     0   0    7     -4,-2.3     4,-2.6     2,-0.2     5,-0.2   0.829 113.8  51.9 -71.3 -28.1   22.7   23.0   14.0
   80   82 A D  H  X S+     0   0    0     -4,-2.8     4,-2.5    -5,-0.3     5,-0.4   0.933 111.2  46.5 -65.1 -51.5   22.2   23.8   17.7
   81   83 A L  H  X S+     0   0    2     -4,-2.4     4,-2.0    -5,-0.2     5,-0.2   0.923 116.2  46.0 -54.8 -46.3   25.1   21.4   18.7
   82   84 A D  H  X S+     0   0    0     -4,-2.6     4,-2.5     2,-0.2     5,-0.2   0.949 116.0  42.1 -67.8 -49.4   27.3   22.9   16.0
   83   85 A S  H  X S+     0   0    0     -4,-2.6     4,-2.5     2,-0.2     5,-0.2   0.939 118.3  43.8 -66.2 -46.4   26.6   26.6   16.6
   84   86 A Q  H  X S+     0   0    0     -4,-2.5     4,-2.6    -5,-0.2     5,-0.2   0.901 115.6  48.9 -67.2 -36.3   26.7   26.5   20.4
   85   87 A S  H  X S+     0   0    0     -4,-2.0     4,-2.4    -5,-0.4     5,-0.2   0.896 112.6  48.1 -72.4 -38.3   29.9   24.3   20.4
   86   88 A I  H  X S+     0   0    0     -4,-2.5     4,-2.5    -5,-0.2     6,-0.2   0.945 114.4  44.6 -61.6 -50.3   31.6   26.5   18.0
   87   89 A V  H  <>S+     0   0    0     -4,-2.5     5,-2.9     1,-0.2     6,-0.4   0.921 116.3  46.7 -66.0 -40.5   30.8   29.7   19.9
   88   90 A G  H ><5S+     0   0    1     -4,-2.6     3,-1.7    -5,-0.2    -1,-0.2   0.943 114.5  46.2 -62.1 -45.7   31.7   28.1   23.2
   89   91 A S  H 3<5S+     0   0    0     -4,-2.4    -2,-0.2     1,-0.3    -1,-0.2   0.859 106.2  61.4 -65.6 -32.9   35.0   26.6   21.9
   90   92 A A  T 3<5S-     0   0    0     -4,-2.5   -67,-1.4    -5,-0.2     3,-0.3   0.454 125.4-101.2 -71.8  -3.2   35.8   30.0   20.2
   91   93 A G  T < 5S-     0   0   31     -3,-1.7    -3,-0.2   -69,-0.2    -2,-0.1   0.638  72.1 -59.5  90.4  13.8   35.8   31.7   23.7
   92   94 A G  S   <S+     0   0   10     -5,-2.9     2,-0.3    -6,-0.2    -1,-0.2   0.463 117.5  78.0  94.8   3.5   32.3   33.1   23.3
   93   95 A A        +     0   0   30     -6,-0.4   -70,-1.1    -3,-0.3     2,-0.3  -0.994  41.8 172.4-148.0 139.1   32.8   35.3   20.2
   94   96 A V  E     -b   23   0A  12     -2,-0.3   -38,-0.4   -70,-0.2   -70,-0.3  -0.955  39.3-122.8-134.2 151.4   33.1   34.8   16.4
   95   97 A Q  E    S-     0   0A  94    -69,-2.1     2,-0.3   -72,-1.4   -39,-0.2   0.966  91.1 -22.5 -60.6 -47.4   33.2   37.6   13.8
   96   98 A Q  E     -b   27   0A  53    -70,-0.7   -68,-2.4   -41,-0.1     2,-0.5  -0.956  58.5-138.9-156.1 148.1   30.1   36.2   12.1
   97   99 A L  E     -bd  28  57A   0    -41,-2.7   -39,-2.1    -2,-0.3     2,-0.5  -0.976  21.7-163.1-114.3 117.1   28.4   32.8   12.0
   98  100 A L  E     -bd  29  58A   9    -70,-2.6   -68,-2.5    -2,-0.5     2,-0.7  -0.895   7.6-154.5-106.3 125.4   27.2   31.9    8.5
   99  101 A F  E     -bd  30  59A   0    -41,-2.8   -39,-3.0    -2,-0.5     2,-1.0  -0.908   5.0-159.4-102.5 109.5   24.7   29.1    7.9
  100  102 A Y  E     -bd  31  60A   0    -70,-2.5   -68,-2.6    -2,-0.7     2,-0.5  -0.815  18.4-156.5 -90.3  96.8   25.0   27.7    4.4
  101  103 A M  E     -bd  32  61A   8    -41,-2.4   -39,-2.0    -2,-1.0   -38,-0.3  -0.694   5.8-140.4 -89.3 120.9   21.6   26.1    4.0
  102  104 A A  E     -b   33   0A   1    -70,-2.6   -68,-2.3    -2,-0.5     2,-0.3  -0.582  25.8-113.3 -72.2 136.5   21.1   23.2    1.6
  103  105 A D    >   -     0   0   13      8,-0.3     3,-0.8    -2,-0.3   -34,-0.2  -0.532  20.9-155.6 -65.9 127.9   17.9   23.3   -0.4
  104  106 A Q  T 3  S+     0   0   57    -36,-2.7    -1,-0.1    -2,-0.3   -35,-0.1   0.514  89.1  58.6 -85.3  -4.5   15.8   20.2    0.7
  105  107 A S  T 3  S+     0   0   76    -37,-0.1    -1,-0.2     2,-0.1     2,-0.1   0.342  80.7 110.1-103.3   0.5   13.8   20.1   -2.5
  106  108 A A  S <  S-     0   0   33     -3,-0.8     5,-0.2   -38,-0.1     2,-0.1  -0.417  77.8 -98.2 -75.6 150.9   16.9   19.6   -4.8
  107  109 A S  S >  S-     0   0   92     -2,-0.1     3,-2.4     2,-0.1     4,-0.3  -0.385  77.1 -28.7 -75.3 149.9   17.4   16.2   -6.4
  108  110 A G  T 3  S-     0   0   76      1,-0.3     3,-0.3     2,-0.1     4,-0.2  -0.156 121.7 -32.0  53.5-130.3   19.8   13.6   -5.0
  109  111 A N  T 3> S+     0   0   48      1,-0.2     4,-2.5     2,-0.1    -1,-0.3   0.215 107.2 109.9-102.5  15.5   22.6   15.2   -3.0
  110  112 A T  H <> S+     0   0   57     -3,-2.4     4,-2.6     1,-0.2     5,-0.2   0.817  71.1  58.6 -68.2 -27.2   22.7   18.2   -5.2
  111  113 A G  H  > S+     0   0    6     -4,-0.3     4,-1.6    -3,-0.3    -8,-0.3   0.952 110.5  43.2 -63.5 -44.2   21.3   20.5   -2.4
  112  114 A L  H  > S+     0   0   20      2,-0.2     4,-2.4     1,-0.2     5,-0.2   0.935 112.5  52.8 -64.1 -43.2   24.2   19.6   -0.1
  113  115 A T  H  X S+     0   0   16     -4,-2.5     4,-2.5     1,-0.2    -1,-0.2   0.922 108.9  50.1 -57.4 -44.5   26.7   19.9   -2.9
  114  116 A Q  H  X S+     0   0   81     -4,-2.6     4,-2.3     2,-0.2    -1,-0.2   0.821 106.8  55.7 -66.6 -29.8   25.5   23.4   -3.8
  115  117 A A  H  X S+     0   0    0     -4,-1.6     4,-1.9     2,-0.2    -1,-0.2   0.941 109.9  44.9 -67.8 -45.1   25.8   24.4   -0.1
  116  118 A F  H  X S+     0   0    0     -4,-2.4     4,-2.0     1,-0.2     5,-0.2   0.947 113.3  52.1 -56.6 -46.1   29.5   23.3   -0.1
  117  119 A N  H  X S+     0   0   70     -4,-2.5     4,-3.3    -5,-0.2     5,-0.3   0.912 107.1  51.2 -60.6 -40.8   29.9   25.2   -3.4
  118  120 A Q  H  X S+     0   0   58     -4,-2.3     4,-2.7     1,-0.2     5,-0.3   0.911 108.2  52.2 -65.9 -39.5   28.4   28.4   -2.1
  119  121 A A  H  X S+     0   0    0     -4,-1.9     4,-1.5     1,-0.2     5,-0.5   0.892 116.0  41.0 -61.4 -38.6   30.7   28.4    0.9
  120  122 A V  H  < S+     0   0   11     -4,-2.0    -2,-0.2     2,-0.2    -1,-0.2   0.913 115.0  49.8 -77.1 -41.3   33.7   28.0   -1.3
  121  123 A S  H  < S+     0   0   92     -4,-3.3    -2,-0.2     1,-0.2    -3,-0.2   0.916 113.4  46.0 -64.0 -42.7   32.6   30.4   -4.1
  122  124 A D  H  < S-     0   0   72     -4,-2.7    -1,-0.2    -5,-0.3    -2,-0.2   0.894  86.0-166.9 -66.9 -37.9   31.8   33.1   -1.5
  123  125 A N     <  +     0   0   77     -4,-1.5    -3,-0.1    -5,-0.3    -4,-0.1   0.886  48.2 117.8  51.5  47.7   35.1   32.5    0.2
  124  126 A V        +     0   0   69     -5,-0.5     2,-0.4     1,-0.1   -97,-0.3   0.724  54.3  72.1-108.5 -37.1   34.1   34.6    3.3
  125  127 A A        -     0   0    1     -6,-0.4   -97,-0.2     1,-0.2     3,-0.1  -0.711  60.2-164.5 -84.1 131.2   34.2   32.0    6.0
  126  128 A K  S    S+     0   0   36    -99,-2.3    35,-2.5    -2,-0.4     2,-0.4   0.794  80.2  29.7 -79.7 -31.2   37.8   30.9    6.9
  127  129 A V  E    S-ce  28 161A   0   -100,-1.0   -98,-2.6    33,-0.2     2,-0.4  -0.993  71.8-167.8-131.9 134.6   36.6   27.7    8.8
  128  130 A I  E     -ce  29 162A   0     33,-2.7    35,-2.7    -2,-0.4     2,-0.4  -0.994  12.3-140.6-132.9 130.5   33.5   25.7    7.9
  129  131 A N  E     -ce  30 163A   0   -100,-2.8   -98,-2.6    -2,-0.4     2,-0.4  -0.724  15.7-178.8 -90.4 137.2   31.8   23.0   10.0
  130  132 A V  E     + e   0 164A   0     33,-2.5    35,-2.1    -2,-0.4     2,-1.0  -0.849   5.6 174.3-132.4  91.0   30.3   19.8    8.4
  131  133 A S        +     0   0    3   -100,-0.4     2,-0.3    -2,-0.4   154,-0.1  -0.355  57.4  82.8 -91.2  54.9   28.8   17.6   11.1
  132  134 A L        +     0   0   37     -2,-1.0     2,-0.3    33,-0.1    59,-0.2  -0.950  42.7 125.3-152.2 162.9   27.4   15.2    8.5
  133  135 A G        -     0   0   12     -2,-0.3     2,-0.3    57,-0.1    55,-0.1  -0.933  23.7-150.0 162.2 176.8   28.2   12.4    6.2
  134  136 A W  E     -L  189   0D  45     55,-2.1    55,-3.2    -2,-0.3    40,-0.1  -0.946  54.4 -38.8-162.7 175.0   27.4    8.9    5.0
  135  137 A C  E >>  -L  188   0D  12     38,-0.4     4,-2.0    -2,-0.3     3,-0.7  -0.097  48.4-143.2 -46.3 122.3   29.1    5.8    3.5
  136  138 A E  H 3> S+     0   0    4     51,-2.5     4,-2.4     1,-0.2     9,-0.2   0.829  98.0  60.9 -63.4 -26.6   31.8    6.9    1.1
  137  139 A A  H 3> S+     0   0   36     50,-0.3     4,-2.1     2,-0.2    -1,-0.2   0.859 104.6  47.9 -69.2 -31.7   31.0    4.0   -1.3
  138  140 A D  H <> S+     0   0  101     -3,-0.7     4,-1.3     2,-0.2     6,-0.3   0.909 111.9  49.7 -72.0 -42.6   27.4    5.3   -1.7
  139  141 A A  H  <>S+     0   0    0     -4,-2.0     6,-2.3     1,-0.2     5,-0.9   0.878 113.1  48.3 -60.0 -36.5   28.7    8.8   -2.3
  140  142 A N  H ><5S+     0   0   60     -4,-2.4     3,-1.2     4,-0.2    -2,-0.2   0.913 105.6  57.4 -68.7 -40.2   31.2    7.4   -4.9
  141  143 A A  H 3<5S+     0   0   82     -4,-2.1    -1,-0.2     1,-0.3    -2,-0.2   0.763 111.5  40.0 -67.4 -28.3   28.6    5.3   -6.7
  142  144 A D  T 3<5S-     0   0   93     -4,-1.3    -1,-0.3    -3,-0.1    -2,-0.2   0.352 115.5-106.3-106.4   8.4   26.3    8.2   -7.6
  143  145 A G  T <>5S+     0   0   34     -3,-1.2     4,-2.1    -4,-0.3     5,-0.2   0.420  87.9 117.3  92.9  -7.7   28.9   10.7   -8.4
  144  146 A T  H  ><S+     0   0   11     -5,-0.9     4,-2.9    -6,-0.3     5,-0.3   0.908  72.7  54.2 -63.8 -41.5   28.6   12.8   -5.3
  145  147 A L  H  > S+     0   0    7     -6,-2.3     4,-2.7     1,-0.2     5,-0.2   0.949 109.8  46.6 -57.6 -52.4   32.1   12.1   -4.1
  146  148 A Q  H  > S+     0   0  129     -7,-0.3     4,-1.4     1,-0.2    -1,-0.2   0.911 114.4  46.5 -59.1 -43.9   33.7   13.3   -7.3
  147  149 A A  H  X S+     0   0   28     -4,-2.1     4,-1.0     1,-0.2    -1,-0.2   0.935 116.1  43.9 -65.6 -45.2   31.6   16.5   -7.5
  148  150 A E  H  X S+     0   0    0     -4,-2.9     4,-2.5     1,-0.2     3,-0.3   0.859 105.9  60.7 -73.5 -30.3   32.1   17.5   -3.9
  149  151 A D  H  X S+     0   0   33     -4,-2.7     4,-2.6    -5,-0.3    -1,-0.2   0.894 100.0  56.9 -64.0 -34.3   35.8   16.7   -3.9
  150  152 A R  H  X S+     0   0  151     -4,-1.4     4,-1.8    -5,-0.2    -1,-0.2   0.887 108.3  48.0 -58.4 -39.4   36.4   19.3   -6.6
  151  153 A I  H  X S+     0   0   14     -4,-1.0     4,-2.3    -3,-0.3    -2,-0.2   0.934 111.7  47.6 -68.6 -45.3   34.8   21.9   -4.3
  152  154 A F  H  X S+     0   0    0     -4,-2.5     4,-2.7     1,-0.2     5,-0.2   0.872 107.8  56.8 -67.4 -34.1   36.8   20.9   -1.3
  153  155 A A  H  X S+     0   0   40     -4,-2.6     4,-2.2    -5,-0.2    -1,-0.2   0.928 107.9  48.1 -58.7 -43.1   40.0   21.0   -3.4
  154  156 A T  H  X S+     0   0   77     -4,-1.8     4,-1.8     1,-0.2    -2,-0.2   0.933 109.9  53.3 -61.6 -42.7   39.2   24.6   -4.3
  155  157 A A  H  <>S+     0   0    0     -4,-2.3     5,-2.6     1,-0.2     4,-0.5   0.957 109.2  47.3 -56.8 -49.6   38.6   25.4   -0.6
  156  158 A A  H ><5S+     0   0   19     -4,-2.7     3,-1.4     1,-0.2   152,-0.6   0.920 110.2  53.3 -61.7 -40.1   42.0   24.0    0.4
  157  159 A A  H 3<5S+     0   0   75     -4,-2.2    -1,-0.2     1,-0.3    -2,-0.2   0.820 109.0  48.6 -67.3 -28.6   43.7   26.0   -2.3
  158  160 A Q  T 3<5S-     0   0  128     -4,-1.8    -1,-0.3    -3,-0.4    -2,-0.2   0.411 122.8-104.9 -96.1   8.9   42.2   29.2   -1.3
  159  161 A G  T < 5S+     0   0   11     -3,-1.4     2,-0.3    -4,-0.5    -3,-0.2   0.623  71.7 140.8  89.9  13.4   43.1   28.6    2.4
  160  162 A Q      < -     0   0    2     -5,-2.6     2,-0.7    -6,-0.2    -1,-0.3  -0.697  42.9-141.2 -87.1 145.3   39.7   27.6    3.8
  161  163 A T  E     -e  127   0A   0    -35,-2.5   -33,-2.7    -2,-0.3     2,-0.5  -0.924  11.4-166.5-106.8 108.4   39.5   24.8    6.4
  162  164 A F  E     -e  128   0A   1     -2,-0.7    35,-2.8    33,-0.4     2,-0.5  -0.861   8.9-158.4 -85.5 132.3   36.5   22.5    6.1
  163  165 A S  E     -ef 129 197A   0    -35,-2.7   -33,-2.5    -2,-0.5     2,-0.4  -0.958  11.4-170.6-111.1 125.7   36.1   20.4    9.3
  164  166 A V  E     -ef 130 198A   0     33,-3.0    35,-2.8    -2,-0.5   -33,-0.2  -0.973  24.8-119.4-129.2 125.8   34.2   17.2    8.9
  165  167 A S  E     - f   0 199A   5    -35,-2.1    26,-0.3    -2,-0.4    35,-0.2  -0.368  20.2-140.0 -54.0 134.2   32.9   14.7   11.5
  166  168 A S        -     0   0    0     33,-2.6    22,-0.6     1,-0.2     2,-0.1   0.683  53.7 -88.4 -77.7 -16.8   34.5   11.3   11.0
  167  169 A G        -     0   0    7     32,-0.3    65,-2.3    65,-0.2    -1,-0.2  -0.430  15.6-119.4 124.5 159.8   31.2    9.4   11.7
  168  170 A D  S    S+     0   0   20     63,-0.2    62,-1.3    -2,-0.1    63,-0.1   0.173  94.4  75.1-116.5  10.2   29.3    7.8   14.6
  169  171 A E  B >  S-m  230   0E   3      1,-0.4     3,-2.4    60,-0.2    62,-0.2   0.081  85.6-139.1-114.6  16.4   29.2    4.2   13.5
  170  172 A G  T 3  S-     0   0    0     60,-2.7    -1,-0.4     1,-0.3    63,-0.4  -0.312  75.3 -21.3  52.4-140.5   32.8    3.2   14.4
  171  173 A V  T 3  S+     0   0    0    161,-2.0    15,-2.3     1,-0.2     3,-0.3   0.474 128.3  79.6 -71.3  -4.9   34.2    1.0   11.6
  172  174 A Y  B X   +o  186   0F   1     -3,-2.4     6,-2.2     1,-0.2     3,-0.7  -0.189  48.0 131.6-105.9  44.9   30.7    0.0   10.4
  173  175 A E  T 3> S+     0   0    5     13,-0.6     4,-0.7    -3,-0.3   -38,-0.4   0.896  76.1  41.3 -59.9 -41.6   29.7    3.1    8.3
  174  176 A C  T 34 S+     0   0   52     -3,-0.3     2,-1.4     1,-0.2    -1,-0.2   0.524  91.2  90.1 -94.0  -4.3   28.5    1.2    5.2
  175  177 A N  T <> S-     0   0   50     -3,-0.7     4,-2.4     1,-0.2    -1,-0.2  -0.635 127.4 -57.3 -91.6  73.8   26.6   -1.6    7.1
  176  178 A N  T  4 S-     0   0  130     -2,-1.4    -1,-0.2     1,-0.2    -2,-0.2   0.855 103.7 -57.4  57.4  34.4   23.3    0.1    7.3
  177  179 A R  T  < S-     0   0  125     -4,-0.7    -4,-0.2     1,-0.1    -1,-0.2   0.972 123.5 -11.7  58.0  60.1   24.9    3.0    9.2
  178  180 A G  T  4 S+     0   0    0     -6,-2.2    50,-3.0     1,-0.3    -2,-0.2   0.537  81.2 141.8 107.5   8.8   26.5    1.1   12.1
  179  181 A Y     <  -     0   0   72     -4,-2.4    -1,-0.3    -7,-0.3    48,-0.2  -0.651  64.6 -97.6 -76.0 131.3   25.3   -2.5   12.4
  180  182 A P        +     0   0   48      0, 0.0    -1,-0.1     0, 0.0     3,-0.1  -0.203  44.7 176.1 -50.3 137.9   28.1   -4.7   13.5
  181  183 A D    >   -     0   0   63      1,-0.4     3,-2.3     3,-0.2    -2,-0.0  -0.148  34.2-125.2-144.3  37.1   29.7   -6.5   10.5
  182  184 A G  T 3  S-     0   0   23      1,-0.3    -1,-0.4   152,-0.1   152,-0.2  -0.241  83.0  -9.0  59.3-126.0   32.6   -8.4   11.9
  183  185 A S  T 3  S+     0   0   85    154,-0.1     2,-0.7    -3,-0.1    -1,-0.3   0.356 103.0 111.4 -94.0   8.2   35.9   -7.6   10.1
  184  186 A T    <   -     0   0   89     -3,-2.3     2,-0.3   -12,-0.0    -3,-0.2  -0.771  48.6-176.3 -89.0 111.6   34.3   -5.5    7.3
  185  187 A Y        +     0   0   66     -2,-0.7     2,-0.3   -13,-0.1   -13,-0.2  -0.818   9.3 164.7-114.6 149.7   35.3   -1.9    7.9
  186  188 A S  B     -o  172   0F  21    -15,-2.3   -13,-0.6    -2,-0.3    47,-0.4  -0.925  19.6-133.8-156.2 169.4   34.4    1.3    6.0
  187  189 A V        -     0   0    3     -2,-0.3   -51,-2.5   -15,-0.1   -50,-0.3  -0.856  20.3-102.3-135.5 168.4   34.5    5.1    6.4
  188  190 A S  E  >  -L  135   0D   2    -22,-0.6     4,-1.6    -2,-0.3   -53,-0.2  -0.626  34.0-108.8 -90.9 144.5   32.4    8.2    5.9
  189  191 A W  E  4 S+L  134   0D   0    -55,-3.2   -55,-2.1    -2,-0.3   -51,-0.0  -0.920  97.5  22.9-102.3 141.6   32.3   10.9    3.2
  190  192 A P  T >4 S+     0   0    0      0, 0.0     3,-2.0     0, 0.0    -1,-0.2  -0.967 116.3  66.3 -88.8  13.5   33.1   13.7    3.2
  191  193 A A  T 34 S+     0   0    0    -26,-0.3    -2,-0.2     1,-0.3     5,-0.2   0.836  94.9  62.0 -59.0 -31.2   35.5   13.0    6.0
  192  194 A S  T 3< S+     0   0    0     -4,-1.6    -1,-0.3    43,-0.1    44,-0.2   0.581  78.1 110.0 -76.4  -4.8   37.6   10.7    3.7
  193  195 A S    X   -     0   0    0     -3,-2.0     3,-1.0     1,-0.2     5,-0.1  -0.493  66.1-144.8 -63.8 138.5   38.4   13.7    1.4
  194  196 A P  T 3  S+     0   0   17      0, 0.0    -1,-0.2     0, 0.0   116,-0.1   0.560  96.7  68.4 -75.4  -8.6   42.1   14.7    1.7
  195  197 A N  T 3  S+     0   0   32    115,-0.0   -33,-0.4     2,-0.0     2,-0.3   0.259  97.7  55.8 -96.1  10.9   40.9   18.3    1.2
  196  198 A V  S <  S-     0   0    0     -3,-1.0     2,-0.6    -5,-0.2   -33,-0.2  -0.891  86.0-111.2-132.2 161.8   39.2   18.5    4.6
  197  199 A I  E     -f  163   0A   0    -35,-2.8   -33,-3.0    -2,-0.3     2,-0.5  -0.898  32.6-147.6 -92.4 121.2   40.2   18.0    8.2
  198  200 A A  E     -f  164   0A   0     -2,-0.6    61,-2.6   -35,-0.2    62,-1.5  -0.801  11.5-158.2 -91.4 131.5   38.5   14.8    9.5
  199  201 A V  E     -fg 165 260A   0    -35,-2.8   -33,-2.6    -2,-0.5   -32,-0.3  -0.952   8.7-170.8-119.8 117.5   37.7   15.0   13.2
  200  202 A G  E     - g   0 261A   0     60,-2.7    62,-1.9    -2,-0.5     2,-0.4  -0.137  21.5 -95.0 -94.8-166.2   37.1   11.9   15.3
  201  203 A G  E     - g   0 262A   0    147,-0.5    17,-2.2    60,-0.3     2,-0.3  -0.916  26.2-173.9-130.5 141.6   35.8   11.3   18.8
  202  204 A T  E     - H   0 217A   0     60,-2.0    62,-2.9    -2,-0.4    63,-2.3  -0.765  30.9-120.2-120.8 165.1   36.9   10.8   22.3
  203  205 A T  E     - H   0 216A  19     13,-2.8    13,-1.9    -2,-0.3     2,-0.5  -0.955  40.2-147.7 -98.6 121.5   35.5   10.0   25.7
  204  206 A L  E     - H   0 215A   0     -2,-0.6  -200,-0.4    11,-0.2     2,-0.4  -0.834  14.9-169.6-105.9 119.6   36.5   13.0   27.8
  205  207 A Y  E     - H   0 214A  55      9,-3.0     8,-2.3    -2,-0.5     9,-1.5  -0.918   7.7-169.4-105.5 136.5   37.4   12.8   31.5
  206  208 A T  E     -AH   2 212A   2   -204,-2.2  -204,-2.9    -2,-0.4     6,-0.2  -0.845  22.0-111.6-122.5 158.2   37.8   15.9   33.6
  207  209 A T    >   -     0   0   51      4,-2.6     3,-2.5    -2,-0.3     6,-0.1  -0.359  40.7 -96.5 -79.6 166.4   39.1   16.5   37.2
  208  210 A S  T 3  S+     0   0  138      1,-0.3    -1,-0.1     2,-0.1    -2,-0.0   0.811 127.7  54.2 -52.0 -32.2   36.9   17.6   40.1
  209  211 A A  T 3  S-     0   0   95      2,-0.0    -1,-0.3     1,-0.0     0, 0.0   0.451 123.4-103.6 -86.0   2.7   38.1   21.1   39.3
  210  212 A G  S <  S+     0   0   24     -3,-2.5    -2,-0.1     1,-0.3     2,-0.1   0.445  76.3 135.0  97.1   0.4   37.0   21.0   35.6
  211  213 A A        -     0   0   49      1,-0.1    -4,-2.6  -196,-0.0    -1,-0.3  -0.441  66.8 -82.9 -85.4 161.2   40.5   20.5   34.2
  212  214 A Y  E     +H  206   0A  52   -199,-0.3    -6,-0.2    -6,-0.2    -1,-0.1  -0.351  49.5 166.2 -52.5 133.5   41.5   18.0   31.5
  213  215 A S  E     -     0   0A  44     -8,-2.3     2,-0.3     1,-0.3    -7,-0.2   0.732  54.5 -48.0-114.8 -61.2   42.2   14.6   32.9
  214  216 A N  E     -H  205   0A  64     -9,-1.5    -9,-3.0   111,-0.0     2,-0.4  -0.987  40.3-133.6-166.5 166.6   42.3   12.1   30.0
  215  217 A E  E     -H  204   0A  11     -2,-0.3   113,-0.5   -11,-0.2   114,-0.4  -0.998  15.5-176.7-130.6 139.7   40.7   10.9   26.8
  216  218 A T  E     -H  203   0A  23    -13,-1.9   -13,-2.8    -2,-0.4   114,-0.2  -0.675  47.2 -71.1-116.9 174.6   39.9    7.4   25.6
  217  219 A V  E     -H  202   0A   5    112,-2.5     2,-0.8   -15,-0.2   -15,-0.3  -0.432  51.5-111.6 -60.6 143.0   38.4    6.4   22.3
  218  220 A W        +     0   0    3    -17,-2.2    13,-2.4   130,-0.1     2,-0.2  -0.676  59.9 141.5 -71.6 114.0   34.7    7.2   21.9
  219  221 A N  E     +N  230   0E  44     -2,-0.8    11,-0.2    11,-0.2     3,-0.1  -0.749  17.6 169.0-153.0 105.7   32.9    3.9   21.9
  220  222 A E  E     -     0   0E  80      9,-2.9    10,-0.1     1,-0.3    -2,-0.0   0.223  42.2-132.4-102.7  15.0   29.5    3.6   23.7
  221  223 A G  E     -N  229   0E  16      8,-0.5     8,-2.2   112,-0.2    -1,-0.3  -0.347  50.1 -17.3  75.3-154.4   28.6    0.2   22.4
  222  224 A L  E     -N  228   0E  63      6,-0.2     6,-0.2    -3,-0.1     2,-0.1  -0.656  54.4-140.7 -94.8 145.0   25.2   -0.7   20.9
  223  225 A D    >   -     0   0   48      4,-2.2     3,-2.1    -2,-0.3    -1,-0.1  -0.236  46.1 -83.1 -86.7-173.2   21.9    1.1   21.3
  224  226 A S  T 3  S+     0   0  131      1,-0.3    -1,-0.1     2,-0.1    -2,-0.0   0.615 131.4  55.3 -72.6  -9.7   18.6   -0.6   21.7
  225  227 A N  T 3  S-     0   0  122      2,-0.2    -1,-0.3     0, 0.0    -3,-0.0   0.527 120.7-107.9 -91.3  -2.2   18.3   -1.1   17.9
  226  228 A G  S <  S+     0   0   22     -3,-2.1     2,-0.4     1,-0.3    -2,-0.1   0.619  71.9 142.5  87.6  14.6   21.7   -2.9   17.9
  227  229 A K        -     0   0   17    -48,-0.2    -4,-2.2     1,-0.0    -1,-0.3  -0.747  50.2-122.9 -89.6 134.5   23.5    0.0   16.2
  228  230 A L  E     - N   0 222E   0    -50,-3.0     2,-0.6    -2,-0.4    -6,-0.2  -0.558  16.3-158.6 -73.7 138.8   27.1    0.8   17.3
  229  231 A W  E     + N   0 221E  87     -8,-2.2    -9,-2.9    -2,-0.2    -8,-0.5  -0.950  42.9 117.0-117.9 104.8   27.9    4.4   18.5
  230  232 A A  E     -mN 169 219E   0    -62,-1.3   -60,-2.7    -2,-0.6   -11,-0.2  -0.982  67.5 -69.1-163.3 163.3   31.7    5.0   18.2
  231  233 A T        -     0   0    0    -13,-2.4   -63,-0.2    -2,-0.3     2,-0.1  -0.350  46.6-121.8 -66.3 131.7   34.2    7.2   16.4
  232  234 A G        +     0   0    1    -65,-2.3     2,-0.3   -33,-0.2   -31,-0.2  -0.448  49.0 145.8 -65.5 141.2   34.6    6.8   12.7
  233  235 A G        +     0   0    1    -63,-0.4     2,-0.3   -47,-0.4   -47,-0.2  -0.894  13.8  86.8-176.8 145.3   38.1    5.9   11.7
  234  236 A G  E    S-P  257   0G   1     23,-2.7    23,-2.8   113,-0.3     2,-0.3  -0.966  71.3 -64.2 156.4-142.2   40.0    3.9    9.1
  235  237 A Y  E     -P  256   0G  84     -2,-0.3    21,-0.2    21,-0.2     2,-0.1  -0.989  44.5-102.2-140.9 154.4   41.1    4.7    5.6
  236  238 A S  E     -     0   0G   0     19,-2.7    19,-0.1    -2,-0.3   -48,-0.0  -0.470  15.2-149.9 -72.4 145.9   39.3    5.6    2.3
  237  239 A V  E    S+     0   0G  63     -2,-0.1    -1,-0.1   -50,-0.1     3,-0.0   0.640  96.9  31.5 -84.6 -13.8   39.1    2.8   -0.3
  238  240 A Y  E    S+     0   0G  95     17,-0.1     2,-0.3     2,-0.1    -1,-0.1   0.791  98.9  79.5-109.0 -46.4   39.1    5.5   -3.0
  239  241 A E  E    S-     0   0G  31     16,-0.1    16,-2.1   -47,-0.1    -3,-0.2  -0.559  73.6-130.7 -75.4 131.7   41.2    8.5   -2.0
  240  242 A S  E     -P  254   0G  81     -2,-0.3    14,-0.4    14,-0.3    -1,-0.1  -0.277  35.8 -88.9 -68.4 157.0   45.0    8.1   -2.3
  241  243 A K        -     0   0   43     12,-1.1    14,-0.2    13,-0.2    -1,-0.1  -0.597  37.3-131.0 -70.0 123.5   47.2    9.0    0.6
  242  244 A P    >   -     0   0   17      0, 0.0     3,-2.1     0, 0.0     4,-0.3  -0.402  28.7-112.8 -70.2 149.5   48.3   12.7    0.6
  243  245 A S  G >  S+     0   0   96      1,-0.3     3,-2.1     2,-0.2     4,-0.2   0.799 110.1  67.5 -67.5 -24.1   52.0   12.8    1.1
  244  246 A W  G >  S+     0   0   63      1,-0.3     3,-0.9     2,-0.1    -1,-0.3   0.738  93.5  62.8 -64.9 -17.8   52.0   14.5    4.5
  245  247 A Q  G X  S+     0   0    0     -3,-2.1     3,-2.2     1,-0.2    -1,-0.3   0.502  74.3  93.0 -83.2  -2.2   50.4   11.3    5.9
  246  248 A S  G <   +     0   0   76     -3,-2.1    -1,-0.2     1,-0.3    -2,-0.1   0.715  69.4  75.2 -61.4 -20.1   53.5    9.3    4.9
  247  249 A V  G <  S+     0   0   70     -3,-0.9     2,-1.2    -4,-0.2    -1,-0.3   0.678  78.8  75.8 -66.6 -15.9   54.8   10.0    8.5
  248  250 A V  S X  S-     0   0   16     -3,-2.2     3,-0.6    96,-0.0    -1,-0.2  -0.761  84.4-158.8 -91.2  91.3   52.3    7.3    9.7
  249  251 A S  T 3   +     0   0  113     -2,-1.2    -2,-0.1     1,-0.2    -3,-0.0  -0.354  64.1  36.0 -75.0 154.6   54.4    4.3    8.6
  250  252 A G  T 3  S+     0   0   86      1,-0.3    -1,-0.2    -4,-0.1    -4,-0.0   0.686  89.4 115.2  84.3  21.2   52.9    0.9    8.0
  251  253 A T    <   -     0   0   27     -3,-0.6    -1,-0.3     1,-0.1     5,-0.0  -0.785  68.8 -93.4-119.0 158.9   49.5    2.1    6.5
  252  254 A P        -     0   0   44      0, 0.0     2,-1.7     0, 0.0    -1,-0.1  -0.179  42.6 -95.0 -71.9 169.7   48.1    1.7    3.0
  253  255 A G  S    S+     0   0   53      2,-0.1   -12,-1.1   -13,-0.1     2,-0.3  -0.236  93.6 100.9 -75.0  44.0   48.4    4.2    0.2
  254  256 A R  E    S-P  240   0G 100     -2,-1.7     2,-0.5   -14,-0.4   -14,-0.3  -0.854  88.0 -83.4-129.1 160.4   45.0    5.7    1.1
  255  257 A R  E     -     0   0G   4    -16,-2.1   -19,-2.7    -2,-0.3     2,-0.3  -0.546  48.7-150.2 -64.6 117.8   43.7    8.8    2.9
  256  258 A L  E     -P  235   0G   0     -2,-0.5   -21,-0.2   -21,-0.2    91,-0.0  -0.652  23.0-117.1 -90.4 142.8   43.8    7.8    6.6
  257  259 A L  E     +P  234   0G   0    -23,-2.8   -23,-2.7    -2,-0.3    93,-0.2  -0.990  68.8  29.6-148.4 157.8   41.3    9.3    9.0
  258  260 A P        -     0   0    0      0, 0.0   -59,-0.2     0, 0.0    88,-0.1   0.542  51.2-164.2 -80.7 176.2   40.5   11.0   11.2
  259  261 A D  S    S-     0   0    1    -61,-2.6    92,-2.5     1,-0.3     2,-0.3   0.891  74.0  -8.3 -84.3 -45.3   43.3   13.6   11.5
  260  262 A I  E     -g  199   0A   0    -62,-1.5   -60,-2.7    90,-0.3    -1,-0.3  -0.873  68.2-146.3-144.2 170.0   42.5   14.8   15.1
  261  263 A S  E     +g  200   0A   0     91,-2.1   -60,-0.3   -62,-0.3     2,-0.3  -0.984  12.4 179.4-145.9 154.2   39.7   14.1   17.6
  262  264 A F  E     -g  201   0A   0    -62,-1.9   -60,-2.0    -2,-0.3    25,-0.2  -0.833  52.9 -38.9-139.8-178.1   37.8   15.9   20.4
  263  265 A D  E     +g  202   0A   0     -2,-0.3   -60,-0.2   -62,-0.2    27,-0.2  -0.125  61.1 145.5 -48.4 131.9   35.0   15.1   22.8
  264  266 A A        +     0   0    0    -62,-2.9    19,-3.1    22,-0.1   -61,-0.2   0.405  28.1 113.5-141.5 -20.5   32.2   12.9   21.3
  265  267 A A    >   -     0   0    1    -63,-2.3     3,-1.2    17,-0.2   -61,-0.1  -0.421  58.5-143.5 -65.2 135.8   30.9   10.6   24.0
  266  268 A Q  G >  S+     0   0   91      1,-0.3     3,-1.7     2,-0.2    -1,-0.2   0.879 103.6  59.4 -60.6 -40.1   27.3   11.3   24.9
  267  269 A G  G 3  S+     0   0   27      1,-0.3    -1,-0.3  -262,-0.1    -2,-0.1   0.638 120.2  27.1 -65.0 -12.6   28.2   10.4   28.5
  268  270 A T  G <  S+     0   0    1     -3,-1.2    -1,-0.3  -265,-0.1    -2,-0.2   0.024 106.1 126.7-126.3  25.2   30.9   13.2   28.4
  269  271 A G    <   -     0   0    0     -3,-1.7  -263,-2.7     1,-0.2     2,-0.3   0.295  61.4 -75.0 -82.4-165.0   29.1   15.3   25.8
  270  272 A A  E     -iJ   6 281B   0     11,-2.5    11,-2.8  -265,-0.2     2,-0.7  -0.721  30.2-128.0-100.2 143.9   27.9   18.9   25.5
  271  273 A L  E     - J   0 280B  49   -265,-2.5     2,-0.4    -2,-0.3     9,-0.2  -0.862  41.4-179.4 -88.7 109.5   24.9   20.5   27.2
  272  274 A I  E     - J   0 279B   0      7,-3.0     7,-2.4    -2,-0.7     2,-0.5  -0.925  31.1-124.6-121.7 137.1   23.0   22.1   24.3
  273  275 A Y  E     + J   0 278B  32     -2,-0.4     2,-0.4     5,-0.2     5,-0.2  -0.727  34.7 175.0 -79.0 124.2   19.8   24.1   24.1
  274  276 A N  E >  S- J   0 277B  43      3,-2.2     3,-2.2    -2,-0.5  -197,-0.1  -0.979  72.7 -16.7-135.8 114.5   17.4   22.4   21.6
  275  277 A Y  T 3  S-     0   0   89     -2,-0.4    -1,-0.1     1,-0.3     3,-0.1   0.875 130.9 -54.8  51.4  38.4   13.9   23.8   21.1
  276  278 A G  T 3  S+     0   0   41      1,-0.2     2,-0.4  -238,-0.1    -1,-0.3   0.307 118.0 107.9  85.5  -9.2   14.6   25.6   24.4
  277  279 A Q  E <   -J  274   0B 126     -3,-2.2    -3,-2.2    -5,-0.0     2,-0.4  -0.872  69.2-123.4-110.9 137.3   15.5   22.5   26.4
  278  280 A L  E     +J  273   0B  61     -2,-0.4     2,-0.3    -5,-0.2    -5,-0.2  -0.569  36.1 176.4 -79.1 128.5   19.0   21.6   27.6
  279  281 A Q  E     -J  272   0B 102     -7,-2.4    -7,-3.0    -2,-0.4     2,-0.7  -0.982  32.5-123.6-130.5 149.4   20.1   18.2   26.4
  280  282 A Q  E     +J  271   0B  68     -2,-0.3     2,-0.4    -9,-0.2    -9,-0.2  -0.836  42.0 177.2 -97.9 116.2   23.3   16.3   26.8
  281  283 A I  E     +J  270   0B  39    -11,-2.8   -11,-2.5    -2,-0.7     2,-0.2  -0.932  12.6 171.1-126.0 141.6   24.5   15.4   23.3
  282  284 A G        +     0   0   19     -2,-0.4   -17,-0.2   -13,-0.2     2,-0.1  -0.527  19.2 116.3-128.7-156.1   27.5   13.7   21.8
  283  285 A G  S >> S-     0   0    1    -19,-3.1     3,-2.1    -2,-0.2     4,-1.3  -0.332  81.4 -79.5 112.8 160.8   28.7   12.3   18.4
  284  286 A T  H 3> S+     0   0    1      1,-0.3     4,-2.2     2,-0.2    -1,-0.1   0.703 125.5  79.2 -68.1 -10.8   31.6   13.3   16.2
  285  287 A S  H 34 S+     0   0    6      1,-0.2    -1,-0.3     2,-0.2    -2,-0.1   0.672  97.2  42.8 -61.0 -22.4   29.0   16.0   15.3
  286  288 A L  H <> S+     0   0    0     -3,-2.1     4,-1.9     2,-0.1    -2,-0.2   0.797 109.1  56.6 -84.5 -46.0   30.3   17.6   18.6
  287  289 A A  H  X S+     0   0    0     -4,-1.3     4,-2.1   -25,-0.2    -2,-0.2   0.909 103.6  53.2 -57.6 -45.1   34.0   16.9   18.0
  288  290 A S  H  X S+     0   0    0     -4,-2.2     4,-2.9   -89,-0.2    -1,-0.2   0.943 108.6  47.6 -59.6 -53.0   34.1   18.8   14.7
  289  291 A P  H  > S+     0   0    0      0, 0.0     4,-2.6     0, 0.0    -1,-0.2   0.837 108.0  56.9 -61.7 -29.6   32.6   22.1   16.0
  290  292 A I  H  X S+     0   0    0     -4,-1.9     4,-2.4     2,-0.2     5,-0.3   0.960 110.2  44.5 -60.5 -49.6   34.9   22.0   19.0
  291  293 A F  H  X S+     0   0    0     -4,-2.1     4,-3.2     1,-0.2     5,-0.3   0.937 111.6  53.9 -56.9 -45.9   37.8   21.9   16.5
  292  294 A V  H  X S+     0   0    0     -4,-2.9     4,-2.3     1,-0.2    -1,-0.2   0.932 110.9  44.2 -57.4 -47.1   36.2   24.6   14.4
  293  295 A G  H  X S+     0   0    0     -4,-2.6     4,-1.3     2,-0.2    -1,-0.2   0.923 117.1  45.8 -65.7 -41.5   35.8   27.1   17.3
  294  296 A L  H  X S+     0   0    0     -4,-2.4     4,-1.6    -5,-0.2     3,-0.2   0.918 113.8  48.0 -66.1 -42.9   39.4   26.4   18.6
  295  297 A W  H  X S+     0   0    1     -4,-3.2     4,-2.4    -5,-0.3    -1,-0.2   0.876 106.2  58.0 -66.2 -36.6   40.9   26.6   15.1
  296  298 A A  H  X S+     0   0    0     -4,-2.3     4,-2.4    -5,-0.3    -1,-0.2   0.868 102.7  55.5 -64.7 -30.8   39.1   29.9   14.5
  297  299 A R  H  X S+     0   0   10     -4,-1.3     4,-2.0    -3,-0.2    -1,-0.2   0.927 107.7  47.9 -61.1 -45.4   40.8   31.3   17.6
  298  300 A L  H  X S+     0   0    1     -4,-1.6     4,-0.6     2,-0.2    -2,-0.2   0.884 109.5  53.3 -66.3 -34.6   44.2   30.4   16.1
  299  301 A Q  H ><>S+     0   0    0     -4,-2.4     5,-3.3     1,-0.2     3,-1.3   0.945 109.5  48.3 -61.6 -45.8   43.1   32.1   12.8
  300  302 A S  H ><5S+     0   0   16     -4,-2.4     3,-0.9     1,-0.3    -2,-0.2   0.860 108.6  54.3 -63.9 -32.2   42.2   35.2   14.8
  301  303 A A  H 3<5S+     0   0   18     -4,-2.0    -1,-0.3     1,-0.2    -2,-0.2   0.629 115.5  41.2 -70.2 -14.1   45.7   35.0   16.5
  302  304 A N  T X<5S-     0   0   25     -3,-1.3     3,-2.0    -4,-0.6    -1,-0.2  -0.050 117.2-101.8-128.6  31.3   47.3   34.9   13.1
  303  305 A S  T < 5S-     0   0  112     -3,-0.9    -3,-0.2     1,-0.3    -4,-0.1   0.803  70.1 -72.8  55.8  33.3   45.4   37.5   11.0
  304  306 A N  T 3 <S+     0   0   50     -5,-3.3    -1,-0.3    -6,-0.1    -4,-0.1   0.760 105.8 125.7  52.6  28.6   43.4   34.7    9.3
  305  307 A S    <   +     0   0   83     -3,-2.0     2,-0.4    -6,-0.4    -2,-0.1   0.457  28.6 112.0-100.0   1.7   46.6   33.9    7.4
  306  308 A L        -     0   0    7     -7,-0.1    -4,-0.0     1,-0.1    -7,-0.0  -0.644  57.1-148.5 -77.7 128.1   46.8   30.1    8.3
  307  309 A G        -     0   0   29     -2,-0.4  -150,-0.1    61,-0.3  -151,-0.1  -0.028  49.3 -44.3 -83.6-169.7   46.3   28.0    5.2
  308  310 A F        -     0   0   39   -152,-0.6     3,-0.3     1,-0.1     4,-0.3  -0.411  63.6-154.1 -57.6 120.8   44.7   24.5    5.0
  309  311 A P     >  +     0   0    0      0, 0.0     4,-2.8     0, 0.0     5,-0.2   0.363  60.5 103.0 -92.7   6.7   46.5   22.9    7.9
  310  312 A A  H  > S+     0   0    1      1,-0.2     4,-2.2     2,-0.2     5,-0.2   0.929  86.6  44.0 -58.5 -50.3   46.6   19.2    7.2
  311  313 A A  H  > S+     0   0   46     -3,-0.3     4,-2.4     1,-0.2     5,-0.2   0.910 115.7  50.0 -61.5 -41.8   50.3   18.9    6.1
  312  314 A S  H  > S+     0   0   30     -4,-0.3     4,-2.7     1,-0.2     5,-0.3   0.880 108.1  52.6 -63.9 -41.1   51.4   21.2    9.0
  313  315 A F  H  X S+     0   0    0     -4,-2.8     4,-2.6     1,-0.2     5,-0.4   0.940 111.3  46.6 -58.3 -46.9   49.5   19.2   11.6
  314  316 A Y  H  X S+     0   0    0     -4,-2.2     4,-1.7    -5,-0.2     5,-0.2   0.928 117.5  41.6 -67.2 -41.2   51.2   15.9   10.4
  315  317 A S  H  X S+     0   0   76     -4,-2.4     4,-1.4    -5,-0.2    -2,-0.2   0.934 119.6  43.9 -72.0 -41.8   54.7   17.4   10.4
  316  318 A A  H  X S+     0   0    1     -4,-2.7     4,-1.3    -5,-0.2    -2,-0.2   0.951 118.1  41.5 -67.1 -48.0   54.3   19.4   13.6
  317  319 A I  H  < S+     0   0    3     -4,-2.6     3,-0.3    -5,-0.3    -1,-0.2   0.908 111.2  54.2 -72.6 -40.3   52.6   16.7   15.7
  318  320 A S  H  < S+     0   0   53     -4,-1.7    -1,-0.2    -5,-0.4    -2,-0.2   0.875 120.4  35.1 -59.4 -34.9   54.7   13.8   14.5
  319  321 A S  H  < S+     0   0   79     -4,-1.4    -1,-0.2     1,-0.2    -2,-0.2   0.602 125.8  40.9 -91.6 -11.5   57.8   15.8   15.5
  320  322 A T    ><  +     0   0   34     -4,-1.3     3,-2.3    -3,-0.3    -1,-0.2  -0.652  58.9 175.6-141.0  72.1   56.3   17.5   18.6
  321  323 A P  G >  S+     0   0   95      0, 0.0     3,-1.8     0, 0.0     5,-0.1   0.733  73.7  75.4 -57.5 -19.9   54.1   15.1   20.6
  322  324 A S  G 3  S+     0   0   88      1,-0.3    36,-0.1     3,-0.1    37,-0.1   0.663  80.6  72.7 -68.2 -10.9   53.5   17.8   23.3
  323  325 A L  G <  S+     0   0    1     -3,-2.3    32,-2.7    -6,-0.2     2,-0.3   0.611 101.3  44.1 -77.6 -10.4   51.1   19.5   20.9
  324  326 A V  E <  S-Q  354   0H  18     -3,-1.8     2,-0.7    30,-0.2    30,-0.2  -0.881  75.3-123.1-130.1 161.0   48.4   16.8   21.4
  325  327 A H  E     -Q  353   0H  38     28,-2.5    28,-1.4    -2,-0.3     2,-0.6  -0.944  40.3-143.0 -92.1 108.4   46.7   14.7   24.0
  326  328 A D        -     0   0   58     -2,-0.7     2,-0.4    26,-0.2    26,-0.2  -0.616   6.0-144.0 -78.5 115.3   47.6   11.2   22.6
  327  329 A V        +     0   0    1     -2,-0.6    15,-0.7     1,-0.1  -111,-0.1  -0.677  28.9 165.5 -76.5 131.8   44.6    8.9   23.0
  328  330 A K        +     0   0  122   -113,-0.5     2,-0.4    -2,-0.4    -1,-0.1   0.554  46.5  72.4-125.8 -13.5   46.0    5.4   23.8
  329  331 A S  S    S+     0   0   77   -114,-0.4  -112,-2.5    13,-0.1     2,-0.2  -0.945  76.2  24.6-119.6 130.2   43.0    3.3   25.1
  330  332 A G        -     0   0   34     -2,-0.4    11,-2.9    11,-0.2     2,-0.3  -0.514  58.9-112.2 122.8-176.7   40.0    1.8   23.4
  331  333 A N  B     -R  340   0I  63      9,-0.3     9,-0.2    -2,-0.2  -100,-0.2  -0.961  11.5-133.0-147.9 160.7   38.7    0.7   20.0
  332  334 A N  S    S+     0   0    0      7,-1.9  -161,-2.0    -2,-0.3     6,-0.1  -0.039  81.8  59.9-114.1  36.1   36.2    1.8   17.4
  333  335 A G  S    S-     0   0    1      4,-0.4     2,-0.3     6,-0.2     5,-0.2  -0.252  75.4-112.2-129.8-141.6   34.5   -1.6   16.7
  334  336 A Y  S >  S+     0   0  105   -152,-0.2     3,-1.9    -2,-0.1  -153,-0.1  -0.978  80.1  20.6-159.4 147.6   32.5   -4.2   18.6
  335  337 A G  T 3  S-     0   0   60     -2,-0.3     3,-0.1     1,-0.3    -1,-0.0   0.774 133.3 -48.4  62.9  31.5   32.9   -7.8   19.7
  336  338 A G  T 3  S+     0   0   83      1,-0.4    -1,-0.3  -154,-0.0     2,-0.2   0.248 117.5 108.6  89.3 -10.0   36.7   -7.7   19.4
  337  339 A Y    <   +     0   0  110     -3,-1.9    -1,-0.4    -6,-0.0    -4,-0.4  -0.491  45.9  56.9 -92.6 170.5   36.7   -6.2   15.9
  338  340 A G  S    S-     0   0   20     -5,-0.2     2,-0.2    -2,-0.2    -5,-0.1  -0.400  87.7 -53.2 104.6 177.1   37.7   -2.7   14.9
  339  341 A Y        -     0   0   30   -106,-0.1    -7,-1.9    -2,-0.1     2,-0.4  -0.634  48.1-135.0 -92.0 152.7   40.8   -0.7   15.2
  340  342 A N  B     -R  331   0I 116     -2,-0.2     7,-0.4    -9,-0.2    -9,-0.3  -0.822  13.8-122.7-105.8 141.8   42.7   -0.0   18.5
  341  343 A A        +     0   0    8    -11,-2.9     2,-0.3    -2,-0.4   -11,-0.2  -0.365  44.2 151.6 -68.7 158.3   44.1    3.2   19.8
  342  344 A G        -     0   0   19    -15,-0.7   -13,-0.1     2,-0.4     2,-0.1  -0.951  48.4 -32.8-167.4-168.6   47.8    3.2   20.6
  343  345 A T  S    S-     0   0  107     -2,-0.3   -15,-0.1   -15,-0.1     2,-0.1  -0.412 108.5 -13.9 -63.3 133.7   50.9    5.5   20.8
  344  346 A G  S    S+     0   0   23      7,-0.1    -2,-0.4    -2,-0.1   -17,-0.1  -0.329 122.3   7.3  73.1-153.9   50.8    8.2   18.3
  345  347 A W  S    S+     0   0   24     -4,-0.1     2,-0.3     6,-0.1     6,-0.2  -0.407  71.7 170.9 -64.5 138.4   48.5    8.3   15.3
  346  348 A D  B  >  -S  350   0J  10      4,-1.4     4,-2.6   -88,-0.1     6,-0.2  -0.927  43.2-109.9-143.2 164.8   45.8    5.6   15.3
  347  349 A Y  T  4 S+     0   0   40     -7,-0.4  -113,-0.3    -2,-0.3    -6,-0.1   0.851 110.8  51.5 -69.9 -34.4   42.7    4.8   13.3
  348  350 A P  T  4 S+     0   0    0      0, 0.0  -147,-0.5     0, 0.0    -1,-0.2   0.893 132.3   6.5 -67.3 -35.9   40.1    5.6   15.9
  349  351 A T  T >4 S-     0   0    0      1,-0.3     3,-2.0  -149,-0.1  -149,-0.2   0.430  81.7-147.0-131.6   0.0   41.4    9.1   16.9
  350  352 A G  B 3< S-S  346   0J   0     -4,-2.6    -4,-1.4     1,-0.3    -1,-0.3  -0.460  80.6 -15.7  61.3-132.9   44.2   10.2   14.5
  351  353 A W  T 3  S-     0   0   20    -92,-2.5    -1,-0.3     1,-0.3     2,-0.2   0.512 100.2-124.3 -80.0  -5.5   46.6   12.3   16.5
  352  354 A G    <   -     0   0    0     -3,-2.0   -91,-2.1   -26,-0.2    -1,-0.3  -0.620  53.4 -23.0  92.8-159.7   44.2   12.9   19.4
  353  355 A S  E     -Q  325   0H   0    -28,-1.4   -28,-2.5    -2,-0.2     2,-0.3  -0.589  65.2-112.6 -94.2 155.6   43.1   16.3   20.6
  354  356 A L  E     -Q  324   0H   1    -30,-0.2     2,-0.9    -2,-0.2   -30,-0.2  -0.648   8.9-142.8 -86.9 137.0   45.0   19.5   20.2
  355  357 A D     >  -     0   0   28    -32,-2.7     4,-2.5    -2,-0.3     5,-0.2  -0.874  24.5-160.9 -89.0 103.0   46.6   21.4   23.2
  356  358 A I  H  > S+     0   0    1   -341,-2.4     4,-3.0    -2,-0.9  -339,-0.2   0.891  80.6  49.1 -68.7 -42.4   45.7   24.9   21.8
  357  359 A A  H  > S+     0   0   28   -341,-1.8     4,-2.3  -342,-0.3    -1,-0.2   0.902 114.4  48.3 -63.0 -36.1   48.1   27.1   23.8
  358  360 A K  H  > S+     0   0  104      2,-0.2     4,-2.2     1,-0.2    -2,-0.2   0.925 113.0  46.9 -70.2 -39.9   51.0   24.8   22.9
  359  361 A L  H  X S+     0   0    1     -4,-2.5     4,-2.5   -36,-0.2    -2,-0.2   0.920 110.4  53.7 -64.5 -39.8   50.0   24.7   19.2
  360  362 A S  H  X S+     0   0   27     -4,-3.0     4,-2.6    -5,-0.2    -2,-0.2   0.933 109.4  47.7 -60.3 -43.4   49.7   28.5   19.3
  361  363 A A  H  X S+     0   0   39     -4,-2.3     4,-2.2     1,-0.2     5,-0.2   0.901 110.4  52.4 -62.0 -40.9   53.2   28.9   20.7
  362  364 A Y  H  X S+     0   0   50     -4,-2.2     4,-3.1     2,-0.2     5,-0.4   0.914 110.3  48.3 -60.7 -43.9   54.5   26.4   18.0
  363  365 A I  H  X S+     0   0    4     -4,-2.5     4,-2.6     1,-0.2    -2,-0.2   0.905 108.9  53.8 -67.0 -39.5   52.8   28.5   15.3
  364  366 A R  H  < S+     0   0  149     -4,-2.6    -1,-0.2     1,-0.2    -2,-0.2   0.912 118.4  35.4 -57.4 -43.1   54.3   31.7   16.7
  365  367 A S  H  < S+     0   0   97     -4,-2.2    -2,-0.2    -5,-0.2    -1,-0.2   0.904 136.4  17.9 -79.6 -39.7   57.8   30.2   16.6
  366  368 A N  H  < S-     0   0  106     -4,-3.1    -3,-0.2    -5,-0.2    -2,-0.2   0.618  93.6-133.3-113.0 -15.2   57.6   28.1   13.4
  367  369 A G     <        0   0   35     -4,-2.6    -1,-0.2    -5,-0.4    -2,-0.1  -0.150 360.0 360.0  75.4 178.8   54.6   29.4   11.5
  368  370 A F              0   0   61     -4,-0.1   -61,-0.3    -5,-0.0    -5,-0.0  -0.970 360.0 360.0-147.1 360.0   52.0   27.0   10.0
