==== Secondary Structure Definition by the program DSSP, CMBI version by M.L. Hekkelman/2010-10-21 ==== DATE=2014-07-07        .
REFERENCE W. KABSCH AND C.SANDER, BIOPOLYMERS 22 (1983) 2577-2637                                                              .
                                                                                                                               .
  363  1  0  0  0 TOTAL NUMBER OF RESIDUES, NUMBER OF CHAINS, NUMBER OF SS-BRIDGES(TOTAL,INTRACHAIN,INTERCHAIN)                .
 14201.8   ACCESSIBLE SURFACE OF PROTEIN (ANGSTROM**2)                                                                         .
  245 67.5   TOTAL NUMBER OF HYDROGEN BONDS OF TYPE O(I)-->H-N(J)  , SAME NUMBER PER 100 RESIDUES                              .
   34  9.4   TOTAL NUMBER OF HYDROGEN BONDS IN     PARALLEL BRIDGES, SAME NUMBER PER 100 RESIDUES                              .
    6  1.7   TOTAL NUMBER OF HYDROGEN BONDS IN ANTIPARALLEL BRIDGES, SAME NUMBER PER 100 RESIDUES                              .
    0  0.0   TOTAL NUMBER OF HYDROGEN BONDS OF TYPE O(I)-->H-N(I-5), SAME NUMBER PER 100 RESIDUES                              .
    0  0.0   TOTAL NUMBER OF HYDROGEN BONDS OF TYPE O(I)-->H-N(I-4), SAME NUMBER PER 100 RESIDUES                              .
    0  0.0   TOTAL NUMBER OF HYDROGEN BONDS OF TYPE O(I)-->H-N(I-3), SAME NUMBER PER 100 RESIDUES                              .
    0  0.0   TOTAL NUMBER OF HYDROGEN BONDS OF TYPE O(I)-->H-N(I-2), SAME NUMBER PER 100 RESIDUES                              .
    0  0.0   TOTAL NUMBER OF HYDROGEN BONDS OF TYPE O(I)-->H-N(I-1), SAME NUMBER PER 100 RESIDUES                              .
    0  0.0   TOTAL NUMBER OF HYDROGEN BONDS OF TYPE O(I)-->H-N(I+0), SAME NUMBER PER 100 RESIDUES                              .
    0  0.0   TOTAL NUMBER OF HYDROGEN BONDS OF TYPE O(I)-->H-N(I+1), SAME NUMBER PER 100 RESIDUES                              .
   25  6.9   TOTAL NUMBER OF HYDROGEN BONDS OF TYPE O(I)-->H-N(I+2), SAME NUMBER PER 100 RESIDUES                              .
   54 14.9   TOTAL NUMBER OF HYDROGEN BONDS OF TYPE O(I)-->H-N(I+3), SAME NUMBER PER 100 RESIDUES                              .
  100 27.5   TOTAL NUMBER OF HYDROGEN BONDS OF TYPE O(I)-->H-N(I+4), SAME NUMBER PER 100 RESIDUES                              .
    7  1.9   TOTAL NUMBER OF HYDROGEN BONDS OF TYPE O(I)-->H-N(I+5), SAME NUMBER PER 100 RESIDUES                              .
  1  2  3  4  5  6  7  8  9 10 11 12 13 14 15 16 17 18 19 20 21 22 23 24 25 26 27 28 29 30     *** HISTOGRAMS OF ***           .
  0  0  0  2  0  1  0  0  1  2  0  0  0  2  0  1  1  1  0  0  0  0  0  0  0  0  0  0  0  0    RESIDUES PER ALPHA HELIX         .
  0  1  1  3  2  0  0  0  0  0  0  0  0  0  0  0  0  0  0  0  0  0  0  0  0  0  0  0  0  0    PARALLEL BRIDGES PER LADDER      .
  3  0  0  0  0  0  0  0  0  0  0  0  0  0  0  0  0  0  0  0  0  0  0  0  0  0  0  0  0  0    ANTIPARALLEL BRIDGES PER LADDER  .
  1  0  0  0  0  0  1  0  0  0  0  0  0  0  0  0  0  0  0  0  0  0  0  0  0  0  0  0  0  0    LADDERS PER SHEET                .
  #  RESIDUE AA STRUCTURE BP1 BP2  ACC     N-H-->O    O-->H-N    N-H-->O    O-->H-N    TCO  KAPPA ALPHA  PHI   PSI    X-CA   Y-CA   Z-CA 
    1   85 A T              0   0  104      0, 0.0     2,-1.8     0, 0.0   126,-0.3   0.000 360.0 360.0 360.0 128.2   -0.1   42.1   52.6
    2   86 A A        +     0   0   24    124,-2.2   128,-0.2   126,-0.0     2,-0.1  -0.544 360.0 171.6 -82.5  77.2    3.1   44.1   52.9
    3   87 A T        -     0   0   88     -2,-1.8     2,-0.3   126,-0.1   170,-0.1  -0.339   7.4-174.7 -83.4 167.6    2.3   46.9   50.3
    4   88 A Y        -     0   0   20    168,-0.4     2,-0.4   170,-0.1   170,-0.1  -0.982  22.6-140.0-157.8 166.4    4.3   50.0   49.7
    5   89 A S  S    S-     0   0  114     -2,-0.3     2,-0.2     2,-0.2    -2,-0.0  -0.999  71.8 -18.0-133.7 129.1    4.6   53.3   47.9
    6   90 A G  S    S+     0   0   35     -2,-0.4   299,-0.0     2,-0.0    -2,-0.0  -0.509 121.8  27.1  78.9-145.7    7.8   54.6   46.4
    7   91 A N    >   -     0   0   31     -2,-0.2     3,-2.0     1,-0.2    -2,-0.2  -0.332  64.7-155.9 -57.2 108.9   11.2   53.2   47.5
    8   92 A P  T 3  S+     0   0    0      0, 0.0    -1,-0.2     0, 0.0    -2,-0.0   0.610  90.2  64.3 -63.8 -10.7   10.5   49.6   48.7
    9   93 A F  T >  S+     0   0   11    296,-0.1     3,-0.6     2,-0.1     2,-0.4   0.562  86.2  87.3 -88.5  -9.0   13.6   49.7   50.9
   10   94 A V  T <  S+     0   0   87     -3,-2.0     3,-0.1     1,-0.2   296,-0.0  -0.724  89.5  23.4 -91.2 138.3   12.1   52.5   53.1
   11   95 A G  T 3  S+     0   0   54     -2,-0.4     2,-0.3     1,-0.3    -1,-0.2   0.527 115.3  67.9  88.7   3.6    9.9   51.4   56.0
   12   96 A V  S <  S-     0   0   21     -3,-0.6    -1,-0.3    67,-0.0    66,-0.2  -0.926  72.5-126.2-146.5 170.7   11.4   48.0   56.3
   13   97 A T  E     -a   78   0A  73     64,-1.7    66,-2.0    -2,-0.3    -3,-0.1  -0.987  30.3-115.7-127.1 123.0   14.7   46.3   57.3
   14   98 A P  E     -a   79   0A  24      0, 0.0     2,-0.3     0, 0.0    66,-0.2  -0.324  33.5-121.5 -58.0 131.7   16.5   43.8   55.0
   15   99 A W        -     0   0   39     64,-2.5     2,-0.8    32,-0.1    33,-0.3  -0.553  11.2-141.3 -77.5 135.3   16.6   40.3   56.5
   16  100 A A        -     0   0   36     -2,-0.3    33,-0.1    31,-0.2    -1,-0.0  -0.895  32.3-132.8 -96.5 110.1   20.0   38.8   57.1
   17  101 A N     >  -     0   0   10     -2,-0.8     4,-1.7    31,-0.5     5,-0.1  -0.231   8.1-128.8 -70.3 152.5   19.4   35.2   56.2
   18  102 A A  H  > S+     0   0   55      1,-0.2     4,-2.3     2,-0.2     5,-0.2   0.753 102.4  67.9 -67.9 -28.0   20.4   32.1   58.2
   19  103 A Y  H  > S+     0   0   90      2,-0.2     4,-1.6     1,-0.2    -1,-0.2   0.981 107.4  35.4 -57.3 -60.5   22.0   30.5   55.1
   20  104 A Y  H  > S+     0   0    7      1,-0.2     4,-2.3     2,-0.2     5,-0.2   0.923 115.9  55.9 -60.2 -45.7   24.9   33.1   54.8
   21  105 A A  H  X S+     0   0   29     -4,-1.7     4,-2.6     1,-0.2     5,-0.2   0.868 105.6  52.9 -56.0 -37.9   25.2   33.4   58.6
   22  106 A S  H  X>S+     0   0   61     -4,-2.3     4,-2.9     2,-0.2     5,-0.5   0.905 107.4  51.6 -64.1 -42.6   25.7   29.7   58.8
   23  107 A E  H  X>S+     0   0   42     -4,-1.6     4,-2.4     2,-0.2     5,-1.2   0.952 114.7  41.3 -59.3 -51.7   28.5   29.8   56.2
   24  108 A V  H  X>S+     0   0    0     -4,-2.3     5,-3.2     3,-0.2     4,-1.1   0.959 120.7  42.4 -61.0 -53.6   30.4   32.6   58.1
   25  109 A S  H  <5S+     0   0   71     -4,-2.6    -2,-0.2    -5,-0.2    -1,-0.2   0.811 128.1  27.4 -66.1 -34.3   29.8   31.1   61.6
   26  110 A S  H  <5S+     0   0   86     -4,-2.9    -3,-0.2    -5,-0.2    -2,-0.2   0.738 132.4  30.5-102.7 -25.5   30.5   27.5   60.7
   27  111 A L  H  <<S+     0   0   62     -4,-2.4    -3,-0.2    -5,-0.5    -2,-0.1   0.750 131.2  25.8-103.4 -29.1   32.9   27.7   57.8
   28  112 A A  T ><<S+     0   0    2     -5,-1.2     3,-1.6    -4,-1.1     4,-0.4   0.886 112.7  54.5-101.8 -52.1   34.7   30.9   58.4
   29  113 A I  G > <S+     0   0   41     -5,-3.2     3,-1.8     1,-0.3    -4,-0.1   0.850  99.1  61.7 -55.7 -41.0   34.8   31.8   62.2
   30  114 A P  G 3  S+     0   0   99      0, 0.0    -1,-0.3     0, 0.0    -2,-0.1   0.697 105.5  51.4 -61.5 -14.8   36.3   28.4   63.4
   31  115 A S  G <  S+     0   0   71     -3,-1.6    -2,-0.2     6,-0.0     2,-0.2   0.558 105.4  70.0 -95.6 -10.6   39.3   29.3   61.3
   32  116 A L    <   -     0   0   34     -3,-1.8     2,-0.3    -4,-0.4     3,-0.0  -0.582  57.2-171.5-107.9 168.2   39.7   32.8   62.8
   33  117 A T    >>  -     0   0  119     -2,-0.2     4,-1.2     0, 0.0     3,-0.8  -0.949  48.5  -2.7-149.6 166.5   40.8   34.3   66.1
   34  118 A G  H 3> S-     0   0   44     -2,-0.3     4,-1.8     1,-0.2     5,-0.2  -0.140 124.1  -3.9  52.6-136.9   40.9   37.6   68.0
   35  119 A A  H 3> S+     0   0   61      1,-0.2     4,-2.5     2,-0.2    -1,-0.2   0.873 135.9  52.9 -55.6 -44.0   39.8   40.7   66.1
   36  120 A M  H <> S+     0   0   44     -3,-0.8     4,-2.5     1,-0.2    -1,-0.2   0.918 107.7  50.4 -61.3 -44.4   39.3   38.9   62.9
   37  121 A A  H  X S+     0   0   18     -4,-1.2     4,-1.2     1,-0.2    -1,-0.2   0.885 114.6  44.8 -61.9 -38.2   37.0   36.3   64.5
   38  122 A T  H  X S+     0   0   98     -4,-1.8     4,-0.9     2,-0.2    -1,-0.2   0.846 111.9  51.2 -74.8 -34.2   35.0   39.1   66.1
   39  123 A A  H  X S+     0   0    3     -4,-2.5     4,-1.3     1,-0.2     3,-0.4   0.879 107.0  55.3 -69.5 -37.6   34.8   41.2   62.9
   40  124 A A  H  X S+     0   0    0     -4,-2.5     4,-1.3     1,-0.2    -1,-0.2   0.868  99.5  59.7 -63.2 -37.8   33.6   38.1   61.0
   41  125 A A  H  < S+     0   0   31     -4,-1.2    -1,-0.2     1,-0.2     4,-0.2   0.861 104.2  52.6 -59.7 -33.4   30.7   37.6   63.4
   42  126 A A  H >< S+     0   0   42     -4,-0.9     3,-1.9    -3,-0.4     4,-0.3   0.869  99.1  62.0 -70.2 -37.7   29.5   41.1   62.4
   43  127 A V  H >< S+     0   0    0     -4,-1.3     3,-1.7     1,-0.3    -1,-0.2   0.863  94.8  62.3 -57.2 -37.4   29.6   40.4   58.6
   44  128 A A  T 3< S+     0   0   11     -4,-1.3    -1,-0.3     1,-0.3   -23,-0.2   0.650  97.8  58.9 -64.8 -13.9   26.9   37.8   59.1
   45  129 A K  T <  S+     0   0  147     -3,-1.9    -1,-0.3    -4,-0.2    -2,-0.2   0.517  81.2  96.5 -93.0  -7.2   24.6   40.5   60.3
   46  130 A V  S <  S-     0   0    5     -3,-1.7     2,-0.2    -4,-0.3   -31,-0.1  -0.737  84.2-117.6 -83.8 124.1   24.8   42.5   57.2
   47  131 A P        +     0   0   24      0, 0.0   262,-0.3     0, 0.0     2,-0.3  -0.435  40.5 172.0 -67.4 132.9   21.8   41.6   55.0
   48  132 A S        -     0   0    3    -33,-0.3   -31,-0.5    -2,-0.2   262,-0.2  -0.936  36.5 -89.4-136.1 158.1   22.6   40.0   51.6
   49  133 A F        -     0   0    1    260,-2.0     2,-0.5    -2,-0.3    33,-0.2  -0.430  30.5-134.1 -73.1 141.5   20.5   38.4   48.9
   50  134 A M  E     -b   82   0B   6     31,-2.6    33,-2.4    -2,-0.1     2,-0.5  -0.840  23.1-135.1 -93.9 124.6   19.7   34.7   48.9
   51  135 A W  E     -b   83   0B  42     -2,-0.5     2,-1.0    31,-0.2     3,-0.2  -0.699  11.9-160.1 -88.6 126.9   20.2   33.1   45.5
   52  136 A L  E     +b   84   0B   0     31,-2.6    33,-1.0    -2,-0.5    -1,-0.1  -0.556  35.0 152.2 -98.0  63.7   17.6   30.7   44.1
   53  137 A D        +     0   0   55     -2,-1.0    47,-0.4    31,-0.1     2,-0.3   0.520  61.7  28.0 -76.0  -8.3   20.0   29.3   41.7
   54  138 A T  S >  S-     0   0   18     -3,-0.2     3,-0.9     1,-0.1     4,-0.3  -0.948  80.4-114.4-145.2 165.8   18.3   25.9   41.5
   55  139 A L  G >  S+     0   0   45     -2,-0.3     3,-1.7     1,-0.2    -1,-0.1   0.868 115.2  63.5 -69.5 -35.2   14.9   24.4   42.0
   56  140 A D  G 3  S+     0   0  132      1,-0.3     4,-0.3     2,-0.1    -1,-0.2   0.663  94.8  63.6 -62.3 -15.4   16.1   22.6   45.0
   57  141 A K  G X> S+     0   0   46     -3,-0.9     3,-1.0     1,-0.2     4,-0.9   0.670  79.6  83.0 -82.8 -18.5   16.7   26.0   46.6
   58  142 A T  H X> S+     0   0   15     -3,-1.7     4,-1.7    -4,-0.3     3,-0.6   0.840  82.5  58.6 -57.6 -36.7   13.1   27.0   46.6
   59  143 A P  H 3> S+     0   0   64      0, 0.0     4,-2.3     0, 0.0    -1,-0.3   0.860 102.2  58.1 -61.9 -28.8   12.2   25.3   49.8
   60  144 A L  H <> S+     0   0   34     -3,-1.0     4,-2.4    -4,-0.3    -2,-0.2   0.814 100.3  56.4 -66.8 -33.0   14.9   27.5   51.4
   61  145 A M  H <X S+     0   0    0     -4,-0.9     4,-2.7    -3,-0.6    -1,-0.2   0.940 108.9  45.4 -65.5 -45.4   13.0   30.6   50.2
   62  146 A E  H  X S+     0   0   91     -4,-1.7     4,-3.0     2,-0.2    -2,-0.2   0.926 112.1  51.7 -63.4 -43.7    9.9   29.5   52.1
   63  147 A Q  H  X S+     0   0  123     -4,-2.3     4,-2.4     2,-0.2    -1,-0.2   0.922 111.0  48.2 -57.3 -45.8   11.9   28.6   55.2
   64  148 A T  H  X S+     0   0   11     -4,-2.4     4,-2.3     1,-0.2    -1,-0.2   0.928 113.5  46.8 -60.5 -46.7   13.5   32.0   55.1
   65  149 A L  H  X S+     0   0    0     -4,-2.7     4,-2.3     1,-0.2    -2,-0.2   0.864 109.5  54.5 -64.1 -35.6   10.1   33.7   54.6
   66  150 A A  H  X S+     0   0   33     -4,-3.0     4,-2.0     1,-0.2    -1,-0.2   0.923 108.8  49.2 -63.2 -42.2    8.8   31.5   57.5
   67  151 A D  H  X S+     0   0   83     -4,-2.4     4,-2.5     1,-0.2    -2,-0.2   0.899 110.0  50.8 -62.6 -43.0   11.6   32.8   59.7
   68  152 A I  H  X S+     0   0    0     -4,-2.3     4,-3.2     2,-0.2    10,-0.3   0.894 107.2  53.1 -63.8 -40.7   10.8   36.4   58.7
   69  153 A R  H  X S+     0   0   69     -4,-2.3     4,-1.3     2,-0.2    -1,-0.2   0.941 109.4  49.3 -60.1 -45.9    7.1   36.0   59.5
   70  154 A T  H >X S+     0   0   83     -4,-2.0     4,-0.9     1,-0.2     3,-0.8   0.959 113.9  45.6 -56.9 -51.3    8.0   34.7   63.0
   71  155 A A  H ><>S+     0   0   21     -4,-2.5     5,-1.9     1,-0.3     3,-1.1   0.905 109.9  54.0 -58.8 -44.1   10.4   37.7   63.5
   72  156 A N  H ><5S+     0   0   43     -4,-3.2     3,-1.2     1,-0.3    -1,-0.3   0.704  98.7  63.5 -65.8 -19.8    7.8   40.2   62.2
   73  157 A K  H <<5S+     0   0  157     -4,-1.3    -1,-0.3    -3,-0.8    -2,-0.2   0.815 103.0  50.1 -72.1 -29.4    5.3   38.9   64.7
   74  158 A N  T <<5S-     0   0  140     -3,-1.1    -1,-0.3    -4,-0.9    -2,-0.2  -0.021 136.4 -87.7 -96.4  28.1    7.7   40.1   67.4
   75  159 A G  T < 5S+     0   0   68     -3,-1.2    -3,-0.2     3,-0.0    -2,-0.1   0.651  84.6 138.6  77.5  18.5    7.9   43.5   65.7
   76  160 A G      < -     0   0   16     -5,-1.9    -4,-0.2    -6,-0.2   -63,-0.1   0.859  38.1-163.3 -63.4 -40.1   10.8   42.7   63.4
   77  161 A N        +     0   0   88      1,-0.2   -64,-1.7    -5,-0.1     2,-0.2   0.922  30.3 163.6  53.6  48.5    9.4   44.5   60.3
   78  162 A Y  E     -a   13   0A  81    -10,-0.3    51,-0.4   -66,-0.2     2,-0.4  -0.635  29.2-148.3 -98.9 156.6   11.8   42.6   58.0
   79  163 A A  E     -a   14   0A   0    -66,-2.0   -64,-2.5    -2,-0.2    51,-0.2  -0.944  18.2-120.7-123.1 143.7   11.8   42.1   54.3
   80  164 A G  E     - c   0 130B   0     49,-2.1    51,-2.8    -2,-0.4     2,-0.4  -0.545  19.5-158.4 -83.9 150.9   13.0   39.1   52.3
   81  165 A Q  E     + c   0 131B   8     -2,-0.2   -31,-2.6   -33,-0.2     2,-0.3  -0.950  20.9 160.6-133.5 113.8   15.7   39.4   49.6
   82  166 A F  E     -bc  50 132B   0     49,-2.1    51,-1.9    -2,-0.4     2,-0.5  -0.925  30.8-138.1-134.0 156.5   16.1   36.8   46.9
   83  167 A V  E     -bc  51 133B   0    -33,-2.4   -31,-2.6    -2,-0.3     2,-0.7  -0.956  12.0-146.8-117.8 120.4   17.7   36.4   43.4
   84  168 A V  E     +bc  52 134B   0     49,-2.4    51,-2.5    -2,-0.5   -31,-0.1  -0.776  38.0 152.7 -83.3 116.4   15.8   34.6   40.6
   85  169 A Y        +     0   0   34    -33,-1.0    -1,-0.1    -2,-0.7    49,-0.1  -0.485  26.2  98.4-150.2  72.2   18.6   32.9   38.7
   86  170 A D        +     0   0    0     13,-0.1    28,-0.1    -2,-0.1    -1,-0.1   0.038  38.1 155.9-150.6  35.8   17.7   29.8   36.8
   87  171 A L    >   -     0   0    0      1,-0.1     3,-0.9    -3,-0.1    14,-0.3  -0.274  52.5 -99.3 -63.3 150.1   17.2   30.6   33.1
   88  172 A P  T 3  S+     0   0    0      0, 0.0    14,-0.3     0, 0.0    -1,-0.1  -0.482 111.8  16.0 -71.2 144.3   17.7   27.8   30.6
   89  173 A D  T 3  S-     0   0   44     12,-2.2     3,-0.3     1,-0.1    13,-0.1   0.919  99.0-164.8  56.4  42.6   21.1   28.0   28.9
   90  174 A R    <   +     0   0   11     -3,-0.9     9,-0.3    11,-0.5    -1,-0.1  -0.225  61.4  18.5 -60.3 146.9   22.0   30.4   31.7
   91  175 A D  S >  S-     0   0    9     46,-0.6     3,-1.0    45,-0.2     5,-0.3   0.965  74.2-176.0  53.5  60.0   25.1   32.5   31.4
   92  176 A C  T 3  S+     0   0    7     -3,-0.3    59,-0.3     1,-0.3    58,-0.2   0.777  78.1  47.1 -57.2 -33.4   25.3   32.1   27.6
   93  177 A A  T 3  S+     0   0   29     44,-0.2    -1,-0.3    57,-0.1     2,-0.2   0.604  88.6 106.4 -87.1 -12.7   28.5   34.0   27.2
   94  178 A A  S <  S-     0   0   32     -3,-1.0     3,-0.3     1,-0.1   234,-0.0  -0.448  76.8-129.0 -70.8 138.2   30.3   32.2   30.0
   95  179 A L  S    S+     0   0  108      1,-0.3    -1,-0.1    -2,-0.2     2,-0.1   0.307 101.5  21.7 -68.5  11.3   32.9   29.6   29.1
   96  180 A A  S    S-     0   0   29     -5,-0.3     2,-0.5   232,-0.1    -1,-0.3  -0.475  74.3-157.1 178.7 103.5   31.1   27.3   31.4
   97  181 A S        -     0   0   29     -3,-0.3    -6,-0.1    -2,-0.1   229,-0.1  -0.770   6.5-165.7 -93.8 128.9   27.4   27.6   32.5
   98  182 A N        +     0   0   90     -2,-0.5    -1,-0.1   228,-0.1    -7,-0.1   0.400  44.3 134.7 -89.8   1.1   26.3   25.9   35.7
   99  183 A G        -     0   0   16     -9,-0.3   -45,-0.1     1,-0.1   -13,-0.1  -0.242  50.9-148.2 -54.9 138.3   22.7   26.2   34.9
  100  184 A E  S    S+     0   0  132    -47,-0.4     2,-0.3   -12,-0.0    -1,-0.1   0.695  77.0  64.7 -80.5 -20.9   20.6   23.1   35.5
  101  185 A Y        -     0   0   21    -14,-0.3   -12,-2.2   -15,-0.1   -11,-0.5  -0.785  62.8-164.4-107.4 149.8   18.2   23.8   32.6
  102  186 A S    > > -     0   0   47      3,-0.3     5,-1.0    -2,-0.3     3,-0.7  -0.988  25.2-132.4-133.7 142.5   18.8   23.9   28.9
  103  187 A I  G >>5S+     0   0   48     -2,-0.4     4,-0.8     1,-0.2     3,-0.6   0.915 106.9  56.5 -55.7 -47.9   16.7   25.3   26.1
  104  188 A A  G 345S+     0   0   91      1,-0.3     2,-0.5     2,-0.2    -1,-0.2   0.781 105.9  53.0 -56.3 -31.0   17.1   22.2   23.9
  105  189 A D  G <45S-     0   0  139     -3,-0.7    -3,-0.3     1,-0.0    -1,-0.3  -0.482 135.1 -76.0-107.9  62.3   15.7   20.0   26.7
  106  190 A G  T <>5S+     0   0   44     -3,-0.6     4,-1.9    -2,-0.5    -3,-0.2   0.832  79.6 154.8  52.2  37.4   12.4   21.7   27.4
  107  191 A G  H  X< +     0   0    1     -5,-1.0     4,-2.2    -4,-0.8    -4,-0.2   0.887  65.7  52.5 -62.1 -44.1   14.3   24.5   29.3
  108  192 A V  H  > S+     0   0   32     -5,-0.3     4,-2.1     1,-0.2    -1,-0.2   0.925 111.1  48.1 -59.1 -45.4   11.6   27.2   28.8
  109  193 A A  H  > S+     0   0   55      1,-0.2     4,-1.5     2,-0.2    -1,-0.2   0.880 111.8  49.6 -63.1 -39.6    8.9   24.9   30.2
  110  194 A K  H  X S+     0   0  102     -4,-1.9     4,-1.9     2,-0.2    -1,-0.2   0.844 107.9  55.0 -69.4 -31.8   11.1   23.9   33.2
  111  195 A Y  H  X S+     0   0    0     -4,-2.2     4,-2.4     2,-0.2    -2,-0.2   0.941 106.5  49.4 -66.3 -45.2   11.8   27.6   33.9
  112  196 A K  H  X S+     0   0   73     -4,-2.1     4,-2.2     1,-0.2    -1,-0.2   0.852 109.2  53.4 -61.7 -33.7    8.1   28.4   34.0
  113  197 A N  H  X S+     0   0   96     -4,-1.5     4,-1.6     2,-0.2    -1,-0.2   0.900 108.1  50.6 -65.6 -41.1    7.7   25.5   36.5
  114  198 A Y  H  X S+     0   0    0     -4,-1.9     4,-1.6     1,-0.2    -2,-0.2   0.919 111.0  48.2 -61.7 -45.3   10.4   27.0   38.6
  115  199 A I  H  X S+     0   0    0     -4,-2.4     4,-2.7     1,-0.2    -2,-0.2   0.881 105.7  58.3 -65.0 -38.6    8.7   30.4   38.6
  116  200 A D  H  X S+     0   0   49     -4,-2.2     4,-1.8     1,-0.2    -1,-0.2   0.887 104.2  51.5 -59.9 -38.6    5.3   28.8   39.5
  117  201 A T  H  X S+     0   0   45     -4,-1.6     4,-1.3     1,-0.2    -1,-0.2   0.935 111.5  47.8 -63.0 -44.1    6.9   27.4   42.7
  118  202 A I  H  X S+     0   0    0     -4,-1.6     4,-2.5     1,-0.2    -2,-0.2   0.881 108.1  53.6 -64.5 -41.1    8.2   30.8   43.6
  119  203 A R  H  X S+     0   0   77     -4,-2.7     4,-2.6     1,-0.2    -1,-0.2   0.900 106.7  52.4 -62.7 -40.3    4.8   32.6   42.9
  120  204 A Q  H  X S+     0   0  134     -4,-1.8     4,-2.2     2,-0.2    -1,-0.2   0.842 110.1  48.8 -64.4 -32.9    3.0   30.2   45.2
  121  205 A I  H  X S+     0   0   17     -4,-1.3     4,-2.2     2,-0.2    -2,-0.2   0.939 113.3  46.3 -71.2 -46.1    5.5   30.9   48.0
  122  206 A V  H  < S+     0   0    0     -4,-2.5     6,-0.2     2,-0.2    -2,-0.2   0.855 113.6  49.0 -64.1 -36.1    5.2   34.7   47.5
  123  207 A V  H >< S+     0   0   68     -4,-2.6     3,-1.2    -5,-0.2    -1,-0.2   0.931 111.5  49.5 -68.1 -44.5    1.4   34.4   47.4
  124  208 A E  H 3< S+     0   0  119     -4,-2.2     3,-0.2     1,-0.3    -2,-0.2   0.851 118.7  40.2 -60.7 -36.4    1.5   32.3   50.6
  125  209 A Y  T ><  +     0   0   11     -4,-2.2     3,-1.7     1,-0.2    -1,-0.3  -0.315  69.4 136.2-110.6  49.1    3.7   35.0   52.2
  126  210 A S  T <   +     0   0   28     -3,-1.2  -124,-2.2     1,-0.3    -1,-0.2   0.643  64.9  71.3 -68.8 -13.8    2.0   38.1   50.8
  127  211 A D  T 3  S+     0   0   64   -126,-0.3     2,-0.5    -3,-0.2    -1,-0.3   0.552  89.6  73.1 -78.7  -7.8    2.4   39.5   54.3
  128  212 A I  S <  S-     0   0    1     -3,-1.7     2,-0.3    -6,-0.2   -49,-0.1  -0.933  85.6-125.5-113.9 125.5    6.1   39.9   53.8
  129  213 A R        -     0   0   28     -2,-0.5   -49,-2.1   -51,-0.4     2,-0.5  -0.506  30.5-159.1 -66.5 125.1    7.6   42.5   51.5
  130  214 A T  E     -cd  80 174B   0     43,-3.1    45,-1.9    -2,-0.3     2,-0.5  -0.940   9.1-163.6-118.3 119.0    9.8   40.6   49.0
  131  215 A L  E     -cd  81 175B   0    -51,-2.8   -49,-2.1    -2,-0.5     2,-0.4  -0.867  16.4-172.5-100.7 124.8   12.6   42.3   47.1
  132  216 A L  E     -cd  82 176B   1     43,-2.8    45,-2.3    -2,-0.5     2,-0.5  -0.940  24.3-151.1-126.7 142.4   13.9   40.4   44.1
  133  217 A V  E     -cd  83 177B   0    -51,-1.9   -49,-2.4    -2,-0.4     2,-0.7  -0.931  29.2-137.0-104.5 126.3   16.8   40.7   41.6
  134  218 A I  E     -cd  84 178B   2     43,-2.8    45,-2.0    -2,-0.5   -49,-0.1  -0.788  57.1 -38.9 -96.9 115.1   15.7   39.2   38.3
  135  219 A E        -     0   0    0    -51,-2.5     4,-0.5    -2,-0.7     3,-0.5   0.901  63.9-146.3  40.5  78.6   18.2   37.0   36.4
  136  220 A P  S    S+     0   0    7      0, 0.0   -45,-0.2     0, 0.0    -1,-0.1  -0.252  79.3  21.9 -63.3 155.7   21.7   38.4   36.6
  137  221 A D  S    S+     0   0   44      1,-0.1   -46,-0.6    82,-0.1   -45,-0.2   0.900 103.9  91.1  52.1  50.2   24.0   38.0   33.6
  138  222 A S  S >> S+     0   0    2     -3,-0.5     3,-1.5   -47,-0.1     4,-1.0   0.424  82.7  32.1-131.0 -80.6   21.2   37.4   31.1
  139  223 A L  H 3> S+     0   0    0     -4,-0.5     4,-0.6     1,-0.3     3,-0.3   0.807 112.6  65.1 -55.5 -31.3   19.8   40.5   29.3
  140  224 A A  H >> S+     0   0    0      1,-0.2     4,-1.2     2,-0.2     3,-0.7   0.838  98.0  54.2 -62.1 -32.2   23.2   42.1   29.4
  141  225 A N  H <> S+     0   0    3     -3,-1.5     4,-3.1     1,-0.2    -1,-0.2   0.845  99.4  61.5 -68.8 -34.9   24.6   39.4   27.1
  142  226 A L  H 3< S+     0   0   13     -4,-1.0    -1,-0.2    -3,-0.3    -2,-0.2   0.674 104.0  51.8 -66.4 -16.7   21.9   40.1   24.6
  143  227 A V  H << S+     0   0   32     -3,-0.7    -1,-0.2    -4,-0.6    -2,-0.2   0.871 130.1   8.3 -88.0 -39.4   23.2   43.6   24.2
  144  228 A T  H  < S+     0   0   55     -4,-1.2     3,-0.3     1,-0.1    -2,-0.2   0.592 123.5  56.1-118.7 -15.1   26.9   42.8   23.5
  145  229 A N    ><  +     0   0   45     -4,-3.1     3,-1.5    -5,-0.2     7,-0.3  -0.010  57.7 115.3-114.0  33.6   27.3   39.1   23.1
  146  230 A L  T 3  S+     0   0   69      1,-0.3    -1,-0.2     5,-0.2     6,-0.1   0.574  70.9  73.0 -74.7  -5.1   24.9   38.2   20.2
  147  231 A G  T 3  S+     0   0   79     -3,-0.3    -1,-0.3     4,-0.1    -2,-0.1   0.709  80.7  83.9 -77.4 -20.9   28.1   37.3   18.4
  148  232 A T  S X> S-     0   0   41     -3,-1.5     4,-2.6     1,-0.1     3,-0.7  -0.754  81.4-140.1 -86.2 120.3   28.3   34.3   20.7
  149  233 A P  H 3> S+     0   0   71      0, 0.0     4,-3.0     0, 0.0     5,-0.2   0.887  99.7  53.1 -43.6 -55.2   26.1   31.5   19.2
  150  234 A K  H 34 S+     0   0  124      1,-0.2     4,-0.5     2,-0.2   -57,-0.1   0.869 113.3  44.2 -53.9 -39.9   24.7   30.3   22.5
  151  235 A C  H X> S+     0   0    0     -3,-0.7     3,-0.9    -6,-0.3     4,-0.8   0.927 113.1  49.7 -71.4 -45.8   23.6   33.9   23.4
  152  236 A A  H >< S+     0   0   28     -4,-2.6     3,-0.6    -7,-0.3     4,-0.3   0.895 114.3  46.6 -58.9 -40.1   22.2   34.5   19.9
  153  237 A N  T 3< S+     0   0  131     -4,-3.0    -1,-0.3    -5,-0.3     4,-0.2   0.557 109.6  54.3 -80.2  -8.5   20.3   31.3   20.2
  154  238 A A  T <> S+     0   0    0     -3,-0.9     4,-2.9    -4,-0.5     5,-0.2   0.502  80.1  98.5-102.0  -5.9   19.0   31.9   23.7
  155  239 A Q  H <X S+     0   0   79     -4,-0.8     4,-2.5    -3,-0.6     5,-0.2   0.919  84.4  40.5 -44.6 -67.5   17.5   35.3   22.9
  156  240 A S  H  > S+     0   0   99     -4,-0.3     4,-2.5     1,-0.2    -1,-0.2   0.875 117.2  50.4 -54.5 -41.8   13.8   34.3   22.5
  157  241 A A  H  > S+     0   0    9     -4,-0.2     4,-2.6     2,-0.2     5,-0.3   0.909 110.1  49.8 -64.0 -44.1   14.0   32.0   25.4
  158  242 A Y  H  X S+     0   0    1     -4,-2.9     4,-2.5     1,-0.2    -2,-0.2   0.924 114.7  44.3 -60.1 -46.5   15.5   34.6   27.7
  159  243 A L  H  X S+     0   0   50     -4,-2.5     4,-1.8    -5,-0.2    -2,-0.2   0.866 114.7  47.5 -68.7 -38.8   12.9   37.2   26.8
  160  244 A E  H  X S+     0   0  107     -4,-2.5     4,-2.1    -5,-0.2    -2,-0.2   0.922 116.1  44.7 -68.2 -44.4   10.0   34.7   27.1
  161  245 A C  H  X S+     0   0    1     -4,-2.6     4,-2.3     2,-0.2    -2,-0.2   0.907 113.2  49.4 -65.4 -45.7   11.2   33.4   30.4
  162  246 A I  H  X S+     0   0    1     -4,-2.5     4,-2.4    -5,-0.3     5,-0.2   0.893 111.0  52.2 -61.4 -39.5   12.0   36.9   31.8
  163  247 A N  H  X S+     0   0   60     -4,-1.8     4,-1.8     1,-0.2     5,-0.3   0.908 108.4  49.3 -63.5 -43.5    8.5   38.0   30.7
  164  248 A Y  H  X S+     0   0   56     -4,-2.1     4,-2.7     1,-0.2     5,-0.2   0.918 112.2  50.5 -61.5 -42.8    6.8   35.1   32.5
  165  249 A A  H  X S+     0   0    0     -4,-2.3     4,-2.0     1,-0.2    -2,-0.2   0.931 111.5  44.0 -62.2 -50.7    8.8   35.9   35.6
  166  250 A V  H  < S+     0   0    4     -4,-2.4    -1,-0.2     2,-0.2    -2,-0.2   0.815 119.0  43.7 -68.2 -30.7    8.0   39.6   35.8
  167  251 A T  H >< S+     0   0   64     -4,-1.8     3,-0.9    -5,-0.2    -2,-0.2   0.904 116.2  45.7 -81.1 -41.6    4.3   39.1   35.1
  168  252 A Q  H 3< S+     0   0   50     -4,-2.7    -2,-0.2    -5,-0.3    -3,-0.2   0.787 117.0  44.7 -71.5 -26.7    3.8   36.1   37.3
  169  253 A L  T 3< S+     0   0    0     -4,-2.0     2,-2.0    -5,-0.2    -1,-0.2   0.262  78.2 119.3-101.0  12.9    5.7   37.8   40.2
  170  254 A N    <   +     0   0   59     -3,-0.9    40,-0.1    -5,-0.1    -1,-0.1  -0.530  42.4 143.4 -79.7  78.2    3.9   41.1   39.8
  171  255 A L    >   -     0   0   26     -2,-2.0     3,-2.3    38,-0.1    -2,-0.0  -0.869  62.9-109.9-121.3 153.6    2.3   41.2   43.3
  172  256 A P  T 3  S+     0   0   63      0, 0.0  -168,-0.4     0, 0.0    -1,-0.0   0.702 117.6  48.2 -49.3 -32.7    1.6   44.0   45.8
  173  257 A N  T 3  S+     0   0    0   -170,-0.1   -43,-3.1   -51,-0.1     2,-0.3   0.370 101.1  91.6 -93.9   4.9    4.2   42.8   48.3
  174  258 A V  E <   -d  130   0B   0     -3,-2.3     2,-0.4   -45,-0.2   -43,-0.2  -0.748  46.7-177.3-107.8 150.0    6.9   42.5   45.6
  175  259 A A  E     -d  131   0B   0    -45,-1.9   -43,-2.8    -2,-0.3     2,-0.4  -0.955  15.7-167.4-140.3 115.6    9.5   44.8   44.2
  176  260 A M  E     -de 132 212B   0     35,-3.1    38,-1.3    -2,-0.4    37,-1.1  -0.857   9.1-165.4-110.1 145.1   11.6   43.5   41.3
  177  261 A Y  E     -de 133 214B   1    -45,-2.3   -43,-2.8    -2,-0.4     2,-0.3  -0.994  19.6-135.6-129.0 121.2   14.8   44.9   39.8
  178  262 A L  E     -de 134 215B   3     36,-2.6    38,-2.5    -2,-0.5   -43,-0.1  -0.614  28.5-110.2 -77.1 131.6   15.9   43.6   36.4
  179  263 A D  E     + e   0 216B   5    -45,-2.0    38,-0.2    -2,-0.3   -40,-0.2  -0.387  37.3 178.3 -61.8 138.4   19.6   42.9   36.3
  180  264 A A        -     0   0    0     36,-2.9     6,-0.2     1,-0.5    -1,-0.1  -0.142  33.9-123.4-136.0  38.3   21.3   45.5   34.0
  181  265 A G        -     0   0    4     36,-0.1    37,-2.0     4,-0.1    38,-0.5  -0.201  42.0 -82.4  55.5-141.9   25.0   44.6   34.1
  182  266 A H    >>> -     0   0   20     35,-0.2     3,-2.5    36,-0.1     4,-1.7  -0.943  40.7 -78.9-154.2 172.8   27.3   47.3   35.3
  183  267 A A  H 3>5S+     0   0    0      1,-0.3     4,-0.6    -2,-0.3     5,-0.5   0.829 126.0  50.6 -45.1 -43.9   29.2   50.4   34.2
  184  268 A G  H 345S+     0   0   15      3,-0.2    -1,-0.3     2,-0.1    -3,-0.1   0.608 120.0  36.4 -74.8 -10.6   32.0   48.4   32.5
  185  269 A W  H <45S+     0   0   48     -3,-2.5     3,-0.2    -5,-0.1    -2,-0.2   0.831 139.5   3.9-102.3 -70.9   29.5   46.3   30.6
  186  270 A L  H  <5S+     0   0    0     -4,-1.7    -3,-0.2    -6,-0.2     9,-0.1   0.376 112.9  83.6-100.1   2.8   26.5   48.5   29.5
  187  271 A G     << +     0   0    0     -5,-1.1    -3,-0.2    -4,-0.6    -1,-0.2   0.816  61.4 105.3 -75.2 -31.7   27.9   51.7   30.8
  188  272 A W  S >> S-     0   0   83     -5,-0.5     3,-1.8    -3,-0.2     4,-1.1  -0.234  83.8-119.2 -49.6 133.7   30.0   52.4   27.7
  189  273 A P  H >> S+     0   0   77      0, 0.0     3,-0.7     0, 0.0     4,-0.6   0.860 111.5  56.8 -44.0 -46.7   28.3   55.1   25.7
  190  274 A A  H 34 S+     0   0   81      1,-0.2    -2,-0.1     2,-0.1    -3,-0.0   0.770 110.7  43.3 -60.8 -27.3   27.9   52.9   22.7
  191  275 A N  H <> S+     0   0   41     -3,-1.8     4,-2.1     1,-0.1     5,-0.3   0.611  93.3  86.4 -94.7 -11.5   26.0   50.3   24.7
  192  276 A Q  H <X S+     0   0   32     -4,-1.1     4,-2.6    -3,-0.7     5,-0.2   0.933  92.0  37.2 -54.4 -59.5   23.8   52.7   26.6
  193  277 A D  H  X S+     0   0   71     -4,-0.6     4,-2.6     2,-0.2     5,-0.2   0.935 116.7  50.6 -64.2 -48.1   20.8   53.2   24.2
  194  278 A P  H  > S+     0   0   68      0, 0.0     4,-1.7     0, 0.0    -1,-0.2   0.919 114.7  45.7 -56.0 -42.9   20.6   49.6   22.9
  195  279 A A  H  X S+     0   0    0     -4,-2.1     4,-2.3     1,-0.2     5,-0.3   0.940 112.3  49.9 -64.4 -48.1   20.6   48.4   26.5
  196  280 A A  H  X S+     0   0    0     -4,-2.6     4,-1.9    -5,-0.3    -1,-0.2   0.838 109.4  53.3 -59.9 -34.2   18.0   51.0   27.6
  197  281 A Q  H  X S+     0   0   92     -4,-2.6     4,-1.8     2,-0.2    -1,-0.2   0.870 108.5  49.0 -69.8 -38.0   15.8   50.0   24.7
  198  282 A L  H  X S+     0   0   39     -4,-1.7     4,-1.8    -5,-0.2    -2,-0.2   0.946 113.4  44.8 -67.9 -49.6   15.9   46.3   25.6
  199  283 A F  H  X S+     0   0    0     -4,-2.3     4,-2.0     1,-0.2    -2,-0.2   0.891 112.6  52.2 -62.3 -40.5   15.0   46.9   29.3
  200  284 A A  H  X S+     0   0    0     -4,-1.9     4,-2.5    -5,-0.3    -1,-0.2   0.890 109.3  50.8 -63.6 -36.9   12.3   49.4   28.3
  201  285 A N  H  X S+     0   0   63     -4,-1.8     4,-2.3     2,-0.2    -1,-0.2   0.829 107.6  52.0 -69.7 -32.2   10.9   46.7   25.9
  202  286 A V  H  X S+     0   0    3     -4,-1.8     4,-1.1     2,-0.2    -1,-0.2   0.898 111.4  48.4 -69.3 -39.6   10.8   44.1   28.6
  203  287 A Y  H  <>S+     0   0   39     -4,-2.0     5,-2.2     2,-0.2     3,-0.4   0.962 117.1  39.6 -63.2 -55.2    8.9   46.5   30.9
  204  288 A K  H ><5S+     0   0   91     -4,-2.5     3,-1.9     1,-0.2    -2,-0.2   0.876 111.6  56.6 -64.9 -39.3    6.3   47.5   28.3
  205  289 A N  H 3<5S+     0   0  114     -4,-2.3    -1,-0.2     1,-0.3    -2,-0.2   0.792 105.1  54.6 -63.3 -25.7    6.0   43.9   26.9
  206  290 A A  T 3<5S-     0   0    3     -4,-1.1    -1,-0.3    -3,-0.4    -2,-0.2   0.124 126.9-101.9 -93.9  20.2    5.1   42.9   30.5
  207  291 A S  T < 5 -     0   0  101     -3,-1.9    -3,-0.2     1,-0.2     3,-0.2   0.822  66.2 -70.3  63.7  34.2    2.3   45.4   30.6
  208  292 A S      < -     0   0   53     -5,-2.2    -1,-0.2     1,-0.1    -4,-0.2   0.958  65.1-137.5  48.2  65.6    4.4   47.8   32.7
  209  293 A P    >   -     0   0    3      0, 0.0     3,-1.2     0, 0.0    -1,-0.1  -0.299   4.8-144.9 -56.2 125.5    4.3   45.7   35.8
  210  294 A R  T 3  S+     0   0  137      1,-0.3    -2,-0.1    -3,-0.2   -39,-0.0   0.844 100.4  57.0 -60.9 -33.5    3.8   47.9   38.9
  211  295 A A  T 3  S+     0   0    2    -45,-0.2   -35,-3.1     1,-0.1     2,-1.6   0.671  82.9  91.5 -72.4 -17.4    6.1   45.6   40.9
  212  296 A L  E <   +e  176   0B   5     -3,-1.2   -35,-0.1   -37,-0.2    -1,-0.1  -0.636  52.5 171.7 -82.6  89.9    8.9   46.1   38.5
  213  297 A R  E     -     0   0B  32     -2,-1.6    49,-2.4   -37,-1.1     2,-0.3   0.787  49.7 -79.0 -70.1 -32.5   10.6   49.1   40.2
  214  298 A G  E     -ef 177 262B   0    -38,-1.3   -36,-2.6    47,-0.3     2,-0.3  -0.871  62.0 -33.9 170.9-135.1   13.7   49.3   38.1
  215  299 A L  E     -ef 178 263B   0     47,-2.4    49,-1.6   -38,-0.3     2,-0.4  -0.895  31.8-140.6-129.4 155.6   17.1   47.8   37.5
  216  300 A A  E     -ef 179 264B   1    -38,-2.5   -36,-2.9    -2,-0.3     2,-0.3  -0.939  24.5-169.9-113.8 133.6   19.9   46.2   39.5
  217  301 A T  E     + f   0 265B   0     47,-2.3    49,-2.4    -2,-0.4   -35,-0.2  -0.870  58.3  21.3-125.4 159.3   23.6   47.0   38.7
  218  302 A N  S >  S+     0   0    0    -37,-2.0     3,-2.4    -2,-0.3     2,-0.3   0.667  72.4 174.5  62.2  21.6   27.0   45.7   39.6
  219  303 A V  T 3  S-     0   0   17    -38,-0.5    -1,-0.2     1,-0.3     3,-0.1  -0.428  73.8  -6.0 -63.0 122.3   25.5   42.3   40.7
  220  304 A A  T 3  S+     0   0   23     -2,-0.3    -1,-0.3     1,-0.2     2,-0.1   0.619 119.6 106.4  67.4  12.8   28.4   40.0   41.6
  221  305 A N    <   -     0   0   17     -3,-2.4    48,-0.3   -40,-0.1    -1,-0.2  -0.446  69.0-130.5-111.2-168.7   30.8   42.7   40.3
  222  306 A Y        +     0   0    0     -2,-0.1    50,-0.1    -3,-0.1    -3,-0.1   0.308  48.1 136.6-129.0  10.5   33.2   45.1   41.9
  223  307 A N        -     0   0    3      1,-0.1     2,-0.2    18,-0.0    46,-0.1  -0.203  56.3-110.8 -61.5 151.6   32.7   48.6   40.5
  224  308 A G        -     0   0    2     16,-0.4    18,-2.6     1,-0.1    19,-0.3  -0.507  14.9-137.5 -80.2 152.7   32.7   51.5   42.9
  225  309 A W  S    S-     0   0   10     16,-0.2    18,-2.5    17,-0.2    19,-0.3   0.950  92.8  -6.0 -73.3 -50.6   29.4   53.3   43.5
  226  310 A N  S    S+     0   0   87     16,-0.2    -1,-0.1    17,-0.1    15,-0.1   0.074  78.8 164.7-137.8  29.0   30.8   56.9   43.4
  227  311 A I        -     0   0   31      1,-0.1    13,-0.1    13,-0.1    16,-0.0  -0.189  30.2-145.4 -52.6 138.3   34.6   56.8   43.2
  228  312 A T  S    S+     0   0  125      1,-0.1    -1,-0.1     2,-0.1    13,-0.0   0.457  76.5  57.1 -87.9  -3.3   36.1   60.1   42.2
  229  313 A S  S    S-     0   0   84     11,-0.1    -1,-0.1     0, 0.0    -2,-0.0  -0.995  84.4-117.9-132.9 131.5   39.0   58.9   40.1
  230  314 A P        -     0   0   81      0, 0.0    11,-0.1     0, 0.0     5,-0.1  -0.507  30.3-131.2 -70.1 115.4   39.0   56.6   37.1
  231  315 A P    >   -     0   0    7      0, 0.0     3,-1.8     0, 0.0     4,-0.1  -0.259  24.5-108.6 -62.5 155.8   40.9   53.4   37.7
  232  316 A S  G >  S+     0   0   92      1,-0.3     3,-1.6     2,-0.2    48,-0.1   0.857 115.9  59.1 -52.8 -41.2   43.4   52.4   35.0
  233  317 A Y  G 3  S+     0   0   29      1,-0.3    47,-0.5    44,-0.2    -1,-0.3   0.608  96.7  61.4 -69.2  -9.4   41.3   49.5   33.8
  234  318 A T  G X  S+     0   0    2     -3,-1.8     3,-2.5    45,-0.1    -1,-0.3   0.312  74.2 150.0 -97.1   7.8   38.3   51.8   32.9
  235  319 A Q  T <   +     0   0  154     -3,-1.6     3,-0.1     1,-0.3    -3,-0.1  -0.112  66.3  18.6 -43.8 125.9   40.5   53.7   30.4
  236  320 A G  T 3  S+     0   0   79      1,-0.1     2,-0.7     2,-0.0    -1,-0.3   0.116 100.1 101.7  98.4 -21.6   38.3   55.0   27.6
  237  321 A N    <   -     0   0    6     -3,-2.5    -1,-0.1     1,-0.1   -49,-0.1  -0.867  51.1-166.1-104.4 111.6   34.9   54.8   29.4
  238  322 A A  S    S+     0   0   78     -2,-0.7     2,-1.2     1,-0.2    -1,-0.1   0.764  84.1  70.7 -62.5 -25.8   33.6   58.1   30.8
  239  323 A V        +     0   0   13      1,-0.2    -1,-0.2   -56,-0.1   -52,-0.1  -0.752  59.3 149.6 -95.2  89.1   31.2   56.0   32.9
  240  324 A Y        +     0   0   44     -2,-1.2   -16,-0.4   -13,-0.1     2,-0.3   0.353  55.9  42.5-105.9   3.2   33.6   54.5   35.4
  241  325 A N  S  > S-     0   0    8    -18,-0.1     4,-1.5    -3,-0.1   -16,-0.2  -0.929  86.1-107.7-140.5 166.6   31.4   54.0   38.5
  242  326 A E  H  > S+     0   0    0    -18,-2.6     4,-2.5    -2,-0.3     5,-0.2   0.780 113.3  60.6 -68.5 -27.3   27.8   52.9   39.1
  243  327 A K  H  > S+     0   0   78    -18,-2.5     4,-1.8   -19,-0.3    -1,-0.2   0.932 107.4  45.8 -64.8 -44.4   26.5   56.4   39.9
  244  328 A L  H  > S+     0   0   69    -19,-0.3     4,-1.1     1,-0.2    -1,-0.2   0.873 112.1  53.7 -65.6 -37.1   27.4   57.6   36.4
  245  329 A Y  H >X S+     0   0    0     -4,-1.5     4,-2.4     2,-0.2     3,-0.6   0.950 109.9  43.3 -64.9 -50.6   26.0   54.5   34.8
  246  330 A I  H 3X S+     0   0    0     -4,-2.5     4,-1.8     1,-0.2    -1,-0.2   0.852 113.4  53.1 -67.5 -30.2   22.5   54.7   36.4
  247  331 A H  H 3< S+     0   0   75     -4,-1.8    -1,-0.2    -5,-0.2    -2,-0.2   0.723 112.2  45.7 -75.8 -19.0   22.4   58.5   35.7
  248  332 A A  H <X S+     0   0   26     -4,-1.1     4,-0.7    -3,-0.6    -2,-0.2   0.874 119.7  36.3 -88.4 -43.9   23.2   57.9   32.0
  249  333 A I  H  X S+     0   0    0     -4,-2.4     4,-1.7    -5,-0.2    -2,-0.2   0.758 103.6  74.2 -82.5 -23.0   20.8   55.0   31.3
  250  334 A G  H >X S+     0   0   12     -4,-1.8     4,-1.6    -5,-0.3     3,-0.8   0.959  98.8  42.3 -54.9 -58.8   18.0   56.3   33.5
  251  335 A P  H 3> S+     0   0   70      0, 0.0     4,-2.0     0, 0.0    -1,-0.2   0.866 112.0  56.9 -58.5 -33.7   16.9   59.1   31.3
  252  336 A L  H 3X S+     0   0   33     -4,-0.7     4,-1.1     2,-0.2    -2,-0.2   0.794 101.3  56.0 -67.0 -29.8   17.2   56.8   28.2
  253  337 A L  H X<>S+     0   0    0     -4,-1.7     5,-2.6    -3,-0.8     3,-0.6   0.944 108.7  48.0 -65.1 -44.9   14.8   54.3   29.9
  254  338 A A  H ><5S+     0   0   46     -4,-1.6     3,-1.6     1,-0.2    -2,-0.2   0.876 106.2  56.9 -61.6 -40.2   12.3   57.2   30.1
  255  339 A N  H 3<5S+     0   0  130     -4,-2.0    -1,-0.2     1,-0.3    -2,-0.2   0.790 108.7  48.8 -62.5 -27.5   12.9   58.1   26.4
  256  340 A H  T <<5S-     0   0   37     -4,-1.1    -1,-0.3    -3,-0.6    -2,-0.2   0.182 131.8 -84.4-100.0  16.1   12.0   54.5   25.5
  257  341 A G  T < 5S+     0   0   43     -3,-1.6     2,-0.7     1,-0.1    -3,-0.2   0.420  98.9 104.5 102.2  -3.5    8.8   54.3   27.5
  258  342 A W      < +     0   0    3     -5,-2.6     3,-0.4    -6,-0.2     2,-0.2  -0.794  42.2 167.0-115.4  89.6    9.9   53.3   31.0
  259  343 A S        +     0   0   79     -2,-0.7     3,-0.1     1,-0.2    -9,-0.0  -0.514  58.5  37.5 -93.7 168.2    9.7   56.3   33.3
  260  344 A N  S    S+     0   0  118      1,-0.2     2,-0.5    -2,-0.2    -1,-0.2   0.817  77.0 154.9  61.0  32.6    9.9   56.1   37.1
  261  345 A A        -     0   0   10     -3,-0.4   -47,-0.3   -11,-0.2    -1,-0.2  -0.788  20.2-172.4 -91.3 131.5   12.6   53.4   36.9
  262  346 A F  E     -f  214   0B  35    -49,-2.4   -47,-2.4    -2,-0.5     2,-0.3  -0.680   7.5-134.6-118.0 175.3   14.8   53.3   40.0
  263  347 A F  E     -fg 215 304B   0     40,-2.5    42,-2.9   -49,-0.2    43,-1.0  -0.878  13.7-161.8-134.3 164.4   17.9   51.3   40.8
  264  348 A I  E     -fg 216 306B   1    -49,-1.6   -47,-2.3    -2,-0.3     2,-0.4  -0.983  20.0-154.6-136.9 140.1   19.8   49.2   43.4
  265  349 A T  E     -fg 217 307B   0     41,-1.6    43,-2.3    -2,-0.3     2,-0.2  -0.977  14.0-128.2-127.7 129.4   23.5   48.7   43.2
  266  350 A D  E     + g   0 308B   2    -49,-2.4    43,-0.2    -2,-0.4    27,-0.1  -0.517  33.3 162.1 -70.3 133.2   25.6   45.8   44.6
  267  351 A Q    >   +     0   0    4     41,-2.2     3,-1.5    -2,-0.2    25,-1.0   0.144  37.1 117.2-135.0  12.9   28.6   47.0   46.7
  268  352 A G  T 3  S+     0   0    0     40,-0.5    41,-0.1     1,-0.3    45,-0.1   0.662  93.8  21.7 -58.6 -18.1   29.2   43.8   48.6
  269  353 A R  T 3  S+     0   0    2    -48,-0.3    -1,-0.3    22,-0.2    21,-0.3   0.040 102.3  90.1-139.2  29.1   32.7   43.6   47.0
  270  354 A S    <   +     0   0    5     -3,-1.5    21,-0.2     1,-0.1   -45,-0.1   0.321  49.9 107.3-108.2   5.1   33.3   47.2   46.1
  271  355 A G  S    S+     0   0   17     19,-2.3     2,-0.6    -4,-0.3    20,-0.2   0.726  72.3  56.6 -57.9 -30.0   35.0   48.4   49.3
  272  356 A K  S    S-     0   0   89     18,-0.5    18,-0.2    -3,-0.2    -1,-0.1  -0.934  81.2-141.7-111.9 122.0   38.5   48.7   47.9
  273  357 A Q  S    S+     0   0   52     -2,-0.6     2,-0.2    16,-0.1    16,-0.0  -0.997  81.7  32.5-133.5 132.8   39.1   50.9   44.8
  274  358 A P  S    S-     0   0   84      0, 0.0    -1,-0.1     0, 0.0   -51,-0.0   0.575  90.8-148.3 -70.6 158.2   40.9   50.5   42.5
  275  359 A T        -     0   0   12     -2,-0.2    13,-0.2     1,-0.1    14,-0.1  -0.117  29.3 -98.6 -80.4-172.3   40.4   46.7   42.6
  276  360 A G  S    S+     0   0   14     11,-1.8    11,-0.2    59,-0.1     2,-0.2   0.201  75.2 137.2 -94.8  16.5   43.2   44.3   41.6
  277  361 A Q        -     0   0    6      1,-0.2   -44,-0.2    11,-0.1     3,-0.1  -0.432  37.0-170.4 -65.1 130.5   41.6   43.9   38.1
  278  362 A Q  S    S+     0   0  126      1,-0.3     2,-0.3    -2,-0.2    -1,-0.2   0.694  84.1  25.5 -91.8 -22.5   44.3   43.9   35.4
  279  363 A Q  S >  S-     0   0  130      1,-0.1     3,-2.0     3,-0.1    -1,-0.3  -0.994  79.8-130.9-138.5 136.6   41.4   44.1   32.8
  280  364 A W  T 3  S+     0   0   20    -47,-0.5   -96,-0.1    -2,-0.3    -1,-0.1   0.851 107.4  61.7 -56.7 -34.9   38.0   45.4   33.5
  281  365 A G  T 3  S+     0   0   54    -48,-0.1     2,-0.8    -3,-0.1    -1,-0.3   0.538  75.7 106.4 -70.9  -7.3   36.5   42.3   32.0
  282  366 A D    <   +     0   0   19     -3,-2.0     4,-0.1     1,-0.2    -3,-0.1  -0.664  36.6 157.7 -78.2 110.3   38.1   40.1   34.6
  283  367 A W        +     0   0   75     -2,-0.8     2,-0.5     2,-0.1     3,-0.4   0.567  30.9 105.2-110.6 -14.5   35.2   39.0   36.9
  284  368 A C  S    S-     0   0    1      1,-0.2     3,-0.2    46,-0.2    53,-0.2  -0.632 102.5 -39.5 -83.3 122.1   36.3   35.8   38.7
  285  369 A N  S    S-     0   0    0     -2,-0.5    52,-3.0    51,-0.2    -1,-0.2   0.801  79.5-149.8  32.5  55.4   37.3   36.1   42.3
  286  370 A V  B     -I  336   0C   0     -3,-0.4     3,-0.4    50,-0.2    50,-0.2  -0.224   4.2-130.5 -56.2 129.2   39.1   39.4   41.8
  287  371 A I  S    S+     0   0   50     48,-2.4   -11,-1.8   -11,-0.2   -10,-0.1  -0.317  84.3  40.6 -75.1 163.5   42.1   40.0   44.1
  288  372 A G  S    S+     0   0   23      1,-0.2     2,-0.3   -13,-0.2    -1,-0.2   0.812  86.7 127.4  68.6  33.5   42.4   43.3   46.0
  289  373 A T        -     0   0    0     -3,-0.4    68,-0.4   -14,-0.1     2,-0.3  -0.799  33.6-175.3-119.6 163.0   38.8   43.7   46.9
  290  374 A G        -     0   0    0     -2,-0.3   -19,-2.3   -21,-0.3   -18,-0.5  -0.965  40.7 -76.9-150.1 163.1   36.9   44.2   50.2
  291  375 A F        -     0   0    0     63,-1.8    68,-2.4    -2,-0.3   -22,-0.2  -0.344  58.5-160.7 -58.1 143.8   33.3   44.5   51.5
  292  376 A G        -     0   0    1    -25,-1.0    -1,-0.1     1,-0.3   -24,-0.1  -0.109  37.0 -12.3-112.3-152.1   31.9   47.8   50.6
  293  377 A I  S    S-     0   0   51      1,-0.1    -1,-0.3   -27,-0.1   -26,-0.2  -0.171  75.0-114.5 -47.0 132.3   29.1   50.3   51.4
  294  378 A R        -     0   0  128      1,-0.1    13,-0.2    -3,-0.1    -1,-0.1  -0.406  39.3 -84.8 -73.6 148.8   26.6   48.7   53.7
  295  379 A P  S    S+     0   0   26      0, 0.0     2,-0.3     0, 0.0    13,-0.2  -0.278  70.5 138.3 -54.3 132.0   23.0   48.1   52.6
  296  380 A S  B     -H  307   0B  40     11,-1.2    11,-2.6    -3,-0.1  -286,-0.1  -0.905  55.0-139.5-174.9 147.4   20.9   51.3   53.1
  297  381 A A  S    S+     0   0   26     -2,-0.3     2,-2.4     9,-0.2     3,-0.3   0.577  83.2  95.8 -89.8 -12.4   18.3   53.4   51.4
  298  382 A N        +     0   0  145      1,-0.2    -1,-0.1     2,-0.1     8,-0.1  -0.501  45.1 143.4 -78.5  74.0   20.0   56.6   52.6
  299  383 A T        -     0   0   21     -2,-2.4    -1,-0.2     5,-0.3     3,-0.1   0.589  54.4-137.3 -91.9 -14.9   21.8   56.9   49.3
  300  384 A G  S    S+     0   0   88     -3,-0.3     2,-0.4     1,-0.2    -2,-0.1   0.759  74.9 100.9  62.4  21.5   21.7   60.7   48.9
  301  385 A D  S >  S-     0   0   19      3,-0.3     3,-0.8     1,-0.1    -2,-0.2  -0.969  70.0-141.7-143.9 125.4   20.9   60.1   45.2
  302  386 A S  T 3  S+     0   0   96     -2,-0.4    -1,-0.1     1,-0.2    -2,-0.1   0.846  99.4  46.8 -50.1 -46.7   17.4   60.3   43.6
  303  387 A L  T 3  S+     0   0   30    -41,-0.1   -40,-2.5     1,-0.1     2,-0.8   0.706  95.6  80.5 -75.7 -21.1   17.9   57.3   41.2
  304  388 A L  E <   -g  263   0B   3     -3,-0.8    -3,-0.3   -42,-0.2    -5,-0.3  -0.782  51.8-175.4 -95.4 107.7   19.3   54.8   43.8
  305  389 A D  E     -     0   0B   4    -42,-2.9     2,-0.3    -2,-0.8   -41,-0.2   0.873  69.8 -20.9 -63.9 -37.1   16.7   53.2   45.9
  306  390 A S  E     -g  264   0B   2    -43,-1.0   -41,-1.6    -3,-0.1     2,-0.4  -0.972  52.6-114.2-172.8 153.0   19.4   51.4   47.9
  307  391 A F  E     -gH 265 296B  17    -11,-2.6   -11,-1.2    -2,-0.3     2,-0.3  -0.740  49.6-179.9 -84.8 140.2   22.9   50.2   48.3
  308  392 A V  E     -g  266   0B   1    -43,-2.3   -41,-2.2    -2,-0.4     2,-0.6  -0.926  36.7-133.7-141.4 165.9   22.6   46.3   48.5
  309  393 A W        +     0   0    2   -262,-0.3  -260,-2.0    -2,-0.3   -43,-0.1  -0.886  38.1 156.9-120.3  92.1   24.8   43.2   48.9
  310  394 A V        +     0   0    0     -2,-0.6    -1,-0.2  -262,-0.2   -91,-0.1   0.954  62.4  54.0 -83.2 -57.9   23.5   40.9   46.2
  311  395 A K  S    S-     0   0   23    -90,-0.1     2,-0.7  -263,-0.1    -1,-0.1  -0.699  94.9-124.5 -77.6 121.3   26.4   38.6   45.6
  312  396 A P    >   -     0   0    4      0, 0.0     3,-2.3     0, 0.0    -1,-0.1  -0.591  23.0-122.1 -74.8 112.5   27.4   37.2   49.1
  313  397 A G  T 3  S+     0   0    0     -2,-0.7     3,-0.1     1,-0.3    38,-0.1  -0.263  97.9  34.5 -54.2 125.9   31.0   37.9   49.8
  314  398 A G  T 3  S+     0   0    0      1,-0.4    33,-3.1    31,-0.0     2,-0.5  -0.054  88.5 108.7 116.3 -30.6   32.8   34.6   50.5
  315  399 A E  B <  S-J  346   0D  37     -3,-2.3    -1,-0.4    31,-0.2    31,-0.2  -0.704  76.2-112.9 -82.3 126.6   30.8   32.5   48.0
  316  400 A C        -     0   0    1     29,-3.3    28,-3.3    -2,-0.5     3,-0.1  -0.131  13.4-151.3 -62.2 152.0   33.1   31.7   45.1
  317  401 A D  S    S-     0   0   27      1,-0.4     2,-0.3    26,-0.2    26,-0.2   0.696  75.0 -32.1 -92.2 -26.0   32.6   32.9   41.5
  318  402 A G        -     0   0    8     23,-0.2    -1,-0.4    24,-0.2     2,-0.2  -0.887  67.4 -86.1 173.5 155.9   34.2   29.9   39.9
  319  403 A T        -     0   0   14     -2,-0.3     9,-0.7     7,-0.2    12,-0.2  -0.462  14.6-155.3 -80.3 147.8   36.8   27.2   40.3
  320  404 A S        +     0   0   20     20,-1.8     2,-0.8    -2,-0.2    -1,-0.1   0.351  63.4 114.1 -97.8   2.3   40.4   27.6   39.3
  321  405 A D    >   -     0   0   81     19,-0.5     3,-1.1     1,-0.2    -2,-0.1  -0.680  55.2-159.5 -78.8 107.6   40.7   23.8   38.9
  322  406 A S  T 3  S+     0   0   87     -2,-0.8    -1,-0.2     1,-0.3     5,-0.1   0.616  89.3  52.7 -64.0 -15.6   41.3   23.3   35.2
  323  407 A S  T 3  S+     0   0  106      2,-0.1    -1,-0.3    -3,-0.0    -2,-0.1   0.634  89.5 100.3 -94.0 -17.6   40.2   19.7   35.3
  324  408 A A  S X  S-     0   0   25     -3,-1.1     3,-1.2     1,-0.1     2,-0.0  -0.321  83.2-102.0 -71.3 149.1   36.9   20.5   37.0
  325  409 A P  T 3  S+     0   0  106      0, 0.0    -6,-0.2     0, 0.0     3,-0.1  -0.374 108.0  25.0 -66.5 150.4   33.6   20.7   35.1
  326  410 A R  T 3  S+     0   0  139      1,-0.2    -7,-0.2  -231,-0.1     2,-0.2   0.667  84.6 168.2  69.1  16.0   32.4   24.2   34.4
  327  411 A F    <   -     0   0   42     -3,-1.2     2,-0.5    -5,-0.1    -1,-0.2  -0.449  18.0-162.6 -64.7 129.6   36.0   25.5   34.6
  328  412 A D    >   -     0   0    8     -9,-0.7     3,-2.3    -2,-0.2     4,-0.1  -0.976  18.3-141.4-117.7 123.0   36.3   29.0   33.3
  329  413 A S  G >  S+     0   0   66     -2,-0.5     3,-2.2     1,-0.3     4,-0.3   0.727  97.3  73.8 -55.1 -24.4   39.7   30.3   32.4
  330  414 A H  G >  S+     0   0   54      1,-0.3     3,-0.8     2,-0.2    -1,-0.3   0.803  90.6  60.0 -60.4 -25.5   38.9   33.7   33.8
  331  415 A C  G <  S+     0   0    0     -3,-2.3    -1,-0.3   -12,-0.2    -2,-0.2   0.376 101.7  52.4 -83.5   3.8   39.2   32.0   37.2
  332  416 A A  G <  S+     0   0   36     -3,-2.2    -1,-0.2    -4,-0.1    -2,-0.2   0.298  81.9 119.8-118.3   3.4   42.8   31.1   36.5
  333  417 A L  S X  S-     0   0   46     -3,-0.8     3,-2.0    -4,-0.3    -3,-0.0  -0.265  78.9-108.3 -68.1 157.2   44.0   34.6   35.6
  334  418 A P  T 3  S+     0   0  118      0, 0.0    -1,-0.1     0, 0.0     4,-0.1   0.660 119.4  54.2 -61.8 -15.5   46.8   36.3   37.6
  335  419 A D  T 3  S+     0   0    1      2,-0.1   -48,-2.4   -49,-0.0     2,-0.4   0.243  92.2  89.1-102.4  13.6   44.2   38.8   39.0
  336  420 A A  B <  S-I  286   0C   4     -3,-2.0     2,-0.3   -50,-0.2   -50,-0.2  -0.913  83.7-116.7-110.2 135.8   42.0   36.0   40.3
  337  421 A L        -     0   0   41    -52,-3.0    -2,-0.1    -2,-0.4    -4,-0.1  -0.567  46.0-125.2 -74.7 130.4   42.5   34.5   43.8
  338  422 A Q  S    S+     0   0   83     -2,-0.3     2,-0.1     1,-0.2    -6,-0.0  -0.941  76.7  38.8-137.3 156.7   43.5   30.9   43.7
  339  423 A P  S    S+     0   0  115      0, 0.0    -1,-0.2     0, 0.0    -7,-0.1   0.459  77.9 176.3 -76.8 141.4   43.0   28.1   44.5
  340  424 A A        -     0   0    8     -9,-0.2   -20,-1.8    -2,-0.1   -19,-0.5  -0.911  20.6-134.0-117.9 143.0   39.3   28.6   44.3
  341  425 A P        -     0   0   35      0, 0.0   -23,-0.2     0, 0.0     3,-0.1  -0.073  48.7 -54.6 -80.7-177.9   36.4   26.1   44.7
  342  426 A Q  S >  S-     0   0  129      1,-0.1     3,-2.0   -24,-0.1   -26,-0.3  -0.199  75.1 -80.1 -58.0 153.2   33.3   25.5   42.6
  343  427 A A  T 3  S+     0   0   50      1,-0.3   -26,-0.2   -26,-0.2    -1,-0.1  -0.250 119.6  17.3 -54.3 137.1   31.1   28.6   41.9
  344  428 A G  T 3  S+     0   0   32    -28,-3.3    -1,-0.3     1,-0.3   -27,-0.1   0.160  98.9 118.8  85.4 -21.6   28.8   29.3   44.9
  345  429 A A  S <  S-     0   0   19     -3,-2.0   -29,-3.3   -30,-0.1    -1,-0.3  -0.390  79.0 -84.5 -75.9 157.0   30.9   27.2   47.2
  346  430 A W  B     -J  315   0D  30    -31,-0.2     2,-0.5    -3,-0.1   -31,-0.2  -0.431  37.9-166.5 -68.0 131.5   32.6   28.8   50.3
  347  431 A F    >>  -     0   0   11    -33,-3.1     4,-1.9    -2,-0.2     3,-1.0  -0.787   3.7-173.3-121.5  83.3   36.0   30.4   49.5
  348  432 A Q  H 3> S+     0   0  104     -2,-0.5     4,-2.5     1,-0.3     5,-0.2   0.832  80.6  51.0 -45.2 -53.8   37.6   31.1   52.9
  349  433 A A  H 3> S+     0   0   56      1,-0.2     4,-1.8     2,-0.2    -1,-0.3   0.815 111.1  51.0 -60.9 -28.6   40.7   33.0   51.7
  350  434 A Y  H <> S+     0   0    2     -3,-1.0     4,-2.8     2,-0.2    -1,-0.2   0.901 107.9  50.8 -75.5 -39.7   38.4   35.3   49.7
  351  435 A F  H  X S+     0   0    0     -4,-1.9     4,-2.7   -37,-0.3     5,-0.2   0.939 111.7  49.3 -59.2 -45.5   36.1   36.0   52.6
  352  436 A V  H  X S+     0   0   44     -4,-2.5     4,-2.7     1,-0.2    -1,-0.2   0.881 109.8  51.0 -61.3 -39.8   39.3   36.8   54.6
  353  437 A Q  H  X S+     0   0   28     -4,-1.8     4,-2.4    -5,-0.2    -2,-0.2   0.947 112.1  47.0 -62.2 -48.5   40.5   39.1   51.8
  354  438 A L  H  < S+     0   0    0     -4,-2.8   -63,-1.8     1,-0.2    -2,-0.2   0.893 114.4  46.4 -59.5 -43.9   37.1   40.9   51.8
  355  439 A L  H >< S+     0   0    2     -4,-2.7     3,-1.0     1,-0.2     7,-0.5   0.909 112.4  50.8 -65.8 -44.1   37.0   41.3   55.6
  356  440 A T  H 3< S+     0   0   78     -4,-2.7    -2,-0.2     1,-0.2    -1,-0.2   0.890 118.0  37.3 -61.6 -42.6   40.6   42.5   55.6
  357  441 A N  T 3< S+     0   0   29     -4,-2.4    -1,-0.2   -68,-0.4    -2,-0.2   0.210  87.7 142.2 -97.3  15.6   40.0   45.2   53.0
  358  442 A A    <   -     0   0    4     -3,-1.0   -66,-0.2   -68,-0.1     5,-0.1  -0.244  39.1-146.1 -61.9 141.5   36.5   46.1   54.1
  359  443 A N  S    S+     0   0   94    -68,-2.4     2,-0.2     1,-0.4   -69,-0.1  -0.826  97.9  38.6-154.8 111.2   35.4   49.8   54.0
  360  444 A P  S    S-     0   0   74      0, 0.0    -1,-0.4     0, 0.0     2,-0.1   0.436 116.0-128.3 -54.5 144.9   33.6   50.6   56.1
  361  445 A S        -     0   0   77     -2,-0.2    -2,-0.1     1,-0.1    -5,-0.1  -0.347  21.7-160.2 -74.6 153.4   35.8   48.4   58.2
  362  446 A F              0   0   31     -7,-0.5    -1,-0.1    -4,-0.1    -6,-0.1   0.699 360.0 360.0-100.7 -31.0   34.5   45.6   60.4
  363  447 A L              0   0  123     -8,-0.3    -2,-0.1    -5,-0.1  -327,-0.1  -0.463 360.0 360.0 -74.7 360.0   37.7   45.4   62.5
