==== Secondary Structure Definition by the program DSSP, CMBI version by M.L. Hekkelman/2010-10-21 ==== DATE=2014-07-07        .
REFERENCE W. KABSCH AND C.SANDER, BIOPOLYMERS 22 (1983) 2577-2637                                                              .
                                                                                                                               .
  344  1  0  0  0 TOTAL NUMBER OF RESIDUES, NUMBER OF CHAINS, NUMBER OF SS-BRIDGES(TOTAL,INTRACHAIN,INTERCHAIN)                .
 14106.0   ACCESSIBLE SURFACE OF PROTEIN (ANGSTROM**2)                                                                         .
  238 69.2   TOTAL NUMBER OF HYDROGEN BONDS OF TYPE O(I)-->H-N(J)  , SAME NUMBER PER 100 RESIDUES                              .
    2  0.6   TOTAL NUMBER OF HYDROGEN BONDS IN     PARALLEL BRIDGES, SAME NUMBER PER 100 RESIDUES                              .
  139 40.4   TOTAL NUMBER OF HYDROGEN BONDS IN ANTIPARALLEL BRIDGES, SAME NUMBER PER 100 RESIDUES                              .
    3  0.9   TOTAL NUMBER OF HYDROGEN BONDS OF TYPE O(I)-->H-N(I-5), SAME NUMBER PER 100 RESIDUES                              .
    4  1.2   TOTAL NUMBER OF HYDROGEN BONDS OF TYPE O(I)-->H-N(I-4), SAME NUMBER PER 100 RESIDUES                              .
    5  1.5   TOTAL NUMBER OF HYDROGEN BONDS OF TYPE O(I)-->H-N(I-3), SAME NUMBER PER 100 RESIDUES                              .
    0  0.0   TOTAL NUMBER OF HYDROGEN BONDS OF TYPE O(I)-->H-N(I-2), SAME NUMBER PER 100 RESIDUES                              .
    0  0.0   TOTAL NUMBER OF HYDROGEN BONDS OF TYPE O(I)-->H-N(I-1), SAME NUMBER PER 100 RESIDUES                              .
    0  0.0   TOTAL NUMBER OF HYDROGEN BONDS OF TYPE O(I)-->H-N(I+0), SAME NUMBER PER 100 RESIDUES                              .
    0  0.0   TOTAL NUMBER OF HYDROGEN BONDS OF TYPE O(I)-->H-N(I+1), SAME NUMBER PER 100 RESIDUES                              .
   40 11.6   TOTAL NUMBER OF HYDROGEN BONDS OF TYPE O(I)-->H-N(I+2), SAME NUMBER PER 100 RESIDUES                              .
   36 10.5   TOTAL NUMBER OF HYDROGEN BONDS OF TYPE O(I)-->H-N(I+3), SAME NUMBER PER 100 RESIDUES                              .
   10  2.9   TOTAL NUMBER OF HYDROGEN BONDS OF TYPE O(I)-->H-N(I+4), SAME NUMBER PER 100 RESIDUES                              .
    3  0.9   TOTAL NUMBER OF HYDROGEN BONDS OF TYPE O(I)-->H-N(I+5), SAME NUMBER PER 100 RESIDUES                              .
  1  2  3  4  5  6  7  8  9 10 11 12 13 14 15 16 17 18 19 20 21 22 23 24 25 26 27 28 29 30     *** HISTOGRAMS OF ***           .
  0  0  0  0  1  0  1  0  0  0  0  0  0  0  0  0  0  0  0  0  0  0  0  0  0  0  0  0  0  0    RESIDUES PER ALPHA HELIX         .
  1  0  0  0  0  0  0  0  0  0  0  0  0  0  0  0  0  0  0  0  0  0  0  0  0  0  0  0  0  0    PARALLEL BRIDGES PER LADDER      .
  6  6  2  2  5  0  2  2  1  1  0  0  0  0  0  0  0  0  0  0  0  0  0  0  0  0  0  0  0  0    ANTIPARALLEL BRIDGES PER LADDER  .
  5  1  0  2  0  0  0  0  1  0  0  0  0  0  0  0  0  0  0  0  0  0  0  0  0  0  0  0  0  0    LADDERS PER SHEET                .
  #  RESIDUE AA STRUCTURE BP1 BP2  ACC     N-H-->O    O-->H-N    N-H-->O    O-->H-N    TCO  KAPPA ALPHA  PHI   PSI    X-CA   Y-CA   Z-CA 
    1   -1 A G              0   0   67      0, 0.0     2,-0.3     0, 0.0   156,-0.0   0.000 360.0 360.0 360.0 109.5   10.8    0.7   61.3
    2    0 A H        -     0   0  124      1,-0.0   154,-2.3   154,-0.0    28,-0.2  -0.803 360.0 -97.5-115.0 156.3   11.1    4.1   63.0
    3    1 A M  B     -A  155   0A 103     -2,-0.3   152,-0.2   152,-0.2    -1,-0.0  -0.392  51.9-109.6 -65.1 135.5    8.7    6.6   64.1
    4    2 A A        -     0   0    1    150,-2.2     2,-0.3   123,-0.3    24,-0.2  -0.271  16.7-138.4 -74.3 156.3    8.3    9.4   61.5
    5    3 A S  E     -J   27   0B  79     22,-2.5    22,-2.0   122,-0.1     2,-0.4  -0.749  22.3-135.1-101.7 151.5    9.4   13.0   61.6
    6    4 A V  E     -J   26   0B  36     -2,-0.3     2,-0.3   120,-0.2    20,-0.2  -0.945  21.1-179.7-121.8 136.7    7.1   15.7   60.4
    7    5 A T  E     -J   25   0B  75     18,-1.7    18,-2.7    -2,-0.4     2,-0.3  -0.932   8.8-158.8-126.6 148.9    7.8   18.6   58.1
    8    6 A R  E     +J   24   0B 129     -2,-0.3     2,-0.3    16,-0.2    16,-0.2  -0.960  15.4 157.0-136.0 154.9    5.6   21.3   56.8
    9    7 A A  E     -J   23   0B  54     14,-1.9    14,-3.0    -2,-0.3     2,-0.5  -0.990  46.2 -87.0-160.3 166.2    5.4   23.9   54.0
   10    8 A V  E     +J   22   0B 106     -2,-0.3    12,-0.2    12,-0.2     3,-0.1  -0.708  39.2 172.4 -81.4 126.5    3.2   26.0   51.8
   11    9 A F  E     -     0   0B  46     10,-2.5    53,-0.3    -2,-0.5     2,-0.3   0.800  56.5 -32.3-101.3 -43.2    1.9   24.0   48.9
   12   10 A G  E     -J   21   0B  16      9,-1.9     9,-2.6    51,-0.1     2,-0.4  -0.959  49.4-112.1-164.6-178.9   -0.6   26.4   47.3
   13   11 A E  E     -J   20   0B 105     -2,-0.3     7,-0.2     7,-0.2     4,-0.1  -0.975  29.5-124.9-137.5 121.2   -3.2   29.0   47.7
   14   12 A L  E  >> -J   19   0B  11      5,-3.0     4,-1.1    -2,-0.4     5,-1.0  -0.418  31.7-111.0 -67.5 133.7   -6.9   28.6   47.1
   15   13 A P  T >45S+     0   0   83      0, 0.0     3,-0.6     0, 0.0    -1,-0.1  -0.108  98.2  35.3 -58.3 156.5   -8.5   31.0   44.6
   16   14 A S  T 345S-     0   0  130      1,-0.2    -2,-0.1     2,-0.1     0, 0.0   0.942 138.1 -63.3  60.3  46.4  -11.0   33.6   45.8
   17   15 A G  T 345S+     0   0   76      1,-0.2    -1,-0.2    -3,-0.1     3,-0.1   0.812  89.5 156.8  46.4  33.4   -9.0   34.1   49.0
   18   16 A G  T <<5 -     0   0   41     -4,-1.1     2,-0.2    -3,-0.6    -1,-0.2   0.774  51.9-110.4 -60.0 -24.0   -9.9   30.5   49.7
   19   17 A G  E   < -J   14   0B  20     -5,-1.0    -5,-3.0     2,-0.0     2,-0.5  -0.559  37.7 -49.3 120.0 173.0   -6.9   30.3   52.0
   20   18 A T  E     -J   13   0B  65     -7,-0.2     2,-0.5    -2,-0.2    -7,-0.2  -0.751  41.1-152.6 -91.1 124.1   -3.5   28.7   52.2
   21   19 A V  E     -J   12   0B   0     -9,-2.6   -10,-2.5    -2,-0.5    -9,-1.9  -0.815  14.4-159.5 -96.2 131.2   -3.0   25.0   51.6
   22   20 A E  E     -J   10   0B  40     -2,-0.5    15,-1.5   -12,-0.2     2,-0.4  -0.661   8.6-140.2-104.1 163.8   -0.0   23.4   53.4
   23   21 A K  E     -JK   9  36B  45    -14,-3.0   -14,-1.9    -2,-0.2     2,-0.4  -0.981  12.8-161.1-122.6 133.8    1.8   20.2   52.7
   24   22 A F  E     -JK   8  35B   0     11,-3.3    11,-2.3    -2,-0.4     2,-0.6  -0.958   4.4-155.6-118.3 129.5    2.9   17.9   55.5
   25   23 A Q  E     -JK   7  34B  65    -18,-2.7   -18,-1.7    -2,-0.4     2,-0.6  -0.932   4.5-166.5-115.0 120.8    5.6   15.3   55.0
   26   24 A L  E     +JK   6  33B   0      7,-2.8     7,-3.3    -2,-0.6     2,-0.4  -0.909  15.3 178.7-102.7 118.5    5.8   12.3   57.1
   27   25 A Q  E     +JK   5  32B  83    -22,-2.0   -22,-2.5    -2,-0.6     5,-0.2  -0.990  10.3 166.5-130.5 135.4    9.0   10.4   56.7
   28   26 A S        -     0   0    6      3,-3.4   -25,-0.1    -2,-0.4   -24,-0.1  -0.569  57.4 -89.6-123.0-172.2   10.3    7.3   58.4
   29   27 A D  S    S+     0   0   62    -27,-0.2     3,-0.1    -2,-0.2   128,-0.1   0.776 127.5  33.7 -74.6 -20.1   13.2    5.2   57.5
   30   28 A L  S    S+     0   0   61    126,-0.3    18,-0.5   -28,-0.2     2,-0.3   0.661 121.3  24.9-105.0 -30.2   10.9    3.1   55.3
   31   29 A L        -     0   0    2    125,-0.4    -3,-3.4    16,-0.1     2,-0.4  -0.941  48.2-155.8-138.5 169.2    8.3    5.5   53.9
   32   30 A R  E     -KL  27  46B 108     14,-1.1    14,-2.2    -2,-0.3     2,-0.4  -0.984  17.8-173.2-142.3 122.2    7.6    9.0   52.9
   33   31 A V  E     -KL  26  45B   0     -7,-3.3    -7,-2.8    -2,-0.4     2,-0.4  -0.970   9.2-155.8-122.2 135.7    4.1   10.3   52.8
   34   32 A D  E     +KL  25  44B  24     10,-2.6     9,-1.7    -2,-0.4    10,-1.1  -0.946  16.4 177.4-111.8 131.3    2.9   13.7   51.5
   35   33 A I  E     -KL  24  42B   0    -11,-2.3   -11,-3.3    -2,-0.4     2,-0.3  -0.998  12.6-155.2-138.9 135.0   -0.4   15.1   52.7
   36   34 A I  E   > -KL  23  41B   0      5,-2.4     5,-1.1    -2,-0.4   -13,-0.2  -0.827  23.7-126.7-111.5 150.4   -2.2   18.4   52.1
   37   35 A S  T   5S+     0   0    2    -15,-1.5    83,-3.9    -2,-0.3     2,-0.9   0.408  86.9  92.0 -68.5  -4.7   -4.8   20.2   54.1
   38   36 A W  B > 5S-N  119   0C  23    -16,-0.3     3,-1.1    81,-0.2    81,-0.2  -0.863 119.6 -21.0 -97.3 109.9   -7.2   20.5   51.3
   39   37 A G  T 3 5S-     0   0    0     79,-2.8    38,-2.4    -2,-0.9    -1,-0.2   0.718 104.7 -87.5  64.3  22.8   -9.4   17.4   51.6
   40   38 A C  T 3 5S-     0   0    0     78,-0.2     2,-0.4     1,-0.2    -1,-0.2   0.872  72.8-172.4  42.1  44.3   -6.6   15.7   53.7
   41   39 A T  E < < -L   36   0B   2     -3,-1.1    -5,-2.4    -5,-1.1     2,-0.8  -0.545  28.4-141.1 -79.4 124.7   -5.2   14.5   50.4
   42   40 A I  E     +L   35   0B   2     33,-2.7    -7,-0.2    -2,-0.4     3,-0.1  -0.735  26.4 173.6 -82.1 114.6   -2.4   12.1   50.1
   43   41 A T  E     +     0   0B   1     -9,-1.7     2,-0.3    -2,-0.8    -1,-0.2   0.734  60.0  17.3 -94.9 -28.8   -0.4   13.5   47.2
   44   42 A A  E     -L   34   0B  11    -10,-1.1   -10,-2.6    31,-0.1     2,-0.3  -0.995  51.1-176.3-150.3 142.5    2.6   11.2   47.3
   45   43 A L  E     -L   33   0B   0     -2,-0.3    12,-4.9    13,-0.3     2,-0.5  -0.827  11.2-164.7-146.2 100.9    3.6    7.9   48.7
   46   44 A E  E     +LM  32  56B  54    -14,-2.2   -14,-1.1    -2,-0.3     2,-0.3  -0.775  13.2 173.2 -92.0 120.6    7.1    6.6   48.3
   47   45 A V  E     - M   0  55B   3      8,-2.9     8,-3.7    -2,-0.5     2,-0.2  -0.941  25.5-120.9-128.0 147.6    7.8    3.0   48.9
   48   46 A K  E     - M   0  54B  77    -18,-0.5     6,-0.3    -2,-0.3     2,-0.1  -0.529  16.1-148.2 -88.7 151.5   10.9    0.9   48.4
   49   47 A D    >   -     0   0   17      4,-1.7     3,-2.2    -2,-0.2   219,-0.2  -0.332  48.3 -77.6-101.9-170.2   11.4   -2.3   46.2
   50   48 A R  T 3  S+     0   0  135    217,-1.6   218,-0.1     1,-0.3   217,-0.1   0.877 134.4  55.4 -56.7 -38.3   13.7   -5.2   46.9
   51   49 A Q  T 3  S-     0   0  165    216,-0.2    -1,-0.3     2,-0.1     3,-0.1   0.313 120.3-111.1 -76.8  10.2   16.6   -3.0   45.6
   52   50 A G  S <  S+     0   0   44     -3,-2.2     2,-0.6     1,-0.3    -2,-0.2   0.723  70.0 150.0  67.6  14.8   15.7   -0.4   48.2
   53   51 A R        -     0   0  153      1,-0.0    -4,-1.7     2,-0.0     2,-0.5  -0.739  40.2-140.0 -84.3 126.4   14.6    1.7   45.2
   54   52 A A  E     -M   48   0B  13     -2,-0.6     2,-0.4    -6,-0.3    -6,-0.3  -0.722  20.2-175.2 -91.7 128.2   11.8    4.0   46.3
   55   53 A S  E     -M   47   0B  30     -8,-3.7    -8,-2.9    -2,-0.5     2,-0.6  -0.947  31.7-117.8-120.5 138.3    8.9    4.6   44.0
   56   54 A D  E     -M   46   0B  17     -2,-0.4   130,-2.9   -10,-0.3   -10,-0.3  -0.643  32.6-169.6 -72.8 118.9    6.0    7.0   44.5
   57   55 A V        +     0   0    0    -12,-4.9   125,-2.2    -2,-0.6     2,-0.4   0.301  51.3  75.6-102.0  11.8    3.1    4.7   44.5
   58   56 A V  B    S-O  181   0D   1    123,-0.2   -13,-0.3   -13,-0.1   123,-0.2  -0.985  74.4-121.9-127.8 140.2    0.0    6.9   44.4
   59   57 A L        +     0   0    1    121,-1.6   121,-0.4    -2,-0.4     2,-0.3  -0.394  56.7 115.4 -70.6 143.9   -1.5    8.7   41.5
   60   58 A G        -     0   0    0     -2,-0.1   235,-0.5   119,-0.1     2,-0.4  -0.967  55.0 -70.3 178.6-164.3   -1.8   12.4   42.0
   61   59 A F        -     0   0    6     -2,-0.3   234,-0.1   233,-0.1   233,-0.1  -0.915  16.9-140.1-125.8 147.6   -0.8   15.9   41.1
   62   60 A A  S    S+     0   0   51     -2,-0.4     2,-0.3   232,-0.3    -1,-0.1   0.721  88.6  29.5 -71.8 -24.3    2.3   18.0   41.4
   63   61 A E  S >> S-     0   0  118      1,-0.1     4,-0.7   -51,-0.0     3,-0.6  -0.946  80.9-111.4-137.2 164.7    0.4   21.1   42.2
   64   62 A L  H >> S+     0   0    1     -2,-0.3     3,-3.4   -53,-0.3     4,-1.5   0.959 111.9  63.2 -57.3 -55.9   -2.7   22.2   43.8
   65   63 A E  H 3> S+     0   0  124      1,-0.3     4,-1.3     2,-0.2     3,-0.3   0.860  97.3  61.5 -38.6 -39.9   -4.3   23.4   40.6
   66   64 A G  H <4 S+     0   0   11     -3,-0.6    -1,-0.3     1,-0.2    -2,-0.2   0.829 103.7  47.9 -59.0 -32.4   -4.2   19.8   39.5
   67   65 A Y  H << S+     0   0    7     -3,-3.4     4,-0.3    -4,-0.7    -1,-0.2   0.832 108.5  55.5 -76.5 -31.3   -6.4   18.8   42.4
   68   66 A L  H  < S+     0   0   63     -4,-1.5    -2,-0.2    -3,-0.3    -1,-0.2   0.650  90.9  85.7 -74.8 -22.6   -8.9   21.6   41.7
   69   67 A Q  S  < S-     0   0   46     -4,-1.3     2,-1.1     1,-0.1    -3,-0.0  -0.220 106.2 -68.1 -73.6 178.7   -9.5   20.7   38.2
   70   68 A K  S    S+     0   0  203      2,-0.1    -1,-0.1     3,-0.0    -2,-0.1  -0.532  79.3 145.1 -69.8  99.7  -12.1   18.1   37.3
   71   69 A Q        -     0   0   36     -2,-1.1     2,-2.2    -4,-0.3    -4,-0.0  -0.971  58.1-101.7-138.9 153.7  -10.6   14.9   38.6
   72   70 A P  S    S-     0   0   39      0, 0.0    -2,-0.1     0, 0.0   215,-0.0  -0.355  70.3 -77.1 -79.0  67.0  -11.9   11.7   40.2
   73   71 A Y    >   -     0   0   36     -2,-2.2     3,-1.5     1,-0.2   105,-0.2   0.646  58.1-156.7  58.5  23.6  -11.2   12.2   43.9
   74   72 A F  T 3   -     0   0    1      1,-0.2   105,-0.2   105,-0.1    -1,-0.2  -0.079  61.8 -34.0 -42.8 121.5   -7.5   11.5   43.9
   75   73 A G  T 3  S+     0   0    1    103,-1.4   -33,-2.7     1,-0.2   104,-0.4   0.415 101.2 132.9  42.3  21.1   -6.3   10.3   47.3
   76   74 A A    <   -     0   0    3     -3,-1.5   102,-2.7   102,-0.3     2,-0.4  -0.338  63.6 -96.3 -92.2 171.8   -8.6   12.5   49.4
   77   75 A V  E     -Q  177   0E   0    -38,-2.4     2,-0.5   100,-0.2   100,-0.2  -0.688  40.8-147.4 -83.5 134.5  -10.9   12.0   52.3
   78   76 A I  E     -Q  176   0E   0     98,-2.9    98,-1.6    -2,-0.4     4,-0.3  -0.937  29.8  -6.0-117.0 132.2  -14.4   11.3   51.3
   79   77 A G        -     0   0    0     -2,-0.5    36,-2.2    30,-0.4    37,-0.3  -0.915  39.2-140.4-178.7-179.6  -17.6   12.3   53.2
   80   78 A R  S    S-     0   0    5     -2,-0.2    94,-2.0    34,-0.2     2,-0.5  -0.918 130.5  -0.9 -59.3 -30.9  -20.0   13.1   54.8
   81   79 A V  B    S-r  174   0F  11     92,-0.2    29,-1.1     2,-0.1    -2,-0.2  -0.943  77.0-137.8-132.2 113.8  -21.0    9.8   53.2
   82   80 A A        -     0   0    1     92,-2.7    93,-0.1    -2,-0.5    -2,-0.0  -0.295  65.5  -2.4 -67.8 148.5  -18.8    7.8   50.9
   83   81 A N  S    S-     0   0    6    231,-0.1    26,-1.3   232,-0.1    27,-0.5  -0.297 103.6 -15.8  72.0-159.0  -20.2    6.2   47.8
   84   82 A R  E     -S  108   0G  24     24,-0.2   231,-1.3   126,-0.2     2,-0.4  -0.565  35.8-166.6 -94.1 149.9  -23.8    6.3   46.6
   85   83 A I  E >   -S  107   0G   3     22,-2.1     3,-3.1    -2,-0.2    22,-1.3  -0.959  38.7-112.5-130.0 106.7  -27.1    7.1   48.1
   86   84 A A  G >  S-     0   0   24     -2,-0.4     3,-2.3     1,-0.3    20,-0.1  -0.063  94.1  -9.6 -44.1 129.7  -30.0    6.1   46.0
   87   85 A K  G 3  S-     0   0  132      1,-0.3    -1,-0.3    18,-0.1    19,-0.2   0.596 109.5 -88.3  55.1  15.0  -32.0    8.9   44.6
   88   86 A G  G <  S+     0   0    1     -3,-3.1    11,-3.5     1,-0.2     2,-0.4   0.869 100.2 117.0  54.1  33.7  -30.0   11.2   46.9
   89   87 A T  E <   +T   98   0H  34     -3,-2.3     2,-0.3     9,-0.2     9,-0.2  -0.989  31.3 150.8-141.1 143.0  -32.6   10.6   49.4
   90   88 A F  E     -T   97   0H   0      7,-1.8     7,-4.0    -2,-0.4     2,-0.4  -0.973  31.4-126.3-157.4 161.9  -32.8    9.1   52.9
   91   89 A K  E     -T   96   0H 114    226,-0.3     2,-0.5    -2,-0.3     5,-0.3  -0.969  14.8-168.7-122.8 134.8  -34.9    9.4   56.0
   92   90 A V  E >  S-T   95   0H   3      3,-3.2     3,-2.0    -2,-0.4    -2,-0.0  -0.972  75.5 -18.9-121.2 121.1  -33.6    9.9   59.5
   93   91 A D  T 3  S-     0   0  103     -2,-0.5    -1,-0.2     1,-0.3     3,-0.1   0.949 130.8 -46.1  50.3  53.3  -35.9    9.5   62.4
   94   92 A G  T 3  S+     0   0   83      1,-0.2     2,-0.5    -3,-0.1    -1,-0.3   0.345 117.0 113.4  74.8  -9.0  -39.0    9.9   60.3
   95   93 A K  E <   -T   92   0H 117     -3,-2.0    -3,-3.2     0, 0.0     2,-0.4  -0.815  60.2-137.5-103.5 137.9  -37.7   12.8   58.5
   96   94 A E  E     -T   91   0H  89     -2,-0.5     2,-0.3    -5,-0.3    -5,-0.3  -0.768  17.7-164.4 -95.2 132.5  -36.8   12.7   54.8
   97   95 A Y  E     -T   90   0H  50     -7,-4.0    -7,-1.8    -2,-0.4     2,-0.4  -0.847   5.3-152.6-117.6 150.4  -33.6   14.3   53.5
   98   96 A H  E     -T   89   0H 121     -2,-0.3    -9,-0.2    43,-0.2     2,-0.2  -0.991  11.6-170.5-127.6 127.9  -32.6   15.2   50.0
   99   97 A L        -     0   0   17    -11,-3.5    42,-0.1    -2,-0.4     2,-0.1  -0.579  36.0 -76.9-110.7 172.8  -29.1   15.5   48.6
  100   98 A A        -     0   0   29     40,-0.5     2,-1.3    -2,-0.2     8,-0.2  -0.454  34.0-135.0 -71.1 141.8  -27.4   16.8   45.4
  101   99 A I    >   +     0   0   63      1,-0.2     3,-0.5     6,-0.1     6,-0.2  -0.691  44.0 153.2 -98.8  78.5  -27.7   14.5   42.4
  102  100 A N  T 3  S+     0   0   31     -2,-1.3     5,-0.2     1,-0.3    -1,-0.2   0.353  76.0  37.8 -86.9   2.8  -24.2   14.8   41.3
  103  101 A K  B >  S-U  106   0I 110      3,-2.1     3,-2.5    -3,-0.1    -1,-0.3  -0.301 111.5 -98.9-154.6  62.2  -24.5   11.4   39.7
  104  102 A E  T <  S+     0   0  156     -3,-0.5     3,-0.1     1,-0.4    -2,-0.0   0.164 104.8   9.1 -25.4 132.4  -27.8   10.9   38.1
  105  103 A P  T 3  S+     0   0   57      0, 0.0    -1,-0.4     0, 0.0     2,-0.2  -0.920 131.0  43.3 -96.8  22.2  -29.9    9.5   39.4
  106  104 A N  B <  S-U  103   0I   3     -3,-2.5    -3,-2.1   -19,-0.2     2,-0.4  -0.586  70.8-110.5-117.6 179.7  -28.0    9.4   42.6
  107  105 A S  E     -S   85   0G   2    -22,-1.3   -22,-2.1    -6,-0.2     2,-0.4  -0.907  36.1-165.7-109.9 133.1  -25.8   11.2   45.1
  108  106 A L  E >   -S   84   0G  13     -2,-0.4     3,-1.9   -24,-0.2   -24,-0.2  -0.957  51.8 -12.0-130.6 146.7  -22.1   10.3   45.4
  109  107 A H  T 3  S-     0   0    9    -26,-1.3   -30,-0.4    -2,-0.4     7,-0.3   0.770 124.6 -44.1  36.7  51.1  -19.3   10.9   47.7
  110  108 A G  T 3  S-     0   0    2    -29,-1.1    -1,-0.3   -27,-0.5     3,-0.3   0.447  96.0 -85.5  84.7   2.1  -20.8   13.6   49.8
  111  109 A G  S <  S-     0   0    4     -3,-1.9     3,-0.5     1,-0.2   -32,-0.0  -0.682  75.0 -32.4 106.1-159.4  -22.5   15.9   47.2
  112  110 A V  S    S+     0   0   76      1,-0.3     2,-0.5    -2,-0.3    -1,-0.2   0.935 139.9  26.5 -70.4 -48.6  -21.3   18.7   45.1
  113  111 A R  S    S+     0   0  133     -3,-0.3    -1,-0.3     3,-0.0    -3,-0.1  -0.729  87.9 169.5-118.7  80.7  -18.8   20.0   47.6
  114  112 A G    >   -     0   0    3     -2,-0.5     3,-2.6    -3,-0.5   -34,-0.2  -0.135  53.6 -78.9 -83.6 178.2  -17.8   17.0   49.8
  115  113 A F  G >  S+     0   0    1    -36,-2.2     3,-0.9     1,-0.3   -38,-0.2   0.765 123.8  65.3 -50.7 -29.1  -15.0   16.5   52.3
  116  114 A D  G 3  S+     0   0   11    -37,-0.3    -1,-0.3    -7,-0.3   -38,-0.1   0.621 102.6  50.3 -73.7 -10.7  -12.4   16.1   49.6
  117  115 A K  G <  S+     0   0   70     -3,-2.6     2,-0.3   -40,-0.1    -1,-0.3  -0.152  93.2  80.8-123.2  45.0  -12.9   19.6   48.5
  118  116 A V  S <  S-     0   0   29     -3,-0.9   -79,-2.8   -81,-0.0     2,-0.5  -0.945  80.7-102.0-139.1 159.7  -12.7   21.7   51.5
  119  117 A L  B     -N   38   0C  48     -2,-0.3   -81,-0.2   -81,-0.2     2,-0.2  -0.742  35.2-155.6 -88.2 129.7   -9.9   23.0   53.5
  120  118 A W        -     0   0    4    -83,-3.9    13,-0.2    -2,-0.5   -83,-0.1  -0.677  17.7-117.0-100.2 156.3   -9.1   21.2   56.7
  121  119 A T  E     -B  132   0A  96     11,-2.8    11,-2.3    -2,-0.2     2,-0.3  -0.841  32.5-144.9 -98.1 125.1   -7.3   22.6   59.8
  122  120 A P  E     -B  131   0A  31      0, 0.0     2,-0.4     0, 0.0     9,-0.2  -0.656  19.6-176.9 -96.4 145.5   -4.0   20.9   60.7
  123  121 A R  E     -B  130   0A 153      7,-2.3     7,-2.1    -2,-0.3     2,-0.3  -0.989  26.9-130.8-135.4 119.7   -2.4   20.2   63.9
  124  122 A V  E     -B  129   0A  54     -2,-0.4     5,-0.3     5,-0.2     2,-0.2  -0.610  24.1-165.9 -80.1 136.6    1.0   18.7   63.8
  125  123 A L  E >   -B  128   0A  63      3,-3.4     3,-0.8    -2,-0.3  -119,-0.1  -0.540  35.8 -97.2-108.2 174.8    1.6   15.7   65.9
  126  124 A S  T 3  S+     0   0  107      1,-0.2  -120,-0.2    -2,-0.2     3,-0.1   0.896 120.5  12.3 -60.5 -43.0    4.8   13.9   67.0
  127  125 A N  T 3  S-     0   0   48   -122,-0.1    27,-2.2    25,-0.0  -123,-0.3  -0.156 136.7 -11.6-128.9  38.3    4.7   11.3   64.3
  128  126 A G  E <  S-BC 125 153A   0     -3,-0.8    -3,-3.4    25,-0.2     2,-0.3  -0.985  72.2 -83.8 164.7-164.0    2.1   12.7   62.0
  129  127 A V  E     -BC 124 152A   0     23,-1.8    23,-2.8    -2,-0.3     2,-0.4  -0.966  20.1-149.0-142.2 152.3   -0.7   15.2   61.5
  130  128 A Q  E     -BC 123 151A  24     -7,-2.1    -7,-2.3    -2,-0.3     2,-0.4  -0.987   9.3-155.1-127.8 132.1   -4.3   15.5   62.4
  131  129 A F  E     -BC 122 150A   0     19,-4.0    19,-3.1    -2,-0.4     2,-0.3  -0.890  13.2-174.8-111.0 139.9   -6.9   17.4   60.3
  132  130 A S  E     +BC 121 149A  29    -11,-2.3   -11,-2.8    -2,-0.4     2,-0.3  -0.966   9.5 157.2-136.5 150.7  -10.0   18.8   61.8
  133  131 A R  E     - C   0 148A  38     15,-2.3    15,-2.7    -2,-0.3     2,-0.5  -0.985  33.4-125.5-163.4 160.9  -13.1   20.5   60.5
  134  132 A I  E     - C   0 147A  81     -2,-0.3    13,-0.2    13,-0.2    11,-0.0  -0.986  13.0-162.3-120.4 120.5  -16.6   21.2   61.2
  135  133 A S  E     - C   0 146A   1     11,-2.8    11,-3.1    -2,-0.5     3,-0.1  -0.909  29.6-137.8 -97.0 103.2  -19.3   20.2   58.6
  136  134 A P    >   -     0   0   54      0, 0.0     3,-3.3     0, 0.0     6,-0.1  -0.217  28.4 -77.4 -68.3 155.9  -22.2   22.4   59.7
  137  135 A D  T 3  S+     0   0  100      1,-0.3     8,-0.2     6,-0.1     3,-0.1  -0.254 121.9  23.9 -51.4 131.4  -25.8   21.3   59.9
  138  136 A G  T >  S+     0   0   38      4,-3.1     3,-3.6     1,-0.3    -1,-0.3   0.168  79.6 154.9  94.3 -16.0  -27.2   21.3   56.4
  139  137 A E  G X  S-     0   0   44     -3,-3.3     3,-2.5     1,-0.3    -1,-0.3  -0.247  83.7 -13.9 -51.5 123.5  -23.9   20.8   54.7
  140  138 A E  G 3  S-     0   0   43      1,-0.3   -40,-0.5    -3,-0.1    -1,-0.3   0.670 130.1 -56.6  53.6  24.3  -24.8   19.2   51.5
  141  139 A G  G <  S+     0   0   30     -3,-3.6    -1,-0.3     1,-0.4   -43,-0.2   0.377 104.1 132.6  96.4  -8.6  -28.2   18.4   52.7
  142  140 A Y    <   -     0   0    4     -3,-2.5    -4,-3.1    -4,-0.2    -1,-0.4  -0.562  54.1-123.3 -83.7 146.6  -27.1   16.5   55.7
  143  141 A P        +     0   0    6      0, 0.0    26,-0.2     0, 0.0    -6,-0.1  -0.603  66.1  27.1 -86.0 142.0  -28.5   17.1   59.1
  144  142 A G  S    S-     0   0    1     -2,-0.3     2,-0.5    24,-0.1    -6,-0.2   0.331  82.7 -84.6  87.5 145.4  -26.4   18.0   62.0
  145  143 A E        -     0   0   90     -8,-0.2    23,-1.9    -9,-0.1     2,-0.5  -0.724  46.2-159.0 -82.3 125.5  -23.2   19.7   62.8
  146  144 A L  E     -CD 135 167A   0    -11,-3.1   -11,-2.8    -2,-0.5     2,-0.6  -0.960   7.7-157.8-115.3 119.1  -20.5   17.1   62.4
  147  145 A K  E     -CD 134 166A  93     19,-3.4    19,-2.4    -2,-0.5     2,-0.4  -0.897  20.9-169.6 -97.5 123.5  -17.2   17.6   64.0
  148  146 A V  E     -CD 133 165A   0    -15,-2.7   -15,-2.3    -2,-0.6     2,-0.4  -0.948  17.9-172.4-123.9 142.7  -14.5   15.6   62.2
  149  147 A W  E     -CD 132 164A  52     15,-2.5    15,-2.3    -2,-0.4     2,-0.5  -0.998   3.7-168.6-131.8 123.7  -10.9   14.6   62.9
  150  148 A V  E     -CD 131 163A   0    -19,-3.1   -19,-4.0    -2,-0.4     2,-0.5  -0.973  10.8-169.0-115.1 117.9   -8.7   12.8   60.4
  151  149 A T  E     -CD 130 162A  15     11,-2.5    11,-2.8    -2,-0.5     2,-0.5  -0.967   6.4-171.2-119.3 116.8   -5.5   11.6   62.0
  152  150 A Y  E     +CD 129 161A   0    -23,-2.8   -23,-1.8    -2,-0.5     2,-0.3  -0.933  12.3 175.3-106.1 123.9   -2.6   10.2   59.9
  153  151 A T  E     -CD 128 160A  42      7,-2.8     7,-3.3    -2,-0.5     2,-0.4  -0.962  14.3-153.5-131.6 151.8    0.3    8.6   61.7
  154  152 A L  E     + D   0 159A   0    -27,-2.2  -150,-2.2    -2,-0.3     2,-0.4  -0.976  17.9 166.1-133.5 126.8    3.4    6.8   60.5
  155  153 A D  E >   -AD   3 158A  59      3,-2.4     3,-1.1    -2,-0.4     2,-0.5  -0.839  68.8 -51.9-138.4  99.8    5.5    4.2   62.1
  156  154 A G  T 3  S-     0   0    2   -154,-2.3  -125,-0.4    -2,-0.4  -126,-0.3  -0.655 122.1 -17.3  77.7-124.5    8.0    2.4   59.9
  157  155 A G  T 3  S+     0   0   12     -2,-0.5   184,-3.9  -127,-0.1     2,-0.6   0.141 118.1 101.5-102.0  16.4    6.2    1.1   56.8
  158  156 A E  E <   -DE 155 340A  54     -3,-1.1    -3,-2.4   182,-0.3     2,-0.6  -0.891  50.2-171.2-110.2 111.1    2.9    1.5   58.5
  159  157 A L  E     -DE 154 339A   0    180,-2.7   180,-3.3    -2,-0.6     2,-0.5  -0.880  10.6-163.3-103.6 119.2    0.6    4.4   57.7
  160  158 A I  E     -DE 153 338A  24     -7,-3.3    -7,-2.8    -2,-0.6     2,-0.5  -0.889   6.9-170.7-107.6 130.7   -2.4    4.6   60.0
  161  159 A V  E     -DE 152 337A   4    176,-3.1   176,-2.4    -2,-0.5     2,-0.4  -0.970   6.3-173.5-117.7 128.7   -5.5    6.7   59.3
  162  160 A N  E     -DE 151 336A  13    -11,-2.8   -11,-2.5    -2,-0.5     2,-0.5  -0.968  10.0-156.2-125.8 143.9   -8.1    7.2   61.9
  163  161 A Y  E     +DE 150 335A   5    172,-3.1   172,-2.6    -2,-0.4     2,-0.4  -0.982  13.7 175.4-119.8 122.1  -11.5    8.8   61.6
  164  162 A R  E     +DE 149 334A 123    -15,-2.3   -15,-2.5    -2,-0.5     2,-0.3  -0.955   8.0 170.5-121.9 138.1  -13.3   10.4   64.6
  165  163 A A  E     -DE 148 333A   1    168,-2.0   168,-3.2    -2,-0.4     2,-0.4  -0.999  19.8-164.1-151.7 151.1  -16.6   12.3   64.4
  166  164 A Q  E     -D  147   0A  76    -19,-2.4   -19,-3.4    -2,-0.3     2,-0.3  -0.992  15.0-153.4-137.0 126.6  -19.3   13.8   66.6
  167  165 A A  E     -D  146   0A  13     -2,-0.4   163,-0.4   161,-0.3   -21,-0.2  -0.665  16.4-152.2 -99.2 151.9  -22.7   14.8   65.4
  168  166 A S  S    S+     0   0   70    -23,-1.9     2,-0.3     1,-0.3   -24,-0.1   0.667  89.1  15.8 -93.5 -18.1  -25.0   17.3   66.8
  169  167 A Q  S    S-     0   0   91    -24,-0.3    -1,-0.3   -26,-0.2   158,-0.1  -0.996 105.2 -71.5-151.0 150.9  -27.9   15.5   65.5
  170  168 A A        +     0   0    1     -2,-0.3   158,-0.2    -3,-0.1    -2,-0.1  -0.069  67.9 149.6 -45.3 131.9  -28.5   12.0   64.2
  171  169 A T  E     -V  327   0J   0    156,-2.1   156,-3.8   -29,-0.1     2,-0.2  -0.988  47.3-100.6-162.3 154.5  -26.9   11.7   60.8
  172  170 A P  E     -V  326   0J   1      0, 0.0     2,-0.3     0, 0.0   154,-0.2  -0.523  37.1-174.9 -81.9 153.6  -25.2    9.1   58.6
  173  171 A V        +     0   0    3    152,-2.2   -92,-0.2    -2,-0.2     2,-0.2  -0.980  18.2 156.5-150.4 133.6  -21.5    9.0   58.5
  174  172 A N  B     -r   81   0F   2    -94,-2.0   -92,-2.7    -2,-0.3     2,-0.3  -0.602  17.3-179.1-164.2  92.4  -19.1    6.9   56.4
  175  173 A L        +     0   0    0    -94,-0.2     2,-0.3    -2,-0.2   -96,-0.2  -0.779  11.1 146.7-102.0 143.6  -15.6    8.3   55.8
  176  174 A T  E     -Q   78   0E   1    -98,-1.6   -98,-2.9    -2,-0.3     2,-0.4  -0.855  41.5 -99.1-156.1-174.9  -12.9    6.8   53.8
  177  175 A N  E     -Q   77   0E  13     -2,-0.3   131,-0.2  -100,-0.2  -100,-0.2  -0.978  14.8-160.1-125.1 130.7   -9.9    7.6   51.6
  178  176 A H        +     0   0    9   -102,-2.7  -103,-1.4    -2,-0.4  -102,-0.3  -0.190  33.4 151.4-102.0  38.2   -9.8    7.5   47.8
  179  177 A S        -     0   0    2   -104,-0.4     2,-0.5  -105,-0.2   129,-0.4  -0.463  39.4-137.8 -69.9 143.2   -6.2    7.1   47.1
  180  178 A Y        -     0   0    3   -121,-0.4  -121,-1.6   127,-0.1     2,-0.3  -0.930  22.1-157.7-106.2 127.8   -5.3    5.3   43.9
  181  179 A F  B     +OP  58 306D   2    125,-3.4   125,-1.7    -2,-0.5     2,-0.3  -0.785  23.7 174.0-108.8 147.9   -2.4    2.8   44.2
  182  180 A N    >   -     0   0    0   -125,-2.2     3,-2.7    -2,-0.3     6,-0.2  -0.779  12.2-166.0-147.9  95.3    0.0    1.3   41.6
  183  181 A L  T 3  S+     0   0    0      1,-0.3    86,-0.1    -2,-0.3     3,-0.1   0.719  88.8  62.9 -58.7 -21.2    2.6   -0.8   43.3
  184  182 A A  T 3  S-     0   0   35      1,-0.2    -1,-0.3     6,-0.2     3,-0.1   0.433 129.5 -76.6 -84.1   7.1    4.6   -0.9   40.3
  185  183 A G    X   -     0   0    8     -3,-2.7     3,-2.8  -128,-0.1    -1,-0.2   0.140  41.5 -89.7 108.0 137.0    4.9    2.9   40.6
  186  184 A Q  T 3  S+     0   0   20   -130,-2.9  -129,-0.1     1,-0.3    -1,-0.1   0.789 122.1  57.1 -41.7 -40.1    2.6    5.7   39.9
  187  185 A A  T 3  S+     0   0   67   -131,-0.3    -1,-0.3    -5,-0.1   112,-0.1   0.421  78.7 113.3 -80.2   1.1    3.8    6.0   36.3
  188  186 A S    <   -     0   0   26     -3,-2.8    -3,-0.1    -6,-0.2     3,-0.1  -0.409  68.7-133.6 -72.5 152.9    3.0    2.5   35.3
  189  187 A P  S    S+     0   0   84      0, 0.0     2,-0.3     0, 0.0    -1,-0.1   0.655  73.9   7.0 -82.4 -17.1    0.3    2.1   32.8
  190  188 A N        -     0   0   53    114,-0.2   114,-0.2     1,-0.0    -6,-0.2  -0.971  49.3-130.9-159.1 178.1   -1.7   -0.6   34.6
  191  189 A I    >   +     0   0    0    112,-1.3     3,-2.4    -2,-0.3    41,-0.3   0.245  68.1 113.2-115.3   2.7   -2.4   -2.9   37.4
  192  190 A N  T 3  S+     0   0   61      1,-0.3    41,-2.1   111,-0.2    42,-0.3   0.776  75.9  53.3 -50.2 -40.0   -2.7   -6.1   35.5
  193  191 A D  T 3  S+     0   0  110     39,-0.2    72,-0.4    -3,-0.1    -1,-0.3   0.442  85.5 111.8 -80.5   1.3    0.4   -7.7   37.1
  194  192 A H    <   -     0   0    1     -3,-2.4    38,-2.9    70,-0.1     2,-0.6  -0.516  60.3-142.9 -78.3 142.4   -0.9   -7.0   40.6
  195  193 A E  E     -FG 231 263A  78     68,-2.9    68,-3.6    36,-0.2     2,-0.3  -0.916  22.4-163.0-109.7 126.9   -1.8   -9.9   42.7
  196  194 A V  E     +FG 230 262A   3     34,-3.0    34,-2.1    -2,-0.6     2,-0.3  -0.858  19.4 180.0-117.9 149.2   -4.8   -9.4   45.0
  197  195 A T  E     - G   0 261A  18     64,-1.9    64,-2.2    -2,-0.3     2,-0.5  -0.980   3.3-178.2-144.7 123.3   -6.4  -10.9   48.0
  198  196 A I  E     - G   0 260A   3     28,-3.2     2,-1.9    -2,-0.3    28,-0.3  -0.970  23.3-140.8-125.7 116.9   -9.5   -9.8   49.7
  199  197 A E        +     0   0  106     60,-1.6    52,-0.6    -2,-0.5     2,-0.3  -0.526  57.8 119.8 -79.1  83.9  -10.7  -11.5   52.8
  200  198 A A  E     -W  250   0K   2     -2,-1.9    26,-0.3    50,-0.2    50,-0.2  -0.991  45.6-166.0-146.1 136.1  -14.5  -11.5   52.2
  201  199 A D  E    S+     0   0K  53     48,-0.6    18,-3.4    -2,-0.3    19,-0.6   0.691  80.7  35.1 -90.8 -23.6  -17.0  -14.3   51.8
  202  200 A T  E     -WX 249 218K  35     47,-0.6    47,-2.3    16,-0.3     2,-0.3  -0.892  62.3-169.8-130.7 158.4  -19.7  -12.1   50.4
  203  201 A Y  E     -WX 248 217K  30     14,-2.7    14,-1.1    -2,-0.3    45,-0.2  -0.890  30.0-107.0-141.4 165.7  -20.0   -9.0   48.1
  204  202 A L        -     0   0    2     43,-1.9    43,-0.4    -2,-0.3    12,-0.1  -0.862  26.9-151.9-105.7 106.5  -22.7   -6.6   47.1
  205  203 A P        -     0   0   22      0, 0.0     8,-2.6     0, 0.0     9,-0.5  -0.477  23.1-149.4 -70.1 145.1  -24.0   -7.1   43.6
  206  204 A V  B     -A  212   0L  44      6,-0.3     2,-0.2     7,-0.1    40,-0.0  -0.582   2.4-116.8-116.6-179.4  -25.3   -3.8   42.2
  207  205 A D    >   -     0   0   65      4,-1.3     3,-3.0    -2,-0.2    -1,-0.1  -0.482  46.7 -77.8-106.5-176.7  -27.8   -2.4   39.8
  208  206 A E  T 3  S+     0   0  195      1,-0.3    -2,-0.0    -2,-0.2    -1,-0.0   0.636 133.4  45.3 -51.1 -23.9  -27.9   -0.5   36.6
  209  207 A T  T 3  S-     0   0   36      2,-0.2    -1,-0.3  -104,-0.0  -103,-0.1   0.293 122.2-105.5-104.8   3.0  -27.2    2.7   38.7
  210  208 A L  S <  S+     0   0   50     -3,-3.0  -126,-0.2     1,-0.3    -2,-0.2   0.853  75.7 137.3  73.4  40.4  -24.5    1.1   40.7
  211  209 A I        -     0   0    9   -126,-0.0    -4,-1.3   104,-0.0    -1,-0.3  -0.939  64.7 -98.0-117.3 131.4  -26.6    0.7   43.8
  212  210 A P  B     -A  206   0L   7      0, 0.0    -6,-0.3     0, 0.0     4,-0.1  -0.199  22.9-140.1 -48.9 135.2  -26.5   -2.4   45.8
  213  211 A T        -     0   0   53     -8,-2.6    -7,-0.1     2,-0.2     3,-0.1   0.754  44.9-109.4 -68.1 -21.8  -29.4   -4.6   44.9
  214  212 A G  S    S+     0   0   15     -9,-0.5     2,-0.3     1,-0.4    -1,-0.1   0.124  80.9 126.1 111.2 -11.6  -29.6   -5.4   48.5
  215  213 A E        -     0   0  120    -10,-0.3     2,-1.2     1,-0.1    -1,-0.4  -0.599  54.6-147.6 -80.8 135.4  -28.4   -9.0   48.1
  216  214 A V        -     0   0   31     -2,-0.3   -12,-0.2   -12,-0.1    -1,-0.1  -0.687  28.8-164.1-101.2  81.3  -25.4  -10.1   50.1
  217  215 A A  E     -X  203   0K  24     -2,-1.2   -14,-2.7   -14,-1.1    -2,-0.0  -0.478  16.7-123.5 -72.3 130.2  -24.1  -12.5   47.5
  218  216 A P  E     -X  202   0K  86      0, 0.0   -16,-0.3     0, 0.0     6,-0.1  -0.300  13.6-140.0 -63.9 151.4  -21.5  -15.1   48.4
  219  217 A V    >   +     0   0    0    -18,-3.4     3,-2.1     5,-0.1     6,-0.4   0.709  63.3 116.2 -90.4 -19.2  -18.4  -14.9   46.4
  220  218 A Q  T 3  S+     0   0  143    -19,-0.6     3,-0.1     1,-0.3     4,-0.0  -0.204  86.0  10.6 -52.5 137.6  -17.9  -18.6   45.9
  221  219 A G  T 3  S+     0   0   77      1,-0.3    -1,-0.3     4,-0.0     2,-0.1   0.137 113.5 103.9  80.7 -17.3  -18.1  -19.7   42.3
  222  220 A T  S X  S-     0   0   43     -3,-2.1     3,-1.2     1,-0.1    -1,-0.3  -0.340  85.7-115.3 -92.2 167.4  -18.0  -16.1   41.3
  223  221 A A  T 3  S+     0   0   12      1,-0.3    16,-0.1    -3,-0.1    -3,-0.1   0.484 111.3  72.8 -79.3  -2.0  -15.4  -13.8   39.8
  224  222 A F  T 3   +     0   0   23     -5,-0.3     2,-1.1    -6,-0.1    -1,-0.3   0.373  65.3 111.3 -90.6  -3.1  -15.7  -11.9   43.0
  225  223 A D    <   +     0   0   39     -3,-1.2     3,-0.2    -6,-0.4   -24,-0.1  -0.661  27.8 153.3 -80.2 102.3  -13.9  -14.6   44.9
  226  224 A L        +     0   0    2     -2,-1.1   -28,-3.2   -26,-0.3    -1,-0.1  -0.055  34.0 113.2-116.3  28.5  -10.6  -13.0   45.9
  227  225 A R  S    S+     0   0   46    -30,-0.2    -1,-0.1   -27,-0.1    -2,-0.1   0.837  78.2  48.9 -71.2 -28.9  -10.0  -15.0   49.1
  228  226 A K  S    S-     0   0  152     -3,-0.2   -30,-0.1   -30,-0.1   -32,-0.1  -0.879 109.5 -91.3-109.1 142.0   -7.0  -16.6   47.4
  229  227 A P        -     0   0   76      0, 0.0     2,-0.3     0, 0.0   -32,-0.2  -0.258  50.8-178.6 -55.6 133.8   -4.4  -14.4   45.7
  230  228 A V  E     -F  196   0A  34    -34,-2.1   -34,-3.0    -4,-0.1     2,-0.6  -0.945  31.7-112.5-134.3 152.6   -5.2  -13.8   42.1
  231  229 A E  E  >  -F  195   0A  77     -2,-0.3     4,-2.7   -36,-0.2     5,-0.3  -0.751  28.0-135.4 -87.7 122.3   -3.5  -12.0   39.3
  232  230 A L  H  > S+     0   0    1    -38,-2.9     4,-3.1    -2,-0.6     5,-0.2   0.864  96.4  41.5 -41.3 -60.3   -5.6   -9.1   38.3
  233  231 A G  H  > S+     0   0    9    -41,-2.1     4,-3.0     2,-0.2     5,-0.4   0.986 115.0  47.1 -55.9 -68.0   -5.3   -9.4   34.5
  234  232 A K  H  > S+     0   0  127    -42,-0.3     4,-4.8     1,-0.2     3,-0.5   0.914 116.0  49.1 -38.2 -58.6   -5.7  -13.2   34.2
  235  233 A H  H  X S+     0   0   13     -4,-2.7     4,-2.6     1,-0.3    -1,-0.2   0.908 110.4  47.2 -49.0 -57.6   -8.6  -12.9   36.6
  236  234 A L  H  <>S+     0   0   10     -4,-3.1     5,-4.1    -5,-0.3    -1,-0.3   0.816 119.9  41.4 -57.0 -31.6  -10.4  -10.1   34.8
  237  235 A Q  H ><5S+     0   0  131     -4,-3.0     3,-2.0    -3,-0.5    -2,-0.2   0.924 110.0  54.1 -82.4 -50.6   -9.9  -11.9   31.6
  238  236 A D  H 3<5S+     0   0   65     -4,-4.8    -2,-0.2    -5,-0.4    -3,-0.2   0.889 118.1  39.7 -50.3 -36.4  -10.7  -15.3   32.8
  239  237 A F  T 3<5S-     0   0   90     -4,-2.6    -1,-0.3    -5,-0.3    -2,-0.2   0.400 109.3-120.6 -95.3   3.4  -13.9  -13.9   34.0
  240  238 A H  T < 5 +     0   0  177     -3,-2.0     2,-0.3     1,-0.2    -3,-0.2   0.949  59.7 159.4  55.4  49.9  -14.6  -11.6   31.1
  241  239 A L      < -     0   0   50     -5,-4.1    -1,-0.2    -6,-0.2     3,-0.1  -0.769  46.1-154.1-108.4 149.1  -14.6   -8.7   33.5
  242  240 A N        -     0   0   99      1,-0.5     2,-0.3    -2,-0.3    -1,-0.1   0.632  67.1 -72.9 -93.4 -18.7  -14.0   -5.0   32.8
  243  241 A G        -     0   0    7     -7,-0.1    -1,-0.5   -11,-0.0     2,-0.3  -0.895  57.3 -79.2 149.7-172.4  -12.7   -4.2   36.3
  244  242 A F        +     0   0    2     -2,-0.3    40,-2.5    -3,-0.1    42,-0.4  -0.894  36.4 160.7-124.3 158.1  -14.2   -4.0   39.7
  245  243 A D  E     + Y   0 283K  19     -2,-0.3     2,-0.3    38,-0.2    38,-0.2  -0.170  44.6 119.5-164.2  47.3  -16.2   -1.4   41.6
  246  244 A H  E     - Y   0 282K  28     36,-1.2    36,-2.7    34,-0.0     2,-0.6  -0.822  61.9-114.1-123.2 162.3  -17.9   -3.3   44.3
  247  245 A N  E     - Y   0 281K   3    -43,-0.4   -43,-1.9    -2,-0.3     2,-0.4  -0.828  27.6-151.0 -94.9 123.3  -18.0   -3.4   48.0
  248  246 A F  E     -WY 203 280K   1     32,-3.0    32,-1.8    -2,-0.6     2,-0.8  -0.810  18.4-122.1 -97.2 135.8  -16.6   -6.5   49.6
  249  247 A C  E     -WY 202 279K   3    -47,-2.3   -48,-0.6    -2,-0.4   -47,-0.6  -0.677  24.6-151.3 -83.0 105.6  -18.1   -7.6   52.9
  250  248 A L  E     -W  200   0K  12     28,-1.6     2,-1.9    -2,-0.8   -50,-0.2  -0.539  20.7-120.5 -78.6 145.0  -15.4   -7.9   55.5
  251  249 A K        +     0   0  148    -52,-0.6     2,-0.4    -2,-0.2     7,-0.1  -0.643  58.3 174.2 -84.3  77.9  -15.9  -10.3   58.3
  252  250 A G        +     0   0   44     -2,-1.9     2,-0.2    26,-0.2     4,-0.1  -0.777  45.2 170.2-118.7 156.2  -15.9   -7.7   61.0
  253  251 A S        -     0   0   85      2,-0.4     4,-0.1    -2,-0.4     0, 0.0  -0.229  64.9 -94.6-110.5-163.6  -16.2   -6.9   64.6
  254  252 A K  S    S+     0   0  137     -2,-0.2     3,-0.1     2,-0.1    -2,-0.0   0.550  98.9 107.9 -99.3  -6.1  -15.1   -3.5   65.3
  255  253 A E  S    S-     0   0  138      1,-0.1    -2,-0.4    21,-0.0    20,-0.1  -0.200  91.6 -82.6 -63.0 157.0  -11.9   -5.0   66.2
  256  254 A K        +     0   0  110     -4,-0.1     2,-0.3    18,-0.1    20,-0.2  -0.396  61.1 178.3 -60.5 137.8   -9.0   -4.5   63.8
  257  255 A H  E     - H   0 275A  19     18,-1.6    18,-3.1    -3,-0.1    20,-0.1  -0.980  32.6 -95.4-145.7 155.7   -9.3   -7.1   61.0
  258  256 A F  E     + H   0 274A  40     -2,-0.3    16,-0.3    16,-0.2    -7,-0.2  -0.284  39.1 169.6 -66.8 151.6   -7.5   -8.0   57.8
  259  257 A C  E     -     0   0A   0     14,-3.0   -60,-1.6     1,-0.3     2,-0.3   0.620  50.1 -20.9-130.4 -55.1   -8.8   -6.6   54.7
  260  258 A A  E     -GH 198 273A   1     13,-1.5    13,-3.5   -62,-0.2     2,-0.4  -0.999  38.4-150.8-161.6 160.1   -6.6   -7.1   51.8
  261  259 A R  E     -GH 197 272A 123    -64,-2.2   -64,-1.9    -2,-0.3     2,-0.4  -0.999  12.0-169.9-135.2 131.6   -3.2   -7.8   50.4
  262  260 A V  E     -GH 196 271A   3      9,-3.1     9,-2.5    -2,-0.4     2,-0.4  -0.987   8.4-166.4-124.4 136.4   -1.8   -6.6   47.2
  263  261 A H  E     -GH 195 270A  36    -68,-3.6   -68,-2.9    -2,-0.4     2,-0.7  -0.980  18.7-170.1-133.4 134.0    1.4   -7.9   45.8
  264  262 A H  E >>> - H   0 269A  17      5,-3.4     4,-2.8    -2,-0.4     3,-1.0  -0.851   9.8-174.0-116.4  92.4    3.6   -6.8   43.0
  265  263 A A  T 345S+     0   0   49     -2,-0.7    -1,-0.1   -72,-0.4   -71,-0.1   0.799  76.8  61.6 -58.2 -35.1    6.2   -9.5   42.5
  266  264 A A  T 345S+     0   0   91      1,-0.2    -1,-0.2   -73,-0.2  -217,-0.0   0.810 123.4  22.3 -63.2 -30.1    8.4   -7.7   40.0
  267  265 A S  T <45S-     0   0   12     -3,-1.0  -217,-1.6     2,-0.1    -2,-0.2   0.550 104.7-129.8-107.9 -23.2    9.2   -5.0   42.5
  268  266 A G  T  <5 +     0   0    0     -4,-2.8    76,-3.4     1,-0.3    -3,-0.2   0.549  52.0 152.1  83.6   7.7    8.4   -7.1   45.4
  269  267 A R  E   < -HI 264 343A   4     -5,-0.9    -5,-3.4    74,-0.2     2,-0.4  -0.493  23.5-169.1 -78.1 146.9    6.1   -4.6   47.0
  270  268 A V  E     -HI 263 342A   8     72,-2.0    72,-3.0    -7,-0.2     2,-0.5  -1.000   7.7-166.7-135.5 130.2    3.3   -5.7   49.3
  271  269 A L  E     -HI 262 341A   0     -9,-2.5    -9,-3.1    -2,-0.4     2,-0.4  -0.972   9.5-171.5-118.4 128.4    0.5   -3.6   50.6
  272  270 A E  E     -HI 261 340A  10     68,-2.5    68,-2.4    -2,-0.5     2,-0.4  -0.980   6.4-154.1-124.6 139.2   -1.5   -5.1   53.4
  273  271 A V  E     +HI 260 339A   0    -13,-3.5   -14,-3.0    -2,-0.4   -13,-1.5  -0.970  13.8 175.7-124.7 134.5   -4.7   -3.6   54.7
  274  272 A Y  E     +HI 258 338A  53     64,-1.8    64,-2.7    -2,-0.4     2,-0.3  -0.927  13.6 164.0-126.7 148.7   -6.4   -3.8   58.1
  275  273 A T  E     -HI 257 337A   0    -18,-3.1   -18,-1.6    -2,-0.3    62,-0.2  -0.993  48.2-135.0-162.5 167.2   -9.4   -2.1   59.3
  276  274 A T  S    S+     0   0   16     60,-1.9    61,-0.1    -2,-0.3    -1,-0.1   0.358  76.1 110.2-102.2  -1.1  -12.2   -1.7   61.7
  277  275 A Q  S    S-     0   0    1     59,-0.4    35,-0.1   -20,-0.1    -2,-0.1  -0.500  70.6-132.8 -83.1 152.7  -14.7   -1.1   58.8
  278  276 A P  S    S+     0   0   24      0, 0.0   -28,-1.6     0, 0.0     2,-0.3   0.512  83.7  14.9 -76.8 -13.5  -17.4   -3.6   57.7
  279  277 A G  E     -YZ 249 311K   0     32,-1.6    32,-2.6   -30,-0.2     2,-0.4  -0.958  58.2-143.0-155.8 171.0  -16.5   -3.3   54.0
  280  278 A V  E     -YZ 248 310K   0    -32,-1.8   -32,-3.0    -2,-0.3     2,-0.7  -0.986  16.2-138.7-143.3 131.2  -14.1   -2.2   51.4
  281  279 A Q  E     -YZ 247 309K   3     28,-3.3    28,-2.2    -2,-0.4     2,-0.7  -0.816  18.2-164.0 -92.3 119.7  -14.7   -0.7   48.1
  282  280 A F  E     +YZ 246 308K   2    -36,-2.7   -36,-1.2    -2,-0.7     2,-0.4  -0.916  14.4 173.5-105.6 115.5  -12.4   -2.3   45.6
  283  281 A Y  E     -YZ 245 307K  11     24,-2.0    24,-2.3    -2,-0.7   -38,-0.2  -0.981  25.6-155.1-129.6 125.5  -12.3   -0.2   42.4
  284  282 A T        -     0   0    0    -40,-2.5    19,-0.3    -2,-0.4    21,-0.3   0.052  49.0-102.7 -87.6  27.5  -10.0   -0.8   39.5
  285  283 A G    >   +     0   0    0    -41,-0.2    18,-2.3    18,-0.1     3,-1.2   0.889  62.6 160.8  56.4  38.4   -9.8    2.7   38.1
  286  284 A N  T 3   +     0   0   16    -42,-0.4    -1,-0.1     1,-0.2    16,-0.1   0.851  65.3  54.7 -59.9 -38.1  -12.2    1.7   35.3
  287  285 A F  T 3  S+     0   0  138     15,-0.1     2,-0.3    14,-0.1    -1,-0.2   0.524  75.1 116.1 -78.8  -6.8  -13.2    5.2   34.5
  288  286 A L    <   -     0   0    9     -3,-1.2    14,-0.6    13,-0.2    17,-0.0  -0.495  40.6-174.7 -68.1 131.5   -9.8    6.7   33.9
  289  287 A D  E     -B  301   0M 107     -2,-0.3    -1,-0.1    12,-0.2    -3,-0.0   0.139  43.8-106.0-114.2  17.4   -9.5    7.7   30.3
  290  288 A G  E    S+     0   0M  29     10,-2.5    -2,-0.1     1,-0.1     9,-0.0   0.761  89.4 109.0  67.8  27.9   -5.9    8.8   30.0
  291  289 A T  E     +     0   0M  96      9,-0.5     2,-0.5     8,-0.1    -1,-0.1   0.420  45.1 106.3-117.3   7.6   -6.5   12.5   29.9
  292  290 A L  E     -     0   0M  16      8,-0.4     2,-1.4     1,-0.1     8,-0.9  -0.781  66.7-133.6 -97.3 132.3   -5.2   13.6   33.2
  293  291 A K  E     +B  299   0M 143     -2,-0.5     6,-0.2     6,-0.2     5,-0.1  -0.607  41.9 177.4 -76.8  80.3   -1.9   15.5   33.6
  294  292 A G    >   -     0   0   12      4,-2.8     3,-0.6    -2,-1.4  -232,-0.3   0.320  35.9 -56.9 -74.1-158.9   -0.4   13.5   36.5
  295  293 A K  G >  S+     0   0   18   -235,-0.5     3,-2.3     1,-0.2    -1,-0.2  -0.613 118.0  10.3 -84.5 150.1    2.9   13.7   38.3
  296  294 A N  G 3  S-     0   0  140      1,-0.3    -1,-0.2    -2,-0.2     3,-0.1   0.883 135.5 -57.2  48.4  47.4    6.1   13.4   36.3
  297  295 A G  G <  S+     0   0   69     -3,-0.6    -1,-0.3     1,-0.2    -3,-0.2   0.424  94.3 155.8  68.3  -1.4    4.3   13.6   33.0
  298  296 A A    <   -     0   0   11     -3,-2.3    -4,-2.8    -5,-0.1     2,-0.3  -0.355  26.9-163.3 -61.2 137.5    2.2   10.7   33.9
  299  297 A V  E     -B  293   0M  90     -6,-0.2    -6,-0.2  -112,-0.1    -8,-0.1  -0.869  21.5-125.7-112.9 142.5   -1.1   10.5   32.1
  300  298 A Y  E     -     0   0M   1     -8,-0.9   -10,-2.5    -2,-0.3    -9,-0.5  -0.800  27.7-174.3-111.0 114.2   -3.6    8.2   33.6
  301  299 A P  E >   -B  289   0M  44      0, 0.0     3,-1.7     0, 0.0   -12,-0.2  -0.550  42.7 -71.3 -94.4 158.2   -5.2    5.6   31.6
  302  300 A K  T 3  S+     0   0   88    -14,-0.6   -16,-0.2     1,-0.3   -17,-0.1  -0.012 119.8  16.5 -38.9 144.4   -7.9    3.2   32.5
  303  301 A H  T 3  S+     0   0   30    -18,-2.3  -112,-1.3   -19,-0.3    -1,-0.3   0.646  85.2 123.5  63.0  16.8   -6.7    0.6   34.9
  304  302 A S  S <  S+     0   0    1     -3,-1.7     2,-0.3   -19,-0.4  -114,-0.2   0.583  76.9  15.7 -84.5  -9.5   -3.6    2.5   35.9
  305  303 A G        -     0   0    0    -21,-0.3     2,-0.3    -4,-0.2  -123,-0.2  -0.996  63.9-147.0-158.5 157.1   -4.6    2.5   39.6
  306  304 A F  B     -P  181   0D   0   -125,-1.7  -125,-3.4    -2,-0.3     2,-0.3  -0.908   9.4-144.0-129.2 160.9   -6.8    0.8   42.2
  307  305 A C  E     -Z  283   0K   0    -24,-2.3   -24,-2.0    -2,-0.3     2,-0.3  -0.937   9.2-166.7-124.5 148.6   -8.6    1.9   45.3
  308  306 A L  E     -Z  282   0K   4   -129,-0.4     2,-1.0    -2,-0.3   -26,-0.2  -0.774  16.1-176.5-131.4  79.1   -9.4    0.2   48.6
  309  307 A E  E     -Z  281   0K   4    -28,-2.2   -28,-3.3    -2,-0.3     2,-0.3  -0.705  13.1-154.0 -85.2 103.9  -11.9    2.4   50.3
  310  308 A T  E     +Z  280   0K   6     -2,-1.0     2,-0.3   -30,-0.3   -30,-0.3  -0.676  41.1 118.8 -77.3 135.8  -12.6    0.9   53.6
  311  309 A Q  E     -Z  279   0K   0    -32,-2.6   -32,-1.6    -2,-0.3     2,-0.2  -0.960  65.3 -66.8-172.0-174.6  -16.0    1.9   54.7
  312  310 A N  S    S-     0   0   12     -2,-0.3     4,-0.1   -34,-0.2    13,-0.1  -0.567  75.0 -73.9 -89.2 156.5  -19.5    1.0   55.7
  313  311 A W    >   -     0   0   28     -2,-0.2     3,-1.5     1,-0.1    -1,-0.2  -0.136  55.9 -96.6 -53.5 144.1  -21.6   -0.5   52.9
  314  312 A P  T 3  S+     0   0    5      0, 0.0  -229,-0.1     0, 0.0    -1,-0.1  -0.350 104.9   7.3 -65.8 144.7  -23.0    1.7   50.1
  315  313 A D  T >  S+     0   0   10   -231,-1.3     3,-2.6     1,-0.1     4,-0.4   0.611  82.1 147.2  60.1  17.2  -26.5    3.0   50.4
  316  314 A A  G X   +     0   0   10     -3,-1.5     3,-1.7     1,-0.3     6,-0.3   0.844  60.8  68.6 -48.8 -40.7  -26.6    1.6   54.0
  317  315 A V  G 3  S+     0   0   33      1,-0.3  -226,-0.3     8,-0.1    -1,-0.3   0.713 109.5  35.3 -51.9 -24.8  -28.9    4.4   55.1
  318  316 A N  G <  S+     0   0   39     -3,-2.6    -1,-0.3     1,-0.2    -2,-0.2   0.314 107.5  69.9-114.5   3.5  -31.6    2.9   52.9
  319  317 A Q    X   -     0   0   62     -3,-1.7     3,-3.1    -4,-0.4    -1,-0.2  -0.828  61.5-167.0-130.1  90.1  -30.9   -0.8   53.3
  320  318 A P  T 3  S+     0   0  124      0, 0.0    -1,-0.1     0, 0.0    -4,-0.1   0.722  84.9  64.3 -48.6 -29.9  -31.8   -1.9   56.8
  321  319 A R  T 3  S+     0   0  167     -3,-0.1    -5,-0.1     2,-0.1  -107,-0.0   0.609  90.2  90.7 -75.5  -3.8  -30.1   -5.2   56.5
  322  320 A F  S <  S-     0   0   10     -3,-3.1     3,-0.1    -6,-0.3   -10,-0.0  -0.501  95.8 -81.3 -87.5 157.9  -26.8   -3.3   56.1
  323  321 A P        -     0   0   30      0, 0.0    -1,-0.1     0, 0.0    -4,-0.1  -0.311  61.5 -88.9 -61.1 140.7  -24.6   -2.3   59.0
  324  322 A P        +     0   0  122      0, 0.0    -7,-0.1     0, 0.0    -8,-0.1  -0.178  42.3 178.8 -51.8 136.7  -25.8    0.8   60.8
  325  323 A V        +     0   0   17     -3,-0.1  -152,-2.2    -9,-0.1     2,-0.4   0.311  42.5 111.5-120.6  -2.0  -24.5    4.1   59.5
  326  324 A L  E     -V  172   0J  54   -154,-0.2     2,-0.5  -156,-0.0  -156,-0.1  -0.668  48.8-158.0 -86.2 135.2  -26.2    6.5   61.7
  327  325 A L  E     -V  171   0J   6   -156,-3.8  -156,-2.1    -2,-0.4  -158,-0.1  -0.933  13.1-163.4-109.7 121.7  -24.3    8.6   64.2
  328  326 A R    >   -     0   0   92     -2,-0.5     3,-2.0  -158,-0.2  -161,-0.3  -0.735  32.4 -90.8-105.0 153.7  -26.4    9.9   67.1
  329  327 A P  T 3  S+     0   0   64      0, 0.0  -161,-0.1     0, 0.0    -1,-0.1  -0.258 114.1  33.6 -58.8 148.4  -25.5   12.7   69.4
  330  328 A G  T 3  S+     0   0   84   -163,-0.4     2,-0.1     1,-0.4  -162,-0.0  -0.039 103.5  87.7  97.7 -36.9  -23.7   11.3   72.4
  331  329 A E  S <  S-     0   0  101     -3,-2.0     2,-0.4  -164,-0.1    -1,-0.4  -0.225  71.2-129.0 -85.8-177.8  -22.0    8.5   70.5
  332  330 A E        -     0   0  135     -3,-0.1     2,-0.5  -166,-0.1  -166,-0.2  -0.994   3.6-140.0-137.6 134.8  -18.7    8.7   68.8
  333  331 A Y  E     +E  165   0A  20   -168,-3.2  -168,-2.0    -2,-0.4     2,-0.3  -0.805  35.0 160.7 -91.3 129.8  -17.7    7.8   65.3
  334  332 A D  E     +E  164   0A  76     -2,-0.5     2,-0.3  -170,-0.2  -170,-0.2  -0.754   5.3 158.1-159.3 109.1  -14.3    6.2   65.2
  335  333 A H  E     -E  163   0A   6   -172,-2.6  -172,-3.1    -2,-0.3     2,-0.4  -0.948  17.3-157.5-131.0 150.5  -12.7    4.0   62.6
  336  334 A T  E     -E  162   0A  22     -2,-0.3   -60,-1.9  -174,-0.2     2,-0.4  -0.951   4.6-169.0-131.2 150.3   -9.2    3.1   61.8
  337  335 A T  E     -EI 161 275A   6   -176,-2.4  -176,-3.1    -2,-0.4     2,-0.5  -0.997   9.7-153.1-138.9 131.5   -7.4    1.8   58.8
  338  336 A W  E     -EI 160 274A  40    -64,-2.7   -64,-1.8    -2,-0.4     2,-0.7  -0.950   3.8-166.3-108.8 124.1   -3.9    0.5   58.6
  339  337 A F  E     -EI 159 273A   9   -180,-3.3  -180,-2.7    -2,-0.5     2,-0.6  -0.873  15.4-171.9-111.8  92.0   -1.8    0.7   55.4
  340  338 A K  E     -EI 158 272A  62    -68,-2.4   -68,-2.5    -2,-0.7     2,-0.4  -0.805   4.6-160.3 -93.6 116.5    1.1   -1.6   56.0
  341  339 A F  E     + I   0 271A   3   -184,-3.9     2,-0.3    -2,-0.6   -70,-0.2  -0.758  22.1 151.9 -96.8 134.4    3.9   -1.6   53.3
  342  340 A S  E     - I   0 270A  48    -72,-3.0   -72,-2.0    -2,-0.4     2,-0.4  -0.826  39.5-110.7-146.1-174.2    6.4   -4.4   53.0
  343  341 A V  E       I   0 269A  71     -2,-0.3   -74,-0.2   -74,-0.2   -75,-0.1  -0.992 360.0 360.0-130.0 121.3    8.6   -6.3   50.6
  344  342 A A              0   0   85    -76,-3.4  -294,-0.1    -2,-0.4   -77,-0.0  -0.955 360.0 360.0-120.8 360.0    8.0   -9.9   49.5
