            pdb_name         cutoff_best             sp_best          sp_default             sp_diff                nres
              132L_A               9.700              -0.556              -0.529               0.027                 124
              13PK_A              26.900              -0.542              -0.542              -0.001                 415
              1A26_A              14.300              -0.514              -0.492               0.022                 351
              1A2T_A               9.500              -0.430              -0.394               0.037                 134
              1A4L_A              13.900              -0.498              -0.494               0.003                 348
              1A65_A              14.600              -0.495              -0.481               0.014                 504
              1A8H_A              10.400              -0.268              -0.251               0.017                 500
              1A8S_A              11.100              -0.415              -0.421              -0.006                 273
              1AF7_A              14.600              -0.614              -0.611               0.003                 274
              1AGM_A               9.700              -0.309              -0.277               0.032                 470
              1AGY_A               8.800              -0.525              -0.455               0.071                 197
              1AH7_A              10.900              -0.448              -0.447               0.001                 245
              1AJ0_A               9.300              -0.486              -0.483               0.003                 282
              1AK0_A              18.000              -0.550              -0.540               0.010                 264
              1AKO_A               9.500              -0.458              -0.428               0.030                 268
              1AMY_A              15.200              -0.402              -0.422              -0.019                 403
              1AQ2_A              32.500              -0.588              -0.584               0.004                 534
              1AQL_A              13.700              -0.476              -0.467               0.010                 532
              1AST_A              12.000              -0.567              -0.524               0.044                 200
              1B04_A               9.500              -0.422              -0.410               0.012                 310
              1B2R_A              21.200              -0.439              -0.439               0.000                 295
              1BBS_A               9.600              -0.537              -0.546              -0.009                 331
              1BF2_A              40.900              -0.388              -0.407              -0.019                 750
              1BG0_A              15.500              -0.565              -0.591              -0.026                 356
              1BH2_A              31.200              -0.566              -0.507               0.059                 315
              1BOL_A               9.500              -0.426              -0.383               0.044                 222
              1BP2_A               8.900              -0.578              -0.538               0.040                 123
              1BQC_A              13.800              -0.517              -0.499               0.018                 302
              1BS0_A               9.400              -0.444              -0.454              -0.009                 383
              1BS4_A              17.700              -0.533              -0.515               0.017                 168
              1BS9_A              11.900              -0.437              -0.401               0.036                 207
              1BT1_A              11.400              -0.445              -0.437               0.008                 336
              1BU7_A              12.500              -0.341              -0.290               0.050                 455
              1BVV_A              11.400              -0.360              -0.347               0.013                 185
              1BVZ_A              15.600              -0.473              -0.445               0.028                 585
              1BWL_A              10.500              -0.465              -0.452               0.013                 399
              1BWZ_A              21.600              -0.543              -0.545              -0.001                 274
              1BYA_A              10.000              -0.436              -0.423               0.013                 491
              1BZC_A              14.500              -0.619              -0.598               0.021                 297
              1C82_A              10.700              -0.471              -0.412               0.059                 719
              1CA2_A              12.500              -0.555              -0.547               0.008                 256
              1CB8_A              11.800              -0.525              -0.500               0.025                 674
              1CBX_A              10.300              -0.541              -0.487               0.054                 307
              1CDG_A              10.200              -0.286              -0.248               0.038                 686
              1CEL_A              14.100              -0.490              -0.510              -0.020                 433
              1CHD_A               9.700              -0.477              -0.389               0.088                 198
              1CHK_B              10.600              -0.383              -0.325               0.058                 238
              1CM0_A              23.500              -0.365              -0.303               0.062                 162
              1CNS_A               9.800              -0.515              -0.488               0.027                 243
              1COY_A              14.300              -0.455              -0.459              -0.004                 501
              1CQQ_A              25.300              -0.354              -0.297               0.057                 180
              1CVR_A              14.800              -0.378              -0.364               0.014                 432
              1CWY_A              33.000              -0.541              -0.574              -0.033                 500
              1CZ1_A              14.900              -0.553              -0.562              -0.009                 394
              1CZF_A              12.600              -0.382              -0.341               0.041                 335
              1D1Q_A               9.800              -0.556              -0.530               0.026                 159
              1D4C_A              11.500              -0.477              -0.416               0.061                 570
              1D6O_A               9.700              -0.359              -0.296               0.063                 107
              1DDJ_A              12.700              -0.613              -0.619              -0.006                 247
              1DGK_N              15.900              -0.503              -0.457               0.047                 898
              1DGS_A              16.600              -0.362              -0.383              -0.021                 581
              1DIN_A               8.700              -0.557              -0.547               0.009                 232
              1DNP_A              13.000              -0.588              -0.533               0.055                 469
              1DVE_A              13.800              -0.479              -0.484              -0.006                 214
              1E0C_A              10.800              -0.520              -0.457               0.063                 270
              1E1A_A              17.400              -0.351              -0.329               0.022                 312
              1E6E_A              16.600              -0.604              -0.645              -0.041                 457
              1EB6_A               8.500              -0.461              -0.372               0.088                 177
              1EH5_A              25.600              -0.512              -0.538              -0.026                 279
              1EUG_A               8.500              -0.622              -0.605               0.017                 225
              1EUU_A               9.000              -0.158              -0.061               0.096                 601
              1EX1_A              17.100              -0.458              -0.430               0.027                 602
              1EXN_A              21.000              -0.299              -0.307              -0.007                 267
              1EXP_A              23.000              -0.524              -0.493               0.031                 312
              1EYP_A              11.700              -0.282              -0.246               0.036                 212
              1FF3_A              10.200              -0.465              -0.457               0.008                 210
              1FGH_A              27.300              -0.625              -0.629              -0.004                 753
              1FHL_A              22.300              -0.459              -0.463              -0.004                 334
              1FOA_A              19.400              -0.575              -0.563               0.012                 342
              1G24_A              21.100              -0.446              -0.427               0.019                 210
              1G6T_A              23.000              -0.569              -0.577              -0.008                 427
              1G8O_A              12.100              -0.470              -0.409               0.061                 287
              1GA8_A              32.800              -0.549              -0.490               0.059                 271
              1GAL_A              24.100              -0.447              -0.470              -0.022                 581
              1GCU_A              10.900              -0.440              -0.368               0.072                 292
              1GOG_A              11.100              -0.358              -0.270               0.089                 639
              1GP5_A              11.100              -0.448              -0.418               0.030                 346
              1GQ8_A              10.000              -0.506              -0.448               0.059                 318
              1H19_A              18.000              -0.582              -0.595              -0.013                 610
              1H3I_A              15.700              -0.216              -0.195               0.020                 293
              1HKA_A               8.400              -0.474              -0.434               0.040                 158
              1HPL_A               9.800              -0.566              -0.548               0.019                 449
              1HPM_A              28.900              -0.611              -0.547               0.064                 378
              1HQC_A              21.900              -0.330              -0.307               0.023                 314
              1I1E_A              10.800              -0.361              -0.260               0.100                1287
              1I1I_P              41.700              -0.425              -0.386               0.039                 665
              1I9A_A              19.400              -0.483              -0.495              -0.013                 175
              1IDJ_A               8.700              -0.564              -0.503               0.061                 359
              1IG8_A              21.800              -0.543              -0.559              -0.016                 469
              1IM5_A               8.600              -0.549              -0.511               0.038                 179
              1INP_A              35.800              -0.423              -0.403               0.020                 400
              1IU4_A              11.500              -0.301              -0.269               0.031                 331
              1J00_A              27.900              -0.447              -0.375               0.072                 176
              1J09_A              27.100              -0.488              -0.479               0.009                 468
              1JH6_A              10.700              -0.425              -0.416               0.009                 181
              1JMS_A              11.900              -0.502              -0.491               0.011                 360
              1JOA_A              13.500              -0.440              -0.443              -0.003                 446
              1JS4_A              15.600              -0.542              -0.550              -0.009                 605
              1K30_A              44.200              -0.470              -0.417               0.053                 363
              1KL7_A              37.000              -0.658              -0.653               0.006                 503
              1KNP_A               9.700              -0.562              -0.544               0.018                 529
              1L1D_A              11.000              -0.569              -0.546               0.023                 142
              1L1L_A              21.800              -0.465              -0.455               0.010                 717
              1L6P_A              15.100              -0.360              -0.265               0.095                 121
              1L7N_A               9.500              -0.581              -0.506               0.074                 207
              1L7Q_A              12.400              -0.304              -0.224               0.080                 571
              1L8T_A              21.100              -0.546              -0.537               0.009                 263
              1L9X_A              22.800              -0.583              -0.577               0.006                 288
              1LBA_A              20.400              -0.554              -0.553               0.000                 146
              1LDM_A              20.600              -0.478              -0.481              -0.004                 329
              1LJL_A              12.600              -0.588              -0.532               0.056                 130
              1LVH_A              16.600              -0.604              -0.594               0.009                 220
              1M53_A              15.000              -0.578              -0.576               0.003                 556
              1MBB_A              23.300              -0.614              -0.604               0.010                 340
              1MJ9_A              23.000              -0.588              -0.529               0.059                 273
              1MLA_A              18.600              -0.498              -0.525              -0.028                 305
              1MRQ_A              14.900              -0.486              -0.462               0.024                 323
              1MUD_A              17.400              -0.439              -0.429               0.009                 225
              1MUG_A              22.100              -0.515              -0.463               0.052                 165
              1NDH_A              12.200              -0.413              -0.405               0.008                 270
              1NDI_A              10.900              -0.542              -0.498               0.043                 596
              1NLU_A              18.400              -0.554              -0.541               0.013                 368
              1O8A_A              11.400              -0.436              -0.429               0.008                 574
              1O98_A              29.400              -0.641              -0.630               0.011                 509
              1OG1_A              11.900              -0.467              -0.462               0.005                 223
              1OGO_X               4.900              -0.124              -0.086               0.038                 572
              1OJ4_A              12.700              -0.613              -0.625              -0.012                 277
              1ONR_A              28.700              -0.724              -0.722               0.002                 316
              1OPM_A               8.800              -0.410              -0.364               0.046                 310
              1OXA_A              12.500              -0.322              -0.276               0.046                 403
              1OYG_A              18.700              -0.464              -0.455               0.009                 440
              1P1X_A              24.600              -0.547              -0.537               0.010                 250
              1P3D_A              17.800              -0.543              -0.563              -0.020                 449
              1P5D_X              20.100              -0.550              -0.581              -0.031                 454
              1PA9_A              22.300              -0.539              -0.510               0.029                 279
              1PII_A              11.100              -0.596              -0.523               0.073                 452
              1PKN_A              34.600              -0.465              -0.462               0.003                 514
              1PMI_A              32.700              -0.582              -0.567               0.014                 440
              1PP4_A              11.200              -0.429              -0.411               0.019                 233
              1PS9_A              19.600              -0.571              -0.566               0.005                 671
              1PTD_A              20.900              -0.580              -0.560               0.019                 296
              1PUD_A              13.000              -0.435              -0.447              -0.012                 372
              1PYL_A              11.700              -0.322              -0.243               0.079                  95
              1Q91_A              24.500              -0.462              -0.436               0.027                 194
              1QAM_A              13.300              -0.375              -0.362               0.013                 235
              1QAZ_A               3.700              -0.158              -0.019               0.140                 351
              1QBA_A              12.800              -0.409              -0.440              -0.032                 858
              1QFM_A               9.700              -0.468              -0.447               0.020                 705
              1QGX_A              23.700              -0.508              -0.515              -0.007                 354
              1QJE_A              12.200              -0.332              -0.279               0.053                 327
              1QK2_A              29.400              -0.516              -0.504               0.012                 363
              1QWN_A              25.300              -0.480              -0.496              -0.017                1014
              1R1J_A               8.400              -0.447              -0.378               0.069                 696
              1R44_A              10.900              -0.594              -0.563               0.032                 202
              1R4Z_A              11.000              -0.493              -0.467               0.026                 179
              1RBN_A              11.500              -0.507              -0.476               0.031                 124
              1RDD_A               9.300              -0.372              -0.360               0.012                 155
              1RU4_A               7.700              -0.361              -0.319               0.043                 400
              1S3I_A              30.800              -0.470              -0.451               0.019                 307
              1S95_A              11.100              -0.553              -0.553               0.000                 324
              1SCA_A              10.300              -0.617              -0.620              -0.003                 274
              1SLL_A               7.900              -0.206              -0.134               0.072                 679
              1SML_A              12.100              -0.351              -0.335               0.016                 266
              1SNZ_A              10.100              -0.405              -0.359               0.046                 344
              1TAH_B              20.400              -0.486              -0.499              -0.013                 318
              1TLP_E               9.400              -0.481              -0.530              -0.050                 316
              1U3F_A              14.100              -0.515              -0.463               0.052                 164
              1U5U_A              42.800              -0.159              -0.102               0.056                 366
              1UAS_A              21.300              -0.547              -0.548              -0.002                 362
              1UN1_A              11.400              -0.446              -0.450              -0.003                 267
              1VID_A              11.200              -0.450              -0.434               0.016                 213
              1VLB_A               9.000              -0.293              -0.241               0.052                 907
              1VNC_A               8.300              -0.272              -0.245               0.027                 576
              1VQ1_A              17.900              -0.557              -0.579              -0.021                 263
              1W0H_A              12.100              -0.548              -0.529               0.020                 194
              1XQW_A              12.000              -0.474              -0.440               0.034                 290
              1Y9M_A              24.100              -0.561              -0.555               0.006                 517
              1YON_A              18.700              -0.455              -0.454               0.001                 292
              1YSC_A              18.200              -0.559              -0.572              -0.013                 421
              1ZE1_A              28.300              -0.425              -0.416               0.009                 308
              1ZIO_A              12.100              -0.543              -0.527               0.016                 217
              206L_A              12.800              -0.404              -0.382               0.022                 162
              2A0N_A              35.800              -0.611              -0.482               0.128                 251
              2ABK_A              21.300              -0.468              -0.459               0.009                 211
              2ACY_A               9.300              -0.470              -0.292               0.178                  98
              2AYH_A              11.200              -0.392              -0.388               0.003                 214
              2CPO_A              49.400               0.162              -0.116               0.046                 298
              2CPU_A              12.500              -0.501              -0.504              -0.003                 495
              2DLN_A              23.200              -0.637              -0.649              -0.012                 306
              2EBN_A              30.400              -0.394              -0.337               0.057                 285
              2ENG_A               8.900              -0.433              -0.449              -0.015                 205
              2F61_A              18.700              -0.468              -0.471              -0.003                 497
              2F9R_A              37.800              -0.449              -0.237               0.213                 285
              2NLR_A              16.100              -0.283              -0.288              -0.005                 222
              2NMT_A              16.000              -0.454              -0.428               0.025                 422
              2PEC_A              20.100              -0.418              -0.421              -0.004                 352
              2PIA_A              13.000              -0.570              -0.534               0.036                 321
              2PTH_A              18.000              -0.432              -0.388               0.044                 193
              2SQC_A              13.800              -0.477              -0.474               0.003                 623
              2THI_A              10.500              -0.165              -0.106               0.060                 362
              2TPS_A              33.100              -0.586              -0.526               0.059                 226
              5EAT_A              10.300              -0.316              -0.197               0.120                 532
              7ATJ_A              10.400              -0.577              -0.544               0.033                 305
