                 pdb     free_param_best         sp_cor_best                nres      sp_cor_dist_Bf     sp_cor_wcn_dist       sp_cor_wcn_bf
              132L_A               6.000              -0.560                 124              0.5894             -0.7144             -0.7376
              13PK_A               9.800              -0.544                 415              0.4550             -0.7374             -0.6627
              1A26_A               9.200              -0.567                 351              0.5986             -0.8315             -0.7500
              1A2T_A               3.200              -0.226                 134              0.7073             -0.6549             -0.5837
              1A4L_A               9.200              -0.379                 348              0.4989             -0.9320             -0.5841
              1A65_A               9.600              -0.473                 504              0.6045             -0.8876             -0.7102
              1A8H_A              11.400              -0.664                 500              0.3962             -0.6382             -0.7225
              1A8S_A               7.800              -0.135                 273              0.5637             -0.9547             -0.5712
              1AF7_A              10.400              -0.596                 274              0.6813             -0.8049             -0.8073
              1AGM_A              35.000              -0.490                 470              0.6706             -0.9961             -0.6999
              1AGY_A               4.600              -0.372                 197              0.7763             -0.8439             -0.7809
              1AH7_A               6.400              -0.504                 245              0.7688             -0.8461             -0.8222
              1AJ0_A              10.200              -0.177                 282              0.5748             -0.9422             -0.5901
              1AK0_A              10.800              -0.316                 264              0.7234             -0.9259             -0.7522
              1AKO_A               8.000              -0.480                 268              0.7054             -0.9454             -0.7777
              1AMY_A               9.200              -0.505                 403              0.5529             -0.7328             -0.6912
              1AQ2_A              10.200              -0.588                 534              0.6163             -0.8154             -0.7704
              1AQL_A               8.400              -0.436                 532              0.5633             -0.8167             -0.6679
              1AST_A               7.400              -0.374                 200              0.5443             -0.8234             -0.6262
              1B04_A               8.000              -0.434                 310              0.4353             -0.7361             -0.5851
              1B2R_A               7.800              -0.591                 295              0.6401             -0.8552             -0.7826
              1BBS_A               6.800              -0.451                 331              0.6085             -0.6499             -0.6673
              1BF2_A               8.200              -0.635                 750              0.6237             -0.5810             -0.7665
              1BG0_A              33.800              -0.303                 356              0.7262             -0.9954             -0.7429
              1BH2_A               8.200              -0.475                 315              0.5248             -0.7197             -0.6586
              1BOL_A              11.000              -0.475                 222              0.5293             -0.8444             -0.6628
              1BP2_A              11.200              -0.471                 123              0.5605             -0.8937             -0.6757
              1BQC_A               7.800              -0.096                 302              0.7931             -0.9522             -0.7731
              1BS0_A               7.000              -0.449                 383              0.4443             -0.7914             -0.5973
              1BS4_A               5.000              -0.419                 168              0.7473             -0.8203             -0.7723
              1BS9_A               6.200              -0.634                 207              0.5187             -0.8502             -0.7263
              1BT1_A              10.600              -0.290                 336              0.6499             -0.9584             -0.6858
              1BU7_A              23.000              -0.453                 455              0.4976             -0.9839             -0.5598
              1BVV_A               6.000              -0.419                 185              0.7091             -0.8529             -0.7591
              1BVZ_A               8.600              -0.318                 585              0.5973             -0.6845             -0.5946
              1BWL_A               8.600              -0.488                 399              0.5843             -0.8710             -0.7034
              1BWZ_A               6.800              -0.619                 274              0.1301             -0.7511             -0.5029
              1BYA_A               7.800              -0.506                 491              0.4899             -0.8295             -0.6526
              1BZC_A              13.200              -0.404                 297              0.5965             -0.9417             -0.6709
              1C82_A               7.000              -0.610                 719              0.6503             -0.5636             -0.7494
              1CA2_A               7.000              -0.141                 256              0.8261             -0.9191             -0.7907
              1CB8_A              41.400              -0.596                 674              0.6766             -0.9829             -0.7459
              1CBX_A               4.400              -0.365                 307              0.5823             -0.7183             -0.6250
              1CDG_A               6.200              -0.510                 686              0.5410             -0.5704             -0.6608
              1CEL_A              46.400              -0.421                 433              0.5622             -0.9985             -0.5807
              1CHD_A               4.600              -0.344                 198              0.6928             -0.8704             -0.7253
              1CHK_B               7.400              -0.352                 238              0.2873             -0.5932             -0.4415
              1CM0_A               5.800              -0.291                 162              0.7732             -0.8587             -0.7584
              1CNS_A               5.200              -0.446                 243              0.5978             -0.7522             -0.6854
              1COY_A               6.400              -0.543                 501              0.5904             -0.7584             -0.7333
              1CQQ_A               6.400              -0.341                 180              0.6286             -0.9209             -0.6823
              1CVR_A              20.200              -0.709                 432              0.7250             -0.9552             -0.8370
              1CWY_A              16.800              -0.627                 500              0.5159             -0.9269             -0.6797
              1CZ1_A               7.400              -0.556                 394              0.7644             -0.8974             -0.8443
              1CZF_A               7.800              -0.492                 335              0.5555             -0.6923             -0.6796
              1D1Q_A              16.200              -0.488                 159              0.7280             -0.9906             -0.7669
              1D4C_A              11.800              -0.337                 570              0.6656             -0.8305             -0.6930
              1D6O_A              10.000              -0.632                 107              0.4237             -0.9041             -0.6277
              1DDJ_A               7.800              -0.431                 247              0.6678             -0.9279             -0.7392
              1DGK_N              17.400              -0.795                 898              0.1247             -0.3245             -0.7870
              1DGS_A               8.600              -0.549                 581              0.2632             -0.4523             -0.5910
              1DIN_A               5.400              -0.440                 232              0.6996             -0.8451             -0.7592
              1DNP_A               6.400              -0.516                 469              0.5970             -0.5424             -0.6715
              1DVE_A              46.400              -0.340                 214              0.5408             -0.9991             -0.5527
              1E0C_A               6.600              -0.521                 270              0.5414             -0.7516             -0.6959
              1E1A_A               6.800              -0.474                 312              0.7823             -0.9237             -0.8358
              1E6E_A              10.400              -0.633                 457              0.4155             -0.7248             -0.6982
              1EB6_A               5.000              -0.403                 177              0.7591             -0.8027             -0.7659
              1EH5_A              44.600              -0.132                 279              0.7909             -0.9988             -0.7939
              1EUG_A               8.000              -0.491                 225              0.6459             -0.9048             -0.7439
              1EUU_A               9.800              -0.551                 601              0.2158             -0.5832             -0.5631
              1EX1_A               7.800              -0.658                 602              0.4172             -0.6748             -0.7226
              1EXN_A               5.800              -0.447                 267              0.2777             -0.6658             -0.5054
              1EXP_A               7.200              -0.340                 312              0.6625             -0.8261             -0.6908
              1EYP_A              31.600              -0.353                 212              0.3711             -0.9983             -0.3896
              1FF3_A              17.600              -0.532                 210              0.5572             -0.9869             -0.6213
              1FGH_A               7.600              -0.488                 753              0.7614             -0.8294             -0.8084
              1FHL_A               7.200              -0.372                 334              0.4876             -0.8089             -0.5854
              1FOA_A               7.000              -0.482                 342              0.5026             -0.7411             -0.6522
              1G24_A              41.400              -0.229                 210              0.5276             -0.9981             -0.5385
              1G6T_A               8.000              -0.550                 427              0.6743             -0.6993             -0.7619
              1G8O_A               8.600              -0.426                 287              0.5831             -0.9236             -0.6714
              1GA8_A              20.200              -0.249                 271              0.7391             -0.9846             -0.7570
              1GAL_A               5.800              -0.364                 581              0.6631             -0.6823             -0.6515
              1GCU_A              47.200              -0.550                 292              0.6738             -0.9976             -0.7005
              1GOG_A              27.200              -0.645                 639              0.5834             -0.9656             -0.6997
              1GP5_A               6.000              -0.447                 346              0.6951             -0.7629             -0.7380
              1GQ8_A               7.600              -0.651                 318              0.5455             -0.8067             -0.7624
              1H19_A               8.000              -0.538                 610              0.5453             -0.7709             -0.7075
              1H3I_A               7.200              -0.542                 293              0.3196             -0.6432             -0.5989
              1HKA_A              24.000              -0.397                 158              0.6108             -0.9955             -0.6377
              1HPL_A              33.800              -0.556                 449              0.6552             -0.9587             -0.7476
              1HPM_A               5.600              -0.429                 378              0.7460             -0.7316             -0.7408
              1HQC_A               4.600              -0.523                 314              0.2968             -0.3944             -0.5762
              1I1E_A              12.000              -0.707                1287              0.1793             -0.5022             -0.6918
              1I1I_P               8.600              -0.463                 665              0.5427             -0.7288             -0.6617
              1I9A_A               5.800              -0.283                 175              0.2911             -0.8490             -0.3902
              1IDJ_A               9.600              -0.522                 359              0.6426             -0.8431             -0.7568
              1IG8_A               7.600              -0.541                 469              0.4611             -0.6832             -0.6657
              1IM5_A               8.000              -0.483                 179              0.6147             -0.9350             -0.7099
              1INP_A               6.800              -0.344                 400              0.7479             -0.8350             -0.7501
              1IU4_A               7.800              -0.481                 331              0.5984             -0.7607             -0.7053
              1J00_A               3.000              -0.163                 176              0.6248             -0.6901             -0.5233
              1J09_A              50.000              -0.729                 468              0.2838             -0.9838             -0.4046
              1JH6_A               6.400              -0.468                 181              0.5560             -0.7512             -0.6746
              1JMS_A               7.000              -0.463                 360              0.5250             -0.6140             -0.6336
              1JOA_A               5.000              -0.362                 446              0.4096             -0.5316             -0.4971
              1JS4_A               7.400              -0.592                 605              0.5320             -0.5662             -0.7145
              1K30_A               6.800              -0.442                 363              0.5730             -0.7451             -0.6683
              1KL7_A              38.000              -0.262                 503              0.5380             -0.9982             -0.5501
              1KNP_A               4.400              -0.136                 529              0.6528             -0.7624             -0.5642
              1L1D_A              22.800              -0.353                 142              0.6765             -0.9976             -0.6931
              1L1L_A               8.000              -0.439                 717              0.6185             -0.7494             -0.6917
              1L6P_A              11.800              -0.602                 121              0.4605             -0.7907             -0.6914
              1L7N_A               8.200              -0.623                 207              0.4461             -0.8462             -0.6747
              1L7Q_A               9.200              -0.438                 571              0.6175             -0.7330             -0.6868
              1L8T_A              14.600              -0.423                 263              0.5517             -0.9470             -0.6357
              1L9X_A               7.800              -0.418                 288              0.6916             -0.9208             -0.7544
              1LBA_A              32.200              -0.237                 146              0.6944             -0.9990             -0.7013
              1LDM_A              49.400               0.304                 329              0.6650             -0.9958             -0.6413
              1LJL_A              33.800              -0.356                 130              0.7571             -0.9987             -0.7680
              1LVH_A              25.800              -0.494                 220              0.6506             -0.9685             -0.7234
              1M53_A               7.000              -0.427                 556              0.5123             -0.7699             -0.6282
              1MBB_A               9.400              -0.460                 340              0.6404             -0.8091             -0.7257
              1MJ9_A              18.000              -0.451                 273              0.7101             -0.9200             -0.7778
              1MLA_A               8.000              -0.331                 305              0.5971             -0.7855             -0.6336
              1MRQ_A               7.400              -0.387                 323              0.5819             -0.8493             -0.6606
              1MUD_A               6.800              -0.592                 225              0.2267             -0.6558             -0.5840
              1MUG_A              22.800              -0.097                 165              0.4797             -0.9978             -0.4843
              1NDH_A              13.000              -0.395                 270              0.5049             -0.9309             -0.5945
              1NDI_A               9.600              -0.264                 596              0.4976             -0.7688             -0.5292
              1NLU_A               7.600              -0.410                 368              0.7377             -0.9364             -0.7878
              1O8A_A               8.200              -0.424                 574              0.6149             -0.8389             -0.6978
              1O98_A               7.600              -0.610                 509              0.5696             -0.6898             -0.7558
              1OG1_A              17.800              -0.613                 223              0.4884             -0.9747             -0.5957
              1OGO_X              17.800              -0.478                 572              0.6703             -0.9565             -0.7446
              1OJ4_A               8.000              -0.569                 277              0.5950             -0.7894             -0.7504
              1ONR_A               4.800              -0.239                 316              0.7286             -0.7732             -0.6670
              1OPM_A              11.000              -0.406                 310              0.5256             -0.8317             -0.6289
              1OXA_A              10.200              -0.407                 403              0.7425             -0.8748             -0.7816
              1OYG_A               6.000              -0.551                 440              0.3787             -0.8081             -0.6063
              1P1X_A              11.200              -0.413                 250              0.7536             -0.9269             -0.8004
              1P3D_A               7.800              -0.286                 449              0.4804             -0.7662             -0.5295
              1P5D_X               7.800              -0.580                 454              0.3361             -0.7412             -0.6159
              1PA9_A               8.200              -0.467                 279              0.7062             -0.9026             -0.7798
              1PII_A               6.600              -0.582                 452              0.3673             -0.4782             -0.6507
              1PKN_A               5.400              -0.346                 514              0.3500             -0.6094             -0.4700
              1PMI_A               7.800              -0.673                 440              0.4780             -0.6421             -0.7600
              1PP4_A               7.600              -0.556                 233              0.6762             -0.8775             -0.7897
              1PS9_A              39.200              -0.488                 671              0.6429             -0.9878             -0.6933
              1PTD_A              14.000              -0.265                 296              0.6999             -0.9649             -0.7249
              1PUD_A               9.000              -0.403                 372              0.3225             -0.8472             -0.4756
              1PYL_A               5.600              -0.365                  95              0.6454             -0.8664             -0.6984
              1Q91_A               4.800              -0.206                 194              0.7608             -0.6945             -0.6244
              1QAM_A               9.800              -0.572                 235              0.5565             -0.6642             -0.7247
              1QAZ_A               8.600              -0.541                 351              0.6925             -0.9017             -0.7932
              1QBA_A               7.000              -0.497                 858              0.6519             -0.6499             -0.7102
              1QFM_A               7.800              -0.654                 705              0.5277             -0.7168             -0.7654
              1QGX_A               6.600              -0.514                 354              0.7445             -0.8054             -0.8031
              1QJE_A               7.400              -0.475                 327              0.6362             -0.8537             -0.7339
              1QK2_A              10.600              -0.396                 363              0.6318             -0.9521             -0.6954
              1QWN_A               8.400              -0.703                1014              0.7291             -0.7296             -0.8610
              1R1J_A               5.600              -0.529                 696              0.6009             -0.4663             -0.6542
              1R44_A               3.200              -0.402                 202              0.7426             -0.6105             -0.6666
              1R4Z_A              10.800              -0.509                 179              0.6521             -0.9832             -0.7116
              1RBN_A               6.400              -0.577                 124              0.6094             -0.7473             -0.7593
              1RDD_A              50.000               0.154                 155              0.5590             -0.9994             -0.5543
              1RU4_A               9.800              -0.543                 400              0.6272             -0.7775             -0.7539
              1S3I_A              36.600              -0.463                 307              0.5966             -0.9848             -0.6521
              1S95_A              11.800              -0.332                 324              0.2787             -0.9303             -0.3764
              1SCA_A              10.600              -0.312                 274              0.7014             -0.9713             -0.7341
              1SLL_A               6.400              -0.617                 679              0.4819             -0.5354             -0.7146
              1SML_A              42.600               0.195                 266              0.7662             -0.9981             -0.7571
              1SNZ_A               7.000              -0.487                 344              0.6172             -0.8396             -0.7262
              1TAH_B              12.000              -0.419                 318              0.4550             -0.9351             -0.5576
              1TLP_E               6.800              -0.599                 316              0.4364             -0.6690             -0.6925
              1U3F_A               2.400              -0.256                 164              0.6964             -0.4972             -0.5057
              1U5U_A              50.000               0.218                 366              0.6631             -0.9996             -0.6583
              1UAS_A               7.600              -0.530                 362              0.7192             -0.6965             -0.7651
              1UN1_A              13.400              -0.343                 267              0.6732             -0.9405             -0.7193
              1VID_A              10.200              -0.308                 213              0.6663             -0.9152             -0.7025
              1VLB_A               8.600              -0.461                 907              0.8188             -0.8381             -0.8306
              1VNC_A               6.000              -0.404                 576              0.6634             -0.7547             -0.6990
              1VQ1_A               6.400              -0.250                 263              0.0556             -0.6324             -0.2284
              1W0H_A               7.200              -0.524                 194              0.3727             -0.8170             -0.5849
              1XQW_A               4.400              -0.258                 290              0.7466             -0.8131             -0.7069
              1Y9M_A               8.200              -0.525                 517              0.6112             -0.7324             -0.7308
              1YON_A              10.000              -0.559                 292              0.3518             -0.7901             -0.5985
              1YSC_A               6.800              -0.314                 421              0.4506             -0.8587             -0.5305
              1ZE1_A               6.000              -0.259                 308              0.4089             -0.4848             -0.4048
              1ZIO_A               3.800              -0.549                 217              0.5779             -0.5627             -0.6959
              206L_A              14.400              -0.632                 162              0.5412             -0.8779             -0.7295
              2A0N_A               5.400              -0.425                 251              0.3059             -0.8323             -0.4790
              2ABK_A               6.600              -0.455                 211              0.5012             -0.5099             -0.5945
              2ACY_A              12.600              -0.563                  98              0.6079             -0.9456             -0.7201
              2AYH_A               6.400              -0.351                 214              0.5408             -0.8111             -0.6114
              2CPO_A               9.200              -0.379                 298              0.7757             -0.9214             -0.8078
              2CPU_A               8.000              -0.578                 495              0.5142             -0.6803             -0.7129
              2DLN_A              20.600              -0.109                 306              0.7792             -0.9683             -0.7716
              2EBN_A               9.200              -0.520                 285              0.6804             -0.8295             -0.7773
              2ENG_A              11.600              -0.615                 205              0.7116             -0.9528             -0.8093
              2F61_A               7.400              -0.328                 497              0.3323             -0.7131             -0.4540
              2F9R_A               6.200              -0.438                 285              0.6064             -0.8766             -0.6993
              2NLR_A               4.400              -0.199                 222              0.7507             -0.7544             -0.6527
              2NMT_A              12.200              -0.077                 422              0.5028             -0.9058             -0.4835
              2PEC_A               7.800              -0.560                 352              0.6285             -0.8342             -0.7645
              2PIA_A               6.800              -0.444                 321              0.5260             -0.7140             -0.6398
              2PTH_A               9.000              -0.396                 193              0.7516             -0.9492             -0.7955
              2SQC_A               6.000              -0.435                 623              0.7046             -0.6681             -0.7006
              2THI_A               7.200              -0.557                 362              0.4839             -0.7244             -0.6863
              2TPS_A              12.200              -0.504                 226              0.7439             -0.9616             -0.8078
              5EAT_A               8.000              -0.396                 532              0.5646             -0.7178             -0.6326
              7ATJ_A               7.000              -0.458                 305              0.6433             -0.7457             -0.7135
