                 pdb     free_param_best         sp_cor_best                nres
              132L_A              14.900              -0.585                 124
              13PK_A              16.400              -0.585                 415
              1A26_A              16.200              -0.708                 351
              1A2T_A              21.200              -0.734                 134
              1A4L_A              12.400              -0.596                 348
              1A65_A              14.900              -0.733                 504
              1A8H_A              17.500              -0.690                 500
              1A8S_A              38.600              -0.633                 273
              1AF7_A              18.200              -0.828                 274
              1AGM_A              18.900              -0.760                 470
              1AGY_A              19.700              -0.834                 197
              1AH7_A              17.200              -0.839                 245
              1AJ0_A              14.700              -0.595                 282
              1AK0_A              15.700              -0.718                 264
              1AKO_A              16.800              -0.837                 268
              1AMY_A              21.700              -0.567                 403
              1AQ2_A              17.400              -0.795                 534
              1AQL_A              16.800              -0.566                 532
              1AST_A              13.800              -0.492                 200
              1B04_A              17.500              -0.590                 310
              1B2R_A              13.700              -0.771                 295
              1BBS_A              16.100              -0.501                 331
              1BF2_A              23.300              -0.800                 750
              1BG0_A              20.500              -0.763                 356
              1BH2_A              16.000              -0.712                 315
              1BOL_A              16.500              -0.683                 222
              1BP2_A               6.500              -0.613                 123
              1BQC_A              31.800              -0.779                 302
              1BS0_A              10.700              -0.529                 383
              1BS4_A              14.200              -0.724                 168
              1BS9_A               9.200              -0.796                 207
              1BT1_A              18.500              -0.662                 336
              1BU7_A              14.800              -0.625                 455
              1BVV_A              11.600              -0.785                 185
              1BVZ_A              21.500              -0.673                 585
              1BWL_A              15.000              -0.666                 399
              1BWZ_A               7.900              -0.512                 274
              1BYA_A              17.000              -0.602                 491
              1BZC_A              10.500              -0.688                 297
              1C82_A              31.600              -0.792                 719
              1CA2_A              32.900              -0.868                 256
              1CB8_A              27.500              -0.809                 674
              1CBX_A              43.400              -0.430                 307
              1CDG_A              18.700              -0.689                 686
              1CEL_A              18.100              -0.695                 433
              1CHD_A              11.600              -0.757                 198
              1CHK_B              15.800              -0.418                 238
              1CM0_A              16.300              -0.804                 162
              1CNS_A              13.100              -0.750                 243
              1COY_A              14.700              -0.734                 501
              1CQQ_A              10.200              -0.619                 180
              1CVR_A              20.500              -0.870                 432
              1CWY_A              16.200              -0.739                 500
              1CZ1_A              15.000              -0.854                 394
              1CZF_A              15.400              -0.723                 335
              1D1Q_A              11.600              -0.759                 159
              1D4C_A              26.000              -0.746                 570
              1D6O_A              14.600              -0.624                 107
              1DDJ_A              14.600              -0.650                 247
              1DGK_N              25.100              -0.789                 898
              1DGS_A              22.000              -0.525                 581
              1DIN_A              25.100              -0.708                 232
              1DNP_A              20.700              -0.730                 469
              1DVE_A              17.700              -0.533                 214
              1E0C_A              15.700              -0.665                 270
              1E1A_A              11.300              -0.857                 312
              1E6E_A              14.800              -0.707                 457
              1EB6_A              20.700              -0.762                 177
              1EH5_A              28.000              -0.806                 279
              1EUG_A              14.500              -0.635                 225
              1EUU_A              16.700              -0.529                 601
              1EX1_A              16.000              -0.702                 602
              1EXN_A               8.900              -0.372                 267
              1EXP_A              28.200              -0.703                 312
              1EYP_A              11.200              -0.459                 212
              1FF3_A              13.800              -0.685                 210
              1FGH_A              23.600              -0.813                 753
              1FHL_A              22.400              -0.533                 334
              1FOA_A              19.700              -0.654                 342
              1G24_A              21.800              -0.594                 210
              1G6T_A              27.200              -0.739                 427
              1G8O_A              11.500              -0.605                 287
              1GA8_A              24.400              -0.807                 271
              1GAL_A              30.100              -0.737                 581
              1GCU_A              21.100              -0.795                 292
              1GOG_A              22.900              -0.723                 639
              1GP5_A              19.500              -0.763                 346
              1GQ8_A              15.100              -0.761                 318
              1H19_A              16.600              -0.682                 610
              1H3I_A              14.200              -0.592                 293
              1HKA_A              15.800              -0.659                 158
              1HPL_A              27.600              -0.807                 449
              1HPM_A              21.500              -0.816                 378
              1HQC_A              17.900              -0.383                 314
              1I1E_A              16.900              -0.711                1287
              1I1I_P              17.100              -0.662                 665
              1I9A_A               9.000              -0.375                 175
              1IDJ_A              20.000              -0.735                 359
              1IG8_A              15.400              -0.645                 469
              1IM5_A              12.500              -0.724                 179
              1INP_A              21.900              -0.794                 400
              1IU4_A              16.200              -0.700                 331
              1J00_A              35.600              -0.656                 176
              1J09_A              27.200              -0.566                 468
              1JH6_A              15.200              -0.567                 181
              1JMS_A              14.700              -0.646                 360
              1JOA_A              43.800              -0.456                 446
              1JS4_A              19.100              -0.641                 605
              1K30_A              13.600              -0.695                 363
              1KL7_A              23.400              -0.588                 503
              1KNP_A              44.600              -0.655                 529
              1L1D_A              12.600              -0.775                 142
              1L1L_A              16.500              -0.696                 717
              1L6P_A              13.700              -0.613                 121
              1L7N_A              11.800              -0.512                 207
              1L7Q_A              22.200              -0.735                 571
              1L8T_A              16.700              -0.647                 263
              1L9X_A              15.500              -0.742                 288
              1LBA_A              21.600              -0.707                 146
              1LDM_A              48.700              -0.715                 329
              1LJL_A              19.000              -0.777                 130
              1LVH_A              24.600              -0.732                 220
              1M53_A              12.500              -0.567                 556
              1MBB_A              16.700              -0.714                 340
              1MJ9_A              21.700              -0.796                 273
              1MLA_A              18.700              -0.665                 305
              1MRQ_A              14.600              -0.641                 323
              1MUD_A              12.000              -0.466                 225
              1MUG_A              17.900              -0.429                 165
              1NDH_A              15.100              -0.643                 270
              1NDI_A              18.700              -0.534                 596
              1NLU_A              18.300              -0.790                 368
              1O8A_A              20.200              -0.623                 574
              1O98_A              15.000              -0.640                 509
              1OG1_A              13.800              -0.589                 223
              1OGO_X              19.200              -0.758                 572
              1OJ4_A              15.000              -0.776                 277
              1ONR_A              24.700              -0.747                 316
              1OPM_A              16.100              -0.660                 310
              1OXA_A              22.300              -0.782                 403
              1OYG_A               7.600              -0.562                 440
              1P1X_A              19.000              -0.798                 250
              1P3D_A              17.500              -0.506                 449
              1P5D_X              13.100              -0.646                 454
              1PA9_A              15.800              -0.850                 279
              1PII_A              16.500              -0.550                 452
              1PKN_A              33.800              -0.251                 514
              1PMI_A              16.500              -0.726                 440
              1PP4_A              14.000              -0.782                 233
              1PS9_A              27.500              -0.756                 671
              1PTD_A              18.200              -0.722                 296
              1PUD_A              11.200              -0.485                 372
              1PYL_A              17.400              -0.788                  95
              1Q91_A              27.600              -0.717                 194
              1QAM_A              16.900              -0.723                 235
              1QAZ_A              15.800              -0.805                 351
              1QBA_A              19.100              -0.754                 858
              1QFM_A              16.900              -0.773                 705
              1QGX_A              21.700              -0.848                 354
              1QJE_A              14.400              -0.731                 327
              1QK2_A              14.400              -0.728                 363
              1QWN_A              21.200              -0.881                1014
              1R1J_A              16.600              -0.685                 696
              1R44_A              18.300              -0.728                 202
              1R4Z_A              14.500              -0.702                 179
              1RBN_A              13.400              -0.766                 124
              1RDD_A              36.000              -0.587                 155
              1RU4_A              19.700              -0.794                 400
              1S3I_A              28.200              -0.693                 307
              1S95_A              16.000              -0.294                 324
              1SCA_A              15.200              -0.695                 274
              1SLL_A              15.600              -0.739                 679
              1SML_A              40.500              -0.697                 266
              1SNZ_A              16.900              -0.695                 344
              1TAH_B              16.400              -0.352                 318
              1TLP_E              15.600              -0.554                 316
              1U3F_A              25.200              -0.714                 164
              1U5U_A              44.300              -0.693                 366
              1UAS_A              23.800              -0.800                 362
              1UN1_A              17.200              -0.760                 267
              1VID_A              17.700              -0.706                 213
              1VLB_A              21.300              -0.822                 907
              1VNC_A              19.100              -0.649                 576
              1VQ1_A              13.600              -0.292                 263
              1W0H_A              13.100              -0.455                 194
              1XQW_A              28.800              -0.779                 290
              1Y9M_A              19.100              -0.706                 517
              1YON_A              15.200              -0.560                 292
              1YSC_A               6.100              -0.453                 421
              1ZE1_A              50.000              -0.415                 308
              1ZIO_A              13.400              -0.663                 217
              206L_A              18.100              -0.511                 162
              2A0N_A               7.200              -0.399                 251
              2ABK_A              19.500              -0.570                 211
              2ACY_A              13.300              -0.634                  98
              2AYH_A              17.700              -0.716                 214
              2CPO_A              18.300              -0.822                 298
              2CPU_A              16.000              -0.546                 495
              2DLN_A              27.800              -0.809                 306
              2EBN_A              18.400              -0.814                 285
              2ENG_A              13.200              -0.828                 205
              2F61_A              16.700              -0.454                 497
              2F9R_A               9.900              -0.731                 285
              2NLR_A              23.300              -0.762                 222
              2NMT_A              43.300              -0.472                 422
              2PEC_A              15.900              -0.748                 352
              2PIA_A              18.000              -0.606                 321
              2PTH_A              17.200              -0.856                 193
              2SQC_A              27.100              -0.722                 623
              2THI_A              15.200              -0.659                 362
              2TPS_A              15.700              -0.756                 226
              5EAT_A              15.300              -0.644                 532
              7ATJ_A              24.600              -0.593                 305
