                 pdb     free_param_best         sp_cor_best                nres
              132L_A               9.700              -0.739                 124
              13PK_A              13.800              -0.663                 415
              1A26_A              12.300              -0.753                 351
              1A2T_A              18.100              -0.715                 134
              1A4L_A               6.800              -0.596                 348
              1A65_A              11.700              -0.713                 504
              1A8H_A              13.000              -0.716                 500
              1A8S_A              12.100              -0.583                 273
              1AF7_A              16.700              -0.803                 274
              1AGM_A              19.900              -0.743                 470
              1AGY_A              18.100              -0.785                 197
              1AH7_A              17.800              -0.824                 245
              1AJ0_A              16.700              -0.596                 282
              1AK0_A              19.100              -0.751                 264
              1AKO_A              10.400              -0.772                 268
              1AMY_A              15.300              -0.686                 403
              1AQ2_A              12.600              -0.772                 534
              1AQL_A              12.900              -0.666                 532
              1AST_A              10.700              -0.623                 200
              1B04_A              13.300              -0.576                 310
              1B2R_A              10.800              -0.768                 295
              1BBS_A              19.800              -0.677                 331
              1BF2_A              14.500              -0.763                 750
              1BG0_A              23.600              -0.745                 356
              1BH2_A              13.100              -0.662                 315
              1BOL_A              14.000              -0.666                 222
              1BP2_A              13.100              -0.676                 123
              1BQC_A              29.500              -0.795                 302
              1BS0_A              10.800              -0.594                 383
              1BS4_A              11.600              -0.777                 168
              1BS9_A               9.500              -0.711                 207
              1BT1_A              12.900              -0.693                 336
              1BU7_A              11.400              -0.624                 455
              1BVV_A              10.900              -0.758                 185
              1BVZ_A              18.700              -0.627                 585
              1BWL_A              15.800              -0.691                 399
              1BWZ_A               8.200              -0.533                 274
              1BYA_A              10.700              -0.649                 491
              1BZC_A              16.700              -0.679                 297
              1C82_A              19.700              -0.767                 719
              1CA2_A              30.000              -0.825                 256
              1CB8_A              27.500              -0.786                 674
              1CBX_A              10.300              -0.633                 307
              1CDG_A              11.400              -0.670                 686
              1CEL_A              15.500              -0.636                 433
              1CHD_A               9.800              -0.725                 198
              1CHK_B              11.700              -0.456                 238
              1CM0_A              14.600              -0.787                 162
              1CNS_A               9.200              -0.681                 243
              1COY_A               9.700              -0.726                 501
              1CQQ_A               8.300              -0.680                 180
              1CVR_A              18.300              -0.853                 432
              1CWY_A              14.200              -0.719                 500
              1CZ1_A              12.600              -0.823                 394
              1CZF_A              11.500              -0.678                 335
              1D1Q_A              10.300              -0.791                 159
              1D4C_A              23.400              -0.702                 570
              1D6O_A               8.200              -0.689                 107
              1DDJ_A               9.300              -0.735                 247
              1DGK_N              22.300              -0.791                 898
              1DGS_A              13.700              -0.583                 581
              1DIN_A              10.500              -0.753                 232
              1DNP_A              15.300              -0.697                 469
              1DVE_A              17.700              -0.588                 214
              1E0C_A              10.200              -0.693                 270
              1E1A_A              10.400              -0.834                 312
              1E6E_A              11.700              -0.707                 457
              1EB6_A              21.600              -0.775                 177
              1EH5_A              25.300              -0.791                 279
              1EUG_A              10.200              -0.744                 225
              1EUU_A              12.000              -0.560                 601
              1EX1_A              11.100              -0.716                 602
              1EXN_A               7.800              -0.508                 267
              1EXP_A              12.200              -0.695                 312
              1EYP_A              10.500              -0.486                 212
              1FF3_A              10.300              -0.703                 210
              1FGH_A              17.400              -0.808                 753
              1FHL_A               9.400              -0.585                 334
              1FOA_A              11.200              -0.649                 342
              1G24_A              24.000              -0.554                 210
              1G6T_A              17.900              -0.772                 427
              1G8O_A              10.800              -0.685                 287
              1GA8_A              19.000              -0.755                 271
              1GAL_A              27.200              -0.685                 581
              1GCU_A              17.100              -0.770                 292
              1GOG_A              18.200              -0.746                 639
              1GP5_A              15.600              -0.753                 346
              1GQ8_A              10.700              -0.759                 318
              1H19_A              12.200              -0.702                 610
              1H3I_A              10.100              -0.601                 293
              1HKA_A              13.600              -0.672                 158
              1HPL_A              24.300              -0.762                 449
              1HPM_A              16.700              -0.773                 378
              1HQC_A               6.800              -0.575                 314
              1I1E_A              15.100              -0.696                1287
              1I1I_P              15.000              -0.662                 665
              1I9A_A               7.100              -0.399                 175
              1IDJ_A              13.100              -0.752                 359
              1IG8_A              11.600              -0.666                 469
              1IM5_A              12.000              -0.714                 179
              1INP_A              18.000              -0.765                 400
              1IU4_A              15.000              -0.702                 331
              1J00_A              29.200              -0.629                 176
              1J09_A              13.300              -0.607                 468
              1JH6_A              11.500              -0.677                 181
              1JMS_A              12.900              -0.630                 360
              1JOA_A              10.500              -0.506                 446
              1JS4_A              13.900              -0.708                 605
              1K30_A              11.200              -0.673                 363
              1KL7_A              21.800              -0.570                 503
              1KNP_A              44.800              -0.642                 529
              1L1D_A              16.500              -0.707                 142
              1L1L_A              10.900              -0.697                 717
              1L6P_A              12.600              -0.698                 121
              1L7N_A               8.800              -0.692                 207
              1L7Q_A              23.100              -0.698                 571
              1L8T_A              12.000              -0.659                 263
              1L9X_A              10.600              -0.745                 288
              1LBA_A              18.300              -0.711                 146
              1LDM_A              49.900              -0.675                 329
              1LJL_A              18.500              -0.788                 130
              1LVH_A              21.500              -0.730                 220
              1M53_A              13.000              -0.621                 556
              1MBB_A              15.300              -0.722                 340
              1MJ9_A              19.400              -0.772                 273
              1MLA_A              12.300              -0.646                 305
              1MRQ_A              11.200              -0.656                 323
              1MUD_A               6.800              -0.606                 225
              1MUG_A              13.400              -0.504                 165
              1NDH_A              15.600              -0.594                 270
              1NDI_A              18.800              -0.538                 596
              1NLU_A              13.600              -0.776                 368
              1O8A_A              16.300              -0.693                 574
              1O98_A              14.100              -0.745                 509
              1OG1_A              10.400              -0.694                 223
              1OGO_X              17.000              -0.755                 572
              1OJ4_A              12.200              -0.759                 277
              1ONR_A              24.400              -0.736                 316
              1OPM_A              15.400              -0.626                 310
              1OXA_A              18.000              -0.783                 403
              1OYG_A              10.500              -0.597                 440
              1P1X_A              16.100              -0.794                 250
              1P3D_A              15.900              -0.539                 449
              1P5D_X              10.200              -0.624                 454
              1PA9_A               9.100              -0.779                 279
              1PII_A              11.700              -0.648                 452
              1PKN_A               9.900              -0.460                 514
              1PMI_A              13.500              -0.746                 440
              1PP4_A              10.200              -0.785                 233
              1PS9_A              25.000              -0.729                 671
              1PTD_A              16.900              -0.731                 296
              1PUD_A              11.500              -0.489                 372
              1PYL_A               6.500              -0.714                  95
              1Q91_A              25.200              -0.753                 194
              1QAM_A              15.100              -0.731                 235
              1QAZ_A              12.000              -0.783                 351
              1QBA_A              16.000              -0.724                 858
              1QFM_A              11.100              -0.755                 705
              1QGX_A              18.000              -0.810                 354
              1QJE_A              10.800              -0.732                 327
              1QK2_A              11.700              -0.702                 363
              1QWN_A              16.900              -0.852                1014
              1R1J_A              15.800              -0.672                 696
              1R44_A              20.700              -0.752                 202
              1R4Z_A              12.400              -0.720                 179
              1RBN_A              11.900              -0.742                 124
              1RDD_A              39.000              -0.589                 155
              1RU4_A              15.800              -0.740                 400
              1S3I_A              25.800              -0.675                 307
              1S95_A               8.900              -0.400                 324
              1SCA_A              17.100              -0.730                 274
              1SLL_A              12.000              -0.697                 679
              1SML_A              17.700              -0.742                 266
              1SNZ_A              11.600              -0.712                 344
              1TAH_B              10.200              -0.582                 318
              1TLP_E              12.600              -0.676                 316
              1U3F_A              21.400              -0.691                 164
              1U5U_A              46.000              -0.704                 366
              1UAS_A              21.200              -0.787                 362
              1UN1_A              16.000              -0.721                 267
              1VID_A              10.000              -0.711                 213
              1VLB_A              19.900              -0.840                 907
              1VNC_A              12.500              -0.704                 576
              1VQ1_A               8.400              -0.243                 263
              1W0H_A               9.600              -0.611                 194
              1XQW_A              28.800              -0.749                 290
              1Y9M_A              15.900              -0.729                 517
              1YON_A               9.800              -0.625                 292
              1YSC_A              12.300              -0.538                 421
              1ZE1_A              10.600              -0.429                 308
              1ZIO_A              10.400              -0.685                 217
              206L_A              14.800              -0.741                 162
              2A0N_A               6.200              -0.464                 251
              2ABK_A              16.000              -0.624                 211
              2ACY_A              10.000              -0.752                  98
              2AYH_A              11.500              -0.623                 214
              2CPO_A              14.800              -0.807                 298
              2CPU_A              13.000              -0.698                 495
              2DLN_A              27.000              -0.780                 306
              2EBN_A              15.500              -0.775                 285
              2ENG_A              11.100              -0.817                 205
              2F61_A              14.600              -0.457                 497
              2F9R_A              11.600              -0.685                 285
              2NLR_A              22.300              -0.757                 222
              2NMT_A              36.600              -0.501                 422
              2PEC_A              10.100              -0.767                 352
              2PIA_A               9.900              -0.640                 321
              2PTH_A              12.200              -0.792                 193
              2SQC_A              20.400              -0.727                 623
              2THI_A              10.900              -0.681                 362
              2TPS_A              13.000              -0.812                 226
              5EAT_A              14.300              -0.639                 532
              7ATJ_A              13.900              -0.721                 305
