                 pdb     free_param_best         sp_cor_best                nres
              132L_A               3.000              -0.740                 124
              13PK_A               3.800              -0.663                 415
              1A26_A               3.800              -0.742                 351
              1A2T_A              11.400              -0.717                 134
              1A4L_A               2.200              -0.592                 348
              1A65_A               3.800              -0.708                 504
              1A8H_A               4.000              -0.725                 500
              1A8S_A               5.000              -0.570                 273
              1AF7_A               5.200              -0.810                 274
              1AGM_A               5.400              -0.747                 470
              1AGY_A               2.800              -0.791                 197
              1AH7_A               5.000              -0.836                 245
              1AJ0_A               5.800              -0.590                 282
              1AK0_A               5.600              -0.753                 264
              1AKO_A               2.800              -0.776                 268
              1AMY_A               4.400              -0.697                 403
              1AQ2_A               4.000              -0.769                 534
              1AQL_A               3.600              -0.667                 532
              1AST_A               3.800              -0.628                 200
              1B04_A               3.400              -0.581                 310
              1B2R_A               2.800              -0.782                 295
              1BBS_A               6.000              -0.696                 331
              1BF2_A               6.000              -0.783                 750
              1BG0_A              12.800              -0.754                 356
              1BH2_A               3.400              -0.659                 315
              1BOL_A               4.200              -0.662                 222
              1BP2_A               4.800              -0.678                 123
              1BQC_A              48.200              -0.793                 302
              1BS0_A               2.600              -0.594                 383
              1BS4_A               4.200              -0.790                 168
              1BS9_A               1.800              -0.743                 207
              1BT1_A               5.000              -0.684                 336
              1BU7_A               3.000              -0.622                 455
              1BVV_A               4.000              -0.764                 185
              1BVZ_A               7.000              -0.633                 585
              1BWL_A               3.400              -0.704                 399
              1BWZ_A               1.800              -0.506                 274
              1BYA_A               2.800              -0.649                 491
              1BZC_A               3.800              -0.676                 297
              1C82_A               7.600              -0.792                 719
              1CA2_A              49.600              -0.824                 256
              1CB8_A              10.200              -0.799                 674
              1CBX_A               2.400              -0.641                 307
              1CDG_A               3.400              -0.681                 686
              1CEL_A               4.800              -0.641                 433
              1CHD_A               2.600              -0.737                 198
              1CHK_B               3.800              -0.437                 238
              1CM0_A              10.800              -0.788                 162
              1CNS_A               2.600              -0.698                 243
              1COY_A               2.400              -0.735                 501
              1CQQ_A               2.600              -0.684                 180
              1CVR_A               5.400              -0.865                 432
              1CWY_A               3.600              -0.722                 500
              1CZ1_A               3.200              -0.847                 394
              1CZF_A               4.000              -0.686                 335
              1D1Q_A               4.000              -0.780                 159
              1D4C_A              10.600              -0.710                 570
              1D6O_A               2.600              -0.672                 107
              1DDJ_A               3.400              -0.739                 247
              1DGK_N               6.600              -0.784                 898
              1DGS_A               3.800              -0.592                 581
              1DIN_A               2.800              -0.762                 232
              1DNP_A               5.200              -0.714                 469
              1DVE_A               7.200              -0.584                 214
              1E0C_A               2.800              -0.696                 270
              1E1A_A               3.000              -0.837                 312
              1E6E_A               3.200              -0.702                 457
              1EB6_A               7.000              -0.788                 177
              1EH5_A              49.200              -0.792                 279
              1EUG_A               3.000              -0.742                 225
              1EUU_A               3.400              -0.561                 601
              1EX1_A               3.000              -0.721                 602
              1EXN_A               2.200              -0.497                 267
              1EXP_A               5.000              -0.701                 312
              1EYP_A               2.400              -0.479                 212
              1FF3_A               2.800              -0.684                 210
              1FGH_A               4.600              -0.819                 753
              1FHL_A               3.000              -0.589                 334
              1FOA_A               3.200              -0.650                 342
              1G24_A              11.000              -0.555                 210
              1G6T_A               5.600              -0.781                 427
              1G8O_A               3.200              -0.666                 287
              1GA8_A              14.800              -0.757                 271
              1GAL_A              12.400              -0.695                 581
              1GCU_A               6.600              -0.781                 292
              1GOG_A               4.600              -0.767                 639
              1GP5_A               4.600              -0.763                 346
              1GQ8_A               2.800              -0.762                 318
              1H19_A               3.200              -0.708                 610
              1H3I_A               2.800              -0.597                 293
              1HKA_A               4.800              -0.673                 158
              1HPL_A              10.000              -0.781                 449
              1HPM_A               6.200              -0.789                 378
              1HQC_A               2.000              -0.578                 314
              1I1E_A               3.800              -0.698                1287
              1I1I_P               4.000              -0.667                 665
              1I9A_A               2.400              -0.388                 175
              1IDJ_A               4.600              -0.758                 359
              1IG8_A               3.000              -0.666                 469
              1IM5_A               2.200              -0.709                 179
              1INP_A               6.200              -0.769                 400
              1IU4_A               4.000              -0.713                 331
              1J00_A              49.800              -0.623                 176
              1J09_A               6.400              -0.638                 468
              1JH6_A               3.000              -0.676                 181
              1JMS_A               3.800              -0.645                 360
              1JOA_A               2.800              -0.506                 446
              1JS4_A               3.400              -0.719                 605
              1K30_A               3.600              -0.678                 363
              1KL7_A               9.200              -0.566                 503
              1KNP_A              50.000              -0.648                 529
              1L1D_A               4.400              -0.709                 142
              1L1L_A               4.200              -0.693                 717
              1L6P_A               3.400              -0.704                 121
              1L7N_A               1.800              -0.688                 207
              1L7Q_A               7.000              -0.704                 571
              1L8T_A               5.000              -0.645                 263
              1L9X_A               3.200              -0.757                 288
              1LBA_A              20.200              -0.709                 146
              1LDM_A              49.800              -0.636                 329
              1LJL_A              12.800              -0.776                 130
              1LVH_A               9.000              -0.749                 220
              1M53_A               3.000              -0.630                 556
              1MBB_A               5.000              -0.728                 340
              1MJ9_A              10.600              -0.779                 273
              1MLA_A               5.600              -0.649                 305
              1MRQ_A               3.400              -0.661                 323
              1MUD_A               2.200              -0.588                 225
              1MUG_A              32.000              -0.485                 165
              1NDH_A               5.000              -0.597                 270
              1NDI_A               6.200              -0.539                 596
              1NLU_A               3.400              -0.789                 368
              1O8A_A               4.000              -0.700                 574
              1O98_A               3.200              -0.758                 509
              1OG1_A               2.200              -0.697                 223
              1OGO_X               5.200              -0.755                 572
              1OJ4_A               3.400              -0.747                 277
              1ONR_A               9.600              -0.740                 316
              1OPM_A               5.000              -0.629                 310
              1OXA_A               6.000              -0.792                 403
              1OYG_A               1.800              -0.604                 440
              1P1X_A               6.400              -0.802                 250
              1P3D_A               5.000              -0.540                 449
              1P5D_X               2.400              -0.623                 454
              1PA9_A               3.400              -0.774                 279
              1PII_A               2.800              -0.653                 452
              1PKN_A               2.800              -0.470                 514
              1PMI_A               3.000              -0.761                 440
              1PP4_A               3.200              -0.792                 233
              1PS9_A               9.800              -0.736                 671
              1PTD_A               7.800              -0.722                 296
              1PUD_A               3.000              -0.477                 372
              1PYL_A               2.600              -0.698                  95
              1Q91_A              49.800              -0.761                 194
              1QAM_A               5.200              -0.731                 235
              1QAZ_A               3.400              -0.795                 351
              1QBA_A               4.600              -0.746                 858
              1QFM_A               3.000              -0.764                 705
              1QGX_A               5.600              -0.819                 354
              1QJE_A               3.400              -0.733                 327
              1QK2_A               4.400              -0.692                 363
              1QWN_A               4.400              -0.870                1014
              1R1J_A               4.400              -0.695                 696
              1R44_A              10.400              -0.761                 202
              1R4Z_A               2.600              -0.728                 179
              1RBN_A               3.400              -0.759                 124
              1RDD_A              42.200              -0.553                 155
              1RU4_A               5.000              -0.758                 400
              1S3I_A              12.800              -0.698                 307
              1S95_A               2.400              -0.396                 324
              1SCA_A               4.000              -0.736                 274
              1SLL_A               3.000              -0.722                 679
              1SML_A              50.000              -0.757                 266
              1SNZ_A               3.000              -0.728                 344
              1TAH_B               3.000              -0.575                 318
              1TLP_E               2.600              -0.699                 316
              1U3F_A              18.600              -0.700                 164
              1U5U_A              46.600              -0.658                 366
              1UAS_A               7.200              -0.802                 362
              1UN1_A               6.400              -0.717                 267
              1VID_A               6.400              -0.703                 213
              1VLB_A               5.800              -0.857                 907
              1VNC_A               5.000              -0.720                 576
              1VQ1_A               1.600              -0.231                 263
              1W0H_A               2.600              -0.577                 194
              1XQW_A              11.000              -0.760                 290
              1Y9M_A               4.400              -0.741                 517
              1YON_A               3.200              -0.606                 292
              1YSC_A               2.800              -0.526                 421
              1ZE1_A               4.000              -0.403                 308
              1ZIO_A               2.200              -0.731                 217
              206L_A               5.000              -0.742                 162
              2A0N_A               1.200              -0.500                 251
              2ABK_A               6.800              -0.629                 211
              2ACY_A               3.000              -0.753                  98
              2AYH_A               3.200              -0.607                 214
              2CPO_A               5.600              -0.810                 298
              2CPU_A               3.600              -0.715                 495
              2DLN_A              37.800              -0.780                 306
              2EBN_A               5.200              -0.781                 285
              2ENG_A               3.000              -0.835                 205
              2F61_A               3.000              -0.451                 497
              2F9R_A               2.800              -0.693                 285
              2NLR_A              15.200              -0.758                 222
              2NMT_A              50.000              -0.505                 422
              2PEC_A               3.400              -0.763                 352
              2PIA_A               3.600              -0.644                 321
              2PTH_A               4.400              -0.796                 193
              2SQC_A               8.400              -0.746                 623
              2THI_A               2.800              -0.686                 362
              2TPS_A               4.200              -0.813                 226
              5EAT_A               5.000              -0.648                 532
              7ATJ_A               4.800              -0.728                 305
