                 pdb     free_param_best         sp_cor_best                nres
              132L_A               8.000              -0.656                 124
              13PK_A              21.400              -0.714                 415
              1A26_A               9.000              -0.700                 351
              1A2T_A               5.800              -0.644                 134
              1A4L_A               8.000              -0.762                 348
              1A65_A               7.000              -0.654                 504
              1A8H_A               9.800              -0.359                 500
              1A8S_A              21.200              -0.543                 273
              1AF7_A              13.200              -0.699                 274
              1AGM_A               7.400              -0.624                 470
              1AGY_A               5.200              -0.719                 197
              1AH7_A              10.200              -0.708                 245
              1AJ0_A              42.200              -0.602                 282
              1AK0_A               8.800              -0.755                 264
              1AKO_A              10.400              -0.543                 268
              1AMY_A              12.000              -0.571                 403
              1AQ2_A              17.200              -0.735                 534
              1AQL_A               7.400              -0.598                 532
              1AST_A              11.400              -0.669                 200
              1B04_A               7.200              -0.517                 310
              1B2R_A              23.600              -0.665                 295
              1BBS_A               6.800              -0.667                 331
              1BF2_A              26.200              -0.552                 750
              1BG0_A              18.000              -0.723                 356
              1BH2_A              23.000              -0.660                 315
              1BOL_A               6.600              -0.650                 222
              1BP2_A               9.200              -0.717                 123
              1BQC_A              21.800              -0.681                 302
              1BS0_A               6.800              -0.582                 383
              1BS4_A               4.400              -0.610                 168
              1BS9_A               7.200              -0.618                 207
              1BT1_A               8.400              -0.633                 336
              1BU7_A               6.800              -0.497                 455
              1BVV_A              47.000              -0.556                 185
              1BVZ_A              10.000              -0.590                 585
              1BWL_A               8.400              -0.622                 399
              1BWZ_A              14.200              -0.685                 274
              1BYA_A               5.600              -0.636                 491
              1BZC_A              13.000              -0.694                 297
              1C82_A               8.600              -0.696                 719
              1CA2_A               6.800              -0.744                 256
              1CB8_A               8.800              -0.710                 674
              1CBX_A               4.600              -0.633                 307
              1CDG_A              10.200              -0.524                 686
              1CEL_A               7.600              -0.689                 433
              1CHD_A               4.400              -0.548                 198
              1CHK_B               8.400              -0.610                 238
              1CM0_A              35.800              -0.572                 162
              1CNS_A               6.800              -0.669                 243
              1COY_A               8.800              -0.632                 501
              1CQQ_A              48.000              -0.446                 180
              1CVR_A               9.000              -0.502                 432
              1CWY_A              13.600              -0.671                 500
              1CZ1_A              10.200              -0.749                 394
              1CZF_A               4.200              -0.606                 335
              1D1Q_A               7.200              -0.682                 159
              1D4C_A               8.400              -0.699                 570
              1D6O_A               6.400              -0.560                 107
              1DDJ_A               7.000              -0.700                 247
              1DGK_N               9.400              -0.587                 898
              1DGS_A               7.400              -0.484                 581
              1DIN_A               7.800              -0.639                 232
              1DNP_A              10.600              -0.695                 469
              1DVE_A              10.400              -0.697                 214
              1E0C_A               5.800              -0.638                 270
              1E1A_A               9.800              -0.598                 312
              1E6E_A              20.600              -0.755                 457
              1EB6_A               9.000              -0.662                 177
              1EH5_A               8.400              -0.739                 279
              1EUG_A               7.600              -0.712                 225
              1EUU_A              21.200              -0.491                 601
              1EX1_A              11.400              -0.614                 602
              1EXN_A              11.600              -0.407                 267
              1EXP_A              13.400              -0.663                 312
              1EYP_A              11.800              -0.476                 212
              1FF3_A               9.200              -0.517                 210
              1FGH_A              19.200              -0.762                 753
              1FHL_A              14.600              -0.656                 334
              1FOA_A              15.600              -0.766                 342
              1G24_A              11.200              -0.623                 210
              1G6T_A              18.800              -0.755                 427
              1G8O_A               6.800              -0.649                 287
              1GA8_A              28.600              -0.740                 271
              1GAL_A              21.000              -0.619                 581
              1GCU_A               8.800              -0.561                 292
              1GOG_A               6.400              -0.676                 639
              1GP5_A               5.800              -0.649                 346
              1GQ8_A               5.600              -0.605                 318
              1H19_A              12.000              -0.766                 610
              1H3I_A               5.800              -0.368                 293
              1HKA_A              41.600              -0.557                 158
              1HPL_A               6.600              -0.713                 449
              1HPM_A              24.400              -0.609                 378
              1HQC_A              16.600              -0.396                 314
              1I1E_A               6.000              -0.473                1287
              1I1I_P              48.200              -0.582                 665
              1I9A_A              10.800              -0.652                 175
              1IDJ_A               5.800              -0.631                 359
              1IG8_A              17.000              -0.721                 469
              1IM5_A               4.400              -0.679                 179
              1INP_A              12.600              -0.642                 400
              1IU4_A               5.800              -0.347                 331
              1J00_A              24.400              -0.565                 176
              1J09_A              19.800              -0.630                 468
              1JH6_A              19.400              -0.671                 181
              1JMS_A              10.600              -0.658                 360
              1JOA_A              13.400              -0.527                 446
              1JS4_A              12.200              -0.674                 605
              1K30_A              49.800              -0.602                 363
              1KL7_A              50.000              -0.787                 503
              1KNP_A               8.600              -0.631                 529
              1L1D_A               5.800              -0.681                 142
              1L1L_A              48.600              -0.713                 717
              1L6P_A               9.600              -0.509                 121
              1L7N_A               4.200              -0.692                 207
              1L7Q_A               7.000              -0.538                 571
              1L8T_A              14.600              -0.680                 263
              1L9X_A              19.000              -0.648                 288
              1LBA_A              26.600              -0.696                 146
              1LDM_A              20.600              -0.587                 329
              1LJL_A               4.200              -0.738                 130
              1LVH_A              16.400              -0.727                 220
              1M53_A              10.200              -0.702                 556
              1MBB_A              14.200              -0.753                 340
              1MJ9_A              35.600              -0.634                 273
              1MLA_A              13.000              -0.684                 305
              1MRQ_A               9.400              -0.610                 323
              1MUD_A              17.400              -0.583                 225
              1MUG_A              24.000              -0.671                 165
              1NDH_A              14.800              -0.573                 270
              1NDI_A               9.400              -0.709                 596
              1NLU_A               9.400              -0.661                 368
              1O8A_A               6.200              -0.687                 574
              1O98_A              25.400              -0.764                 509
              1OG1_A               5.000              -0.710                 223
              1OGO_X              17.000              -0.412                 572
              1OJ4_A              12.000              -0.765                 277
              1ONR_A              22.200              -0.813                 316
              1OPM_A               5.800              -0.483                 310
              1OXA_A               7.800              -0.457                 403
              1OYG_A              20.000              -0.691                 440
              1P1X_A              20.000              -0.687                 250
              1P3D_A              14.200              -0.682                 449
              1P5D_X              16.400              -0.718                 454
              1PA9_A              17.600              -0.609                 279
              1PII_A               8.200              -0.732                 452
              1PKN_A              19.000              -0.557                 514
              1PMI_A              24.400              -0.744                 440
              1PP4_A               5.600              -0.601                 233
              1PS9_A              12.200              -0.657                 671
              1PTD_A              22.600              -0.692                 296
              1PUD_A              12.600              -0.569                 372
              1PYL_A               5.000              -0.611                  95
              1Q91_A              17.200              -0.627                 194
              1QAM_A              16.400              -0.493                 235
              1QAZ_A               6.600              -0.298                 351
              1QBA_A               9.200              -0.659                 858
              1QFM_A               5.800              -0.652                 705
              1QGX_A              22.200              -0.739                 354
              1QJE_A               9.800              -0.582                 327
              1QK2_A               7.400              -0.674                 363
              1QWN_A              11.000              -0.662                1014
              1R1J_A               6.400              -0.631                 696
              1R44_A               9.800              -0.772                 202
              1R4Z_A               6.200              -0.628                 179
              1RBN_A               4.800              -0.678                 124
              1RDD_A               4.800              -0.562                 155
              1RU4_A               6.600              -0.573                 400
              1S3I_A              25.600              -0.627                 307
              1S95_A              15.200              -0.681                 324
              1SCA_A               5.200              -0.750                 274
              1SLL_A               5.000              -0.461                 679
              1SML_A               6.800              -0.561                 266
              1SNZ_A               5.800              -0.616                 344
              1TAH_B              14.800              -0.535                 318
              1TLP_E              15.000              -0.658                 316
              1U3F_A              23.600              -0.579                 164
              1U5U_A              17.800              -0.366                 366
              1UAS_A              15.600              -0.656                 362
              1UN1_A               5.800              -0.585                 267
              1VID_A               5.400              -0.621                 213
              1VLB_A               6.000              -0.596                 907
              1VNC_A               6.600              -0.567                 576
              1VQ1_A              12.000              -0.676                 263
              1W0H_A               8.800              -0.699                 194
              1XQW_A               6.200              -0.698                 290
              1Y9M_A              16.200              -0.694                 517
              1YON_A              15.400              -0.696                 292
              1YSC_A               7.000              -0.718                 421
              1ZE1_A              16.000              -0.533                 308
              1ZIO_A               7.200              -0.742                 217
              206L_A               9.400              -0.605                 162
              2A0N_A              49.800              -0.661                 251
              2ABK_A              17.400              -0.630                 211
              2ACY_A               8.000              -0.521                  98
              2AYH_A               9.600              -0.613                 214
              2CPO_A               9.200              -0.424                 298
              2CPU_A               8.000              -0.691                 495
              2DLN_A              17.200              -0.758                 306
              2EBN_A              43.800              -0.532                 285
              2ENG_A              11.200              -0.582                 205
              2F61_A              11.200              -0.674                 497
              2F9R_A              50.000              -0.610                 285
              2NLR_A              10.000              -0.509                 222
              2NMT_A               9.800              -0.558                 422
              2PEC_A              10.200              -0.540                 352
              2PIA_A               7.200              -0.718                 321
              2PTH_A              12.000              -0.487                 193
              2SQC_A               7.800              -0.654                 623
              2THI_A               8.200              -0.470                 362
              2TPS_A              25.200              -0.745                 226
              5EAT_A               4.400              -0.392                 532
              7ATJ_A               6.200              -0.705                 305
