                 pdb     free_param_best         sp_cor_best                nres
              132L_A               3.800              -0.664                 124
              13PK_A              13.000              -0.715                 415
              1A26_A               3.800              -0.706                 351
              1A2T_A               2.400              -0.646                 134
              1A4L_A               3.400              -0.764                 348
              1A65_A               2.800              -0.657                 504
              1A8H_A               4.400              -0.366                 500
              1A8S_A               9.600              -0.544                 273
              1AF7_A               6.400              -0.701                 274
              1AGM_A               3.000              -0.630                 470
              1AGY_A               1.800              -0.723                 197
              1AH7_A               4.600              -0.708                 245
              1AJ0_A              24.000              -0.602                 282
              1AK0_A               3.800              -0.758                 264
              1AKO_A               4.600              -0.543                 268
              1AMY_A               5.000              -0.574                 403
              1AQ2_A               8.800              -0.741                 534
              1AQL_A               2.800              -0.602                 532
              1AST_A               4.800              -0.671                 200
              1B04_A               4.400              -0.525                 310
              1B2R_A              10.800              -0.668                 295
              1BBS_A               2.800              -0.674                 331
              1BF2_A              11.600              -0.556                 750
              1BG0_A               8.800              -0.727                 356
              1BH2_A              14.600              -0.660                 315
              1BOL_A               2.800              -0.661                 222
              1BP2_A               3.400              -0.720                 123
              1BQC_A              21.200              -0.681                 302
              1BS0_A               3.800              -0.590                 383
              1BS4_A               2.000              -0.618                 168
              1BS9_A               3.000              -0.620                 207
              1BT1_A               3.600              -0.639                 336
              1BU7_A               2.800              -0.496                 455
              1BVV_A              19.400              -0.553                 185
              1BVZ_A               4.000              -0.590                 585
              1BWL_A               3.400              -0.622                 399
              1BWZ_A               6.400              -0.690                 274
              1BYA_A               2.400              -0.645                 491
              1BZC_A               6.000              -0.696                 297
              1C82_A               3.800              -0.698                 719
              1CA2_A               2.600              -0.747                 256
              1CB8_A               3.600              -0.713                 674
              1CBX_A               1.600              -0.645                 307
              1CDG_A               4.200              -0.529                 686
              1CEL_A               2.800              -0.703                 433
              1CHD_A               1.800              -0.540                 198
              1CHK_B               3.600              -0.608                 238
              1CM0_A              46.600              -0.566                 162
              1CNS_A               2.600              -0.670                 243
              1COY_A               4.200              -0.635                 501
              1CQQ_A              49.800              -0.440                 180
              1CVR_A               3.400              -0.504                 432
              1CWY_A               5.800              -0.681                 500
              1CZ1_A               5.000              -0.749                 394
              1CZF_A               1.600              -0.611                 335
              1D1Q_A               2.800              -0.682                 159
              1D4C_A               3.400              -0.699                 570
              1D6O_A               2.800              -0.559                 107
              1DDJ_A               4.200              -0.704                 247
              1DGK_N               3.600              -0.590                 898
              1DGS_A               4.600              -0.496                 581
              1DIN_A               3.600              -0.643                 232
              1DNP_A               4.600              -0.695                 469
              1DVE_A               3.600              -0.700                 214
              1E0C_A               2.200              -0.640                 270
              1E1A_A               4.800              -0.597                 312
              1E6E_A              10.600              -0.763                 457
              1EB6_A               4.400              -0.664                 177
              1EH5_A               3.400              -0.745                 279
              1EUG_A               3.400              -0.715                 225
              1EUU_A               9.200              -0.485                 601
              1EX1_A               4.200              -0.616                 602
              1EXN_A               4.000              -0.409                 267
              1EXP_A               6.000              -0.664                 312
              1EYP_A               5.200              -0.471                 212
              1FF3_A               3.600              -0.520                 210
              1FGH_A               9.600              -0.765                 753
              1FHL_A               6.600              -0.654                 334
              1FOA_A               7.200              -0.768                 342
              1G24_A               4.000              -0.630                 210
              1G6T_A               8.600              -0.758                 427
              1G8O_A               2.600              -0.650                 287
              1GA8_A              49.200              -0.740                 271
              1GAL_A              11.400              -0.622                 581
              1GCU_A               3.800              -0.566                 292
              1GOG_A               2.800              -0.679                 639
              1GP5_A               2.400              -0.659                 346
              1GQ8_A               2.200              -0.609                 318
              1H19_A               5.600              -0.775                 610
              1H3I_A               2.200              -0.372                 293
              1HKA_A              49.600              -0.552                 158
              1HPL_A               2.400              -0.722                 449
              1HPM_A              34.200              -0.605                 378
              1HQC_A               8.600              -0.395                 314
              1I1E_A               2.400              -0.466                1287
              1I1I_P              18.400              -0.583                 665
              1I9A_A               4.400              -0.652                 175
              1IDJ_A               2.400              -0.635                 359
              1IG8_A               8.600              -0.728                 469
              1IM5_A               1.600              -0.687                 179
              1INP_A               6.600              -0.641                 400
              1IU4_A               2.200              -0.347                 331
              1J00_A              48.200              -0.566                 176
              1J09_A               9.400              -0.637                 468
              1JH6_A              12.200              -0.675                 181
              1JMS_A               5.000              -0.665                 360
              1JOA_A               6.000              -0.529                 446
              1JS4_A               4.600              -0.684                 605
              1K30_A              48.200              -0.600                 363
              1KL7_A              49.600              -0.785                 503
              1KNP_A               3.200              -0.633                 529
              1L1D_A               2.200              -0.683                 142
              1L1L_A              36.200              -0.715                 717
              1L6P_A               3.000              -0.514                 121
              1L7N_A               1.400              -0.705                 207
              1L7Q_A               2.800              -0.539                 571
              1L8T_A               7.200              -0.683                 263
              1L9X_A              16.200              -0.648                 288
              1LBA_A               8.000              -0.695                 146
              1LDM_A              11.800              -0.590                 329
              1LJL_A               1.400              -0.747                 130
              1LVH_A              11.200              -0.732                 220
              1M53_A               4.600              -0.705                 556
              1MBB_A               7.000              -0.758                 340
              1MJ9_A              47.200              -0.634                 273
              1MLA_A               6.600              -0.689                 305
              1MRQ_A               3.400              -0.612                 323
              1MUD_A              11.200              -0.592                 225
              1MUG_A               2.600              -0.683                 165
              1NDH_A               5.000              -0.580                 270
              1NDI_A               3.800              -0.713                 596
              1NLU_A               4.200              -0.664                 368
              1O8A_A               2.400              -0.687                 574
              1O98_A              15.800              -0.766                 509
              1OG1_A               1.800              -0.723                 223
              1OGO_X               6.200              -0.414                 572
              1OJ4_A               5.400              -0.771                 277
              1ONR_A              12.200              -0.816                 316
              1OPM_A               3.000              -0.491                 310
              1OXA_A               3.400              -0.454                 403
              1OYG_A               9.600              -0.692                 440
              1P1X_A              21.400              -0.688                 250
              1P3D_A               6.000              -0.689                 449
              1P5D_X               8.600              -0.725                 454
              1PA9_A              14.600              -0.608                 279
              1PII_A               3.000              -0.733                 452
              1PKN_A               9.600              -0.564                 514
              1PMI_A              17.600              -0.750                 440
              1PP4_A               2.200              -0.610                 233
              1PS9_A               4.600              -0.661                 671
              1PTD_A              14.800              -0.693                 296
              1PUD_A               4.200              -0.573                 372
              1PYL_A               2.200              -0.612                  95
              1Q91_A               6.600              -0.634                 194
              1QAM_A              10.000              -0.496                 235
              1QAZ_A               2.600              -0.295                 351
              1QBA_A               3.800              -0.666                 858
              1QFM_A               2.400              -0.650                 705
              1QGX_A              15.000              -0.740                 354
              1QJE_A               4.400              -0.580                 327
              1QK2_A               3.000              -0.683                 363
              1QWN_A               4.600              -0.665                1014
              1R1J_A               2.600              -0.636                 696
              1R44_A               4.600              -0.775                 202
              1R4Z_A               2.600              -0.631                 179
              1RBN_A               2.200              -0.684                 124
              1RDD_A               1.600              -0.563                 155
              1RU4_A               2.600              -0.577                 400
              1S3I_A              23.200              -0.631                 307
              1S95_A               5.800              -0.686                 324
              1SCA_A               2.400              -0.753                 274
              1SLL_A               2.000              -0.471                 679
              1SML_A               2.600              -0.564                 266
              1SNZ_A               2.200              -0.613                 344
              1TAH_B               5.200              -0.536                 318
              1TLP_E               5.000              -0.669                 316
              1U3F_A              47.600              -0.580                 164
              1U5U_A              11.400              -0.367                 366
              1UAS_A               7.800              -0.661                 362
              1UN1_A               2.200              -0.590                 267
              1VID_A               2.400              -0.625                 213
              1VLB_A               2.200              -0.602                 907
              1VNC_A               2.800              -0.565                 576
              1VQ1_A               5.600              -0.687                 263
              1W0H_A               3.600              -0.708                 194
              1XQW_A               2.400              -0.699                 290
              1Y9M_A               7.400              -0.698                 517
              1YON_A               8.000              -0.697                 292
              1YSC_A               3.000              -0.723                 421
              1ZE1_A               7.600              -0.539                 308
              1ZIO_A               2.800              -0.753                 217
              206L_A               3.600              -0.609                 162
              2A0N_A              46.400              -0.649                 251
              2ABK_A              11.200              -0.634                 211
              2ACY_A               3.000              -0.522                  98
              2AYH_A               4.400              -0.614                 214
              2CPO_A               3.200              -0.426                 298
              2CPU_A               3.200              -0.694                 495
              2DLN_A              10.600              -0.760                 306
              2EBN_A              50.000              -0.529                 285
              2ENG_A               1.800              -0.595                 205
              2F61_A               4.200              -0.679                 497
              2F9R_A              49.800              -0.602                 285
              2NLR_A               4.600              -0.513                 222
              2NMT_A               3.800              -0.557                 422
              2PEC_A               4.800              -0.544                 352
              2PIA_A               3.400              -0.718                 321
              2PTH_A               4.600              -0.489                 193
              2SQC_A               3.400              -0.665                 623
              2THI_A               3.600              -0.470                 362
              2TPS_A              29.000              -0.746                 226
              5EAT_A               1.600              -0.397                 532
              7ATJ_A               2.200              -0.711                 305
