                 pdb     free_param_best         sp_cor_best                nres
              132L_A               6.400              -0.608                 124
              13PK_A              21.200              -0.682                 415
              1A26_A              10.200              -0.642                 351
              1A2T_A               8.200              -0.485                 134
              1A4L_A              11.800              -0.681                 348
              1A65_A               9.000              -0.618                 504
              1A8H_A               9.200              -0.290                 500
              1A8S_A              12.800              -0.510                 273
              1AF7_A              11.200              -0.646                 274
              1AGM_A               7.000              -0.546                 470
              1AGY_A               6.400              -0.650                 197
              1AH7_A               8.800              -0.672                 245
              1AJ0_A              38.800              -0.514                 282
              1AK0_A               7.600              -0.680                 264
              1AKO_A               6.600              -0.529                 268
              1AMY_A              13.200              -0.525                 403
              1AQ2_A              20.600              -0.676                 534
              1AQL_A               7.600              -0.567                 532
              1AST_A               8.400              -0.611                 200
              1B04_A               7.200              -0.449                 310
              1B2R_A              17.000              -0.633                 295
              1BBS_A               7.600              -0.591                 331
              1BF2_A              25.000              -0.529                 750
              1BG0_A              16.600              -0.686                 356
              1BH2_A              25.000              -0.626                 315
              1BOL_A               8.400              -0.531                 222
              1BP2_A               7.800              -0.624                 123
              1BQC_A              25.000              -0.620                 302
              1BS0_A              10.000              -0.524                 383
              1BS4_A              18.200              -0.568                 168
              1BS9_A               7.600              -0.557                 207
              1BT1_A              10.800              -0.577                 336
              1BU7_A               8.400              -0.435                 455
              1BVV_A              49.000              -0.446                 185
              1BVZ_A              10.200              -0.530                 585
              1BWL_A               9.000              -0.591                 399
              1BWZ_A              17.400              -0.616                 274
              1BYA_A               8.800              -0.533                 491
              1BZC_A              15.200              -0.656                 297
              1C82_A               9.200              -0.676                 719
              1CA2_A              12.200              -0.615                 256
              1CB8_A               9.600              -0.676                 674
              1CBX_A               6.800              -0.588                 307
              1CDG_A              11.800              -0.467                 686
              1CEL_A               8.200              -0.613                 433
              1CHD_A               5.800              -0.443                 198
              1CHK_B               9.400              -0.491                 238
              1CM0_A              45.200              -0.498                 162
              1CNS_A               6.400              -0.587                 243
              1COY_A              10.200              -0.594                 501
              1CQQ_A              44.800              -0.387                 180
              1CVR_A               9.400              -0.461                 432
              1CWY_A              11.000              -0.597                 500
              1CZ1_A              12.400              -0.692                 394
              1CZF_A               6.600              -0.458                 335
              1D1Q_A               7.800              -0.642                 159
              1D4C_A               9.400              -0.671                 570
              1D6O_A              16.400              -0.374                 107
              1DDJ_A               9.400              -0.655                 247
              1DGK_N              10.200              -0.533                 898
              1DGS_A              11.000              -0.406                 581
              1DIN_A               9.200              -0.607                 232
              1DNP_A              10.000              -0.652                 469
              1DVE_A               8.800              -0.600                 214
              1E0C_A               7.600              -0.611                 270
              1E1A_A               8.800              -0.578                 312
              1E6E_A              19.800              -0.718                 457
              1EB6_A              10.600              -0.544                 177
              1EH5_A               7.200              -0.677                 279
              1EUG_A               7.000              -0.644                 225
              1EUU_A              21.400              -0.485                 601
              1EX1_A              11.000              -0.566                 602
              1EXN_A              12.400              -0.355                 267
              1EXP_A              15.000              -0.569                 312
              1EYP_A               8.000              -0.426                 212
              1FF3_A               8.800              -0.477                 210
              1FGH_A              20.800              -0.730                 753
              1FHL_A              16.800              -0.564                 334
              1FOA_A              17.400              -0.695                 342
              1G24_A              11.400              -0.624                 210
              1G6T_A              18.400              -0.679                 427
              1G8O_A               8.200              -0.584                 287
              1GA8_A              32.400              -0.688                 271
              1GAL_A              21.200              -0.588                 581
              1GCU_A               9.200              -0.526                 292
              1GOG_A               8.800              -0.596                 639
              1GP5_A              10.000              -0.569                 346
              1GQ8_A               6.200              -0.533                 318
              1H19_A              48.600              -0.721                 610
              1H3I_A               8.000              -0.277                 293
              1HKA_A              43.800              -0.489                 158
              1HPL_A               9.000              -0.632                 449
              1HPM_A              29.200              -0.595                 378
              1HQC_A              20.000              -0.339                 314
              1I1E_A               7.200              -0.430                1287
              1I1I_P              50.000              -0.540                 665
              1I9A_A              12.200              -0.556                 175
              1IDJ_A               6.400              -0.617                 359
              1IG8_A              21.200              -0.658                 469
              1IM5_A               6.800              -0.535                 179
              1INP_A              14.200              -0.635                 400
              1IU4_A               7.400              -0.291                 331
              1J00_A              31.400              -0.430                 176
              1J09_A              23.800              -0.570                 468
              1JH6_A              19.400              -0.608                 181
              1JMS_A               8.800              -0.619                 360
              1JOA_A              14.600              -0.472                 446
              1JS4_A              14.400              -0.626                 605
              1K30_A              50.000              -0.565                 363
              1KL7_A              49.400              -0.741                 503
              1KNP_A               9.400              -0.588                 529
              1L1D_A               7.000              -0.607                 142
              1L1L_A              49.200              -0.686                 717
              1L6P_A              13.800              -0.344                 121
              1L7N_A               7.600              -0.619                 207
              1L7Q_A               7.800              -0.476                 571
              1L8T_A              15.600              -0.642                 263
              1L9X_A              15.600              -0.618                 288
              1LBA_A              21.000              -0.634                 146
              1LDM_A              30.000              -0.530                 329
              1LJL_A               9.800              -0.627                 130
              1LVH_A              15.400              -0.667                 220
              1M53_A              11.400              -0.665                 556
              1MBB_A              18.000              -0.686                 340
              1MJ9_A              24.800              -0.623                 273
              1MLA_A              12.600              -0.604                 305
              1MRQ_A               9.200              -0.559                 323
              1MUD_A              16.000              -0.504                 225
              1MUG_A              18.200              -0.595                 165
              1NDH_A              45.200              -0.513                 270
              1NDI_A               9.000              -0.641                 596
              1NLU_A              14.600              -0.629                 368
              1O8A_A               9.000              -0.570                 574
              1O98_A              31.400              -0.715                 509
              1OG1_A              10.800              -0.620                 223
              1OGO_X              13.600              -0.394                 572
              1OJ4_A              12.000              -0.695                 277
              1ONR_A              33.400              -0.755                 316
              1OPM_A               6.200              -0.460                 310
              1OXA_A               7.800              -0.432                 403
              1OYG_A              17.800              -0.680                 440
              1P1X_A              23.200              -0.613                 250
              1P3D_A              17.800              -0.620                 449
              1P5D_X              20.200              -0.675                 454
              1PA9_A              16.600              -0.592                 279
              1PII_A               8.400              -0.633                 452
              1PKN_A              34.800              -0.511                 514
              1PMI_A              31.400              -0.704                 440
              1PP4_A              10.200              -0.525                 233
              1PS9_A              13.000              -0.616                 671
              1PTD_A              17.600              -0.645                 296
              1PUD_A              11.400              -0.485                 372
              1PYL_A              10.200              -0.430                  95
              1Q91_A              16.200              -0.579                 194
              1QAM_A              15.000              -0.447                 235
              1QAZ_A               5.000              -0.316                 351
              1QBA_A               9.600              -0.609                 858
              1QFM_A               7.400              -0.562                 705
              1QGX_A              23.200              -0.692                 354
              1QJE_A              10.600              -0.541                 327
              1QK2_A               8.800              -0.594                 363
              1QWN_A              12.400              -0.625                1014
              1R1J_A               9.000              -0.546                 696
              1R44_A               9.800              -0.675                 202
              1R4Z_A               7.600              -0.536                 179
              1RBN_A               7.000              -0.575                 124
              1RDD_A               9.000              -0.427                 155
              1RU4_A               5.400              -0.594                 400
              1S3I_A              29.200              -0.587                 307
              1S95_A              10.800              -0.600                 324
              1SCA_A               9.200              -0.654                 274
              1SLL_A              22.400              -0.417                 679
              1SML_A               8.400              -0.491                 266
              1SNZ_A               7.800              -0.447                 344
              1TAH_B              17.600              -0.508                 318
              1TLP_E              16.200              -0.573                 316
              1U3F_A              15.400              -0.526                 164
              1U5U_A              19.200              -0.349                 366
              1UAS_A              16.200              -0.594                 362
              1UN1_A               7.800              -0.498                 267
              1VID_A              10.200              -0.535                 213
              1VLB_A               9.400              -0.532                 907
              1VNC_A               7.000              -0.541                 576
              1VQ1_A              13.600              -0.597                 263
              1W0H_A              10.000              -0.630                 194
              1XQW_A               8.600              -0.644                 290
              1Y9M_A              18.000              -0.652                 517
              1YON_A              15.400              -0.631                 292
              1YSC_A               8.400              -0.672                 421
              1ZE1_A              18.600              -0.468                 308
              1ZIO_A               8.800              -0.642                 217
              206L_A              10.200              -0.509                 162
              2A0N_A              48.600              -0.613                 251
              2ABK_A              17.200              -0.566                 211
              2ACY_A               8.200              -0.436                  98
              2AYH_A              10.600              -0.523                 214
              2CPO_A               9.600              -0.399                 298
              2CPU_A               9.800              -0.613                 495
              2DLN_A              18.600              -0.698                 306
              2EBN_A              48.200              -0.479                 285
              2ENG_A               5.000              -0.501                 205
              2F61_A              12.600              -0.620                 497
              2F9R_A              48.800              -0.547                 285
              2NLR_A              12.000              -0.462                 222
              2NMT_A               9.800              -0.500                 422
              2PEC_A               7.600              -0.534                 352
              2PIA_A              10.200              -0.640                 321
              2PTH_A              19.200              -0.436                 193
              2SQC_A              13.400              -0.624                 623
              2THI_A              11.800              -0.435                 362
              2TPS_A              32.800              -0.671                 226
              5EAT_A               7.200              -0.333                 532
              7ATJ_A               7.800              -0.612                 305
